0.0010082505
0.0010082505
0.002304598
0.0035105366
0.0017912064
0.00064363773
0.0014763013
0.0018572386
0.0005472616
0.002105462
0.0013805316
0.0014663279
0.0012427232
0.0015914949
0.0016858457
0.0015162372
0.0011981055
0.0010066082
0.0020976039
0.00090327486
0.0014273322
0.0024775923
0.0020888709
0.0017763386
0.0022805042
0.0016395375
0.0025859352
0.0017391364
0.00347697
0.0016786332
0.0014310471
0.00094603153
0.0022566498
0.0011290589
0.0009257373
0.0013841619
0.0016675685
0.001565796
0.0004242455
0.0005788247
0.0011429493
0.0020793087
0.0018416673
0.0020108884
0.00074184773
0.000952748
0.0016431888
0.002034088
0.0017418467
0.0014179111
0.0018463661
0.0019909795
0.0013922962
0.0024987885
0.001309083
0.0022980026
0.0020687846
0.0014728187
0.00092497177
0.0011411381
0.0017845645
0.0007668219
0.0025865985
0.0014914355
0.0012802342
0.001315493
0.0011282415
0.0010271401
0.002069282
0.0013508701
0.00074974407
0.002076814
0.0014006883
0.0021345976
0.0032490918
0.0022975772
0.002080065
0.0025565978
0.001896223
0.0014420302
0.0009418094
0.001482501
0.0010613217
0.0013035897
0.0015824278
0.00039417454
0.002487853
0.0030888168
0.0033257494
0.0010047033
0.0007113966
0.0010555092
0.0012898834
0.0026086927
0.0013521935
0.0011156532
0.00072392
0.00125916
0.0015712606
0.0006851634
0.00055347866
0.0022620829
0.0018152618
0.0019371682
0.0013627871
0.0023227162
0.0021551093
0.0024958262
0.0027120777
0.0025458648
0.0011094837
0.0014309698
0.001455419
0.0023075673
0.0019006149
0.0021267924
0.0028496408
0.0016406019
0.0024575754
0.0026928224
0.0018028144
0.002857148
0.0030187413
0.0013239381
0.0023577379
0.002283135
0.001576813
0.0015816127
0.002665527
0.0020962772
0.0014047344
0.0012217462
0.003005711
0.0024417473
0.0023583886
0.0012863894
0.0017117308
0.0017098224
0.0013160902
0.0010910986
0.0011786524
0.001831962
0.0015645631
0.0016077982
0.0016908405
0.0023875756
0.001552857
0.0011932255
0.0022742506
0.0017694023
0.0015254999
0.0013844753
0.000882398
0.0009849665
0.0014208027
0.0028409716
0.0014676906
0.0033336983
0.0014926099
0.0015311695
0.0011151496
0.0011319534
0.0017578106
0.0014728885
0.0020662954
0.0012316797
0.0026702478
0.0023661389
0.0012905139
0.0017774613
0.0010881121
0.0010240215
0.0018250828
0.0011867747
0.0013879506
0.0009284398
0.0014076987
0.0010587256
0.0011980282
0.0009611028
0.0019545357
0.0007076275
0.0010190321
0.0005097859
0.00063161366
0.0011751641
0.0019439575
0.0010162558
0.0011287313
0.0018760536
0.0013961128
0.00046806305
0.00084476906
0.0009024753
0.00090873905
0.00086130307
0.00071019743
0.0006580207
0.0010395608
0.00081471365
0.00082788465
0.0006642363
0.0004320229
0.0014173798
0.00094177446
0.00056522456
0.0015738503
0.001475104
0.00074668205
0.0011103835
0.0010245956
0.0013024958
0.0014684908
0.0012785954
0.001791212
0.0011387586
0.00094602513
0.0009439221
0.0020394817
0.0007984488
0.0016971177
0.001901286
0.0024639147
0.0018747621
0.0008654542
0.0022935257
0.0019472262
0.0030455373
0.0018261743
0.0013246145
0.0010342404
0.0017757139
0.001075811
0.0016314846
0.0011726513
0.0016507184
0.0012214859
0.0007528487
0.0010998534
0.0022179175
0.0009860883
0.0010358903
0.0009823408
0.0015186201
0.00095603045
0.0010308523
0.0014696177
0.0017101247
0.0019416425
0.0006570761
0.0013320836
0.00076397223
0.0016909892
0.0010122446
0.0019310147
0.0020759667
0.0011260452
0.0008602601
0.0015149951
0.0014961531
0.001583639
0.0012331393
0.0012869454
0.0018813931
0.0023030401
0.0020366476
0.0021177651
0.0018026105
0.002571794
0.001551264
0.0014210865
0.00055844476
0.000954079
0.0014610182
0.0024073452
0.002051138
0.0018953914
0.0015734035
0.0014792756
0.0010603992
0.0012175513
0.0015311531
0.0023330473
0.0015910146
0.0017189089
0.002682706
0.0038640774
0.0029752883
0.0022694825
0.0020745967
0.0011742635
0.00306306
0.0009100748
0.0006889697
0.00060178933
0.0017055258
0.0009502191
0.0011763946
0.0011088245
0.0019967742
0.0014976766
0.0030292266
0.0028959769
0.0023606392
0.0037994455
0.0024563584
0.0021512376
0.0030760495
0.0020223632
0.0026190127
0.0016069859
0.0012312655
0.0032251652
0.0015346468
0.0012795561
0.0029005986
0.003051675
0.005166399
0.002230886
0.0030765994
0.0036077553
0.0041672853
0.0024223397
0.0015476773
0.0024895493
0.0014621922
0.0022155896
0.0012835723
0.00054865953
0.0008071638
0.0008499122
0.0011287052
0.0031949037
0.0016318919
0.0041783093
0.0027340367
0.0024211067
0.0013605091
0.0026709586
0.0011885106
0.0023953123
0.002342012
0.0007672644
0.0012616127
0.0011026587
0.001772173
0.002950394
0.0013394301
0.0017799381
0.001504977
0.0028545582
0.0013008685
0.0016511123
0.0015449151
0.0034425913
0.0009420059
0.0023664304
0.0026712997
0.0038260831
0.0014968062
0.002168362
0.0024798822
0.0017683145
0.0020461583
0.002070262
0.0016145174
0.0012029588
0.002697438
0.001888993
0.0019426846
0.003701643
0.0016822445
0.0029064396
0.0036218264
0.0019034594
0.0026145335
0.0020659063
0.0037920005
0.0022309457
0.0015116782
0.0036422536
0.0032412
0.0037914305
0.0027306448
0.005034385
0.003084268
0.003147381
0.005341233
0.004335117
0.004204228
0.0048238686
0.005395489
0.004879234
0.003709476
0.0023863767
0.002201457
0.0012334071
0.0018066252
0.0031044118
0.0017471943
0.002458031
0.0013971376
0.001362834
0.0014574989
0.0006941762
0.0018644345
0.0017067441
0.0013782446
0.0010882597
0.00038825395
0.0016674333
0.0009917312
0.0014025817
0.0008336331
0.0011452452
0.0012893615
0.000946732
0.001182281
0.0009268306
0.0014888562
0.0013273092
0.0018156208
0.0026092278
0.002926254
0.0010524864
0.001068038
0.0020286853
0.0029782853
0.0020330793
0.003906263
0.001574375
0.002247781
0.003794441
0.00324258
0.0021827389
0.0024084854
0.0023345733
0.00186621
0.0016739271
0.0023190342
0.002738259
0.0027984048
0.0025439437
0.003088857
0.0031247155
0.0027947237
0.0024553123
0.0022461137
0.002161177
0.001881443
0.0016083715
0.0016690512
0.0026373416
0.0016936897
0.0012299903
0.0018265401
0.0016268588
0.0017029549
0.0022714057
0.0037178444
0.0028658244
0.0031342562
0.0038442677
0.0035728929
0.0027628604
0.0024632341
0.0033408091
0.0037582163
0.004858451
0.0040531913
0.0027201173
0.0019202689
0.0023804728
0.0024488596
0.0028822513
0.002867957
0.003455332
0.004291825
0.0054946346
0.006961732
0.0064400597
0.006422163
0.0040469635
0.0051348936
0.0034754723
0.0043721506
0.005356261
0.0055482225
0.0056152865
0.0044845925
0.0049443864
0.004558651
0.0024323086
0.0034037805
0.002268819
0.002112657
0.0018475412
0.0060886964
0.004782036
0.0045404676
0.0040884656
0.0029352952
0.0024331233
0.0042338464
0.0031190123
0.004232808
0.007510738
0.0041590943
0.0048495126
0.0043495037
0.0046085576
0.003749554
0.0034782314
0.0030617819
0.0028637345
0.002827833
0.00080155395
0.0013472263
0.0015938247
0.0024585337
0.0031255297
0.00078626175
0.00067475485
0.0014768828
0.0012888504
0.0013098154
0.0014625583
0.002168786
0.0014893046
0.0012597719
0.0011559214
0.0018581809
0.0010491216
0.0010860957
0.0014643008
0.0009555998
0.00028603856
0.0017988712
0.0010118745
0.00078428927
0.00075215945
0.0008451812
0.0004348079
0.0008652869
0.00039546227
0.00039364817
0.0009913285
0.0003968323
0.00035323622
0.0010840426
0.00045889785
0.0011768024
0.0004281759
0.000685926
0.0012156863
0.0007819691
0.0016721586
0.0012617923
0.001975441
0.002028675
0.0005245242
0.0010130082
0.00096180197
0.0009237359
0.0006802324
0.0011707628
0.00082414073
0.0025591596
0.0014623186
0.00056336424
0.00069577777
0.00059227285
0.00068043027
0.0010062612
0.0005423875
0.0011591073
0.0010496048
0.001756135
0.0020182203
0.0006825174
0.0010526248
0.00035019958
0.00096199976
0.0013563227
0.0011338565
0.0018898745
0.0010059993
0.0021405658
0.001395011
0.001389986
0.001838763
0.0015369004
0.0014080737
0.00091150124
0.0014846231
0.0005953049
0.001150389
0.002837808
0.0014871904
0.0013476936
0.0008254765
0.001281967
0.001104573
0.002054855
0.002202453
0.0019692641
0.001616457
0.0012951089
0.00088592514
0.0025406112
0.001682436
0.003119482
0.0030789515
0.00173763
0.0019106292
0.0014013863
0.0016960562
0.001179061
0.00246703
0.0011949516
0.0012741195
0.001327098
0.001328431
0.0012103324
0.0014552618
0.0017591796
0.0010262319
0.0025113223
0.0012104373
0.0017084661
0.002458655
0.0016209744
0.00096973474
0.0013194141
0.0011071977
0.0015569887
0.001192096
0.00174054
0.0013502857
0.0015523557
0.0009869514
0.0011671821
0.0008252894
0.0010186156
0.0011804559
0.0015047034
0.0009627807
0.0009979296
0.0013356509
0.0008167395
0.0017964316
0.00066930155
0.0014130869
0.001654934
0.0020997003
0.0024140277
0.002485722
0.0011283149
0.0026685158
0.0018536784
0.001529346
0.0007870529
0.0011762836
0.00097133685
0.002293313
0.0020575642
0.002116372
0.00391961
0.001445137
0.0017121285
0.0012255005
0.0036878646
0.0033241692
0.00326006
0.0036105602
0.0023995938
0.0028999324
0.0050485483
0.0042379634
0.0020742728
0.0040308847
0.0026000016
0.003028685
0.0029730138
0.0009912469
0.0010609378
0.0016391134
0.00078530284
0.0020396502
0.0011851632
0.0022548505
0.0018564521
0.0035779118
0.0021164985
0.002215847
0.0032988572
0.0025900293
0.003279736
0.0020605372
0.0024096787
0.0010136976
0.0003681879
0.00075448805
0.0020355247
0.0029192944
0.0026632263
0.0023234524
0.0010599768
0.000908023
0.00077199965
0.0013386504
0.0013567413
0.0028875885
0.0018185275
0.0014845609
0.0018558959
0.0030150388
0.0030711486
0.0017124654
0.0013021923
0.0022252197
0.0018574544
0.0027505532
0.0039335378
0.0026732704
0.0013382611
0.0019162958
0.0021134277
0.0018796988
0.000629362
0.0016123365
0.001010372
0.0015562279
0.002066973
0.0028550893
0.0018795198
0.0035148005
0.0017854045
0.0018512183
0.0010606874
0.0011057301
0.0022549299
0.0005599426
0.0010924465
0.00064709596
0.0009484979
0.0024103746
0.0018977139
0.0018481021
0.0011521821
0.0033673525
0.0013746483
0.0019507189
0.0026557858
0.002306518
0.0016378668
0.0023076038
0.0025797293
0.0011834905
0.0013884763
0.0015270308
0.0033999803
0.002205098
0.0019637845
0.0019416581
0.0022796607
0.0021593992
0.001958974
0.00285809
0.0010729171
0.0036791249
0.001716041
0.0037611164
0.0024865507
0.0017765949
0.0014642964
0.0020534522
0.0014528754
0.0020447208
0.0010198317
0.0014081489
0.0010462338
0.002483532
0.0013661168
0.00061134587
0.0015894037
0.00074040436
0.0014898217
0.0017613389
0.00081332086
0.002870735
0.0014286976
0.0013379985
0.0014118978
0.00049829157
0.0013443533
0.0012102013
0.0006947109
0.0010686315
0.000879977
0.0017523636
0.0015008633
0.0013527272
0.00065276586
0.00078530004
0.00046565692
0.00068908324
0.000849225
0.0017520786
0.00070806924
0.0015413144
0.00092301844
0.0006112294
0.0029144005
0.000948827
0.0021271608
0.0017759826
0.0005059015
0.0005535011
0.0013957515
0.003242842
0.0010983485
0.0015385792
0.0011423691
0.00062459434
0.0018254626
0.00038930547
0.00070226233
0.0011554131
0.0019071812
0.0011850384
0.00029492239
0.00042047718
0.00044438167
0.0012962
0.0006701404
0.0010467331
0.0007634436
0.00091554795
0.0009183526
0.00021300103
0.0004371914
0.00010135937
0.0014020067
0.00095056905
0.0008701999
0.0005806627
0.0011508466
0.00047135417
0.0009017704
0.0009573839
0.00048558816
0.00089542917
0.00047002273
0.0009867878
0.0016520384
0.0015546113
0.0007925234
0.0016924641
0.0015019033
0.000519587
0.0012215397
0.0008828357
0.00068846013
0.0009985266
0.0012795512
0.0012753952
0.0017663091
0.00088266947
0.0014292535
0.0007242593
0.00023732033
0.00043511833
0.0006239913
0.00062614
0.0013077551
0.0015981427
0.0027721515
0.0028315568
0.0019813157
0.0018225755
0.0010724942
0.0013944261
0.0010878267
0.00083382404
0.0024408223
0.0034382208
0.0014644488
0.0010597449
0.0028932542
0.000337985
0.0019621374
0.0025057627
0.0010645485
0.0007560076
0.0020961533
0.0006445294
0.0009302768
0.001851795
0.0012443697
0.0009547324
0.0016987263
0.0009928292
0.0015834688
0.0009036957
0.0005758507
0.0037773685
0.0023006878
0.002183255
0.001995538
0.001242392
0.002431274
0.0013491176
0.0008015698
0.0023141014
0.0042467583
0.0011816121
0.0029917785
0.0015160199
0.0018731996
0.0028182212
0.0023564298
0.0009801218
0.0015615653
0.0020824843
0.0011100995
0.002500978
0.0013382577
0.0039801174
0.003917221
0.0019721119
0.0029519005
0.0014524196
0.002036897
0.0025517324
0.0018629038
0.00086018606
0.0012677424
0.0022868293
0.0016069355
0.0024655173
0.0018671323
0.0019055137
0.0030079265
0.001940673
0.0026713624
0.0020125753
0.004517915
0.0059328564
0.0018697409
0.0044329236
0.0020480144
0.0013849823
0.0011364821
0.0004462615
0.00051120826
0.0026441277
0.003880788
0.0021698463
0.0031114588
0.0024377834
0.0024549537
0.001726649
0.0018822281
0.0033330107
0.002182195
0.0023626357
0.0014258004
0.0010662271
0.0016971041
0.0039795437
0.0045271334
0.0023890764
0.0022013541
0.0032680393
0.0041570854
0.004116653
0.0012463992
0.0039638
0.0029527969
0.0021194546
0.0038324478
0.0035076514
0.0010998321
0.0022737237
0.0025986396
0.0027073934
0.0037264135
0.0012157423
0.0053788633
0.003090784
0.0019787932
0.0012454342
0.0022762707
0.004219498
0.0016311628
0.0016495775
0.00096058485
0.0017997699
0.0022618352
0.0068782317
0.0026057786
0.0025960675
0.002565458
0.0027569525
0.001018393
0.0028672584
0.0020089399
0.0014534311
0.00054566213
0.0010682225
0.00093576347
0.0007576708
0.0004269319
0.0014586741
0.00067189214
0.00025710912
0.0011413959
0.0016075777
0.0010788692
0.001210131
0.0021954596
0.00022972313
0.00078396784
0.00078437384
0.0006575144
0.0009034857
2.9059287e-05
0.0012713404
0.0013440697
0.0009771471
0.00106904
0.0004003847
0.0011802982
0.00091299205
0.0018148469
0.0004958267
0.0007057886
0.0002902387
0.0008134524
0.0006394913
0.0006631001
0.00075918215
0.0009775477
0.00036988984
0.00024115857
0.00097038073
0.00023771463
0.00061457703
0.0014719588
0.00039825606
0.00075809465
0.00079012953
0.00095596793
0.001429658
0.00028096832
0.00075212185
0.00116593
0.0011590694
0.0017794669
0.0009078772
0.0022198341
0.0021202164
0.0015487989
0.00033009727
0.000667314
0.0011588843
0.002533541
0.0011952376
0.0013117378
0.0006315042
0.00042679743
0.0015046829
0.0012436933
0.0017192088
0.00017162376
0.00092952326
0.0007128549
0.0005724692
0.0009164321
0.00042728486
0.00078473444
0.0020598199
0.00069407123
0.00017951398
0.0020590744
0.00065884064
0.00040968793
0.0014821003
0.0006614646
0.00064507633
0.0012341975
0.00082784053
0.00092927483
0.0014738867
0.001986299
0.0024855852
0.0018989551
0.0020052514
0.0012909472
0.0015429195
0.0021549542
0.0022579213
0.0017340637
0.0023551967
0.00068515824
0.0009231586
0.0015339318
0.0016061378
0.0016893762
0.0017472298
0.0007637816
0.0017746503
0.00048565568
0.0017212766
0.0011826735
0.003216726
0.0020037834
0.0029037304
0.0018582419
0.0026419507
0.001519251
0.0021324942
0.0009345503
0.0025154636
0.000981797
0.0017243064
0.0017286979
0.0027542568
0.0035341207
0.0017119204
0.0021307985
0.003431642
0.0019133589
0.0025675546
0.0007202875
0.00021249767
0.0007626374
0.0009320263
0.0019655607
0.0010962131
0.0018501717
0.00064986985
0.00033364637
0.0015133293
0.001735588
0.0008742536
0.0015946435
0.00092397735
0.0013452949
0.001743656
0.0016969279
0.0014179809
0.0013501102
0.0013595864
0.001192716
0.0017073558
0.0012461087
0.0016995393
0.0015561304
0.0017249119
0.0006663204
0.0011874025
0.0026508602
0.0014937565
0.002393134
0.0028044751
0.0015167621
0.0020715955
0.00082882727
0.0011352961
0.0014681331
0.00048051635
0.0016030108
0.00047592656
0.00045617594
0.001057169
0.001180737
0.0018564179
0.0030106958
0.0015609976
0.0011200933
0.00201374
0.0014788643
0.0012894251
0.0002631293
0.0013548714
0.0025709083
0.0007147233
0.0020321482
0.0032348325
0.0019109948
0.0021252683
0.00233832
0.0016074915
0.00074820017
0.0006652633
0.0026318086
0.00055393274
0.00029583223
0.00049025135
0.00026703707
0.0008743617
0.00086941244
0.00037377753
0.0007234536
0.00038794638
0.0005054821
0.00040432217
0.0011911049
0.0016233184
0.00096695777
0.0009437775
0.00056227634
0.0014429295
0.0023218011
0.0008475783
0.002416004
0.0014314846
0.0013967933
0.0010771889
0.0009360096
0.0006114062
0.00073752913
0.0010270192
0.0006984184
0.0008765288
0.0015420305
0.00085222104
0.0009980713
0.00046155078
0.0010929594
0.00096002675
0.0011415641
0.00028782483
0.0012203609
0.0005763798
0.00072230486
0.0
0.0008626458
0.0006860967
0.0009100317
0.001123836
0.00043472863
0.0001522079
0.00077558414
0.00094933854
0.0013493176
0.0023165003
0.0016853485
0.001965727
0.001370903
0.00056661677
0.0005035434
0.00074073375
0.0029770432
0.0012963435
0.0012167782
0.0012915654
0.0015094737
0.000776124
0.0025044272
0.0023562554
0.0015672735
0.0018114881
0.0023709312
0.0012861752
0.000700896
0.0017551889
0.0018575347
0.0012127861
0.0012848116
0.0016114459
0.0006889393
0.0010945438
0.0006770667
0.00048688357
0.00047577842
0.00060045585
0.0014016725
0.0014379434
0.0024349778
0.0014887
0.00259127
0.0013370054
0.0012185327
0.0007969012
0.0005977548
0.0009334439
0.0011901463
0.00054757996
0.0018980827
0.0020108044
0.00042221212
0.0011789087
0.000980445
0.0010910117
0.000899813
0.0006857497
0.0006478966
0.00066576496
0.0007131959
0.0011396911
0.0019051714
0.0008871991
0.0008623451
0.00084094645
0.0019884894
0.0019363204
0.00094849523
0.002609464
0.0026298882
0.0011690349
0.0024492904
0.0013184242
0.0027246405
0.0012765838
0.0015878858
0.0017367802
0.0015812194
0.001247127
0.001319146
0.0013012579
0.0028138852
0.00086891814
0.0012197555
0.0017616367
0.0010000417
0.0017074156
0.0029478746
0.0016447442
0.0003089229
0.0024874
0.00040882453
0.0011664303
0.0014559465
0.00039202574
0.0024219798
0.0016011287
0.0009547486
0.00034263777
0.00024141399
0.0007675436
0.0009795103
0.00047523278
0.001094524
0.00026287092
0.0012504527
0.00064410135
0.00052292156
0.0009489113
0.00043135253
0.0011548143
0.0009868363
0.0018011245
0.0014282772
0.0006533602
0.0014717835
0.00047681347
0.0010514155
0.001320524
0.0014162015
0.0024210908
0.0015402673
0.00284526
0.0008028693
0.0009980431
0.0009829656
0.0009861464
0.0013629688
0.0015576781
0.00048561516
0.0013845029
0.0011423731
0.00073899236
0.001525144
0.000992341
0.0010594364
0.0010771473
0.0014364928
0.001094313
0.0005735042
0.0016853525
0.00024029215
0.0009849137
0.002312895
0.0006789117
0.001475203
0.00093012187
0.001218776
0.0016961572
0.0014168439
0.00079089846
0.001126075
0.00063008384
0.0008107795
0.00027529744
9.392861e-05
0.0009064913
0.00083831185
0.0008366398
0.00039969478
0.00045917445
0.00014861899
0.0013765639
0.0007032467
0.00023475829
0.0006740605
0.0010559275
0.0010308917
0.0011792389
0.0030664154
0.0020690279
0.0024015815
0.00081807247
0.0019390641
0.0015604368
0.0009692048
0.0012975137
0.0019221138
0.0013339461
0.0011710944
0.0013315466
0.0020577011
0.0021448457
0.0012750254
0.0007257691
0.0010135501
0.0008171081
0.0008386442
0.0013253683
0.0015674123
0.0019054238
0.0022212204
0.0015073814
0.0015130474
0.001160002
0.0009888856
0.00069543946
0.0011555778
0.0007361763
0.0010009815
0.0015410932
0.00089358015
0.0008886887
0.0016019266
0.0006184845
0.0012044832
0.00097388437
0.0014196656
0.0016548233
0.0029383749
0.0023181133
0.0014253308
0.0016104412
0.0015556396
0.0017858958
0.0025080056
0.0016687497
0.0012567942
0.0011922548
0.0013868373
0.0007393907
0.0008728672
0.00056797446
0.0004042238
0.00015373099
0.00045761286
0.0014066449
0.0010014665
0.00067319284
0.0016935995
0.0018722266
0.002536344
0.0030500183
0.00066549354
0.0012606689
0.001387361
0.002950756
0.0018282284
0.001896838
0.0026101947
0.001908208
0.0009455888
0.0009923651
0.0016336162
0.0014844042
0.0011110834
0.0012467164
0.0021087455
0.0021937059
0.0016599696
0.0018066869
0.001737332
0.0009953803
0.0006213235
0.0015895057
0.00081952405
0.0010824522
0.0005775492
0.000733878
0.0018517703
0.0008246396
0.001987966
0.0023379612
0.0024833262
0.0016577614
0.00096331176
0.0013205198
0.0016787323
0.001120351
0.0024551044
0.0016829876
0.0030447196
0.0019839343
0.0023366332
0.0012777273
0.0028588877
0.003012536
0.0023196114
0.005217746
0.002393882
0.003361123
0.0035719327
0.003046382
0.003430732
0.0019131924
0.0017949005
0.0035513474
0.0011028146
0.0013850069
0.0010469807
0.0016035801
0.0018774713
0.0026208719
0.0011812279
0.0015222935
0.0010824664
0.0029688927
0.001620074
0.002125103
0.002330743
0.0014609814
0.0027523597
0.0025957401
0.002020898
0.003104272
0.0022023318
0.0032828564
0.0026731286
0.001954756
0.002338021
0.0023437827
0.0024241526
0.0015651952
0.004015413
0.004196469
0.003070848
0.0019747366
0.001772641
0.0028246944
0.002029891
0.0013304225
0.0017206521
0.0017831919
0.0020909596
0.0033379453
0.0026166814
0.00206749
0.003053159
0.0016365551
0.0032736072
0.0040874784
0.0023697282
0.0039001778
0.0032558062
0.005835643
0.0029009895
0.0020552678
0.0021697506
0.0032318938
0.0037505855
0.0040290114
0.00300936
0.007750073
0.0025244746
0.0050097
0.004904221
0.0043428442
0.0078099663
0.0073410943
0.006035331
0.01186563
0.0037437812
0.00792325
0.0053036464
0.0061978903
0.0065574003
0.012446813
0.0051755845
0.0068707736
0.009175114
0.0045703426
0.005962099
0.004613529
0.005931741
0.008338789
0.0057517216
0.00905827
0.0033963555
0.004836957
0.013646706
0.007169517
0.0039119446
0.0056256065
0.010276696
0.014281366
0.008083554
0.010308796
0.01783545
0.014865282
0.018089427
0.013616964
0.016860198
0.012109098
0.02628316
0.027742404
0.025256116
0.024358697
0.008757024
0.013279966
0.022674067
0.018019417
0.027616655
0.024301723
0.029589366
0.014107898
0.019764975
0.02073465
0.01768497
0.03494479
0.01876835
0.0168891
0.0143840965
0.016102292
0.02455621
0.034005273
0.027630065
0.035389297
0.028387696
0.021232028
0.030390149
0.02824777
0.018960927
0.033190228
0.027188098
0.032747213
0.01771568
0.029172467
0.038636938
0.029189346
0.02281838
0.032289356
0.032756317
0.042201802
0.03385285
0.052143507
0.037046067
0.05905816
0.026037319
0.034038085
0.032652106
0.04712998
0.034310102
0.03701532
0.032425582
0.03137441
0.04598333
0.03649194
0.036943894
0.039924685
0.054721624
0.030836342
0.048586383
0.05083683
0.06169912
0.05922858
0.0572979
0.06263767
0.0428804
0.055569317
0.059661724
0.074567065
0.049098264
0.036703017
0.04782591
0.040001616
0.055651106
0.04077925
0.039394967
0.03766699
0.055612657
0.038223162
0.053031776
0.052089013
0.06009044
0.084729746
0.04928581
0.048469175
0.042285416
0.052136656
0.036519814
0.046807483
0.037220042
0.046718523
0.044576038
0.05223589
0.05403172
0.062494047
0.047577303
0.036376048
0.036715664
0.026873088
0.025103875
0.018535668
0.013012098
0.010854984
0.009018279
0.0073294346
0.008110842
0.0071200836
0.0070011965
0.0069304933
0.00561335
0.004648333
0.00440504
0.0044795508
0.003991968
0.0038776845
0.003804789
0.0024802359
0.0038371058
0.0020638662
0.0030147259
0.00130223
0.0023845776
0.002427018
0.002042898
0.0021295343
0.0014486463
0.002655125
0.0014317846
0.0011982424
0.0021351946
0.0021440326
0.001100809
0.0033704373
0.0016101521
0.002736725
0.0017277172
0.0035527472
0.0019860188
0.0029329965
0.0023638867
0.0020113057
0.0028977524
0.0016855871
0.0016792311
0.0010321712
0.0024163725
0.0021104983
0.0016629351
0.0014042367
0.0021759642
0.0029131605
0.0024894546
0.0022741805
0.0033941257
0.0018721868
0.0034169918
0.0011573958
0.001895394
0.0029145463
0.0012175785
0.0028886504
0.0010824703
0.00067913637
0.0017759898
0.0039880117
0.0010621843
0.0017951231
0.0010334589
0.0010691094
0.0015107288
0.001937767
0.0012589556
0.0012866973
0.0011113166
0.0004053787
0.00017374994
0.0009603478
0.0010835516
0.00040186616
0.000816157
0.0012785016
0.0018598083
0.000398813
0.0010346049
0.00051912584
0.00056555995
0.0006349552
0.0022281606
0.00071681326
0.0009595604
0.0008994343
0.0009218148
0.0020664756
0.00044199592
0.0020145455
0.0014242358
0.0005516339
0.0005296901
0.00070172903
0.0012349684
0.0005759369
0.0018623883
0.0030737498
0.0021314388
0.0013666239
0.0015326756
0.0013851735
0.0012950193
0.0020077522
0.0010892185
0.0010956471
0.0012976985
0.0013313015
0.0029075188
0.0018775447
0.0013671999
0.0019920096
0.0008132261
0.0018588831
0.0019980203
0.0018553955
0.0014751963
0.0022101097
0.0027017132
0.0018202709
0.0019060941
0.0011416518
0.0012897918
0.0011090584
0.0011089132
0.0013159586
0.001876289
0.0019582624
0.0016716792
0.00086304534
0.0013763175
0.0027752304
0.0018410846
0.0013356091
0.0013072181
0.0023504598
0.0015056512
0.0018576737
0.0018478939
0.002555935
0.0017015573
0.0008080909
0.0019658126
0.0015631391
0.0010616344
0.0009251931
0.00059173926
0.00032881577
0.00041984412
0.0006964515
0.0010012134
0.00044497807
0.00060326926
0.0007565995
0.0011255575
0.0016331256
0.00093837315
0.0019004326
0.0012078471
0.00060027896
0.001534197
0.0009838289
0.0004911143
0.0005765103
0.0005395989
0.0013115592
0.0014108651
0.0015570004
0.00040598802
0.001092934
0.00074125
0.0009975808
0.0014051805
0.00037625566
0.0009823745
0.00050246605
0.00083528226
0.0013135932
0.0034777022
0.0015139594
0.001307483
0.0010088538
0.0031684844
0.0018837173
0.0013059435
0.003187743
0.002250414
0.0009675815
0.000836623
0.001474621
0.0016165551
0.0013905131
0.0019516477
0.001312924
0.0013439833
0.0019808589
0.0014411905
0.0015621611
0.001185492
0.0012234972
0.0013685621
0.0009893676
0.0006771437
0.0009441754
0.0007593855
0.0021964584
0.0020421958
0.0028331743
0.002212527
0.0022121978
0.0014779272
0.0021082
0.0026804153
0.002454359
0.002173219
0.0013613525
0.002273129
0.001957337
0.0040702047
0.0017468105
0.001635126
0.0017052931
0.0016841989
0.00068317656
0.0013923412
0.0013344203
0.0012604896
0.0018924603
0.0023667128
0.002530491
0.0014153912
0.0015512978
0.001368727
0.0022097074
0.0012453616
0.0012794503
0.002231504
0.0020934262
0.0018123528
0.0012582056
0.0013260707
0.0010460344
0.004157428
0.0016374285
0.0021253305
0.0028870231
0.0032750247
0.001696822
0.0023661635
0.001827745
0.002297519
0.0012676683
0.001960257
0.00084206194
0.001569585
0.000893258
0.00051698816
0.0010976075
0.0014129891
0.0013409789
0.001042658
0.0032039688
0.000784888
0.001498461
0.00075868465
0.00070815417
0.0020515365
0.00040789897
0.0007889203
0.00044458522
0.0014502568
0.00051338394
0.00090541923
0.0017634551
0.0012136478
0.0014741
0.0011267563
0.00092340517
0.00049999857
0.0021266467
0.001876889
0.0007727272
0.0008182954
0.0010125334
0.0020332455
0.0013877335
0.0023596087
0.0011997451
0.0006563995
0.00053815835
0.0015046635
0.00083235826
0.0012200108
0.0006827802
0.00040950632
0.00041954685
0.0009885976
0.0007426417
0.0012608664
0.00047850073
0.0013327035
0.0007435828
0.00055339606
0.00036444556
0.00036878773
0.00032834383
0.0014435828
0.0012333601
0.00082715414
0.0010797511
0.0005214583
0.00073716696
0.0006805993
0.00013598833
0.000565273
0.0006246902
0.00042672933
0.0006242655
0.00061201263
0.0016089553
0.0008299451
0.0009657346
0.001006232
0.00064648787
0.00080407085
0.00089509774
0.00081065437
0.0011039589
0.00096175505
0.0011057451
0.0010779335
0.00081445626
0.00065563386
0.0013782034
0.0010833926
0.00042452483
0.0008243269
0.001255923
0.0010552346
0.00067038886
0.0025191884
0.0008240206
0.0008306217
0.0011933929
0.0006495485
0.0011288906
0.0013279419
0.0012859186
0.0005330422
0.0013198908
0.00032843504
0.00094822247
0.0011024798
0.00090163713
0.00092273357
0.0005592093
0.0017145788
0.0005172861
0.00031527987
0.0011034096
0.00046149158
0.00036787923
0.0006622773
0.0012157777
0.0012001727
0.0024454892
0.00067927723
0.0011320618
0.0014820696
0.0023843318
0.001138678
0.001051473
0.00072049466
0.0005480271
0.0014801696
0.0020186778
0.0018650657
0.0005621156
0.0010235815
0.0013207414
0.0023551884
0.00065781636
0.0005667559
0.00054387935
0.0017798627
0.0013955575
0.0019211085
0.00284394
0.0012048194
0.00023290531
0.0012926684
0.0013590902
0.0020136314
0.0015036915
0.0016760995
0.0006717109
0.002044045
0.0010984514
0.0028727495
0.0010444355
0.001015573
0.0019352846
0.00054985646
0.0011764864
0.00036570156
0.0012347689
0.00084825594
0.00015917099
0.00042856624
0.00048697536
0.0014712188
0.0020754505
0.000896301
0.0015034258
0.00074003934
0.0008251505
0.00076587143
0.0013645729
0.00048637378
0.00094400137
0.0027365207
0.001017561
0.0006260451
0.0008439305
0.0022660065
0.0014904062
0.0016067352
0.0022921013
0.00090908643
0.002178922
0.0019730655
0.0009745875
0.00055531244
0.00023497081
0.001017978
0.00033785263
0.0006803981
0.0010380402
0.00022947784
0.00047065347
0.00030903285
0.0018255606
0.00026106747
0.00062994857
0.0006911963
0.00020922064
0.0014018782
0.0004957224
0.0013878475
0.0010132942
0.00045074808
0.00047784118
0.0006944533
0.0013618211
0.00029105594
0.00024417287
0.0001939329
0.0017864846
0.00070196105
0.0007672803
0.00059238606
0.00052058935
0.0004511344
0.00095128233
0.0012131596
0.00043087546
0.00047557987
0.0011341206
0.0013029771
0.00042263686
0.0010892526
0.0007355669
0.0013244149
0.0015529136
0.000586712
0.0015277192
0.00078632776
0.0010241161
0.00080783677
0.0001327228
0.00040698313
0.00014851372
5.1598297e-05
0.0006903941
0.0004795026
0.00048112648
0.0004960097
0.0016605154
0.002097076
0.00060237304
0.0030041386
0.0034400173
0.00057149684
0.0020442312
0.0034617623
0.0018144245
0.0015440373
0.0013163213
0.0010544709
0.0024376689
0.0025246867
0.0026873187
0.0023146207
0.0019279644
0.0020917696
0.0016644242
0.0022290496
0.0017449623
0.0015677748
0.0009651821
0.0012633788
0.0011766761
0.00036382658
0.0004888999
0.0009837693
0.001285301
0.0020084046
0.0016328484
0.0009694826
0.0016098107
0.0015621756
0.0003185158
0.0006733497
0.0013117424
0.002402569
0.000714039
0.0013437694
0.00066627876
0.0009520146
0.0012468661
0.0007253708
0.00068715186
0.001201298
0.0007303369
0.0012152181
0.0012690197
0.00092900207
0.0009504934
0.0009624043
0.00082704413
0.0025651567
0.0017784073
0.00068123825
0.0009301732
0.00084206427
0.0005273681
0.0012112707
0.002673067
0.0008779927
0.0006721848
0.0007651869
0.0002942235
0.0008377391
0.0005701396
0.0015119347
0.0010515442
0.0008602048
0.0009605164
0.00026875205
0.0018381942
0.0008756162
0.001208849
0.00078072504
0.0006116153
0.0006858065
0.0004925921
0.0006990173
0.00012472189
0.0009686684
0.00022228782
0.00043891108
0.00016464085
0.00029806967
0.00045138906
0.00048541697
0.00087860366
0.00058981834
0.0011892634
0.0013395952
0.0018150811
0.0037070306
0.0020145865
0.0012410057
0.0011502098
0.0016242939
0.00047266704
0.00033590768
0.00082319195
0.0015286305
0.00038059405
0.0012912509
0.0015346699
0.00057183654
0.0012786551
0.0014608337
0.0005470083
0.0009155893
0.0018025374
0.0029349765
0.0022116315
0.001000682
0.0018307022
0.0015906435
0.0027073792
0.0015031993
0.0011441807
0.0024968488
0.0019571283
0.0019016017
0.0020126358
0.0022215704
0.0008265014
0.0021313366
0.0020235714
0.0038517392
0.00517383
0.0022528847
0.0016877963
0.0019228843
0.0029950242
0.0043340037
0.0050764955
0.0035517975
0.0018102555
0.0020305738
0.0024290364
0.002455233
0.002970726
0.003147894
0.002013515
0.0041590123
0.00064202386
0.0017186553
0.0036919683
0.0027375075
0.0019311272
0.0031485928
0.0021784178
0.0019249173
0.004362595
0.0011929673
0.0049832184
0.009536996
0.005363895
0.0036240316
0.0042254343
0.0037078396
0.003703186
0.0042031477
0.0041342992
0.0050732973
0.004414406
0.0042850836
0.004250333
0.0043712417
0.004721148
0.0060615875
0.00647313
0.0039042537
0.0033664089
0.0022567061
0.0046902457
0.0028509714
0.00528289
0.00500403
0.0023653524
0.0049952827
0.0028133248
0.0039933817
0.0051967693
0.006420848
0.0033519764
0.0034306585
0.005184622
0.0046405112
0.003684892
0.004897801
0.0057550543
0.0074869925
0.006713446
0.0031044697
0.0057027224
0.0060739513
0.00897968
0.0072614155
0.004572309
0.01139971
0.0048605874
0.006598592
0.0046979184
0.0067867446
0.006367972
0.006371831
0.010287839
0.004254897
0.007020848
0.0079103615
0.0057195057
0.005579999
0.007865925
0.0062988885
0.004671962
0.006054086
0.010472735
0.007057121
0.010201746
0.0065757865
0.0059761195
0.0043250145
0.001969354
0.001209047
0.0010210156
0.0029560002
0.0010523003
0.0018886507
0.0006940515
0.001131906
0.0009581483
0.00085125596
0.0017689404
0.0019042303
0.0022079712
0.001920254
0.0016811234
0.0014554528
0.0015113433
0.0022077546
0.0023232577
0.0024774992
0.0012016431
0.0027874394
0.0009940896
0.0016867442
0.0012506032
0.0016908445
0.002271121
0.0029026035
0.0008455743
0.003150115
0.0027221832
0.0028155798
0.0020187232
0.0019482817
0.0009991761
0.0014276371
0.0013808387
0.0012645518
0.0014776376
0.0011326795
0.0019777825
0.0011503798
0.0011370677
0.0021022642
0.002511926
0.0012629451
0.001858304
0.0019394157
0.00085020333
0.00068071875
0.0012930946
0.0012033312
0.0011192344
0.0011058983
0.0009237613
0.0007820595
0.00055105006
0.0014506003
0.0018273708
0.0008630055
0.0011991329
0.0023411852
0.0014252153
0.0017204785
0.0011499149
0.001942707
0.0012625607
0.0010487739
0.00092834176
0.0013705511
0.000620128
0.002821783
0.0014865407
0.001343068
0.0023380884
0.0010753173
0.0010436149
0.0012344008
0.0012555157
0.0013888603
0.0011533245
0.0016222541
0.0022623723
0.0012899386
0.0017541902
0.002910624
0.002339354
0.0018126485
0.0020469232
0.0015221719
0.004891487
0.003427599
0.0035911466
0.0025487882
0.003150678
0.002255422
0.002194251
0.002475604
0.0037675556
0.004908877
0.0021285925
0.001982029
0.0019260673
0.002786359
0.0055894316
0.0029210327
0.0041793906
0.0077801053
0.0021678957
0.0031840552
0.002585971
0.0035167378
0.0013729997
0.0014851199
0.0008118907
0.0020627596
0.0025556523
0.003254523
0.0007524131
0.0016804273
0.0006805873
0.00054109603
0.002554174
0.0018648251
0.003138537
0.0009397258
0.002002131
0.00023521674
0.0011367623
0.0016728897
0.0028870439
0.0019765007
0.0011865657
0.00093039847
0.0019720818
0.0018018079
0.0015344392
0.0014663504
0.002429828
0.00077094766
0.0010797066
0.0006365825
0.0013018115
0.0011721944
0.0017573461
0.0005979514
0.0016856346
0.0015801332
0.0012215712
0.0005880301
0.00036080228
0.0007289215
0.0016484122
0.0010752542
0.0005822089
0.0015599482
0.0015028348
0.0009771055
0.0012253696
0.00066243066
0.0010492129
0.001085464
0.0005250463
0.00079937594
0.0017781011
0.00032885885
0.0002928662
0.00022359662
0.0003978854
0.00051977515
0.0010263963
0.001616097
0.0013835599
0.0008135933
0.0005752286
0.0005446079
0.0010593118
0.000800997
0.0009766837
0.0011056872
0.0013253237
0.001615781
0.00066764286
0.0014766844
0.00038641866
0.0015966553
0.000531029
0.0006959129
0.00053940923
0.0004134886
0.0008157282
0.00092965935
0.0009832153
0.0008074617
0.0010127382
0.0008349329
0.0016695362
0.00048550323
0.0003179406
0.00043459557
0.0009902484
0.00017679071
0.0002510292
0.0007464083
0.0024965375
0.00037486316
0.0017873126
0.0007286002
0.0013368357
0.0002408143
0.0017936977
0.0014710139
0.0019082909
0.0015908357
0.0026477796
0.0010959662
0.0019692755
0.0015957203
0.0021687965
0.0022005066
0.002491266
0.0013993194
0.0025831724
0.002758558
0.0027976457
0.0031084747
0.0028435092
0.0028587477
0.0032459274
0.0028344186
0.0041733007
0.0034602308
0.0041474155
0.0036913354
0.003975399
0.0038665878
0.004796476
0.0062535475
0.005086989
0.004682795
0.003934615
0.0039608106
0.0032331008
0.0048208125
0.0034700714
0.001438891
0.0015910136
0.0022086764
0.0004348053
0.0007920719
0.00045875384
0.001313792
0.0022027951
0.001233895
0.0028168547
0.0009932965
0.0006604356
0.00072667445
0.0012649916
0.0019831932
0.00095783756
0.00064463716
0.0032662312
0.0015893793
0.0015695291
0.0015744398
0.004478583
0.0025676335
0.0029773447
0.0014573532
0.0028475123
0.0013181483
0.0024459711
0.0011991048
0.0026820458
0.0011495379
0.0023899144
0.0026424737
0.0027082153
0.003541372
0.002330057
0.0022924144
0.0018340247
0.0014477138
0.0031761383
0.0018895816
0.0019828326
0.0028626968
0.004326978
0.0032156236
0.0027404986
0.0046846806
0.0075779846
0.0019164993
0.0035468976
0.0032658258
0.0012760632
0.0014263743
0.0015134658
0.0027706376
0.0022808143
0.0022810039
0.0016475521
0.003263245
0.0026663188
0.0034032369
0.0034019738
0.0048581706
0.0045279823
0.0036878705
0.004872789
0.006277587
0.006040249
0.003671862
0.0037241313
0.0047715385
0.0037643341
0.0033563327
0.0037074108
0.0038381484
0.002759251
0.0033591902
0.00447228
0.0028088961
0.0029474758
0.0016508102
0.0024948653
0.0023063628
0.0024254886
0.0028900271
0.0013954055
0.0018539089
0.0015559632
0.0015362888
0.0009720799
0.0005053823
0.00066852605
0.0012557636
0.0024324553
0.0014908633
0.0017577593
0.0016560649
0.00079885137
0.0008417318
0.0032992547
0.0013083507
0.0002029112
0.000623559
0.004751695
0.0017529406
0.0017882553
0.0013423221
0.002671221
0.0036803682
0.0017282551
0.0023832442
0.0016202666
0.0023597726
0.002348926
0.003603952
0.0014500881
0.0007846132
0.0016864545
0.00056101766
0.000887698
0.0008227319
0.00031544297
0.0005388718
0.00062480976
0.0015087124
0.0011488864
0.00047206454
0.0005411791
0.00068052637
0.0018996934
0.0007703605
0.00088335876
0.00011930127
0.0006881942
0.00049933826
0.0017779598
0.001123219
0.0016663411
0.001203985
0.0005981425
0.0014864984
0.0011312258
0.0005745923
0.00053713063
0.0010587521
0.0004211368
0.0008422104
0.0006780265
0.0007378795
0.0011438777
0.000250194
0.00034222298
0.0009825742
0.0006991516
0.0011509338
0.00094100286
0.0009332299
0.0014585488
0.0008964484
0.0023379044
0.0008617239
0.0017827009
0.0013339705
0.00265248
0.002235492
0.0014918017
0.001240578
0.001160802
0.0016435273
0.0018627383
0.001574651
0.0017149962
0.001266125
0.0006932856
0.00080578704
0.0020509555
0.0006387093
0.0009717558
0.0014701488
0.0015325324
0.00201702
0.0018693649
0.00074032595
9.5919866e-05
0.00045772624
0.0010015756
0.0008538072
0.0011971324
0.00088409544
0.0011902244
0.0009504764
0.00047771336
0.0010919528
0.0010811054
0.00035391934
0.00019353711
0.0012683555
0.00014867728
0.0004603805
0.0015356925
0.0002563363
0.0015768706
0.0011541788
0.0013469617
0.0014156209
0.0014255436
0.0017801488
0.0024117865
0.001163144
0.00087698095
0.0011430607
0.0017357159
0.00066277885
0.0005148234
0.0010165472
0.0012302025
0.00066891394
0.00086821744
0.0006367522
0.0011434883
0.0019291309
0.0015874043
0.0013501166
0.0022681418
0.0010025452
0.0013893896
0.0020409958
0.001839584
0.0012579904
0.00092993316
0.002526073
0.0019486253
0.0018329073
0.0024920686
0.002086331
0.00055234105
0.0019267281
0.0034263167
0.003147584
0.0024074148
0.0034360758
0.0009109478
0.0019525548
0.0018108427
0.001267368
0.00076413044
0.0014524647
0.00068595377
0.00075150165
0.0021605429
0.0020858992
0.0012018749
0.0015098465
0.0008504492
0.0015666961
0.0012898489
0.0010498478
0.00062667707
0.0010693187
0.00051756983
0.00048377435
0.00025530212
0.00060755055
0.0007035686
0.00031025102
0.0013536295
0.0019757447
0.0013606508
0.00057160604
0.0005703163
0.0009235784
0.0007812686
0.00048420072
0.0009083061
0.0011572822
0.0017061651
0.0021683269
0.0016231235
0.0004953144
0.0012107342
0.0026074627
0.00058040925
0.0005584618
0.00097163406
0.0024988006
0.0015186539
0.002566987
0.0026482607
0.0011904492
0.0006235103
0.0018866993
0.0019797403
0.00075101934
0.0012595746
0.0009956949
0.0004308527
0.000680864
0.0012240465
0.002160119
0.0024850245
0.000643889
0.0009254272
0.0011965826
0.0015577293
0.0013899223
0.0012006584
0.0020173362
0.0028792922
0.0006273099
0.0020251882
0.0028708908
0.00098188
0.0010259891
0.0014555041
0.0027564457
0.001762833
0.002082481
0.0021077325
0.0020376614
0.0010785484
0.0013159282
0.003564397
0.0017909924
0.002185358
0.001190102
0.0022684967
0.0019920433
0.0029267485
0.001795749
0.001296675
0.002172253
0.0023669973
0.0029329802
0.004046454
0.005020095
0.0045389724
0.0031925002
0.0037792246
0.0042365245
0.0061875028
0.0057171485
0.0048530726
0.004488467
0.007056268
0.0059983814
0.007510696
0.005358248
0.005462563
0.0039692507
0.0034784472
0.0034770065
0.0021420694
0.0024373615
0.0047441293
0.005001512
0.0038879914
0.0038513727
0.005470967
0.003400376
0.0043228236
0.0064511774
0.0047698882
0.0052737487
0.0050886744
0.005773654
0.0056893756
0.0052299136
0.005419266
0.0034027623
0.0056384564
0.004671144
0.0038564424
0.0044163475
0.005696299
0.004341143
0.0048786984
0.0055129486
0.007855535
0.007688833
0.009620873
0.009873766
0.007359481
0.008353521
0.010394696
0.008446596
0.009867028
0.010060802
0.01200163
0.009603462
0.008254955
0.009745939
0.0091973785
0.007879
0.007749529
0.007591553
0.007954352
0.0079073375
0.00470377
0.0065145893
0.005191468
0.006808678
0.0038375636
0.004084315
0.0038324767
0.003955327
0.004337528
0.0042775245
0.0037246053
0.0036645522
0.0030744516
0.00237397
0.0019086723
0.0023188083
0.003934041
0.0035688113
0.0030557744
0.0037625232
0.0034859967
0.004413365
0.0058616837
0.0057097655
0.0052419207
0.0039421837
0.0030654569
0.0023790847
0.0017406093
0.0034749245
0.0047313133
0.0034260992
0.002596442
0.0049623647
0.0052612405
0.004765226
0.0033043025
0.0024150545
0.0018041343
0.002580593
0.0016570963
0.0016365922
0.0021382386
0.0008805586
0.00025534997
0.0017954798
0.0011272104
0.0012407835
0.0012378052
0.0023711615
0.0016304083
0.0024414714
0.0011605913
0.0015471252
0.00051666977
0.0009737731
0.0020632746
0.0013677755
0.0019843068
0.0015650679
0.0012044931
0.0027252145
0.0009086315
0.0015885303
0.0013934867
0.0020901824
0.0014722447
0.0009445931
0.000984793
0.0016712818
0.0018012158
0.0016647562
0.0030596424
0.0013463076
0.0014616186
0.0026361318
0.0023348094
0.001337355
0.0020698104
0.002912252
0.0022959386
0.0012381437
0.0023288312
0.0010741145
0.00058170484
0.002149441
0.0010534964
0.0008776807
0.0008930749
0.0036680328
0.0012903282
0.00091197947
0.00226784
0.0033290836
0.0014908694
0.0019017926
0.0010546827
0.0012012211
0.0025695898
0.0014791655
0.0020946462
0.0027538296
0.0021922558
0.003258225
0.001996857
0.0012701536
0.0021508373
0.0021682656
0.0014196916
0.0029149014
0.002041517
0.0022037863
0.000528321
0.00061248423
0.0017727793
0.0012999296
0.0004885642
0.0010877933
0.0019484779
0.0016755369
0.0020881058
0.00088115025
0.0008279586
0.001511914
0.00046789995
0.0002456967
0.001515601
0.000900229
0.0005125047
0.001214263
0.0035555796
0.0009892188
0.0010808011
0.001314136
0.0010741794
0.0011363163
0.00034481683
0.0010692029
0.0008244639
0.0003294848
0.0005101336
0.0010896056
0.0014106964
0.0009922249
0.0014737226
0.0010207114
0.0010736233
0.0011229562
0.0006549006
0.00014514734
0.0016201511
0.0007071023
0.0001739009
0.0013003573
0.00020117009
0.00042331516
0.00015277755
0.00027618633
0.00061674556
0.0005784987
0.0011867343
0.0015047513
0.002055902
0.0019158106
0.00034087722
0.0010773849
0.028351203
0.02226767
0.019728433
0.019349813
0.021542596
0.02858744
0.03744413
0.033436567
0.033193674
0.025464036
0.034228873
0.03003189
0.026773624
0.014870103
0.02968512
0.02459464
0.022132257
0.015952775
0.022079995
0.028837487
0.022223646
0.016277993
0.023447743
0.017206807
0.019946165
0.021112723
0.023892138
0.033069346
0.03209609
0.018295707
0.024295766
0.025007367
0.014014388
0.018898705
0.018064227
0.015776161
0.023922224
0.016000133
0.012494587
0.021110842
0.023411052
0.021133142
0.021741608
0.019078258
0.0145478025
0.016287059
0.017888743
0.012673474
0.018150896
0.024307001
0.03643752
0.023781223
0.037516978
0.026402837
0.0294539
0.033206932
0.026124312
0.03603839
0.030382121
0.026674174
0.03158619
0.034898408
0.03567401
0.036783945
0.04031942
0.029816674
0.033237524
0.035155393
0.038862776
0.045957185
0.061572317
0.02990973
0.046755314
0.054927137
0.040949237
0.044104233
0.055363707
0.035614114
0.051840764
0.040216267
0.05486297
0.03461391
0.043194186
0.05234773
0.076029845
0.051876787
0.041619584
0.07881552
0.05816153
0.04745111
0.056372024
0.041728072
0.054864123
0.05625097
0.056668695
0.061772957
0.06472225
0.059602026
0.05284938
0.06361984
0.059370156
0.06669935
0.06541834
0.060952272
0.047821276
0.052251216
0.05633034
0.05714231
0.056584295
0.046212092
0.059211254
0.04512155
0.0624083
0.0576785
0.06805225
0.056467302
0.07842372
0.05940083
0.06748921
0.058723822
0.062799096
0.106104635
0.1298467
0.08336612
0.110497
0.10804115
0.10284851
0.086510316
0.13520229
0.1178218
0.124504685
0.114520974
0.13937801
0.16253608
0.13149834
0.12973718
0.15782793
0.13202094
0.18505977
0.17326608
0.18701534
0.17452103
0.17346987
0.20658402
0.16235736
0.17959483
0.185953
0.1859385
0.046224087
0.027260466
0.02968273
0.019567681
0.012971968
0.0141291255
0.007990201
0.008229059
0.007899323
0.0050269454
0.004669076
0.0051927315
0.004128992
0.0023393363
0.0037326468
0.003077295
0.0028291647
0.0035512063
0.002365285
0.002707453
0.0019160442
0.0010818
0.0013600661
0.002251798
0.00062855217
0.0013294801
0.0008611919
0.0006168705
0.0011596596
0.001491801
0.00077550433
0.00079467264
0.0005877218
0.0009021822
0.0011899539
0.0010532581
0.000730007
0.0016075011
0.0011691888
0.00092572207
0.000493024
0.00015153347
0.001159291
0.0004257341
0.0010444849
0.0014883191
0.00092137884
0.0014974491
0.00043301203
0.0008321735
0.00085467985
0.0012599478
0.0012231849
0.0006740794
0.0006071331
0.0016634876
0.0015517011
0.00022140382
0.0007360613
0.0006489763
0.00050774583
0.00052522024
0.0023209963
0.0007221352
0.0009661751
0.0011167155
0.0015890942
0.0012565111
0.0009122237
0.0008042732
0.00034186296
0.0012494342
0.001161174
0.0021182355
0.0008345919
0.001162486
0.0005502317
0.0016440795
0.0012595283
0.0009754173
0.0016430626
0.0010831258
0.0011444293
0.002017141
0.0015317142
0.0032375534
0.0012650291
0.00096790784
0.00035580236
0.0015260929
0.001389355
0.0012529177
0.00090416113
0.0014375974
0.0005738981
0.0016720995
0.00063989713
0.0009730052
0.0017337563
0.0007168297
0.0010456294
0.00096821785
0.0011991742
0.00092739565
0.0002709162
0.00055981695
0.00045006606
0.0012741189
0.0008130474
0.00086582545
0.00056045095
0.0007395854
0.000626661
0.00071183
0.000821364
0.0002407758
0.0017139319
0.00010931057
0.00072608003
0.0008810555
0.0012581705
0.00042985514
0.0011822607
0.00052559347
0.002440051
0.0009197522
0.00028658094
0.0015164644
0.0009824642
0.0012474485
0.0013100363
0.0019953798
0.0046280385
0.0026217513
0.0030919258
0.004712272
0.002687601
0.0035535814
0.002699323
0.0032985483
0.0032475165
0.001960586
0.0025390934
0.001570849
0.0022648661
0.0031305016
0.0031173658
0.0011213132
0.0011351812
0.0010927375
0.0015080167
0.0014494453
0.0011731851
0.0011082029
0.0018949448
0.0011279728
0.0013594907
0.0022219657
0.0016890994
0.0010840776
0.0018541687
0.0031698558
0.0035713536
0.0013175494
0.0028918604
0.002303454
0.0015315373
0.0020442079
0.0031674404
0.0007638853
0.003585947
0.0012489902
0.0015715953
0.00090233935
0.0019559104
0.0020353568
0.0011833123
0.0004808504
0.0009986938
0.0026463885
0.0016604001
0.0018077402
0.00059986225
0.00072257227
0.0005595692
0.0013658447
0.0019723286
0.0009578202
0.0007671416
0.0012531922
0.0006714853
0.00065807847
0.0027479494
0.0012277225
0.00073762925
0.0012388985
0.00039483048
0.0021565252
0.0013626127
0.0017172472
0.00022982997
0.0010327568
0.0005217543
0.00035588577
0.0002635498
0.0003566125
0.0012724451
0.0024504021
0.0021694084
0.0013447811
0.001067085
0.0006620107
0.0012322351
0.00094954344
0.00092152704
0.0019118944
0.0010983775
0.0015045252
0.0011280423
0.0020023505
0.00041120494
0.0019332506
0.0021860776
0.0019162989
0.00094154535
0.00066620565
0.0005775458
0.00074831373
0.0014371056
0.0014592004
0.0025855287
0.0010176105
0.0012652042
0.0015392217
0.0014218244
0.0012323933
0.0019297507
0.00061469316
0.0005143836
0.0011756489
0.0013619317
0.0017024965
0.002717116
0.0019273174
0.0016154465
0.0026361207
0.00023240455
0.001823456
0.00012730707
0.00055968633
0.0017264396
0.0014006323
0.002395215
0.0007207785
0.0008125786
0.00091510953
0.0019109442
0.0031639352
0.001094811
0.00900284
0.0060070893
0.008308132
0.010949296
0.0055225096
0.007706747
0.008179201
0.010391141
0.009783334
0.009292925
0.008443556
0.014976669
0.013047983
0.012252064
0.013915902
0.014611693
0.01630311
0.019425673
0.024767773
0.02107816
0.021551318
0.016355816
0.028292613
0.031366665
0.023295881
0.032348488
0.027789125
0.03905826
0.025401354
0.026908757
0.030147811
0.032773905
0.032557413
0.019308574
0.02617993
0.040048692
0.03287483
0.030686064
0.030461108
0.03376465
0.036042307
0.03929951
0.041670274
0.051429275
0.02742736
0.06627285
0.050024718
0.06399563
0.05826526
0.046364866
0.057342008
0.06560247
0.06897578
0.06661134
0.063250534
0.109823264
0.07755949
0.09256561
0.07444196
0.09749109
0.1082194
0.100037836
0.097048685
0.09456527
0.0998414
0.112445466
0.16390353
0.12765339
0.12956132
0.12372671
0.120150834
0.16155447
0.12405849
0.12341576
0.1535239
0.17461325
0.15852085
0.1282961
0.16211975
0.18069887
0.16183235
0.16916789
0.19333403
0.22457264
0.20128511
0.17929427
0.20428091
0.16097936
0.1646549
0.2181097
0.1617605
0.16853416
0.20002769
0.19073416
0.18984888
0.17851748
0.23517138
0.26086757
0.22633718
0.041849457
0.026209498
0.027379083
0.023996215
0.01717677
0.019443737
0.014136536
0.016020093
0.012859804
0.01243222
0.010622734
0.007450919
0.0090831695
0.00989101
0.006780463
0.0067588086
0.0053974385
0.006384907
0.0025797354
0.0039051413
0.0025992636
0.0032039848
0.0014888715
0.0030946953
0.0023280315
0.0026462108
0.0013384268
0.0024380214
0.0006465996
0.0007203227
0.0009919391
0.0012845988
0.0005818209
0.00096368836
0.0014891677
0.0027278934
0.0015908423
0.0009782999
0.00082672643
0.0012471466
0.0011985679
7.125655e-05
0.00081792916
0.0013418958
0.001414819
0.00010608854
0.00046441326
0.0010491498
0.00083029154
0.0008182025
0.0011598367
0.00036845665
0.00013597442
0.00017288573
0.0012054326
0.00045227754
0.0017010852
0.0014349603
0.0008556793
0.00083412824
0.00066251354
0.001017572
0.0018305951
0.001420468
0.0023843239
0.0010360446
0.0010862263
0.0006407038
0.0010734602
0.0006845938
0.00075008627
0.0008018662
0.0010138031
0.00081208115
0.00072319043
0.00039699912
0.0019836712
0.0011941921
0.0014806625
0.0014794797
0.0012328753
0.0007685193
0.00042746583
0.0005505414
0.00046003197
0.0007339427
0.00061886566
0.00045938324
0.0003062223
0.0023443957
0.0010907097
0.0018996096
0.0018617017
0.0010851959
0.0027479117
0.0009618137
0.0013014015
0.0022477643
0.0019204933
0.0050779535
0.0022976995
0.006966442
0.0038967757
0.0027511113
0.0027191904
0.0011661276
0.0013322644
0.0017599079
0.0038942187
0.0013718624
0.001499311
0.002201172
0.0035241304
0.002741182
0.004193604
0.0035609328
0.0031971612
0.0045923293
0.008523101
0.005171489
0.0062590986
0.0055711023
0.007211857
0.007984955
0.0066486076
0.007841014
0.00835847
0.0050701196
0.005591869
0.0042877086
0.0050256704
0.002679264
0.0017953971
0.0005744706
0.0018207985
0.0012032546
0.0021476864
0.001576284
0.0013197631
0.0017876162
0.0034484954
0.0011934243
0.0021661825
0.0031476803
0.0028093797
0.0029371248
0.0022029174
0.0020310052
0.0020060341
0.0019932017
0.0023359118
0.0034453592
0.004659571
0.0027046008
0.0067230603
0.00507069
0.0060741166
0.0045146253
0.005465219
0.007788141
0.006971886
0.005561772
0.005543432
0.007053973
0.00567694
0.0067344527
0.00569857
0.0058537694
0.006227475
0.0052873706
0.005334284
0.00522174
0.005847918
0.0042652073
0.0044744634
0.0036389574
0.0040514576
0.0065785674
0.006443807
0.005027909
0.007247279
0.0047781207
0.0047425833
0.005150603
0.004118811
0.003927925
0.0042982614
0.006431479
0.004715998
0.003843164
0.0042253705
0.0025322041
0.0036873962
0.0017463756
0.0017601172
0.0024573328
0.005308199
0.0026751219
0.0029095907
0.0023927023
0.0032746147
0.0033371288
0.0024413913
0.0028306425
0.00347392
0.0036345862
0.0027425091
0.0043819095
0.0016933738
0.003071345
0.001649934
0.0012012416
0.0023176915
0.0023693803
0.0025048233
0.0038957414
0.0026155624
0.0031958714
0.002724793
0.0039630216
0.0022003378
0.0023744386
0.0022074585
0.0035621622
0.0018856383
0.003761835
0.002778399
0.0023395647
0.0036572872
0.00224277
0.001825538
0.0034432972
0.0042614206
0.0025175891
0.0007743582
0.0011532542
0.0022028994
0.001994991
0.00022209667
0.0008854964
0.00088833354
0.001720951
0.0006328593
0.0015687305
0.0010210021
0.00055069925
0.0016932967
0.003117502
0.0015766164
0.001225338
0.0013612666
0.0006437706
0.00089636946
0.0018764527
0.0012613166
0.0012341724
0.0009849783
0.0007668035
0.0008021459
0.0008488719
0.0015580643
0.001951545
0.0007752505
0.0005046413
0.00073637784
0.0009899498
0.0010440798
0.0009921223
0.0006267118
0.00013804795
0.0015525307
0.0010802955
0.0017285431
0.0008511124
0.0015302788
0.00028816564
0.00037720427
0.0016737042
0.0012862299
0.002588613
0.0011195301
0.00030623103
0.0029903152
0.0022618694
0.001630478
0.0016260576
0.00019104198
0.0010796759
0.0034385126
0.0018940752
0.004246099
0.0027898438
0.0014467448
0.0037320233
0.0007734114
0.001974961
0.0014365034
0.0033507755
0.0032754627
0.0006067362
0.005952864
0.000626099
0.0014803099
0.0015697342
0.0043012057
0.00085344503
0.0011512182
0.0032000476
0.0008327884
0.0022053374
0.0034544414
0.0017704417
0.0031304369
0.0015733027
0.0052683763
0.010548092
0.00784258
0.010526966
0.012017228
0.00892418
0.009633153
0.0062180613
0.014055117
0.010605839
0.01681153
0.011172622
0.01853431
0.015320942
0.011917542
0.009473586
0.007025714
0.0146403955
0.010480612
0.013304926
0.025660325
0.013463894
0.016395742
0.017940745
0.0118271075
0.022543222
0.018750194
0.014367288
0.015108195
0.017800417
0.021291276
0.020859571
0.013040805
0.015642513
0.023604583
0.01712658
0.01857181
0.016721623
0.01568817
0.025407162
0.02331042
0.017641004
0.015759135
0.03883889
0.02332127
0.029411232
0.02680256
0.028623225
0.03675603
0.035329036
0.026187856
0.032734897
0.035918012
0.041030496
0.030398747
0.038036447
0.017878039
0.03009116
0.044988476
0.052942213
0.040126197
0.033009022
0.032460283
0.03699917
0.034974802
0.0363913
0.046883482
0.040677402
0.031214435
0.044669256
0.06045507
0.032732923
0.032214712
0.07517041
0.04432842
0.049552143
0.059005834
0.064595245
0.07067174
0.036283888
0.08168145
0.08213456
0.0650419
0.06620327
0.059319526
0.05686713
0.07844688
0.06780714
0.063210554
0.10398167
0.09820648
0.08562557
0.09678596
0.09336149
0.09158668
0.102547735
0.088124685
0.09908194
0.11323454
0.13800055
0.13939853
0.13288419
0.10693213
0.08354999
0.118902475
0.106659666
0.14269096
0.13197003
0.12760152
0.10965261
0.120567024
0.09089643
0.098088786
0.09083066
0.110544205
0.09040819
0.107720375
0.099916466
0.13033636
0.0759707
0.083438374
0.0878238
0.09350745
0.09821243
0.081139855
0.083321966
0.10882503
0.08666517
0.11205746
0.084516555
0.095489815
0.09853496
0.10432008
0.09633306
0.120834954
0.07607523
0.10378116
0.085470505
0.09612429
0.12708537
0.09107838
0.10233347
0.10482061
0.07338501
0.08168627
0.09331983
0.10415353
0.004741931
0.0061503206
0.0039810557
0.0050243484
0.003621144
0.0033578102
0.0045999684
0.0031793797
0.004960066
0.005133135
0.004613594
0.0034053435
0.004674586
0.004866828
0.0027933528
0.0041583795
0.0038685421
0.0056433063
0.0036506513
0.003996471
0.0033317842
0.004075988
0.003965995
0.0034258505
0.002240932
0.0023240908
0.0025300647
0.0016510638
0.001981944
0.0012572149
0.0011281662
0.0013659266
0.0010621755
0.001428294
0.0014945843
0.001143114
0.0008477478
0.00084580004
0.0012894479
0.00094300567
0.00059114525
0.00097056245
0.0009997976
0.0015550373
0.0010415222
0.00075124786
0.0012356165
0.0009879073
0.001228941
0.0006104844
0.00043077115
0.0009773746
0.0002488662
0.0005605057
0.0005748149
0.0007072468
0.0017151214
0.0006655422
0.0008490634
0.0015368358
0.00029918383
0.00063588686
0.00024575513
0.0011956051
0.0009921116
0.0008390967
0.0015227037
0.00084411923
0.00072340947
0.00068539055
0.0018258691
0.0007660175
0.00094558334
0.00096372585
0.00078924233
0.0009734087
0.001138026
0.0012773315
0.0011576519
0.0006496454
0.0004613399
0.0011481278
0.00062335195
0.0007434451
0.0011643699
5.357161e-05
0.0009164284
0.0005488595
0.00024661043
0.0010804613
0.00043684943
0.0001851901
0.0011113522
0.0010222327
0.00064103556
0.0031592932
0.0004598596
0.0013300163
0.0015714897
0.0014343758
0.0010196809
0.0011470644
0.0024870571
0.0009444958
0.0023384786
0.0014161799
0.0012673358
0.002159258
0.0013684294
0.0014220387
0.0018778953
0.0024805607
0.0016439563
0.0011749205
0.0018959062
0.002774329
0.0006525041
0.0007451664
0.0008682064
0.0014012599
0.0010661955
0.0006981475
0.0018355127
0.001490099
0.0007474744
0.0022113356
0.0015620587
0.0006110625
0.0016521021
0.0003960057
0.001054437
0.0013567635
0.0022446911
0.002054873
0.0016219185
0.0025701618
0.0011150463
0.0014463066
0.0011413752
0.0013309472
0.002644634
0.0018477952
0.0009991447
0.0012486741
0.002412426
0.0005413165
0.0020448158
0.0025761055
0.0013800056
0.002230014
0.001113244
0.0024972039
0.0015445903
0.0017302483
0.0008932451
0.0016799329
0.0010529532
0.0020233765
0.0029388943
0.00090207835
0.0011831092
0.0017409724
0.0011735922
0.0020387436
0.0017840187
0.0024193798
0.0013957625
0.0017407691
0.001683552
0.0024835267
0.0012383071
0.0018854807
0.002682601
0.0017211833
0.0010628037
0.0018232756
0.0012004427
0.0008270623
0.0012879854
0.00060891063
0.00043800625
0.0021302185
0.0012442104
0.0017517003
0.0020613943
0.00060039427
0.0006686945
0.00062980194
0.0014470781
0.0006806962
0.0024925938
0.0019323123
0.001973289
0.0022519869
0.0016603845
0.00093940366
0.0020087867
0.0005672167
0.0011183238
0.002187603
0.00091324246
0.001690669
0.002252731
0.0020422263
0.0004773655
0.0012845179
0.0029322344
0.0008161288
0.00065812876
0.0012278665
0.0022198514
0.0007017732
0.0011111691
0.0009728016
0.0011001766
0.000676076
0.0012923195
0.0022271536
0.00070050487
0.00056502305
0.00032494182
0.0005681827
0.0010456934
0.0021967222
0.0022085782
0.0013272802
0.0013037256
0.0010338592
0.0007396352
0.00079603214
0.0019999715
0.0017355565
0.0020285633
0.0017220109
0.0017924728
0.0008550433
0.0005563506
0.001832742
0.0013529905
0.0011136165
0.0013118323
0.00083009934
0.0010733686
0.0016721089
0.0009793134
0.00077546266
0.0030785808
0.001156591
0.0014038122
0.0018029076
0.0014364792
0.0023005293
0.0011200275
0.0008366781
0.001355025
0.0005700041
0.0009939604
0.0011168562
0.0019625463
0.0019356199
0.0013622595
0.0009898851
0.0016844516
0.0009667922
0.0013519502
0.0014858434
0.0014205032
0.0026490414
0.0011574691
0.002601282
0.0023397638
0.0014345938
0.0013328281
0.0012023828
0.0008711865
0.000577639
0.002323954
0.0027336485
0.0023518705
0.0015929174
0.00056197983
0.0011758945
0.0012061177
0.0016149932
0.0020677876
0.0025959255
0.0013245963
0.0025515372
0.0025996997
0.002197504
0.0016295593
0.0015771186
0.001699653
0.0017482722
0.0042193774
0.001002899
0.003536543
0.00307512
0.0033895355
0.003251445
0.0035937494
0.0024384111
0.0023319959
0.0014557482
0.0019296333
0.0007757893
0.0016870728
0.00344944
0.0009867165
0.00042104465
0.0014802091
0.002131146
0.000553796
0.0011388551
0.001177366
0.0016564099
0.0019190698
0.001697132
0.00096938515
0.0016071998
0.0017533803
0.002294336
0.0009543577
0.0021105583
0.0025649332
0.0022337027
0.0017855207
0.0010151905
0.0027091647
0.0009882336
0.00076440454
0.0010717713
0.0017794843
0.00045154325
0.00058025715
0.0022527948
0.0011370329
0.0013180036
0.0019217096
0.0016128803
0.0009849358
0.0019194384
0.0010804072
0.00215667
0.0018872994
0.0020258753
0.0022662794
0.0020143525
0.0029154276
0.002660369
0.0009018023
0.0015552822
0.0004838237
0.0016604746
0.0005218577
0.001492129
0.00074465276
0.0008648189
0.0006191026
0.0009252288
0.0014411451
0.00048106443
0.001327258
0.0007191529
0.0011874166
0.001455673
0.00092665607
0.0010564086
0.0019724236
0.0012458995
0.0010908626
0.0006823508
0.00079711876
0.0010755627
0.00040495506
0.00094436365
0.0011036911
0.001161995
0.0016484596
0.0009411281
0.00043559744
0.00095965154
8.67638e-05
0.00029912824
0.00064536795
0.0013338337
0.0011399629
0.0011382358
0.00011865572
0.00031842792
0.00015054773
0.00027168082
0.0007226459
0.0009712777
0.00014005073
0.0014067409
0.00046922208
0.0007949014
0.00091261766
0.0014206335
0.0020429427
0.00052025385
0.0015130476
0.001773492
0.0024388041
0.0017764822
0.0006187161
0.002582284
0.00059974083
0.00081592216
0.00046166184
0.001637413
0.0007334776
0.0017563141
0.0004895368
0.000475823
1.6346763e-05
0.0006729304
0.0008282672
0.00048067025
0.0010154544
0.00036524615
0.00061829144
0.00016451352
0.0014810152
0.00059734826
0.0005971829
0.0004620721
0.0010421976
0.0004682531
0.0009673509
0.00042258325
0.0007102928
0.0010570096
0.0005477791
0.00084058044
0.00029022852
0.0015061604
0.00055585086
0.0004688034
0.00093563786
0.0016998089
0.000963241
0.00078055175
0.000448198
0.00017965886
0.0010374933
0.0009229174
0.00094069354
0.0019530687
0.0010308782
0.0022270838
0.00065498246
0.0022874116
0.0007882295
0.0005914052
0.0012719157
0.00075642567
0.0020949638
0.0012003122
0.0022254502
0.0016954489
0.001153254
0.0017751895
0.0006902991
0.0005858861
0.0015183404
0.0007017554
0.00041200512
0.0005273154
0.0011144087
0.001187076
0.0021322612
0.0014905191
0.001498025
0.0020837488
0.0015544628
0.0022718094
0.00084398186
0.0009062537
0.0012436192
0.0012755347
0.00061973906
0.0016355583
0.0006426048
0.0011848978
0.0006443462
0.0007860062
0.0014061074
0.0017238603
0.0005175456
0.000928181
0.002498768
0.0007044587
0.0016957127
0.0019056494
0.0009561033
0.001604191
0.0009529301
0.0005892847
0.0004148119
0.0012004651
0.001138426
0.00032707502
0.002635094
0.0013526834
0.001665449
0.001498717
0.0008909602
0.0012059998
0.0022313697
0.0020971382
0.0026553713
0.002748658
0.00251601
0.0017567199
0.0016178149
0.0021711905
0.0026009253
0.0012411945
0.00077763485
0.0019130262
0.0018756995
0.0005980487
0.0008766756
0.0015658457
0.000494158
0.001300691
0.0017984174
0.00018262157
0.0011863334
0.0017606234
0.0011269131
0.0028202955
0.002773842
0.002233421
0.0016996653
0.0022165151
0.0009687395
0.0009927065
0.0017439321
0.0011578648
0.0029102066
0.0025461207
0.0012734068
0.0014480173
0.0017713706
0.0013382927
0.0018702496
0.0014342873
0.0011103583
0.0020463914
0.001008446
0.0015359398
0.00088037655
0.0025015946
0.0030924096
0.00078953244
0.0021712412
0.0038365256
0.0024799684
0.002056436
0.0024752337
0.0016649435
0.0011579125
0.0011753541
0.0015369249
0.0018348545
0.0010746624
0.0012688687
0.0027260084
0.0026344243
0.001997671
0.0013828136
0.0011225786
0.0011192643
0.0004778384
0.0025443316
0.001124204
0.0010680619
0.0017492538
0.00071066996
0.0020895468
0.0019863625
0.0007091786
0.0023376031
0.0019251967
0.000749914
0.0004329678
0.00075470353
0.002082445
0.000790452
0.00090937084
0.00024819694
0.0016291104
0.002351648
0.0010121232
0.00082740746
0.0009962242
0.00061890663
0.0012842938
0.0004934307
0.00082173187
0.0012414991
0.0015449874
0.00095111015
0.0028230057
0.0020743343
0.00093034946
0.0017403328
0.00084690354
0.00085111056
0.00040881225
0.00070932525
0.00051351247
0.0001943191
0.0014677186
0.00071470276
0.00023416379
0.0010959588
0.0004835754
0.00048958935
0.00015684268
0.00015765966
0.001119515
0.0006761428
0.00072594715
0.00043508492
0.00019472204
0.00071962207
1.6929756e-05
0.00018074542
0.00057827873
9.653914e-05
4.2794956e-05
0.0012490394
0.00043401145
0.00012951279
0.0017984426
0.0015115383
0.0013039521
0.0010936153
0.00086284894
0.0009007114
0.0011463377
0.00049023866
0.0008436078
0.0009657714
0.00028235995
0.0005645621
0.001298922
0.0016894474
0.0016924989
0.0014041796
0.0009272883
0.00038078346
0.000435065
0.0005171075
0.0016256553
0.00015886042
0.0005912654
0.0009098762
0.0015133643
0.0006540126
0.00026405056
0.0006014444
0.0006886344
0.00045836833
0.0016192792
0.0006713901
0.0012670489
0.0011776396
0.0010241435
0.0011349784
0.0014524793
0.00184498
0.0021875766
0.0014086219
0.0019811352
0.0011230723
0.0025519598
0.0044200937
0.007118224
0.0057222717
0.0059168753
0.0074229413
0.008149808
0.009017869
0.0068416446
0.004867556
0.0060232677
0.0066760173
0.0055683297
0.005600324
0.004854443
0.0044427584
0.003722086
0.0031893107
0.0026429403
0.0019737647
0.0031476452
0.0017147132
0.002206059
0.0016828735
0.0023448807
0.0012046526
0.0015146432
0.0020710751
0.001082852
0.0007034774
0.00096736604
0.00087190163
0.0013329892
0.0015060937
0.000624274
0.0009908994
0.00048344757
0.0013688278
0.00024569267
0.0017788718
0.0011255499
0.0006661037
0.00094017235
0.0009548225
0.0014176806
0.0015863742
0.0012350308
0.000966105
0.0012546827
0.0006123875
0.0008410595
0.0015703063
0.001211854
0.0006635057
0.0010136593
0.0009263926
0.002306839
0.0012660373
0.0020044546
0.0011320367
0.0020305242
0.0014513086
0.0019113754
0.0025831717
0.0030328685
0.0017547146
0.0016162088
0.0020342525
0.0015082979
0.0014946916
0.004714463
0.0012490293
0.0019463687
0.0025104855
0.0014916793
0.0016758642
0.0028418628
0.0010212668
0.0009254287
0.0028459504
0.0036485277
0.0009739527
0.0033990229
0.0022626976
0.0024064386
0.002086579
0.0014476159
0.001733844
0.0019487843
0.0029380473
0.0035369382
0.00599159
0.0044966913
0.0035958344
0.003977643
0.0031186428
0.0016034181
0.0041850912
0.0027818556
0.0033284295
0.003298789
0.00238421
0.0015065904
0.0017323811
0.0012993927
0.0007347957
0.002263449
0.0017640679
0.0012948872
0.0016652404
0.0049257064
0.0023260394
0.0026821364
0.0015423393
0.0021654936
0.0018669269
0.002089446
0.00046105887
0.0040687267
0.0011338964
0.0024837863
0.002208804
0.003041668
0.0029279946
0.0033003334
0.00142949
0.0027549823
0.0024864557
0.0030903292
0.0018978261
0.001036449
0.0011661334
0.0018737647
0.0048651025
0.0037991968
0.003158813
0.0017407106
0.0011816947
0.0019401689
0.0006227726
0.0012495256
0.0017220408
0.00087776827
0.00056571705
0.0007769528
0.00062004937
0.0005788259
0.0010392661
0.0012813451
0.0013161724
0.002579077
0.001021175
0.0009971646
0.002327981
0.0011086054
0.0012860775
0.0011598064
0.0019881965
0.0017323693
0.003072623
0.0022725873
0.0030593085
0.0021164375
0.0017908365
0.0026581879
0.0030036056
0.0029201342
0.0015805946
0.0015454139
0.0013653024
0.0019016264
0.0010475158
0.0011222508
0.0011219346
0.0015319936
0.0020884415
0.000909096
0.0007111035
0.0013835155
0.0006092094
0.0012841972
0.00051471416
0.0009410238
0.0016750138
0.0016917431
0.0023748996
0.001462387
0.0021907731
0.0014811474
0.0020580585
0.0013302753
0.002040871
0.0021498883
0.00091064733
0.00057053106
0.0014872949
0.0017740983
0.0022690871
0.001605495
0.0029980952
0.0020813192
0.0015861745
0.0023124097
0.0031936867
0.0015649678
0.0013683129
0.0022929595
0.0013562121
0.0013078271
0.00093713566
0.00036395225
0.0016596832
0.0018679299
0.003867894
0.0014743877
0.0014963463
0.0009840128
0.00087301014
0.0019590356
0.00139196
0.002127812
0.000943184
0.0023180537
0.0013033679
0.0010548993
0.003470414
0.0007250669
0.0021318048
0.0034408818
0.0040550944
0.003930313
0.0024448186
0.002624544
0.0018090862
0.0035486214
0.005057891
0.0051806793
0.005245101
0.003631033
0.0036798571
0.003448361
0.0036244362
0.0059626084
0.005675314
0.005560383
0.003917964
0.006101034
0.006365525
0.0081812525
0.007126328
0.006502584
0.0077407747
0.008462584
0.009103617
0.008272466
0.0049962327
0.0048626494
0.0040504355
0.0022941614
0.0049093096
0.004255536
0.0062733414
0.006199312
0.005213182
0.00412186
0.0041269544
0.001599143
0.0029196325
0.0015167295
0.0026750118
0.00139833
0.0026741365
0.0023740255
0.0035595393
0.0033855063
0.0028408354
0.002590833
0.0031971592
0.003993177
0.0036844914
0.003160786
0.0043449183
0.0034081554
0.0050536995
0.00420248
0.0031408477
0.0024859132
0.004216333
0.0027509525
0.004754886
0.0033606584
0.004636512
0.0032384724
0.0019975938
0.0021423767
0.0021312512
0.001198356
0.0026647272
0.0025402387
0.0024030097
0.0019617814
0.0020443825
0.0018043707
0.0016443954
0.0021072524
0.0023320906
0.0012256021
0.002625925
0.0024509458
0.0016111146
0.0017748964
0.0029998296
0.0017605415
0.0015434917
0.001572565
0.0030392357
0.004675208
0.0026242111
0.0017519187
0.002548121
0.0022419633
0.0025484806
0.002428464
0.0020874627
0.0038010357
0.0034702045
0.004477123
0.0040503363
0.0052212933
0.005439852
0.006194446
0.0051777503
0.0043381066
0.005040165
0.0037531024
0.00342899
0.0040307827
0.0054647685
0.0041671675
0.0034492232
0.003135454
0.0022350068
0.0020511993
0.003321729
0.003204347
0.003262169
0.0033709765
0.0039511663
0.0018090776
0.003556955
0.0028641904
0.003665429
0.0039836136
0.00273584
0.006256783
0.0030900121
0.0038560322
0.0054228064
0.0038432758
0.0041466192
0.002973303
0.001793518
0.0030343062
0.0026088653
0.0021589058
0.0015917228
0.002143068
0.0030165901
0.0018050226
0.0034996101
0.003704943
0.004042195
0.0016236759
0.0018591871
0.0019450616
0.0017590995
0.002414134
0.0012104842
0.0009960639
0.001805379
0.0017040516
0.001985599
0.0015068125
0.001391738
0.0022670121
0.0010724837
0.0009924722
0.001939954
0.0022637607
0.0022122692
0.001565746
0.00156906
0.0012673202
0.0018680089
0.0011733635
0.0014226703
0.0011275327
0.0025360014
0.0026840956
0.001036694
0.0024808277
0.00092971185
0.0014729794
0.002433179
0.0017960181
0.002091092
0.0015676352
0.00041569304
0.0003730387
0.00063913484
0.0018898332
0.0011074045
0.0009841373
0.0014991944
0.0013437069
0.002841019
0.001283936
6.796159e-05
0.0018813158
0.0015668398
0.001940303
0.0022168641
0.0016457591
0.002871328
0.005279222
0.0037270659
0.0014047103
0.0025313012
0.003668009
0.0040133195
0.0028697213
0.0027568112
0.0013943895
0.0024735734
0.0030986718
0.0025630116
0.0035353315
0.0015024869
0.0016696218
0.0011667603
0.0012161399
0.0019294107
0.003896295
0.0016260667
0.0013346467
0.00237382
0.00083325047
0.0017590101
0.00017149026
0.001109752
0.0012283183
0.0014009933
0.0009412579
0.0018680398
0.0027437808
0.0017728698
0.0031376877
0.0025242756
0.002118713
0.0012419074
0.0010969021
0.00074603775
0.0019572487
0.0016905039
0.00094436854
0.001598834
0.0016131151
0.0013013119
0.0012210043
0.0012804655
0.0012244972
0.0012037067
0.0024400384
0.0034882415
0.0017154863
0.0019576466
0.0014462422
0.0009911683
0.0017095717
0.0034245409
0.0038839872
0.0021001685
0.002844539
0.0024040537
0.0013234427
0.0013200792
0.0022776718
0.93098456
1.0000001
0.90616846
0.03386089
0.028000416
0.024867715
0.02394249
0.02371263
0.019105174
0.015633091
0.016430272
0.01133017
0.005982478
0.008110097
0.013175682
0.010072383
0.008155059
0.007278807
0.006652536
0.01111717
0.0093623195
0.007702624
0.008703458
0.008882221
0.009347016
0.007128293
0.005048502
0.0048784064
0.0086045265
0.0017646793
0.0032081981
0.0022924421
0.0047688913
0.000302163
0.0011183923
0.0012227552
0.0008336849
0.00068780745
0.0013645415
0.00052885787
0.0013187162
0.0017968745
0.0011275612
0.0009748569
0.0012602682
0.0013807262
0.002078947
0.0022001106
0.0023973978
0.0025976424
0.002104621
0.0013616619
0.00085954077
0.001494109
0.002021397
0.0015644523
0.002022045
0.0013928327
0.0012412228
0.001846737
0.0005913667
0.0011246204
0.00049412984
0.0017261101
0.0010999402
0.001992007
0.0023785504
0.0018723884
0.0020211241
0.0013543472
0.0017050043
0.002000821
0.0016354121
0.004470383
0.0015338565
0.0014143815
0.0026882691
0.0032431297
0.002619407
0.002288409
0.0020122896
0.001949029
0.00079163
0.0032815507
0.0011477128
0.0010814854
0.0012695108
0.00043403014
0.0017776114
0.000730474
0.001339284
0.0016173916
0.00049871195
0.00035933557
0.0004933531
0.0007956963
0.001058285
4.271102e-05
0.001051782
0.0005104502
0.00097470905
0.0008169033
0.000626535
0.0013061959
0.0005705878
0.0008867489
0.0016026663
0.00076792634
0.00036576315
0.0005676436
0.0020785215
0.0010039457
0.0007423513
0.001627226
0.0010714622
0.0009877931
0.0017047115
0.001526033
0.0014958015
0.0008601727
0.0013998736
0.0012657613
0.0017269696
0.0008577384
0.001397477
0.00029678713
0.002300953
0.0011028224
0.0038509495
0.0025242346
0.0011529381
0.001922053
0.0030024739
0.0017583813
0.0016408731
0.0020015761
0.001657285
0.0023470526
0.001265669
0.0016426237
0.0016419785
0.0013071387
0.001086764
0.0028729234
0.0013816211
0.0005073668
0.0011427823
0.0017616283
0.00090601353
0.0014218765
0.0028274804
0.0010649302
0.0018299515
0.0013131547
0.0021611818
0.0027709669
0.0022167547
0.0020414419
0.0031290243
0.0006232524
0.002390503
0.0023205213
0.0008703895
0.0011585763
0.0010925345
0.0019891777
0.0019438136
0.0023234873
0.0013723939
0.0012899962
0.0014667457
0.003941548
0.0017491822
0.001185679
0.0020551018
0.0018081744
0.0017838094
0.003160963
0.0011505825
0.0013500479
0.0012549
0.0027435687
0.0009035885
0.0014310215
0.0029238241
0.0004522911
0.0012578474
0.0013517687
0.0013969833
0.0014604725
0.0004979754
0.0010787057
0.0016327716
0.0008849477
0.0008553689
0.0010707497
0.0013183266
0.0015779431
0.001297138
0.001131024
0.002011899
0.001283983
0.000613639
0.0012861302
0.0006166976
0.0014220037
0.00028262363
0.0012130736
0.0010353441
0.0012293082
0.00074328785
0.00088379683
0.00091763434
0.0012717287
0.0008295103
0.00020155225
0.0017179997
0.0015029146
0.0008318359
0.0013494114
0.0008094942
0.0010395704
0.0010855839
0.0006926089
0.0011389351
0.0010853683
0.0008873831
0.0013987644
0.0003106193
0.0021604183
0.00039808615
0.0012287573
0.0003961688
0.00079459616
0.0007676115
0.0010281395
0.0014728437
0.0005960676
0.0007721651
0.0009732903
0.00051593693
0.0012838948
0.0007766686
0.0014884324
0.0020033629
0.0014812513
0.0005027623
0.0006854933
0.0010794764
0.001507221
0.00047236995
0.0011777125
0.00039214356
0.00043388025
0.0012322479
0.00013710638
0.00089562545
0.00072573323
0.0006171195
0.002040698
0.0013124981
0.0018098229
0.0024681438
0.0032171574
0.0016779151
0.0019539045
0.0011322657
0.0014551093
0.0012463209
0.0011478565
0.0025678664
0.001349184
0.00032188423
0.0025910342
0.0011756893
0.0017224785
0.002359471
0.0026224111
0.001470981
0.0015440572
0.001149706
0.0017586171
0.0015049865
0.0009073997
0.00067860994
0.00095291634
0.00091732515
0.0009932476
0.0010979408
0.0010899387
0.0010955016
0.0012858107
0.001114707
0.0022327984
0.001330637
0.00151937
0.003323086
0.0018619632
0.001731661
0.002149857
0.0018821361
0.0030548696
0.0017605182
0.0012468498
0.001675553
0.0012865682
0.0018698203
0.0015709335
0.0013388321
0.0016587151
0.0035441432
0.0027097694
0.0016757371
0.0021736633
0.0019475191
0.0026964096
0.0027981328
0.0022434257
0.002457317
0.001609529
0.0016538297
0.0011693818
0.0024325782
0.0012238442
0.00072353764
0.002315802
0.0017501961
0.0012780904
0.001862695
0.0026158672
0.0027136772
0.0015497439
0.0026034901
0.0012887197
0.0019592524
0.002344146
0.0011104117
0.0019761124
0.0026698546
0.0013375187
0.0026263169
0.0023297907
0.0015974507
0.0015378777
0.001395013
0.0013499717
0.0019277493
0.0018546728
0.0025427665
0.002100234
0.0005572515
0.0010410342
0.00087592157
0.0017656139
0.002343988
0.0014593148
0.0017012046
0.0014140055
0.0018302144
0.0014513754
0.0007332916
0.00066604925
0.0008204951
0.00065010245
0.00067294127
0.00084468245
0.000873553
0.0018134576
0.0014098446
0.0006781041
0.0022038794
0.0016406913
0.0008392851
0.0014456323
0.00078723277
0.0015406061
0.00053807744
0.0017243903
0.0010366683
0.00086698856
0.00083802745
0.0008564802
0.0014407211
0.00031437748
0.0008263256
0.00058943644
0.0006537848
0.0009326406
0.0011603637
0.00074524793
0.0006939433
0.00055805955
0.0011748007
0.0001749195
0.00056750845
0.0005083597
0.0005190061
0.00048577692
0.0012869035
0.00025240454
0.001322284
0.00064271444
0.0012398224
0.0015837174
0.001097917
0.0025079343
0.0009357848
0.0021231496
0.0016187889
0.0027248352
0.0019478567
0.0010599693
0.0045148735
0.0024082407
0.0043435954
0.004264855
0.0051754178
0.0019520184
0.0027878394
0.0034283786
0.0050237477
0.0026817715
0.0034822624
0.005154795
0.004226053
0.0031762428
0.0026414108
0.003132923
0.0038474593
0.002937302
0.004204888
0.0042740735
0.0044532656
0.0062553766
0.003949264
0.007784995
0.0077102114
0.0047038654
0.0068879216
0.0063190865
0.0060088383
0.006332721
0.0068164403
0.004857325
0.00412887
0.0039760135
0.007045877
0.004284887
0.004329152
0.004016051
0.006920278
0.0055326577
0.0050609573
0.00490006
0.005276815
0.0056782817
0.008987365
0.0048347926
0.0056488886
0.0055821636
0.0027887777
0.0067875306
0.0065598874
0.0071892454
0.004651294
0.004300273
0.0035193667
0.0061091706
0.0062507074
0.008446792
0.0045558326
0.0069976803
0.0052538374
0.0059934296
0.007206622
0.007926109
0.5392199
0.5578249
0.50473803
0.5408818
0.59297
0.6087491
0.54996926
0.023388749
0.022353727
0.024908338
0.01852421
0.022710068
0.022661675
0.018721052
0.017235544
0.015511108
0.014669809
0.018111305
0.014057599
0.01694955
0.014576377
0.015048105
0.016694764
0.02291758
0.014695533
0.017270237
0.018587045
0.017034616
0.0142982
0.01617517
0.014661588
0.015026845
0.008336428
0.008708067
0.0068785907
0.0033059032
0.0016396526
0.000775637
0.0006172237
0.0007168206
0.0013360506
0.00064638583
0.00084028125
0.0011528016
0.0011829796
0.00074248645
0.0005326953
0.0006541842
0.0010776992
0.0014176432
0.001838869
0.0016456115
0.001623987
0.0006140193
0.0018761975
0.0017498088
0.0008326024
0.0023445413
0.0010551409
0.00356448
0.0010602444
0.001353398
0.0011797508
0.00092046964
0.0011356488
0.0023418346
0.0021156266
0.0016254387
0.0013897499
0.0022334997
0.001421606
0.0009008909
0.001425773
0.003098083
0.0013623167
0.001620796
0.0014055326
0.0013721348
0.0023724937
0.00095199177
0.0012604278
0.0012384364
0.0026257483
0.0011852545
0.0015040478
0.0036994712
0.0038140677
0.0057065994
0.003810971
0.0043983655
0.0029430138
0.0037880433
0.0027947966
0.0029017068
0.0046087843
0.0036957245
0.0040854155
0.0027013137
0.0029949637
0.0018852653
0.002366225
0.0019695396
0.0014192965
0.002113591
0.0014532955
0.0015096623
0.0020607747
0.001207231
0.001779255
0.0013726144
0.0024675336
0.0019313172
0.0016142312
0.0014594642
0.0006266094
0.00059628324
0.0018661451
0.0010182781
0.0012535866
0.00096547755
0.002061046
0.0011975681
0.0009861194
0.00090277963
0.0018195263
0.0005634305
0.0022787382
0.00066810363
0.0025659546
0.0016763095
0.00074157305
0.000962608
0.0017506263
0.0018017974
0.00087113446
0.0015325848
0.00046257168
0.00035050983
0.0019608273
0.0009150038
0.0011633853
0.0010444121
0.000775785
0.00040975458
0.0015550746
0.000935955
0.0007807142
0.0012149338
0.00045513274
0.0023240277
0.00087049115
0.0006797617
0.00091611675
0.00034123432
0.0009974315
0.0013438113
0.001289236
0.001683118
0.0012800309
0.0019417447
0.0013460034
0.0015816033
0.0009013448
0.0010943398
0.00067302014
0.0010405389
0.0012099857
0.0014064483
0.00041851966
0.0009568329
0.0007025819
0.0005157016
0.0007893641
0.0010296039
0.0006831265
0.00038755592
0.00018419551
0.00064278516
0.0010515884
0.0006248667
0.0009995867
0.0005859275
0.0009992654
0.00047050224
6.274118e-05
0.00034812832
0.0003345033
0.00096335565
0.0015235946
0.0013569917
9.358967e-05
0.00036008918
0.000347758
0.0012582851
0.00060515635
0.0008601488
0.00042517518
0.0012306492
0.0003784104
0.00023837744
0.000788301
0.00074937224
0.0009961175
0.00041152176
0.000642151
0.0007271227
0.0013596766
0.0005506609
0.0009386977
0.0009054168
0.0011781415
0.0011031926
0.0011969613
0.0007768978
0.0009811441
0.0017481317
0.0008945174
0.000773696
0.0010033261
0.00042756164
0.00059714733
0.0006680431
0.00071291946
0.00048330403
0.0010620456
0.0004538183
0.0010332267
0.0018029583
0.0016650942
0.0023797587
0.0020630069
0.0010915783
0.001329644
0.0011050602
0.0019421661
0.0011588298
0.0012892131
0.0009233557
0.0010381258
0.0012706707
0.0011786149
0.0017508166
0.002034787
0.0022430578
0.00355148
0.002556675
0.0014306522
0.0015468858
0.0013617603
0.0020905603
0.002553793
0.0016303371
0.0031306779
0.0016869472
0.0015007776
0.0021267878
0.0031807378
0.0021837421
0.002117796
0.0020768107
0.0018067244
0.0017045756
0.0018991586
0.00215571
0.000996133
0.0016433515
0.0018002361
0.001989987
0.00061732915
0.0018197955
0.0019337041
0.00030734914
0.0006384629
0.0010736103
0.0012490134
0.0028367552
0.0016836658
0.0010814558
0.00077486073
0.0012234182
0.0012550291
0.00029076223
0.0004812277
0.00075487193
0.0010905614
0.0021328584
0.0011319917
0.0004042458
0.0015949062
0.0021363269
0.0021423246
0.0009446994
0.0010510731
0.0006892457
0.0004985406
0.000421212
0.0016443188
0.0011322801
0.00040442194
0.0008502039
0.0013584489
0.0014229169
0.0014947967
0.0015096255
0.0016893238
0.0010997286
0.00081351877
0.0007465626
0.0011177307
0.00084693695
0.0011238282
0.0012538816
0.0011384524
0.0016140906
0.001220778
0.0016794393
0.0016091999
0.001592176
0.00074570626
0.0013138241
0.0009846612
0.0006208801
0.0017963238
0.0013184104
0.0041247285
0.0016789617
0.0046039987
0.0019200337
0.0016456014
0.00072961324
0.000783351
0.0020373252
0.0011268914
0.001732962
0.0007627528
0.001113327
0.0018650275
0.0017469551
0.0010398633
0.0018568386
0.002034787
0.001060383
0.000908235
0.0011506518
0.000795829
0.0015013536
0.0009353218
0.0023822326
0.0006226522
0.0012173215
0.0020703974
0.00082102895
0.0011161186
0.0026931397
0.0035491732
0.0014970496
0.0019462698
0.0026684152
0.0015005608
0.0011824609
0.002230203
0.0019397503
0.0019092041
0.0010177451
0.0026271166
0.001316914
0.0023146549
0.0021635809
0.0036470343
0.002513129
0.0010585184
0.0031333037
0.0021175863
0.00081868586
0.0014570353
0.0012946735
0.0023524768
0.0011616577
0.0029744918
0.003946069
0.0010991195
0.0019224922
0.0036596304
0.0023294957
0.0007479994
0.0014441963
0.0015913766
0.0016501289
0.0023642397
0.0017807935
0.0015056713
0.0018251319
0.000839591
0.005648507
0.0015248227
0.0021665436
0.0022872388
0.001965629
0.002439106
0.0023031614
0.0021609305
0.0013757189
0.0034420313
0.0024900758
0.002663915
0.0054951995
0.0026036191
0.0021175528
0.0027688697
0.0031580522
0.0021603187
0.002917065
0.0011764803
0.0013822813
0.0010752833
0.0012963897
0.0018779614
0.0015613083
0.0012646291
0.0023166847
0.0021191714
0.0007352404
0.00086990744
0.0019528538
0.00051603303
0.0022435759
0.0015429321
0.00054697914
0.0011289542
0.0013558287
0.002383736
0.0034979475
0.0007291778
0.0006886643
0.0018101477
0.0033075705
0.0012108998
0.0005975175
0.0013360131
0.0021156748
0.0027430372
0.003642579
0.0027060043
0.0026449098
0.0028596579
0.0027734672
0.0014666434
0.0033570689
0.0011227161
0.0024966574
0.0015876128
0.0026016885
0.0038249125
0.0018955166
0.002457124
0.001970147
0.0029385008
0.0029201654
0.0022558586
0.0019576603
0.0038159592
0.0027962227
0.001887463
0.0018972228
0.002501144
0.0025858073
0.0036066049
0.0037293374
0.0037277886
0.0027651521
0.0025787249
0.0035213947
0.004047225
0.0029166122
0.0022056012
0.0037638126
0.0012827169
0.003005807
0.00194572
0.0030755391
0.0025553473
0.0015707854
0.0037383013
0.004019945
0.0018178567
0.0038705552
0.003159612
0.0034581774
0.000932795
0.0044023497
0.004562593
0.002780371
0.0027632033
0.003590195
0.004311282
0.003087447
0.0036393397
0.004210306
0.0055252695
0.005488398
0.0070486204
0.0057143727
0.0039578313
0.0021481158
0.0032304458
0.004548792
0.0030664762
0.0031980828
0.002398267
0.0028695306
0.0028093043
0.0025765328
0.0050050756
0.0019592699
0.0015389943
0.0027958725
0.0034750921
0.0038870703
0.0021717995
0.004040169
0.0016877239
0.0036081288
0.003119629
0.0045292904
0.003735499
0.0037459824
0.0037561473
0.0022943926
0.0021483833
0.0009900274
0.00197333
0.00084903475
0.0022662478
0.0036054794
0.0020556028
0.002390155
0.0015454503
0.002924182
0.0016934697
0.0018415581
0.0017130857
0.0011801652
0.0011503146
0.0009596526
0.0009387942
0.0007534624
0.0014940231
0.0015338877
0.0020014823
0.0018906961
0.0013883926
0.0015710504
0.0019595262
0.002582264
0.0013802798
0.0010851199
0.0015872038
0.0011819009
0.0012085846
0.0020120994
0.0013980543
0.0013895702
0.0008561383
0.00037074188
0.0005356851
0.0019931297
0.0005930101
0.0006722492
0.0016111194
0.0012210286
0.0014153403
0.0023814123
0.0037419824
0.00089021504
0.002178118
0.0029002076
0.0012990689
0.0015967503
0.0013903865
0.0028660055
0.0015960522
0.0039737266
0.0027145648
0.0020234277
0.0018561219
0.0020298958
0.004476328
0.0032815055
0.0022525135
0.0036520786
0.0027131268
0.0034274268
0.0053423033
0.0035592054
0.0068862997
0.007733907
0.0068508494
0.007822794
0.0068597025
0.0055655446
0.0077495924
0.0050204825
0.0046846666
0.0071488842
0.00476564
0.0050335927
0.0029267452
0.0065215034
0.0050359643
0.003604902
0.0047328067
0.0037750881
0.004233368
0.002530928
0.003581402
0.002036356
0.0023553516
0.0020191567
0.0019436579
0.0038000247
0.0028129907
0.002099595
0.0035172151
0.002778988
0.0023180493
0.003055329
0.0012176357
0.0016503187
0.0035030656
0.0037247194
0.0031097059
0.0023469713
0.0029713307
0.004745865
0.0035754098
0.0038733524
0.003821528
0.004267
0.002760825
0.003104652
0.001825847
0.0024911123
0.0011696843
0.0015835228
0.0010072245
0.0019444285
0.002234286
0.002506835
0.0032527812
0.002094024
0.0015260853
0.004676247
0.0022985283
0.0025634156
0.0029632058
0.0027499462
0.0044106673
0.002897646
0.004706122
0.003234328
0.0037695114
0.0027504205
0.0025956333
0.0047757737
0.0061169546
0.004442984
0.0045402474
0.00562218
0.005812899
0.0065642647
0.0045589074
0.004482361
0.0057641175
0.0053006927
0.0045136907
0.0049701664
0.004334638
0.005703693
0.005698114
0.0037286878
0.0040770457
0.00407544
0.0023124323
0.002107604
0.0027496617
0.0019119605
0.0012694888
0.0018801466
0.001568538
0.0038103182
0.0032510867
0.0021426664
0.002058678
0.0019933283
0.0029402645
0.0031681103
0.0023491615
0.0030485515
0.0029870076
0.0032937736
0.0027596415
0.0023525301
0.0018069535
0.0021853202
0.0015773241
0.002595317
0.0012783415
0.0019055365
0.0015451646
0.0019822326
0.0016548457
0.0016754073
0.0015497449
0.00089229003
0.0015553479
0.0014619104
0.001162964
0.00061631174
0.0011772908
0.0015649662
0.001618931
0.0018829538
0.0018439058
0.0010058101
0.001573872
0.0029489207
0.0014933735
0.0043289326
0.0026695477
0.0022668212
0.0013253209
0.0014800555
0.0027433292
0.00097627554
0.0018961483
0.0017114325
0.0015060463
0.0009023241
0.00086655107
0.000418455
9.760326e-05
0.000930634
0.00074303773
0.0011304521
0.0017440758
0.0026518037
0.0014633212
0.0018889813
0.0012218382
0.0048456024
0.0011064077
0.0022004768
0.001562229
0.0015974139
0.0025207042
0.0007850166
0.0008750962
0.002147626
0.0022086087
0.00247578
0.0011783707
0.0020913226
0.0023320578
0.0019711081
0.0024788212
0.002051762
0.0025427982
0.0013570648
0.0014408112
0.0004941235
0.0013228909
0.0010998488
0.00062088633
0.0003132053
0.0015783096
0.0010327379
0.0005986637
0.0017879505
0.001534766
0.0013450799
0.0015544408
0.0022657746
0.0008861921
0.0026070953
0.001191582
0.0013363719
0.004396899
0.0011447454
0.00077009655
0.0011664027
0.00094939664
0.00079065934
0.0011490805
0.0020143462
0.0011638603
0.0016184447
0.0037777931
0.0010638094
0.0023935523
0.0014408479
0.0022447894
0.0017626737
0.0014752876
0.002764132
0.0007571025
0.0011436219
0.0016118629
0.00159265
0.0007306579
0.00065189955
0.0005314026
0.0006533615
