0.34081027
0.22999945
0.2502697
0.26206675
0.26085758
0.30147398
0.25353318
0.391813
0.4075806
0.3510765
0.34284654
0.3825168
0.43133375
0.25423455
0.26244614
0.28263423
0.27609164
0.33055073
0.3059278
0.30888206
0.31012237
0.27569875
0.21763285
0.16659406
0.21748202
0.23005058
0.19978873
0.22640346
0.2117748
0.20780551
0.27164367
0.27746704
0.3361099
0.33209002
0.27823317
0.32019082
0.24863909
0.19769275
0.2218643
0.24718815
0.20462342
0.15235566
0.2066816
0.2290862
0.23036382
0.21051027
0.1637292
0.21942827
0.23232016
0.18387157
0.3267138
0.13065006
0.26611972
0.1358403
0.21251994
0.2593984
0.12778692
0.08599728
0.16033559
0.21079336
0.15687443
0.17558919
0.22698876
0.1451458
0.2558063
0.077071786
0.28321037
0.12780836
0.20513666
0.2543982
0.07567769
0.0955682
0.16713914
0.09778302
0.19818175
0.14646542
0.1896814
0.33414093
0.19590004
0.11774294
0.2072729
0.16850726
0.09815704
0.2446999
0.23752636
0.21810615
0.18467909
0.37412328
0.24957629
0.08194236
0.17134146
0.104960665
0.079384744
0.12284301
0.2171698
0.21040285
0.19056173
0.22365585
0.14430179
0.14275296
0.18175435
0.22376667
0.21484746
0.28209695
0.24293584
0.17283554
0.14264356
0.19083251
0.13961235
0.1968544
0.15653744
0.18645717
0.19140056
0.1629338
0.21391863
0.3116466
0.109647326
0.10363992
0.34613487
0.16175032
0.23931633
0.13730124
0.14600477
0.08398667
0.1882695
0.13165027
0.10410292
0.26809958
0.2205323
0.1165605
0.17319816
0.09348326
0.1488416
0.26968917
0.2671412
0.08642849
0.21522526
0.099319465
0.14274706
0.16024777
0.22289728
0.09770802
0.20221741
0.2178134
0.12349942
0.17505854
0.22562705
0.21029416
0.21224494
0.15154722
0.1638042
0.15820085
0.31868085
0.15384169
0.17519873
0.18285498
0.16410175
0.196982
0.08723995
0.195589
0.16332833
0.18897459
0.24037558
0.29586112
0.16402116
0.19131894
0.13760424
0.112972334
0.18529204
0.3112961
0.21166821
0.26757848
0.25373605
0.11782765
0.14301352
0.061295968
0.17024574
0.10180378
0.12914762
0.25277725
0.12007044
0.24289162
0.1375293
0.10766794
0.21309534
0.11796286
0.096240245
0.06455069
0.10866175
0.14333679
0.1391041
0.18949632
0.13930546
0.04745513
0.20011058
0.14026694
0.11510929
0.27765453
0.094493076
0.09240881
0.07985244
0.13251732
0.062475543
0.06452592
0.28724575
0.06547171
0.15542112
0.25098282
0.086996466
0.13380623
0.28896958
0.19951883
0.12761578
0.16755995
0.05909121
0.111660555
0.133145
0.12997168
0.1200353
0.1201735
0.13135216
0.19106944
0.14916503
0.16113617
0.23214357
0.22726598
0.1354237
0.12148228
0.20731914
0.066717565
0.1052419
0.100526154
0.10042537
0.23150533
0.2051417
0.070677936
0.16105552
0.11900693
0.10989442
0.13988955
0.08072775
0.044910654
0.09852599
0.058830034
0.11547181
0.06953401
0.26226267
0.16714142
0.120511
0.13050662
0.07026126
0.10570915
0.18573298
0.15029974
0.27306268
0.14955501
0.16661848
0.16637403
0.069655195
0.047848493
0.09539964
0.09299275
0.10730055
0.12508312
0.16811152
0.3315523
0.1640169
0.13437586
0.14858046
0.22333978
0.15241024
0.123323284
0.11593501
0.13976094
0.1074361
0.26618654
0.17899588
0.12648717
0.12976463
0.055254325
0.10409202
0.1556242
0.26351276
0.12613995
0.23853411
0.16050717
0.12665208
0.22751804
0.17744984
0.17942297
0.1367372
0.12008264
0.100271136
0.17478167
0.10619693
0.33764184
0.13871859
0.16084138
0.16622707
0.18297248
0.07861735
0.100788176
0.3396532
0.13815458
0.17304802
0.17623973
0.19708465
0.04733982
0.13112484
0.05944281
0.10204987
0.11682286
0.122271165
0.22024399
0.15720046
0.24331447
0.14400172
0.16801687
0.18275635
0.13584882
0.1721108
0.14905193
0.1276585
0.0684954
0.20026451
0.23062055
0.107943825
0.14058387
0.12048932
0.2671638
0.086545624
0.2688952
0.11801743
0.12318606
0.11684522
0.14279146
0.065756634
0.100824974
0.22700875
0.13648038
0.2693209
0.0854882
0.20750906
0.13606016
0.13687336
0.17252126
0.17250848
0.115966246
0.29166183
0.19658677
0.12843968
0.21248555
0.17660102
0.12960966
0.13452233
0.174179
0.1683936
0.102421016
0.20966928
0.25399277
0.11564681
0.048136476
0.13473205
0.099303976
0.17828427
0.1910077
0.09570743
0.12629406
0.1372333
0.09443685
0.03914686
0.10328614
0.13150088
0.12835708
0.2674872
0.10434236
0.07310307
0.1878991
0.049890436
0.078777656
0.10782782
0.12745917
0.11642601
0.083402656
0.017201714
0.14338028
0.06985157
0.19651477
0.12113676
0.23728788
0.12000954
0.16355717
0.11033588
0.16338664
0.17061213
0.102000065
0.12796196
0.15560423
0.15549791
0.07356384
0.19689105
0.12683718
0.16300213
0.13993953
0.11769572
0.13273138
0.11848927
0.18041088
0.1062229
0.16046047
0.050546624
0.1356762
0.08655324
0.24623984
0.06657123
0.063867606
0.2335152
0.068066254
0.206774
0.11291675
0.2980361
0.17201844
0.15217373
0.15571506
0.14616619
0.13530529
0.26365903
0.29200885
0.24091093
0.2007297
0.072921865
0.12752055
0.07853633
0.1588758
0.038385026
0.091226034
0.11765434
0.23844682
0.17156257
0.1216076
0.12666003
0.097790174
0.22071634
0.091857575
0.21452577
0.06600904
0.15376247
0.11325437
0.100701675
0.1492069
0.3270223
0.20599659
0.101833925
0.053680535
0.07749432
0.0
0.23273097
0.12773369
0.14151295
0.07712783
0.27611735
0.14121309
0.23055393
0.15597278
0.080163494
0.35371685
0.07789375
0.16857201
0.20933497
0.25495437
0.17571904
0.070719294
0.07746796
0.30554566
0.04465981
0.15716834
0.10911223
0.23715562
0.16294792
0.1519826
0.17779544
0.16288681
0.062536724
0.12339385
0.21729009
0.10969629
0.121759616
0.035837352
0.15164013
0.18313584
0.114556305
0.08687847
0.08950447
0.16966857
0.12008049
0.10624121
0.15834992
0.121421866
0.114741
0.14109114
0.32294467
0.13927579
0.1327452
0.17626378
0.4123597
0.30051887
0.1786477
0.23380503
0.20161183
0.18436666
0.21299355
0.16513458
0.20856516
0.17145233
0.1975299
0.17727128
0.24181467
0.21307608
0.29517123
0.24675159
0.29488942
0.30981907
0.29526177
0.2389984
0.2487348
0.26081795
0.23198855
0.33903036
0.2216021
0.28092477
0.30698723
0.28968182
0.25862038
0.28787133
0.26078832
0.26948416
0.2345984
0.2167834
0.28256294
0.19937253
0.16544741
0.2658196
0.2358914
0.1760156
0.23330545
0.2068436
0.28633723
0.16141947
0.17180218
0.20070754
0.23077254
0.1923909
0.09400162
0.207045
0.23193479
0.17152384
0.13826057
0.21050763
0.2708684
0.22786972
0.14813817
0.19961691
0.22307168
0.21493058
0.28820914
0.17534979
0.23190208
0.20229025
0.1887145
0.12924801
0.1638572
0.15324055
0.16671096
0.14314097
0.14457165
0.06606942
0.1775522
0.12321158
0.083609015
0.07137435
0.12263334
0.14273213
0.20943703
0.25042287
0.24688889
0.16411111
0.1421171
0.0980303
0.2787812
0.19329152
0.35148874
0.10990563
0.14290431
0.3689473
0.1667067
0.1276514
0.20050253
0.15400282
0.16576152
0.1120453
0.26202384
0.15878029
0.101053305
0.14647213
0.17880727
0.15014131
0.1934854
0.14023662
0.12648103
0.22437781
0.13800764
0.11846056
0.11535293
0.22077313
0.3707443
0.16805805
0.11810684
0.11754506
0.17170845
0.067460276
0.06130058
0.22622707
0.6370434
0.76197463
0.07080508
0.12571678
0.29953307
0.090850085
0.13709459
0.22496337
0.1440027
0.31785473
0.11077345
0.19474009
0.21714413
0.09886204
0.18145415
0.19678506
0.18695709
0.097767234
0.2152812
0.19699141
0.098514855
0.19620894
0.09645316
0.23293047
0.3122996
0.21375038
0.17020798
0.1396583
0.18026659
0.23922916
0.20228197
0.18130206
0.16636404
0.117600106
0.23659742
0.12829922
0.23487511
0.13223824
0.1357653
0.1886799
0.18942392
0.11432177
0.1283369
0.2549864
0.3207689
0.1401282
0.11257289
0.21624973
0.14944713
0.14114366
0.2963868
0.18794009
0.093679406
0.16705525
0.16928788
0.18370391
0.13226244
0.2214275
0.1845305
0.14334327
0.18198477
0.13187766
0.114489146
0.08973338
0.17450982
0.035304453
0.13359725
0.16820458
0.084960565
0.053439762
0.08028779
0.28536868
0.1230712
0.23375212
0.16303803
0.18143453
0.14228903
0.22726557
0.18300503
0.09510108
0.14593251
0.15015869
0.111397125
0.14536923
0.1775652
0.10091271
0.22774807
0.3790844
0.26319462
0.17833906
0.14212239
0.24837896
0.36346346
0.21464887
0.1983555
0.17510177
0.18929012
0.22713013
0.16031277
0.23506838
0.19053084
0.10677963
0.1334651
0.27115193
0.15199986
0.1349186
0.19209564
0.114500314
0.21552615
0.18972231
0.14003989
0.16329998
0.17752217
0.2612192
0.23601228
0.29827815
0.15062328
0.17907128
0.1980611
0.265567
0.36288378
0.3296774
0.25399348
0.17708911
0.30593976
0.25540495
0.25285664
0.31249994
0.25491473
0.30877662
0.43520924
0.38135955
0.3181087
0.20377684
0.2238473
0.30176747
0.28266546
0.32239443
0.28700224
0.2678564
0.25009444
0.2489917
0.276628
0.49477944
0.26363033
0.2538866
0.32734647
0.19637018
0.2518545
0.40403068
0.28633916
0.30032292
0.32066715
0.23059776
0.39700875
0.29927063
0.42763418
0.33837688
0.3202121
0.21882017
0.20869634
0.27034795
0.3748346
0.319419
0.2528813
0.34704974
0.27740076
0.3816883
0.36328736
0.32654035
0.26670495
0.36548826
0.45967445
0.31651154
0.28921908
0.3551485
0.37303928
0.40679172
0.40473694
0.38387355
0.28551596
0.35504356
0.33677238
0.29408768
0.23921187
0.24001795
0.18084382
0.3182126
0.22887434
0.17050147
0.31971285
0.27585894
0.17775276
0.24633151
0.21030842
0.245247
0.26551926
0.30594715
0.24282014
0.24268256
0.31599745
0.20562005
0.3068322
0.25415576
0.19341746
0.2667128
0.33903235
0.29150772
0.32956135
0.30887356
0.2582822
0.3191959
0.23698367
0.19820814
0.30065358
0.29349265
0.35274586
0.3133227
0.22577581
0.18570024
0.15689862
0.28620288
0.24506992
0.32287115
0.27405468
0.23688644
0.34134182
0.19571371
0.29333177
0.27203876
0.33506864
0.24357434
0.3800971
0.27271596
0.25616354
0.18605582
0.2301445
0.20391457
0.1488157
0.27197298
0.21631163
0.20951729
0.21007569
0.28028256
0.14382645
0.2519586
0.19940326
0.18451568
0.18315674
0.15389913
0.14023907
0.11391807
0.24172448
0.13982178
0.23526521
0.15794468
0.1388665
0.23681587
0.25541994
0.15297231
0.3366671
0.06894056
0.10972683
0.19856124
0.173323
0.07599676
0.21883027
0.20233166
0.38431337
0.08804319
0.2616684
0.13413231
0.116210386
0.115442835
0.117596745
0.12160799
0.18099546
0.13759924
0.055261243
0.17024864
0.1834362
0.23060967
0.1846088
0.1344437
0.18975098
0.22994761
0.17823955
0.1933858
0.089758776
0.094325565
0.14909212
0.21890448
0.23480879
0.09703975
0.095944166
0.09831617
0.19421917
0.09654498
0.1136836
0.13077518
0.12340289
0.20001043
0.20691851
0.18112819
0.26070625
0.11887115
0.22265463
0.22957276
0.2369061
0.226353
0.1353918
0.21302882
0.12555909
0.17135471
0.25963348
0.17489088
0.2221543
0.15256399
0.13180347
0.23230469
0.2437546
0.106080815
0.21088934
0.17021051
0.15591222
0.18890059
0.27398258
0.18414688
0.24326341
0.105848834
0.12565215
0.17764185
0.31685796
0.15694012
0.20089856
0.10132685
0.26974568
0.062203836
0.16716725
0.17306995
0.1067437
0.29306903
0.09594965
0.14815639
0.19313316
0.18086992
0.12060904
0.09056466
0.15991415
0.08319574
0.12181262
0.069317244
0.057371978
0.22967523
0.17099924
0.11600572
0.22230653
0.16435273
0.043914188
0.0975659
0.07313808
0.29848322
0.11508845
0.1336218
0.105783716
0.3539783
0.042514812
0.03988578
0.17125021
0.03206263
0.18550113
0.08422657
0.12418313
0.165823
0.27943474
0.17547576
0.13676907
0.121550515
0.10756714
0.13492604
0.13017093
0.2429925
0.1599712
0.058798436
0.16601437
0.24661587
0.080589324
0.16079897
0.15675767
0.08054564
0.14493695
0.13709904
0.15285534
0.16654779
0.03261886
0.10280803
0.14558163
0.4738443
0.08285129
0.11685808
0.051109884
0.186012
0.09779725
0.20413215
0.14191908
0.13026796
0.21389681
0.124259844
0.23896241
0.13865621
0.18713929
0.34290093
0.09807246
0.12522557
0.1803613
0.11322447
0.19290611
0.2175378
0.16323397
0.19255324
0.13312759
0.12030351
0.24808341
0.13566281
0.17033722
0.14971432
0.15914518
0.21320523
0.10999756
0.3806072
0.17771894
0.11860704
0.09788224
0.18198328
0.22400855
0.17393252
0.25212076
0.2727406
0.12272224
0.092001595
0.14165705
0.13670975
0.200407
0.39350978
0.1752908
0.26946658
0.2809397
0.18913777
0.1747409
0.22753835
0.055638652
0.1307946
0.13589215
0.1269485
0.078038156
0.13492782
0.17368966
0.13417058
0.048815597
0.12038538
0.097198255
0.10891067
0.23982216
0.10790998
0.18928704
0.070384085
0.10700784
0.018050965
0.22017395
0.13364537
0.04835703
0.0767233
0.13837157
0.1754604
0.095337
0.1259676
0.09145194
0.11431754
0.12322098
0.13706812
0.17570192
0.13924159
0.12572673
0.12709375
0.06518096
0.075921714
0.077101536
0.08495355
0.0934574
0.13030912
0.29359868
0.12146255
0.06659769
0.08419547
0.14047675
0.07808353
0.10697205
0.21492988
0.10632868
0.0354581
0.18892571
0.107015096
0.12612893
0.16945693
0.13522866
0.116264455
0.16084233
0.206501
0.16877456
0.12037026
0.12754893
0.30652034
0.09206272
0.029490588
0.13419706
0.06351463
0.12719601
0.06987674
0.1700379
0.15904649
0.08830084
0.12095092
0.12112923
0.11183611
0.19405441
0.119589165
0.0905251
0.08796106
0.04520111
0.16350202
0.120105244
0.0352369
0.20199369
0.5084571
0.118883766
0.1865448
0.23409134
0.07653505
0.08028698
0.056583013
0.119094245
0.06736447
0.20978378
0.22147262
0.04873516
0.068522476
0.044020075
0.108610265
0.1229717
0.062406607
0.11900335
0.21908127
0.14335358
0.09719727
0.107424885
0.13536243
0.14308555
0.050606076
0.057681773
0.21267748
0.15187325
0.19898792
0.24399391
0.07068625
0.1449944
0.08544161
0.15618214
0.085170835
0.051461678
0.10289272
0.11598211
0.16454534
0.14151019
0.21842708
0.08587048
0.13460898
0.2028162
0.11417013
0.13168663
0.0956997
0.29878387
0.067843735
0.16423036
0.19753778
0.025823202
0.14606941
0.27635032
0.041749243
0.060867373
0.036781732
0.17676398
0.18878108
0.10395993
0.14533882
0.17944713
0.07560893
0.2028513
0.06616802
0.1221484
0.088549055
0.08792364
0.068334304
0.23360479
0.10214486
0.1580736
0.07467126
0.06790576
0.1249907
0.17309597
0.0757758
0.20406243
0.24039993
0.06034939
0.16667226
0.058735106
0.1203755
0.106153764
0.08552727
0.037348896
0.11191208
0.134852
0.052756947
0.18466645
0.05257043
0.11609304
0.21317223
0.13758735
0.082463466
0.18950154
0.1960635
0.15923366
0.2083822
0.27279353
0.14436209
0.19295904
0.16855066
0.2445466
0.14829892
0.18048182
0.36668268
0.33483547
0.14398594
0.09338743
0.120406345
0.20854905
0.13388833
0.25367048
0.13641132
0.17147428
0.065738484
0.09960501
0.22333129
0.15363082
0.28211775
0.12786737
0.13845247
0.085891545
0.032725494
0.099241845
0.15811887
0.22797662
0.26083007
0.24268644
0.14452143
0.09790122
0.13280246
0.14567608
0.1297989
0.26722234
0.118303925
0.24736723
0.20818852
0.108115636
0.15047304
0.112355016
0.045338865
0.1458078
0.20156047
0.11564612
0.2839812
0.12101243
0.15789536
0.2167664
0.16269173
0.2638085
0.33686608
0.25254595
0.23616852
0.286515
0.28330615
0.2877796
0.25860927
0.47266325
0.2952544
0.19504464
0.13804568
0.15883201
0.2028247
0.2773128
0.23306762
0.17964442
0.19441096
0.14887
0.2597034
0.2120597
0.1364938
0.20659098
0.32793164
0.28859362
0.23666374
0.21888041
0.23928265
0.21674107
0.23191595
0.22069183
0.31168446
0.2789753
0.24239145
0.18604995
0.32726496
0.1540437
0.21092746
0.3910446
0.17504275
0.14084545
0.21772656
0.22598451
0.19415294
0.16178942
0.22179645
0.18816376
0.21437328
0.13170226
0.1271693
0.16590518
0.22009352
0.24142459
0.19176939
0.20084187
0.2367163
0.23220931
0.16921897
0.22064027
0.13502035
0.21600586
0.15713897
0.121197045
0.23181234
0.20719351
0.13355125
0.23356715
0.12458538
0.2999153
0.22425096
0.17054947
0.22125354
0.24681337
0.21899466
0.28025144
0.27786326
0.27907255
0.24462047
0.111896195
0.22780238
0.10434048
0.35809627
0.22215979
0.14201823
0.18609801
0.20673722
0.22102806
0.15009598
0.1345366
0.2329691
0.19753626
0.18995857
0.27109918
0.23249763
0.17341992
0.14025857
0.18920408
0.15252998
0.18722631
0.16753125
0.3260844
0.23480001
0.27372193
0.3419811
0.1847921
0.27712044
0.22635297
0.11056743
0.3032555
0.1869422
0.28020507
0.19674665
0.24052887
0.2617871
0.17283338
0.22939804
0.12128301
0.14584537
0.13393502
0.1840888
0.1273842
0.15366781
0.18155675
0.111085445
0.216478
0.12811938
0.13198361
0.1604229
0.13059525
0.22643898
0.13439365
0.3309404
0.14448081
0.16097899
0.2048102
0.35945237
0.24976964
0.19633192
0.21247965
0.19632712
0.22639878
0.14628537
0.19968335
0.13782687
0.16629027
0.19006863
0.16513853
0.3061633
0.18952668
0.1779287
0.16226444
0.13075837
0.14992628
0.14683536
0.30398822
0.13603927
0.18046887
0.1613886
0.15182948
0.14265762
0.17357682
0.13329914
0.14137597
0.11498537
0.20597705
0.19012505
0.15594052
0.10557199
0.18110335
0.07704763
0.1918418
0.09910547
0.13493161
0.27522022
0.17413023
0.16484372
0.13088182
0.07285464
0.03482809
0.22786687
0.12187065
0.20833498
0.19280325
0.22498982
0.19562317
0.15047114
0.17331485
0.14921644
0.11292229
0.1494094
0.17584252
0.20992063
0.28075346
0.21651436
0.12632625
0.20803401
0.29622906
0.10436565
0.22379605
0.13072184
0.3154152
0.124758154
0.117873654
0.17067824
0.16212407
0.1649451
0.124393515
0.13348673
0.14372414
0.2730202
0.17678685
0.23212418
0.2146653
0.19496672
0.13548362
0.19788867
0.025372086
0.016236039
0.06614551
0.16482829
0.16242811
0.10547562
0.09061832
0.0743518
0.41000772
0.23327857
0.16874851
0.18353903
0.05107806
0.09127719
0.042630136
0.07543169
0.22138415
0.1281345
0.15158646
0.16922002
0.20538813
0.097693644
0.13531427
0.088962294
0.19535932
0.079438455
0.097610064
0.08643014
0.12842202
0.18413222
0.23804438
0.13195051
0.12874483
0.12698224
0.16596527
0.10555898
0.14230093
0.32196072
0.1958177
0.17807806
0.09753979
0.17729762
0.2490335
0.15968001
0.21273729
0.14835192
0.18319993
0.19339764
0.18732753
0.16186067
0.18445565
0.31441277
0.13682851
0.28902325
0.12802827
0.1497747
0.21064977
0.17705567
0.13349307
0.10592494
0.1393098
0.24044715
0.19511445
0.088479534
0.042079963
0.11838833
0.10021573
0.13198665
0.11225448
0.030902278
0.12883542
0.10141827
0.067301914
0.051774167
0.09909084
0.21201415
0.15916221
0.09061284
0.14346735
0.20326403
0.18484129
0.17441185
0.14155596
0.14908715
0.10424697
0.1397505
0.1380913
0.1373422
0.091931626
0.16195193
0.1415056
0.25550023
0.13272509
0.2238522
0.11689718
0.19165301
0.10663496
0.26792398
0.047795944
0.16850306
0.21358801
0.16577752
0.21108405
0.053810332
0.12651882
0.10816355
0.06951287
0.14240769
0.17007734
0.21300499
0.19682164
0.15971085
0.32356486
0.1406803
0.15044686
0.195733
0.22663395
0.2763173
0.14083964
0.19639106
0.11510119
0.30427518
0.20766425
0.139041
0.23380305
0.20711984
0.16207059
0.116103254
0.13405897
0.087127835
0.21969098
0.14205562
0.09138004
0.17094639
0.10379865
0.110706046
0.16235335
0.09038463
0.07011053
0.18620582
0.320638
0.09395772
0.06994041
0.1152601
0.1545891
0.079816416
0.118231714
0.23378342
0.1805344
0.13132332
0.09638337
0.078536816
0.14099072
0.15707502
0.08363984
0.1500069
0.15871343
0.39718515
0.06091654
0.1178774
0.3211396
0.117120616
0.23580132
0.22436969
0.14237905
0.17601267
0.10703278
0.17345774
0.11141729
0.13648975
0.057419997
0.084467635
0.17002876
0.023222486
0.25616667
0.3152377
0.11768546
0.036839664
0.07843281
0.17954746
0.09337872
0.15670146
0.1811167
0.07799675
0.13934746
0.083152816
0.12458703
0.070623524
0.107622534
0.1424986
0.14669779
0.20081972
0.09636512
0.17394385
0.07225055
0.15485205
0.13338354
0.08861459
0.08807446
0.22447543
0.12091507
0.079114266
0.09797872
0.14944445
0.14718209
0.19209398
0.13209717
0.09621389
0.17924692
0.22485356
0.18186845
0.17250736
0.055144433
0.16735668
0.25175738
0.123115644
0.13288635
0.16570997
0.16551973
0.17509454
0.06306004
0.12620872
0.2246112
0.1883628
0.10810878
0.14031231
0.11312079
0.22793187
0.15579543
0.19258949
0.14978704
0.048218645
0.097873755
0.08439533
0.06342417
0.1963592
0.04188692
0.11054529
0.07636537
0.18490943
0.2443794
0.032316692
0.12601824
0.1071822
0.16990161
0.1523275
0.04031245
0.055453613
0.09159194
0.1417085
0.07953083
0.15651055
0.12816569
0.09243352
0.17525883
0.25199294
0.18875067
0.052590117
0.16651404
0.12325136
0.021115143
0.11389167
0.12707634
0.16775405
0.09664585
0.1833449
0.07290333
0.15197815
0.17932422
0.07349468
0.15994968
0.09009199
0.1209931
0.09172011
0.19077995
0.10568465
0.24315795
0.2682564
0.27455053
0.08479764
0.039427467
0.16730885
0.15167496
0.19019309
0.15924783
0.11451276
0.15783411
0.19894692
0.15825762
0.086901136
0.13486595
0.23764586
0.07329154
0.086231306
0.15743315
0.20513046
0.06902338
0.064260304
0.15350199
0.24493393
0.11893389
0.11715884
0.06477144
0.09882264
0.15851778
0.12822872
0.21405794
0.090388484
0.052866556
0.21243662
0.14677943
0.1615487
0.09300995
0.09095372
0.11885617
0.116363674
0.13155456
0.10013778
0.15895663
0.2012846
0.14812899
0.107456565
0.16842829
0.16733111
0.15656742
0.31543952
0.1277709
0.1831412
0.08172911
0.18002176
0.1607631
0.2386448
0.3767464
0.19343804
0.15753041
0.12557532
0.12821086
0.071320295
0.19755182
0.2029594
0.0658422
0.20113915
0.2553221
0.14281724
0.13588277
0.07361184
0.14057718
0.101396166
0.08552364
0.2748996
0.18624967
0.14866427
0.3465372
0.08427351
0.38708735
0.25646254
0.09118184
0.05505948
0.13940547
0.1073094
0.20847909
0.16590756
0.14192338
0.07830924
0.14870271
0.072264634
0.08120512
0.10209487
0.31331274
0.0437835
0.05481703
0.18267702
0.10510383
0.1325381
0.40253708
0.1579234
0.077390194
0.052046344
0.122574575
0.13024034
0.09602384
0.08066909
0.08443841
0.12753837
0.1793664
0.25195134
0.13465302
0.05572015
0.10673698
0.119818114
0.10217283
0.281083
0.11415518
0.13693577
0.2783953
0.022198865
0.038567174
0.12114339
0.32975376
0.11935484
0.15815958
0.15857114
0.21402991
0.1432976
0.21223316
0.1246411
0.07868907
0.11880112
0.19830422
0.18774016
0.14316964
0.16205364
0.10598521
0.13689725
0.065709345
0.15031031
0.09330946
0.23040439
0.17048655
0.08115199
0.27118728
0.095146246
0.069320835
0.22855999
0.08809641
0.22745532
0.15309997
0.19609113
0.23828706
0.17875147
0.20703082
0.12896271
0.10279394
0.13037474
0.2868239
0.18849401
0.16135173
0.21492104
0.09962407
0.16448341
0.15211152
0.13134347
0.14712799
0.39671215
0.26663846
0.10893667
0.15716185
0.15762873
0.07152291
0.11711126
0.11544513
0.13362907
0.095372885
0.16065966
0.14892565
0.100632176
0.1079459
0.14721619
0.21161102
0.34371746
0.08740662
0.1820234
0.12299206
0.16074698
0.16436175
0.12056789
0.07754485
0.16441962
0.1300829
0.12814848
0.14851372
0.12563469
0.21042149
0.1016191
0.12961884
0.23550814
0.20617187
0.17869589
0.099161446
0.14667363
0.1682055
0.11519734
0.12852204
0.19010536
0.1220036
0.082049415
0.1731231
0.120014034
0.26275772
0.13859028
0.075663626
0.19045642
0.1174875
0.20146103
0.08810676
0.19045846
0.18760468
0.12685221
0.17324379
0.18413815
0.2545376
0.17001623
0.13332342
0.13032599
0.18765369
0.14915949
0.21547307
0.19213176
0.15686058
0.09476839
0.25682765
0.08941757
0.12782992
0.1945281
0.11262791
0.111347534
0.12605758
0.091166556
0.19171718
0.11022815
0.112042494
0.10994286
0.26570424
0.10762805
0.15280244
0.15848288
0.14433368
0.30933097
0.11685204
0.20333892
0.12058647
0.24354935
0.25364166
0.24028587
0.13093539
0.26538995
0.2541698
0.13705239
0.3506222
0.06870152
0.16035473
0.11419386
0.20898315
0.11858567
0.046918463
0.091715686
0.13202098
0.1609855
0.25434282
0.16023652
0.16989161
0.17576219
0.11409152
0.13758317
0.06516139
0.10700614
0.032151874
0.1168304
0.15085337
0.120939374
0.24830608
0.10122917
0.15344276
0.17116828
0.13620673
0.10572916
0.06898227
0.110484056
0.050866682
0.05818387
0.08299711
0.16317223
0.08475176
0.14369859
0.19452319
0.33447692
0.08402692
0.09288684
0.1932056
0.1289362
0.043462243
0.14210589
0.08441027
0.26394162
0.2003171
0.19663458
0.18017283
0.08748308
0.08138234
0.068894856
0.13996139
0.41541347
0.16811311
0.17022619
0.29023036
0.12869966
0.09676851
0.17198762
0.17423499
0.11263718
0.32126573
0.39186257
0.20672294
0.13755892
0.16425696
0.26308915
0.17292625
0.13507295
0.20664823
0.17310607
0.1786216
0.17369422
0.08075838
0.16447665
0.20650272
0.16394556
0.15831727
0.19717343
0.20031708
0.08222526
0.12212784
0.08751464
0.11630544
0.17947872
0.09772278
0.18128332
0.12480222
0.11712729
0.06756199
0.19132592
0.17158462
0.09370677
0.09692442
0.156526
0.18010506
0.22957708
0.103285536
0.16193548
0.24468078
0.16369799
0.18969123
0.16575266
0.28734744
0.13794021
0.31630355
0.14278613
0.07720356
0.04978422
0.14938234
0.17523909
0.22373192
0.12347806
0.06990571
0.1009974
0.18371111
0.06377239
0.21688321
0.06725252
0.13801503
0.22837669
0.09065103
0.18856834
0.14044912
0.07379814
0.18226136
0.10722294
0.08203587
0.13415745
0.20146422
0.07832632
0.115821175
0.068534784
0.030715296
0.13035946
0.1420805
0.11890304
0.118020415
0.1156961
0.15521121
0.084392734
0.2933092
0.13129738
0.1327803
0.19542272
0.23733288
0.08006162
0.19507848
0.18772727
0.05037123
0.09658838
0.08076902
0.06095446
0.30478314
0.19073215
0.14430021
0.17069076
0.14889416
0.14971484
0.22624473
0.1446716
0.07094998
0.21182396
0.25302497
0.21403413
0.09100161
0.0555084
0.2253459
0.030157221
0.049808692
0.16256188
0.11758497
0.15686977
0.16081549
0.06398111
0.22846349
0.048774898
0.120271206
0.057068687
0.2104653
0.117775775
0.10402461
0.13213687
0.1940351
0.14363952
0.09432493
0.13209978
0.16285458
0.08369786
0.075372204
0.03922211
0.13613987
0.19220117
0.32639188
0.09075999
0.07036082
0.09129841
0.105139695
0.13139443
0.14976716
0.10804135
0.07958259
0.14253989
0.12370995
0.34499437
0.19091651
0.16786683
0.029234685
0.18845268
0.12213368
0.10107152
0.15764576
0.13162734
0.06383141
0.11873238
0.20830117
0.1286445
0.061043028
0.11993633
0.119523495
0.31587818
0.19481547
0.21108998
0.06617174
0.053466555
0.2410136
0.16965899
0.08494533
0.14491181
0.17470719
0.36852863
0.22166072
0.21690348
0.13962165
0.12781598
0.16128826
0.3389093
0.054988213
0.22302769
0.23051667
0.102914214
0.060534332
0.052866552
0.03441678
0.19522218
0.07631669
0.25601456
0.14781332
0.09212967
0.05904674
0.124216
0.15523134
0.2822304
0.18999635
0.30792904
0.053646825
0.06976098
0.116375744
0.08241626
0.1658996
0.10503851
0.08162712
0.2593792
0.09265839
0.15233299
0.18480651
0.24778832
0.10497201
0.14239614
0.15924846
0.12703967
0.08349132
0.11503578
0.11613873
0.0948054
0.16476087
0.09012626
0.060639903
0.13477156
0.055862293
0.09467748
0.021544836
0.08575249
0.026983298
0.19624104
0.23453505
0.13957375
0.1335221
0.032109324
0.1713105
0.109112844
0.12279252
0.10620492
0.28031823
0.117622755
0.17856732
0.103005074
0.15891372
0.12137786
0.13259645
0.18200725
0.0642839
0.24706033
0.114269875
0.13479687
0.2618617
0.16049784
0.056991063
0.32128066
0.19515148
0.14375718
0.28152698
0.24115318
0.07278786
0.14803337
0.12970217
0.22020142
0.08645743
0.021386946
0.14946187
0.09907038
0.06347772
0.12722148
0.11852611
0.08215058
0.1120683
0.06746323
0.06691426
0.0633564
0.21205316
0.119212575
0.2297827
0.1587022
0.078928724
0.22814171
0.19837247
0.37130633
0.16818729
0.22882397
0.098466404
0.19352831
0.20151004
0.07183191
0.25579527
0.24928972
0.26389778
0.046142727
0.089632735
0.14816359
0.041590977
0.1997246
0.15334271
0.1322831
0.16706581
0.1064629
0.21399015
0.08083335
0.23374759
0.12171686
0.1655481
0.13578343
0.16138102
0.06795443
0.16927975
0.18005511
0.2693648
0.07595603
0.087549925
0.20847599
0.3527891
0.15957934
0.09355884
0.15857662
0.19656038
0.14320782
0.1434031
0.09026078
0.22722435
0.22658117
0.2901263
0.074890345
0.14317411
0.13944454
0.09723295
0.16633157
0.090879984
0.03701799
0.18205202
0.23559822
0.17224
0.14757065
0.18127468
0.12887184
0.120191894
0.03645618
0.15062037
0.14371428
0.17719314
0.29464263
0.14017963
0.09646257
0.02990761
0.14660999
0.17886545
0.09554805
0.32635334
0.063672975
0.1226934
0.14189184
0.11782312
0.09147963
0.18254872
0.12871692
0.17674913
0.20473291
0.08443754
0.16203366
0.1003653
0.33738914
0.27256295
0.05229889
0.17983949
0.17884715
0.127416
0.12229143
0.092756145
0.09896546
0.07423602
0.22872427
0.12782285
0.0961907
0.12389397
0.14625676
0.15088381
0.2960564
0.18404199
0.22225866
0.18233572
0.18835518
0.10935014
0.23613636
0.12096661
0.1532391
0.1554902
0.11375028
0.10320568
0.08138704
0.14649288
0.20471749
0.17912832
0.09872067
0.12124154
0.16504765
0.0884964
0.0797205
0.15767163
0.10568635
0.16642433
0.17014004
0.10077659
0.19682719
0.23888329
0.07060032
0.123591736
0.092876256
0.1838231
0.09470826
0.11164617
0.079748854
0.15049428
0.11995191
0.07288046
0.14138225
0.089294225
0.13132639
0.114450246
0.1397256
0.17360353
0.11582208
0.24940743
0.24058317
0.052432768
0.17322086
0.15763967
0.28737617
0.06769523
0.06552452
0.11673561
0.127126
0.3526675
0.29496303
0.14936672
0.07561058
0.07914443
0.16997506
0.1249528
0.041437116
0.24187087
0.06930874
0.06606978
0.18958354
0.23971596
0.072686635
0.18118809
0.17644621
0.061673515
0.15372525
0.3388132
0.26774207
0.21540995
0.12890634
0.3104361
0.101953626
0.12518145
0.2173805
0.06529905
0.17664723
0.31544277
0.2218152
0.21560615
0.08736026
0.24071768
0.13413143
0.2149127
0.27145827
0.12034741
0.2910706
0.10853318
0.1484519
0.3012562
0.12748072
0.17095837
0.2516555
0.1933493
0.21903554
0.17054313
0.14460938
0.092588246
0.15880933
0.18488303
0.1851095
0.15257603
0.13659199
0.36670434
0.12984079
0.09811808
0.34015253
0.18106864
0.14580318
0.123961784
0.1102064
0.2412121
0.16451782
0.11700474
0.31890512
0.120856136
0.06927139
0.21567708
0.26624796
0.11796335
0.21331227
0.17237301
0.15845963
0.18635307
0.1854467
0.2104673
0.20074053
0.12737712
0.23756023
0.15650892
0.14833835
0.10394555
0.31192455
0.09357922
0.142651
0.17744692
0.20497595
0.17335795
0.11906824
0.18028267
0.16816677
0.1327821
0.27361795
0.21787398
0.1662313
0.17018266
0.23526828
0.276056
0.27916887
0.104829654
0.20337985
0.2665524
0.1726012
0.20603454
0.11918968
0.17158602
0.27423176
0.12852232
0.20093365
0.18174146
0.1561724
0.061703227
0.12633826
0.09395312
0.14948358
0.1991123
0.23400195
0.14126502
0.2343323
0.23186842
0.13702291
0.09012302
0.21239343
0.16822264
0.09944882
0.114411324
0.07970403
0.24534915
0.16490465
0.07836273
0.25383064
0.12665237
0.1560918
0.16096193
0.23192686
0.3240569
0.1535096
0.19309175
0.22029953
0.12252007
0.13367237
0.24097963
0.18045299
0.18007188
0.09534809
0.21470739
0.2422122
0.07616756
0.1223
0.10462111
0.13937762
0.24096222
0.13438098
0.09317273
0.16629452
0.124714874
0.17630947
0.19459388
0.18026622
0.26681903
0.2613928
0.22699173
0.14963008
0.34749094
0.19138987
0.25890425
0.28753152
0.3433678
0.3437873
0.25538212
0.39803803
0.28951958
0.3918971
0.18484686
0.22834925
0.27712008
0.32953084
0.3186446
0.18177977
0.2121209
0.18793918
0.52263695
0.27850947
0.16528594
0.34283927
0.20381783
0.15291876
0.15354334
0.169165
0.3178071
0.33096972
0.19708537
0.3159204
0.18851483
0.20287816
0.2304885
0.26520106
0.16410717
0.13556227
0.15052415
0.18692935
0.16409615
0.22403345
0.21217766
0.20309931
0.16361359
0.20876993
0.22223113
0.24047615
0.19543412
0.1329657
0.135361
0.09032717
0.242533
0.27540135
0.19725013
0.09429253
0.2845551
0.15977949
0.10795668
0.09012802
0.2607328
0.16664442
0.18623316
0.24547999
0.073492795
0.22381881
0.080385
0.10022168
0.068168975
0.18103556
0.040724825
0.29853508
0.22934604
0.12541647
0.035451498
0.14215364
0.17032528
0.2523074
0.07420673
0.086756535
0.11802799
0.14911565
0.07499286
0.10839281
0.133632
0.12222529
0.30018517
0.11917355
0.20789216
0.09657962
0.13458265
0.055208027
0.2000415
0.2051361
0.119342476
0.12841097
0.12529154
0.105014585
0.045728147
0.081010096
0.09884958
0.2657251
0.1385321
0.19808567
0.18325959
0.07726811
0.04096173
0.15714896
0.22682992
0.07383108
0.17214005
0.1595354
0.1405038
0.047699906
0.19400191
0.18596596
0.17944095
0.15194692
0.06472557
0.1032108
0.083411485
0.18292756
0.12667911
0.085565425
0.16199246
0.12818098
0.10491079
0.043988246
0.09274131
0.16422875
0.13308868
0.1806281
0.12776816
0.2540023
0.123545304
0.18881157
0.22505958
0.30422226
0.256368
0.1947975
0.28083205
0.23080653
0.15294012
0.2688174
0.26173982
0.17692551
0.24824062
0.22003016
0.19084273
0.29241577
0.28965524
0.14059219
0.16352259
0.25407967
0.18264957
0.16577496
0.1254039
0.17558816
0.13213615
0.16030046
0.2201287
0.18847953
0.16473746
0.19528683
0.10879807
0.17197107
0.1517921
0.18042228
0.1444539
0.08935381
0.23144576
0.12028
0.06405416
0.17639361
0.18922934
0.17003295
0.17371765
0.24334452
0.2458841
0.17939995
0.050599452
0.11141668
0.11072531
0.11822812
0.07174532
0.06524183
0.038945314
0.17941564
0.05639239
0.2212843
0.16532512
0.16937555
0.11449931
0.16802634
0.10235854
0.13426241
0.1475826
0.12446936
0.11778566
0.1911045
0.1384824
0.07902759
0.12603696
0.14487146
0.073093645
0.20332846
0.2792363
0.24469829
0.1282618
0.1762696
0.1361767
0.13897555
0.09993455
0.2520982
0.08712417
0.08552793
0.18102303
0.054427925
0.10982526
0.048255928
0.12872684
0.12267242
0.080685385
0.21348245
0.06851183
0.18187074
0.079366766
0.20650297
0.13070883
0.13006015
0.2704368
0.09223663
0.13044637
0.42142314
0.2773692
0.1500552
0.16528617
0.099270314
0.23286492
0.2889915
0.24197048
0.26232427
0.09872934
0.085560896
0.18231866
0.16094288
0.19738175
0.14628024
0.110108785
0.14885662
0.15554318
0.11439677
0.20965695
0.16742805
0.09902769
0.25161415
0.27302077
0.14111741
0.14209698
0.12767619
0.16473983
0.14425126
0.08341362
0.24807358
0.25507653
0.22094713
0.21844806
0.18458728
0.18009338
0.27498713
0.14219612
0.20964107
0.13202497
0.22971462
0.13077113
0.25987548
0.18076923
0.23671505
0.22116767
0.21268436
0.29230323
0.14376235
0.1511772
0.3039842
0.23124754
0.27283415
0.27621147
0.31250495
0.14843865
0.19779047
0.19259733
0.1414795
0.21495347
0.23067456
0.1827218
0.12273665
0.1870793
0.24865822
0.35427755
0.11892836
0.10267428
0.23381557
0.21921301
0.2579756
0.10387141
0.15832806
0.23253256
0.08431265
0.088690184
0.07513166
0.16366161
0.06816364
0.18092854
0.09104469
0.23923154
0.115957215
0.07314578
0.08614617
0.073528595
0.27684096
0.1528188
0.16545439
0.16816759
0.12465435
0.08951733
0.12904458
0.14117713
0.08284714
0.16291681
0.1495428
0.066446394
0.11352156
0.16456328
0.18922722
0.20467834
0.18063502
0.2065784
0.13050628
0.23393522
0.27824542
0.2980009
0.18210159
0.19886741
0.2434281
0.2652252
0.24215163
0.16556284
0.3576292
0.22553177
0.18878426
0.316603
0.2098642
0.097601
0.12383606
0.078889534
0.14419225
0.1965388
0.16191848
0.10977614
0.25747007
0.20399795
0.2257814
0.12297653
0.17312834
0.20756163
0.17150426
0.3513227
0.10869652
0.20154336
0.11612774
0.09675714
0.1187836
0.16087398
0.22151592
0.21025312
0.14549471
0.20701215
0.116265155
0.105641894
0.066480674
0.28526825
0.052926563
0.27062482
0.20331986
0.11162483
0.0811086
0.19430101
0.123680346
0.21664295
0.2085825
0.1920937
0.17159893
0.18166392
0.1232307
0.2974727
0.11984013
0.3135333
0.17695203
0.11997554
0.13655488
0.15200697
0.16092707
0.13055554
0.12971853
0.2690129
0.2631674
0.16261138
0.05523425
0.11782534
0.15820125
0.33219242
0.13116053
0.107811466
0.27480358
0.16802993
0.2166433
0.19651331
0.19625297
0.1941674
0.1418017
0.174721
0.07772963
0.112926945
0.20451209
0.14998314
0.14100216
0.121507436
0.14370237
0.118129306
0.18075989
0.19425036
0.19067545
0.2733073
0.22104914
0.3302928
0.1637612
0.18433386
0.18940793
0.18050896
0.19391246
0.22585374
0.1413508
0.2093293
0.20331326
0.2360468
0.1841002
0.25343293
0.2134816
0.19743042
0.2672042
0.22979242
0.22573556
0.19206008
0.16429928
0.22602518
0.13888603
0.27118644
0.22925532
0.21678813
0.24064927
0.2206125
0.22006856
0.2625521
0.2453734
0.43973592
0.2591248
0.25011292
0.36851332
0.23435925
0.26081383
0.2838384
0.24777538
0.33274165
0.26237825
0.23131458
0.26473546
0.26536447
0.42831066
0.17902003
0.29269844
0.1725172
0.31882736
0.3489449
0.18451563
0.20143297
0.20448442
0.19952168
0.16389325
0.26847914
0.21190342
0.38483268
0.34504753
0.22502756
0.22811925
0.34763238
0.23626429
0.3085889
0.28070533
0.23214278
0.26993033
0.3498807
0.29071525
0.2639945
0.19643712
0.31000826
0.4168462
0.33320966
0.41065714
0.3632795
0.30026156
0.34450218
0.29919234
0.44566336
0.26207
0.3106445
0.28650296
0.22513014
0.27784774
0.30345702
0.2835335
0.27452004
0.28107715
0.20115234
0.28448156
0.2564642
0.2744947
0.29466447
0.22149983
0.3018773
0.28949198
0.1876033
0.16850013
0.15249333
0.15576188
0.3879717
0.13726981
0.200732
0.15680216
0.16119863
0.3442556
0.26330975
0.19092211
0.10481538
0.35697126
0.23610376
0.15560208
0.1327496
0.24682446
0.20926236
0.21672963
0.22640246
0.24259612
0.11856397
0.16022749
0.14181891
0.30426204
0.17970204
0.11061416
0.10856526
0.18279617
0.24155824
0.09472254
0.06983623
0.117168196
0.041767612
0.12019369
0.09815666
0.095542245
0.14124809
0.069964305
0.15254542
0.056424227
0.10690776
0.07935281
0.30053455
0.2569208
0.06369366
0.16594861
0.15576592
0.15845142
0.098253265
0.08362389
0.13210967
0.20943853
0.14908238
0.1334484
0.11051615
0.16249588
0.09069063
0.24948281
0.2662272
0.1616435
0.1225875
0.27993065
0.25502768
0.26070747
0.3248045
0.4365987
0.21634221
0.25247073
0.27110258
0.28769064
0.2985067
0.27184626
0.30203557
0.21898335
0.47190928
0.3222504
0.3227526
0.2885215
0.262293
0.35931236
0.3003223
0.24726328
0.24405244
0.25927028
0.27901757
0.34767476
0.14284796
0.23151247
0.14934579
0.17870857
0.26965627
0.25191686
0.17668784
0.2666661
0.25303775
0.44530764
0.15620564
0.17263043
0.21779618
0.21799487
0.11308084
0.16347174
0.18693236
0.21660542
0.20572114
0.13935293
0.107889585
0.21449232
0.14488399
0.22128956
0.24389571
0.2846251
0.16695188
0.23551448
0.29386768
0.08626792
0.14101516
0.23440813
0.13909498
0.2048585
0.1333926
0.0759604
0.06981707
0.16854802
0.14608666
0.10981203
0.11622899
0.17616811
0.2648628
0.20674217
0.09928867
0.15397538
0.12797695
0.13775344
0.25243756
0.20132245
0.19106366
0.13541499
0.18123834
0.14876264
0.30336022
0.26043698
0.19906913
0.19973876
0.17578292
0.26053223
0.24029075
0.14315017
0.18003759
0.1515924
0.13584208
0.2427149
0.14163058
0.29826263
0.3577823
0.29587272
0.18745619
0.22803336
0.33909807
0.13015231
0.20115563
0.14302462
0.15129018
0.26429808
0.17080025
0.17660849
0.23768942
0.29875308
0.30923605
0.24464281
0.31296155
0.16923545
0.15107726
0.3662297
0.202796
0.2302196
0.2536782
0.14320995
0.13405137
0.31425163
0.23437166
0.20308775
0.24391441
0.2643335
0.2080407
0.18589292
0.18054599
0.19402948
0.21431148
0.3131326
0.20491482
0.26894525
0.27019775
0.2116675
0.27193508
0.19310565
0.1752946
0.30135816
0.19273406
0.16001292
0.18147437
0.19327067
0.2137531
0.15511653
0.22580083
0.19421166
0.16282815
0.14039487
0.34705126
0.34120134
0.24948639
0.23441431
0.34971622
0.24400282
0.33028623
0.34795862
0.19402449
0.21998303
0.31060734
0.2911662
0.2802973
0.33899206
0.2553149
0.26090893
0.38222626
0.30087858
0.22297953
0.20531379
0.2147344
0.2703511
0.34032103
0.27329123
0.3903808
0.43310425
0.2280684
0.28772354
0.23048961
0.2577266
0.26025742
0.21025439
0.3252588
0.1790476
0.18848743
0.22002909
0.35533
0.29546636
0.24697573
0.19684574
0.24118301
0.22860137
0.18949
0.3059287
0.28357223
0.17961365
0.13391772
0.1885156
0.2048549
0.14127877
0.24932615
0.19750778
0.19343624
0.1007768
0.30490798
0.23118496
0.15281822
0.29130995
0.3579799
0.34980643
0.21529013
0.35836273
0.25462413
0.18066384
0.23742968
0.27302098
0.24217707
0.20596184
0.21711157
0.17897692
0.21389478
0.11625801
0.06796149
0.2363431
0.23631093
0.15852387
0.18310697
0.11861583
0.15614264
0.11613352
0.18874016
0.15404548
0.25855985
0.19418517
0.1722611
0.22446598
0.2626483
0.26403117
0.33762828
0.20926268
0.29671797
0.33437398
0.3161904
0.27840608
0.22092295
0.22203392
0.23693773
0.20260373
0.21780448
0.22287649
0.21424438
0.16914271
0.24802724
0.268384
0.18405001
0.29260325
0.24475527
0.29975864
0.23411758
0.22443295
0.31009552
0.28929922
0.26342985
0.27408254
0.18047768
0.34972528
0.2632943
0.27596304
0.26118198
0.20079175
0.24119142
0.22281823
0.19667222
0.32139713
0.24230953
0.21495305
0.34191823
0.27997357
0.3638375
0.2614346
0.23171605
0.2612055
0.18440786
0.21727715
0.32174724
0.26351586
0.20450152
0.16593604
0.14593951
0.16960171
0.23093894
0.20376623
0.26096845
0.25363693
0.15785886
0.2641648
0.29304302
0.3497796
0.22869256
0.30589032
0.29634959
0.20362586
0.2647269
0.24858126
0.2617134
0.32276022
0.22728716
0.33213225
0.2442111
0.23663767
0.20712657
0.21451996
0.17818108
0.16887921
0.13865697
0.3417631
0.20733757
0.14625786
0.23663929
0.10137772
0.1921821
0.111118354
0.124843754
0.25728235
0.113861725
0.14031143
0.15819378
0.10253987
0.28650472
0.1032478
0.16560999
0.16284549
0.12267613
0.21743305
0.14032939
0.34914955
0.1256166
0.19387616
0.28486246
0.1403752
0.25931436
0.12818296
0.11141996
0.12283884
0.14796263
0.11613758
0.10123619
0.2049529
0.13850722
0.22523935
0.11679455
0.08138389
0.16212225
0.18320575
0.18015665
0.19120573
0.103684925
0.20603018
0.24341169
0.14836435
0.18037465
0.10960739
0.1192773
0.19958867
0.18747045
0.23423491
0.17484489
0.19204742
0.24235229
0.20805287
0.15371212
0.17118329
0.091436155
0.09860058
0.42396703
0.13858333
0.17727932
0.23753016
0.13993317
0.09904428
0.1609948
0.10388894
0.096729085
0.1595965
0.07169892
0.24219446
0.13224299
0.098013505
0.2744715
0.12397378
0.11531733
0.15430766
0.15507987
0.16842306
0.12679109
0.21453924
0.30420515
0.2127433
0.33142555
0.16959982
0.16094062
0.15578754
0.20127709
0.19290945
0.15148729
0.27315107
0.24914004
0.17473243
0.23175709
0.17835547
0.17809314
0.18279797
0.24060075
0.33900857
0.23578438
0.23097576
0.24351938
0.25469714
0.15124956
0.24201334
0.14191812
0.2029549
0.115277864
0.21495792
0.13568535
0.1324537
0.13170286
0.14577143
0.13223405
0.18863995
0.21668081
0.27967378
0.17105448
0.23294106
0.20951897
0.20633724
0.123607464
0.18470517
0.31761488
0.17567985
0.20693839
0.3410632
0.18472579
0.20276687
0.1494423
0.14371818
0.21561788
0.15808271
0.2019256
0.12739238
0.15936944
0.1936491
0.16349195
0.15644735
0.14368081
0.30604693
0.25153267
0.16449894
0.22576986
0.40722328
0.18653896
0.191211
0.3317736
0.18563509
0.4061944
0.18558826
0.15310514
0.12279119
0.119564846
0.2045722
0.3019273
0.22804138
0.23386952
0.22426514
0.19237407
0.18135938
0.13299932
0.2710845
0.29928136
0.12657182
0.09826888
0.14265978
0.18678951
0.15151128
0.18530214
0.1311879
0.10500535
0.17632042
0.21209247
0.1851624
0.22394702
0.2520836
0.20268022
0.10544745
0.25352493
0.18006231
0.22928205
0.18191567
0.26085177
0.16944805
0.22415559
0.25843942
0.24622332
0.19307186
0.17367786
0.25344354
0.17726836
0.22826868
0.20026039
0.2922275
0.2584991
0.29004735
0.13829665
0.14209978
0.07571793
0.16410899
0.16851369
0.090439305
0.22752884
0.09241188
0.12798306
0.25126025
0.19039632
0.086090885
0.1600694
0.18275163
0.16535106
0.18231468
0.15431865
0.32056287
0.06890587
0.14761835
0.16051883
0.11531672
0.23027985
0.052665565
0.106143385
0.1903735
0.19373885
0.21280807
0.13885278
0.14679594
0.0762824
0.2290291
0.183178
0.115158156
0.14879434
0.11982611
0.33740908
0.14491941
0.21525893
0.15629606
0.2960867
0.13303171
0.15604475
0.20199943
0.1632385
0.11495211
0.1297991
0.25291058
0.17213675
0.20140278
0.06628898
0.23152165
0.20033953
0.060317867
0.19486044
0.14930844
0.17157593
0.16723883
0.14047839
0.2173976
0.10644564
0.12174563
0.30904573
0.25222948
0.25296018
0.08499206
0.15486322
0.29124147
0.20576529
0.08237744
0.18653533
0.17462766
0.30124405
0.23578963
0.21825416
0.20798753
0.28523654
0.15804476
0.20204604
0.33061743
0.19653964
0.30237874
0.24315722
0.2326384
0.2622535
0.11812624
0.16230029
0.15003425
0.17304084
0.39400303
0.26660243
0.20149656
0.31482714
0.13218686
0.32165954
0.30503544
0.16539651
0.20820145
0.2739205
0.26695344
0.16043948
0.17029448
0.13984738
0.22688025
0.19760819
0.14304456
0.27300468
0.102498665
0.22677562
0.21593986
0.13556631
0.17945015
0.117780305
0.1521733
0.18680409
0.19785225
0.28242373
0.15182182
0.18049951
0.28654966
0.114853226
0.13876085
0.052726325
0.20522693
0.28432214
0.34244803
0.32058188
0.22684671
0.1673249
0.20489855
0.3115451
0.12651186
0.20567426
0.38882956
0.25092837
0.2664989
0.1276865
0.18586317
0.10252139
0.10712938
0.1057735
0.15592486
0.22456802
0.17430758
0.21952417
0.16272743
0.16763164
0.27146357
0.3111266
0.18068932
0.23845872
0.24525848
0.24522194
0.17465201
0.18347627
0.3128908
0.19944705
0.29937354
0.22507979
0.19823657
0.26299512
0.21656966
0.30020598
0.25305912
0.1733864
0.34549683
0.40863442
0.33407122
0.19591825
0.24368805
0.26359543
0.2707827
0.20526294
0.20230576
0.16951555
0.24736036
0.15879618
0.2228155
0.16321887
0.19071949
0.15699467
0.13200405
0.23363717
0.055697747
0.32975417
0.11026725
0.2325261
0.13550907
0.21624689
0.113567844
0.12734617
0.18768874
0.16825768
0.23817037
0.17616741
0.163914
0.27614725
0.13070868
0.15726458
0.21394357
0.15941423
0.20767029
0.18684304
0.16261694
0.2443623
0.17977944
0.11545983
0.25033814
0.12793161
0.07169329
0.21259525
0.21331297
0.22848722
0.27241892
0.06728862
0.16076332
0.13288778
0.19332753
0.2017282
0.107924454
0.12019103
0.07857631
0.26765713
0.11601409
0.28484786
0.11223753
0.14543357
0.09049699
0.09675841
0.19901226
0.26740533
0.032853797
0.121518515
0.124653384
0.07001969
0.10058623
0.17458741
0.07710853
0.120459
0.062964104
0.1246579
0.18458822
0.04371639
0.10629549
0.19176033
0.13416609
0.22808127
0.045735516
0.1199561
0.12798525
0.08685472
0.16692506
0.1453735
0.050972283
0.2657873
0.07610488
0.20721555
0.23782322
0.105674334
0.14956564
0.10160637
0.11678032
0.21080226
0.2014033
0.19988334
0.1899461
0.25137797
0.162523
0.17541707
0.13212329
0.12751654
0.201946
0.18829368
0.1696838
0.19979712
0.12547798
0.08951721
0.1593018
0.17405188
0.1384782
0.113597885
0.23374453
0.09554186
0.19356535
0.13051365
0.12042278
0.2908492
0.8413037
0.93803257
0.9505882
0.12568335
0.08188867
0.109807864
0.12888159
0.25803334
0.1222314
0.21386349
0.21446957
0.18852405
0.09195079
0.3075128
0.17755464
0.23007366
0.17445898
0.17803325
0.13338295
0.14774649
0.13668242
0.14680602
0.16136949
0.043546095
0.10065943
0.099915095
0.19024196
0.089661986
0.20624377
0.3362042
0.070285514
0.035825025
0.08250509
0.1419496
0.0387144
0.11532694
0.18036526
0.15517102
0.13939042
0.22815204
0.28901723
0.15417501
0.1643481
0.064859144
0.1406029
0.10027946
0.22417127
0.096258156
0.0769947
0.3489774
0.1207392
0.20405845
0.19384786
0.08957602
0.2233071
0.1072407
0.18300824
0.09607697
0.08335694
0.119915836
0.20328605
0.08013283
0.13994525
0.11997194
0.07744213
0.1807066
0.15836775
0.17716339
0.13029963
0.027179336
0.13382952
0.2102443
0.18254806
0.18413384
0.09910608
0.05722161
0.16757609
0.060501732
0.3343294
0.17051704
0.07342638
0.150503
0.15568429
0.19966045
0.22349757
0.13381568
0.25135985
0.19680658
0.14903222
0.10402004
0.05466296
0.10122101
0.101624906
0.21558003
0.19992334
0.05234997
0.07437054
0.23383136
0.06421271
0.09431739
0.08799673
0.18339977
0.19305617
0.14674951
0.24480185
0.20787928
0.16748253
0.10657401
0.12616499
0.15587889
0.18949015
0.22913402
0.18889385
0.08768786
0.28554627
0.2339602
0.1743196
0.115882166
0.19705388
0.22886038
0.21478608
0.20142025
0.15975502
0.19853872
0.08451184
0.10539944
0.14560482
0.24108452
0.079964586
0.09925027
0.21227168
0.057988934
0.30847746
0.105033256
0.07152347
0.20218705
0.21702604
0.053446803
0.02672762
0.25337887
0.11769764
0.062427577
0.106795326
0.21420828
0.0940168
0.16767631
0.28974354
0.057651486
0.2825406
0.2539023
0.15894477
0.2985923
0.10859384
0.074891604
0.16232613
0.18035251
0.2421798
0.25066477
0.13219027
0.21911156
0.074457146
0.16564693
0.1438481
0.17702097
0.08640737
0.10990161
0.26085365
0.088102214
0.092157304
0.047079887
0.08609239
0.19003278
0.079933755
0.24480638
0.24197334
0.09341085
0.11472925
0.2271645
0.070948504
0.21751702
0.07199193
0.11577362
0.0895298
0.13930285
0.15547082
0.15242697
0.11819394
0.12788972
0.14533554
0.1425981
0.12452203
0.22301368
0.13011637
0.2299438
0.21352933
0.107341684
0.17637843
0.48675674
0.3911767
0.12348604
0.10508171
0.18702957
0.14650647
0.066169985
0.13994376
0.14847617
0.13918133
0.302168
0.104314774
0.023682429
0.14928211
0.0825622
0.1355733
0.24999963
0.014499801
0.17165466
0.09461678
0.097780086
0.064080454
0.17304674
0.21618837
0.20158064
0.2294561
0.1914371
0.12290931
0.038535435
0.1487081
0.25606102
0.07565671
0.13289075
0.19433635
0.06949648
0.2158882
0.17927442
0.062051047
0.12896256
0.18426038
0.18078719
0.13020734
0.19276749
0.16001625
0.103166856
0.3359149
0.24157342
0.13721487
0.17118342
0.10273805
0.25113904
0.83739954
0.860386
0.888199
0.85571206
1.0
0.95958275
0.91471654
0.27780256
0.17621319
0.2314407
0.20617078
0.20490658
0.16745368
0.15404579
0.1140416
0.105953485
0.14146884
0.3994828
0.16336365
0.14602439
0.19158375
0.21084845
0.15988868
0.21669039
0.15237011
0.15096503
0.27649075
0.19905072
0.24083053
0.30011982
0.3093783
0.2629666
0.25418615
0.2440792
0.16351584
0.16884786
0.115902364
0.1725788
0.1493801
0.17874444
0.29209107
0.12740225
0.21596722
0.15255179
0.19125608
0.21571028
0.23686787
0.17891654
0.12605739
0.29929537
0.22084975
0.22684607
0.12374608
0.18964458
0.14108378
0.37476823
0.12513487
0.23521532
0.15045036
0.11559759
0.2655671
0.19177851
0.2783425
0.14063641
0.073444076
0.23844469
0.27715924
0.113849394
0.15382734
0.20010963
0.16676301
0.14871462
0.20566313
0.22293644
0.23185052
0.15404245
0.19109063
0.19518504
0.14480115
0.20238611
0.29497686
0.21524552
0.30401543
0.22995967
0.15432627
0.2921955
0.36628038
0.15860821
0.29662204
0.20605382
0.15802187
0.12859982
0.20375746
0.22511467
0.2807938
0.16597234
0.1538039
0.14586154
0.1358701
0.1754813
0.27348325
0.1484082
0.16605636
0.16633928
0.17781469
0.2641508
0.16037568
0.28927842
0.17387499
0.3206552
0.25227165
0.17617908
0.28458032
0.1926642
0.17302041
0.34680426
0.22915955
0.17946914
0.31137374
0.21839158
0.14995992
0.19038053
0.1312475
0.2057788
0.32053393
0.18940568
0.25042906
0.17563052
0.106816344
0.21114224
0.16569568
0.2661572
0.12318919
0.1379785
0.2366479
0.20766222
0.17184071
0.09176303
0.1381384
0.23575789
0.09983325
0.08561174
0.11133316
0.12262805
0.1833452
0.050516814
0.09190269
0.17157783
0.15711117
0.1384939
0.07752851
0.10215364
0.10204478
0.1375996
0.102723725
0.098925635
0.16541883
0.081845194
0.15767209
0.08672952
0.05832246
0.07128392
0.12652482
0.025374426
0.06378796
0.30489272
0.39794153
0.44984835
0.32886264
0.5296819
0.4100552
0.4146132
0.4150071
0.4426713
0.36168602
0.27279648
0.20654733
0.107074335
0.070249185
0.21907604
0.19058807
0.16682394
0.18391812
0.20263511
0.16635676
0.1312688
0.16351786
0.09154059
0.20048372
0.21568881
0.1610965
0.26694646
0.09925702
0.16343684
0.14194645
0.2808607
0.07078841
0.10982878
0.24015257
0.10167763
0.113956474
0.15816137
0.13724585
0.22813073
0.1237229
0.07091794
0.09984746
0.2686461
0.17671566
0.12144157
0.13709143
0.11792985
0.15908116
0.07065457
0.1382137
0.15519813
0.2591371
0.074472785
0.18561435
0.16720001
0.11582893
0.11603629
0.2815993
0.15192705
0.053498242
0.0739788
0.07774239
0.2088314
0.058636814
0.068957224
0.11817573
0.16190481
0.10280519
0.10539528
0.13316102
0.04395121
0.114668176
0.08053189
0.15592118
0.10828183
0.12552358
0.22143582
0.0726878
0.07988997
0.15565038
0.05297299
0.1607151
0.19944105
0.12170319
0.12926546
0.09731305
0.165644
0.04206632
0.11742595
0.047602944
0.14572118
0.09680886
0.12266042
0.11077651
0.19543532
0.11002157
0.13656323
0.112733684
0.1289206
0.15795507
0.22025938
0.10678275
0.08045984
0.17362879
0.20049453
0.15926561
0.16668254
0.12075804
0.103111744
0.07302783
0.26723632
0.09597932
0.17521377
0.18161292
0.068710715
0.24731322
0.0669639
0.16120818
0.14119662
0.25214162
0.22748238
0.135706
0.06623924
0.26197815
0.1889775
0.21403924
0.20684057
0.1544959
0.14298733
0.16602832
0.26622263
0.25084478
0.26283532
0.24936628
0.22819123
0.26373821
0.2577152
0.2464899
0.25453457
0.2888496
0.20341185
0.16635165
0.20986706
0.23169354
0.26911423
0.17296685
0.19101042
0.41445702
0.16446164
0.3244576
0.14346734
0.17783514
0.1566621
0.15734383
0.20182174
0.19150075
0.20061927
0.16582212
0.17702548
0.27148303
0.30631384
0.1701111
0.16810192
0.12551898
0.20269251
0.21432066
0.30145553
0.16828498
0.17407325
0.13213778
0.18808194
0.18500307
0.062854074
0.19738829
0.16097423
0.18915947
0.18007386
0.2021761
0.2633021
0.25786152
0.29194304
0.20975071
0.16258973
0.20864312
0.26805076
0.21252687
0.21779321
0.20695417
0.32105792
0.22045308
0.31363854
0.26207432
0.29797342
0.20705208
0.24010026
0.17558831
0.18843648
0.23828648
0.20959137
0.20505667
0.28237468
0.25988823
0.31963837
0.22821432
0.18259083
0.33121842
0.21331084
0.26925328
0.41611114
0.21076033
0.2530988
0.23544365
0.23412208
0.21421835
0.32715678
0.2306235
0.3027994
0.18453303
0.18159942
0.21896645
0.15390603
0.27956152
0.1691691
0.17071325
0.2074692
0.15946214
0.1971752
0.19608425
0.19834104
0.1446105
0.108217314
0.16045518
0.20323806
0.13937289
0.21918362
0.28014013
0.1472729
0.1504085
0.18208255
0.14206788
0.19710165
0.18271843
0.19015953
0.235969
0.23327954
0.11991772
0.17725588
0.18024908
0.16240148
0.17676419
0.19421537
0.24852863
0.16962123
0.11440448
0.19008
0.19894655
0.19837043
0.07052824
0.12362737
0.18189201
0.27175316
0.07062511
0.135381
0.35237387
0.06649724
0.21305828
0.12835939
0.06901722
0.09698614
0.07335845
0.080037095
0.0423426
0.07631814
0.2958469
0.08567754
0.11808958
0.22907887
0.070027605
0.11026375
0.17532083
0.23112959
0.1592877
0.23748913
0.18537654
0.12813084
0.07395878
0.10132004
0.14809462
0.11595005
0.18303087
0.061919183
0.1439469
0.08429551
0.13315158
0.10417825
0.08844222
0.11093582
0.035372134
0.14796901
0.0435713
0.18943419
0.13467738
0.14192328
0.032612342
0.15523377
0.19494598
0.07582046
0.14894637
0.2495558
0.13661292
0.15705812
0.17049384
0.18918031
0.093523115
0.22008502
0.13741769
0.18531445
0.11231644
0.11793888
0.16865443
0.081778385
0.1538916
0.2302092
0.23773098
0.1627816
0.3184112
0.19476816
0.17963074
0.1696582
0.33553922
0.24450527
0.17436364
0.16000633
0.2232104
0.18792564
0.2208885
0.26710975
0.2128547
0.42274663
0.24799949
0.34583202
0.25206253
0.32227936
0.25200698
0.25334308
0.23452213
0.32090765
0.2664624
0.37715542
0.31742403
0.45960784
0.28014538
0.3032412
0.25343058
0.23356934
0.2560709
0.24610865
0.20172168
0.34264395
0.22101115
0.27491975
0.27540007
0.2110334
0.2540418
0.16059104
0.1435581
0.19003919
0.1746956
0.19476606
0.2703737
0.15098263
0.15275182
0.13668095
0.20008613
0.21269715
0.14579675
0.19138415
0.21683376
0.3876031
0.1991223
0.21445043
0.2646152
0.21949044
0.1617648
0.11472875
0.13340457
0.2025775
0.13551998
0.14060897
0.16989909
0.31068575
0.27272838
0.268323
0.19780613
0.3837295
0.16039741
0.18001156
0.24014841
0.22463831
0.17666185
0.207231
0.15724684
0.12626311
0.13345441
0.12520081
0.16976409
0.12701963
0.12579346
0.078636326
0.09112091
0.1882551
0.057521977
0.03088176
0.250723
0.07331568
0.1197469
0.18056329
0.20462786
0.12342823
0.06900666
0.063243866
0.04898774
0.07243052
0.107253864
0.14027733
0.26200113
0.23386168
0.07317454
0.14489062
0.18538147
0.060861047
0.11208623
0.17968732
0.17288633
0.16024381
0.08486199
0.10178483
0.21547973
0.097409286
0.33148775
0.10942557
0.1918791
0.20113318
0.08947342
0.06905201
0.19396849
0.10649851
0.19375138
0.24974684
0.10332616
0.15353887
0.20905793
0.17158605
0.17120582
0.22508752
0.11541189
0.22026004
0.16249743
0.16459063
0.2659242
0.16685711
0.23495689
0.17795953
0.26095596
0.2091598
0.33962464
0.2021936
0.23966023
0.17114176
0.21512237
0.3039218
0.2270704
0.18568882
0.17783438
0.26004314
0.21215731
0.20123273
0.31309104
0.30299184
0.20902815
0.20071138
0.35101113
0.1827364
0.20905642
0.25147453
0.2819935
0.3320009
0.15156841
0.18408202
0.19198062
0.27698958
0.21259922
0.20571789
0.1424005
0.23750411
0.16149507
0.12654662
0.18482782
0.15806717
0.16354053
0.13098176
0.16031478
0.2533416
0.18023293
0.18026298
0.17633672
0.10157584
0.1516654
0.16764562
0.1039514
0.20410863
0.20786452
0.123361446
0.111515716
0.07597998
0.23460646
0.15143666
0.23218802
0.14979322
0.18955708
0.20316169
0.15255639
0.12633786
0.16748866
0.21219297
0.28895843
0.1707322
0.12578332
0.18895999
0.27581552
0.3575304
0.1344647
0.12648213
0.12177723
0.27682188
0.16916537
0.0922346
0.16706364
0.21088216
0.14234364
0.22206497
0.15069298
0.15038365
0.2603762
0.060160022
0.12738962
0.09264
0.17012653
0.16933413
0.07827861
0.248222
0.1779754
0.18994029
0.22509857
0.090714805
0.12993221
0.17006823
0.17005388
0.13031292
0.11444672
0.1579307
0.15335013
0.23363012
0.1551226
0.12560381
0.1059174
0.061448015
0.08230914
0.046186797
0.23086314
0.10675157
0.13170792
0.086949505
0.18083471
0.14701955
0.2820441
0.15592848
0.12747668
0.26859206
0.21125743
0.1232655
0.08532265
0.186608
0.48147196
0.16951725
0.19933647
0.15025353
0.10611859
0.18041934
0.20656297
0.14486162
0.22420166
0.22997718
0.157225
0.25219455
0.36792302
0.19462356
0.2041449
0.22995766
0.16472177
0.41962197
0.24828885
0.21978095
0.32297975
0.2047986
0.16349
0.24889903
0.25482357
0.23467872
0.16928461
0.18427101
0.1347837
0.15212831
0.24849525
0.2007652
0.26165953
0.17018348
0.19546486
0.22854474
0.28327382
0.21681367
0.24838862
0.2335887
0.31535706
0.17246711
0.2874089
0.29213452
0.29852906
0.2939165
0.23884672
0.3297765
0.38258845
0.30767405
0.3500272
0.18769246
0.28749317
0.22250898
0.28027815
0.37417436
0.3042929
0.22150162
0.3221866
0.22733435
0.14015102
0.25242695
0.25803268
0.2815078
0.2402476
0.30272353
0.19622803
0.26964667
0.3550191
0.24718681
0.27835158
0.31451416
0.2965705
0.25614485
0.39549285
0.32048577
0.34675336
0.35664898
0.3195447
0.29994503
0.44177926
0.29615873
0.35915264
0.5408274
0.32806775
0.32301837
0.3308618
0.2729312
0.3543074
0.27667812
0.38102236
0.3378725
0.32700717
0.28615263
0.27476543
0.38169906
0.35769814
0.382651
0.3515654
0.35108992
0.36076504
0.3900326
0.34229156
0.34065917
0.34340483
0.32444128
0.36240673
0.43727094
0.4135211
0.2975784
0.3763009
0.45848605
0.3266113
0.3370822
0.367442
0.37688607
0.44730812
0.38392693
0.4399471
0.4503846
0.38265854
0.37813032
0.3823304
0.38576314
0.5079583
0.42080867
0.43584937
0.33069482
0.4241493
0.35939592
0.3279531
0.28264213
0.3372257
0.39237034
0.32888275
0.3756149
0.29147565
0.34505123
0.33388028
0.31209764
0.35997933
0.46484935
0.24650717
0.44616297
0.22586578
0.29290172
0.25949618
0.2663368
0.2786793
0.2759378
0.2528242
0.2432091
0.27143928
0.3170908
0.34496784
0.21445654
0.26222593
0.33385128
0.2882819
0.25787672
0.23297603
0.31635427
0.2692821
0.27481455
0.3113653
0.30092728
0.26092625
0.29515827
0.2896451
0.3078303
0.29749858
0.276616
0.29617766
0.27192822
0.30862507
0.37328374
0.24900961
0.30707565
0.26286036
0.31197625
0.42267343
0.29029056
0.26759335
0.2557594
0.27299154
0.25326708
0.21717155
0.2665085
0.41998053
0.28554538
0.34135073
0.32546568
0.32294086
0.4077717
0.39708066
0.36192605
0.32589895
0.32652766
0.35385323
0.31357774
0.29284257
0.35757336
0.39855924
0.41332293
0.4441185
0.49410024
0.41554707
0.31424895
0.38504645
0.33698162
0.28884652
0.41147515
0.3427541
0.3574584
0.31896067
0.30572397
0.33011347
0.36093342
0.44749346
0.4091404
0.35819677
0.3236741
0.30348745
0.36447725
0.30238515
0.3161498
0.34829763
0.3814809
0.3431062
0.36320028
0.43620992
0.31177497
0.37600163
0.33167377
0.34579837
0.34001955
0.35015938
0.34690014
0.41915342
0.48324108
0.44205976
0.38846025
0.37040675
0.45723465
0.40839717
0.3230801
0.26112923
0.2304948
0.26561812
0.27630404
0.30494624
0.22871356
0.26000354
0.38788408
0.24746688
0.17657186
0.30437335
0.39787534
0.18180642
0.14946802
0.39618248
0.17662062
0.21229427
0.19982687
0.21399343
0.24042404
0.26702273
0.29472968
0.28615347
0.2360138
0.17912439
0.16863231
0.23375487
0.30264348
0.2660881
0.27392372
0.2160831
0.21873216
0.16355522
0.17621054
0.21415868
0.24016757
0.22304766
0.3067007
0.20458238
0.21928498
0.17451026
0.3441379
0.2381848
0.23804641
0.35477248
0.16362518
0.23909067
0.21149835
0.15526007
0.13018283
0.17542915
0.34097916
0.16486865
0.27354512
0.1424643
0.19597532
0.12636828
0.14958693
0.27666464
0.13567561
0.12941521
0.30437058
0.1343835
0.2236674
0.22183062
0.14854184
0.2859531
0.18721685
0.25191167
0.34124947
0.22040786
0.22504745
0.21406652
0.20404856
0.20117746
0.19332121
0.2585205
0.1978708
0.24478865
0.14288548
0.2426917
0.15792541
0.1652796
0.14384662
0.20574366
0.17480898
0.25988325
0.27763414
0.15827927
0.19337757
0.24949044
0.18083763
0.3078975
0.24903461
0.29028952
0.1527827
0.2647182
0.2340716
0.17559208
0.27005878
0.25810558
0.15128724
0.21945623
0.27542982
0.213592
0.22933364
0.17573787
0.2394119
0.16696545
0.2705766
0.18673898
0.20982751
0.20112658
0.27350745
0.22510393
0.2363273
0.23313795
0.22680947
0.27809447
0.22211507
0.35676026
0.2124224
0.31349424
0.23004784
0.24877171
0.19399497
0.16469347
0.21021728
0.18516459
0.27097368
0.27058908
0.19282123
0.20426002
0.28425965
0.28298926
0.15043287
0.14512973
0.2785155
0.19497176
0.14443576
0.23274544
0.19023006
0.1493439
0.20548198
0.18816748
0.22885449
0.3333458
0.19688992
0.12446243
0.23893051
0.11817159
0.21111742
0.17466074
0.20607723
0.12987289
0.15199466
0.281245
0.1422148
0.12296097
0.1874501
0.15131645
0.18387711
0.20266543
0.10413308
0.19214496
0.09986797
0.19759253
0.11567836
0.024314303
0.23568341
0.1985472
0.08829048
0.09899788
0.13857096
0.10986731
0.12923789
0.17586307
0.13217692
0.13239737
0.20722917
0.21171
0.20351645
0.11144802
0.12330526
0.26094702
0.15499665
0.13305011
0.09992999
0.17466776
0.036089063
0.096643545
0.09820666
0.17041315
0.13876674
0.13698491
0.12991147
0.062406164
0.10669717
0.11393055
0.11452872
0.1946635
0.10177236
0.1896591
0.090061106
0.05456793
0.044037957
0.075824305
0.046602067
0.13345794
0.1807406
0.118803255
0.09200527
0.09322574
0.05598617
0.1902867
0.17598878
0.109481
0.27754638
0.21214597
0.10188981
0.10378245
0.18835503
0.09356862
0.16974115
0.14686327
0.19158451
0.13389085
0.18234631
0.14554404
0.083746515
0.22086048
0.19250642
0.18887654
0.19702859
0.21758454
0.25625437
0.24924295
0.2240381
0.22933128
0.19047749
0.29129437
0.17330162
0.24497353
0.2471733
0.17062284
0.14138848
0.16276301
0.15622236
0.16431168
0.3304538
0.25980288
0.16977254
0.2350056
0.13357264
0.20849602
0.26745278
0.19354081
0.156428
0.13556147
0.16616543
0.44190007
0.24602972
0.19678071
0.17739655
0.32452697
0.3522715
0.26942322
0.40497825
0.20870365
0.22416326
0.40303993
0.18795183
0.2173745
0.19040763
0.1745382
0.21559985
0.20416188
0.31177965
0.264651
0.20522381
0.34560576
0.33352038
0.25209695
0.3376699
0.32592902
0.24597827
0.35901067
0.23008884
0.24104436
0.24588707
0.34154665
0.20255987
0.2934432
0.20858164
0.40692693
0.26735735
0.31605712
0.16391814
0.22082527
0.1927442
0.16930023
0.1443623
0.21657054
0.20704994
0.29813018
0.19405225
0.12596023
0.23031835
0.22400472
0.1698489
0.25988165
0.23118445
0.29406136
0.2129886
0.1944691
0.20732424
0.2780287
0.17903545
0.18717386
0.1998922
0.298984
0.37415335
0.21475281
0.24627511
0.21047083
0.19942133
0.11650354
0.3234549
0.21029596
0.1073646
0.2067919
0.17782716
0.20885724
0.098863415
0.1875571
0.25788194
0.21356666
0.22128335
0.16290116
0.17225856
0.29351822
0.18554029
0.15674704
0.22207247
0.23181216
0.19460511
0.2613981
0.18278776
0.20746821
0.16203427
0.28029504
0.27833354
0.33142918
0.3055141
0.1830145
0.30285275
0.21992157
0.18084125
0.19530976
0.3028059
0.2913866
0.19591399
0.22275405
0.25352407
0.2047915
0.25790265
0.19923049
0.17811558
0.17061271
0.26669902
0.290015
0.30527636
0.21831861
0.2916274
0.18248892
0.23599887
0.18726784
0.24692181
0.21634685
0.19004245
0.23063353
0.3576151
0.2590993
0.36778253
0.28082213
0.223378
0.29119837
0.20964412
0.4042767
0.25399518
0.23120913
0.21978979
0.21886234
0.33818606
0.20641303
0.2655655
0.2110676
0.27826837
0.19364068
0.31115773
0.2357712
0.24872847
0.26855105
0.23191738
0.3694601
0.31234318
0.2736423
0.15460762
0.22497505
0.20359318
0.1467633
0.17621522
0.1766893
0.29905027
0.16635157
0.15740791
0.15747957
0.28087294
0.2643462
0.2298492
0.1697422
0.2866188
0.31069422
0.1859293
0.33879158
0.23681828
0.24170968
0.3915542
0.24033414
0.30057818
0.187659
0.1965803
0.2826208
0.22950752
0.17686318
0.2724865
0.18424252
0.2814469
0.37144879
0.22478576
0.1829856
0.23042557
0.18858401
0.23321456
0.31523845
0.1918639
0.17643245
0.27921373
0.15536115
0.18494467
0.28519964
0.23326968
0.21767083
0.2512342
0.34851825
0.22129706
0.2220766
0.22899446
0.18963635
0.31636995
0.2226052
0.19645241
0.2995923
0.2442064
0.27906612
0.2757071
0.2462079
0.20209678
0.3522517
0.21008193
0.1940996
0.3523593
0.27227807
0.20900933
0.2812936
0.20539714
0.1922332
0.2030304
0.20032378
0.12568657
0.20824634
0.169577
0.18905574
0.24223112
0.14221813
0.16904053
0.22129264
0.17033716
0.2804543
0.30785322
0.19154863
0.28605056
0.23583381
0.17719914
0.13389726
0.12560673
0.08969488
0.18585722
0.12449969
0.11294976
0.120873034
0.1418635
0.18594058
0.15478137
0.1365596
0.15581742
0.14352007
0.09912887
0.11559044
0.1976288
0.18060267
0.15862201
0.20329289
0.13482569
0.16154492
0.17207529
0.17249785
0.47618854
0.1459764
0.17870086
0.09153602
0.19704193
0.24613617
0.15869798
0.13156971
0.19188099
0.1603551
0.11404149
0.09844718
0.11673673
0.25863114
0.19506036
0.17550965
0.18666886
0.18180005
0.1718375
0.15113796
0.14300428
0.19140999
0.17490958
0.16996132
0.33912417
0.23847975
0.26388025
0.14889324
0.1709639
0.17834026
0.12845731
0.13718556
0.12849154
0.18266892
0.4008171
0.11705845
0.2238317
0.14532907
0.08878068
0.090655275
0.17812522
0.1945218
0.23982999
0.1468195
0.10801171
0.06709102
0.12222019
0.17238392
0.064648174
0.10236372
0.12767987
0.14180765
0.030676039
0.21411778
0.08264908
0.06350234
0.066037156
0.16794112
0.09216745
0.08125493
0.15722369
0.30260915
0.17432424
0.16335264
0.16466098
0.19442181
0.15642445
0.1265192
0.05420637
0.087941885
0.06561893
0.16630574
0.053042706
0.04305852
0.1505142
0.2152827
0.06299999
0.09781331
0.107127525
0.18926513
0.21691255
0.21096227
0.26276848
0.1401094
0.12809499
0.055392448
0.22933167
0.21335265
0.1935933
0.14887536
0.15074013
0.09091382
0.045289025
0.08491525
0.24405457
0.20021822
0.089480944
0.17786483
0.03795423
0.26765636
0.14340192
0.15582132
0.13929333
0.124990955
0.068696275
0.14969863
0.14449048
0.23578294
0.12637198
0.20601968
0.097681366
0.12372803
0.13366698
0.20667066
0.23739113
0.106211066
0.06765954
0.2734846
0.1518114
0.16841784
0.15626281
0.10775557
0.27222496
0.21085349
0.07944711
0.14664024
0.09982391
0.19375952
0.15627237
0.098426916
0.22806394
0.12747036
0.22887193
0.10251113
0.1531233
0.10295522
0.102307744
0.15553607
0.033224642
0.10497063
0.13737062
0.06883475
0.15430722
0.13612184
0.18018493
0.13120821
0.15538442
0.219646
0.23781176
0.24894373
0.17545597
0.09137406
0.05657358
0.09259601
0.11988757
0.16843751
0.18861407
0.13785273
0.1341026
0.080904454
0.11967702
0.1888242
0.12977071
0.118481465
0.22768813
0.11897755
0.116625756
0.14043017
0.22305644
0.128389
0.11168762
0.13864419
0.1336255
0.14853275
0.1912579
0.14117616
0.112228274
0.19641975
0.15030144
0.24211481
0.1175574
0.08381808
0.19945651
0.25567096
0.14407672
0.09474966
0.049740713
0.2828665
0.14154142
0.17815556
0.10985847
0.11457116
0.11278412
0.14780281
0.10131822
0.039858043
0.14310306
0.19817886
0.11267937
0.13934335
0.111007504
0.20109776
0.11507517
0.03530618
0.1678904
0.23901536
0.08539705
0.35099354
0.17987855
0.18403094
0.06701414
0.09442705
0.15556848
0.14578518
0.11231534
0.10774123
0.17164767
0.09087762
0.1091416
0.042014252
0.15965453
0.19738701
0.15477496
0.13109595
0.23166218
0.17445093
0.05510851
0.14773518
0.16425148
0.17525958
0.07585383
0.28179207
0.21103786
0.084182285
0.1125369
0.118629314
0.16145247
0.120842285
0.11625647
0.068351105
0.13020614
0.22619629
0.12604392
0.15958016
0.15477291
0.096933916
0.2238443
0.15057023
0.15228836
0.13450731
0.060527463
0.09249781
0.17350693
0.08831787
0.12022809
0.2503696
0.2577635
0.10860637
0.06392984
0.018269392
0.16155869
0.19263658
0.11900832
0.20233566
0.066421814
0.1565314
0.11277875
0.05942668
0.18943462
0.12644666
0.04126146
0.23338942
0.1747391
0.15363748
0.18734276
0.08040926
0.21288891
0.20069131
0.20162107
0.06723503
0.111587115
