0.20037273
0.088128634
0.015006366
0.12541585
0.025857922
0.08349765
0.0800918
0.07755862
0.08567571
0.07893474
0.064045206
0.06998561
0.068995796
0.09716756
0.06907636
0.12231745
0.078418374
0.047084518
0.013292029
0.065283336
0.053043082
0.19833237
0.06766306
0.19456862
0.23580886
0.107179016
0.13218342
0.09574456
0.08620441
0.15157875
0.14277166
0.12100947
0.1438308
0.13408749
0.12240686
0.14608155
0.09625662
0.113969855
0.21742283
0.11913938
0.10758541
0.11689977
0.20402938
0.062432867
0.071951576
0.0769213
0.10983126
0.11297893
0.15209226
0.09520823
0.13965806
0.086829625
0.06663838
0.1182195
0.18181883
0.14470795
0.09387692
0.085767925
0.11709001
0.065662086
0.12620226
0.19050579
0.097851336
0.20609462
0.12983014
0.112776555
0.09001915
0.14059341
0.15357886
0.063263305
0.17353153
0.06660092
0.074530035
0.16610251
0.07764144
0.16573955
0.08001188
0.23969385
0.25689802
0.06031022
0.08397211
0.14843765
0.09640192
0.1132375
0.10520923
0.081753574
0.11580131
0.10163341
0.14078854
0.15056367
0.114104904
0.12906222
0.1027305
0.18902804
0.10776169
0.11530209
0.21603681
0.16237554
0.14431572
0.27301377
0.18168248
0.16489208
0.07945982
0.13895321
0.12883127
0.16600266
0.11974275
0.23799568
0.18622398
0.14347701
0.19230622
0.123312205
0.1607895
0.17515145
0.1408477
0.12953901
0.15686588
0.22682843
0.22261733
0.25238058
0.17983916
0.12615117
0.1544357
0.15755199
0.14531356
0.11723131
0.121346295
0.14392588
0.1820214
0.12570077
0.13436294
0.13227138
0.07903784
0.12054905
0.11874829
0.08835384
0.1912546
0.098095104
0.13031143
0.18151404
0.20211498
0.14146607
0.13308454
0.1197325
0.14302617
0.13583253
0.20391208
0.23059237
0.15551813
0.21751294
0.14989181
0.16917154
0.16783085
0.2714885
0.13790254
0.1594991
0.206112
0.2086169
0.1631455
0.18363486
0.20060828
0.19719364
0.15916716
0.21752445
0.17946716
0.21321462
0.14348426
0.09673465
0.2032513
0.11116048
0.1540788
0.31576955
0.110692374
0.11549305
0.1613621
0.16050312
0.11016049
0.23063089
0.09244509
0.20196265
0.13172464
0.13477191
0.21925853
0.19964387
0.18596813
0.17236137
0.2706114
0.15229616
0.14118409
0.17444827
0.10456592
0.13093168
0.15913995
0.11049467
0.21903034
0.10530215
0.08417857
0.17433873
0.08235816
0.13527657
0.28214377
0.19618964
0.092563406
0.09995558
0.08758993
0.0752818
0.041428436
0.11937687
0.08699628
0.063860334
0.268018
0.17263298
0.07553779
0.12558769
0.13534048
0.05823309
0.16076392
0.11004412
0.070771456
0.07955496
0.078251764
0.06773457
0.19721906
0.15913057
0.18159941
0.19428386
0.095451094
0.20185795
0.20722625
0.13634151
0.13272212
0.1796646
0.098031595
0.14792399
0.15503813
0.12877192
0.19067128
0.17060652
0.18964441
0.22301866
0.14195827
0.14703888
0.12367471
0.15838264
0.19136815
0.1782617
0.16841398
0.1685165
0.12399905
0.14682564
0.18764505
0.1757084
0.14153427
0.19767304
0.2509377
0.21220754
0.15244968
0.16303912
0.1473484
0.111028075
0.16678105
0.20049019
0.17915146
0.21110176
0.1870753
0.13566904
0.17750365
0.14821643
0.28641948
0.18444414
0.16459432
0.2563158
0.1725234
0.1977315
0.18449509
0.18657582
0.1847148
0.27263942
0.23249458
0.13379528
0.2708618
0.17974032
0.09854736
0.12380865
0.10547133
0.15999864
0.032905985
0.098785356
0.08041675
0.141299
0.06768475
0.15776648
0.13342205
0.18661758
0.051220518
0.20819348
0.14172108
0.1010199
0.0979872
0.0808108
0.12655118
0.08576605
0.15688802
0.07317476
0.22647911
0.12845382
0.08662791
0.09923553
0.12147054
0.18360801
0.06350138
0.09265747
0.054530974
0.13418984
0.044969898
0.109407805
0.06288362
0.18174604
0.12746242
0.14783543
0.028490776
0.23921575
0.18756427
0.12672527
0.08023908
0.09520825
0.061726864
0.04520445
0.11646083
0.037711054
0.07423443
0.12856615
0.14738855
0.20895626
0.10662677
0.059782468
0.10738492
0.06835514
0.046216317
0.11525693
0.16735584
0.103921406
0.09632942
0.08207414
0.19650373
0.03176628
0.16824552
0.15438716
0.10230561
0.14986062
0.13185935
0.20176372
0.058503658
0.045908738
0.091679014
0.15913928
0.17334668
0.07512229
0.05435569
0.09634034
0.26088002
0.09212192
0.13012475
0.04876038
0.064395666
0.08696067
0.06814064
0.025943771
0.06727463
0.036232725
0.08728354
0.09538733
0.080515705
0.15277153
0.082610376
0.10042534
0.15090829
0.03716281
0.10791855
0.04038596
0.055613063
0.037645064
0.17010023
0.12472091
0.059825294
0.088393465
0.17000365
0.21265036
0.11779927
0.16007167
0.0799824
0.15934734
0.078031294
0.12771532
0.15802631
0.061083585
0.1462882
0.17635582
0.049440596
0.13859414
0.09927266
0.03344291
0.094924845
0.1822542
0.047648497
0.056436162
0.10943488
0.12425776
0.09568212
0.09008011
0.11496399
0.09164499
0.12977359
0.09711467
0.12476305
0.08911105
0.10098874
0.57321876
0.6107012
0.6106382
0.6589762
0.65296984
0.62604785
0.06139556
0.03159844
0.17341827
0.22224785
0.06989233
0.17992143
0.14247578
0.08477
0.07319622
0.11230146
0.090724595
0.1091588
0.16542096
0.10996327
0.14434771
0.11225375
0.12860556
0.06783114
0.069554806
0.056624703
0.07025562
0.09245538
0.09451532
0.06776027
0.13091625
0.1470287
0.15988448
0.1323974
0.10160846
0.12455636
0.10188762
0.14392126
0.286884
0.101819575
0.102988526
0.096496575
0.1515687
0.077084586
0.06459693
0.066726
0.08434938
0.085007444
0.07628081
0.20601068
0.10871049
0.071116924
0.22068581
0.68303925
0.8118786
0.7419098
0.08487669
0.14460555
0.11142965
0.114487484
0.067980416
0.14627898
0.052788947
0.10064617
0.17110433
0.092664
0.11896757
0.10672732
0.027639087
0.09754013
0.068974495
0.049031194
0.17750219
0.09862609
0.13977426
0.12759629
0.105181135
0.053524148
0.08192075
0.071332395
0.042311482
0.031627964
0.09806511
0.28564885
0.046569794
0.14338867
0.10525783
0.12404929
0.17409669
0.066346645
0.25332555
0.078415185
0.078130916
0.081995144
0.15183905
0.12326264
0.117834724
0.103044115
0.062235445
0.23447596
0.08660965
0.094106995
0.17666301
0.13155755
0.06401253
0.11234843
0.09582367
0.16047134
0.14446492
0.08402288
0.12969805
0.14837258
0.15491135
0.14400923
0.08803429
0.080650814
0.17743073
0.23806116
0.15789649
0.19279228
0.1459814
0.16033176
0.18944523
0.13120335
0.10862578
0.111094184
0.16707508
0.19028614
0.25890467
0.18744339
0.10473103
0.17689086
0.118842356
0.11791319
0.11945336
0.27806523
0.12754607
0.1177365
0.0981759
0.22435819
0.10743045
0.198004
0.13059777
0.08401713
0.22436498
0.15762058
0.09310682
0.13302489
0.09346515
0.03165364
0.06654867
0.14606424
0.11466638
0.11805825
0.12244663
0.13301514
0.25569838
0.18578945
0.11485356
0.16815887
0.14693677
0.17068568
0.13577433
0.21229999
0.09215902
0.13767947
0.13830128
0.2210818
0.11473096
0.23554263
0.22878999
0.14401016
0.14437094
0.14568274
0.19583209
0.08779601
0.057709005
0.1149458
0.04563087
0.06129715
0.15919064
0.075897805
0.08850572
0.068524644
0.07303625
0.075133465
0.10261199
0.045194767
0.07339836
0.06541132
0.0909504
0.061945733
0.18160157
0.10179864
0.065703265
0.09521823
0.08332956
0.14372969
0.15788303
0.09452151
0.1432209
0.121658035
0.06605959
0.21636343
0.1496292
0.10584886
0.034846596
0.09102887
0.062087804
0.047301248
0.0025693346
0.07536765
0.07316158
0.12587185
0.05415492
0.07315541
0.017444167
0.014460006
0.06426732
0.2007461
0.19342367
0.12872355
0.10414529
0.21431576
0.13262643
0.21038455
0.028686387
0.14352763
0.062592305
0.13076833
0.12215559
0.057443857
0.05966816
0.09669925
0.038813516
0.1187172
0.08453868
0.053147104
0.027631367
0.0469815
0.09045278
0.08892943
0.057211895
0.074342206
0.08135587
0.080145136
0.064364366
0.13181135
0.055046666
0.057748213
0.22287029
0.16800801
0.21657003
0.129567
0.11251036
0.23149835
0.11110791
0.05168667
0.09958986
0.052727323
0.085600734
0.09719323
0.077656426
0.18036918
0.11465095
0.11598307
0.09065069
0.062029764
0.13162294
0.120429724
0.070195936
0.09058386
0.114476584
0.19494583
0.094842725
0.086584605
0.060068145
0.13013314
0.19334637
0.117072135
0.09258338
0.044614043
0.099334314
0.094845675
0.0705865
0.11543241
0.04653898
0.1945192
0.038911365
0.06596695
0.112568766
0.11447772
0.030020151
0.053975184
0.06332473
0.1851396
0.076824315
0.085540965
0.1435258
0.07114962
0.114799865
0.081311546
0.110901944
0.114205815
0.07032657
0.030013423
0.11845693
0.14012969
0.18650416
0.113681294
0.12187238
0.15947959
0.10857419
0.054467626
0.023929087
0.11214932
0.08040803
0.11445864
0.18317811
0.18103874
0.20213753
0.0825303
0.054057885
0.14565791
0.07052345
0.09216347
0.109423116
0.089194484
0.049056165
0.14611848
0.079047725
0.09337916
0.2383335
0.021989238
0.09537693
0.12170453
0.119930245
0.16859299
0.10276322
0.026773395
0.084401585
0.077840954
0.12541579
0.07854965
0.10217059
0.1912116
0.05437486
0.027185766
0.056365464
0.12485463
0.100125305
0.15047972
0.10025855
0.0673319
0.11381888
0.09778386
0.04446186
0.17453043
0.08671757
0.07357124
0.12551457
0.070766106
0.097561486
0.124073975
0.11716477
0.08876486
0.17115016
0.056594882
0.081930935
0.08313438
0.09970114
0.10043376
0.21799389
0.14595981
0.10174655
0.12430115
0.18886957
0.08018714
0.2437819
0.027830606
0.17574972
0.13114077
0.09164348
0.03257272
0.05876585
0.08791614
0.053224083
0.09939267
0.15614012
0.20057808
0.037350666
0.07013861
0.108085476
0.04488866
0.12946257
0.050153963
0.08809387
0.12371318
0.12572356
0.04851054
0.19416988
0.051781792
0.108575605
0.15047668
0.05584934
0.18478835
0.19353849
0.019451194
0.078833655
0.21304257
0.087792
0.075300485
0.13462542
0.1584849
0.114148445
0.09560966
0.09420987
0.059444625
0.07372683
0.05824431
0.18772814
0.112642065
0.08543374
0.15637493
0.19046123
0.10171989
0.19205108
0.10354696
0.10014102
0.08752997
0.058777105
0.12247126
0.15055588
0.11959272
0.11267548
0.1288981
0.16501357
0.13679786
0.08848058
0.1239245
0.17562531
0.10693086
0.13212463
0.20883459
0.09781524
0.12370662
0.2294481
0.15799068
0.13489512
0.21725813
0.078230515
0.07453773
0.082383476
0.08610512
0.11125966
0.12659718
0.15769896
0.1574787
0.18073265
0.11903368
0.11933176
0.12950039
0.08154785
0.15471591
0.10658938
0.17638457
0.13996692
0.17504333
0.09320773
0.09348879
0.21241216
0.083301716
0.083914615
0.1748874
0.12837838
0.2040856
0.26644492
0.22440913
0.12318848
0.20198707
0.15426604
0.11340776
0.10882799
0.20705806
0.13330205
0.15212387
0.15568142
0.13841914
0.14955589
0.23421827
0.10748067
0.1559867
0.11156227
0.15281804
0.11318457
0.23865671
0.1304557
0.18193339
0.18567502
0.119681805
0.15813062
0.12322311
0.16564599
0.1450569
0.22203682
0.16776103
0.19150375
0.11352337
0.16857854
0.15276313
0.13363118
0.10463716
0.2618382
0.13211454
0.12583137
0.12943342
0.16384505
0.1515421
0.15402003
0.2056628
0.19870423
0.15124306
0.16277789
0.26590115
0.23887499
0.12747987
0.14401071
0.16507863
0.1551129
0.14021003
0.24581051
0.18061174
0.18484391
0.21164055
0.22871795
0.16057937
0.109387815
0.15397
0.22234929
0.14200827
0.053564522
0.10033407
0.02244521
0.03888147
0.14224625
0.12748277
0.10821394
0.117255025
0.14000502
0.10143186
0.17530474
0.0890894
0.071011245
0.10706592
0.11941074
0.038869653
0.14801052
0.22752902
0.06672152
0.10583156
0.10351839
0.03689163
0.19411348
0.07254052
0.22520015
0.064403586
0.07974129
0.072258435
0.090263255
0.18302757
0.11709918
0.104529366
0.1317759
0.21612072
0.17740972
0.09382921
0.057158075
0.05324955
0.06724446
0.06331049
0.11485314
0.069241576
0.109168194
0.12605076
0.19766885
0.16169225
0.073992126
0.060309406
0.09979724
0.09013126
0.20828806
0.089790925
0.18102582
0.10438451
0.15293063
0.13037312
0.15593915
0.21080503
0.15848167
0.16088766
0.14453149
0.08203589
0.032467257
0.12979653
0.09836065
0.05843375
0.21105362
0.1375968
0.09684497
0.08011484
0.071120694
0.20094752
0.13024111
0.083894916
0.21849075
0.22412029
0.15863892
0.09116612
0.115900256
0.1879849
0.16746505
0.2819704
0.18856512
0.15244181
0.082680844
0.2459526
0.18857712
0.17681262
0.12711562
0.19678697
0.099993356
0.109415665
0.11780494
0.11380612
0.11129483
0.12962829
0.18939146
0.16264392
0.18825585
0.17630972
0.1977579
0.29737982
0.19385011
0.16693787
0.15765855
0.19206776
0.20176093
0.19005066
0.26571706
0.19465387
0.18921866
0.20339204
0.3537967
0.20306733
0.30453128
0.3303799
0.2804795
0.2625479
0.19171597
0.19343759
0.2631272
0.33805767
0.34859666
0.18044595
0.21298674
0.21834132
0.25150377
0.23444335
0.21815254
0.2202619
0.21924663
0.21861759
0.28608605
0.25132272
0.19462876
0.20269932
0.22844937
0.2472974
0.23872688
0.2823574
0.28294283
0.26043582
0.22731967
0.23245399
0.17508322
0.26159608
0.28927237
0.18062666
0.19153668
0.21077766
0.28784493
0.16931237
0.22842197
0.19843908
0.20382954
0.1839989
0.23905087
0.3257481
0.1578187
0.23326325
0.19551943
0.19706583
0.20287454
0.18059771
0.21815754
0.22235583
0.26984477
0.27670377
0.28218108
0.23332603
0.24256764
0.2005312
0.28163922
0.22023477
0.2597202
0.26325208
0.1830548
0.17730817
0.2701106
0.2367153
0.16023357
0.16382298
0.23203662
0.25037226
0.23591363
0.16468748
0.20945506
0.16098282
0.15437938
0.20505984
0.1773951
0.2056634
0.15896483
0.21382731
0.10139569
0.24724491
0.12691006
0.17350703
0.17806251
0.15880817
0.14799465
0.18313785
0.12093708
0.22347961
0.17677587
0.04542359
0.17234619
0.13444276
0.13723522
0.07501978
0.24445337
0.06573744
0.17967036
0.10801605
0.109645
0.055866264
0.010451805
0.07352582
0.19430463
0.08029804
0.23043498
0.08358855
0.16220725
0.015828831
0.11297775
0.11793952
0.12711638
0.050384965
0.1380732
0.07771393
0.17994793
0.09470954
0.22265737
0.18492903
0.07523924
0.13033926
0.15168345
0.29470336
0.16196263
0.07709017
0.06830877
0.09038013
0.08806594
0.052974895
0.064814635
0.124145344
0.1119542
0.051490195
0.12522897
0.121256985
0.076508895
0.059552975
0.05866569
0.12149445
0.08934335
0.16866541
0.1759378
0.20062838
0.0968883
0.22643664
0.22327931
0.08113477
0.07543251
0.20683205
0.98705745
0.9379472
0.9233966
0.9675395
1.0
0.92826456
0.9615234
0.8432974
0.07155025
0.059539787
0.14845571
0.08066935
0.094734855
0.080274984
0.08112826
0.16200127
0.11886364
0.09723067
0.13168389
0.05598239
0.1793678
0.10933205
0.11558456
0.13972194
0.062461417
0.13749658
0.1195393
0.13489316
0.060863398
0.13091117
0.02699907
0.07460004
0.097807914
0.09656347
0.046894692
0.04323978
0.21889277
0.004524197
0.04889973
0.08073073
0.09588078
0.14308356
0.07031239
0.10246106
0.14473274
0.028888367
0.0978841
0.040232264
0.14623906
0.03376063
0.13787234
0.051555086
0.18209063
0.086044446
0.06187064
0.10270717
0.1632526
0.05500872
0.04849146
0.102557845
0.057199534
0.057736028
0.14877613
0.17000712
0.018771227
0.063145705
0.090755045
0.10787062
0.07939758
0.034268018
0.038505334
0.0792636
0.028492542
0.060875632
0.12490184
0.04729705
0.08857744
0.11670941
0.2336955
0.08253085
0.17961307
0.061736763
0.09436816
0.118126474
0.041511983
0.11617512
0.14080684
0.07720437
0.050194595
0.12418158
0.09123669
0.06566953
0.0917095
0.12021704
0.13256414
0.05191273
0.03847623
0.1457096
0.11009861
0.100936584
0.01844806
0.14081152
0.101662256
0.08208894
0.0941436
0.04071185
0.12194112
0.12637961
0.20609508
0.089527436
0.032378532
0.13225798
0.08943938
0.13271633
0.12947056
0.026640648
0.03748808
0.05021548
0.051778715
0.1006586
0.0768285
0.2543726
0.14754744
0.08472897
0.1785564
0.09011919
0.08372186
0.06596473
0.109126344
0.15128657
0.10732657
0.14490238
0.088307455
0.06979232
0.08444923
0.12583499
0.09958217
0.10416554
0.13125889
0.091241784
0.13136669
0.14744459
0.18113747
0.07143721
0.06739813
0.13595645
0.19323686
0.05994701
0.08675608
0.14492883
0.060804576
0.16211984
0.17478396
0.04779073
0.095119335
0.11836864
0.09364058
0.012129496
0.058117528
0.02550131
0.08247701
0.16798255
0.11960605
0.14459984
0.07544797
0.23553687
0.18595476
0.093021326
0.091700174
0.21240598
0.17092341
0.066749126
0.10807582
0.11753612
0.036169566
0.24213672
0.15444098
0.1097005
0.09005388
0.10714866
0.07114748
0.110649996
0.060336687
0.112448454
0.0984692
0.08098728
0.055794876
0.10425696
0.069340825
0.10211003
0.14729701
0.07613509
0.118280776
0.09702217
0.106306046
0.1504978
0.0841019
0.16110185
0.13223816
0.12857802
0.16769682
0.1372578
0.08795019
0.113500506
0.1107603
0.06891618
0.1834245
0.12116657
0.27388418
0.15100954
0.13398084
0.12694538
0.05920332
0.07591653
0.10533867
0.06058577
0.094767466
0.14637843
0.09836209
0.06555701
0.13527946
0.09458819
0.2114853
0.13655002
0.17165813
0.12021229
0.13911267
0.22319114
0.15263295
0.19257481
0.14756677
0.12786977
0.21680295
0.15948236
0.13000779
0.20015906
0.15087128
0.21376476
0.12676284
0.17346588
0.13141246
0.15152264
0.11591191
0.1368434
0.1906767
0.18335043
0.14146326
0.07622791
0.13161613
0.10274188
0.07552546
0.07778944
0.056612734
0.10950385
0.15405186
0.14932765
0.15646663
0.2582517
0.14509757
0.08090932
0.11863566
0.20994839
0.098027304
0.12873305
0.075381644
0.16873336
0.1756501
0.22718798
0.081779726
0.16927722
0.20009863
0.15802124
0.11475695
0.12547497
0.18752022
0.082234845
0.07563777
0.14202733
0.09718955
0.08906559
0.11419387
0.12658653
0.109184176
0.0986379
0.071775526
0.07375189
0.06712295
0.102155596
0.12456219
0.05833707
0.06877914
0.1782244
0.05075285
0.15543567
0.15046108
0.05411754
0.036073755
0.07247422
0.026924238
0.019122062
0.16800246
0.111318015
0.086129144
0.1031266
0.22274628
0.08718252
0.08281995
0.08560271
0.08816266
0.0588958
0.035583578
0.052763663
0.08686926
0.038425837
0.049745593
0.08652168
0.11077661
0.100991435
0.12388789
0.04345407
0.05993989
0.056432094
0.072058626
0.07903598
0.09419891
0.16777621
0.08218948
0.1315747
0.10765811
0.13801733
0.14429696
0.1629859
0.13597772
0.11897894
0.044646397
0.11862796
0.041391976
0.2018825
0.18618381
0.0019469012
0.095618926
0.09376015
0.17673078
0.09004835
0.09033413
0.14289396
0.05891755
0.061967254
0.0968411
0.15306464
0.21151812
0.06767037
0.14199205
0.14254701
0.07356216
0.12495209
0.11233802
0.13029926
0.1338852
0.13420324
0.09063104
0.09629267
0.14065261
0.1078543
0.17445546
0.15060328
0.12853958
0.15859184
0.11186408
0.21736956
0.14186312
0.056763038
0.12468518
0.105360836
0.08744622
0.13896267
0.096196346
0.16852805
0.15574001
0.19417617
0.09601008
0.0724105
0.21455994
0.064815454
0.16796908
0.12826638
0.07299656
0.1563881
0.054762203
0.04551441
0.11426533
0.10848277
0.17160545
0.13089013
0.059993897
0.14742911
0.028945033
0.10653508
0.094017915
0.10003332
0.10704497
0.1723224
0.06111821
0.11342886
0.12591602
0.11315351
0.1628261
0.06705085
0.11157154
0.11871253
0.1747617
0.087906
0.122272626
0.07423436
0.03403717
0.05577336
0.09315027
0.11755074
0.17054476
0.18338686
0.16184048
0.115922794
0.12934779
0.043018874
0.08535776
0.020179277
0.11817535
0.10019182
0.037394397
0.07082925
0.15193413
0.07451124
0.06770616
0.08196285
0.17083918
0.19124983
0.11203052
0.104474746
0.025230097
0.10742946
0.0773748
0.07802049
0.11663643
0.100138806
0.09062003
0.11455411
0.21409574
0.09230448
0.18741287
0.18360908
0.114821024
0.12178518
0.058939815
0.1563103
0.104351446
0.10422671
0.13631994
0.091836594
0.0802023
0.03443008
0.10816618
0.15998289
0.121736765
0.11642027
0.083560154
0.05226896
0.041681387
0.14137967
0.08206626
0.17235252
0.08753888
0.12618615
0.12426943
0.1070953
0.09284317
0.16493796
0.1298402
0.07084403
0.17864104
0.076976135
0.028957166
0.12169965
0.12740582
0.06424847
0.084488
0.099762194
0.11876338
0.33194855
0.04886735
0.03912892
0.08116313
0.15530205
0.08405746
0.054912474
0.080943055
0.046501648
0.030334735
0.05156143
0.09462346
0.11243762
0.17559491
0.081077404
0.15162556
0.11300875
0.2182541
0.082708195
0.06674928
0.098966315
0.08377942
0.09084626
0.16121145
0.08536132
0.12758705
0.09780843
0.14398792
0.16449237
0.08255288
0.044850476
0.14214444
0.07298965
0.0666702
0.11781914
0.08679989
0.11317586
0.15928595
0.10704274
0.08893867
0.19270042
0.15294081
0.13134287
0.13339065
0.097007394
0.14186177
0.14635232
0.07515428
0.18272427
0.13741498
0.050188024
0.12736215
0.071369305
0.09806575
0.16135386
0.12261174
0.111960806
0.06669989
0.1046872
0.26406536
0.08964494
0.16067389
0.143366
0.19638677
0.16084838
0.09718223
0.08259952
0.1303807
0.1260541
0.09030739
0.0936087
0.11000957
0.060245056
0.13422143
0.09612894
0.12330749
0.122789845
0.08217348
0.12951492
0.23230499
0.062937565
0.17756833
0.08253988
0.13013229
0.086044386
0.23461725
0.085948914
0.15305492
0.07397089
0.15593621
0.08107014
0.111507766
0.13071907
0.079124585
0.14092179
0.1295999
0.11028125
0.3492703
0.06689298
0.12301963
0.1650786
0.15892619
0.13663359
0.079536155
0.10972432
0.09660951
0.044935074
0.053966835
0.08257022
0.08462496
0.1438238
0.15154831
0.11459085
0.10075831
0.08832431
0.07742317
0.046696346
0.0221003
0.21134916
0.16798753
0.1022538
0.10949532
0.10687034
0.18508554
0.07938651
0.076145016
0.07732849
0.21069987
0.12823905
0.18412149
0.19458598
0.10500179
0.03427407
0.068753645
0.16767266
0.10963992
0.0911221
0.069691785
0.15835887
0.17397423
0.090469606
0.11774097
0.12145755
0.047129296
0.13465196
0.121118195
0.09469319
0.21131389
0.08179401
0.19654016
0.104554914
0.07586895
0.09154629
0.08479117
0.15648888
0.10381676
0.0949209
0.1145723
0.1643938
0.06694911
0.06784448
0.08306025
0.06646299
0.14643164
0.07623679
0.15320013
0.11910928
0.17915465
0.29774508
0.11596123
0.059257284
0.16295591
0.14426674
0.06814118
0.14624201
0.10445412
0.07428886
0.1204533
0.19091909
0.10390054
0.11253122
0.15431115
0.07257367
0.13293305
0.13826248
0.17293288
0.025539549
0.14021523
0.1568771
0.1785405
0.14587334
0.103462555
0.14622748
0.051084425
0.06548975
0.110895194
0.1448715
0.039434288
0.079753086
0.1049652
0.08472371
0.028262516
0.08410805
0.022838362
0.090383545
0.22438987
0.09643342
0.14919616
0.044442587
0.017865922
0.06732396
0.07931007
0.062130783
0.06272817
0.1496277
0.15212345
0.06873908
0.11453659
0.16961275
0.10784279
0.122004144
0.06132642
0.22054023
0.10261348
0.16192538
0.07286939
0.18215385
0.15239398
0.10396924
0.036120575
0.14955656
0.07975859
0.23178744
0.17700753
0.24397404
0.21329285
0.1721075
0.038741995
0.061392143
0.045691207
0.06323187
0.045500252
0.055435717
0.077523895
0.09669443
0.12308087
0.08492913
0.040083554
0.1461698
0.1374313
0.12114527
0.056746412
0.096265554
0.11224102
0.17202252
0.038636748
0.18519495
0.077810235
0.05840041
0.07556961
0.10056103
0.06839481
0.12680107
0.07597861
0.1425736
0.09328292
0.14649212
0.07193109
0.190458
0.16537012
0.12134922
0.105766214
0.087156676
0.1040847
0.1246169
0.18050389
0.18749948
0.14306661
0.11346691
0.11904965
0.13386987
0.16221541
0.17191437
0.15396428
0.13395613
0.17328426
0.119279735
0.1825234
0.1222599
0.09026878
0.13336919
0.109448776
0.15939234
0.11344932
0.22058041
0.1065873
0.10110153
0.10684602
0.1710173
0.052709874
0.16806693
0.11782876
0.17802523
0.11812353
0.13435876
0.18847702
0.21069203
0.1341285
0.15410239
0.18558292
0.30729312
0.1464739
0.13492644
0.15954553
0.16243124
0.18085638
0.21204688
0.13058631
0.20098542
0.09943398
0.18567365
0.26387116
0.16527005
0.23597322
0.15928808
0.1563257
0.18229754
0.15602586
0.15695554
0.15558025
0.18162511
0.15433767
0.16771372
0.1447864
0.23066469
0.17770217
0.1769286
0.17832728
0.20375153
0.16042897
0.18806393
0.11760831
0.18962228
0.1466747
0.12413858
0.19398159
0.2713446
0.23332173
0.2392826
0.22019626
0.21102737
0.1925158
0.19257133
0.19223887
0.1940719
0.1835423
0.2109857
0.2022884
0.22802037
0.21773186
0.17761256
0.15552543
0.14804605
0.18002228
0.19349192
0.13276084
0.1266454
0.25760514
0.16805649
0.20834877
0.14400375
0.28687307
0.17982905
0.15731445
0.13739887
0.1931671
0.17813039
0.20868798
0.19487426
0.19722702
0.18012336
0.13229091
0.16307685
0.15166736
0.17235489
0.22783314
0.105589196
0.119216934
0.09878549
0.19697477
0.14663486
0.262811
0.13160352
0.14984211
0.113414064
0.10990749
0.13156633
0.10974131
0.2574533
0.13268694
0.14115164
0.111205414
0.21386474
0.19048594
0.0988781
0.14729773
0.121401995
0.119661435
0.11480427
0.1866759
0.16087599
0.12937146
0.1226314
0.13633221
0.14341138
0.13097024
0.11360686
0.17470898
0.14935134
0.19571485
0.1469325
0.17315434
0.17459138
0.13125993
0.18810333
0.070249595
0.10432208
0.10576377
0.15131193
0.14304331
0.13409697
0.09222582
0.27074897
0.27838585
0.111083165
0.13510391
0.12671694
0.070504814
0.07167817
0.10898546
0.14975436
0.16808903
0.06695541
0.10389457
0.11790591
0.12669398
0.16399115
0.14014012
0.032455035
0.053575624
0.115742736
0.102589704
0.10179438
0.16011441
0.12643193
0.11552376
0.20397511
0.14636017
0.12900884
0.11889143
0.16583988
0.1360091
0.13144654
0.17587712
0.17008387
0.16791491
0.16981027
0.091142505
0.18006536
0.14913195
0.13092402
0.121631935
0.15271842
0.1657714
0.16323087
0.1307489
0.17201123
0.21461092
0.21336262
0.19266072
0.20791379
0.24851507
0.19518343
0.16142453
0.18035987
0.19889024
0.17202142
0.17133346
0.1908524
0.17987186
0.23685783
0.16495167
0.18494916
0.22173662
0.16748446
0.15431435
0.19840202
0.24554227
0.16876078
0.19234632
0.25581902
0.3200383
0.20171565
0.29192582
0.16854624
0.17346974
0.27642673
0.20196313
0.2075918
0.18866326
0.1566296
0.18633577
0.16117965
0.15647635
0.15688044
0.16681747
0.21656589
0.23405266
0.21893919
0.12074626
0.1540483
0.13336445
0.12844677
0.21999498
0.17833
0.15941724
0.25161377
0.1056353
0.12177223
0.094607174
0.17012173
0.19658674
0.094197504
0.12506092
0.13238983
0.15160553
0.13802832
0.15859847
0.11559478
0.13907029
0.12896965
0.14975774
0.15919742
0.12923552
0.090679385
0.17359266
0.082965106
0.1088122
0.13302442
0.16727722
0.085962124
0.119815476
0.03256656
0.05132751
0.16757645
0.14899467
0.112327784
0.112672664
0.07275439
0.0700293
0.10542291
0.10916955
0.036202934
0.10885716
0.14213127
0.07401944
0.14805025
0.18498498
0.17193832
0.184747
0.08414073
0.13269712
0.04450592
0.09103305
0.13506733
0.0373614
0.106544346
0.10631202
0.06712352
0.058793943
0.057609588
0.24992506
0.13667239
0.058476932
0.09560803
0.058931936
0.1349445
0.13447809
0.06878833
0.094809495
0.09248966
0.08192753
0.17252043
0.07530487
0.19307715
0.092517614
0.14826024
0.1435828
0.18450715
0.09392987
0.051000938
0.11083329
0.093508415
0.1663505
0.07551787
0.061288137
0.068283334
0.2900735
0.0816417
0.07518221
0.047418736
0.05064376
0.06718603
0.09576277
0.11356086
0.079422325
0.0954652
0.20468707
0.09112421
0.10671892
0.1586654
0.06942729
0.2361189
0.11655495
0.1644777
0.14647955
0.14565231
0.19574875
0.07744139
0.2600105
0.10424761
0.16335514
0.15818417
0.06768491
0.12541002
0.18514346
0.07868066
0.19110806
0.13245341
0.17452641
0.1251084
0.115698315
0.12561673
0.1311211
0.24737062
0.12564285
0.17184588
0.12717752
0.089332454
0.07535205
0.12616698
0.17692828
0.14367764
0.108750634
0.11493881
0.0954943
0.1334049
0.16801673
0.07935933
0.10878602
0.08272666
0.048551973
0.119402975
0.1811699
0.108037494
0.1139584
0.11503705
0.060522575
0.07137237
0.17852096
0.106263645
0.10830783
0.14412194
0.10897577
0.11415489
0.08584319
0.10080534
0.1477219
0.042234
0.06286283
0.17835979
0.15119828
0.12737648
0.01564108
0.097117305
0.106671356
0.055107877
0.14093016
0.17799754
0.09280692
0.057761066
0.07204024
0.15017876
0.1427195
0.13122673
0.1142469
0.191559
0.09815324
0.07724527
0.16178176
0.16217735
0.13361062
0.12682316
0.07459215
0.08319925
0.13316837
0.08377231
0.12981127
0.086044915
0.015001354
0.11187273
0.101676606
0.03773953
0.06828436
0.2996692
0.2324672
0.08261088
0.11541142
0.15167287
0.08452496
0.12664704
0.17050277
0.0978351
0.16719285
0.1140822
0.10074443
0.06690284
0.041407578
0.11565959
0.058485202
0.18957649
0.24254955
0.08901612
0.083210476
0.13009295
0.11697414
0.09312017
0.07996143
0.15164794
0.090302385
0.07051042
0.08271925
0.08533656
0.11917638
0.048253812
0.10569318
0.100170776
0.056362323
0.22256404
0.03611781
0.073113725
0.055384457
0.14209054
0.18011025
0.20176719
0.13957162
0.102739856
0.19991757
0.16228852
0.13992438
0.28221953
0.22264035
0.08901162
0.1188761
0.15295395
0.09406113
0.09110678
0.08142487
0.111683235
0.090330504
0.08653688
0.08836648
0.11030708
0.19384615
0.10670278
0.05288929
0.09880129
0.110650994
0.065480284
0.103350036
0.13184825
0.13486286
0.086253226
0.14002818
0.11887838
0.05169348
0.09343371
0.036591098
0.049839772
0.022408336
0.20828626
0.10237513
0.064544566
0.10326692
0.12597743
0.10977921
0.046396334
0.07500102
0.17773078
0.08710065
0.20209065
0.085352406
0.15876973
0.09678449
0.08011011
0.16337763
0.2176443
0.0855236
0.17507768
0.19302854
0.17484681
0.1752298
0.12596717
0.085581474
0.09595899
0.14708291
0.2004108
0.08747929
0.15084805
0.20511414
0.16030784
0.17541477
0.16480094
0.119544536
0.13492619
0.16367522
0.1767483
0.1366369
0.18667822
0.19542797
0.17682506
0.14423808
0.20803301
0.17726327
0.19802178
0.20535488
0.11379332
0.12652257
0.27864787
0.101049446
0.24005438
0.19504829
0.1514192
0.22532952
0.3092773
0.13088113
0.19056594
0.18951334
0.15447469
0.15468463
0.09116847
0.20461124
0.22219275
0.113286085
0.18295322
0.1613031
0.22424923
0.20097156
0.110646375
0.107304916
0.21830079
0.19798885
0.19104877
0.31418478
0.21757172
0.17531851
0.17499794
0.1459624
0.106297396
0.1514797
0.18980347
0.15041238
0.1060039
0.14094025
0.19100758
0.23522727
0.12583272
0.25163206
0.08741334
0.16006808
0.16717319
0.116843365
0.3258024
0.09620666
0.13783072
0.113402
0.1156274
0.15057416
0.21551102
0.18911864
0.12333698
0.0970228
0.04095522
0.1611367
0.13151616
0.13934955
0.100132324
0.09836517
0.1507076
0.13244247
0.09098472
0.15497322
0.08409474
0.12007602
0.08569859
0.055137664
0.068153456
0.21530695
0.11337986
0.1675493
0.23570618
0.047327682
0.17563927
0.087810785
0.17079623
0.09419884
0.030879883
0.08168874
0.18229795
0.084641576
0.07064149
0.19007668
0.04761591
0.05799407
0.14496845
0.05457238
0.10701685
0.09822855
0.15725745
0.2574894
0.033907697
0.08467672
0.14097144
0.1760945
0.18638732
0.06045448
0.25202107
0.094969496
0.057901338
0.1661009
0.1053597
0.10085528
0.08316144
0.11926033
0.07920683
0.18525936
0.13548768
0.10076821
0.08501428
0.10831801
0.105842754
0.13374598
0.07001969
0.15892212
0.06776756
0.13840371
0.12428946
0.15806437
0.057364088
0.08111343
0.19763322
0.0612834
0.041075166
0.05711969
0.16942108
0.069805235
0.041284323
0.15719232
0.14024703
0.15517011
0.10711808
0.20064788
0.21572056
0.15486929
0.17405865
0.12847884
0.0924078
0.14794084
0.1204025
0.13833624
0.16761081
0.2649569
0.055827152
0.108689785
0.15675397
0.21121068
0.08590387
0.118493415
0.14860776
0.1738097
0.12877913
0.11541456
0.18220997
0.23763052
0.23173651
0.21485777
0.2829615
0.11666016
0.17839538
0.23203188
0.2690248
0.13061982
0.11576556
0.15362777
0.16098179
0.24233273
0.22301623
0.16073625
0.2213358
0.14059277
0.086254925
0.1879606
0.17128047
0.1304063
0.075989954
0.25815806
0.14159791
0.14953655
0.06680291
0.10880808
0.18443838
0.18267433
0.06735809
0.04939922
0.08011204
0.21304116
0.15608922
0.1165109
0.19629829
0.14127257
0.09570572
0.11873203
0.082931906
0.08914484
0.05356522
0.07094343
0.11981994
0.080218345
0.1189061
0.17158225
0.053529024
0.21381915
0.1463696
0.1569151
0.23592295
0.116328076
0.09611027
0.19086085
0.16105293
0.112277
0.12516893
0.08825079
0.1375946
0.15047002
0.15228055
0.15750185
0.14659859
0.13335821
0.17192629
0.16152123
0.1038444
0.14938518
0.10968614
0.2443262
0.24255374
0.1220725
0.16669104
0.11076257
0.21867695
0.14737041
0.12341096
0.1228667
0.07130451
0.124990426
0.16107245
0.08323356
0.11806494
0.23574
0.12826243
0.08479272
0.12607253
0.16129294
0.12873976
0.15601833
0.1018064
0.14918153
0.16417935
0.13379928
0.074979596
0.108962715
0.13058098
0.12003799
0.12463411
0.083047375
0.15708035
0.23390505
0.15616046
0.12729952
0.13221458
0.097940385
0.03670112
0.12038918
0.059467655
0.041425504
0.10424098
0.11164151
0.024656773
0.07161324
0.060559362
0.03805155
0.10824262
0.088280365
0.025429526
0.093344554
0.10041147
0.03259382
0.16577105
0.22028743
0.14681001
0.3841239
0.35702068
0.32767713
0.41578683
0.21085906
0.13877776
0.06481088
0.06643863
0.050158523
0.06844602
0.1563725
0.09730522
0.08315957
0.085922465
0.12309254
0.07475327
0.12773518
0.08321713
0.12541734
0.045162097
0.111129165
0.080157615
0.19674784
0.15624167
0.057875287
0.10151009
0.06310512
0.071150735
0.15486358
0.15038684
0.16316274
0.14082614
0.17900497
0.07992837
0.08008809
0.046313003
0.106432185
0.030776342
0.14872527
0.08086812
0.13837709
0.045829393
0.062357206
0.1533981
0.069916934
0.15470876
0.20573951
0.113430545
0.12098724
0.12728028
0.12636
0.102089144
0.24345107
0.0748191
0.0351349
0.12180661
0.014499117
0.12498492
0.088234685
0.11145463
0.23738892
0.14584333
0.14658515
0.038497258
0.14681841
0.08725876
0.047492582
0.13282755
0.06701504
0.08091329
0.09668097
0.106713325
0.12514669
0.21946321
0.12331544
0.1850414
0.09555711
0.23262346
0.14851218
0.12800169
0.1240585
0.15746582
0.14166266
0.18585491
0.17851132
0.14800411
0.20315398
0.18066469
0.1131953
0.09720503
0.11459329
0.13051549
0.08976097
0.11809498
0.14675295
0.19412626
0.034019746
0.17821583
0.27165434
0.22330031
0.13771202
0.17962837
0.10238847
0.10543309
0.12805325
0.103366695
0.20113231
0.06855362
0.10343308
0.091320425
0.112946145
0.13388336
0.11175038
0.16626103
0.055895448
0.14017348
0.015184897
0.018322531
0.07388378
0.1324531
0.15018006
0.10457544
0.07523234
0.03523756
0.06690633
0.117012754
0.09887143
0.20347844
0.119127326
0.14845563
0.09160872
0.18214977
0.10229251
0.03837023
0.128679
0.06450209
0.23540851
0.15999918
0.114086606
0.044202134
0.10042783
0.054218903
0.18911417
0.059565023
0.06621916
0.12402715
0.037877474
0.027235644
0.076131366
0.06777317
0.11523861
0.013381596
0.06550663
0.24858382
0.14524916
0.08663428
0.07155318
0.090070434
0.10172952
0.020544624
0.021535262
0.07372209
0.094293274
0.1144947
0.045175236
0.15429191
0.15425718
0.14092048
0.3071826
0.07019426
0.092595994
0.287083
0.05354836
0.2084781
0.12507221
0.10453772
0.058518857
0.06563519
0.1567881
0.10172451
0.07463374
0.04527674
0.05200173
0.08333382
0.10487786
0.119032264
0.12292805
0.21703659
0.07664822
0.066532105
0.034807622
0.11104694
0.12824054
0.070394136
0.14027523
0.06848456
0.13156538
0.084059864
0.09008726
0.08667717
0.11997862
0.1886488
0.068266496
0.15680005
0.05779888
0.04070502
0.16873816
0.1059827
0.15285963
0.12562555
0.087586015
0.097334646
0.117391005
0.038921762
0.079749756
0.19504693
0.10754991
0.10548816
0.11361328
0.09640236
0.050516125
0.09880658
0.12563594
0.15686896
0.08835514
0.17672288
0.14668997
0.047524825
0.13235849
0.107015364
0.074988425
0.16266282
0.19192664
0.084786
0.13751048
0.119311884
0.12703101
0.2139027
0.15570731
0.18076804
0.16207266
0.12635677
0.15624292
0.12083209
0.13313806
0.10481889
0.13757105
0.10231329
0.25159326
0.18365233
0.15856612
0.17578769
0.17759034
0.1208481
0.1340408
0.14799158
0.1145219
0.13454358
0.10968313
0.11180256
0.2645094
0.13133214
0.17648242
0.15746059
0.12755825
0.11842382
0.05281692
0.11361254
0.10069308
0.21581544
0.10897623
0.1396202
0.05494611
0.10223093
0.07405222
0.12434258
0.095521905
0.2833798
0.095295034
0.13226415
0.09899989
0.065112256
0.11456025
0.12196637
0.14579073
0.093776956
0.14783175
0.084106945
0.1148705
0.07830744
0.09474538
0.12511489
0.07874046
0.11280391
0.111204624
0.09814867
0.03694122
0.12026684
0.08319849
0.18425168
0.16128066
0.17436238
0.04316927
0.14905213
0.105534665
0.11583944
0.05218115
0.10828512
0.09150295
0.045870684
0.07723762
0.052579295
0.04601162
0.20903184
0.097484894
0.07723338
0.06983057
0.10853394
0.16853623
0.11140429
0.13749479
0.12519637
0.15430759
0.081284896
0.091696694
0.1080393
0.1284056
0.15150204
0.13416035
0.07948573
0.099076435
0.12119614
0.04744339
0.115974255
0.28387514
0.14337781
0.054220755
0.06804873
0.072925046
0.19125322
0.07041677
0.14871833
0.1599184
0.103795305
0.20524958
0.14281555
0.06919426
0.05443233
0.08154691
0.16484927
0.045103714
0.15622771
0.09824122
0.13221844
0.04644275
0.08732698
0.06641088
0.09757719
0.06838399
0.20431708
0.086377345
0.060779374
0.10808438
0.19415526
0.06673155
0.094969764
0.115202725
0.061594788
0.070375435
0.16106024
0.081154324
0.16135022
0.14369479
0.095875636
0.30106997
0.10970359
0.094797686
0.10896128
0.12784372
0.2667556
0.09638722
0.11341037
0.079170845
0.104016416
0.12288831
0.05965941
0.1540023
0.098152064
0.11020669
0.10223909
0.13218676
0.12739076
0.11212511
0.18314484
0.109299436
0.13372277
0.17299166
0.15501244
0.12337268
0.14443634
0.11050491
0.10685689
0.07842598
0.27649894
0.10124861
0.159013
0.152469
0.11186546
0.13458517
0.12755859
0.15230574
0.16568525
0.2336472
0.1728172
0.24345002
0.19256587
0.19808604
0.083579645
0.23693113
0.0422178
0.11133322
0.17175764
0.07227917
0.07698308
0.14689423
0.10668817
0.07296335
0.06099556
0.095178954
0.09236545
0.1310902
0.12106239
0.12040357
0.09774182
0.10356488
0.046081375
0.0858333
0.14498341
0.09739836
0.09259319
0.10590871
0.14693046
0.07671268
0.11890871
0.18892942
0.20176855
0.102342054
0.076140836
0.15028307
0.1403838
0.1321049
0.13719866
0.13878003
0.20020187
0.15219688
0.1539933
0.21995713
0.16756226
0.1309087
0.21373855
0.23826666
0.1305581
0.16501889
0.17908108
0.09189103
0.16012909
0.079107255
0.10679802
0.13593435
0.110102236
0.1027819
0.13010596
0.17962289
0.2660574
0.15494211
0.15638897
0.12950337
0.12151279
0.20699638
0.121585816
0.18466663
0.14066699
0.14854921
0.23093152
0.1822998
0.16765681
0.21846789
0.3050494
0.2946883
0.17758124
0.17323658
0.18024947
0.16440567
0.13532333
0.15540528
0.15718202
0.10356264
0.13896896
0.19047447
0.19102968
0.20259711
0.14315501
0.14067459
0.20656976
0.10814043
0.17442124
0.14355592
0.13112277
0.15452473
0.09256397
0.12972774
0.072599374
0.12686113
0.094724
0.14789455
0.13628893
0.06805181
0.11123935
0.062683664
0.039847407
0.095915295
0.1544206
0.12202348
0.23537777
0.10634217
0.084883384
0.048451666
0.16467601
0.1940575
0.05165856
0.1088259
0.11341765
0.15449288
0.13729873
0.08261242
0.049326442
0.104215585
0.13477358
0.14486115
0.15273204
0.19338852
0.16211788
0.048534308
0.14361478
0.15027682
0.045060135
0.1334929
0.1457686
0.058621462
0.025385465
0.11697216
0.2374282
0.11572031
0.07596766
0.1554111
0.10387715
0.09946511
0.08545838
0.0325456
0.07895766
0.073624425
0.08930304
0.08061515
0.09799624
0.10277389
0.1651908
0.13960539
0.10996348
0.14916521
0.07166359
0.28730756
0.082403146
0.11346148
0.0718539
0.037056517
0.12213746
0.28247732
0.20143652
0.053635947
0.040268995
0.20626813
0.13271877
0.11635979
0.082111485
0.112490274
0.046871565
0.058861457
0.21068008
0.08763038
0.12688051
0.14540285
0.18348868
0.1318558
0.109451525
0.2014918
0.10764405
0.18152444
0.111143366
0.08883309
0.085177556
0.07749267
0.06764438
0.051223207
0.10721957
0.052222423
0.16258
0.13349536
0.08372654
0.1814767
0.064883634
0.09906908
0.1180037
0.11393316
0.09548539
0.103733875
0.07422552
0.10232328
0.0809227
0.07547738
0.23870894
0.104326054
0.051252235
0.081384905
0.038625438
0.07423146
0.16895369
0.15237197
0.14639185
0.12532082
0.09095125
0.12812062
0.09066684
0.12735437
0.12681039
0.17175354
0.20418574
0.13745515
0.13698237
0.10895053
0.13902944
0.14654998
0.14160064
0.19538791
0.16522045
0.16949704
0.10151202
0.12585594
0.093602546
0.15138708
0.13803796
0.110119395
0.113396
0.11186458
0.11648387
0.21404688
0.110104896
0.16830868
0.069206156
0.1031689
0.1633572
0.12077369
0.095909245
0.16056854
0.10730817
0.22019269
0.13369606
0.10460712
0.09619384
0.14924634
0.035682898
0.07277254
0.0887126
0.109856464
0.16066185
0.18900368
0.116166696
0.094290316
0.06350917
0.13621974
0.056150865
0.04276362
0.11629078
0.061397467
0.08871808
0.099472664
0.15416951
0.07516537
0.11135597
0.079969876
0.10489213
0.06671673
0.13473713
0.113901764
0.10222047
0.13028125
0.09849001
0.15119463
0.089227244
0.105816394
0.09073878
0.095374785
0.1231749
0.17290619
0.08160266
0.16447096
0.24320944
0.14905435
0.13715555
0.18458068
0.12946749
0.07516838
0.10345453
0.25279206
0.10404041
0.14171153
0.20943515
0.12170106
0.12417394
0.088727176
0.1015759
0.10241037
0.11501438
0.13392687
0.19605011
0.2133586
0.090857
0.16003507
0.12192645
0.21985961
0.117218606
0.16339521
0.13404857
0.14064735
0.124743916
0.17710504
0.15710978
0.20454451
0.21716808
0.14147532
0.2057667
0.084182255
0.07818521
0.13228899
0.14693817
0.11439981
0.123800844
0.17475271
0.19607337
0.18002585
0.30299395
0.08833491
0.16076794
0.09326549
0.117225654
0.15647776
0.17185588
0.05834908
0.08652113
0.094454765
0.06264132
0.08442158
0.14202099
0.10357025
0.12775825
0.13829488
0.1319635
0.24713922
0.07214879
0.1633815
0.15218593
0.13837953
0.12040224
0.09142625
0.19046003
0.22481886
0.19298609
0.11946593
0.09029994
0.1580525
0.15119115
0.21582653
0.14014281
0.08736463
0.1470603
0.13633867
0.07328574
0.12419763
0.08394244
0.121966496
0.03563899
0.10718429
0.031625178
0.11213116
0.10951974
0.082146525
0.09913768
0.1167506
0.10230551
0.15302294
0.14518677
0.13052176
0.09288486
0.120665915
0.0884229
0.06917768
0.07113052
0.15978572
0.13031338
0.141557
0.07070074
0.09751672
0.056106538
0.15368912
0.13701521
0.056708895
0.20168929
0.15997222
0.19180156
0.102718376
0.060781974
0.22702976
0.19389138
0.07761697
0.09972544
0.04655613
0.12517457
0.1571452
0.10239799
0.07415147
0.09625907
0.07264265
0.15317577
0.13036728
0.065585524
0.2075103
0.056767553
0.07287673
0.09810351
0.13716
0.10457625
0.09955488
0.13663623
0.03315296
0.0875649
0.041140955
0.037185688
0.15406811
0.17849195
0.14834262
0.1046601
0.24314672
0.098532446
0.061797943
0.15227975
0.09159763
0.027783442
0.03220721
0.027319307
0.1101075
0.115207456
0.089859925
0.11702589
0.023118833
0.10033872
0.08112856
0.0565865
0.02297109
0.03746078
0.11956608
0.105544575
0.032300394
0.09040185
0.14869587
0.17667687
0.11486183
0.13437432
0.12007038
0.046830423
0.062185764
0.19473337
0.07595686
0.04378702
0.095251225
0.115714036
0.09889084
0.22944352
0.17232849
0.0528766
0.07578718
0.060392227
0.011569906
0.081559606
0.045194283
0.12337729
0.036694277
0.11895994
0.021837505
0.045671068
0.10513636
0.03710634
0.11394811
0.08036306
0.11498393
0.12087258
0.14605303
0.109959885
0.09147093
0.1443576
0.13912933
0.15109405
0.06841529
0.1614145
0.11184737
0.077171385
0.1116225
0.17579895
0.046685908
0.12691504
0.048135888
0.13575593
0.14912213
0.13685034
0.08255899
0.1933816
0.16244575
0.11076298
0.050816346
0.080957994
0.036628395
0.09788566
0.1569065
0.14015259
0.10103193
0.08190174
0.13231914
0.10108499
0.09313394
0.12215753
0.19405791
0.06965827
0.11533596
0.13539797
0.11553708
0.09142835
0.057234224
0.25383148
0.1080658
0.083219714
0.13721453
0.14841455
0.13106959
0.07238424
0.053289387
0.057239674
0.11616988
0.05337692
0.16564608
0.16353646
0.10537396
0.10044738
0.122762986
0.18594722
0.22315367
0.042214036
0.1107818
0.1962985
0.12929799
0.19685133
0.117596045
0.15327118
0.17561576
0.21651876
0.07786376
0.13219331
0.08644142
0.124750815
0.13256307
0.21509689
0.116654925
0.13551837
0.1208589
0.08450414
0.03632574
0.06326622
0.08292561
0.13834423
0.061657116
0.20941772
0.0481955
0.011324553
0.16935383
0.17049417
0.1072827
0.0253379
0.09059036
0.16284208
0.15516783
0.0816539
0.043972522
0.08668486
0.083522774
0.08599916
0.11442236
0.19433214
0.04250091
0.057309702
0.19078915
0.11915755
0.067805655
0.0
0.043501448
0.25698328
0.08026366
0.110778965
0.08208188
0.10067815
0.21102995
0.1565472
0.056995157
0.17198256
0.16766845
0.07723935
0.27170965
0.20466693
0.0852079
0.11767614
0.06878405
0.07619584
0.046319928
0.19554801
0.10219679
0.087305404
0.1235308
0.10394827
0.13401408
0.041934606
0.0155711
0.06677141
0.2702148
0.13158545
0.10717348
0.0284687
0.07915541
0.053722408
0.10871239
0.09730887
0.121323556
0.042321216
0.040760364
0.050681416
0.120091565
0.08947386
0.05569901
0.041578952
0.112501994
0.055438414
0.081327036
0.21869479
0.15079468
0.10924083
0.007708608
0.11679104
0.16711542
0.17190757
0.042561896
0.13646683
0.069519974
0.17147534
0.120134816
0.1426852
0.119817644
0.045264885
0.04343956
0.00664784
0.15531291
0.13211763
0.18631215
0.048543643
0.122534715
0.08817865
0.07868542
0.095819175
0.24910228
0.07653063
0.047075827
0.06911705
0.14279257
0.1193167
0.1745805
0.08420814
0.10400773
0.17904241
0.09787692
0.1163962
0.15403204
0.0870408
0.16741307
0.06755183
0.16930541
0.12850711
0.051154085
0.15201558
0.13756925
0.1185615
0.13088545
0.08157707
0.13946915
0.07162576
0.12252808
0.12614302
0.12245611
0.16399823
0.07925772
0.115481995
0.08317333
0.047689132
0.048203554
0.15329877
0.020423887
0.084853396
0.12072808
0.04575923
0.08961728
0.068333104
0.07426936
0.12630385
0.23089154
0.055874895
0.15340635
0.057363633
0.0621594
0.046312883
0.20814863
0.008248834
0.053706676
0.14535733
0.16494565
0.10099477
0.14845937
0.13452506
0.103254385
0.15821154
0.20757447
0.11946176
0.22832823
0.1624091
0.016924324
0.106777966
0.10275373
0.16901304
0.04112061
0.14664605
0.62039053
0.12545243
0.10216227
0.09387656
0.11926728
0.07744254
0.09414689
0.04155961
0.1615954
0.10149713
0.14086466
0.19940393
0.11282481
0.103976116
0.14867117
0.11082754
0.13215363
0.103601426
0.18117897
0.045343254
0.15737006
0.111094944
0.098363906
0.105722815
0.073609576
0.037916925
0.08865863
0.029010216
0.0905531
0.11242716
0.13141252
0.07483269
0.06773968
0.009762696
0.048483666
0.09300795
0.09213883
0.14390697
0.14822249
0.1067573
0.10728877
0.13018379
0.12552416
0.132371
0.16837752
0.08301089
0.0656088
0.10360214
0.11427279
0.12656268
0.07496141
0.14938657
0.1773183
0.06666293
0.11478086
0.20702511
0.13804345
0.095678516
0.043995436
0.08924206
0.1156545
0.09104635
0.120834894
0.07551304
0.15746729
0.1640347
0.18624221
0.05591445
0.096732095
0.08725549
0.16951358
0.14299455
0.27931052
0.09222297
0.055760626
0.26593515
0.16690052
0.10643084
0.105583146
0.07707874
0.091307305
0.11138471
0.2177748
0.077268235
0.17101349
0.14471948
0.23970903
0.07847798
0.13692948
0.08180978
0.14984055
0.16972288
0.04127526
0.3059444
0.13595927
0.043967362
0.07099756
0.14951159
0.13036248
0.10751961
0.034311127
0.07431348
0.06401325
0.059658233
0.068880916
0.08570709
0.102151126
0.04399986
0.062083103
0.12790707
0.092491664
0.109457515
0.08822037
0.1418846
0.108678885
0.1522477
0.23022135
0.087388866
0.09745802
0.14820912
0.14846596
0.08264621
0.09870019
0.20094702
0.10044714
0.14113522
0.18459158
0.07906777
0.09252701
0.16247
0.08844887
0.08905415
0.075676605
0.1245344
0.11670951
0.13009939
0.07072605
0.06023517
0.15788214
0.15747517
0.09095893
0.07570398
0.052924823
0.10694736
0.08841866
0.074039236
0.1602635
0.0959772
0.19872051
0.13722773
0.17655922
0.09466572
0.118970305
0.12621792
0.12556283
0.045042727
0.044017278
0.16355617
0.1470999
0.07732411
0.049555663
0.03649892
0.07238571
0.13771647
0.21361978
0.16155396
0.089835234
0.08134964
0.120604575
0.14361031
0.09490802
0.11866251
0.09391959
0.06178537
0.054494075
0.16300818
0.056307502
0.058994673
0.1149492
0.077218935
0.17234595
0.09969597
0.12170392
0.15638009
0.14215752
0.06440962
0.10434917
0.1499464
0.17683446
0.10430215
0.20174707
0.07356862
0.1519263
0.23082466
0.07581836
0.13661239
0.079201296
0.1394469
0.2127182
0.03545986
0.11904446
0.08388216
0.10503928
0.10840016
0.12173646
0.23218614
0.10673152
0.042269796
0.0642032
0.076242805
0.088409536
0.15364419
0.20100729
0.15935184
0.16202383
0.057942905
0.044540323
0.0681106
0.12806806
0.14998461
0.08308761
0.068629056
0.12444721
0.08321652
0.12500471
0.17635274
0.04265461
0.071742915
0.08673361
0.09774515
0.17518385
0.09904528
0.048879463
0.05913464
0.16263819
0.16890478
0.09385288
0.033894584
0.054549124
0.13438882
0.1052737
0.14582816
0.13416363
0.08799539
0.11985976
0.07937513
0.116607495
0.085549116
0.1318198
0.049737222
0.12957878
0.17594096
0.089892514
0.10759355
0.054611307
0.16792607
0.11605748
0.07085621
0.09232501
0.07609163
0.043754708
0.05816082
0.02437894
0.08322617
0.08847532
0.082325555
0.08579151
0.17046712
0.1595103
0.09777293
0.20175646
0.123746924
0.1520689
0.15913813
0.09735081
0.0012465417
0.10073276
0.11751584
0.055365413
0.03218654
0.040060524
0.13233869
0.034210682
0.10692463
0.054758564
0.044591505
0.12358364
0.08196716
0.08009286
0.16809988
0.100909024
0.079307534
0.12560096
0.11607609
0.18931943
0.01832175
0.084211856
0.07256419
0.04661797
0.15088825
0.049266063
0.10388344
0.1662688
0.04209514
0.10435594
0.075079925
0.08439365
0.10373438
0.07428301
0.139678
0.15775679
0.09417151
0.066784725
0.10836547
0.051646393
0.09983298
0.15710768
0.023262307
0.08047436
0.08876858
0.22825448
0.12893979
0.08465202
0.13679527
0.10002943
0.104653046
0.1744762
0.07058092
0.08756571
0.21346813
0.089998014
0.041702393
0.067752264
0.1636498
0.10056447
0.09709428
0.113485225
0.11232
0.1795044
0.14777242
0.08192044
0.058302905
0.08950398
0.064343706
0.14200942
0.05011344
0.10535766
0.17164561
0.12069547
0.18104574
0.113078825
0.13764557
0.24358802
0.0892812
0.15781726
0.14483048
0.09758961
0.07745594
0.1534273
0.13737601
0.10201582
0.083853565
0.07809807
0.24849486
0.12941504
0.14200482
0.17705303
0.05707898
0.10791851
0.12358517
0.17089793
0.12307544
0.16659412
0.16200626
0.47593182
0.5260918
0.39956582
0.48141944
0.55201864
0.098423526
0.15655474
0.14330868
0.15616083
0.16233179
0.14364524
0.13619298
0.22114359
0.24205449
0.1702161
0.18230098
0.20586358
0.13966087
0.20473187
0.079304
0.09564917
0.14468908
0.16761725
0.07368415
0.113223255
0.13415673
0.108818084
0.20766017
0.091374405
0.078713305
0.17207193
0.10416833
0.14240055
0.12952845
0.13074231
0.108502015
0.09501437
0.13901792
0.1964418
0.13848542
0.13257046
0.16331129
0.12110698
0.19142088
0.100631125
0.094384894
0.104388036
0.17359746
0.13394228
0.110136285
0.10083164
0.13693361
0.11110756
0.103795975
0.079486705
0.04768655
0.0916141
0.092665024
0.1686034
0.12376986
0.13764061
0.08045909
0.10055747
0.14530155
0.12422554
0.053686377
0.040392675
0.09348797
0.21795914
0.12387488
0.14021151
0.13752656
0.08424217
0.10099906
0.07826963
0.0873846
0.09996799
0.10327983
0.20115258
0.12802908
0.07169516
0.1346606
0.13860595
0.12934414
0.11473843
0.024786316
0.1361759
0.081022926
0.047546994
0.093745515
0.13616647
0.13993028
0.062912434
0.13632387
0.08332458
0.22791916
0.08144102
0.14788757
0.13349056
0.16237628
0.123260595
0.112844326
0.17362022
0.08733494
0.1059053
0.21935065
0.040971316
0.104254596
0.09012853
0.101128176
0.16322307
0.0732959
0.12309507
0.10334779
0.20585226
0.110805795
0.21416225
0.14140353
0.08375727
0.087014064
0.14992191
0.25531116
0.072755985
0.088789515
0.1241683
0.11656068
0.32054836
0.18571281
0.13576297
0.14002708
0.14921628
0.15334465
0.1531354
0.16294326
0.19162112
0.21837588
0.12966691
0.16938893
0.17034957
0.1913683
0.21016549
0.086042486
0.19407284
0.235095
0.21800761
0.22659823
0.14630163
0.15583368
0.10917286
0.15770732
0.11704613
0.13084179
0.28503746
0.11005652
0.11145684
0.15651359
0.22144896
0.08007244
0.06940063
0.12324197
0.106122255
0.17795037
0.22852744
0.1383122
0.10084446
0.061470814
0.11328655
0.15964116
0.11577475
0.15032907
0.07463905
0.08277867
0.1278944
0.20453417
0.1711289
0.1504289
0.10548323
0.12158672
0.18717007
0.05901485
0.104855545
0.2547002
0.12854253
0.0939254
0.11890565
0.13209751
0.14219683
0.12260036
0.094661996
0.16513461
0.1397664
0.0829701
0.16957068
0.08590468
0.1056924
0.10866607
0.113582894
0.20134124
0.11063089
0.170226
0.14080858
0.13177502
0.11789645
0.17712629
0.22608674
0.17497438
0.18261276
0.08419048
0.08298991
0.15541096
0.1581088
0.07370524
0.056101855
0.08143162
0.19242926
0.12509114
0.0990298
0.16627942
0.09200961
0.1428353
0.13353671
0.1362102
0.07744769
0.15180312
0.1846484
0.24567837
0.14812016
0.11606272
0.08479573
0.077890545
0.18599622
0.123309456
0.13630472
0.06006515
0.05766158
0.059185594
0.18250081
0.08224007
0.08976106
0.101179495
0.11001399
0.21790752
0.124412335
0.085917406
0.122811675
0.07191992
0.17539096
0.12137634
0.16979824
0.08236586
0.10552574
0.12903391
0.096290596
0.24318054
0.14022173
0.17357211
0.23500143
0.22481115
0.1005773
0.10194771
0.06687819
0.10205838
0.05960529
0.15793511
0.054465864
0.1502824
0.103748634
0.09397893
0.17467988
0.04228724
0.18012027
0.06487808
0.17392448
0.023644667
0.10139832
0.08361285
0.044621333
0.26892298
0.07471763
0.17999136
0.06788715
0.102254644
0.032040793
0.18513091
0.092913985
0.07577455
0.075264946
0.05727001
0.043212373
0.071353555
0.03456409
0.17164522
0.102451846
0.03683175
0.047796723
0.0454711
0.26641542
0.14973839
0.1897403
0.1260651
0.13185
0.10202098
0.06464636
0.15712301
0.13178816
0.22141093
0.08541179
0.08707481
0.10562499
0.13374725
0.1602657
0.17276399
0.09206948
0.099200875
0.09586694
0.08975811
0.079674706
0.034046073
0.10299767
0.13817511
0.15074256
0.2285965
0.055888467
0.06841507
0.07388363
0.26612797
0.08387457
0.1256677
0.12683623
0.1279508
0.17109685
0.14613634
0.20955732
0.14022724
0.14698672
0.16299766
0.068493396
0.07718174
0.20654115
0.081399456
0.067143045
0.106213145
0.06680809
0.19157593
0.10963876
0.2002715
0.060245417
0.06533884
0.26632684
0.15376249
0.11608471
0.107800305
0.119365215
0.16575892
0.13356367
0.092960395
0.08149277
0.14340591
0.03003272
0.060377635
0.07862014
0.10444588
0.041918572
0.16364281
0.056982428
0.082836114
0.17147425
0.22535087
0.08325268
0.08162825
0.08120931
0.07284495
0.019035665
0.12369114
0.1302605
0.040802248
0.12727533
0.14041275
0.10693646
0.0879325
0.1047236
0.13207
0.16181904
0.030125784
0.109613135
0.12430477
0.12505174
0.07420952
0.181872
0.15542006
0.13578829
0.12925251
0.14930396
0.09468029
0.18591234
0.105325505
0.19273093
0.07075095
0.11948808
0.17062199
0.064052366
0.124400355
0.10288876
0.05397595
0.104575045
0.0972157
0.024514226
0.04532563
0.13612293
0.11888499
0.04394979
0.08115081
0.1479373
0.15623866
0.14853714
0.12270739
0.053609908
0.12922989
0.108395286
0.07138692
0.06440325
0.031639416
0.06590437
0.058493007
0.07779727
0.041954022
0.08199621
0.012875884
0.12142933
0.12963699
0.14024748
0.105911106
0.017192844
0.06792457
0.10818097
0.09714142
0.07884273
0.15721071
0.056194033
0.09916267
0.13856697
0.11861165
0.15609157
0.17418106
0.12131444
0.13738903
0.23101686
0.14430717
0.109656066
0.09305989
0.1541887
0.059430595
0.06628932
0.07061809
0.1530629
0.14316736
0.12551668
0.064891435
0.14596638
0.14943594
0.08851516
0.12412556
0.1874963
0.07319638
0.09285943
0.07544801
0.07591164
0.06882618
0.122801155
0.22444108
0.11803384
0.14865613
0.03110005
0.051012382
0.09822556
0.064656645
0.072887905
0.16359754
0.12472606
0.06300491
0.06768192
0.23143977
0.12296693
0.15606855
0.06932434
0.06470203
0.09613941
0.09297079
0.13550821
0.07080759
0.09855026
0.11401033
0.1860583
0.19492334
0.07577641
0.06862011
0.12073639
0.15470915
0.06727857
0.18646538
0.068959646
0.14567287
0.119286254
0.09604678
0.0869916
0.060179584
0.062487308
0.14306135
0.08950362
0.1256326
0.08692079
0.094139785
0.1495467
0.12963979
0.10635061
0.12796293
0.16891155
0.1362592
0.14310035
0.16568683
0.098756045
0.035539888
0.072648376
0.05531248
0.11365552
0.17326455
0.10552915
0.08543224
0.15412419
0.047100347
0.07438422
0.06874617
0.082475744
0.14309725
0.02151163
0.07931288
0.049226828
0.16388069
0.04184322
0.02925338
0.042092476
0.146726
0.13895684
0.14496042
0.080878295
0.08977478
0.16899252
0.038292743
0.10036476
0.10238349
0.15302514
0.07173538
0.05160214
0.08782451
0.11895976
0.07130002
0.06439984
0.08261004
0.06861174
0.1792081
0.054610062
0.05785551
0.14610533
0.07322925
0.1168352
0.15169528
0.07894183
0.23482269
0.13071756
0.07229307
0.15503047
0.15632562
0.057035916
0.101411186
0.12040379
0.09480147
0.09198794
0.07578184
0.080448166
0.20375028
0.14160265
0.10984177
0.28137657
0.07954453
0.18033494
0.14008087
0.1721232
0.17539756
0.06743905
0.14289588
0.2480529
0.11909524
0.10958137
0.09707838
0.13030909
0.14318268
0.12078564
0.1648673
0.100366704
0.15558502
0.14670445
0.13304982
0.22179654
0.21086906
0.084707454
0.10790028
0.11948396
0.21190938
0.2578257
0.1310417
0.16348726
0.22028063
0.119759254
0.21640985
0.20252313
0.23389621
0.1504574
0.14866352
0.20340915
0.22238018
0.19896135
0.18856028
0.21012545
0.17485808
0.15773249
0.14584376
0.25237074
0.16275398
0.15862495
0.22716817
0.18886997
0.21098773
0.2043711
0.26130652
0.20594385
0.28205103
0.1985251
0.20863286
0.23101674
0.23830374
0.24771711
0.2394015
0.32994372
0.20114644
0.17934258
0.28004506
0.24003585
0.21277563
0.28518462
0.17241254
0.33756584
0.20457527
0.23357667
0.2817562
0.21251959
0.24511449
0.19756778
0.20136394
0.124095194
0.1818856
0.12891565
0.165324
0.09199883
0.111523524
0.1026725
0.1817542
0.272749
0.14147869
0.13571762
0.19619189
0.20653029
0.16767618
0.14610384
0.12658621
0.2326297
0.20311533
0.21143845
0.13481759
0.20729488
0.18573156
0.13279803
0.1385952
0.12764864
0.15745345
0.2393476
0.13921048
0.1739829
0.25967708
0.19598319
0.12078869
0.19835156
0.15359864
0.08225303
0.09536536
0.09324947
0.19367912
0.17388609
0.19630316
0.1493073
0.116413444
0.10889512
0.19700758
0.15181726
0.11584699
0.13144147
0.185394
0.17330632
0.19537914
0.12807438
0.13781145
0.091137774
0.20016477
0.049063582
0.08876452
0.13262172
0.09903528
0.08087097
0.088812545
0.14873523
0.06345678
0.14331715
0.19159561
0.12530747
0.15352236
0.18426546
0.15360893
0.15747057
0.18190251
0.10248823
0.22437209
0.07703154
0.07864986
0.01806058
0.06701778
0.11605254
0.029170401
0.0750095
0.11663807
0.15938722
0.102097884
0.10956655
0.12507403
0.09113766
0.15890308
0.15612897
0.048577573
0.021741632
0.12702985
0.20472433
0.1752438
0.061378047
0.087554984
0.031298686
0.047760118
0.07392952
0.1242895
0.044265825
0.09775237
0.034790725
0.09525972
0.06421683
0.083057694
0.11452519
0.15587841
0.17952722
0.07205084
0.116475046
0.10052694
0.08151666
0.16671902
0.07075052
0.034407757
0.13368206
0.12784526
0.11724585
0.09744694
0.17558941
0.12778778
0.1593137
0.123940855
0.046415146
0.13161817
0.087579444
0.11443574
0.09448761
0.13052584
0.17306288
0.055880535
0.036777362
0.21282208
0.14193492
0.10250308
0.10629074
0.14033632
0.1546228
0.15851718
0.11162756
0.11313016
0.1006088
0.075473025
0.07039745
0.10888873
0.18148975
0.11344412
0.23538347
0.1562265
0.120825425
0.084983975
0.1150365
0.11196714
0.15858912
0.038787182
0.10594589
0.09377744
0.061205268
0.05988932
0.08015419
0.041998785
0.20552821
0.12669796
0.0358161
0.07194329
0.15464976
0.16155963
0.029983897
0.033923343
0.11994462
0.21076879
0.12345097
0.10582562
0.102648154
0.030589422
0.15517943
0.2579858
0.05713681
0.06761146
0.07226209
0.078174666
0.0874586
0.11352262
0.107200816
0.17234659
0.03266966
0.094764076
0.120745644
0.075898625
0.15383615
0.08752274
0.18655826
0.21097468
0.0762465
0.08576901
0.102400504
0.124153204
0.07253371
0.080709
0.13837627
0.096212104
0.071375266
0.047609907
0.061384372
0.12564376
0.12833126
0.114012085
0.10058072
0.11713737
0.1065957
0.13647166
0.110143974
0.14343268
0.17651065
0.112253025
0.057601105
0.11787124
0.09858962
0.07804483
0.046527367
0.14695965
0.10981507
0.050002754
0.06686593
0.09078402
0.09628483
0.08457217
0.1657682
0.041218754
0.046823505
0.10732347
0.106459446
0.18061112
0.06709506
0.13166863
0.10368771
0.14669864
0.06545008
0.16662611
0.2766067
0.18511137
0.07731434
0.076239526
0.19891858
0.07332851
0.24146377
0.06260081
0.11161212
0.09888212
0.17784747
0.13137762
0.045463845
0.14373444
0.056838267
0.085692674
0.05468674
0.08730885
0.10542767
0.102721706
0.041296445
0.040258702
0.09387121
0.100943856
0.101080544
0.23513661
0.059384953
0.057954937
0.07446791
0.10782949
0.16029386
0.043015562
0.10873452
0.122505695
0.064942114
0.17047177
0.058792043
0.17895028
0.1326315
0.16173711
0.06252244
0.06592135
0.070537604
0.13536906
0.10995548
0.046600144
0.04865691
0.15097845
0.06171804
0.16908196
0.11051939
0.1125374
0.18835767
0.092998624
0.08809899
0.08029398
0.10102085
0.036636524
0.071239434
0.031434797
0.114937976
0.04598477
0.046547104
0.0825438
0.08298892
0.14378506
0.16851431
0.17721878
0.05376787
0.116382815
0.07795179
0.16697946
0.12831616
0.027378276
0.16664676
0.102482304
0.1611485
0.037975036
0.1405743
0.11676475
0.17601949
0.058082458
0.05227417
0.14015467
0.13430263
0.09429142
0.026918778
0.10189834
0.103777565
0.044257265
0.12572561
0.102766015
0.05343253
0.0661602
0.10477621
0.11208087
0.16098985
0.067967094
0.16337667
0.08379469
0.16024958
0.1625949
0.09875941
0.17229757
0.060490534
0.12392893
0.17370939
0.16149816
0.117442206
0.17773505
0.15707903
0.15744413
0.1237631
0.14008129
0.12499123
0.20518509
0.12944655
0.10700157
0.11789929
0.12833147
0.14257331
0.20885251
0.18098676
0.17688322
0.12591866
0.17233485
0.15488806
0.15055262
0.15189622
0.23014633
0.3007681
0.15117043
0.1342504
0.12823844
0.22079226
0.17198262
0.099729665
0.15630983
0.1418008
0.1864968
0.2046408
0.17858623
0.106616974
0.1634836
0.21759664
0.13833222
0.14415587
0.14185718
0.100070655
0.19200759
0.062218975
0.052897073
0.046692133
0.21433067
0.15028325
0.13567817
0.06008964
0.14325443
0.11773855
0.082549684
0.12388703
0.07069988
0.112302825
0.16893294
0.24948251
0.09158075
0.075763494
0.060860746
0.124663934
0.10365211
0.054338645
0.07845594
0.039587393
0.050828498
0.16055964
0.18283053
0.09393172
0.15087259
0.12850109
0.16125555
0.13557434
0.084772825
0.107083194
0.08325163
0.04065401
0.12776503
0.15136988
0.15414877
0.09872955
0.15299033
0.12855494
0.17360725
0.1301222
0.083407305
0.09970842
0.082083136
0.10894283
0.10412306
0.100722566
0.13728382
0.1420532
0.07714526
0.07474454
0.10676296
0.121819586
0.10677548
0.09233788
0.1314653
0.03496425
0.1805998
0.20029011
0.109977
0.14577423
0.26247403
0.17777386
0.18534891
0.07880099
0.15913124
0.12815516
0.17194267
0.13022003
0.12050754
0.25787872
0.26168972
0.21741949
0.1608267
0.12162423
0.09419858
0.14793216
0.14078762
0.17014557
0.13126081
0.26661932
0.11575397
0.122266926
0.06460172
0.100347616
0.14298347
0.3096369
0.18435138
0.053832088
0.09833534
0.19288886
0.06920596
0.08765258
0.09505399
0.13774349
0.105120346
0.089839205
0.0990122
0.16276601
0.20334214
0.14928764
0.12716925
0.072648086
0.12825447
0.07162254
0.063494295
0.1352734
0.09953878
0.08834705
0.09691805
0.14474417
0.1025884
0.12968567
0.13435704
0.12095352
0.08862333
0.08408224
0.15314157
0.25899768
0.15136074
0.17377973
0.18191227
0.10177726
0.16560367
0.057969466
0.11110998
0.087338194
0.09513417
0.09324354
0.107578196
0.08368575
0.09747613
0.09864109
0.14135522
0.1595343
0.16239046
0.10559776
0.12387676
0.20323795
0.19314747
0.060832493
0.062271632
0.10660678
0.08765638
0.068580136
0.17460585
0.06274341
0.08921823
0.08597731
0.049123224
0.17108497
0.099192746
0.12246764
0.11877096
0.15212947
0.16884285
0.1391497
0.100408904
0.0056376997
0.17377627
0.15184458
0.10518192
0.03595069
0.19002233
0.034766
0.08915279
0.04552744
0.14680222
0.085713714
0.07458667
0.14832763
0.15420337
0.15050007
0.109237626
0.19339281
0.14381094
0.1272069
0.09997898
0.1588496
0.19003528
0.1896792
0.11266578
0.20270304
0.103977434
0.19198073
0.22202858
0.118872024
0.11295851
0.15027592
0.15668783
0.23668343
0.15359455
0.26665714
0.13800563
0.14002569
0.26206374
0.14579357
0.1679486
0.18561617
0.20962642
0.10566242
0.132179
0.22892573
0.16747795
0.13105638
0.11230765
0.06668989
0.19225521
0.122272365
0.13895047
0.07382961
0.123158425
0.108418904
0.13389409
0.1471502
0.072471604
0.10769691
0.14211613
0.07312451
0.17308024
0.14845584
0.15547413
0.1307384
0.08571033
0.08759826
0.06412907
0.068701126
0.16831316
0.10094158
0.049647655
0.13820449
0.13724093
0.092856504
0.09559648
0.070823535
0.040940262
0.13137572
0.10424123
0.094552286
0.23620288
0.06644538
0.1486468
0.15152717
0.15803933
0.09373087
0.10142271
0.02802602
0.09919931
0.039187334
0.036856852
0.09935492
0.17914386
0.07493957
0.027704027
0.10548681
0.14226583
0.007427764
0.13310245
0.1637854
0.068183735
0.09110822
0.051046617
0.07593379
0.08826268
0.15369506
0.1942993
0.08421715
0.029693622
0.054025754
0.03114511
0.1425469
0.11058573
0.16080306
0.07741065
0.09728125
0.03737377
0.10414053
0.041505326
0.11239188
0.094346955
0.071025066
0.2245004
0.16604134
0.13117515
0.15326662
0.20284484
0.030844117
0.13572673
0.06595089
0.19021577
0.07791634
0.098308325
0.084849246
0.12522866
0.08952928
0.12064961
0.11418351
0.062473793
0.22353055
0.12931196
0.109158605
0.088138334
0.13735138
0.106270075
0.14132635
0.11223677
0.11825299
0.088388525
0.12913021
0.08558031
0.1700818
0.1284819
0.06591999
0.092453085
0.14050798
0.13330069
0.12878025
0.1654201
0.2666635
0.1771053
0.1785619
0.12062625
0.1492194
0.18462169
0.19291255
0.15209845
0.24819541
0.13297363
0.18404166
0.21914719
0.19531795
0.10010215
0.16276513
0.1480031
0.20993973
0.1298107
0.097487
0.1132397
0.13086063
0.1924179
0.1551255
0.08615477
0.12338025
0.055121817
0.057421613
0.10103946
0.09755959
0.09054395
0.0794701
0.07391439
0.12692858
0.15712921
0.14366914
0.30005783
0.06587019
0.115554854
0.2560584
0.12359943
0.10566024
0.09579277
0.16173942
0.10385043
0.23873141
0.18143827
0.16771628
0.16785473
0.0971805
0.30225462
0.2272566
0.16780293
0.12494519
0.1049405
0.19555858
0.16044356
0.15241644
0.18815614
0.14545812
0.11946089
0.12412093
0.11785631
0.08097137
0.11614395
0.17830443
0.19724785
0.1746745
0.18501176
0.15307434
0.3064801
0.14811048
0.16712973
0.24232057
0.22447965
0.16050148
0.21918616
0.23432884
0.1373819
0.17238498
0.16995503
0.21252148
0.23923285
0.1879224
0.18446231
0.153353
0.16754615
0.21219882
0.19127838
0.19368067
0.14259458
0.18908624
0.18453117
0.22102822
0.13897008
0.17073324
0.1148275
0.14498974
0.14726342
0.12166106
0.21644399
0.16729099
0.19501635
0.124416344
0.17810081
0.14071518
0.14717357
0.0912263
0.20276667
0.1413588
0.09054461
0.14490423
0.13588229
0.16934927
0.12331053
0.14885499
0.14148535
0.1078851
0.08369498
0.12693666
0.1933424
0.05977483
0.08812571
0.18474463
0.06319885
0.09632393
0.08257518
0.18279064
0.085577846
0.2273211
0.10189475
0.14240591
0.06216122
0.13738558
0.20459415
0.10473486
0.11375948
0.14522035
0.06284232
0.24484172
0.10376856
0.100507244
