0.0039215456
0.0039215456
0.003070607
0.0017303762
0.0042306934
0.0054421765
0.003517391
0.005012734
0.0025535512
0.0048954133
0.006997764
0.0031672493
0.0033642258
0.0038123133
0.001450225
0.0043696933
0.005356959
0.00247423
0.0029522046
0.004354456
0.002495099
0.0050631827
0.0058481
0.0018629266
0.0055415984
0.004894185
0.00285702
0.0019891767
0.001489549
0.0018040526
0.0031260499
0.0037111181
0.006437436
0.0035962143
0.0038291158
0.0028214955
0.0011151824
0.002831153
0.0032381245
0.0062552053
0.0036795966
0.00074483466
0.0016724481
0.0024470782
0.003751146
0.0051026368
0.001772204
0.003838558
0.0056653577
0.0012584405
0.009397318
0.0021362854
0.0031081866
0.0019232486
0.0031180147
0.002153526
0.0029251906
0.004459318
0.007163502
0.0030615483
0.0032897196
0.004140849
0.0058037606
0.002803956
0.007141158
0.00416096
0.009015424
0.007330475
0.004648931
0.004484816
0.0043159453
0.005584764
0.004351219
0.0046927156
0.0030838202
0.0057568224
0.004190655
0.006257775
0.0039954614
0.0039784755
0.0043799146
0.0028732729
0.0049680388
0.0072352123
0.005455335
0.0051970747
0.0074024154
0.0010539587
0.005801284
0.0072479267
0.006437102
0.0068118186
0.0040099937
0.008418407
0.0072807116
0.0070206993
0.00736877
0.008956372
0.008409366
0.008564365
0.0056396406
0.005936806
0.0058004474
0.0074816723
0.00952966
0.00396621
0.0046808263
0.0076892083
0.011401026
0.009069163
0.0071100523
0.008310464
0.0048072785
0.009773982
0.008537637
0.0064690285
0.011427507
0.0038885835
0.009325949
0.020213444
0.0065599214
0.006979296
0.012864291
0.016859407
0.015229518
0.012653892
0.014822101
0.011491262
0.009017207
0.008704204
0.010142089
0.015054683
0.0044202693
0.01043639
0.013097264
0.0056041325
0.012518804
0.023066528
0.010785334
0.0072654122
0.003998333
0.020533064
0.011668838
0.009465621
0.010698249
0.028654393
0.0065743155
0.0090099815
0.0101545025
0.0050274082
0.007713364
0.009443318
0.006158604
0.005461934
0.0067510507
0.005968949
0.0015615725
0.0025011215
0.0048467806
0.0017502
0.002160812
0.0020919957
0.005539924
0.005487802
0.0028026267
0.0056219986
0.003459905
0.002263993
0.003467438
0.0061267675
0.0047570188
0.0072686593
0.006751994
0.004855138
0.0045875227
0.005788732
0.0037145533
0.0091470145
0.009329356
0.0061870585
0.0063093523
0.009271124
0.0038200908
0.005193902
0.003674112
0.0029888148
0.0053490405
0.005105127
0.0023679733
0.005546455
0.0048066685
0.0036081306
0.0031524096
0.0023451475
0.00567331
0.0026888314
0.0014868316
0.0026939234
0.0048331534
0.001445208
0.005155802
0.0024356192
0.002181386
0.0022250887
0.0025668
0.0017536171
0.001407666
0.002399489
0.0021069732
0.0033291923
0.00073827605
0.0018996457
0.0015284116
0.00073347543
0.0007106572
0.002401461
0.0032117462
0.0017877263
0.00088226807
0.0040853093
0.0028109632
0.0012592454
0.0015249599
0.001980424
0.002464674
0.0027614546
0.0022353383
0.001074457
0.0010553187
0.0030130313
0.0025549307
0.0018029448
0.0013145711
0.0005706884
0.0012398855
0.0015704134
0.002053112
0.00250635
0.0018699362
0.002295851
0.0008896863
0.0012432999
0.0011428884
0.0014871856
0.0018894628
0.004069514
0.0024815253
0.0082221255
0.006244107
0.006440777
0.0045239613
0.00493355
0.0030021018
0.0055872384
0.008156907
0.00405916
0.008103503
0.0046430724
0.005128113
0.0022357514
0.0033108126
0.005226403
0.0056882156
0.0018239149
0.0034918832
0.0017178601
0.0032577517
0.0018774909
0.004555329
0.0012367985
0.003514075
0.0017199907
0.002530103
0.0018910784
0.0022836842
0.0011493227
0.0038583318
0.0019885967
0.001977462
0.0017343913
0.0042040604
0.0057410616
0.0016105203
0.004657135
0.002471398
0.0015093603
0.003170148
0.0016431517
0.0013201681
0.0034013726
0.0036065967
0.0036771207
0.0020365536
0.00435373
0.00189442
0.0042504915
0.0021967662
0.00082607695
0.0016245712
0.0033891709
0.0048723356
0.006149061
0.0032859202
0.0025033639
0.005576712
0.0023464365
0.002831896
0.003378432
0.0022255243
0.0026098744
0.0039694947
0.003422381
0.0038900382
0.001871998
0.0021028696
0.0013660552
0.001327405
0.0019991563
0.0017799607
0.0027024313
0.002579054
0.0022408662
0.002500397
0.001966204
0.0015000616
0.0015666313
0.0029223564
0.0036962244
0.00592311
0.00093485496
0.0015348191
0.0039046754
0.0021803852
0.0013351018
0.004918451
0.002682712
0.0013271885
0.0022289017
0.0011848845
0.0023528591
0.0016471497
0.0019595253
0.004749408
0.002403229
0.0017973434
0.0035046593
0.0026061842
0.001802623
0.0021255077
0.0024719175
0.0026459359
0.00404798
0.004001955
0.0010559617
0.0018635755
0.003250105
0.0052570854
0.0026928335
0.0017568467
0.0018012221
0.0034099063
0.001584376
0.0016634916
0.004975127
0.0018837703
0.0021582793
0.0014162626
0.0012085187
0.0028246995
0.0014546147
0.0069115143
0.0030614934
0.003187969
0.0049948115
0.0016984476
0.0025305972
0.0033130932
0.0077113886
0.0031043102
0.0036159062
0.0037760313
0.0020372455
0.0026020233
0.005135911
0.006918141
0.004581205
0.005012232
0.0026117293
0.0055852956
0.0043729353
0.0091312
0.006967366
0.005007744
0.0070506
0.003570943
0.003408774
0.0036693865
0.0043850094
0.004296735
0.004069825
0.0036433314
0.0030798374
0.0034344431
0.0050333682
0.00590637
0.0033081446
0.0027987715
0.009002454
0.0025983767
0.0061403606
0.0038678187
0.006972929
0.0043337317
0.0039965305
0.004101623
0.005028238
0.003744243
0.007323038
0.0033401717
0.0031553835
0.00344393
0.0021484091
0.0018797107
0.002724855
0.004244803
0.0019643875
0.0012870489
0.0023107613
0.006646281
0.0030737151
0.002744036
0.004380807
0.003168368
0.0004930976
0.0046760784
0.0021698358
0.0014127573
0.0051134774
0.0032535722
0.0037834884
0.0010863963
0.0030251245
0.0030570282
0.0039083934
0.0062376363
0.0018200604
0.0019245739
0.0046903696
0.0017846874
0.005336707
0.0035544976
0.005278511
0.0045524747
0.003545663
0.004060012
0.008116291
0.002444068
0.0033331183
0.007268196
0.0066920957
0.0054499866
0.001235387
0.0073763942
0.0024923915
0.00606912
0.0031692553
0.007765766
0.0030882508
0.0010276465
0.0015743555
0.0053990316
0.0021374794
0.002418548
0.0047211736
0.0012685066
0.003061906
0.003058235
0.0033287148
0.0034016687
0.0025884402
0.002011305
0.0029787014
0.0059558437
0.0048416373
0.004371938
0.0058900923
0.006758357
0.0023134288
0.0059165144
0.0029352277
0.0033494306
0.0058962456
0.006533973
0.0053370656
0.0032554804
0.0041654473
0.0033027644
0.002242568
0.00746183
0.004909962
0.0037049053
0.0040360903
0.0039504776
0.006306844
0.004998539
0.0046144733
0.0038314217
0.005075337
0.0035613845
0.0048430883
0.003594844
0.0061324635
0.005294475
0.0027165066
0.0038595868
0.0014826448
0.0038186552
0.0024418142
0.0048983903
0.0030076664
0.004207234
0.0047879354
0.0025094613
0.004285778
0.0067264973
0.0032414026
0.0044112876
0.00428014
0.0032916695
0.0024870895
0.0013808915
0.0037890135
0.0021514553
0.0014864559
0.0017713313
0.0041648396
0.004446649
0.0023537418
0.0033554712
0.0020808817
0.003440309
0.003036804
0.002345903
0.0042016706
0.0027692958
0.0045363903
0.0028787921
0.004594486
0.0047923024
0.005074746
0.0053778985
0.0034300748
0.0050375974
0.0069695134
0.005135033
0.006121105
0.0089327125
0.006631505
0.0071715876
0.005758739
0.008044353
0.004920866
0.005347806
0.007697496
0.0024322497
0.0014864192
0.006095568
0.0076519134
0.0037997307
0.0055908193
0.004958531
0.0038355256
0.0019477343
0.0042141383
0.0035474405
0.004191779
0.005594456
0.0044533587
0.007969795
0.00998339
0.0067493664
0.00609948
0.0068244054
0.009889374
0.0066762394
0.0076303068
0.010691346
0.0075905262
0.006042813
0.005924064
0.007072643
0.0073895003
0.009265116
0.010575619
0.00903884
0.01094986
0.0058680982
0.0064118966
0.00878588
0.009126307
0.0075837183
0.01202312
0.012582999
0.01610827
0.018489417
0.014711441
0.008362844
0.006894368
0.006852899
0.01730386
0.011062893
0.015557958
0.0151552325
0.014406113
0.0123047
0.025029821
0.021286493
0.018079408
0.016651882
0.018776907
0.017862432
0.023452012
0.026171055
0.020235173
0.020553472
0.028745065
0.024464434
0.026598385
0.027428182
0.031328402
0.021993885
0.029408671
0.03646585
0.034766562
0.02481431
0.031675655
0.03440603
0.04622343
0.033322446
0.034385134
0.031852692
0.020974612
0.038600385
0.04082199
0.030883107
0.038979813
0.034627795
0.015834836
0.022922482
0.01893423
0.02000907
0.040015023
0.024719287
0.02687826
0.03876954
0.0343258
0.017466474
0.04491678
0.035741784
0.028670663
0.026648853
0.04042445
0.031194488
0.03528728
0.016671028
0.021248363
0.028684888
0.02421881
0.027239297
0.036837745
0.029508894
0.028027084
0.071922265
0.040723637
0.053295683
0.029049039
0.03881045
0.046012737
0.048348553
0.047140915
0.054489195
0.051631372
0.056590214
0.071195476
0.07363349
0.07344852
0.07872938
0.09955528
0.08026699
0.066379674
0.068306014
0.07587917
0.09151114
0.10983869
0.093057044
0.14036545
0.10968605
0.11758701
0.020921417
0.0128054265
0.006592195
0.012898015
0.011736391
0.01234208
0.011206034
0.008834794
0.008711585
0.00797027
0.010513079
0.0066010514
0.008269642
0.0060481154
0.0067927763
0.0042582466
0.0045129047
0.0026005234
0.0028108985
0.0029124632
0.0024619221
0.0019259045
0.0036993523
0.0012777095
0.002708184
0.001252129
0.005153072
0.002136613
0.0029008156
0.0056543383
0.0039301775
0.0010651981
0.003131361
0.0027034767
0.0036150615
0.0035488503
0.0027252606
0.004653595
0.0012683464
0.0013867334
0.0013852769
0.0040164003
0.0033694468
0.0037126134
0.0027864466
0.0012901968
0.0043358747
0.0017576818
0.0037443398
0.0054992293
0.0017162941
0.006441795
0.00041134018
0.0010382473
0.0017041226
0.0017973552
0.001862546
0.0011127028
0.0019958026
0.003508542
0.0026360648
0.001629157
0.00088050764
0.0019102881
0.0021874083
0.0033708506
0.0010631802
0.0011288738
0.0036173153
0.004386477
0.0028470517
0.0035481106
0.0010046521
0.002102674
0.004593591
0.002422067
0.0031332148
0.0023788803
0.0016105123
0.0012420042
0.0019198409
0.0036264074
0.0009671886
0.0020606439
0.00096329895
0.0026951204
0.0037752579
0.0042300425
0.0018782816
0.002274381
0.0038282124
0.009499574
0.0038041563
0.008033746
0.0058465875
0.004368218
0.0045258407
0.0043692235
0.006090546
0.0037126604
0.0023405037
0.0042018294
0.003688095
0.0054318765
0.0033729682
0.0042907554
0.0041177585
0.0031300038
0.0020099448
0.0020660062
0.004376179
0.0019656213
0.002250454
0.0025196455
0.0027074218
0.0035444717
0.0024790228
0.0042074625
0.0016567593
0.0032780163
0.005849004
0.007512501
0.006568577
0.003967249
0.005148355
0.0031250804
0.014789897
0.00766456
0.0090159755
0.0049542645
0.003691078
0.003052957
0.002722587
0.005144496
0.006637759
0.0036688705
0.0038506
0.0030865623
0.0060160053
0.004449869
0.003023641
0.005871396
0.0018304666
0.006476544
0.004595497
0.0013546691
0.0039808946
0.003749646
0.005216897
0.005264158
0.0074331732
0.0032931955
0.006169122
0.0048238924
0.0015508693
0.0029199831
0.004286657
0.00477589
0.001656299
0.0026244458
0.0033693344
0.002195691
0.0019468726
0.007900972
0.0043050144
0.0037694213
0.0027781054
0.0025032153
0.0025652081
0.004324278
0.005188823
0.004841774
0.0049614613
0.0017960267
0.0071953055
0.0025308665
0.0039381916
0.0030836214
0.0039106496
0.0037193552
0.0033985586
0.0029199598
0.0028099723
0.0035963024
0.008707502
0.0063909227
0.00507107
0.009742044
0.0057971557
0.003851983
0.002964169
0.0038198798
0.0024799604
0.0146370325
0.004889842
0.0044773286
0.003040877
0.0043398347
0.0030706788
0.003922067
0.004413534
0.0038557246
0.002774176
0.002679309
0.0027125492
0.0029291513
0.0049475064
0.0043564485
0.0071807937
0.0070874863
0.0039991
0.009584721
0.008370404
0.0074864426
0.0048096124
0.007479319
0.98883176
0.84036887
0.99999994
0.85448
0.96357036
0.9687068
0.9927634
0.8846103
0.8302503
0.8948728
0.027399762
0.024226194
0.042733956
0.030035572
0.04437037
0.0398234
0.045550514
0.04997093
0.059415977
0.06493873
0.066109896
0.07807748
0.053900566
0.0689961
0.08651776
0.0828751
0.08661285
0.110204525
0.09707294
0.10118477
0.113719836
0.09372685
0.08508869
0.08078592
0.06352227
0.0652934
0.05888127
0.042189494
0.05208738
0.047262356
0.0038806337
0.0043891855
0.0025667977
0.0037887057
0.0062650056
0.0015033485
0.00156176
0.0020683021
0.0005641178
0.003379371
0.0047947536
0.0016588904
0.002804205
0.0038415354
0.003116642
0.0022503883
0.004848277
0.0015124806
0.0059139268
0.0030338287
0.0019816791
0.0028666218
0.0026786197
0.0048946063
0.0014741437
0.008912641
0.002232141
0.0029987642
0.0020423597
0.006517428
0.0032064482
0.0067345486
0.0029421132
0.002719883
0.0028437157
0.003757518
0.0032010018
0.003239051
0.0015574612
0.0045063654
0.0029877338
0.000841451
0.003813031
0.0033364142
0.002611438
0.0026524358
0.0014195681
0.0024270555
0.0031662274
0.0008281217
0.0017621974
0.0021811125
0.001105395
0.0015376772
0.002162995
0.003360799
0.0010888893
0.0023140106
0.0013883841
0.001204386
0.0016323975
0.0022247478
0.0023055873
0.0015376299
0.002332408
0.0027490847
0.002559591
0.0020919542
0.0027955985
0.0022071963
0.004034218
0.002460374
0.0020783436
0.0009845061
0.00053467345
0.0034695023
0.00240199
0.004864753
0.0017376386
0.0018419719
0.006688485
0.0020385517
0.0031142032
0.0057634744
0.00420796
0.0043023597
0.0025315217
0.0044920584
0.0017642789
0.0074620554
0.0063728155
0.0045372006
0.0025137144
0.0022452504
0.0037594198
0.00399524
0.003098574
0.004207247
0.0051983
0.0035998777
0.0048349486
0.0046663694
0.005651353
0.006242662
0.0031939016
0.0032769386
0.0013292143
0.0028528024
0.0033671476
0.004047481
0.0063768714
0.0021670354
0.0037723773
0.00580532
0.0031801572
0.0061750063
0.0050455434
0.0025305818
0.0030281288
0.002702955
0.0047605964
0.0013419605
0.0031862948
0.002765477
0.0029366736
0.0019296785
0.00080695807
0.0009299688
0.0029377565
0.0025379835
0.0016662735
0.0007907279
0.0040175724
0.0020048555
0.004680117
0.0015251399
0.002444689
0.0041045877
0.0016060226
0.0017883736
0.0026547937
0.0016193197
0.0037405232
0.0018309518
0.0018349069
0.0027992597
0.0014093836
0.0028766308
0.0022730783
0.0039237128
0.004157942
0.00613299
0.005876522
0.0043004104
0.004360281
0.003699992
0.0035425045
0.0066962107
0.0086527355
0.004701519
0.004731637
0.0072836336
0.006380445
0.0038939745
0.0030159103
0.0021828776
0.0021497754
0.0040304256
0.0024386167
0.0026811855
0.0015914557
0.57024795
0.5621765
0.58407915
0.6187812
0.67926675
0.6759499
0.5326253
0.03183472
0.027879328
0.028895944
0.029350065
0.020741152
0.024621148
0.015305001
0.012381204
0.019740041
0.010594997
0.015145785
0.009059785
0.011431468
0.0100433165
0.015096821
0.01941666
0.011480959
0.019003037
0.019206142
0.015223304
0.02178705
0.0118994
0.014756413
0.0141737545
0.014224628
0.007933429
0.010525947
0.013803006
0.007637775
0.0032117881
0.0061437786
0.0037530216
0.002460097
0.0041815597
0.0032530276
0.003368696
0.0044603525
0.0032424796
0.004164464
0.0041350415
0.0025527182
0.0028319666
0.0036015764
0.0013299662
0.0071385424
0.0017684682
0.0035533693
0.0043371012
0.0032603007
0.009165887
0.0052657113
0.0031716102
0.0042632385
0.0025733677
0.0036810895
0.0067881807
0.0064975237
0.0070910812
0.0053320616
0.004762979
0.0077003078
0.0075408067
0.0050514624
0.0036615746
0.0034697354
0.0052624545
0.0057918346
0.0045500323
0.008615543
0.0047437507
0.0033230563
0.0033499745
0.0056025703
0.0036125092
0.0024093038
0.003920818
0.0038254925
0.0025779787
0.0012035581
0.0019138309
0.004749354
0.003283758
0.0053392528
0.0035625477
0.0025717048
0.004294784
0.0044062766
0.006604109
0.006557991
0.008047897
0.0036264223
0.002462986
0.0020432526
0.004203012
0.0041507836
0.0036975995
0.0035296893
0.0028472198
0.0048028575
0.0038889723
0.004659991
0.0021654423
0.0046617766
0.0028681573
0.0068769897
0.0069193305
0.010078793
0.009572779
0.0073973415
0.012520191
0.0043408275
0.0047831843
0.009892707
0.007546183
0.008349106
0.008932239
0.00975037
0.013601505
0.004190103
0.004744209
0.008723392
0.002190039
0.0055376985
0.0071420255
0.010081165
0.0075754686
0.006967058
0.005508702
0.006110344
0.005069691
0.006156803
0.0059920494
0.009833936
0.004194743
0.0026279145
0.0041215937
0.0034806682
0.0064639607
0.0057595638
0.009064774
0.00872518
0.005346204
0.004647961
0.007381941
0.0059157414
0.005221783
0.0051153116
0.0050016837
0.008871384
0.0047634407
0.0025756469
0.0058560227
0.0044705085
0.00667051
0.008277878
0.0050332816
0.0015567315
0.008255634
0.0025641164
0.0050587505
0.0057342
0.008339729
0.0028915522
0.008044144
0.0069896434
0.006313424
0.0077051898
0.0057907384
0.005962358
0.005775922
0.004059127
0.009814468
0.0072963336
0.009303348
0.011713509
0.014395153
0.007540396
0.009790735
0.013774127
0.014413189
0.013171215
0.009651419
0.012023318
0.012763806
0.012391846
0.016131463
0.018225014
0.012713179
0.010886465
0.009500729
0.006848124
0.0062396456
0.0076032705
0.006222107
0.006805116
0.00321828
0.0017608958
0.004821215
0.0035904294
0.003947495
0.0037220188
0.0030158262
0.0061554867
0.0048100064
0.006351917
0.008458581
0.0072387825
0.0060423324
0.0062885564
0.0059160693
0.00865486
0.0073936344
0.0042043612
0.003017592
0.0066276225
0.003543183
0.007514496
0.006857301
0.001561249
0.0027187828
0.0026596456
0.002550117
0.0034124476
0.0016993629
0.0012890799
0.0037297334
0.002086993
0.002970196
0.0022145398
0.0025549238
0.0018761512
0.0032024595
0.0012884934
0.002777888
0.0015751282
0.0018967304
0.0009272302
0.0012423991
0.0009139427
0.00085756835
0.0015946174
0.0022367775
0.00086350716
0.0015587846
0.001065256
0.0033817329
0.0015495693
0.0009636533
0.0019218796
0.0023699
0.0022975807
0.0036258001
0.0019332408
0.0029279694
0.0027881956
0.0029191657
0.00399987
0.003257188
0.0060207853
0.0027694753
0.0026651155
0.0048217215
0.0012167793
0.0019667316
0.0017001394
0.0023154835
0.0010387545
0.0024553488
0.002774981
0.0010597154
0.0011437996
0.0034384106
0.0018031527
0.0061281407
0.00219262
0.0013320169
0.0034308198
0.003237759
0.005087969
0.003039097
0.006782875
0.0023972092
0.0026065216
0.0018685726
0.0038828782
0.0027039282
0.0019739938
0.0015772885
0.0015104249
0.003244528
0.0015143253
0.0033810467
0.0014486774
0.0029693819
0.0003652517
0.0033031825
0.002999029
0.0024423997
0.0015048815
0.0009999861
0.006008588
0.001769477
0.0036649483
0.0038956224
0.0040853606
0.009316008
0.003424161
0.0040988033
0.005924173
0.003012655
0.004036843
0.0056789564
0.0043461407
0.004535485
0.008007841
0.0045853383
0.005030503
0.0029085793
0.0013257213
0.003603691
0.010254878
0.005763381
0.0072823893
0.001965588
0.014196549
0.0029138618
0.0014510154
0.0043307017
0.0045505464
0.0039719883
0.0025396028
0.0026501552
0.003111297
0.0067475517
0.00419789
0.0006669378
0.0064625912
0.002091162
0.0014651613
0.0019473899
0.001988497
0.0040295064
0.0029457686
0.0077243154
0.0006953464
0.0017504718
0.003590829
0.002379047
0.0018227082
0.0051764324
0.00095457165
0.0020141343
0.003472493
0.007660545
0.0029115896
0.0032209996
0.003681184
0.0045157266
0.00447358
0.0052619735
0.0035215004
0.0007973943
0.0018965555
0.0037188616
0.0039624027
0.0039029054
0.0007586054
0.0035508978
0.0023018892
0.0021798064
0.0063511245
0.0021153651
0.0009320803
0.002666549
0.002454442
0.0018882253
0.0044458476
0.0029989777
0.0030498337
0.002070779
0.0048728534
0.004020209
0.0022704082
0.004584619
0.003785752
0.001952782
0.004260704
0.004535467
0.00080945087
0.00211486
0.0012172413
0.0017822259
0.0033214109
0.0031486514
0.0023553227
0.0027132372
0.0045998283
0.0019360885
0.0047875033
0.0016629519
0.0046761315
0.002151484
0.0065227873
0.0015776721
0.00368985
0.0013127066
0.0020212736
0.0015801259
0.0023384723
0.0022802348
0.002538489
0.0016700225
0.008535649
0.0043818546
0.0015280535
0.0039715287
0.0015204088
0.003308349
0.0037861068
0.0014353144
0.0012218327
0.004951446
0.0035849393
0.005812149
0.002661414
0.0047948505
0.004989815
0.0027189213
0.0026350203
0.0019762109
0.0020100665
0.004185496
0.0031876254
0.0026471782
0.0035798277
0.003386319
0.0029579953
0.0035300015
0.0032738894
0.005366389
0.0033984766
0.0027710586
0.0039518937
0.0051647844
0.0023442553
0.005940425
0.0018147894
0.0035306022
0.0041714166
0.0053567938
0.0083628055
0.0055456352
0.0060362364
0.002804588
0.0017678419
0.0058487467
0.0031190235
0.0035976686
0.004965882
0.002934418
0.003350692
0.0049066474
0.0024700724
0.0043464885
0.005834465
0.0075702607
0.0069842334
0.007179778
0.0027396663
0.0018313928
0.0057346667
0.0033675074
0.004115143
0.004103069
0.0053971894
0.0070519033
0.0047270125
0.0036431819
0.004255152
0.003886429
0.002883553
0.0031498475
0.004416127
0.038739897
0.049472537
0.026872046
0.03047735
0.03182054
0.040137332
0.032760583
0.018234575
0.04169724
0.016928269
0.015988905
0.02800324
0.026139213
0.023267983
0.01710238
0.012123604
0.015907794
0.016653314
0.017479481
0.0153291635
0.017488
0.018073833
0.010936344
0.014500356
0.014166773
0.023377202
0.014102311
0.025189834
0.014129632
0.013318836
0.040920056
0.01632415
0.040633768
0.027930558
0.02466015
0.02255196
0.032194458
0.026959956
0.023940384
0.029249933
0.034811627
0.02645854
0.017825784
0.030095847
0.039645184
0.02528479
0.022969564
0.054579936
0.039175976
0.019467909
0.013208569
0.018282607
0.025307957
0.023609793
0.02142053
0.014285357
0.029528327
0.024649698
0.024666168
0.03224875
0.049550235
0.028690206
0.044615366
0.050919227
0.038477607
0.023897309
0.032438096
0.033919033
0.041469086
0.036310866
0.051684935
0.033886332
0.03482531
0.07770919
0.082096934
0.0904793
0.08067998
0.069481745
0.064991765
0.04136019
0.04601419
0.061723765
0.085092634
0.09648835
0.081806295
0.14076512
0.119524226
0.11109089
0.104465716
0.11506952
0.12610744
0.06814457
0.07773238
0.12100526
0.12431754
0.10210759
0.13532585
0.11437604
0.17050336
0.12829702
0.15021674
0.101616114
0.18057218
0.14759338
0.12994407
0.107533604
0.12784734
0.17609353
0.019770546
0.015063313
0.015613241
0.014506735
0.011952774
0.012015146
0.0151723055
0.020390674
0.014228111
0.017817967
0.01648033
0.020852426
0.01537668
0.014143543
0.013030279
0.013443995
0.01307891
0.016777301
0.013491451
0.012954463
0.011261597
0.011003775
0.009423734
0.0074760965
0.005441491
0.0065052444
0.0022330158
0.004421353
0.00236502
0.002642199
0.0013788043
0.003046606
0.002905968
0.0016226198
0.0010248133
0.0012358964
0.0010447239
0.0007724401
0.0010970088
0.0034523872
0.00096939167
0.002996482
0.0032461004
0.0031642977
0.0019971945
0.00077016547
0.0018818344
0.00469552
0.001495212
0.00068370614
0.00034444817
0.0011461498
0.004674336
0.002379808
0.0018000063
0.0019760705
0.0017886779
0.003223238
0.0024375636
0.0058444557
0.001807237
0.0023216973
0.0043752054
0.0011424458
0.00405722
0.000988554
0.0033417332
0.003226579
0.0024951966
0.010007423
0.0064683747
0.0035736652
0.0027363326
0.0013148527
0.0029270612
0.0029665213
0.003913703
0.006638519
0.0032391718
0.0011263996
0.0014865862
0.002856309
0.0014812088
0.0034241804
0.0026971255
0.0021652498
0.007352644
0.0019072415
0.0016357542
0.0019794055
0.0054885005
0.0040423875
0.0006369208
0.006606243
0.0022763866
0.0024798797
0.00074262894
0.00071094104
0.0049575637
0.0013340331
0.0011102153
0.002203239
0.003105271
0.0036783067
0.0017579272
0.002067207
0.0063825627
0.00494625
0.007730114
0.0030606445
0.0026965532
0.0073910244
0.0023651877
0.0049994164
0.0044199373
0.005642444
0.0029435763
0.00067787245
0.0047164927
0.006492774
0.0026168153
0.0024870094
0.0042161644
0.0051692035
0.0058778813
0.00296695
0.0024537204
0.0063402243
0.0029198506
0.0046338337
0.0032734803
0.0040238914
0.002397419
0.0042135934
0.00083766226
0.0036991413
0.006832936
0.002078498
0.0027317102
0.005194405
0.0031702756
0.0011572742
0.0068765613
0.0012042084
0.0032329003
0.007706675
0.0024238178
0.002784834
0.003504805
0.0013095842
0.0009942354
0.0020427604
0.003496091
0.0016639882
0.0044912864
0.003974086
0.0020108693
0.0013805364
0.0018952384
0.0012561898
0.0016812435
0.0026248642
0.0017296802
0.0023858584
0.0014170452
0.007776788
0.0023841008
0.006275577
0.0041253
0.0020523742
0.0074349944
0.0019667812
0.0024392211
0.007849559
0.0038192028
0.0038426437
0.003003054
0.005829094
0.003265441
0.000998484
0.0019735075
0.003867963
0.002925587
0.0036615215
0.0031640737
0.004355386
0.0012762286
0.0050029014
0.0022735875
0.0018472725
0.0029276349
0.0037065928
0.0035084938
0.0025708203
0.0013578978
0.0014188234
0.0032361068
0.00055618
0.0018498539
0.0030580568
0.0027466128
0.0011060736
0.003974429
0.001181791
0.0013374388
0.002139705
0.0022123968
0.0030292117
0.0013804032
0.0056927693
0.0027081815
0.004643473
0.003666981
0.002000104
0.0029223147
0.0021661294
0.0044206227
0.001410705
0.002962517
0.004112576
0.0006092191
0.0033063698
0.006385756
0.0026868908
0.0031370793
0.002000655
0.0024726985
0.002742342
0.0047138426
0.0036667192
0.0029503924
0.0019696653
0.0030778423
0.0069462634
0.004833239
0.003021088
0.005973524
0.009615005
0.0019925698
0.0022701721
0.0026399484
0.0034190093
0.002305448
0.0015378318
0.0030253562
0.009442161
0.002989056
0.0034327025
0.0015491847
0.0017626511
0.006549844
0.0024559295
0.005663117
0.0032439714
0.0013436455
0.006011327
0.0031675487
0.0053327936
0.002056859
0.003927224
0.0022023087
0.0009701676
0.0049488842
0.0036531382
0.0027176642
0.0047442894
0.007532134
0.003645655
0.0038950078
0.0036653865
0.0053598043
0.002640822
0.0033537578
0.003281891
0.004079912
0.0041541364
0.0025679825
0.0008415128
0.0029682685
0.0021647378
0.0029862523
0.0038037968
0.007190635
0.0017940027
0.0028123853
0.0034425105
0.004578128
0.0027958697
0.0022783673
0.00313701
0.0040208204
0.0044762352
0.0034672958
0.0039542997
0.0031400884
0.0046621826
0.0020709436
0.0051476285
0.0038931977
0.0050517945
0.0033467808
0.003513087
0.0015351658
0.0039041394
0.003216112
0.0027919498
0.0038157
0.0032158291
0.002016636
0.00344793
0.003474071
0.0025272635
0.007958111
0.0049420665
0.0022242782
0.003090283
0.0031186517
0.004818427
0.0020062434
0.0023341964
0.003424741
0.006548308
0.0044138236
0.0032854504
0.0025749248
0.002401299
0.0023432106
0.0032570744
0.0062658233
0.0050340374
0.0052208267
0.0048462553
0.0043663094
0.0052114455
0.0015344158
0.0016441813
0.004071504
0.0055469447
0.008244908
0.0025457274
0.00725528
0.004400329
0.004386152
0.0033107388
0.0056738397
0.0037844868
0.001643647
0.0014305755
0.002593598
0.0026708378
0.0016807725
0.0034530442
0.0044190926
0.0060181418
0.0046219705
0.0043768645
0.005055232
0.006881625
0.0048527773
0.004860624
0.0035025172
0.0044717807
0.0058784126
0.0028537442
0.005422093
0.006300614
0.006390325
0.0054574297
0.0048982603
0.0039823917
0.0071072946
0.0068819667
0.00332324
0.007483672
0.0021767877
0.0070810486
0.003782836
0.0025788425
0.00326829
0.0030789222
0.0049708253
0.003503136
0.002970661
0.0020055894
0.0036986049
0.008475207
0.0025350745
0.008578815
0.0028380374
0.0049627125
0.0020613389
0.0020594022
0.007873144
0.0014262662
0.008335955
0.0017617855
0.01062731
0.003929211
0.005938542
0.0036173335
0.0040893233
0.0069442634
0.0041541327
0.0037392157
0.0041115424
0.0027938967
0.0035993548
0.0041144914
0.0035730705
0.0038468384
0.001197983
0.0020922497
0.0032105576
0.0023501953
0.0026842894
0.0016481648
0.0053129443
0.0015932474
0.002829395
0.00275235
0.002231439
0.002732188
0.0048160716
0.0030779524
0.0038304187
0.0018570782
0.0044614244
0.0030686301
0.0007715443
0.0039105313
0.002235901
0.0062782364
0.0016396814
0.0026356578
0.0028282364
0.0027509835
0.0033654633
0.0017014307
0.0015800117
0.0034604028
0.0011395556
0.0007453144
0.0020586974
0.0012292892
0.00089455454
0.0013157993
0.0008568058
0.0014897671
0.0029133821
0.0014943619
0.0053391447
0.0017596418
0.0013035185
0.00089514593
0.0015387876
0.0011611611
0.0014193985
0.0028054677
0.0027175643
0.004026789
0.0019165296
0.0013848218
0.005276614
0.0025500897
0.0022774946
0.0024513435
0.0035472612
0.00066283613
0.0040459554
0.0017661899
0.0015750058
0.0031683517
0.002744296
0.0065142056
0.0072507164
0.006238478
0.00913852
0.0028048896
0.005885412
0.0035079066
0.0041401894
0.0039792503
0.0040722294
0.0035253654
0.006541364
0.00075099093
0.0047527645
0.0023423356
0.004917937
0.008136803
0.00397382
0.0026825445
0.007130374
0.0017437781
0.002618288
0.0010344508
0.007878421
0.005946764
0.0034421375
0.0036079234
0.009821335
0.0016155511
0.0018300423
0.0043634223
0.0026399733
0.0025144801
0.0017819984
0.006872577
0.0036888074
0.004013941
0.007243663
0.0006657342
0.01083881
0.0032597445
0.011666831
0.0034203567
0.010194533
0.00519423
0.0049456805
0.0062317266
0.0041076224
0.006248343
0.0049668206
0.0039673983
0.014918436
0.0028903054
0.008011038
0.00315518
0.015976606
0.010248116
0.01438193
0.022408878
0.008273006
0.011780375
0.016218748
0.009701266
0.017548542
0.016829846
0.018847793
0.010104391
0.008035953
0.008710948
0.003659474
0.0038361785
0.0017459732
0.0036368992
0.0055139735
0.007825509
0.009287734
0.002764565
0.006522641
0.005784478
0.009768094
0.00489322
0.00468373
0.008520048
0.0062709153
0.0021167137
0.0021864022
0.0018903976
0.0028158892
0.0015480879
0.0031923885
0.005289437
0.003757164
0.0048348135
0.0038319665
0.0066229883
0.003837106
0.0034983186
0.0036907967
0.0034343773
0.006168866
0.0017703227
0.0025471118
0.0016560873
0.0024376377
0.0024995655
0.0026771098
0.0049003954
0.0023083747
0.005853388
0.0021346475
0.002520322
0.0034605353
0.0040678545
0.0015761538
0.0016300892
0.002039936
0.005011555
0.0028569812
0.0011115349
0.0031296217
0.0031245574
0.0023612445
0.001110353
0.0012868395
0.0012130563
0.0035263423
0.0021077283
0.0019352508
0.004109013
0.00010423362
0.005148174
0.002289177
0.0015641421
0.0007024071
0.0024439294
0.0046471953
4.3344044e-06
0.00092962186
0.00075701356
0.0006216592
0.003281005
0.0012231665
0.0013771538
0.0009841844
0.0026927344
0.0031944627
0.0036136897
0.0017494648
0.0042273984
0.002111624
0.0040084217
0.00442025
0.0021380025
0.00148517
0.005032335
0.0047081686
0.005882585
0.0059342138
0.0036950738
0.0067056757
0.0028937564
0.0010397341
0.002819375
0.0023898224
0.0024561556
0.003268022
0.0026242041
0.0014652937
0.00320585
0.010234803
0.004953355
0.003322111
0.003195052
0.0032578527
0.0025963506
0.0039699026
0.004178085
0.0008480622
0.004160285
0.0021240686
0.0026362212
0.0027165425
0.0027829283
0.001876734
0.0045227935
0.0037502947
0.0024771001
0.0033864633
0.0023148253
0.003343258
0.0033612924
0.004938484
0.0061016446
0.0023483043
0.0029197312
0.0020783322
0.0056932727
0.0031846892
0.005164113
0.00286994
0.0024890832
0.0027430677
0.004308579
0.00426645
0.0058328086
0.003706326
0.007340283
0.0060740495
0.002945193
0.0035656781
0.003046502
0.0075254743
0.0013647124
0.003686765
0.0030165785
0.0029568612
0.0034377514
0.004580774
0.001833271
0.003185244
0.0054039704
0.00433213
0.0064755795
0.0071378103
0.002980502
0.0013804663
0.0040564802
0.0037079968
0.0035001088
0.0018725698
0.0020635647
0.0019905483
0.0012392381
0.0035535905
0.0023958695
0.0040060086
0.003034689
0.0034555036
0.0015358683
0.004364945
0.00094196317
0.0030911742
0.0057194256
0.0067255083
0.0039980584
0.0028759635
0.003489518
0.0020234592
0.0044840565
0.0022734534
0.0025718056
0.0035654723
0.004445418
0.0047049928
0.0021188927
0.005109219
0.0058449786
0.0099192355
0.0062125996
0.008614215
0.00459142
0.0047520967
0.0022688366
0.0035227544
0.0025507717
0.004210717
0.0042848224
0.0044786786
0.005086481
0.004197123
0.0060730306
0.0044128597
0.0021687362
0.003616756
0.0030868617
0.0032724026
0.0011499162
0.0027255605
0.0030963782
0.002558197
0.0049893823
0.0033573678
0.0044220234
0.0029473035
0.0024087648
0.004491418
0.006671917
0.005551068
0.0055379095
0.006054631
0.0029699851
0.004047671
0.0032027378
0.0040250374
0.008133732
0.0021243428
0.005524139
0.007974807
0.009827883
0.0022705954
0.0073082796
0.0023023423
0.0033798683
0.0047496906
0.006265202
0.0030627153
0.0074103754
0.008349085
0.004424125
0.0039859456
0.010332823
0.0056013814
0.0062575657
0.003715872
0.003074922
0.008736226
0.0061120843
0.0035499036
0.0026314626
0.0049786363
0.0047386666
0.0029354028
0.0016710509
0.0029180988
0.0023967277
0.0022431903
0.0022557871
0.0053236266
0.0009552371
0.0015649266
0.0037419533
0.0042170514
0.0019036375
0.00258856
0.0008567693
0.0014101285
0.0014259598
0.004026732
0.0009993323
0.0040523903
0.0034044723
0.0015101506
0.003666601
0.002248323
0.003013393
0.0041302526
0.00253783
0.0053087147
0.044907603
0.003563247
0.0032854762
0.0027783618
0.0039750882
0.0069125216
0.004105956
0.0038288727
0.0032939825
0.0023500025
0.0044791577
0.0021164366
0.0024631785
0.005000655
0.008120439
0.0027005435
0.0055545415
0.0064673964
0.0025003394
0.002343446
0.0016341377
0.0026288384
0.0029718434
0.003126977
0.0034150716
0.0052687437
0.001659906
0.004409413
0.0026671852
0.0018585182
0.0019983265
0.00089320494
0.0020145557
0.003837521
0.0011243272
0.0014888003
0.0020633035
0.007306025
0.0019836149
0.002521544
0.0032291978
0.0026784071
0.0011214621
0.0023218822
0.0033704934
0.0073510217
0.0047033173
0.0036748608
0.0019002296
0.002752373
0.0055352603
0.0033327942
0.004078191
0.0025892558
0.0018269683
0.0015714599
0.0010324228
0.0028722547
0.003890591
0.0024242424
0.0030573737
0.00417727
0.0012609385
0.004745725
0.0033418145
0.0031476554
0.0050879507
0.0030578086
0.0032987355
0.0040197577
0.004846039
0.0053108023
0.002441364
0.0046747606
0.006922229
0.0043956344
0.0066185254
0.004162682
0.0063821096
0.003825161
0.0038958138
0.0034263714
0.0022812705
0.0041752886
0.0011695916
0.002411373
0.0027351305
0.0029974284
0.0029858358
0.0023648085
0.006090861
0.005047802
0.002079857
0.0038256154
0.004315517
0.0057118335
0.00340041
0.0054351464
0.0042217723
0.005392858
0.0048307176
0.0014735676
0.0055021388
0.000103461
0.0033175256
0.0038907581
0.0061677126
0.0040394133
0.0025361665
0.009075771
0.003333287
0.0040281364
0.00085782364
0.0032725667
0.0035441169
0.0022764327
0.00065232324
0.0049876086
0.0033531447
0.0007496193
0.0026776418
0.0057450174
0.0033385535
0.0034774228
0.0021797523
0.004177348
0.003960374
0.0037053695
0.0034734684
0.003995396
0.0031591177
0.0030715792
0.0030005502
0.0018741323
0.0019748227
0.0035018055
0.0021893159
0.009433996
0.0033006212
0.0037930969
0.006155102
0.0059610945
0.0038179297
0.0027112707
0.003240811
0.003186189
0.0017057557
0.0028435516
0.0029124415
0.0029810325
0.0024600187
0.0039930786
0.005755463
0.003661894
0.0016339864
0.0016742097
0.0013922497
0.0019310878
0.003718389
0.004834594
0.0024531265
0.0043466957
0.0034943253
0.0018853594
0.004732552
0.0040764688
0.0025674927
0.0030582147
0.0038565814
0.0021772077
0.0028415166
0.0034709172
0.0041318797
0.004677421
0.004305478
0.002178744
0.0013261625
0.0017998565
0.0022560956
0.0023278526
0.00238889
0.00097316806
0.003385427
0.0013488609
0.0021503246
0.0024014316
0.003534752
0.0009732782
0.0021553067
0.000792349
0.0027836766
0.002619225
0.0026554521
0.0046490068
0.003104272
0.001994992
0.00011589457
0.002533505
0.00086601905
0.004042444
0.0056529595
0.0027266478
0.0047508515
0.0014513939
0.0029454185
0.0020787928
0.003032154
0.0044339183
0.0036211286
0.008100671
0.0021701627
0.0054364423
0.0015152404
0.0026013162
0.0022480206
0.0013588979
0.0021822662
0.0050043957
0.0036162331
0.0016550755
0.0027914157
0.004964695
0.0022532516
0.002434102
0.0050833356
0.004993049
0.0033625732
0.004472191
0.0037854656
0.0052095396
0.0030874643
0.0043829796
0.0015485164
0.0058454266
0.0022373265
0.005262762
0.0061706807
0.004081428
0.0031764577
0.01305521
0.006947984
0.010670028
0.004968923
0.008709428
0.0082966015
0.0069126002
0.01016739
0.003622146
0.0046299417
0.0049826363
0.0034836114
0.0038531467
0.0051909676
0.007055989
0.0053606248
0.0028305477
0.007829655
0.0051624933
0.010194646
0.010203631
0.004861422
0.004575376
0.0060488456
0.0024481763
0.0042608907
0.004526543
0.003994745
0.0055848765
0.0060023637
0.0031363405
0.0023311826
0.004654671
0.006944332
0.0028478357
0.0044430825
0.0023076332
0.006359484
0.0036505086
0.002319502
0.0045059836
0.0063476977
0.006033494
0.0034043777
0.005298673
0.0037159699
0.010563072
0.005712702
0.0075796437
0.0064208317
0.010196828
0.00662595
0.0041895425
0.011597759
0.010760006
0.0083816005
0.0061439867
0.0039923177
0.0066627744
0.0039584017
0.0033986915
0.012022831
0.0072783115
0.0053181173
0.008174501
0.0059846444
0.0071650352
0.011500772
0.01048274
0.007892753
0.004044493
0.00943242
0.018040163
0.007398608
0.0068400493
0.0101355575
0.005248456
0.008892707
0.012162332
0.010112376
0.007979865
0.008633658
0.00550788
0.0045916555
0.0034869448
0.0052993908
0.0050152396
0.003295172
0.006454533
0.007538102
0.002867807
0.0074708737
0.011875346
0.004574668
0.008321237
0.0066370824
0.006243615
0.0039185802
0.0032658854
0.0039468696
0.005408746
0.0074910694
0.012527374
0.015513811
0.007613255
0.006758928
0.006165769
0.0052264854
0.003244279
0.006334299
0.007411173
0.0037475617
0.005987235
0.0067480644
0.00541574
0.0042545693
0.005786548
0.004416524
0.0060243597
0.0050337156
0.006111793
0.0060026706
0.00670691
0.0068193474
0.005098039
0.004376335
0.0063395654
0.006689928
0.0049388995
0.009852129
0.006563144
0.0053769914
0.004269777
0.0061689964
0.005798941
0.0057952963
0.0056610485
0.005322641
0.0046867453
0.0023722574
0.0062432755
0.0046659918
0.0031996947
0.0050255433
0.0029852085
0.0047207936
0.006512229
0.006673891
0.0042258063
0.0047172103
0.0034540968
0.0020247977
0.0028092873
0.008092602
0.0054734186
0.0062855775
0.005240974
0.003047132
0.0075104083
0.0075106607
0.0070737507
0.00071684096
0.003622982
0.005550509
0.0020493867
0.002434189
0.0026024384
0.003578434
0.003722029
0.007420109
0.004462873
0.003590258
0.0052038734
0.00204438
0.000642988
0.0028135667
0.0007870578
0.0015638073
0.0023910403
0.002437072
0.0012486791
0.00076628046
0.0020982972
0.0008016842
0.0028963701
0.0011054531
0.0010072789
0.0015160654
0.001562112
0.0012774915
0.002145344
0.001106028
0.0007020262
0.00065516063
0.003337032
0.0018009867
0.002441817
0.0018023427
0.0020543667
0.0045100553
0.0045020226
0.004188872
0.006176971
0.0033227766
0.0025746496
0.002191415
0.0011306991
0.0030138015
0.0045816097
0.002179027
0.0040583806
0.0043845787
0.0032973683
0.0021128613
0.003321352
0.004268539
0.0029256763
0.007109129
0.0040004533
0.0055357236
0.0055754026
0.0024425515
0.0059114634
0.003871193
0.0037429014
0.0021151812
0.0054537533
0.0047238516
0.0042870776
0.0030622007
0.0047704983
0.0031045382
0.002814499
0.0017307727
0.001198333
0.002247525
0.0027169476
0.0019136211
0.0007413932
0.004000878
0.0057204827
0.004830536
0.0074469605
0.0038020674
0.0030766781
0.00444211
0.0045913476
0.0066600614
0.0052307635
0.004856174
0.0036757651
0.0073267934
0.005631721
0.0024687445
0.004043717
0.0032655245
0.004680125
0.006064409
0.0045588627
0.0033804707
0.0025874793
0.0058418172
0.0033186113
0.0027763746
0.001881425
0.0058058095
0.0046369988
0.0018142394
0.00656935
0.0031706127
0.0060702097
0.0047906055
0.0037600177
0.0025751889
0.003952413
0.0016959144
0.0011132936
0.0015521529
0.003085861
0.0036690042
0.0022320987
0.0022923194
0.005336617
0.004595922
0.0045751734
0.004676737
0.0048934603
0.0041500065
0.0019173308
0.0023982266
0.0051011457
0.0039093015
0.006363304
0.0040282677
0.008352127
0.008603782
0.0074955677
0.006294193
0.0037928696
0.0030925935
0.0039095
0.0025424738
0.0032534013
0.0014545437
0.0046113804
0.0075234785
0.0014953199
0.0022400455
0.0029762795
0.003086574
0.0029226313
0.0026126453
0.0024024842
0.0028367713
0.004062219
0.00379599
0.0035615556
0.0020304793
0.0036309308
0.004704624
0.003975371
0.0045987465
0.002168595
0.009139242
0.0038648595
0.0028975615
0.0027702202
0.0035091334
0.0051646
0.0035497695
0.0037351598
0.0040051406
0.0063819005
0.003312797
0.0051045674
0.0061023734
0.006590277
0.008258263
0.006352307
0.007143384
0.012419324
0.010600592
0.0068653636
0.007661534
0.007843274
0.0073148524
0.0029594344
0.007935896
0.0061371434
0.002887826
0.0022663
0.0029339744
0.001882527
0.003287659
0.0016615754
0.0023561611
0.0025724864
0.0017124075
0.0037598673
0.0051236106
0.0025879208
0.00090061454
0.004279442
0.0010026676
0.0032619967
0.004733548
0.0036010651
0.0051292893
0.003542525
0.0053977678
0.0018268852
0.0027892448
0.00551843
0.001333437
0.0034525616
0.0030396227
0.0028784394
0.0066437013
0.0051831356
0.0030966476
0.005027009
0.005657874
0.0020193502
0.0020919768
0.0036699397
0.003727692
0.0015319788
0.0037570486
0.0022923187
0.0020113683
0.0019711861
0.0016672008
0.009211478
0.0043684393
0.0033110399
0.007468299
0.0022565317
0.0046740575
0.006641811
0.0065594777
0.007142848
0.0035150114
0.006261365
0.004808048
0.005626534
0.009075288
0.010485863
0.0091317715
0.006662354
0.004602108
0.011002579
0.009207769
0.012369101
0.009687313
0.011152795
0.006808544
0.008010796
0.004614881
0.006274403
0.0035624236
0.004832984
0.0059429873
0.006339111
0.0030255737
0.0046033617
0.004592193
0.00786713
0.004128767
0.0027756523
0.004802252
0.00396402
0.00320336
0.0029487447
0.0061269826
0.0037070008
0.0038498982
0.008064452
0.0036000211
0.004861574
0.0031992593
0.0022247466
0.004248472
0.0038286385
0.0036829917
0.007985531
0.0051003727
0.002552475
0.006018561
0.0054559903
0.00390186
0.005226669
0.0023217045
0.0039872564
0.0021915631
0.004914655
0.004618373
0.0015604498
0.0028641473
0.0032450617
0.003606906
0.0019974834
0.0032610255
0.0030812596
0.004349064
0.005329493
0.012705733
0.0077104536
0.0049689934
0.005409736
0.0042751124
0.0032122233
0.005718238
0.0042027785
0.0059345174
0.0063014054
0.00450863
0.0027211574
0.006709804
0.001767074
0.0020976437
0.0017571505
0.005999681
0.005754643
0.0030389314
0.007660351
0.0036802914
0.0038870152
0.0041011544
0.0068509784
0.011473074
0.008364395
0.0065856236
0.004135042
0.0039064186
0.00635727
0.0029780825
0.005092706
0.00555006
0.0060915975
0.0032400435
0.004781426
0.0068443664
0.0026861725
0.0034296175
0.0047630826
0.0070352047
0.007133358
0.006665208
0.004852929
0.0065433043
0.0072218883
0.0048651476
0.006954168
0.0055950102
0.00893292
0.010553854
0.008297193
0.010071129
0.011012151
0.009323607
0.00962109
0.008746979
0.0048680822
0.007235229
0.0072828983
0.011987769
0.007401214
0.004529316
0.0056711743
0.006217607
0.0060855593
0.0077436115
0.0051210397
0.0051503647
0.0065098214
0.002810571
0.0043906556
0.00784919
0.0057607936
0.007998306
0.006470224
0.0033165528
0.0061546797
0.0063122367
0.0061482433
0.0068649244
0.008484771
0.0019352764
0.0028640947
0.002032448
0.004451035
0.006404476
0.0025739574
0.0049748467
0.0039350986
0.0062069036
0.006342977
0.003960635
0.005282764
0.0042681866
0.0034079605
0.008657493
0.0023055237
0.0022064608
0.0032745898
0.008962868
0.00410834
0.002635548
0.010150558
0.011061823
0.011247216
0.00626809
0.003156641
0.0018993225
0.007803978
0.003399129
0.0071759745
0.007526575
0.0068502515
0.00687767
0.005654738
0.005440194
0.008496536
0.0051065227
0.005895858
0.0042280364
0.0080436785
0.0027488533
0.0039261025
0.0036444913
0.006357748
0.0043279817
0.0017295731
0.0020326679
0.003808623
0.0052391817
0.003294262
0.0037569597
0.0015918191
0.0029479424
0.0051133125
0.0038201741
0.0061728843
0.0023091794
0.004055271
0.0026547539
0.004426436
0.0041763904
0.0045438684
0.0032608462
0.004190789
0.0035273884
0.00682462
0.0031308949
0.0046878606
0.005922345
0.0027946734
0.0034205373
0.0042017554
0.0037544563
0.00587003
0.0050308295
0.003578413
0.0018493179
0.0041140663
0.00254344
0.0012457955
0.0056710583
0.0034758134
0.004753837
0.004311573
0.0032478175
0.006555515
0.0052285516
0.003921129
0.004529638
0.0038461422
0.0012087772
0.046203002
0.04320369
0.023657123
0.047699634
0.030405045
0.044673502
0.041406956
0.037835486
0.03503057
0.04896042
0.03681433
0.03983457
0.045965955
0.03620002
0.042429965
0.053967714
0.047293894
0.036628354
0.06155079
0.035136476
0.05528643
0.06345016
0.046410255
0.05649483
0.04359104
0.053704046
0.07554438
0.087457746
0.06015246
0.07608177
0.070511125
0.08610156
0.064222306
0.093703546
0.09529499
0.085550256
0.118170194
0.054525077
0.07626005
0.09753454
0.10384718
0.095486894
0.09821229
0.107715614
0.09952825
0.097469576
0.18685046
0.111887805
0.15309817
0.15007804
0.12815374
0.15452175
0.16684228
0.13104627
0.16340192
0.18180592
0.16218182
0.16742058
0.11970381
0.1489943
0.13497105
0.17365068
0.122316994
0.20845178
0.1857273
0.12809123
0.17330822
0.17921536
0.15060462
0.16295262
0.21184957
0.1913983
0.21762677
0.20088063
0.18449627
0.21256489
0.22577347
0.26642776
0.27246228
0.318054
0.30309027
0.26711646
0.28797016
0.28268078
0.32366896
0.091004476
0.07827548
0.08868859
0.049818844
0.046450607
0.037005007
0.04297354
0.03885752
0.037800513
0.02858303
0.028533185
0.020868525
0.01617737
0.020692695
0.018235736
0.009114206
0.010543233
0.01159354
0.013073073
0.012149423
0.0065314732
0.006664525
0.0072774366
0.0027076493
0.0041034045
0.0031027514
0.004616752
0.002993186
0.0024959024
0.0011675417
0.002772421
0.004724462
0.0022319818
0.002006981
0.0021292171
0.0017595503
0.0049536712
0.0017408531
0.003976217
0.00085374375
0.0030402853
0.00064416963
0.0046217446
0.0057973964
0.006070011
0.0032891713
0.0023597712
0.0043833847
0.0023030126
0.0022322938
0.0027195942
0.00068133464
0.0036477072
0.003457261
0.0027133026
0.0019377731
0.0041034045
0.001309539
0.0057833255
0.00366611
0.0027235472
0.0041976166
0.0039387606
0.0018973569
0.004727709
0.002925028
0.0051055723
0.008921742
0.0060800565
0.004595751
0.00796399
0.004964473
0.0042344034
0.009848054
0.008490619
0.008106473
0.00873419
0.008613696
0.0079317195
0.010216236
0.009274061
0.007284098
0.007278132
0.007283582
0.006089046
0.01166097
0.0046601975
0.004768285
0.0034455247
0.003679746
0.0016454661
0.003750751
0.004850232
0.0024081164
0.003962854
0.006619102
0.00960038
0.00779957
0.007862521
0.005390137
0.0037361372
0.0061107273
0.005967561
0.0068561276
0.008606681
0.007969462
0.0117925005
0.009990057
0.0062512993
0.0059251976
0.012530101
0.004109465
0.0039050498
0.015585886
0.007455862
0.005034934
0.009272037
0.0061523467
0.008411535
0.006978185
0.0038078504
0.0041305227
0.008342845
0.0035882143
0.0038323847
0.0016522114
0.008662131
0.0024640611
0.0036430594
0.00511129
0.0033919562
0.003101255
0.009761628
0.0062294328
0.0030430804
0.0026463682
0.0024397306
0.005362637
0.009543884
0.0063460823
0.0039996444
0.0029637006
0.004967922
0.0074132197
0.006862913
0.008333241
0.008103932
0.01126696
0.006046582
0.008502504
0.0103087425
0.011817018
0.013108387
0.008491792
0.009237392
0.015614517
0.005830369
0.0056361537
0.00419159
0.0040475517
0.008322075
0.009844895
0.007618901
0.0034350005
0.0035391126
0.0045034
0.006061914
0.0038606075
0.0056517445
0.011435432
0.008330084
0.0035650043
0.011987321
0.008267035
0.008119565
0.0039086123
0.0035087918
0.0027263325
0.0034041682
0.0026679346
0.0058566635
0.0015745935
0.002279758
0.0095542325
0.0055558304
0.0029026894
0.007411498
0.0022133195
0.0035441958
0.0068007275
0.0038520873
0.007467648
0.0013661187
0.007962581
0.0071145208
0.0039296094
0.008769891
0.003740641
0.009114693
0.0059792018
0.0069546094
0.0062302877
0.006116544
0.0056448854
0.0045117056
0.0036499163
0.0065255384
0.0071105766
0.008389846
0.002540918
0.0055366377
0.0058732675
0.005648205
0.004890567
0.0018223601
0.0021992042
0.0046143094
0.0022710823
0.004703132
0.0056092385
0.0016265351
0.0017566457
0.002675797
0.00397462
0.0036762084
0.0043842946
0.004467168
0.008141061
0.007953773
0.0072931186
0.0045022713
0.0054902136
0.0076213903
0.0029429186
0.004316922
0.005673949
0.002187472
0.0014073106
0.0004887966
0.0020992996
0.0023093913
0.002719905
0.00301988
0.0019054834
0.0028513833
0.0035480568
0.004925914
0.00641421
0.001889657
0.0035180927
0.0017127546
0.0050721946
0.0017174813
0.001780513
0.0026449033
0.0007315634
0.0017426196
0.0005477952
0.0018225322
0.0033378908
0.002331564
0.0018401328
0.003060879
0.004794626
0.0026074103
0.0013191885
0.0026217175
0.0025018156
0.0012516739
0.0056016254
0.0033099556
0.0009118776
0.002604708
0.0020528494
0.0024206878
0.001210862
0.0012524871
0.001348403
0.0024882567
0.0028783495
0.0040536714
0.0017011736
0.0020200606
0.0023659563
0.0023137834
0.0043781484
0.0024338649
0.0020488997
0.0025079984
0.004792604
0.0032760734
0.0006920503
0.0016485346
0.0038786402
0.0017096731
0.0032038698
0.0017911557
0.002352777
0.0031153925
0.0014248473
0.0022006817
0.0017983762
0.0026194418
0.0013402833
0.003812739
0.006382437
0.0023613682
0.0034338601
0.0037812993
0.0027440223
0.004040853
0.003205672
0.0027121461
0.0049646692
0.004217714
0.0036079718
0.005559103
0.0037880873
0.0042694486
0.00435894
0.0041097053
0.0049766353
0.0027189858
0.0036681595
0.0024097243
0.0020381627
0.0038518875
0.0015364819
0.004708497
0.0017395141
0.0051865927
0.0043008598
0.0043413104
0.010194387
0.0039367154
0.0037315635
0.0068617603
0.0037787033
0.005274586
0.0058989744
0.002771972
0.0025177016
0.004938572
0.005212676
0.0015360072
0.004996831
0.0038694867
0.002696186
0.0013860682
0.003315323
0.003778342
0.0025086848
0.0020579612
0.0011540015
0.0021504145
0.0013166964
0.0035174447
0.0009682053
0.004802063
0.0044080447
0.00625865
0.007215119
0.00549281
0.0055324403
0.0071922787
0.00513312
0.0035663857
0.0035274238
0.0062794983
0.003081317
0.002718606
0.0012546442
0.0011830745
0.006514684
0.0011403898
0.0013086665
0.0037020522
0.0045189317
0.0031136337
0.005509151
0.002298357
0.003492225
0.0057428377
0.0050095227
0.0042960155
0.005875858
0.0031806391
0.0028924858
0.0026012333
0.0022023432
0.0035512506
0.0050436924
0.0020699373
0.0043473113
0.0044575348
0.0020420828
0.0019547238
0.006260508
0.003244061
0.002145236
0.0037275206
0.003700015
0.0028171618
0.0067018694
0.0022978534
0.0041916748
0.002412701
0.003540289
0.0019282007
0.0025315252
0.003414676
0.0036975972
0.0008427093
0.0074810344
0.0027689412
0.003336668
0.0024002185
0.0029362715
0.0025442096
0.0016766398
0.0014241522
0.0024736307
0.002726892
0.004157532
0.0025954277
0.0024675324
0.004095916
0.0028504513
0.0007318958
0.0013031596
0.0025744075
0.0012699912
0.00070259813
0.0010144423
0.0015270804
0.0022077598
0.0026648452
0.0023658646
0.0034177457
0.005062288
0.004076095
0.004384823
0.004067195
0.0024841568
0.0009850052
0.0009933284
0.003024194
0.00608416
0.0016902972
0.0034128102
0.004251445
0.004493428
0.0026343844
0.0031891156
0.0015952839
0.0008942372
0.0027263798
0.0021093956
0.0018998131
0.004392546
0.0013208773
0.0018295622
0.0019339942
0.0017967299
0.0017462792
0.00077485957
0.0028465476
0.0017807304
0.0021978936
0.0018595911
0.00389546
0.0030373442
0.0042690267
0.0032094799
0.0027341682
0.0024979296
0.0017361776
0.0030309695
0.0027687831
0.0044490136
0.0023035782
0.0042815455
0.0034215031
0.0032005766
0.002825291
0.005882282
0.002868027
0.0014044396
0.00415328
0.0026833524
0.0043678987
0.0010672517
0.0015533083
0.0033428923
0.0002169582
0.0010253289
0.0009517113
0.0022475256
0.0012062083
0.0016054052
0.0012624525
0.0016406998
0.0009945247
0.0025967953
0.0025564283
0.0033394299
0.0036095178
0.0062626223
0.0016311067
0.003155037
0.0022857739
0.0007917773
0.0016203981
0.0020775439
0.0022632228
0.0055501508
0.004390725
0.0037724038
0.002374828
0.0076686884
0.0021817994
0.008851941
0.0059848954
0.0016319519
0.0034573379
0.0055217193
0.0041161748
0.0035402155
0.003925362
0.0059848465
0.002086767
0.006327131
0.0047778385
0.0034064117
0.0058175777
0.0077185235
0.006584073
0.0040459177
0.0032182618
0.009026467
0.005913857
0.0034552522
0.010127594
0.004510959
0.009800408
0.008824233
0.005160258
0.0044036964
0.0067874477
0.0069133965
0.0042116754
0.004349835
0.008810631
0.005661581
0.0037185352
0.0029954328
0.0052259304
0.0016109499
0.003659867
0.0026774087
0.003854641
0.0024269382
0.0042168056
0.0021237442
0.0030002524
0.0017785458
0.0068607964
0.0036440769
0.004654052
0.006344086
0.0051663285
0.008094425
0.0052813618
0.0055869385
0.0029980692
0.0066273804
0.0031582993
0.0045455997
0.0039293733
0.0057629063
0.0028834082
0.0054032607
0.0033495473
0.0044422476
0.005477209
0.0072785756
0.0020754624
0.0053394516
0.0018578742
0.0028424086
0.005926421
0.0100710485
0.0034827264
0.004027821
0.006781735
0.0034686506
0.0028395567
0.003764652
0.0047104405
0.0053614243
0.011660806
0.0070005446
0.00699021
0.008068016
0.0048956303
0.005846199
0.0033844213
0.0032419863
0.003239219
0.0033683178
0.006054724
0.0037392427
0.005326317
0.0044251108
0.0030829373
0.0047529843
0.0027104232
0.004994539
0.0016945861
0.0037047837
0.0038763478
0.004561566
0.002065056
0.005065466
0.0020091648
0.0053170077
0.0024159586
0.0069837985
0.0013933118
0.0018024477
0.0029714394
0.0034982918
0.0043701176
0.0051125484
0.0028377431
0.0022115589
0.004056169
0.0060635037
0.0062112114
0.00097310706
0.0020772733
0.002132121
0.00311338
0.0042467173
0.002437238
0.005145327
0.003045283
0.0052156462
0.003043604
0.0048263716
0.0032754382
0.0030886012
0.0027078015
0.004833016
0.0014673568
0.003210187
0.0030666885
0.003125997
0.000658568
0.0015562638
0.0017435665
0.0063759913
0.0035592092
0.006109802
0.0018956426
0.0013643134
0.0010582894
0.0034583579
0.0022856584
0.0021407804
0.005622893
0.0028278246
0.0013410174
0.0015722212
0.0025557864
0.004056826
0.0025657353
0.004477279
0.0017123972
0.0025266784
0.0026871215
0.0034653835
0.005419706
0.007043811
0.005911876
0.0076292227
0.009339804
0.007371872
0.0036323883
0.00214268
0.0033781533
0.0041544926
0.0036806364
0.004331601
0.0017001387
0.002482535
0.0037207447
0.0033346347
0.0034840857
0.0040107854
0.0038925314
0.0046981014
0.004295912
0.0051505947
0.0028306637
0.002579617
0.003961168
0.006160784
0.005084139
0.003559819
0.009947605
0.006592283
0.0076627624
0.0076307743
0.008689528
0.006523441
0.0066565373
0.01170826
0.013599019
0.009101483
0.01318929
0.0176676
0.013577413
0.016797764
0.012744648
0.0131024225
0.02000208
0.015975058
0.014513496
0.008075754
0.011319996
0.006098398
0.0065440624
0.00916097
0.013498645
0.020682814
0.016997883
0.024972416
0.032753725
0.031278282
0.030782368
0.030667845
0.03595505
0.03005224
0.027675964
0.03699114
0.041893244
0.040319648
0.060239896
0.065759316
0.07094566
0.05743366
0.06288899
0.06752757
0.06497338
0.06032549
0.053448018
0.04646953
0.047347818
0.0364066
0.03702937
0.034335516
0.033369925
0.035360347
0.036347274
0.053999793
0.048159778
0.057055935
0.055822127
0.077743255
0.07137358
0.07127959
0.05361467
0.042919215
0.041954134
0.045746792
0.040896744
0.04052703
0.048126526
0.041273
0.03240282
0.034474827
0.032622285
0.035148177
0.023818422
0.032375444
0.026427977
0.025570417
0.02378303
0.02334402
0.024389612
0.029153587
0.021505576
0.023075439
0.024642099
0.02244888
0.0237489
0.029238679
0.032862384
0.029251726
0.023659097
0.01939774
0.016924685
0.024754446
0.02781295
0.016722647
0.01792364
0.008891249
0.009137866
0.010336949
0.010556339
0.0069083357
0.006526579
0.01079175
0.0078176325
0.007014987
0.0074099572
0.009743466
0.010405133
0.009130166
0.006886496
0.012706317
0.008326995
0.004583223
0.0044141193
0.00986055
0.004953711
0.0062005795
0.01051344
0.0059129507
0.0096681025
0.00894601
0.007775185
0.011090482
0.0050889403
0.0044362075
0.0066516744
0.003669751
0.0036227617
0.0035872643
0.004345726
0.005452111
0.004977936
0.004019838
0.0024798813
0.0016966155
0.0017612709
0.00396609
0.0023506258
0.0043035126
0.0047759223
0.0022820511
0.006986216
0.0029472692
0.0050178557
0.0030387423
0.0021415236
0.0036454417
0.003191826
0.0026297127
0.0049752463
0.003298533
0.002897545
0.0070173135
0.0036122368
0.0048182644
0.0029115444
0.0030472262
0.0031015247
0.0044140867
0.006185644
0.0021690293
0.0023412653
0.0024433401
0.0019031668
0.0021214937
0.0061192745
0.001490489
0.0020708551
0.0022667942
0.0042927964
0.0020271873
0.0037820383
0.0026713817
0.0035058444
0.008396306
0.0042857695
0.0026527783
0.0044578505
0.0049698157
0.0038952779
0.004738843
0.004060325
0.0033562635
0.0035268005
0.0026238658
0.0058639827
0.005132699
0.0077282055
0.003104106
0.004976648
0.0050606723
0.004222784
0.0031703636
0.009048579
0.0049436404
0.005767656
0.0014155689
0.0019912354
0.0017594025
0.0018331541
0.0023784593
0.0048812255
0.0022749146
0.0041129803
0.0022051136
0.0033153733
0.0024045622
0.0014735382
0.0028703203
0.0075357645
0.0025968403
0.0050773295
0.008057165
0.008260896
0.0062876823
0.0057798782
0.0031948802
0.005732507
0.0073730503
0.005193739
0.0059650247
0.0065786433
0.0042691077
0.005267019
0.008116426
0.003231456
0.0044202507
0.006346987
0.0049688313
0.005790006
0.006579601
0.0032292982
0.000924377
0.004053897
0.006503013
0.00634685
0.004397756
0.0062504
0.0077512222
0.0076727686
0.0058726864
0.008029398
0.0071279895
0.006584072
0.010257103
0.012878791
0.0033320915
0.007304479
0.0037077519
0.0073110783
0.009709893
0.012054771
0.008332566
0.006217365
0.0060610482
0.010280527
0.0043328092
0.0031841474
0.0038969556
0.011645131
0.0069806306
0.0061556394
0.0063056527
0.0052567143
0.0061723255
0.004380517
0.008954075
0.006265171
0.007008872
0.008467752
0.0062496285
0.012455387
0.008983463
0.009500245
0.0110679
0.009406485
0.005119648
0.006154363
0.006840887
0.0072522927
0.0057826885
0.007523198
0.0059561157
0.00493431
0.0129932305
0.003917398
0.010146273
0.016388642
0.023443894
0.02336273
0.015524365
0.016088031
0.019296948
0.02875901
0.026189625
0.031718828
0.023997685
0.018371701
0.029659392
0.023219401
0.025671864
0.032140635
0.04400894
0.0394124
0.0528896
0.062178936
0.05253732
0.047007367
0.07368887
0.076466806
0.05725036
0.121903874
0.057614714
0.059384957
0.105939694
0.06855619
0.09476218
0.10349895
0.112274595
0.11030985
0.09925548
0.15077484
0.10459731
0.13643277
0.08970114
0.111609586
0.10704929
0.15416297
0.12278574
0.16173458
0.18252575
0.18516234
0.21010196
0.1553275
0.1962462
0.18523565
0.12880993
0.1419998
0.20621586
0.14726667
0.15322292
0.2420837
0.28953716
0.07971799
0.075775065
0.068385914
0.05322814
0.037476305
0.036909956
0.050275683
0.038911168
0.025740089
0.033146247
0.01966751
0.024852285
0.02131187
0.019067978
0.014907752
0.014634458
0.014233551
0.013161251
0.012423351
0.007947613
0.011062842
0.0115527455
0.0062686987
0.0075578536
0.008854379
0.0075726067
0.007821448
0.005527064
0.002701124
0.0038110523
0.0030988257
0.0024418253
0.0027026045
0.0012502662
0.004686274
0.0079222955
0.0033089996
0.0022464395
0.0025623497
0.0031880224
0.0024211586
0.0043967622
0.0032940006
0.0021273766
0.0035740214
0.00096063537
0.0030271802
0.002187594
0.0035250718
0.0033320514
0.0021280046
0.001657123
0.001817781
0.003449716
0.0058572087
0.0011703103
0.0037862782
0.00281314
0.0019700038
0.00201402
0.0035392996
0.0017438037
0.00572235
0.0042995377
0.0032389543
0.0024004243
0.001616546
0.004012689
0.0020270473
0.0024198284
0.0037627576
0.0073768743
0.0027673442
0.0049175792
0.0029999092
0.0033650554
0.0049615726
0.005062673
0.003508041
0.0030623735
0.005508746
0.008117217
0.006013208
0.00864265
0.0070940107
0.006666381
0.0026769221
0.0043640593
0.0044769435
0.004716202
0.0044142636
0.008122023
0.0024171723
0.0044698687
0.0053315326
0.0049726614
0.0029788846
0.008852376
0.004492909
0.0028485027
0.0032178124
0.0054717027
0.0059134928
0.0038029396
0.0032621748
0.0021612353
0.0018000011
0.005723484
0.00337487
0.0032372512
0.0034516533
0.004204649
0.00088301615
0.002330659
0.0027526151
0.0027590683
0.0010245503
0.00538354
0.0021326244
0.0035928998
0.0045603304
0.0028093257
0.0022544628
0.0025926016
0.0052908477
0.00068334397
0.0010610783
0.002591048
0.0047669336
0.0025682412
0.0018401179
0.0027108078
0.0010952516
0.003471636
0.0027045892
0.0011988843
0.005646068
0.0032644228
0.0032104915
0.0016919309
0.0028317755
0.0041751866
0.0034662134
0.0046140514
0.0037986187
0.005358849
0.0034945668
0.004723728
0.0021532965
0.0062236646
0.007383387
0.005695753
0.0028428442
0.0018290579
0.0039208443
0.004154854
0.0031680902
0.002429964
0.005688154
0.0045216694
0.0071188174
0.0067706173
0.005050183
0.0055485917
0.001396543
0.003501417
0.0015160043
0.0026086296
0.0010801913
0.0023399165
0.0060106823
0.002456509
0.0048164916
0.002780749
0.0021916972
0.002213204
0.007414553
0.003409744
0.0021131148
0.0044817408
0.0031483322
0.0055804267
0.0026908848
0.0022679633
0.0031048155
0.0023200244
0.0023537378
0.0025559687
0.002726609
0.0079797255
0.00370181
0.004738736
0.0038082765
0.003701728
0.006343036
0.0027649435
0.0017425555
0.003430083
0.0018820299
0.0030954145
0.0012701107
0.0027292469
0.004998252
0.0020104647
0.0036365858
0.0023760512
0.0038137285
0.0028473146
0.00094455865
0.003324669
0.002325181
0.004254784
0.0035647757
0.0031629412
0.0030458574
0.005595632
0.0019271914
0.0039258767
0.0019400215
0.0058247675
0.0024240776
0.051512673
0.0424769
0.009538985
0.0015622758
0.00054105197
0.0015596758
0.0017573864
0.0017197228
0.00797241
0.0031555425
0.0062998636
0.0093725715
0.013426602
0.0069564893
0.007800978
0.0025165891
0.004126364
0.010072783
0.0029538434
0.0097987875
0.0034571378
0.006279625
0.004604221
0.0037819797
0.0074303006
0.0017234471
0.0040764664
0.0047694873
0.00897614
0.003804614
0.005039343
0.0046914
0.0073984438
0.0033491012
0.0046877353
0.003903704
0.0037069244
0.0034477345
0.0045843096
0.004882359
0.0028618746
0.0018844886
0.0033593625
0.0021749428
0.004051395
0.0036686177
0.0016945263
0.0047028693
0.0035492731
0.0020143033
0.0032264362
0.0023450842
0.0066332584
0.0038664306
0.0033310638
0.0026265366
0.0038560082
0.0011115778
0.00096425635
0.0023398132
0.0033402457
0.0035002278
0.0016515884
0.0021832476
0.0074829324
0.002477508
0.0019810766
0.005360756
0.0023946045
0.0032850024
0.004691289
0.0032045592
0.0043804836
0.0055323006
0.0016709135
0.0025423672
0.0038561665
0.0038578103
0.0036204967
0.0010639755
0.0040716133
0.0035690821
0.0010806937
0.00095877994
0.0040986747
0.0033772169
0.0026105687
0.00083146524
0.0049589323
0.0067680823
0.0012466036
0.0033300347
0.0063794176
0.0036313094
0.0013849083
0.002221029
0.0061431415
0.0034183203
0.0022525312
0.006444024
0.004496168
0.004262666
0.0036094359
0.0020198212
0.0022383952
0.0042746714
0.0014888967
0.0041256417
0.00451051
0.005573463
0.0036683644
0.004883301
0.0045332997
0.004025664
0.0031295987
0.005100131
0.009669463
0.004316655
0.0064740544
0.0054318295
0.005969485
0.010268051
0.010062153
0.007041208
0.0071314075
0.008584217
0.006313256
0.0074463002
0.00972288
0.0054318146
0.008522572
0.0057989825
0.008161581
0.0041294703
0.006410942
0.0053391317
0.004235885
0.0049281023
0.004621055
0.0050520087
0.0046334686
0.0028384018
0.008107018
0.009124017
0.0012902783
0.0024533514
0.0033452369
0.0026758665
0.0014846622
0.0019720711
0.0065959846
0.0020597242
0.0013280843
0.0014837906
0.0018917422
0.003560775
0.002665948
0.0038665507
0.0025101723
0.0024688246
0.004047711
0.0020722044
0.0016462293
0.00075877097
0.0021027839
0.0015148838
0.005044187
0.002706486
0.0034313558
0.004669831
0.001673271
0.0028708861
0.0012447067
0.0018559762
0.0024217418
0.001050108
0.0015205555
0.0019321812
0.0012419947
0.005484065
0.0028009077
0.0028989643
0.002014686
0.0004882888
0.0021508888
0.002145764
0.002596125
0.0025608449
0.0017849838
0.0006668818
0.004908483
0.0040725586
0.001571244
0.0040469673
0.0020118146
0.0029908856
0.0035992016
0.003350415
0.0064083547
0.0033539855
0.0029903392
0.0062784143
0.008661234
0.006908293
0.008091328
0.010096567
0.009852291
0.012252914
0.011367957
0.012534742
0.011163798
0.010196314
0.009582267
0.007850236
0.0051511577
0.006914327
0.0056288047
0.0057192273
0.0064545977
0.0067409035
0.009005064
0.006549966
0.007966912
0.008956322
0.010543641
0.011983315
0.012181416
0.015734244
0.018165536
0.012620029
0.014057966
0.009871102
0.009452817
0.008988737
0.0088588195
0.011558524
0.009240722
0.005338854
0.00445077
0.009235103
0.0054384405
0.0042706737
0.0050309617
0.003420145
0.0045832912
0.0026558635
0.0027514512
0.0049772677
0.0055613276
0.004467116
0.0044121216
0.0024405366
0.0037081244
0.004718114
0.00573709
0.00495315
0.0040897327
0.0050469036
0.003521184
0.0040974086
0.004889868
0.0019906622
0.0043579605
0.0050191693
0.0029268456
0.0025111437
0.0038319898
0.0036264255
0.0016071482
0.0031489364
0.004278154
0.003023604
0.004940574
0.0024787474
0.0077675157
0.0056094034
0.007195928
0.0030517147
0.002998778
0.004601928
0.0035580252
0.00581744
0.002640248
0.0037254759
0.0029152872
0.0050357706
0.0017681145
0.009013943
0.0020362814
0.005029928
0.0056567
0.002291947
0.003968574
0.0058751227
0.0031849896
0.006796155
0.006401993
0.0020840426
0.0046732053
0.004502678
0.0052775205
0.003136092
0.0029692529
0.007197316
0.0044229515
0.0065784245
0.00464581
0.0029770213
0.006365612
0.0050021005
0.005509876
0.003247393
0.0027414844
0.0048900433
0.004157365
0.0038206151
0.003935758
0.0031617794
0.00415555
0.004912049
0.004762753
0.004725482
0.0023109068
0.0042639934
0.0010044338
0.003155504
0.0075013335
0.0032265012
0.0018378708
0.0035851302
0.0013823601
0.0021690147
0.0029108622
0.008099539
0.0029040286
0.0009770358
0.0018141037
0.0038397836
0.0033536833
0.0022876754
0.0014902839
0.0019191245
0.003230668
0.0021103492
0.001706609
0.0012924979
0.00159933
0.0020478165
0.004584516
0.004993565
0.0036539955
0.0038290827
0.0043872725
0.0037018924
0.0020045454
0.0028703022
0.0057733185
0.002945737
0.0025068016
0.0026055574
0.004254243
0.0034091717
0.004588869
0.0046664374
0.0051534437
0.0050924877
0.0027280583
0.0065722507
0.0042663557
0.0015201162
0.0035140743
0.002643195
0.0019026613
0.0031647652
0.0019462651
0.0022220784
0.0019292976
0.0022383882
0.0024646914
0.0034035137
0.001617128
0.0050465274
0.0035944132
0.002936192
0.0028532506
0.0012631044
0.0029458068
0.0018053784
0.0033528334
0.0028309522
0.005997704
0.0056228377
0.0031986553
0.00371858
0.0041250694
0.0039595845
0.00609134
0.0034901625
0.0051444103
0.006461449
0.004400598
0.0043227226
0.0052851094
0.0035977757
0.0059586437
0.0028395916
0.0022078212
0.0027895134
0.0040580668
0.003032782
0.005010423
0.0070931707
0.0050771777
0.004402725
0.0051791077
0.0053011263
0.005026482
0.009105721
0.008886765
0.007351816
0.007676969
0.011005002
0.010457179
0.008042789
0.013433108
0.0062968233
0.0059451456
0.005018758
0.0028410712
0.005522889
0.004021525
0.0020287647
0.0046500103
0.008803037
0.007619549
0.0022581324
0.0034274394
0.0035499895
0.0018004291
0.0021561566
0.0038891945
0.0017114098
0.0060186586
0.003141692
0.0036130643
0.0029462993
0.0039920975
0.0030382634
0.0019870598
0.0046138098
0.004986796
0.0022588593
0.00503512
0.0027707159
0.0048001152
0.004085374
0.0013702804
0.002295194
0.0040312624
0.0035004048
0.0036916172
0.0019223297
0.0065434417
0.002745139
0.004009671
0.003426595
0.0031471865
0.0032988708
0.007747617
0.0052486393
0.006694383
0.0049462537
0.0025651243
0.004672269
0.0031193707
0.0016008363
0.0035472135
0.006008308
0.0027015512
0.0033835208
0.0046416996
0.004960945
0.005053126
0.0029191042
0.0063666627
0.0034576466
0.0037217077
0.007844342
0.0044157
0.002337194
0.0018914193
0.005169136
0.0008473315
0.002952856
0.0044575953
0.0050054807
0.0070293094
0.010314163
0.0067761606
0.010756551
0.004610932
0.005554005
0.0019016645
0.0035086367
0.003451373
0.005075678
0.003496357
0.0027637472
0.0052621374
0.0029162727
0.0048160884
0.010902365
0.008252152
0.007828261
0.004827876
0.0056293076
0.009048004
0.009865138
0.0069021164
0.004333048
0.006262797
0.0058933506
0.0036309191
0.0042406274
0.0044446723
0.008172521
0.0072300704
0.0059341546
0.0051223
0.005328249
0.007908503
0.01274041
0.005934359
0.0030657025
0.0036408084
0.0034942578
0.0045070904
0.0035829085
0.003721377
0.004725868
0.004864038
0.0037278847
0.004286196
0.0060639954
0.006381726
0.0047722138
0.0053940443
0.0026323968
0.002196308
0.0016390919
0.004701178
0.0028857342
0.0033872603
0.003623754
0.0059723016
0.003192458
0.00341006
0.0042905123
0.0026056115
0.0020380898
0.0026551213
0.005199052
0.0020242997
0.0045125126
0.0040125614
0.002183578
0.004776065
0.0036368805
0.0034730218
0.004353234
0.0047428394
0.0073121325
0.0030093722
0.003656727
0.0041467273
0.0031187802
0.0017569421
0.004359918
0.0060806945
0.007146282
0.005159167
0.0032989238
0.0039508087
0.0035014786
0.003440124
0.0020393634
0.0038259027
0.0020656427
0.0039315345
0.0054752436
0.0037640848
0.001224022
0.0049671712
0.00477484
0.010472769
0.006416149
0.0060288
0.007362305
0.0043235985
0.005434491
0.004653923
0.004086233
0.002750246
0.0055888654
0.0058911033
0.004066977
0.0052111126
0.0041282536
0.003275564
0.0039643915
0.006339656
0.003332357
0.003395706
0.006019827
0.0032135546
0.0035109464
0.003350874
0.0047408026
0.0035357466
0.00392776
0.004826899
0.0059135486
0.0033741137
0.003224903
0.0027317174
0.006589123
0.002546963
0.0021731264
0.0021828634
0.0042065415
0.0062880334
0.0055350135
0.0044390564
0.0043546027
0.0034065857
0.0048296573
0.004129527
0.0030847082
0.0028116922
0.003281161
0.0041233134
0.0021923895
0.0038353412
0.0033512532
0.0025710252
0.003180515
0.0043764296
0.004262558
0.0037226665
0.0028770699
0.0027121461
0.0017162894
0.0019888806
0.0017201176
0.0014879168
0.0016897777
0.0023114556
0.0011807148
0.0043391106
0.0017424466
0.006352168
0.00116999
0.0026068431
0.006682566
0.002367526
0.0017732496
0.0019459992
0.0012120556
0.002731128
0.002218646
0.0036766545
0.0036775817
0.0023385913
0.0026277325
0.0029160697
0.0016312255
0.010750816
0.0025396857
0.0039271335
0.002819568
0.0020053878
0.004251651
0.0035799046
0.0056326217
0.0058996617
0.005335162
0.0038002792
0.0053705173
0.0051020402
0.0049910196
0.004972847
0.005480314
0.005543343
0.002966463
0.0032850278
0.0027656963
0.005060185
0.0020002376
0.0038786258
0.002231419
0.0027062905
0.000799763
0.00094461744
0.0034819315
0.0037854465
0.0033895904
0.0035950781
0.0038053815
0.002394807
0.0028260923
0.0054811966
0.00285745
0.0022213093
0.0045997603
0.008833287
0.01127414
0.0019111938
0.0018486208
0.007040142
0.0026009057
0.0035421802
0.0047372403
0.004858313
0.0032231363
0.0048170667
0.004659465
0.008051503
0.0053594606
0.005081058
0.0043368996
0.005386926
0.003027226
0.0047630933
0.004583915
0.001869235
0.0027988977
0.001921897
0.0034963216
0.0022368075
0.003518508
0.0044016987
0.008591047
0.001967836
0.0016042474
0.003185356
0.0019000634
0.0021995131
0.00046022757
0.0045104865
0.0028173379
0.0023314736
0.0010088056
0.002051774
0.008010106
0.0012625927
0.0010471513
0.0043144184
0.0033607157
0.0010103916
0.0022850921
0.0032860953
0.0035757057
0.003267006
0.001991098
0.00268977
0.000501822
0.0027204973
0.0018231971
0.0018171249
0.0049385903
0.0014802717
0.0039589223
0.0029514346
0.001435409
0.00032364836
0.0026751945
0.009299469
0.0016181017
0.001385046
0.0020254394
0.00322572
0.0029585138
0.004053607
0.0031084924
0.002686202
0.0032794424
0.003031141
0.00107202
0.0018786767
0.0015888504
0.006865295
0.0033356934
0.0029530798
0.0034502586
0.0032648493
0.0028016851
0.003009366
0.0026888435
0.002469196
0.002983988
0.003968902
0.0024889493
0.00177324
0.0013840279
0.0030575804
0.0039411876
0.0034559343
0.005076245
0.003839526
0.0025146324
0.0014575562
0.0038393761
0.005489612
0.0030456895
0.00289686
0.004841306
0.0043383935
0.0024661478
0.0024610988
0.0066375635
0.0036526287
0.0032870441
0.0038593498
0.0021580518
0.0031865698
0.0007729108
0.0017634146
0.0010418842
0.0012826377
0.0019635255
0.00079430186
0.0021107732
0.002865384
0.0017516122
0.0025062514
0.002768322
0.0017022477
0.0054560965
0.0018094713
0.0009770115
0.0015055981
0.0055291355
0.0029304887
0.0034914978
0.0011265328
0.0007225977
0.0014921332
0.0013655836
0.0025249685
0.004741933
0.003122984
0.00056727894
0.0012164803
0.00077537086
0.0027710234
0.0045423256
0.0016644916
0.0011760672
0.003456924
0.005003542
0.0013576299
0.0018331399
0.004048459
0.004119615
0.003401784
0.002893367
0.0025264365
0.0021408168
0.0033939902
0.0036439418
0.001304372
0.0065546744
0.0032806199
0.009120029
0.0016605395
0.0047181738
0.0053721974
0.006098228
0.0024759597
0.0027784808
0.0033524057
0.0033310088
0.0043965527
0.0019263271
0.000647807
0.0018060324
0.004117162
0.00032986762
0.0056432607
0.0054183314
0.0013950516
0.0026789266
0.002022161
0.0031335284
0.0038697717
0.0024693394
0.004163524
0.005704017
0.002670086
0.0044892435
0.0044103824
0.0055557475
0.005687023
0.006384261
0.0038180223
0.004729588
0.004738364
0.0043979557
0.006726455
0.003053358
0.00322884
0.0050397567
0.0063185995
0.0031060209
0.004066573
0.0020298383
0.006252531
0.004819624
0.0036922276
0.006840215
0.0029050282
0.002557334
0.0028784545
0.006550236
0.0042297086
0.007993207
0.0047749113
0.0055087702
0.006804886
0.008475458
0.002444777
0.0029433724
0.0033448557
0.004115727
0.0050266464
0.004051978
0.0042794654
0.0042657866
0.005755618
0.0061346046
0.004474474
0.0031700814
0.006216342
0.0058001652
0.0047899312
0.0033796604
0.0036563992
0.0031543886
0.005611724
0.0018343746
0.0020655137
0.0032004372
0.0013086697
0.0025337008
0.0008652415
0.0016370381
0.0013068671
0.0020916823
0.0020582129
0.0016041896
0.0053144963
0.0024832692
0.0028203854
0.00070984475
0.0052937414
0.0010258041
0.0031320432
0.002189749
0.005161556
0.001636313
0.0038577619
0.0041498602
0.002970132
0.0026386317
0.0028909412
0.00070533983
0.0032378235
0.0023190356
0.0028761728
0.0026367398
0.002061841
0.001590314
0.0012999824
0.0031119538
0.0040323483
0.0029446164
0.0015515904
0.00572836
0.002399018
0.0017087758
0.0011193485
0.0017947981
0.0012263554
0.0014904953
0.0011113897
0.0010577365
0.0018382892
0.0006903076
0.001269209
0.00064579013
0.0013778982
0.001093668
0.0023298752
0.0029855622
0.004794622
0.0010788223
0.002554507
0.0020079154
0.0040086373
0.0027825357
0.005357073
0.0026974701
0.003764277
0.0030609178
0.0016823867
0.0019798689
0.0018409912
0.0022066222
0.001205801
0.0019580007
0.0022993584
0.0048685693
0.0010692269
0.0037864826
0.0045936564
0.0042291726
0.0045317714
0.008791313
0.0044962005
0.0026759293
0.0048383293
0.00432443
0.009554976
0.0024673436
0.0040406464
0.00093451806
0.0024319661
0.003453045
0.0012480059
0.0016186689
0.002987024
0.001897488
0.0036146531
0.002128689
0.0032295077
0.0030858319
0.002021943
0.004038218
0.0047365995
0.003258918
0.0050174976
0.004179391
0.0030565108
0.0016287703
0.003240794
0.00446609
0.007228394
0.007132588
0.005614039
0.00261302
0.0015648635
0.0022259848
0.00071426376
0.0029535245
0.003034644
0.0031522012
0.0061161662
0.0041337553
0.0020269335
0.0078399265
0.0017997175
0.002697164
0.0045298655
0.0028179036
0.0016983459
0.0018389882
0.0014338506
0.0023346166
0.0032710664
0.002239656
0.0038220177
0.0026235771
0.0018652028
0.004143945
0.004501661
0.0024746142
0.0003629418
0.0022832772
0.0007285768
0.0047172676
0.00056264247
0.0023345428
0.002852525
0.005204816
0.0011025062
0.0022011632
0.0034481955
0.0030442467
0.0039531314
0.001228883
0.0010695364
0.0024306474
0.0020836696
0.004391571
0.0041190437
0.0035262606
0.0052708406
0.0038613754
0.0048384173
0.0041981437
0.005714841
0.0033504467
0.0033426038
0.004363347
0.004589811
0.0035845109
0.0046971254
0.0031393396
0.0032749567
0.0037983463
0.0042696656
0.0029226416
0.002159073
0.0035603782
0.003644468
0.0011263705
0.0016593239
0.0023241087
0.001859928
0.0041444334
0.0037990145
0.0009276238
0.002011516
0.006916586
0.00084237556
0.0038143254
0.00043268714
0.001065288
0.006277762
0.0029667874
0.003702929
0.002558782
0.0035777085
0.002030964
0.0011905519
0.001025526
0.0010531198
0.0033792532
0.00057732826
0.0017385138
0.0018710941
0.00039795143
0.0010417576
0.0058359103
0.0014223912
0.0020165208
0.0024379585
0.0032771686
0.0032102212
0.0026217175
0.0032607124
0.004824365
0.0009026269
0.0024434384
0.0028857235
0.0023695559
0.019716674
0.018496538
0.021589004
0.023289219
0.024719927
0.02619919
0.026533103
0.024176475
0.020739455
0.0046447264
0.0028815723
0.0070657157
0.005385045
0.0036698424
0.002035072
0.0024238909
0.0015198175
0.004233505
0.001265064
0.0035847847
0.0013466622
0.0013297317
0.0019813143
0.0019383475
0.002420918
0.0040889857
0.0010826745
0.0014821041
0.0014885644
0.0024273347
0.0011609425
0.0016572359
0.0011235996
0.0023052543
0.0030783396
0.0016717571
0.0018132734
0.0032800522
0.0022519391
0.005013321
0.005641882
0.004977873
0.0056602173
0.0031106502
0.003922712
0.007305147
0.00528272
0.0032273026
0.0042460994
0.005207318
0.0013463609
0.0011088379
0.0034306308
0.0030401014
0.003123637
0.0061703497
0.0036215244
0.0024192203
0.0030475447
0.0026853124
0.0021655823
0.0010158711
0.002302589
0.002143271
0.0019523308
0.002576675
0.0022326263
0.003045318
0.00092673674
0.0018404268
0.0023062082
0.0025070638
0.0029492467
0.0040997392
0.0032332512
0.0036844553
0.0033722105
0.005450819
0.00252016
0.0055286027
0.002509374
0.0046126875
0.005502446
0.004638302
0.0029442813
0.0037222744
0.0019002834
0.004039707
0.0030416413
0.0038069778
0.004312543
0.0037922969
0.0042754323
0.0032276094
0.005780151
0.0047696894
0.0022375947
0.0013482334
0.0045309295
0.0024628118
0.001932777
0.0041175527
0.0038650057
0.0032565573
0.0058784406
0.00223605
0.0020722633
0.001400342
0.0028589303
0.004595132
0.002412843
0.0025952
0.0019208845
0.0015536629
0.004499861
0.0072024595
0.0044849073
0.007208543
0.00524103
0.0030686352
0.0012826059
0.0013174531
0.0038992174
0.0033328168
0.005119899
0.0025571191
0.0026274666
0.005301859
0.004466553
0.0022340189
0.0037355365
0.0025703523
0.0040230756
0.002946973
0.00440824
0.0054524876
0.0038455722
0.0025593755
0.0025359725
0.0028701802
0.006112669
0.003898075
0.0050460235
0.0030220556
0.004204221
0.0041609514
0.0036475842
0.0023081293
0.0017976593
0.0048197103
0.0041185995
0.004187922
0.0030965996
0.0054836315
0.0105206
0.0083084935
0.010025257
0.0102991015
0.004919313
0.0038197364
0.0068566687
0.0048903236
0.0031036804
0.010757194
0.0076544997
0.010717473
0.006541727
0.007449845
0.009285437
0.0055056103
0.008136646
0.006081048
0.0058750156
0.0026428327
0.0052131144
0.0037196388
0.0054048453
0.009102926
0.0033046154
0.0040682657
0.0038724889
0.0035649866
0.0013642703
0.0045471666
0.0047934433
0.00393754
0.0028288688
0.0059765116
0.0077467975
0.003434058
0.0052180686
0.0038212428
0.006262453
0.005212265
0.0019525862
0.0026861716
0.0029222628
0.003128017
0.0023242107
0.004796765
0.0062541165
0.0034427724
0.0025287867
0.004293605
0.0036641688
0.0030014615
0.0022593671
0.002762861
0.00521634
0.0046406304
0.003234207
0.002291926
0.0027397568
0.0054539507
0.0053556277
0.0040938123
0.0022440203
0.0060714865
0.0032140396
0.0034366422
0.0035738207
0.0040238053
0.0020171313
0.0026637733
0.006359059
0.0034591781
0.0015784409
0.0033515666
0.0026236686
0.0042724884
0.0028865032
0.0012584729
0.002984094
0.007388884
0.0024170885
0.0035950483
0.0024225889
0.002658837
0.0018889934
0.0026699232
0.0025919436
0.0054708472
0.004840237
0.0068540005
0.006143198
0.0061846236
0.008930456
0.00403808
0.009767738
0.011485046
0.007854394
0.009925864
0.005779211
0.01065854
0.011768654
0.0051329327
0.007045696
0.0056217466
0.0062231882
0.007065696
0.0027709045
0.0031569763
0.0019813536
0.0041898047
0.004404978
0.003125738
0.0034715666
0.004149654
0.0072708013
0.0040032538
0.0068964376
0.0059038033
0.0038805066
0.005502093
0.00689208
0.0056592175
0.009071584
0.007145424
0.007995167
0.0048113707
0.0034724986
0.0031308567
0.004992888
0.0047087655
0.004016824
0.0025602833
0.0069364216
0.006953009
0.0049986434
0.0037213604
0.0029865608
0.006523638
0.006691966
0.0066487086
0.005218681
0.0076583647
0.0077051767
0.005417716
0.003602906
0.0044135847
0.0019106413
0.0021754825
0.0065951287
0.009794243
0.0055861548
0.0056631323
0.0066613113
0.005361162
0.0012770266
0.0046478617
0.004342629
0.0035857821
0.0016799583
0.002614835
0.0047995844
0.0035192436
0.006360157
0.009374194
0.004469875
0.0040638144
0.007849157
0.009490581
0.007205468
0.008563182
0.0029769707
0.0036884772
0.0025139304
0.0019458362
0.0032795751
0.0104983775
0.0039293016
0.00873139
0.0017832194
0.0017654847
0.0025481528
0.003142642
0.001101006
0.0030898931
0.0053367964
0.0022754567
0.0019696075
0.003030499
0.005897414
0.0006217953
0.0012864333
0.0015597182
0.0027360641
0.0031967685
0.0024921896
0.0023359945
0.0053755203
0.0025211207
0.0014191979
0.0022805526
0.0022769333
0.002341675
0.0056217196
0.0027790589
0.01011349
0.005281074
0.003697181
0.0019732038
0.00269712
0.0046941256
0.0030882205
0.0038374278
0.0034342469
0.0034372052
0.0030760178
0.0025662857
0.0010384092
0.0017135763
0.0026586503
0.0021834732
0.0034548251
0.0007123762
0.0026593984
0.0015745335
0.0028273875
0.0017146913
0.0010047514
0.0014230662
0.0038693834
0.0018066156
0.001995727
0.0023353563
0.0008258838
0.0028534515
0.0
0.002074046
0.0010830342
0.0025485188
0.001843347
0.0056162532
0.0034601088
0.0006335672
0.001133454
0.0015384044
0.0016832445
0.003145975
0.004477445
0.0022625576
0.005550976
0.0021846355
0.0012918512
0.0031165082
0.0044688093
0.0011031308
0.0030666708
0.002706362
0.001232171
0.0038225527
0.0038880382
0.0020200752
0.0034224957
0.0013171298
0.0020665363
0.0024223102
0.0007191027
0.00082156155
0.0017407457
0.004881562
0.0010468898
0.0020652567
0.0005849765
0.0017659615
0.0022973488
0.0013013508
0.0015247596
0.0014719161
0.0027016213
0.0021926777
0.0038766896
0.0017266378
0.0014724892
0.003180927
0.0053049475
0.00414269
0.0012773871
0.0020654355
0.0038165941
0.0019168879
0.003478077
0.0027311626
0.0039223414
0.0035667496
0.0009888784
0.0028360651
0.0029071728
0.0011663218
0.0020200696
0.0038754775
0.0021765467
0.0031454181
0.0048801494
0.0024393506
0.0020464514
0.0008959535
0.0007447384
0.0019111736
0.0005464968
0.0033678045
0.0015636747
0.0019330657
0.0023258396
0.0022992145
0.0060510086
0.0044851745
0.0028676337
0.004289216
0.0034658595
0.0054635326
0.0036198518
0.004533251
0.0027730856
0.003163059
0.0026001248
0.0030574768
0.0056610564
0.0023221194
0.0065359846
0.0012880244
0.0022668687
0.0030400439
0.0025870372
0.0014111823
0.0040838043
0.0028779053
0.008136592
0.000263505
0.0018080582
0.0031405557
0.0038149215
0.0032224823
0.0028068214
0.0023103505
0.003484298
0.0035667757
0.0028589962
0.0016002185
0.0027215763
0.0056947973
0.002762917
0.0020237272
0.0037302033
0.0047440147
0.0025355662
0.0038218477
0.0051542586
0.0064719543
0.0037143345
0.00408537
0.0052650934
0.0035561696
0.005702334
0.0050740084
0.007591639
0.00790974
0.0025258705
0.00516275
0.0067566927
0.0034441692
0.0046762386
0.0057234503
0.005704155
0.0027818736
0.0022274377
0.0035554436
0.004427249
0.0023225357
0.0050506396
0.001555946
0.0019316638
0.0071356134
0.003118552
0.004953372
0.003710891
0.0028263377
0.0022783857
0.0034306946
0.0061218557
0.0075242748
0.0043786294
0.0036118322
0.005741364
0.0029043988
0.005034922
0.005423883
0.007221808
0.0026595558
0.003077535
0.007945199
0.0030149175
0.0078185
0.0074542905
0.0049320743
0.0012245855
0.00081938796
0.004571285
0.0036578209
0.00857262
0.0014087858
0.0010922081
0.006058819
0.003674784
0.0052306056
0.004723357
0.0020716495
0.0022166744
0.003384038
7.2960334e-05
0.0029600007
0.0009111201
0.0071527176
0.004882405
0.002749185
0.0031153173
0.0054088626
0.002982463
0.005093585
0.003519844
0.0031001447
0.007824196
0.003247301
0.0075668353
0.0038389082
0.004062365
0.006861619
0.002436081
0.0030554573
0.0051029
0.0050176745
0.0036867897
0.002506195
0.002150355
0.005856878
0.0028251319
0.002803577
0.0042002345
0.0034290098
0.0028572374
0.00546082
0.0008919829
0.0010799606
0.0025701756
0.0016918147
0.001154505
0.0013003452
0.0011086845
0.0015605933
0.00020775115
0.00064871274
0.003157845
0.0050350563
0.0023917693
0.0022317867
0.003142051
0.0008399871
0.0012072301
0.0012436024
0.0015626671
0.0026434031
0.0074133985
0.0016879786
0.0013309054
0.0010991527
0.0031785166
0.0013010592
0.0028173295
0.0031805965
0.0028123052
0.00085036946
0.0018636675
0.0028981664
0.0009684112
0.0015042983
0.0015194311
0.0036033757
0.0010487519
0.0026982378
0.003879064
0.0049585695
0.001375127
0.0044310684
0.003861984
0.0065468126
0.002932756
0.0025040067
0.002676046
0.0020718875
0.003988867
0.0045081144
0.0013679228
0.004257825
0.0012633378
0.0023242875
0.00069119176
0.003602552
0.0011746641
0.003204381
0.003997698
0.0042782207
0.00043914348
0.0021869673
0.0014568164
0.0014831423
0.002235501
0.10643481
0.101639055
0.10340524
0.10003587
0.100365475
0.10333287
0.005158812
0.001849693
0.0015862788
0.0024096898
0.005362325
0.0036839533
0.0071495236
0.0032934055
0.0033975898
0.0034835753
0.004128789
0.004443231
0.0017603475
0.0013603979
0.0029365038
0.0014111539
0.0020409874
0.002462206
0.0019570028
0.0037121598
0.0070548626
0.0032972398
0.002715924
0.0030681158
0.004160762
0.0038188307
0.0013925799
0.0017119942
0.003070229
0.0046937307
0.0046448805
0.0053352695
0.0029219962
0.0080563035
0.005006255
0.0035783246
0.002402284
0.0041761836
0.0039745644
0.0033877743
0.005664195
0.0048638787
0.0020834252
0.003061424
0.007283161
0.0034639882
0.0028928404
0.0020396467
0.007865564
0.004469721
0.0012873516
0.0034583737
0.0031839353
0.002117292
0.0032942789
0.0017262315
0.0034545453
0.0035680786
0.0029575177
0.0018379944
0.00256289
0.0046402146
0.004410802
0.0057699396
0.0046288455
0.0037955616
0.0051887836
0.00462577
0.005688138
0.008278854
0.0050986665
0.0030755743
0.0039906614
0.0060795913
0.0042461883
0.0038762928
0.0037498514
0.0044064154
0.0050735604
0.007206397
0.0047013196
0.004687506
0.003926513
0.0020801397
0.0054352777
0.0053309402
0.005348482
0.005431644
0.0035169986
0.005078061
0.0038984583
0.005714672
0.003119445
0.004812816
0.01149732
0.0027182417
0.0041429545
0.0053054267
0.0032020693
0.0024643927
0.0022020938
0.007999176
0.0074981493
0.0037047972
0.003309381
0.0018494269
0.0021654353
0.0024709362
0.0051570437
0.003008836
0.0045989132
0.0031672516
0.003929534
0.002008018
0.0037233902
0.00310819
0.0027252522
0.003315686
0.003910358
0.002439692
0.0028806862
0.0020579686
0.0039145597
0.001434907
0.0035774962
0.0024217481
0.007191558
0.0021594712
0.0054456303
0.0022020624
0.0033925197
0.0016240876
0.0020549893
0.004991943
0.0037655353
0.004377929
0.0032731812
0.0051892996
0.004482855
0.004613565
0.0057569053
0.010442895
0.0044010594
0.0062249186
0.005559805
0.008472026
0.0058205826
0.0058395104
0.0077310815
0.008888363
0.0120369345
0.007961212
0.010219994
0.0054054954
0.0046868604
0.0065850164
0.007039446
0.008527135
0.0069286916
0.005223694
0.003877625
0.0041400813
0.005991111
0.009967264
0.00766494
0.0050709806
0.007189862
0.0036222108
0.0041926573
0.003443768
0.0074752164
0.003695754
0.0067362874
0.0050765933
0.007761409
0.005577567
0.004674514
0.005353269
0.0028404773
0.005965103
0.0041771065
0.00430684
0.0032828774
0.0025362992
0.0020098637
0.0015156511
0.004478457
0.0023163815
0.0029979583
0.0042361044
0.0018286053
0.002370857
0.0011226104
0.001314095
0.0016989321
0.0021792245
0.0017352328
0.0006553668
0.0013992654
0.002621219
0.0025885336
0.0037994732
0.002477929
0.0019013472
0.007901306
0.0037714986
0.0052229883
0.0016897209
0.0022410022
0.0052927495
0.0021458254
0.0036195552
0.002304083
0.0021787763
0.0024268765
0.0023697112
0.001977921
0.0005891934
0.0012387995
0.0039203344
0.0013499965
0.0016262345
0.003275106
0.003823565
0.001882094
0.002678305
0.010856055
0.006767217
0.0035405126
0.0042604166
0.0029824662
0.0038568194
0.0016701529
0.0025743246
0.0023826817
0.00047402052
0.00011927384
0.0032248474
0.0010045505
0.0022990915
0.0066168816
0.0019826007
0.0049809027
0.003069499
0.004524651
0.003310373
0.0025986454
0.0030604994
0.0029135908
0.0035551074
0.002191358
0.0032462499
0.0033516805
0.00458377
0.0020859372
0.0031235004
0.0047023236
0.0021799873
0.0043305657
0.005095667
0.0071241204
0.0026029309
0.0034555143
0.0026875092
0.0024503137
0.0043410743
0.005235414
0.003518152
0.004469635
0.0032406722
0.0030697777
0.002704774
0.002115952
0.004055987
0.005087532
0.0036404573
0.0023341947
0.0071536805
0.0022268058
0.005269768
0.002429355
0.0039709383
0.0051126587
0.0030921153
0.007060001
0.0058463328
0.002727193
0.008230835
0.0029420592
0.0085566845
0.0050033713
0.0074903504
0.002492542
0.0037263848
0.0075025395
0.0051962645
0.0066326805
0.0071093896
0.0053856
0.0053166985
0.005785036
0.005687688
0.0060543185
0.007533372
0.00827836
0.012465029
0.014471168
0.010492303
0.010222619
0.012581313
0.01877062
0.016317762
0.017471528
0.016857253
0.013212243
0.0140946
0.011731075
0.015650922
0.0082856035
0.01009092
0.010240599
0.009199754
0.0041932305
0.003308652
0.004040485
0.004261609
0.006550563
0.004610411
0.004549051
0.0070325537
0.0088376375
0.0056730295
0.006863033
0.007252266
0.0030954669
0.0029432708
0.002600188
0.0022950326
0.0033001292
0.002800659
0.00277297
0.004102703
0.0035159932
0.003505739
0.0036145465
0.0050850967
0.010814216
0.004918079
0.0057818755
0.0069604404
0.0066398866
0.008914546
0.008452815
0.009062837
0.011230307
0.013017651
0.010602816
0.009254848
0.016244106
0.017564392
0.02265975
0.02512666
0.029667657
0.020611674
0.011939157
0.015208991
0.018295912
0.012401477
0.013138602
0.007012697
0.007582584
0.010408512
0.0043870606
0.0031596287
0.0058471286
0.0038176512
0.0025759207
0.0053489646
0.0040287636
0.0037619679
0.0041969405
0.004128501
0.0053170356
0.0029384291
0.006970708
0.0028972363
0.0029168108
0.00388655
0.0037667786
0.004858928
0.003223014
0.00418992
0.0035533642
0.003465489
0.005855333
0.0041560945
0.0036947217
0.0031466326
0.0039967285
0.0068304264
0.004493014
0.0094268415
0.00254061
0.0017845973
0.0030039717
0.0069984673
0.004097319
0.003151567
0.004031313
0.012347998
0.009982048
0.0074814013
0.0087563405
0.0066354494
0.007648187
0.006228112
0.004401488
0.0023673582
0.0039631166
0.004887543
0.0064760908
0.006592357
0.004474041
0.0026546842
0.0060361805
0.0059890845
0.004698193
0.0021931706
0.0052308226
0.0017937024
0.011211219
0.005459471
0.008643655
0.0069566835
0.002863206
0.007092463
0.0034375135
0.008969596
0.0033364687
0.006180446
0.007887288
0.005021072
0.0076614884
0.0055301087
0.004936919
0.0071797967
0.006225517
0.0038438786
0.0045484067
0.0039622253
0.0066930396
0.006080745
0.0058609187
0.0024788403
0.002102903
0.0028397578
0.002584748
0.0033320151
0.0031997666
0.0038265286
0.0031945987
0.0015246976
0.0036274896
0.003918833
0.0030442975
0.0011677701
0.0018800723
0.0023218659
0.001806051
0.0018593487
0.0030856812
0.006199681
0.0048012263
0.000856093
0.002431669
0.0015990024
0.0012766379
0.0016167357
0.0037112723
0.00096061
0.007221562
0.0017359317
0.0022448949
0.0017651867
0.00035757592
0.0015094745
0.001675369
0.0019027018
0.002637942
0.0072384556
0.005027256
0.0014066359
0.0026238868
0.003484886
0.006297525
0.0020555262
0.0043863454
0.0021112347
0.0011747428
0.0035189677
0.0010286015
0.0009120642
0.003055894
0.0023854072
0.002454974
0.002984496
0.0039580395
0.0034738465
0.0006507322
0.005081939
0.0032290146
0.0011508961
0.0019968885
0.0012471991
0.001937578
0.0011176867
0.0017147618
0.0023745166
0.0026924112
0.00094290345
0.004923925
0.00412217
0.0056611076
0.0028558697
0.0009649488
0.0038114737
0.0018703942
0.002136793
0.0029410473
0.0029849834
0.001953676
0.0024897263
0.0053057354
0.0016213548
0.0044541066
0.003738322
0.0028105471
0.004938119
0.0055520153
0.0036722647
0.0044835107
0.0030553646
0.007815506
0.091676936
0.08658341
0.08931725
0.01155006
0.00308498
0.0029770094
0.0033999658
0.0062458175
0.0012183009
0.0033206192
0.007615953
0.0019369221
0.0043915757
0.0035982446
0.0056349696
0.002189655
0.0023691047
0.0021719744
0.005586684
0.0030524912
0.0049575022
0.0036670153
0.0038227446
0.004457051
0.0042149145
0.0042504123
0.006231265
0.006078792
0.005637373
0.0021430254
0.005082277
0.0030035214
0.0021193265
0.0016372071
0.0031601961
0.0027021852
0.0027969663
0.0029157293
0.0049233143
0.00422687
0.002408617
0.0011561884
0.003750114
0.0018897841
0.0021253163
0.0029367304
0.003002611
0.005175944
0.001780089
0.0064402246
0.001606535
0.004814045
0.0015997287
0.002807242
0.0027469671
0.0017754848
0.0035120558
0.0017541389
0.0035066078
0.0042702043
0.0024651457
0.0032550155
0.0021438939
0.0015260625
0.0039057212
0.001802014
0.0017661271
0.0014005718
0.0024048993
0.003140989
0.00590291
0.0037387458
0.0021047792
0.0051260763
0.002650892
0.0017061569
0.0031080856
0.0048320387
0.0033316724
0.0024039715
0.0034873295
0.005042371
0.009625551
0.009300355
0.008300694
0.003378866
0.005788849
0.0036222192
0.008235058
0.0035513553
0.002864456
0.0017047836
0.0011869345
0.0028457753
0.0014034188
0.0040464187
0.003530554
0.0030271355
0.0022791666
0.004697848
0.0037894954
0.0030245373
0.0046782047
0.007660218
0.0027754665
0.005376427
0.0045682243
0.0036157945
0.0044526868
0.0024424288
0.0045582466
0.0036989546
0.004307871
0.0014536304
0.0030731666
0.004277394
0.0032612775
0.004262138
0.002708908
0.0035833714
0.0057943733
0.010996935
0.0035271533
0.0034348846
0.004958282
0.0036903664
0.0063696126
0.007802564
0.0058497093
0.006779863
0.008899143
0.0055323797
0.0077889594
0.0035638302
0.0022589322
0.006719214
0.004177403
0.005791466
0.0032078112
0.0026985663
0.00312098
0.0033366785
0.0027261449
0.0049064537
0.0063786064
0.008391869
0.009439276
0.0066044987
0.0075518987
0.005633405
0.014559585
0.0063653765
0.008109544
0.0062589613
0.0040037567
0.009961024
0.008964615
0.009311388
0.009312269
0.006483522
0.0065925606
0.0065588336
0.005989486
0.001914219
0.003885581
0.0032087148
0.004077175
0.0061688595
0.0032484087
0.005516796
0.011457443
0.011394034
0.012166242
0.011967175
0.014745603
0.009484205
0.008461421
0.0062113213
0.0076277894
0.0062507233
0.011040802
0.0073904633
0.008166193
0.010976213
0.015031732
0.008707371
0.013592997
0.011194835
0.009249294
0.0077812583
0.006459015
0.014474984
0.015135687
0.017294515
0.019509593
0.019393887
0.019356169
0.022932969
0.034170493
0.023882806
0.031201677
0.029176164
0.019534057
0.017236514
0.018950284
0.024116857
0.02002424
0.02385691
0.013923641
0.008634909
