0.0054021752
0.0054021752
0.0004269571
0.007347996
0.010689199
0.002222455
0.0064481595
0.006641569
0.009258107
0.002267623
0.016138518
0.005698529
0.005535159
0.012287811
0.009656378
0.009502165
0.005229638
0.007553074
0.006638228
0.0070232744
0.0072406656
0.0065501323
0.0057451134
0.013907816
0.0075341347
0.0051439432
0.008015855
0.008595421
0.01783618
0.003303801
0.007755495
0.0069748485
0.0035084265
0.0075537614
0.0107854875
0.00529313
0.0044371095
0.007030357
0.01388805
0.010830838
0.012365049
0.0066338675
0.011287804
0.010578819
0.007938465
0.01553467
0.013507802
0.010594551
0.010243979
0.00790813
0.011662126
0.0052883346
0.009542765
0.0043467144
0.016441112
0.0077533606
0.0044023157
0.014065884
0.0052645304
0.0064431177
0.010258839
0.012482529
0.011780158
0.018337114
0.0071750856
0.015447817
0.014713277
0.024475612
0.018649941
0.011959587
0.011434643
0.010543102
0.017790932
0.012995347
0.02313201
0.0079948865
0.016805558
0.007819927
0.0055844993
0.029803189
0.0044576866
0.013866734
0.01888621
0.029223677
0.009568429
0.012475885
0.00763886
0.013694248
0.016290842
0.014893952
0.010983141
0.0076056947
0.009925302
0.014108412
0.008904711
0.0116545
0.011486963
0.01746355
0.0070740874
0.0139655
0.009411195
0.011629582
0.009222955
0.012350686
0.012066068
0.010914937
0.0073023527
0.0065087276
0.0034828193
0.0055363625
0.004657458
0.0050755003
0.006691241
0.010466434
0.0044840253
0.0063837245
0.0042081876
0.009275798
0.012646268
0.00800377
0.0059923334
0.005954439
0.005654381
0.0047348784
0.0046161306
0.0052781072
0.0056500877
0.0017580055
0.005685956
0.0018957541
0.0025326125
0.0031211085
0.012712415
0.0062874486
0.001869306
0.0011161086
0.0031177115
0.00042480096
0.0039341943
0.0064615235
0.0033456085
0.0016544701
0.005041389
0.011361845
0.0029560253
0.0024232666
0.002160431
0.00432631
0.010280769
0.0026475023
0.008777569
0.0081918435
0.006716894
0.007484416
0.01800459
0.011374616
0.0075945235
0.0021138387
0.0012913216
0.00083721353
0.0034632382
0.0036477458
0.0053092204
0.0019454625
0.0014803356
0.0040460243
0.001238615
0.0011568882
0.0032967597
0.004927425
0.0071782167
0.0013587154
0.0017945494
0.002803111
0.0050633396
0.006296853
0.0061382763
0.008121314
0.0030235301
0.0021194876
0.0037275183
0.0055532707
0.00949793
0.010627932
0.007613245
0.0035683524
0.006855253
0.016079795
0.0064123007
0.014582108
0.008610452
0.009940956
0.00874861
0.00671065
0.0036563997
0.0019055186
0.0007424724
0.0048506884
0.005873668
0.0025243694
0.00887257
0.0073554437
0.009559424
0.007356663
0.010390834
0.019020742
0.0092862835
0.0030046653
0.01004666
0.010550601
0.011646611
0.012111324
0.010074393
0.0114043765
0.0091334
0.012441393
0.01952712
0.008083553
0.010307735
0.011502848
0.012116669
0.0042760945
0.01811481
0.014509049
0.0042383503
0.019325044
0.007237557
0.008719355
0.011384618
0.008896175
0.008758196
0.018900529
0.011717106
0.004711452
0.014809198
0.0069289184
0.007796585
0.011564707
0.0098198345
0.019599002
0.015624856
0.007905369
0.0033830183
0.0031366965
0.016006785
0.0049398346
0.003782157
0.009182166
0.007070103
0.010268462
0.00658858
0.0051659914
0.013935662
0.0032565065
0.010147907
0.009716219
0.01356879
0.007844428
0.008776282
0.005025664
0.015703663
0.009588393
0.004799843
0.005761443
0.011339394
0.0056387465
0.012965016
0.011154766
0.011604724
0.0069575417
0.014425213
0.012505194
0.009396969
0.0074870284
0.009707223
0.0069162506
0.012695779
0.0053333
0.014213778
0.0100213345
0.012322165
0.022576192
0.015794413
0.016373146
0.014004338
0.008142029
0.007604942
0.016440494
0.011431004
0.008488962
0.005980417
0.006631255
0.0032737625
0.0056193573
0.005598759
0.006565812
0.0019514398
0.0066981795
0.0013516298
0.0078116157
0.0016503995
0.002321714
0.005641379
0.0053454963
0.0028288795
0.001977126
0.006017269
0.002101425
0.008259424
0.018090889
0.011373442
0.0079376465
0.018341605
0.0096064145
0.0077185608
0.004325591
0.01500477
0.0046176054
0.0054536704
0.0071692313
0.0040859715
0.0039968733
0.0066674766
0.0032415648
0.010487367
0.0064782263
0.01001186
0.00835731
0.0042572217
0.006505889
0.004250832
0.0032705872
0.0046332097
0.0044923574
0.0022844248
0.016325682
0.0020764929
0.0052867793
0.018152313
0.0042048516
0.005359591
0.0020929305
0.008618411
0.0018578975
0.003622528
0.003659636
0.0050365534
0.0029564677
0.003331174
0.005204279
0.0039589196
0.006423808
0.009339413
0.0027276
0.0077277073
0.0041183555
0.0069330935
0.002597226
0.013891699
0.005884508
0.0036762313
0.005553209
0.008862674
0.008219281
0.0030315884
0.0030384718
0.0089263925
0.006338953
0.0018021306
0.0021889955
0.0015161645
0.011892347
0.0069551854
0.0034492963
0.0069594285
0.007358245
0.0013447439
0.004150353
0.09364406
0.088874385
0.079227425
0.006248969
0.007730138
0.005406599
0.0054410207
0.0060868114
0.011782876
0.0057137627
0.0033119058
0.006224529
0.010668878
0.009926319
0.0045637335
0.0051883706
0.004334376
0.0039091287
0.0029572668
0.006125841
0.0019385209
0.0062901853
0.0060295723
0.0045863674
0.0071085007
0.0021991725
0.00933939
0.007237501
0.0017684407
0.009214564
0.011228749
0.003144934
0.007783961
0.007775322
0.007843331
0.009948894
0.010140123
0.006505269
0.016192874
0.009057334
0.020348964
0.008278869
0.007398036
0.017410053
0.006877023
0.0033807151
0.0070522022
0.009646116
0.010539287
0.010722467
0.00449311
0.0027214347
0.0068497104
0.020497497
0.008965689
0.0072050835
0.0018323099
0.0055386797
0.008948259
0.0068773287
0.0044272174
0.002683523
0.006431622
0.009365965
0.0061051324
0.0052329376
0.0038972634
0.012225909
0.0066372966
0.007107004
0.011075727
0.005061965
0.007158601
0.010089603
0.0043835673
0.004988471
0.009741375
0.010706407
0.013518776
0.010084641
0.014923244
0.010100051
0.011799691
0.017560462
0.010876268
0.008901214
0.015369902
0.006412067
0.0137201175
0.007766411
0.006866814
0.014520126
0.010995195
0.008275076
0.0050994274
0.005281656
0.006289885
0.005856592
0.020161666
0.014539144
0.0074861585
0.011288121
0.0074834316
0.012344557
0.013025184
0.011248116
0.013545983
0.010360635
0.018156936
0.016372275
0.010289993
0.008097827
0.019781489
0.024557857
0.022965645
0.019489402
0.020622035
0.017669648
0.019572567
0.024791809
0.018419985
0.02176358
0.015237152
0.019066934
0.012118671
0.010637429
0.022404283
0.027527066
0.024423381
0.025254624
0.016446156
0.020719746
0.023069229
0.023707092
0.019143058
0.026201617
0.033412546
0.020351069
0.02440725
0.023597365
0.03195256
0.025410827
0.027312813
0.03475007
0.029379182
0.030743336
0.030942434
0.0310913
0.027499642
0.019707294
0.02227435
0.018613428
0.02140073
0.019278178
0.015067914
0.0153977955
0.01966657
0.0099398615
0.009526774
0.014580131
0.0047629243
0.017525146
0.014641847
0.0060942885
0.00079760264
0.0042610015
0.002677431
0.005858786
0.0046448433
0.003194222
0.008328777
0.0029395823
0.0027379752
0.0035500524
0.00568544
0.009762647
0.0009493869
0.0036287603
0.0061383466
0.002094029
0.004494024
0.0019450258
0.0077469586
0.003918226
0.004230838
0.0065749004
0.0071032285
0.0045988713
0.0050184634
0.003234247
0.004128234
0.0022286514
0.0025452073
0.0043397234
0.003654611
0.008910631
0.0027373077
0.003324445
0.0016647892
0.0008668352
0.00033680449
0.0014729067
0.0023457913
0.007013054
0.0005891892
0.007943921
0.0074539236
0.004760595
0.0030736674
0.0062337294
0.0020696982
0.003177678
0.0054461416
0.009292171
0.0104716355
0.0077008116
0.007457442
0.011077575
0.008906196
0.010552333
0.017983846
0.011523024
0.0038317011
0.009165868
0.0150420135
0.016800256
0.011842844
0.0043209656
0.0080062095
0.011235283
0.012141414
0.011236217
0.013969541
0.005589288
0.015682194
0.007577783
0.004467859
0.010032446
0.011255854
0.00847798
0.017165916
0.0135469735
0.006924582
0.02069645
0.013048143
0.013964919
0.011423732
0.010553203
0.01564618
0.010995166
0.0063668303
0.0035824927
0.01741196
0.0042963377
0.0068869065
0.0056628594
0.00663427
0.010568542
0.006520238
0.02309433
0.0040290332
0.007824169
0.01928841
0.011610357
0.014652178
0.0075071896
0.0040703556
0.005465536
0.0035673196
0.011599108
0.0035191171
0.0073277405
0.006645382
0.00273697
0.0079664895
0.0027555989
0.0027129087
0.0057290327
0.0038076232
0.0044372645
0.0039086584
0.006182036
0.0010835172
0.004357718
0.0055304104
0.0038571504
0.01295034
0.002874704
0.008017427
0.0032230949
0.008333958
0.005467503
0.004038859
0.010823841
0.007120379
0.006161168
0.003927859
0.0020617086
0.01559326
0.0074182595
0.012246566
0.012459579
0.0070161424
0.0074585597
0.0070006154
0.008776587
0.004012906
0.009153066
0.0021784892
0.007956808
0.009550156
0.0032802338
0.0041700685
0.0014699392
0.004318919
0.0006546139
0.0034255541
0.0029367104
0.0068695056
0.0019533026
0.0024589442
0.0027372069
0.0045452407
0.0062042386
0.0058561782
0.0025505421
0.006940519
0.0062400517
0.0028232585
0.0034381698
0.004595942
0.0043028975
0.012657505
0.0055717453
0.010788181
0.008724706
0.0036669474
0.0017062002
0.003358856
0.00430616
0.005035214
0.012219717
0.0038717233
0.007613503
0.01306962
0.0027916562
0.0054667788
0.0088864425
0.017027767
0.0077928114
0.005297669
0.006479339
0.0071847993
0.006523062
0.011380144
0.012216911
0.0063262368
0.007398831
0.014053271
0.008280419
0.004799057
0.00903408
0.0016763629
0.012032438
0.004946213
0.0038187352
0.010454731
0.009165743
0.009784851
0.0082411785
0.005213213
0.0034924524
0.005969204
0.0030151515
0.00765132
0.0068088924
0.0105360225
0.014086056
0.009248262
0.012104104
0.007286358
0.00627673
0.00880753
0.0045504095
0.0039109243
0.005274864
0.005323777
0.003739795
0.007698473
0.005789457
0.003873985
0.008824009
0.0005082142
0.004774907
0.0033032314
0.0021816522
0.0023535325
0.004169921
0.008057979
0.003586822
0.005225631
0.002274369
0.012662188
0.0076519805
0.004866755
0.006038092
0.0026169994
0.0021939895
0.010856641
0.0063645323
0.0091810785
0.0031835933
0.004438598
0.0028373827
0.005311646
0.00776671
0.0043988233
0.0116020255
0.0040443037
0.0028411082
0.0023787294
0.004349267
0.009944202
0.0017191179
0.0048509324
0.01405124
0.0027762332
0.010014404
0.0072099096
0.0052704127
0.005083097
0.006921752
0.0049874824
0.00841093
0.015656587
0.015474324
0.020433532
0.008956605
0.009391752
0.006482682
0.013732706
0.0052911364
0.014581568
0.008533985
0.010934634
0.011548722
0.015529332
0.014797044
0.0026639504
0.005358866
0.013053915
0.020869179
0.005477526
0.009407359
0.0070646456
0.009280522
0.009964334
0.0026250375
0.005649337
0.015889172
0.007972678
0.0070652445
0.022210078
0.007380971
0.00923139
0.008190231
0.016175237
0.01397763
0.014592843
0.005746163
0.0046840934
0.004511742
0.006321172
0.008745368
0.007248718
0.0032831219
0.012970682
0.006312951
0.01005775
0.007551704
0.007828857
0.009003387
0.0177109
0.008345366
0.013842191
0.010861266
0.016032996
0.0071572564
0.014896589
0.0131434845
0.016370237
0.014277462
0.018091904
0.018742163
0.02175419
0.020550115
0.019628175
0.013678138
0.012809689
0.0127850985
0.004722636
0.008094953
0.012655738
0.010050696
0.009099439
0.0068737078
0.008986864
0.010695669
0.008114901
0.0041306447
0.008930418
0.004443064
0.005285003
0.008025384
0.006021026
0.018933138
0.006371546
0.0049504
0.0068191616
0.006454051
0.02065291
0.004716271
0.0076656626
0.008013716
0.008747382
0.008257453
0.008365615
0.007254766
0.0037353893
0.004237033
0.0064918697
0.0065001105
0.007509722
0.00906307
0.004246074
0.002114081
0.005705958
0.009229937
0.0059291557
0.014319674
0.0041309986
0.002066894
0.00901076
0.013872892
0.011040684
0.0062213363
0.0060573914
0.022667358
0.0051416853
0.0065805498
0.008156182
0.0077812453
0.0032027022
0.010018769
0.008275193
0.0074984045
0.0058966363
0.004367797
0.0024161022
0.0033162308
0.0023149578
0.009585728
0.005933439
0.008570323
0.009586953
0.015522744
0.008985179
0.0037274493
0.008253985
0.008814781
0.0040451675
0.017448243
0.0027568063
0.0027898932
0.0018704378
0.0038217606
0.006006595
0.012580975
0.010945171
0.011059967
0.011942187
0.004480479
0.008831558
0.005316975
0.018705836
0.0044922964
0.0075526345
0.0052764537
0.008204787
0.0061574313
0.0036307343
0.005681158
0.0023506898
0.0121690575
0.004116968
0.0049581
0.0054734275
0.013644724
0.011225534
0.011286945
0.006252021
0.010191534
0.005416399
0.008862277
0.0039980314
0.0027313347
0.001394199
0.0062957327
0.005242809
0.005988809
0.011425947
0.007645954
0.008120454
0.010119519
0.01708694
0.015148365
0.009603984
0.011623537
0.013684679
0.0122783035
0.008326382
0.004165705
0.019039424
0.007515973
0.005506219
0.009110156
0.007314041
0.011065056
0.014614622
0.008306828
0.011042896
0.011640456
0.009273656
0.009971338
0.017830467
0.012864706
0.0065579936
0.005169689
0.0027673885
0.016009917
0.008152076
0.00823164
0.00553002
0.008755188
0.008986891
0.006222931
0.009030606
0.009775189
0.0097730355
0.008816219
0.00915583
0.011234278
0.010845145
0.0038929766
0.00769667
0.004384996
0.016518356
0.013518955
0.015083053
0.0071236766
0.014560231
0.0075368104
0.007182415
0.009341602
0.005840721
0.005786423
0.007253314
0.0045029055
0.011638408
0.007918192
0.0064192056
0.008787168
0.0032013005
0.005361803
0.0114375055
0.010930009
0.012163816
0.005506829
0.010636245
0.008231994
0.027199207
0.011390996
0.018168747
0.013964883
0.006429657
0.012865363
0.02009843
0.012146643
0.014362481
0.011543708
0.01743393
0.016063984
0.012975067
0.028141912
0.016938996
0.020498095
0.29019177
0.3026365
0.22493091
0.16369046
0.24775824
0.21742162
0.19981498
0.23131265
0.1624019
0.21460864
0.2741654
0.26851183
0.29182538
0.18704446
0.2605463
0.34084308
0.2635077
0.20776774
0.25067478
0.21705005
0.244125
0.21512659
0.28932795
0.1828285
0.0904358
0.18523067
0.31760144
0.21702094
0.22245654
0.15358396
0.21666539
0.27004725
0.3382325
0.28853613
0.37016597
0.37264824
0.36566132
0.40252417
0.33926892
0.37376052
0.42467493
0.27699122
0.47734696
0.4755596
0.3489761
0.3978801
0.4320384
0.37859428
0.4922101
0.44247794
0.45260623
0.31955314
0.38155282
0.46242797
0.31419492
0.21528515
0.41193977
0.40685424
0.3968419
0.48504907
0.38150853
0.40188107
0.3444226
0.3492471
0.4948252
0.33235833
0.37201893
0.33314356
0.45426896
0.3695358
0.41950905
0.4639269
0.2732031
0.45459616
0.33939132
0.46007943
0.43518448
0.43807366
0.44451374
0.48530152
0.51542723
0.5476477
0.3684381
0.5197714
0.5485766
0.44678837
0.41957605
0.41013607
0.48941734
0.38396093
0.673593
0.60863936
0.44957727
0.5706976
0.5626246
0.6759636
0.6532589
0.60188067
0.6754716
0.52174205
0.771499
0.58306193
0.7543574
0.5363992
0.5135048
0.7391422
0.7350805
0.76062644
0.63089615
0.7598094
0.54900295
0.6368913
0.47454777
0.64027953
0.502053
0.4985042
0.6623333
0.4563122
0.6837329
0.6239
0.5622836
0.71289474
0.9089663
0.6611652
0.52987117
0.59606105
0.797995
0.6689383
0.6926752
0.55238765
0.060035963
0.0660236
0.058282122
0.06344478
0.054977514
0.06831132
0.06468075
0.059160978
0.052383196
0.060676534
0.05896015
0.056362104
0.041941814
0.04277302
0.048480127
0.044172183
0.038449626
0.039835166
0.040166013
0.051376075
0.030806595
0.025207037
0.033825822
0.036597658
0.023699204
0.018181045
0.02418368
0.010230635
0.028156834
0.018552516
0.013529716
0.009838993
0.023762507
0.012292512
0.011481435
0.009252487
0.020645004
0.01366248
0.015302029
0.018490415
0.010676991
0.013683116
0.023323465
0.0062419544
0.014960711
0.01229287
0.014656246
0.024691692
0.011637521
0.013981059
0.012970237
0.011749767
0.01726911
0.026530853
0.0056382264
0.011834461
0.011011577
0.019873917
0.009385442
0.006848225
0.008034408
0.0073951664
0.008454594
0.0075969263
0.007319638
0.017215522
0.005085756
0.01046494
0.00885642
0.014064887
0.015146091
0.013930004
0.026519757
0.026334273
0.017927196
0.016113484
0.016679995
0.008216587
0.013759962
0.015678251
0.0062571773
0.0054757735
0.005754471
0.008188662
0.003247278
0.005409444
0.0053330627
0.0062850337
0.005127151
0.0056063076
0.006436988
0.01399037
0.0016875833
0.005313817
0.0070471955
0.003515104
0.0017310947
0.006046905
0.0031939924
0.0010328302
0.0085111605
0.009239709
0.004239877
0.006646161
0.0024598413
0.018762192
0.0034393098
0.003048295
0.000831268
0.005211785
0.0052712825
0.0019148919
0.0033038731
0.0017723229
0.008061425
0.0060011465
0.0038518382
0.008570186
0.008734043
0.0047624684
0.009706886
0.003063965
0.008901247
0.0031998798
0.0052639376
0.0016816859
0.00635609
0.0028320004
0.0034775662
0.0020934278
0.0016484801
0.004402131
0.002970452
0.0069288933
0.0029221475
0.0017271196
0.0020083159
0.0025110322
0.0035513246
0.0068980292
0.005399224
0.0050104083
0.007865367
0.0038516123
0.0037816155
0.0071097924
0.0031992982
0.007746766
0.003681088
0.008921101
0.0029243506
0.00726929
0.009539152
0.006674418
0.0075842137
0.017698802
0.017367825
0.00813411
0.0022524328
0.0050713494
0.0049887095
0.0075819367
0.0067149717
0.012771486
0.00584891
0.008220062
0.009496264
0.010511529
0.009716753
0.012791354
0.011760311
0.010424246
0.006704154
0.010295057
0.014880897
0.009312716
0.0047957683
0.008462055
0.00994842
0.0084177675
0.023787979
0.014729812
0.01414309
0.0091982065
0.010324587
0.01037381
0.01030177
0.014280276
0.0077094943
0.009431772
0.015490227
0.005109308
0.006523742
0.0073090564
0.0066963164
0.00779233
0.009522707
0.008453163
0.0030430548
0.01019781
0.0048210346
0.006099389
0.007389856
0.019396408
0.013657083
0.004992513
0.00797076
0.011029176
0.0123289535
0.007801254
0.0095181875
0.0040066564
0.007758997
0.009353304
0.010592208
0.01769043
0.018678134
0.007964749
0.015697645
0.011628161
0.021726344
0.0069227624
0.0067798123
0.004224175
0.0060440693
0.011314144
0.009072763
0.009790755
0.008191731
0.012236676
0.012934635
0.011885702
0.022029014
0.015348547
0.013621478
0.009300687
0.010748159
0.008898583
0.018785166
0.01743394
0.0104628205
0.013503608
0.0066329334
0.008636646
0.014994706
0.008444136
0.008414561
0.010083513
0.01319591
0.0151732685
0.017544175
0.007434984
0.0083436165
0.007835248
0.012584559
0.029900938
0.01615062
0.01129171
0.011851676
0.018380117
0.0062977914
0.0061371657
0.0039349818
0.0039701667
0.0047118305
0.0030490428
0.0071154567
0.0066428958
0.007855956
0.004709113
0.005338489
0.008940283
0.0044931876
0.002417465
0.001974232
0.0010778117
0.0067852833
0.0023289917
0.0032842827
0.0076783733
0.006378304
0.0048760404
0.006519993
0.0019807576
0.0069877305
0.005140115
0.009478367
0.0022509745
0.016283952
0.003376641
0.0054832725
0.002250063
0.0074269795
0.0053309975
0.0025007974
0.0
0.002049544
0.001048703
0.006209312
0.0019161887
0.009058308
0.0048457696
0.0034292259
0.0063029276
0.0041149943
0.00731439
0.004908654
0.004748242
0.004409491
0.0070323343
0.002213365
0.015890019
0.0029613276
0.0078026257
0.0049027186
0.0068282275
0.0072224815
0.014802783
0.0043258485
0.0065423553
0.0030670397
0.0034647847
0.011215417
0.008300147
0.0040546553
0.0053858547
0.007725542
0.003304797
0.0058265342
0.002194767
0.004111711
0.008694209
0.0012016641
0.0011190884
0.0058102645
0.003826034
0.011486154
0.0032321585
0.0016787555
0.0046479995
0.0071892594
0.008992454
0.013508357
0.01953408
0.014195323
0.015875265
0.010627399
0.011908757
0.015049207
0.00683224
0.014434782
0.01066072
0.009619099
0.009065586
0.007415457
0.010889145
0.010741104
0.014059946
0.014124701
0.0145577425
0.014188745
0.016157655
0.01351767
0.007354803
0.02169502
0.014023077
0.017513758
0.010049039
0.003267729
0.0013334749
0.0015618668
0.00647416
0.002966221
0.0050985864
0.006442628
0.0053065815
0.0060490607
0.0029636314
0.0095693115
0.007233461
0.0049141822
0.009612431
0.0057124537
0.011001729
0.01671653
0.004350694
0.015728788
0.0082064625
0.0033971604
0.0077044223
0.013610293
0.0049322867
0.00494483
0.0041208966
0.0063793007
0.0073359176
0.0094781965
0.0065361867
0.0053055175
0.0074446336
0.0048024333
0.009347249
0.0107908435
0.008101684
0.013230857
0.0063111978
0.015416401
0.008937884
0.008031269
0.0129469335
0.01981157
0.008700989
0.017200418
0.0025919075
0.0110498695
0.0038250901
0.010718773
0.011056694
0.011050916
0.018879559
0.004541595
0.00575397
0.006875359
0.014640748
0.008544221
0.007345271
0.00857636
0.006500418
0.012597782
0.010148514
0.0030960108
0.014051465
0.011953677
0.016015666
0.007937322
0.015851207
0.015033354
0.025846668
0.009900664
0.007592428
0.00713304
0.012580398
0.010970287
0.014873919
0.007418929
0.0085557485
0.013850538
0.00030564523
0.005418872
0.004518118
0.004121667
0.011761604
0.0053265523
0.0045118774
0.0071458085
0.008406331
0.0072018406
0.011655938
0.004732059
0.0054066293
0.014314573
0.006246348
0.014115823
0.0030529483
0.010967035
0.012046515
0.011237326
0.02451603
0.0099086715
0.012033391
0.008990061
0.014622856
0.0039431853
0.005977946
0.009972478
0.013453395
0.008331367
0.009955989
0.008016125
0.009272535
0.0040086964
0.0027548342
0.005399634
0.0053007635
0.005576353
0.00446591
0.00079813047
0.0046768193
0.009341557
0.006549884
0.012442793
0.004516038
0.010398545
0.0071638054
0.0039995527
0.0034275695
0.00425831
0.010964219
0.0042114034
0.012921398
0.0030818682
0.0065476517
0.0104047265
0.005427033
0.011500314
0.006255557
0.003929717
0.008924583
0.0024973638
0.0054443083
0.0131443115
0.01028266
0.0066971267
0.01027802
0.0026430255
0.0076274923
0.0032484236
0.008312663
0.008261787
0.015956229
0.0035715152
0.0033937793
0.0042779627
0.0053586075
0.0023890557
0.010502438
0.0039510457
0.005318941
0.0025742361
0.01955551
0.0038262277
0.0016299842
0.0022778783
0.007506504
0.012134971
0.0048452294
0.0016175483
0.0034089556
0.006712198
0.0036893187
0.0025740194
0.004626212
0.004748797
0.0064026588
0.005906697
0.0035922106
0.0047997534
0.0065882104
0.0074530696
0.005451476
0.01033001
0.003068323
0.005525915
0.0054204823
0.0050939447
0.012134929
0.008883511
0.008568691
0.0046097795
0.010950604
0.004468509
0.011007198
0.0026359283
0.003525695
0.0035319848
0.0044144993
0.0052261096
0.007221688
0.008376461
0.009559911
0.0041651046
0.0045073275
0.008229148
0.009313012
0.009499137
0.010929074
0.006445158
0.00668948
0.007644447
0.0071089654
0.0068765604
0.009286692
0.0100434525
0.011400716
0.0035784284
0.007568671
0.0025635124
0.0018978247
0.0078068846
0.010143308
0.0069704647
0.00955347
0.0044175275
0.009307302
0.0069351415
0.0051128403
0.0059918724
0.010072777
0.0073787044
0.009919842
0.007580726
0.011555631
0.011074386
0.012573009
0.0078117787
0.005920976
0.010390808
0.013855272
0.0042339372
0.004660838
0.0034497825
0.0063317465
0.003000165
0.016820347
0.0033083379
0.0072073764
0.002821689
0.0035898036
0.0076588676
0.006666452
0.0031292487
0.0064693564
0.006650729
0.0031934215
0.003797021
0.006636069
0.00425681
0.0068230475
0.0097729955
0.011183593
0.0055097323
0.004083368
0.0039520506
0.008306264
0.008679859
0.0037701388
0.012947391
0.005316643
0.00514877
0.0079213
0.0057234876
0.0044564055
0.009396697
0.0048344675
0.0030768772
0.0017978249
0.0036902276
0.01589231
0.0065752403
0.0042811986
0.004816234
0.0061287056
0.0046639415
0.0060739433
0.0075376513
0.004117561
0.0022494735
0.01048446
0.0046505607
0.006801598
0.0067616203
0.0072659594
0.005138438
0.00569073
0.005975804
0.0035857882
0.0024053347
0.0024970588
0.010638276
0.0053174687
0.0009154921
0.005714297
0.0035743855
0.0013769469
0.005359143
0.0026433726
0.0027592648
0.0023704336
0.005676732
0.0049917973
0.003819152
0.001826165
0.00810646
0.0028161872
0.0032404277
0.009418629
0.0014568858
0.0020908418
0.005120325
0.006647814
0.0039086817
0.0051185694
0.0095559815
0.0070890062
0.0009560965
0.0022081179
0.004415749
0.009874635
0.005992048
0.0049651894
0.002949087
0.0056987866
0.0040311217
0.0030692655
0.0064753126
0.0076024276
0.0026800951
0.0042981794
0.0070654913
0.00545365
0.020602318
0.0054881745
0.0029870123
0.00967855
0.013044922
0.005428347
0.0046636746
0.010821648
0.009203347
0.012350008
0.0060451026
0.0033091719
0.004152059
0.0024321177
0.0067883004
0.0052709053
0.008789957
0.0018016736
0.0066216136
0.006016996
0.0102194045
0.010001043
0.0036791188
0.008485361
0.011676286
0.0016485103
0.0063332072
0.005718113
0.008855607
0.024563767
0.0076297917
0.012884551
0.004952291
0.00593541
0.007445915
0.003602838
0.010586258
0.009758569
0.009483766
0.006694536
0.010376747
0.011559106
0.0029878686
0.0074805166
0.0072718714
0.0047424636
0.009765102
0.018232064
0.010206178
0.009804903
0.0066362526
0.008274153
0.0072864317
0.006809274
0.0035239796
0.007706717
0.008573252
0.009983478
0.007194216
0.004861743
0.006284221
0.005030468
0.0031334145
0.0042712814
0.00843473
0.0034123778
0.011485281
0.003780478
0.003354065
0.001902398
0.0087094
0.005958556
0.0036754927
0.00040131825
0.0010580169
0.004303461
0.0018275259
0.0012945426
0.009108911
0.005301552
0.005021534
0.00564901
0.0044961236
0.0058402754
0.011445926
0.0050612604
0.005685485
0.0046570324
0.011803463
0.0077806017
0.0037857594
0.0057805236
0.009376386
0.010959711
0.015655676
0.010839899
0.006700369
0.013731285
0.008862633
0.016065598
0.010268368
0.01204543
0.009812848
0.008884936
0.010294569
0.008211429
0.008791567
0.012305747
0.017888632
0.019798674
0.016907088
0.011488754
0.01997127
0.016218876
0.012910747
0.010771345
0.009343324
0.010049187
0.0091832755
0.01409067
0.012259475
0.007753736
0.0028377566
0.00314926
0.00930028
0.02216797
0.0084148375
0.012334192
0.0039326614
0.0031704262
0.015431701
0.0039856387
0.009102818
0.013477494
0.010449957
0.013576168
0.0109983515
0.01607835
0.010955014
0.014051829
0.008993048
0.0080029685
0.0041373367
0.0051217503
0.0071689053
0.00963237
0.005825608
0.013785122
0.008522541
0.00848729
0.007076639
0.0051944084
0.0047398037
0.010068012
0.004880668
0.0141881835
0.008063819
0.010043393
0.014719564
0.0029882486
0.048783716
0.062696286
0.036091205
0.033463877
0.04318275
0.042691827
0.03653403
0.047578968
0.021839255
0.02576176
0.052381173
0.041761767
0.06644378
0.051126517
0.051511984
0.043310482
0.05850431
0.061779965
0.079295754
0.084054336
0.058406867
0.075150505
0.07273453
0.07129124
0.07020339
0.034545336
0.06772063
0.12396456
0.040775336
0.05884117
0.0625482
0.040736597
0.06988655
0.2164275
0.21364133
0.2632994
0.18604158
0.18404306
0.24633305
0.25640503
0.199251
0.21509463
0.2533077
0.12930572
0.12368392
0.19050483
0.10919476
0.15497138
0.1809198
0.15918072
0.1495666
0.16251896
0.1848941
0.24895613
0.28897715
0.3152896
0.20913492
0.2480664
0.20561926
0.2863107
0.33617118
0.31018043
0.3542807
0.33025283
0.4356873
0.46378374
0.25898975
0.38759232
0.49243507
0.37070975
0.42835307
0.4032069
0.5067987
0.40786576
0.38569516
0.3520914
0.4073545
0.32840762
0.3211008
0.24576457
0.38246873
0.29578334
0.4359819
0.2901892
0.47655663
0.41058135
0.5550595
0.46415603
0.69925934
0.5257854
0.32889697
0.41084304
0.08317641
0.08055453
0.06573495
0.06187712
0.053242538
0.064349934
0.056327265
0.049015988
0.060739715
0.043258112
0.042680442
0.038313616
0.03268959
0.031992584
0.032383
0.02986356
0.032600995
0.035411403
0.02254021
0.024127318
0.017202185
0.021973012
0.017901294
0.016904779
0.011453014
0.008329475
0.007218
0.0062405053
0.0039220834
0.00184292
0.004328756
0.00781776
0.004216961
0.0046775844
0.012408663
0.0068753054
0.014527046
0.0068914373
0.00961415
0.00676189
0.0025481326
0.0027328099
0.017584285
0.009111405
0.010458254
0.0061043287
0.015622665
0.007912082
0.012077241
0.010591504
0.014548624
0.013122182
0.01580194
0.023674807
0.009665961
0.0101451
0.009456453
0.007527607
0.0046981536
0.012890177
0.022918876
0.006134441
0.013005516
0.005505317
0.019307842
0.013623541
0.027625069
0.015425977
0.016682858
0.009378796
0.01737124
0.01884044
0.0101663405
0.019396666
0.025987528
0.004484156
0.008646954
0.012245029
0.010858643
0.011509889
0.025118565
0.013905344
0.012027958
0.01640419
0.012299547
0.021998072
0.022214113
0.01919158
0.019073872
0.017772539
0.013703711
0.024373557
0.01266167
0.013637267
0.018821625
0.025639948
0.035833064
0.018904777
0.023167055
0.0210737
0.01813828
0.038684413
0.043022998
0.042468943
0.029700967
0.02160627
0.04273062
0.02586742
0.024652144
0.035175186
0.025611967
0.03053935
0.037557174
0.05458713
0.029733438
0.031801466
0.045044918
0.036026385
0.02578488
0.07337069
0.048872717
0.056139905
0.022755785
0.039380793
0.02529611
0.015846964
0.026207326
0.028943662
0.01928765
0.018967532
0.023004984
0.017350983
0.019244406
0.011293786
0.007972225
0.008247708
0.019200047
0.010545915
0.011861328
0.017218744
0.016861035
0.02518243
0.012697853
0.030504884
0.009497206
0.017123245
0.015799679
0.013737656
0.019501843
0.013784329
0.02076056
0.02214863
0.01135037
0.014621349
0.007888506
0.0101339845
0.009080836
0.009334116
0.015487664
0.009175731
0.009851346
0.007338486
0.01799755
0.008849618
0.004142554
0.0047117854
0.005634497
0.0058665792
0.0067561404
0.009708283
0.0048258756
0.0060788663
0.0070162737
0.005920418
0.005926098
0.0095994575
0.007994687
0.006651153
0.0036814746
0.01343585
0.01157616
0.0036666335
0.00626004
0.012870941
0.006058647
0.012999636
0.006182395
0.008495094
0.008926595
0.00551673
0.0086044455
0.007212559
0.0045175836
0.010601083
0.0025825254
0.004971224
0.008945218
0.006118322
0.010520013
0.004079213
0.0073647075
0.015233173
0.010125626
0.0064270278
0.012429013
0.0020108891
0.0010912209
0.0067451503
0.010665112
0.0045881113
0.0009403157
0.004049572
0.001649743
0.008959203
0.006904423
0.01887653
0.0047099213
0.015384982
0.018923145
0.011290561
0.0036782834
0.0056877583
0.002692242
0.0030251208
0.007875731
0.0032376132
0.0050849505
0.016581725
0.0040862537
0.0065566455
0.0050972993
0.0029544884
0.009094761
0.007260836
0.00507031
0.0087862825
0.01272503
0.005158663
0.006695163
0.009222445
0.0058208895
0.0054803025
0.0077443193
0.0051315436
0.0046138386
0.006916532
0.008575506
0.00812738
0.006095713
0.005534016
0.011648148
0.0069326726
0.005483134
0.0072543113
0.004705776
0.007104904
0.0070311693
0.0058941655
0.007935272
0.024209477
0.015980007
0.0099905
0.005471844
0.01142312
0.0017348744
0.0036954207
0.0024883738
0.010323128
0.011581624
0.008120871
0.006491443
0.01211647
0.012415638
0.0060387123
0.0052346513
0.007671883
0.0029188776
0.0060734428
0.013562331
0.015574
0.010141092
0.0072333147
0.012342883
0.014379935
0.0066545974
0.0052124197
0.007802199
0.0060193157
0.0063335896
0.009161227
0.01274093
0.007219926
0.013452194
0.011323985
0.009699862
0.010250911
0.012817958
0.0070316554
0.015359304
0.019880896
0.009895497
0.0100316275
0.013167382
0.00894086
0.010919741
0.011502797
0.008309253
0.011985082
0.0067026434
0.007889284
0.009183214
0.003475859
0.007373963
0.0080381315
0.013400214
0.009185495
0.010725625
0.013772752
0.006768257
0.009746764
0.012062763
0.014864826
0.011296929
0.019427449
0.010012669
0.017844534
0.017334618
0.014130341
0.018846232
0.010463031
0.012055668
0.012840089
0.009674035
0.012404059
0.011577074
0.00653672
0.006461433
0.0073638908
0.006005914
0.006642404
0.0029775293
0.0042632567
0.0070559294
0.010829057
0.003601204
0.010106771
0.005897925
0.0074086324
0.004719269
0.010913368
0.0044714655
0.0044337125
0.0034154004
0.0013942849
0.008262612
0.0021153134
0.0017410431
0.007767636
0.0023794544
0.0039741853
0.00382322
0.0033002042
0.0024765024
0.008437252
0.0008042631
0.005002035
0.0021739677
0.008788578
0.011649356
0.0045041475
0.0042982837
0.014641263
0.0025663914
0.0074708643
0.011629357
0.0035549442
0.005944937
0.0019844144
0.003811552
0.006112002
0.0027920976
0.008975896
0.005262608
0.0033832921
0.0070785168
0.011297806
0.006692779
0.0024151367
0.006853323
0.008865772
0.004076726
0.002197834
0.0011898156
0.0057612406
0.0046982314
0.005575719
0.011109049
0.010959086
0.006269832
0.007884541
0.006864448
0.018514184
0.014732937
0.015022612
0.012339281
0.012072772
0.01853301
0.015233035
0.012710325
0.01355656
0.019760914
0.010395513
0.008590097
0.021541117
0.017270336
0.027897192
0.020966707
0.01173952
0.01862605
0.01210471
0.0072306297
0.006308594
0.014414694
0.012971525
0.0038437878
0.009983258
0.013857788
0.015701389
0.02222168
0.010277987
0.018183004
0.010341304
0.010893913
0.019424269
0.010038513
0.023641162
0.025611581
0.016673783
0.018772844
0.010054614
0.020968948
0.0149839325
0.016105542
0.016335268
0.010092094
0.018580336
0.007933473
0.004211817
0.007501923
0.008575166
0.0045875353
0.019710962
0.0095780445
0.006469599
0.012117412
0.009837499
0.0043457737
0.023162575
0.008280621
0.0030378697
0.013043173
0.014152842
0.020351691
0.012368032
0.004762238
0.009869696
0.021826407
0.0072476887
0.01257055
0.009856682
0.0067121186
0.010045973
0.004772234
0.0027034546
0.0040161875
0.00784441
0.008655793
0.01085467
0.012266414
0.013214445
0.009361041
0.004883675
0.0025396794
0.0058259927
0.0037276407
0.003729175
0.0076335906
0.00874367
0.002726224
0.002440504
0.0029569909
0.00094870495
0.013102919
0.0035841109
0.0077789403
0.0045981333
0.0013268478
0.0033805112
0.005820826
0.0059534465
0.0037345595
0.005932816
0.0034273907
0.0041339644
0.003919072
0.0043952544
0.007902462
0.0030556053
0.005735969
0.0067374757
0.008595887
0.007270613
0.00519267
0.0077220662
0.0028006074
0.0031214694
0.006551434
0.013036454
0.007059624
0.0028276392
0.0044142497
0.004352231
0.0069258423
0.0028963916
0.0027470498
0.005183954
0.0083622765
0.0125372205
0.0036307683
0.0021804066
0.0014016482
0.0035280164
0.0029092927
0.008029068
0.0028646959
0.013776945
0.0062378715
0.0047576716
0.0031758638
0.006422428
0.0040667434
0.0030067756
0.004140267
0.00371203
0.0060081985
0.006166741
0.007596795
0.0045983717
0.0031852408
0.004526029
0.0060989503
0.005425016
0.0073781596
0.0078074974
0.008872614
0.0071130865
0.008602045
0.006626797
0.0053811073
0.004911518
0.0051540947
0.009850212
0.010515189
0.005690364
0.005127871
0.0033689637
0.008433619
0.0063635567
0.0038555495
0.0022315735
0.011173611
0.0096659195
0.004367501
0.005679452
0.0051609203
0.0027441084
0.005391315
0.008097666
0.012484433
0.0108042555
0.007933867
0.0072472314
0.004690092
0.0053695226
0.011947909
0.0053803995
0.0076445597
0.0060276436
0.0053890203
0.0075448216
0.0040577147
0.0064510438
0.007919071
0.01089195
0.0044795726
0.008707046
0.0134150395
0.008665145
0.0061236843
0.0069773044
0.008049591
0.006693447
0.0060655004
0.0057456596
0.011025584
0.006984052
0.0071360446
0.0047578
0.0027323137
0.0027272527
0.007271012
0.0024393697
0.0093289055
0.0046321745
0.004547668
0.007890777
0.008259643
0.0031148794
0.011202174
0.0039030567
0.008493103
0.0023547518
0.0021052216
0.0040795985
0.0016859507
0.0020797676
0.017429681
0.00857419
0.005478496
0.009036232
0.0073686107
0.012610097
0.011629142
0.011289899
0.0072079576
0.0063254707
0.008330751
0.0026123952
0.0032513004
0.01393607
0.0062424825
0.002927423
0.0059310975
0.009014173
0.009537701
0.009344745
0.004098464
0.012219476
0.009788992
0.010468831
0.008948069
0.018354038
0.007510696
0.009171607
0.010377619
0.0072178845
0.0042695734
0.012723078
0.0054728384
0.0070448327
0.01903105
0.006301512
0.004953005
0.0066387234
0.011416741
0.004315117
0.00353487
0.011023776
0.011769712
0.004603221
0.012492664
0.006433663
0.007013911
0.0151863275
0.011060018
0.011567576
0.007676776
0.012234183
0.0108429855
0.0055869813
0.006115591
0.007001854
0.0064793606
0.006784111
0.012397092
0.0048769014
0.01027131
0.011601184
0.008081106
0.012321698
0.016166233
0.010250617
0.01310568
0.009101276
0.013463732
0.01214882
0.007421348
0.011042882
0.012125482
0.012375657
0.013205553
0.011203696
0.008827898
0.0054740566
0.006930319
0.019030498
0.06539458
0.051250275
0.054026347
0.05279698
0.05157464
0.05150596
0.0074789147
0.011761579
0.010568664
0.018433258
0.019634202
0.0096246535
0.0074346135
0.011045165
0.006073089
0.0074609
0.0067177177
0.006789904
0.00223016
0.008906143
0.0044200453
0.014954424
0.0085903425
0.0069465586
0.0033257802
0.0029558926
0.0044300747
0.0030576524
0.009568339
0.004410166
0.013050404
0.0037403998
0.00971185
0.010249691
0.013665868
0.0084949965
0.008519887
0.013616141
0.011778433
0.009051139
0.0160004
0.011415242
0.01924262
0.012331475
0.008581933
0.017664662
0.0076984665
0.011299861
0.0054457095
0.014765271
0.003439144
0.0049539963
0.011643085
0.009909282
0.013652715
0.009756659
0.0065762424
0.0025270206
0.011852964
0.002132668
0.006641944
0.0057918676
0.0044212514
0.003214433
0.005284091
0.0023529911
0.0042143525
0.0017746566
0.0024019775
0.0016076793
0.007430156
0.006135313
0.004236449
0.003156632
0.00267338
0.0034851225
0.0029013867
0.004611086
0.006800405
0.0015546228
0.0036154997
0.0054280977
0.007082879
0.006286274
0.0056600734
0.00495672
0.0038486866
0.004270404
0.004312123
0.0066679236
0.003184844
0.005133424
0.0054422556
0.006136019
0.002604013
0.008740786
0.0039228736
0.0074692867
0.008750513
0.012273571
0.012394127
0.019822935
0.009227106
0.009833665
0.0077630165
0.009873122
0.00956672
0.004093864
0.005779526
0.004271557
0.0044781948
0.0044032806
0.0046820906
0.0056676874
0.00830734
0.0028075553
0.0043880334
0.008177812
0.006736169
0.008323689
0.008096803
0.006653019
0.005147138
0.002768865
0.004601451
0.0052916007
0.004008219
0.009895474
0.009089378
0.010389723
0.0064195557
0.0054129865
0.0071960096
0.012234889
0.0072628944
0.0067254025
0.010188647
0.012731752
0.01073646
0.0058319247
0.016465642
0.011427771
0.011346994
0.017007604
0.012896842
0.007603212
0.008779319
0.015268478
0.013033009
0.009612174
0.011682856
0.014155269
0.015622933
0.012003279
0.010958286
0.011861221
0.010889766
0.0041540763
0.009651088
0.010882846
0.004745419
0.014510818
0.010072217
0.008029172
0.009092033
0.0073328107
0.005330666
0.005711164
0.0068706367
0.0051856944
0.007259199
0.007207871
0.008274566
0.00537762
0.0073688184
0.008444268
0.010029564
0.004258267
0.004527854
0.0026742052
0.010815523
0.003689238
0.0036915948
0.0032759209
0.0046911733
0.0036060556
0.0028119616
0.016630784
0.004263147
0.0063766725
0.003218956
0.0060569094
0.008658251
0.0058693895
0.0057649724
0.005126086
0.0026629101
0.0040426934
0.011912781
0.0047402782
0.005920035
0.0070311534
0.0080785975
0.00577527
0.0016376362
0.009626794
0.0035380886
0.0078494
0.006491859
0.011520662
0.0066124606
0.007866998
0.008478942
0.0047471425
0.007320532
0.0022934624
0.0027210533
0.006396435
0.0014696643
0.0054336847
0.0034872151
0.0034819485
0.0033462367
0.006880827
0.009911539
0.00560276
0.005528357
0.007387646
0.00124247
0.0013019713
0.008932689
0.0015519189
0.004433636
0.007983295
0.0024583403
0.008629148
0.008678881
0.0064450135
0.0031071592
0.0018524316
0.004408675
0.004789461
0.0038164423
0.009584897
0.004021185
0.006755806
0.0033167817
0.0028077436
0.0027489653
0.007864971
0.012296527
0.003759566
0.0060288417
0.005480199
0.0040212697
0.0053260513
0.0072478927
0.00695706
0.01467954
0.007979344
0.006230721
0.0016742765
0.005838847
0.0021746263
0.004055582
0.0039005007
0.007256177
0.013097085
0.0074812104
0.0026235888
0.005898456
0.0020640246
0.0058787605
0.0031597593
0.0059610354
0.0067932494
0.004322538
0.011528669
0.01575396
0.0037067945
0.0033790355
0.0051315757
0.0029292463
0.002646679
0.0049572955
0.00323913
0.0039912947
0.00667869
0.005822906
0.003612004
0.003837079
0.0023385743
0.0032724172
0.011218114
0.0026806076
0.009489552
0.008636214
0.0057631214
0.008391824
0.010742608
0.010346953
0.012322952
0.012394676
0.009498537
0.0068202405
0.014897616
0.008107371
0.009775887
0.0083280355
0.0056103147
0.004855698
0.009949159
0.004941063
0.0076016863
0.009187758
0.0035690994
0.004353306
0.0011767803
0.0035534252
0.008192025
0.0037338815
0.0047020167
0.0037803862
0.0061152442
0.009497634
0.008383587
0.008898848
0.016112871
0.0023721524
0.007158099
0.0049106134
0.014047482
0.006173028
0.0035352206
0.011265545
0.0062976615
0.0055817864
0.007995544
0.009268454
0.019193102
0.018807614
0.012237419
0.0029577913
0.0031809423
0.003393499
0.009997104
0.007964957
0.012243701
0.010399356
0.002947194
0.0009384008
0.0062752664
0.008322613
0.006941019
0.0061086337
0.007955999
0.012352273
0.0048785736
0.0075384057
0.004796989
0.0045907847
0.0052216467
0.010758342
0.009471661
0.009561936
0.014558191
0.008804958
0.006696502
0.0057792375
0.010993005
0.00657503
0.012395269
0.0081143845
0.013258102
0.0138038825
0.004913384
0.009179068
0.018948585
0.0062022903
0.0035435634
0.008171168
0.008356726
0.0099886
0.0091246255
0.010340068
0.0106002055
0.007652653
0.006316236
0.00877478
0.013809723
0.013191323
0.011979611
0.009961345
0.00809697
0.011088255
0.0075638485
0.008273798
0.011708943
0.015712304
0.01745373
0.017616197
0.010270874
0.01566706
0.019239929
0.010915422
0.009581293
0.014287283
0.014415902
0.005629097
0.0056307525
0.00420975
0.009063429
0.012326703
0.0071071493
0.015722532
0.014267519
0.00977302
0.010703936
0.01334678
0.008924912
0.02086703
0.0049336827
0.010852777
0.0076517225
0.0034986048
0.009466359
0.008735893
0.0074321353
0.006579983
0.0022872316
0.007461121
0.009462545
0.008767236
0.008044258
0.00903866
0.011986073
0.004812349
0.008094327
0.0085671805
0.009179711
0.0039819847
0.0052406252
0.0072404486
0.009271356
0.009878926
0.0068085343
0.0101006385
0.0088654915
0.014333578
0.004344922
0.003918639
0.0031864035
0.0034054646
0.012976266
0.02014269
0.014567598
0.010399165
0.0062333136
0.0009777001
0.0042253216
0.029956749
0.00548315
0.007823086
0.003629492
0.0038888233
0.009033123
0.003016825
0.004456303
0.001363995
0.0029133612
0.003598157
0.006657919
0.009187134
0.014631673
0.013715841
0.012286185
0.008404988
0.021152187
0.24458292
0.1989546
0.32768008
0.27889898
0.258033
0.43239358
0.37885675
0.27308744
0.34465918
0.38504332
0.42760822
0.3422345
0.3074573
0.25244594
0.38387215
0.3689124
0.31197602
0.37214258
0.39630714
0.35182434
0.31340587
0.3425663
0.49766672
0.46194836
0.4168831
0.46802098
0.50349486
0.27427632
0.4125403
0.53826
0.49554148
0.3767025
0.4304159
0.368352
0.49780953
0.5183166
0.2955669
0.30531693
0.4066297
0.34859952
0.39507008
0.3634118
0.44920963
0.44226328
0.37225723
0.35915107
0.37052235
0.3636541
0.34137613
0.31524783
0.27264142
0.25505936
0.37495035
0.31674513
0.32306492
0.33629912
0.41833383
0.3660269
0.3419289
0.4168514
0.3069597
0.58733493
0.4166152
0.39962482
0.31901833
0.381452
0.35673526
0.30316895
0.43698263
0.312011
0.3340426
0.29961625
0.32024315
0.31534916
0.36992216
0.3168728
0.33869553
0.321124
0.35126153
0.37844542
0.51116526
0.3633628
0.44858277
0.5474538
0.5534173
0.51797193
0.5662198
0.4808897
0.76754105
0.6290811
0.47399354
0.66285145
0.6936125
0.7534611
0.46729037
0.46349046
0.59806204
0.52590936
0.46274537
0.50798255
0.5194443
0.5564322
0.564712
0.5083241
0.38036576
0.36385128
0.44400436
0.49556804
0.45585093
0.42792708
0.62459624
0.46019697
0.5708006
0.62487805
0.55035037
0.59855056
0.67583233
0.48110417
0.5770733
0.7006597
0.6901712
0.55057675
0.59065396
0.7626893
0.67652565
0.7769813
0.7802649
0.7562789
0.7328742
0.66460836
0.69975275
0.8003604
0.74639165
0.8122749
0.7920601
0.9921267
0.79973227
0.8601806
0.81242216
0.94582003
0.72513163
0.05269358
0.032275777
0.037066877
0.025866691
0.02474427
0.036232036
0.02473775
0.04249704
0.029459693
0.02450257
0.03571806
0.02433333
0.031192953
0.023633556
0.019445188
0.02437385
0.024132434
0.0322754
0.034001604
0.0373364
0.023298318
0.024368716
0.016506555
0.011462332
0.0098572215
0.014131451
0.0059099994
0.0052117025
0.004076952
0.013849144
0.003991565
0.004627827
0.004286496
0.014992929
0.0049009277
0.0029650056
0.013367355
0.008092923
0.008134292
0.015168947
0.0015923616
0.00978712
0.0053193127
0.009888809
0.005386928
0.009099282
0.0064395308
0.005747296
0.005702727
0.011017864
0.012783303
0.0048260307
0.003974191
0.0036630628
0.0039655142
0.004466997
0.0039449316
0.007868218
0.0117038535
0.0072623263
0.0070593352
0.010221861
0.010449519
0.0066615376
0.014404894
0.0059354356
0.0062291664
0.011480087
0.00831145
0.0065206503
0.01359587
0.008679183
0.009963332
0.009393769
0.0054774047
0.005290743
0.0034248715
0.010696154
0.011930174
0.0036030693
0.0034965908
0.0060548815
0.0047723018
0.0072866012
0.0048331893
0.0115590785
0.0017529004
0.0028046032
0.0038175297
0.013210003
0.0029666293
0.0051155523
0.0032200038
0.0042687766
0.009796239
0.006803456
0.0029933208
0.008419657
0.0039001901
0.004647289
0.00595572
0.0020065939
0.007491181
0.0037358075
0.0018119779
5.3560012e-05
0.003909449
0.0013723848
0.012718115
0.016293058
0.007709794
0.0045571425
0.002114931
0.0042059314
0.0053639
0.0066940454
0.0055938535
0.0036992917
0.003576576
0.010685539
0.012909234
0.008325341
0.009683493
0.009529903
0.0025665744
0.0040760897
0.008240005
0.008847588
0.017149752
0.0048143268
0.004348633
0.0038733485
0.0044678007
0.010703107
0.008440332
0.004843264
0.007812822
0.017055972
0.009913653
0.008175997
0.0086127445
0.008146887
0.005125734
0.015486007
0.0076485234
0.0066339513
0.007376296
0.0041582505
0.011936503
0.0072346344
0.0073610167
0.0067688655
0.007395917
0.006480026
0.006413743
0.0029984524
0.0018619716
0.007268147
0.01133863
0.006445197
0.009376827
0.004655169
0.29833004
0.009334031
0.008225662
0.0168859
0.022256656
0.01612286
0.015216717
0.008509814
0.008196545
0.014321724
0.010025572
0.015022966
0.010662478
0.008196278
0.0056748525
0.008468604
0.0074755303
0.011771366
0.007319677
0.008600667
0.007391594
0.004255711
0.0058131404
0.013762454
0.013537463
0.0033101297
0.0039049757
0.005907276
0.0058499845
0.01507537
0.009763216
0.010122942
0.013084202
0.005876503
0.0047732615
0.006731251
0.008058783
0.010517362
0.0063235373
0.0038228922
0.0018338016
0.0057340846
0.0042612506
0.0057719788
0.005129266
0.008614309
0.0065866807
0.0062683774
0.0068835802
0.0044409977
0.0062075295
0.00808493
0.011400184
0.0061279433
0.003844558
0.005936193
0.0045639
0.008558847
0.008095997
0.014664151
0.0072090435
0.015388991
0.010447096
0.004208883
0.0056409365
0.005896797
0.003986684
0.016126135
0.0022164313
0.0074439314
0.0012762481
0.0026606207
0.0039684894
0.002194103
0.004696166
0.014653576
0.0017857582
0.005760481
0.0045753117
0.0043570963
0.0029626961
0.006087047
0.0017088722
0.0056119966
0.0030456537
0.0037382015
0.0034739457
0.0030961765
0.004871153
0.0049476298
0.0056147696
0.003729582
0.004693334
0.008284517
0.004405027
0.003913215
0.017499004
0.004646018
0.0052672443
0.006563133
0.0039066193
0.0075123557
0.0067019193
0.005610003
0.0065709036
0.0028234695
0.003081884
0.0027910226
0.0042492663
0.004337809
0.0031748607
0.00654731
0.0021960011
0.008164103
0.009289292
0.004437031
0.0091525
0.0040349565
0.0032668135
0.0023531911
0.002732121
0.007992834
0.0071892873
0.0044270796
0.008969024
0.001527061
0.0042263186
0.009572396
0.0047110403
0.0056800377
0.0052055805
0.007979615
0.010477206
0.0068247146
0.004806243
0.008600922
0.004318708
0.008317558
0.005748426
0.008835453
0.009680614
0.006222327
0.0044442536
0.001724181
0.0067919926
0.0033672003
0.0038261095
0.008666952
0.010317974
0.007527551
0.009126962
0.009053123
0.008411422
0.005516043
0.003102178
0.0036311334
0.0048972922
0.007850967
0.0069105714
0.0011931802
0.013946797
0.01076666
0.0059574186
0.0071546403
0.0075404183
0.0026244216
0.011192359
0.014599467
0.013048723
0.0066347243
0.008456582
0.0076254536
0.010515478
0.0067263357
0.01425144
0.01082902
0.008963102
0.012390687
0.009030491
0.0073443563
0.0013621633
0.0015332077
0.001565167
0.008025926
0.0060078474
0.008670712
0.0113773
0.004335385
0.0072137197
0.0049531856
0.0044781184
0.0029177868
0.008482129
0.0041879243
0.006004145
0.010694378
0.004101804
0.0063266233
0.008336413
0.00803442
0.010893474
0.0062196003
0.0052928296
0.002849709
0.004823082
0.0072384863
0.011540252
0.011520832
0.0061965324
0.0072050993
0.0049515124
0.010245124
0.005106719
0.0036823687
0.003278097
0.0055569415
0.004404246
0.007960607
0.0066247717
0.005147277
0.009162432
0.0050344993
0.008034899
0.0038508188
0.008527115
0.010652958
0.004820411
0.0064786687
0.012009415
0.005613056
0.007322162
0.005049478
0.0054057455
0.003418811
0.0064697145
0.011830914
0.0036881461
0.0075931274
0.0059823575
0.004530937
0.0051116077
0.012473231
0.015782787
0.0046175923
0.0021226646
0.003581349
0.0055565448
0.005708549
0.005744234
0.005329203
0.004552804
0.006015919
0.0043857456
0.01208937
0.0062322114
0.0021169586
0.0031079643
0.007834416
0.005641867
0.008597616
0.0148877455
0.0038143226
0.01037337
0.008870328
0.0040244963
0.005965281
0.004290717
0.002162315
0.0033287976
0.00506527
0.009100272
0.0040271566
0.011421135
0.0074559455
0.0064692786
0.008196673
0.0048650415
0.0103743365
0.008093132
0.0051387413
0.0054737655
0.005210409
0.009022308
0.0051387995
0.0070813014
0.006329634
0.006965672
0.0032057224
0.0049853544
0.0049421294
0.0069297445
0.006031463
0.0046176924
0.005130315
0.0069661117
0.008103065
0.008905596
0.005758294
0.007973305
0.005005209
0.01078789
0.014337439
0.015867945
0.014965241
0.012087414
0.013798318
0.009707886
0.0126427505
0.013169063
0.012715767
0.014622888
0.010550438
0.006559353
0.011851747
0.0074120318
0.011173613
0.008885837
0.010621235
0.006260166
0.030477183
0.013304096
0.014293234
0.004902554
0.009967751
0.011555408
0.0068977713
0.007898523
0.006571349
0.0038863958
0.0043192203
0.011679419
0.00563757
0.00712618
0.003686339
0.0048672534
0.004911152
0.0039102803
0.004975027
0.007111578
0.0021198853
0.003091945
0.002295735
0.0084291
0.0064732106
0.0012271861
0.003770503
0.0021372999
0.0028548238
0.0038897071
0.012536267
0.0066338954
0.008044337
0.0109052835
0.006034389
0.015310393
0.008910821
0.0039384896
0.013917983
0.019540045
0.021965213
0.008908394
0.020073706
0.0043268707
0.015631096
0.00481388
0.009663292
0.013075105
0.01702769
0.008207898
0.0077182124
0.008699863
0.015517375
0.014853002
0.014101425
0.015892552
0.013847394
0.009895118
0.004277051
0.02254241
0.0051958566
0.01862253
0.014027821
0.01980837
0.012820752
0.009158675
0.010484273
0.019729901
0.018454362
0.029822795
0.012392756
0.0073354268
0.017578956
0.015955847
0.016832443
0.02075786
0.012353261
0.013430703
0.013252606
0.015372065
0.019305868
0.018137494
0.030216122
0.0109435925
0.013569926
0.01265694
0.017461572
0.008152242
0.01727633
0.018463925
0.015367427
0.013371045
0.008879683
0.0091409
0.022964844
0.0099652875
0.0074041816
0.017098676
0.01102346
0.010051693
0.02127378
0.018214274
0.02036471
0.020535907
0.018614225
0.018896997
0.010329797
0.009361647
0.027763424
0.02637367
0.015117331
0.010505521
0.014261471
0.014045973
0.026588544
0.018576125
0.02464064
0.009838723
0.023848167
0.01449436
0.009276775
0.02350866
0.0106167095
0.00639707
0.0138785755
0.013287984
0.014416845
0.019024206
0.015800418
0.009151009
0.015120109
0.008448623
0.012103514
0.014531587
0.010491422
0.016365934
0.009000811
0.006934282
0.011682043
0.009830547
0.014638068
0.009473272
0.009049536
0.009704258
0.019376148
0.0066019623
0.005494933
0.007795173
0.01183552
0.010024261
0.007229622
0.005324806
0.009566936
0.0013692663
0.0073343865
0.012538717
0.0061670146
0.00798193
0.0046538212
0.010485999
0.008423073
0.00922704
0.0070713186
0.0074317823
0.0007559441
0.0023836887
0.0020709964
0.0009464031
0.0025779884
0.004261563
0.0077272947
0.007851494
0.0036576109
0.0046326267
0.0067073363
0.0020773935
0.005076637
0.0018776173
0.005057328
0.008396966
0.0037408683
0.008182924
0.0058727013
0.0056934226
0.0050869337
0.0022406278
0.007008513
0.010382817
0.008880292
0.006247776
0.012369558
0.008316409
0.008432756
0.011128039
0.0049724025
0.012479388
0.009756135
0.007089012
0.0074456963
0.021767529
0.010870782
0.015311499
0.007137573
0.010169052
0.008781851
0.003532857
0.012384511
0.009005316
0.0069035445
0.010797361
0.017265946
0.0085489405
0.010416679
0.008788791
0.005883033
0.012373958
0.0060571954
0.0070135877
0.010934868
0.008185664
0.00871739
0.016758004
0.008126933
0.014459038
0.00582296
0.006239398
0.007886886
0.004804906
0.0017400163
0.010001536
0.014374419
0.01024608
0.004644316
0.013860428
0.011757089
0.008293534
0.008200777
0.0051183617
0.008144271
0.00342692
0.0032115595
0.024588566
0.0075042625
0.008682016
0.0036919822
0.004458696
0.0073802606
0.010621871
0.010151153
0.0109774005
0.006500746
0.009760903
0.0087018125
0.015388983
0.0033233992
0.006131615
0.0072232173
0.013206876
0.005172665
0.008197347
0.009315019
0.00824986
0.013100952
0.004259087
0.009020585
0.014820437
0.00883145
0.011750544
0.006729956
0.0104706045
0.011692928
0.004667986
0.0036943138
0.010536666
0.011284187
0.0037342927
0.008637347
0.009771108
0.007896016
0.0032743018
0.00251481
0.004498908
0.005943138
0.004531374
0.0042623933
0.0059313993
0.0012627863
0.0014203344
0.004989107
0.002875086
0.011546139
0.0048955907
0.005748386
0.0035469106
0.0065224525
0.009827569
0.009067706
0.0036037813
0.009469685
0.0032415811
0.007818633
0.0025599536
0.003213254
0.0036365844
0.011698316
0.0031188263
0.0072828834
0.0064366898
0.009334736
0.0015084413
0.0059491913
0.011994894
0.0028221146
0.00864979
0.0017719527
0.0060376446
0.0040436694
0.010291545
0.0010416459
0.0054762177
0.004122681
0.0025367625
0.0060626585
0.0037378918
0.0013326495
0.003039512
0.0012329975
0.003364044
0.0034310005
0.0064053717
0.006324178
0.0057472335
0.0040095784
0.001710796
0.0038168232
0.004645337
0.0019346746
0.0064528207
0.0022155002
0.0019646916
0.0013458077
0.0094473725
0.0030285527
0.009489444
0.00972495
0.0022957402
0.00827973
0.0028117716
0.0052311523
0.0018654088
0.0026446471
0.0009897011
0.0010836443
0.005655471
0.0042692698
0.0037956045
0.0030698364
0.0041448963
0.004238326
0.003007789
0.0063111726
0.0034317595
0.0050940225
0.0025201237
0.006121411
0.006969591
0.007927741
0.0040299585
0.0037154325
0.0041645174
0.0028861738
0.0056579593
0.011469536
0.006253118
0.007922675
0.011353915
0.0050976174
0.008172569
0.009630643
0.009120047
0.0065692556
0.0107799
0.011383095
0.00782709
0.0046913004
0.0049437117
0.0063525634
0.008581941
0.014681891
0.012747389
0.0075140265
0.011755723
0.007921616
0.013748213
0.017957063
0.011367314
0.005579892
0.008409309
0.009341697
0.008818684
0.0050929845
0.004989822
0.0037625923
0.0032324546
0.0021253848
0.007341621
0.008529783
0.0017842941
0.0049847336
0.0031280376
0.005420976
0.005231317
0.0040529836
0.004842715
0.0076982914
0.0073487754
0.005324026
0.0030987656
0.005991751
0.006313863
0.00257059
0.003746112
0.010834217
0.0008594959
0.0018689544
0.0042802114
0.0025014554
0.005090436
0.002829657
0.0049133776
0.0031371133
0.005743055
0.0037793417
0.009019327
0.0075283176
0.003603279
0.01371306
0.0064064087
0.013485728
0.0016954208
0.0039278925
0.005183343
0.010994195
0.0077446555
0.004040109
0.0045653023
0.017747626
0.006892838
0.013811674
0.003902253
0.0057473807
0.001953348
0.0061160782
0.01368084
0.006131515
0.008196916
0.005053195
0.0052245227
0.007380295
0.004313874
0.0048754564
0.011190855
0.013752663
0.0035577274
0.005397031
0.0055526104
0.010158659
0.0079998495
0.009626532
0.0033695626
0.005742447
0.0059963814
0.0072712773
0.010337959
0.0076452023
0.011126581
0.011225491
0.011265425
0.0066593643
0.015096196
0.013190183
0.01627604
0.010823488
0.01676932
0.01258115
0.0060964
0.010292835
0.01613464
0.006660086
0.00958089
0.0108192805
0.0041843033
0.0074577485
0.011933898
0.015322036
0.00809337
0.009475444
0.018291114
0.012781626
0.016776532
0.009341677
0.012927739
0.007885601
0.018464059
0.014460093
0.015712617
0.014434322
0.023430109
0.015643286
0.019118939
0.0033688114
0.009175773
0.009361751
0.011564376
0.012634489
0.008956719
0.00929409
0.005011275
0.01057354
0.0019452202
0.017362215
0.008318448
0.011278719
0.0155020105
0.015915075
0.017430723
0.018459417
0.011179352
0.011152255
0.006496252
0.008512336
0.007534659
0.0117138475
0.013218114
0.012740707
0.009260922
0.0057364283
0.013902646
0.009037344
0.0107788965
0.011800551
0.015967749
0.013514841
0.0089877015
0.012444255
0.011774853
0.022778058
0.014085482
0.0119136255
0.013008183
0.01369399
0.007360549
0.005919056
0.004117784
0.009785073
0.008645197
0.009400951
0.009007903
0.008925299
0.020708436
0.014236599
0.0146023985
0.0132050095
0.01694361
0.031506367
0.03186707
0.028392697
0.028224016
0.013781933
0.007803259
0.008288359
0.0058657723
0.009393801
0.010364204
0.012409335
0.009794146
0.011685223
0.0091116065
0.010694363
0.009618086
0.0074730446
0.014285523
0.008218602
0.014589776
0.0074393074
0.012155272
0.011028344
0.013640034
0.007840661
0.015129735
0.008882771
0.0128581785
0.010001902
0.008936165
0.0047675185
0.002769164
0.0070235417
0.007162268
0.007933894
0.005520585
0.00510962
0.0077021797
0.004187337
0.006532846
0.012109799
0.0059434804
0.021172283
0.0129731335
0.019748889
0.023505852
0.029212039
0.0420121
0.032030452
0.016604038
0.014167614
0.012345858
0.0088474965
0.018056989
0.02322924
0.02236688
0.017635258
0.015012587
0.011955885
0.0143207535
0.012501569
0.010189546
0.011835194
0.011763803
0.012291189
0.0012353153
0.00796796
0.010211561
0.009298564
0.010803162
0.012227897
0.014697831
0.006857326
0.009404037
0.009218133
0.017026214
0.007945394
0.011214457
0.013823523
0.0039893775
0.0058353087
0.0067465347
0.0078008813
0.0073777153
0.018181778
0.029735291
0.012009269
0.013730803
0.02375393
0.01762894
0.020444924
0.005734188
0.009655704
0.016128644
0.02428221
0.014860612
0.02301358
0.013617766
0.023531845
0.009432212
0.017450755
0.012858577
0.009890449
0.004537051
0.007859887
0.0026017064
0.0090492675
0.0050779306
0.012407778
0.010148974
0.013147602
0.005567011
0.0051776837
0.0074209203
0.0053236065
0.00885877
0.0072466102
0.0054934192
0.0025900109
0.0030704082
0.009904585
0.007981344
0.0040521612
0.002962086
0.0027745336
0.00656035
0.0048043267
0.0028995543
0.00521486
0.010824033
0.005301973
0.003058635
0.006013227
0.006959219
0.007712592
0.0055029336
0.005238101
0.004278133
0.007288853
0.013523837
0.0109236725
0.0052688764
0.012369384
0.004189673
0.003621815
0.0062486813
0.006971994
0.01946667
0.0054942756
0.0029894402
0.005687296
0.002822956
0.0060959915
0.0067103608
0.0027088868
0.0046794894
0.008281406
0.0063864095
0.0019713186
0.004906534
0.00907455
0.004869395
0.0058066095
0.0056569953
0.0136348605
0.005054954
0.003928956
0.010084619
0.008389559
0.011836672
0.0051866467
0.012680142
0.009538596
0.0050674607
0.005878953
0.005158911
0.0072820433
0.003648835
0.0067205396
0.0061288555
0.01736249
0.0024766948
0.005227121
0.0076993206
0.0074898177
0.0030234389
0.0051073493
0.002764246
0.009037562
0.006274899
0.007779769
0.008275105
0.006381423
0.007902494
0.008700497
0.013756341
0.00840441
0.007863648
0.00821956
0.0037465321
0.007575569
0.008519739
0.005031091
0.003790911
0.011532124
0.010178658
0.0076878383
0.005762727
0.0038531863
0.0041057495
0.007947678
0.010174505
0.003927856
0.0075140237
0.0032641648
0.003412936
0.0015461445
0.0038342944
0.0025548115
0.005575053
0.0030382012
0.0088229105
0.0086444365
0.008580556
0.012345195
0.005329316
0.011086107
0.008315399
0.0059542716
0.010630567
0.007836044
0.008688565
0.010901013
0.0041534044
0.00497926
0.0035557572
0.015067206
0.01704675
0.012953817
0.014373501
0.009171286
0.0199899
0.008366116
0.016446576
0.0072224527
0.006012809
0.011551908
0.006977049
0.011765658
0.01925906
0.012861513
0.0044610524
0.002584289
0.0046649147
0.003034523
0.0037950159
0.0013183411
0.007989429
0.005345318
0.003778883
0.0049749985
0.007947207
0.005762715
0.012558413
0.003856816
0.0041946303
0.006408214
0.0046140505
0.0038724968
0.0047053504
0.0070717554
0.0025056908
0.0050096177
0.006527511
0.010141987
0.0055041877
0.007075448
0.005827434
0.0028459523
0.008383732
0.007255539
0.005497695
0.009703655
0.010596182
0.011853936
0.006338929
0.007534809
0.0070597087
0.0032653299
0.003210041
0.007368742
0.00870514
0.006627487
0.0068683643
0.011044056
0.007599225
0.004427257
0.005905667
0.005222916
0.0038212023
0.011422255
0.0067894855
0.022272179
0.00850937
0.008416743
0.009784977
0.008370989
0.0019641612
0.0073341266
0.0068335524
0.01598078
0.016117195
0.0142690465
0.011217124
0.010158591
0.011895534
0.0073693055
0.013679899
0.02138989
0.0088236695
0.009991921
0.010334096
0.0115973335
0.010156267
0.010437993
0.010203142
0.020547854
0.020382399
0.013121459
0.010581928
0.016019246
0.013899042
0.005816549
0.013864617
0.012105498
0.012181471
0.013914543
0.016202202
0.008850048
0.012976681
0.0064625107
0.004478041
0.013664687
0.010124008
0.003506493
0.003167072
0.009320359
0.008591935
0.005232394
0.0050755944
0.007340875
0.005995675
0.010653506
0.01139447
0.009367414
0.012858777
0.012238439
0.010168576
0.009390663
0.005952908
0.009212442
0.009182252
0.007971225
0.007194446
0.0037515305
0.0028845859
0.010721869
0.0050511034
0.017303508
0.006893205
0.0030432774
0.0018366433
0.0063015777
0.0018164376
0.0040314663
0.004088211
0.010107204
0.00814519
0.007884058
0.004364681
0.0022490362
0.0014051301
0.009013842
0.005091122
0.016828714
0.0022476953
0.0034122884
0.0076643354
0.007677659
0.00721841
0.006156735
0.005033535
0.0026222009
0.010032103
0.0036197782
0.009112541
0.00013126637
0.0017361238
0.002971001
0.0033502656
0.010663048
0.012956731
0.00444178
0.002020761
0.005049175
0.0028886474
0.007918839
0.0039976765
0.0035248466
0.0038121056
0.0075923116
0.0077099786
0.0036134843
0.004169907
0.010317506
0.0051700785
0.0020301228
0.007117091
0.0036994822
0.0071875243
0.0019198661
0.0032031836
0.0028029697
0.0019845173
0.0040156194
0.68998396
0.78481084
1.0
0.05669685
0.038383923
0.05267973
0.046764452
0.043040693
0.035001624
0.034579556
0.019165909
0.025581112
0.030612582
0.034120686
0.023173844
0.018501297
0.025319796
0.019263966
0.014270284
0.03396987
0.015944932
0.018452981
0.01171691
0.026446106
0.031856857
0.03205931
0.04007172
0.030918354
0.018038528
0.015362575
0.02330449
0.01752094
0.0049883192
0.012375882
0.012155419
0.009592439
0.001027364
0.005194383
0.005787887
0.0035387168
0.010168481
0.0023222137
0.0062758825
0.0035184429
0.003571395
0.002906862
0.0028621457
0.0088430345
0.0009811926
0.005416424
0.011030738
0.015007227
0.012843916
0.0044792923
0.006184103
0.005346553
0.0038379927
0.021347556
0.009105962
0.0014273648
0.0036956577
0.015904857
0.009006022
0.0076982784
0.0050822287
0.008480756
0.009315352
0.0049477923
0.007044167
0.005261129
0.0057859146
0.006484833
0.00021347363
0.00049759814
0.0077858833
0.0027932546
0.002293389
0.0018359991
0.004081784
0.0028535859
0.009808289
0.0055833217
0.0011409295
0.0022150215
0.006970287
0.003561483
0.008717087
0.006118987
0.010132491
0.009934363
0.010881429
0.009877336
0.01615148
0.0070715765
0.021787515
0.026045546
0.019954098
0.012370636
0.02406578
0.013294196
0.018180456
0.01707396
0.01426593
0.017025232
0.031038908
0.040429637
0.035830174
0.038492225
0.042282984
0.03505246
0.028458048
0.038830888
0.037096146
0.036552925
0.05715106
0.062432516
0.06199718
0.06503614
0.03853439
0.04054188
0.043982003
0.02798765
0.016256014
0.01586827
0.009363763
0.0076993634
0.006618357
0.0026484826
0.0055743023
0.0053129434
0.009251142
0.005118352
0.008797317
0.006375849
0.009784547
0.011095019
0.003942876
0.007695447
0.013025308
0.006427242
0.0044338596
0.0117448615
0.009071881
0.0059873154
0.0073557156
0.004582785
0.01304708
0.007510993
0.0037967965
0.015440629
0.013659435
0.015663164
0.0027606683
0.014163569
0.0051625744
0.0062867734
0.016052239
0.005105284
0.004167007
0.0050656875
0.004421502
0.0043405653
0.003693973
0.005095086
0.0103251245
0.007885121
0.008119547
0.010792483
0.004705671
0.0030821825
0.009440747
0.004042839
0.00947998
0.007913576
0.01104771
0.011243723
0.010380349
0.003663434
0.012141822
0.005638826
0.0030541562
0.005674081
0.006525182
0.0067865485
0.0069186245
0.009712762
0.0039285566
0.004083423
0.005283689
0.0080045415
0.0065014134
0.006342821
0.007789226
0.006657472
0.0059043625
0.0060356013
0.0053332085
0.0069637666
0.01243038
0.007525489
0.010426339
0.0058491942
0.011240203
0.009557826
0.008514354
0.0069955657
0.008731809
0.004179983
0.0048437635
0.004628409
0.0032666966
0.005490291
0.004593876
0.000911546
0.006093188
0.0013838732
0.0068964465
0.00837212
0.004413052
0.01688113
0.00093774666
0.0051406897
0.0061489237
0.0014254341
0.0039746845
0.0033336997
0.012230832
0.0028625564
0.0033865387
0.003778422
0.0033373039
0.0056578564
0.0051292055
0.0064158216
0.007939675
0.00630432
0.0039476375
0.0035575058
0.008533126
0.0053357887
0.0023641235
0.00059696176
0.013412515
0.0049739303
0.008346561
0.0117183775
0.0058134124
0.00912849
0.00799187
0.005477148
0.007874326
0.00515762
0.0041561327
0.012605208
0.004745184
0.008625602
0.003881687
0.0042314595
0.0095661655
0.0063500484
0.009010452
0.00925591
0.009556908
0.0066284514
0.008653581
0.010160735
0.00812655
0.008026211
0.008376477
0.0015806567
0.0047142645
0.0059725223
0.003501498
0.014222862
0.004364867
0.010622888
0.010864415
0.005129253
0.010221218
0.011278351
0.003339487
0.01433231
0.014241117
0.01604752
0.01288107
0.015487564
0.015645107
0.022124888
0.012067655
0.01618631
0.019643668
0.0211362
0.026040288
0.019769201
0.039354913
0.026533322
0.03696019
0.013359976
0.027119845
0.02658596
0.06772501
0.021509258
0.03586432
0.037121832
0.045563363
0.047045805
0.04320598
0.025492536
0.030670809
0.033358995
0.052510887
0.04224717
0.050922804
0.06529002
0.08072465
0.09942688
0.07289698
0.07986983
0.060360335
0.07858584
0.096852966
0.09300775
0.10584261
0.09001912
0.13104568
0.13728416
0.085535266
0.14744915
0.19307631
0.18382539
0.180868
0.12311141
0.031171253
0.034271576
0.030997435
0.02598136
0.034825385
0.014886911
0.018867262
0.019385641
0.021756014
0.009909128
0.008739272
0.0076393303
0.015276703
0.011687693
0.007688751
0.011314316
0.013722052
0.005691371
0.010005525
0.012122147
0.0067036576
0.0038004725
0.0102337245
0.006000834
0.005662531
0.0014591292
0.0040032524
0.0025820914
0.0059722816
0.0032778324
0.009601128
0.011160587
0.005246052
0.007969444
0.008188416
0.010247212
0.005968144
0.0056735384
0.0027727894
0.00370522
0.006096588
0.0034132388
0.002574631
0.00500138
0.0036081036
0.003435774
0.005140999
0.0044151284
0.0077665537
0.005100952
0.008400265
0.0048298333
0.008095828
0.009908092
0.0106492145
0.010911162
0.0077373157
0.009213744
0.011883631
0.007315708
0.008043565
0.005824663
0.0043455125
0.010453598
0.011009983
0.008416835
0.0047856374
0.00086458697
0.0042684316
0.003361507
0.007430473
0.01196413
0.009251469
0.009188067
0.010414545
0.0059946473
0.0048207976
0.0066732294
0.004352072
0.0061258413
0.01049621
0.0074844793
0.009026184
0.007989487
0.0044455193
0.0071245455
0.0062441374
0.0082675405
0.0033959786
0.008495044
0.010092856
0.008767178
0.0057496065
0.0048692743
0.006087628
0.007608594
0.0042325608
0.004801954
0.0035004823
0.013293348
0.0062461626
0.0065603973
0.005096299
0.005066831
0.011907474
0.0064167734
0.018085852
0.011701899
0.010260408
0.006964087
0.0140240835
0.019501274
0.022571556
0.024210727
0.017783878
0.018636702
0.017055633
0.004740128
0.011343853
0.0142620355
0.015754182
0.026807118
0.019356323
0.021533247
0.027624307
0.026768828
0.031894725
0.053383995
0.03696613
0.031241437
0.04999462
0.035186574
0.20077866
0.23257011
0.19125664
0.16523857
0.14571127
0.036794987
0.031907827
0.0304681
0.030001901
0.0429311
0.056092437
0.041572377
0.024880476
0.03135905
0.03616329
0.022016613
0.034799773
0.035127345
0.021869564
0.017539278
0.012663672
0.010290867
0.009211474
0.012450875
0.02590566
0.014789994
0.008542185
0.011939398
0.014103095
0.011869182
0.026960889
0.008866867
0.010353201
0.019200852
0.01744243
0.015621257
0.016108973
0.020371616
0.018655747
0.02471024
0.02634211
0.021880463
0.027647069
0.017775508
0.012914742
0.012267375
0.011422308
0.013698169
0.011405239
0.014738572
0.012023366
0.015489339
0.005124444
0.008065542
0.013244605
0.010673904
0.008136978
0.009101967
0.014028553
0.004191248
0.0031770386
0.004964295
0.008523953
0.011235031
0.00842762
0.0060538715
0.014567488
0.0032013005
0.0016529225
0.006063969
0.0045940294
0.003277654
0.01098198
0.0067556147
0.0064911307
0.00257647
0.008298677
0.0046514836
0.003752786
0.0030254258
0.0068149166
0.001855778
0.002456515
0.0038186053
0.0100953905
0.0072201085
0.0054019205
0.0044732788
0.0031270857
0.004063074
0.009012869
0.008466502
0.0074460297
0.004984124
0.004412204
0.004797091
0.0021848823
0.0054554795
0.013122671
0.012314827
0.0038923647
0.0075877025
0.0015655828
0.0068458426
0.0025680743
0.00384885
0.0089685675
0.0056611234
0.0064436807
0.0061073885
0.007215329
0.011890048
0.007657347
0.01892954
0.009556666
0.014353144
0.011519641
0.0027490805
0.007847834
0.00897077
0.010215943
0.012235087
0.008403112
0.007927763
0.00538181
0.006281585
0.004184512
0.005517137
0.0040508355
0.005656369
0.0043650363
0.014620694
0.0036163728
0.0036108245
0.0041190977
0.0074036536
0.0031399375
0.004012143
0.0038235246
0.006359753
0.0057744854
0.0033392592
0.002480593
0.0068794014
0.0061390037
0.004869139
0.0054423753
0.0024909412
0.0032944747
0.007837553
0.008831063
0.0019920678
0.004885678
0.004476498
0.018119907
0.0023620937
0.008114348
0.009808631
0.011983507
0.013170113
0.00526296
0.012724745
0.0022084534
0.0026998876
0.006569909
0.008048945
0.0044281776
0.013279727
0.008494851
0.008133289
0.009466686
0.00696669
0.0028901808
0.0053031375
0.014948473
0.0048225042
0.006101377
0.003844768
0.010900448
0.0035854692
0.011291237
0.0030249993
0.012084094
0.015099551
0.009818442
0.009294396
0.01432192
0.012464425
0.014070841
0.012359396
0.0121472115
0.013840993
0.004064338
0.0056926543
0.009264058
0.007258671
0.013398877
0.021014057
0.0070337416
0.010802844
0.018978205
0.021870071
0.011865166
0.018487241
0.0111193005
0.018696843
0.0063485615
0.01625995
0.009424995
0.0110157095
0.011945775
0.010383878
0.0056480123
0.012332763
0.012391229
0.011234422
0.0059141936
0.00769724
0.009308592
0.0060587344
0.008958827
0.009683051
0.0118914675
0.0075150044
0.005096838
0.010618813
0.010443281
0.013834076
0.009799974
0.01085389
0.010313129
0.00546623
0.011353312
0.01010607
0.0068938173
0.003152427
0.014643196
0.011538648
0.006548955
0.008332703
0.022287576
0.012517825
0.016589379
0.010012807
0.011695119
0.011489884
0.029259253
0.02182877
0.017100258
0.026628533
0.026602596
0.021589989
0.016639516
0.008987405
0.0053249383
0.012089112
0.0063407347
0.0063665686
0.025003038
0.0129879955
0.014418942
0.017242115
0.010591662
0.009140021
0.009478767
0.0104323365
0.019021075
0.0075303414
0.012705892
0.012147923
0.011710091
0.0065352386
0.008058726
0.0034759294
0.007641167
0.007747225
0.012112264
0.00485412
0.013345251
0.0061949524
0.0076908865
0.0058906144
0.014763835
0.0061278194
0.009852301
0.009929091
0.0052084816
0.0060278787
0.003675902
0.010288928
0.008294709
0.0047600702
0.01141969
0.015272844
0.007488378
0.0059361984
0.01780234
0.006329795
0.005423167
0.0051973294
0.0063952985
0.0067875376
0.0025624912
0.0032126151
0.0013766526
0.004756839
0.0043175356
0.009802059
0.010548157
0.00818199
0.017876128
0.0052835806
0.017718505
0.0073970654
0.004595773
0.002150245
0.0120008085
0.006240535
0.010948694
0.0059427894
0.006848737
0.010211249
0.008062045
0.0036132268
0.014185923
0.011457811
0.017972445
0.010552878
0.015289213
0.0095470855
0.004165824
0.007623349
0.011345796
0.008287747
0.015359455
0.009230448
0.012176886
0.015721986
0.014695242
0.009818957
0.0067282594
0.016161324
0.010795518
0.007621041
0.019902542
0.02469053
0.010910622
0.024869075
0.009041233
0.024464397
0.019645674
0.015850106
0.008740119
0.0061995625
0.0069594537
0.008218661
0.012264533
0.010072207
0.009817482
0.007059382
0.011484035
0.007001011
0.009425635
0.0089768395
0.011549053
0.012238867
0.012331633
0.015341618
0.013159363
0.023157142
0.023769772
0.021192502
0.021150071
0.01376525
0.018495968
0.0173779
0.012481282
0.016685637
0.013305494
0.015886575
0.01602397
0.026055448
0.009194131
0.005752129
0.012079828
0.01294461
0.018102743
0.01778805
0.021205412
0.0099687865
0.022681888
0.008057969
0.013301784
0.007680943
0.006743942
0.017035311
0.0041044173
0.010714751
0.01029383
0.008346356
0.023537477
0.023753338
0.031012079
0.020509187
0.03814064
0.023165772
0.019574234
0.03008659
0.020481015
0.03048489
0.02674663
0.012618546
0.01522388
0.010620013
0.008439393
0.0033494297
0.0022210304
0.005283815
0.0071796454
0.0018514493
0.0032480324
