0.08473726
0.096110694
0.065212354
0.10412692
0.05312324
0.0764678
0.0671233
0.052657887
0.08742115
0.049691517
0.079848915
0.12396854
0.050633863
0.076127805
0.072799966
0.07317573
0.11441104
0.110907175
0.07842726
0.07317783
0.06607812
0.033343572
0.04598793
0.08374003
0.051589493
0.050743904
0.04018352
0.06738213
0.056966834
0.069505915
0.10789925
0.09386932
0.06077698
0.06335078
0.11977353
0.03632897
0.032503318
0.081098646
0.07741038
0.093907356
0.06359133
0.023704613
0.05316144
0.0670782
0.07091744
0.063496746
0.07676175
0.05011589
0.053617407
0.108434886
0.037221618
0.06450551
0.060198296
0.059099413
0.08665653
0.07275922
0.065312654
0.07863858
0.036582924
0.065007515
0.059788708
0.09005803
0.050340362
0.03552128
0.06803854
0.03623059
0.041055728
0.052963205
0.106388
0.08365953
0.09379843
0.10788932
0.046814498
0.029936213
0.17307697
0.034996983
0.059469312
0.05859906
0.056640133
0.034485932
0.036983095
0.09560997
0.054683343
0.09951897
0.038366865
0.026135255
0.08490827
0.028627347
0.09149544
0.08217522
0.018712556
0.04169192
0.08442053
0.090102136
0.117858216
0.050093286
0.06945737
0.027331378
0.15030327
0.048261836
0.055631623
0.06598437
0.08524849
0.040821042
0.06775598
0.07186289
0.073281646
0.05706319
0.08446677
0.052238233
0.12844959
0.09464493
0.106765985
0.0800417
0.08142607
0.07213296
0.10974701
0.042665523
0.07181471
0.09887852
0.037351802
0.057730995
0.04657013
0.1296765
0.076554805
0.059269726
0.07140788
0.057733823
0.059489444
0.09786564
0.09262449
0.073347464
0.05262847
0.09395902
0.10477602
0.06429959
0.106853396
0.14413306
0.091845006
0.08944376
0.06686454
0.10783553
0.08429647
0.113705106
0.13584852
0.10394159
0.09240809
0.12463685
0.10517842
0.09054194
0.123913765
0.096698195
0.10713806
0.08171318
0.0723339
0.08326422
0.13874403
0.093461774
0.09600396
0.08303963
0.10633573
0.0982505
0.06453098
0.11643998
0.10185574
0.13841735
0.082394585
0.14465928
0.109569155
0.07120386
0.07497095
0.059229776
0.08277908
0.053491667
0.08732279
0.09119648
0.1204151
0.09433212
0.056814987
0.12611838
0.121565945
0.048609808
0.11606564
0.04812856
0.05842251
0.11585315
0.06534786
0.05354831
0.08306419
0.048739918
0.041680124
0.06923789
0.05134158
0.053792875
0.051660668
0.07210187
0.052358974
0.043930367
0.062890664
0.09648853
0.02200391
0.05559042
0.023066316
0.03818309
0.076987475
0.10486306
0.08158287
0.048603717
0.09651674
0.014954291
0.06711948
0.07520443
0.05653009
0.08378266
0.021973332
0.09319731
0.121068425
0.04745964
0.08648061
0.060908895
0.009143956
0.022936452
0.04838943
0.10568774
0.050293036
0.051783215
0.02207583
0.08684031
0.05304796
0.11354377
0.04223836
0.112482496
0.056506075
0.035091933
0.024017528
0.06699214
0.115808524
0.03217167
0.04014961
0.041510392
0.010360917
0.07984574
0.06918166
0.02838581
0.09938108
0.023804437
0.054797325
0.07353035
0.05425489
0.0709129
0.059601612
0.075758174
0.047977958
0.029836725
0.0510072
0.0455274
0.10232768
0.063565806
0.08188844
0.030490385
0.07280212
0.065016836
0.06307124
0.10327563
0.14853378
0.052658282
0.056618616
0.035228923
0.024922263
0.048352186
0.06828102
0.069925
0.09333683
0.05504302
0.029095875
0.05930394
0.031220376
0.10867991
0.06419988
0.08200431
0.028725859
0.06830009
0.036375232
0.06655959
0.037480682
0.00030305612
0.04135257
0.0530342
0.026879907
0.05047233
0.065222375
0.0499184
0.0010146222
0.01859653
0.13443753
0.08463048
0.012180824
0.04666717
0.067534745
0.073490895
0.04649273
0.03901556
0.05106332
0.1021865
0.009136927
0.021475773
0.04862654
0.073956124
0.054012798
0.056265946
0.08374538
0.04374511
0.08530862
0.078076266
0.06035098
0.048546545
0.05351192
0.038101315
0.1123353
0.14573784
0.08387884
0.037874546
0.11657546
0.041574072
0.06823912
0.064956166
0.08663518
0.0787604
0.12766166
0.045958314
0.058636323
0.12446861
0.07229092
0.11443802
0.072263345
0.04705331
0.08902533
0.11057475
0.048748452
0.061376084
0.08831929
0.10246112
0.087485544
0.06698818
0.03252589
0.08261059
0.05286325
0.10253468
0.06911353
0.11763773
0.08439875
0.06137101
0.055426065
0.116042614
0.11379894
0.04865362
0.07161783
0.04743442
0.0501112
0.056071628
0.06469618
0.08965612
0.068695165
0.057118297
0.069053
0.04180648
0.052228637
0.13245772
0.07614736
0.055733267
0.08461146
0.09947839
0.09913125
0.049079493
0.057919055
0.114428885
0.06650062
0.08751432
0.043844726
0.06583988
0.07066058
0.11278399
0.09018079
0.052648332
0.068111375
0.034383986
0.066189654
0.047277365
0.076833695
0.0784596
0.044195518
0.059938513
0.07159029
0.052814495
0.11041255
0.078495115
0.07541429
0.032881185
0.03839143
0.10118111
0.045698624
0.043605607
0.08272822
0.044383373
0.05632389
0.06422615
0.032182217
0.07199384
0.09568467
0.037925757
0.052612193
0.02104881
0.057553206
0.04713674
0.06547422
0.110441454
0.012214236
0.098027766
0.07588815
0.043206487
0.06679461
0.042876
0.076933615
0.10524087
0.06932354
0.044118617
0.054292075
0.0674239
0.045668874
0.03259983
0.0437636
0.14558838
0.041033834
0.08263292
0.023466395
0.11143473
0.1366576
0.048910998
0.09765497
0.019301929
0.12760769
0.015672805
0.06976202
0.07924213
0.043640144
0.02451186
0.0147143705
0.054730102
0.010400233
0.064379424
0.026355028
0.0594712
0.038867194
0.043582402
0.113127455
0.013689442
0.045327663
0.03147508
0.11298745
0.07778019
0.03097231
0.052006
0.0686644
0.035475858
0.021562701
0.09109093
0.062300466
0.06987198
0.0686795
0.09465098
0.04660455
0.061991148
0.091729075
0.044105995
0.07107887
0.06560743
0.047426093
0.046268404
0.009375224
0.06816746
0.036178026
0.058881663
0.055791218
0.057565827
0.06359014
0.064649686
0.026229108
0.05292493
0.067607634
0.06758487
0.058973
0.10505254
0.091808096
0.08912673
0.027575191
0.07856126
0.032326
0.008695741
0.018848438
0.08633853
0.044216726
0.09407552
0.05235384
0.014417645
0.0775993
0.05917746
0.044294678
0.06040418
0.023740534
0.04973717
0.043740127
0.018621055
0.06995095
0.010605251
0.042821933
0.027663684
0.05793201
0.004663612
0.055849716
0.02277116
0.047378574
0.032764398
0.06861296
0.06826201
0.064073876
0.040910788
0.114637084
0.04741935
0.03929262
0.10292103
0.03173573
0.096215144
0.062328074
0.056880616
0.042853713
0.06259167
0.058108583
0.053811718
0.07443608
0.041378323
0.052056305
0.09434668
0.055080306
0.13750388
0.059944045
0.10292785
0.05345863
0.061944176
0.051586967
0.048342437
0.01915387
0.11509825
0.05242591
0.07487602
0.04368761
0.05736436
0.051413722
0.031471975
0.0
0.030827273
0.020716075
0.09064454
0.05975381
0.044929467
0.08192787
0.0827917
0.075328596
0.036703076
0.07517476
0.11079798
0.078136064
0.13199908
0.04704585
0.08629033
0.037923396
0.08268789
0.049227543
0.091954134
0.04607309
0.06329169
0.013120796
0.05974783
0.045352835
0.046342403
0.080948904
0.08873779
0.015876878
0.08320035
0.08102382
0.11893495
0.054585792
0.085419714
0.08568433
0.021836543
0.043855738
0.0379363
0.064946495
0.0745797
0.024403023
0.0950828
0.064272694
0.07682698
0.0544661
0.06221776
0.030316876
0.026555138
0.08643714
0.11297862
0.13101207
0.03611841
0.029104562
0.158889
0.04838062
0.07637435
0.08327286
0.07691027
0.067079194
0.056749184
0.044244286
0.048765384
0.051421482
0.071971975
0.064740956
0.06267672
0.08073347
0.029766012
0.08253102
0.03831051
0.04461489
0.10279177
0.068389304
0.09123859
0.031194767
0.07749989
0.06771118
0.032406278
0.057974752
0.0631394
0.03898561
0.06577943
0.050725706
0.117060624
0.0056664078
0.07701869
0.08055323
0.032318167
0.053876095
0.042409234
0.056195866
0.106412195
0.06323359
0.07605002
0.11101447
0.026908336
0.05756605
0.08018608
0.114116676
0.044894643
0.01715504
0.085536435
0.02443505
0.071002945
0.07529105
0.058958948
0.04734921
0.06802358
0.063984446
0.022688156
0.037597194
0.06077297
0.048508715
0.061603364
0.09562001
0.03357599
0.055084806
0.05234941
0.030581508
0.16728134
0.052090112
0.04977562
0.04472649
0.09345765
0.03771713
0.05228778
0.10657747
0.09194088
0.07010387
0.038858876
0.07405896
0.082977265
0.05844226
0.09185102
0.11120635
0.03370169
0.032243975
0.05358813
0.055916492
0.058224663
0.03727027
0.027955629
0.027602907
0.04968344
0.080545925
0.085354514
0.028543383
0.05413571
0.0637738
0.014411457
0.059852947
0.040304437
0.049156744
0.10564534
0.051367637
0.034584526
0.09302758
0.09925073
0.039698116
0.049983844
0.040550105
0.075409845
0.064262874
0.052353457
0.054105368
0.047941625
0.051589586
0.06577754
0.059214562
0.051297974
0.028633576
0.0633819
0.08732729
0.1001495
0.02430556
0.058632586
0.01606793
0.03233789
0.0859394
0.040168565
0.090795055
0.043323968
0.068424374
0.03319827
0.028132673
0.09145378
0.034287393
0.09569245
0.06512322
0.022588706
0.021844538
0.08968736
0.09966745
0.033075437
0.055339973
0.03903777
0.015647758
0.0742851
0.075273894
0.051609967
0.110838294
0.110994436
0.026846686
0.12148238
0.075779244
0.09606845
0.034258258
0.026890632
0.053370666
0.035384405
0.038986254
0.07759494
0.061419845
0.06859593
0.023912206
0.036226515
0.07963447
0.03782433
0.024992071
0.025599021
0.014105282
0.08918486
0.056929566
0.09541636
0.06889657
0.0697781
0.030730832
0.04923117
0.037924495
0.072609454
0.041981023
0.08623428
0.02094438
0.03799426
0.14894077
0.08953842
0.09912217
0.057900004
0.06868283
0.06025355
0.10055503
0.043753307
0.031486593
0.0719783
0.047590036
0.030486071
0.07178786
0.089399226
0.0679783
0.019723762
0.06347193
0.03832071
0.07543666
0.032272015
0.053263556
0.04377517
0.023891997
0.063579984
0.022940233
0.07864937
0.044687554
0.03660565
0.027436292
0.043220393
0.05809975
0.04479791
0.0853382
0.10324948
0.044721857
0.05003802
0.06446686
0.030243086
0.08057929
0.061162766
0.10880048
0.08352177
0.10193804
0.10192112
0.09461859
0.07597834
0.06586134
0.040023487
0.06240183
0.08408493
0.060149252
0.07765847
0.11114062
0.07062492
0.09183976
0.12068868
0.0628879
0.086130574
0.05423619
0.063254416
0.09296887
0.09237398
0.085794866
0.08225649
0.07046207
0.054540373
0.09851241
0.065840185
0.106470436
0.04801438
0.0649575
0.09281729
0.12127744
0.04471737
0.04213324
0.058979962
0.09107282
0.0642492
0.03724649
0.04623273
0.06644535
0.05943033
0.111128055
0.06605742
0.04634222
0.091653995
0.052218147
0.053605292
0.048644956
0.08130996
0.04712849
0.054117482
0.023237403
0.1327262
0.05328581
0.06683927
0.03166894
0.10048344
0.017201006
0.016508037
0.051373042
0.08112392
0.09292345
0.08428126
0.08653353
0.08978102
0.032218497
0.06412662
0.021490866
0.042748712
0.07160433
0.05661563
0.08053316
0.07290905
0.056674566
0.07922929
0.033600736
0.13295862
0.0619866
0.06925843
0.06553622
0.050613407
0.06946822
0.07797225
0.057548054
0.05127334
0.058448207
0.08756794
0.06355748
0.115168646
0.052887764
0.07367308
0.041751675
0.04502152
0.0848973
0.10637243
0.06708496
0.10452056
0.043174498
0.07980366
0.08887313
0.109498404
0.10177951
0.093933605
0.10745986
0.09712446
0.08200999
0.14191075
0.14981696
0.0677436
0.097873636
0.1080313
0.07877324
0.05591927
0.08717279
0.063639805
0.022388907
0.031550825
0.056786682
0.14665027
0.053632207
0.06679472
0.047186226
0.07672365
0.054465555
0.12740648
0.018996898
0.101233855
0.0056131748
0.026372494
0.009156832
0.039705873
0.036444116
0.032242198
0.05230735
0.05306713
0.053236905
0.054100316
0.029534008
0.07733127
0.031735905
0.057627283
0.084851146
0.0642217
0.07272664
0.047146074
0.15316223
0.03795523
0.045602303
0.037008714
0.03847211
0.04810861
0.09325156
0.015019656
0.07459466
0.111581996
0.14651369
0.06546022
0.06224626
0.049733117
0.093375206
0.09319132
0.113206215
0.057316836
0.029267216
0.06936332
0.13529888
0.031926308
0.081890896
0.043433927
0.040941473
0.07390908
0.06275552
0.09868797
0.09344751
0.036223046
0.09402183
0.067069955
0.0613644
0.090529464
0.06581082
0.116499156
0.044141266
0.038426645
0.051440343
0.100073405
0.07322777
0.081744485
0.08924835
0.06335309
0.0624291
0.07084825
0.021655554
0.039050948
0.05262677
0.03967893
0.10804489
0.06463489
0.06784639
0.06608412
0.046194404
0.016350344
0.059403762
0.100213304
0.0985142
0.012812742
0.04782365
0.05840077
0.028462993
0.030815503
0.061645098
0.05400172
0.028350506
0.06702974
0.062924914
0.03577749
0.010558163
0.023665952
0.032306258
0.08032742
0.05740968
0.04907331
0.04556073
0.07543685
0.03894705
0.051676713
0.035532508
0.039588068
0.058116652
0.09545435
0.13403206
0.1280308
0.08502681
0.1032532
0.04512661
0.070634745
0.16112421
0.06302038
0.05498513
0.14401974
0.084278144
0.117057145
0.09072252
0.10880014
0.09496413
0.15503234
0.07574626
0.0819643
0.096314356
0.09562733
0.12941065
0.08950996
0.14596026
0.099957116
0.134255
0.10671002
0.123136416
0.11118948
0.11217544
0.1461694
0.11605945
0.080900945
0.1527596
0.121527724
0.09438893
0.10167945
0.10028146
0.11998932
0.08486485
0.099699065
0.107567355
0.10745567
0.09328002
0.13395275
0.12744045
0.10853622
0.0790276
0.08928746
0.09777364
0.13267691
0.113322884
0.10869764
0.11147614
0.103563115
0.096344426
0.16843566
0.14243989
0.105707526
0.11890815
0.14731404
0.10637554
0.13544874
0.1487273
0.12396389
0.12888843
0.1264193
0.15879077
0.18039587
0.18647993
0.15323925
0.19808622
0.15053977
0.114966266
0.14877284
0.24036495
0.16412398
0.1403944
0.1302399
0.13993219
0.22371675
0.15306433
0.12034762
0.14808401
0.17171106
0.14389385
0.12052834
0.14634764
0.11885794
0.19031848
0.15110964
0.14039397
0.12901571
0.15050775
0.11914839
0.15234077
0.1733136
0.17895903
0.20173466
0.04227201
0.16232936
0.021285908
0.06337228
0.030382263
0.06313196
0.0765151
0.08196437
0.050559133
0.06511917
0.063658945
0.0159472
0.048272677
0.06481441
0.058064364
0.02884601
0.030953873
0.07051029
0.08851062
0.06780756
0.037701033
0.03766339
0.03096409
0.07835172
0.06848968
0.03409944
0.02434282
0.04403206
0.034143742
0.048072487
0.057436213
0.08551832
0.022717917
0.084111474
0.09100404
0.07827598
0.063550875
0.026562287
0.019737452
0.04135222
0.08347747
0.07025332
0.04751513
0.049759187
0.084396
0.14573085
0.08222129
0.08881205
0.09436041
0.05454234
0.037471503
0.062086377
0.09060352
0.05279705
0.0596788
0.0872139
0.051738944
0.03678652
0.10390965
0.049104586
0.04500675
0.057775732
0.06145695
0.015499764
0.086322844
0.06188129
0.076182544
0.083444856
0.07129537
0.07931099
0.0626438
0.066933036
0.015233475
0.076849565
0.044620845
0.06411757
0.06741509
0.075527236
0.08627381
0.04790044
0.042126045
0.01946211
0.08610292
0.004938509
0.036617663
0.063134745
0.10604158
0.05037358
0.040387534
0.06735168
0.04591973
0.09587002
0.061467215
0.09396766
0.020775745
0.018451078
0.037811823
0.07797965
0.12739715
0.043053597
0.05630429
0.070014626
0.056743503
0.05608563
0.028962424
0.07881328
0.051992737
0.036240928
0.021122124
0.081979305
0.08202769
0.056950424
0.033122137
0.06005801
0.022475654
0.07269408
0.04028655
0.08719483
0.02879601
0.06981085
0.058750954
0.08073869
0.15107785
0.044658132
0.058712963
0.027140891
0.054022033
0.030245824
0.04056287
0.042678628
0.037450008
0.09475755
0.06795489
0.09576603
0.051352926
0.023833532
0.060623363
0.057646226
0.066713646
0.016440066
0.04246076
0.03352577
0.08976392
0.07946933
0.06451219
0.05747493
0.04017584
0.096423805
0.010740614
0.12146201
0.09118549
0.046332456
0.06350088
0.10646729
0.06947149
0.12390022
0.07774866
0.09007503
0.05936503
0.025886998
0.049778324
0.05362074
0.05535573
0.03038324
0.07821829
0.04520855
0.04151459
0.05775314
0.10538689
0.050077394
0.063050345
0.103673756
0.04094683
0.099727124
0.07235456
0.0935357
0.05579971
0.017461237
0.024847299
0.068670936
0.023252381
0.032430775
0.055356607
0.07235042
0.06999831
0.20824486
0.051630743
0.045013677
0.08668584
0.06912575
0.075446114
0.10018991
0.08799814
0.037296943
0.047639966
0.060149416
0.062486798
0.08169196
0.048454612
0.050944682
0.028708179
0.06865413
0.10864324
0.03883885
0.063836396
0.018589796
0.09523494
0.03981903
0.10014784
0.037188973
0.08860736
0.036727376
0.09020131
0.06858956
0.059386842
0.086310685
0.09795559
0.06399172
0.09944714
0.04481566
0.07289706
0.065217316
0.035331506
0.032643758
0.102077685
0.11134437
0.05610813
0.044673186
0.059273917
0.029501392
0.026509745
0.048125982
0.050280847
0.081370875
0.057237424
0.08628906
0.06769324
0.031935297
0.020414378
0.048007987
0.048056472
0.039540794
0.0607088
0.07502486
0.06862067
0.07877982
0.06841343
0.044830035
0.05723459
0.058823742
0.04956417
0.051639333
0.04836251
0.09469824
0.04992293
0.04536811
0.09487938
0.021484317
0.03731379
0.042696424
0.0431739
0.09840128
0.085499085
0.012348877
0.05901795
0.07645989
0.01825439
0.035808366
0.07693331
0.10070419
0.03644235
0.040130455
0.09360625
0.019576907
0.024205351
0.05974645
0.09711636
0.0224347
0.04613559
0.10274973
0.1289623
0.08323597
0.041951023
0.047116112
0.09381674
0.016550053
0.08127048
0.06652707
0.032875087
0.05452105
0.02349299
0.047738302
0.037389718
0.062293425
0.063165046
0.059279576
0.04756774
0.015463593
0.06978347
0.06046136
0.056223188
0.056563586
0.059129115
0.011551246
0.049486004
0.040246226
0.09096789
0.020603998
0.09067307
0.01903816
0.042247646
0.03753904
0.11382679
0.065095946
0.034017764
0.03001701
0.042950716
0.042930797
0.025953222
0.06301151
0.054159902
0.022511624
0.06329028
0.019113433
0.10001656
0.05814496
0.06239427
0.065935425
0.055980593
0.030122712
0.10754488
0.0487115
0.010393368
0.010118193
0.03506866
0.087040104
0.054479808
0.04887042
0.037948154
0.05361535
0.08778919
0.03556327
0.03047518
0.04324784
0.047688864
0.008981767
0.1291934
0.044856604
0.045168005
0.054213043
0.08552291
0.07215615
0.041275308
0.081707716
0.1460333
0.043805733
0.012605355
0.07889298
0.039869267
0.07031733
0.036799658
0.039288785
0.06894615
0.1294958
0.03355233
0.030074216
0.021337198
0.035067607
0.042050876
0.04998635
0.049350016
0.039473545
0.029091991
0.055290975
0.08079825
0.04250914
0.040835265
0.056097254
0.120145164
0.08531556
0.044455834
0.12885737
0.043191325
0.12209285
0.13463119
0.07744032
0.08218844
0.108286716
0.029970007
0.04287181
0.08115011
0.048865978
0.1695938
0.073818445
0.064644895
0.07482219
0.053113807
0.08978744
0.03853587
0.066055305
0.088469945
0.05985963
0.11363986
0.04518702
0.03819516
0.09659099
0.10110441
0.055931736
0.120172635
0.03621494
0.07668327
0.047576644
0.060834844
0.18574142
0.21860923
0.15817821
0.09463282
0.083824426
0.057157382
0.07414509
0.07790546
0.2193293
0.13140404
0.10565024
0.15128207
0.0962463
0.06975944
0.101116925
0.10976063
0.16711527
0.11363567
0.14863749
0.09956132
0.16494879
0.16649053
0.1383465
0.10371776
0.0806829
0.11131917
0.10353004
0.17255948
0.1651169
0.16276637
0.16509308
0.19608968
0.17115656
0.09497188
0.13519153
0.26520324
0.16804184
0.16978705
0.17149375
0.16626409
0.18532835
0.14760162
0.17849378
0.18181455
0.1769955
0.14892282
0.17496713
0.19141217
0.19325793
0.18185864
0.15154696
0.20430239
0.17070654
0.13515942
0.14656197
0.120975465
0.14079806
0.119980924
0.19852886
0.20761235
0.21981817
0.1152645
0.19923227
0.16942756
0.27655217
0.27065793
0.18615419
0.20236607
0.24139942
0.23845
0.19424008
0.26826605
0.19107163
0.15708713
0.22938487
0.17992587
0.19090872
0.15810417
0.17165633
0.27564195
0.17005259
0.2161779
0.35720155
0.25787747
0.16448724
0.20480639
0.165172
0.17892668
0.22970402
0.17255667
0.13614313
0.083209924
0.1814563
0.18675378
0.18836342
0.25088197
0.18772288
0.15214628
0.21618614
0.2008061
0.18272129
0.21024497
0.21024863
0.2563617
0.14860779
0.13738422
0.13674483
0.19827145
0.23010924
0.24189298
0.20168331
0.24902837
0.1285106
0.2448523
0.27861485
0.14533803
0.14419536
0.15375179
0.21672744
0.17079532
0.17580463
0.1571277
0.22648834
0.1558437
0.19115904
0.17300126
0.23698756
0.22831501
0.17170668
0.22591631
0.2007924
0.2633377
0.24709105
0.28105518
0.22885369
0.27630055
0.27038032
0.14244722
0.21782622
0.2525031
0.20997657
0.29181513
0.22241302
0.24052572
0.22362532
0.24621369
0.24950843
0.22311123
0.2797549
0.25565383
0.2203364
0.20172223
0.26249233
0.3317271
0.30327073
0.21795864
0.07440915
0.045837894
0.080492
0.04646451
0.033342175
0.08659215
0.061742265
0.055302415
0.11173358
0.064731486
0.06967571
0.041644115
0.057857875
0.072334915
0.082012154
0.094247475
0.08894806
0.112099424
0.09028441
0.08689448
0.0755223
0.099312045
0.077145234
0.0707617
0.06577922
0.056123648
0.09249299
0.09221924
0.0807686
0.1040187
0.08911141
0.08346322
0.054589428
0.0670345
0.05988562
0.06486265
0.051194865
0.05219033
0.057779185
0.07023034
0.08951019
0.054470826
0.06534214
0.09343437
0.10265697
0.08801307
0.050673325
0.039636903
0.049059898
0.06879335
0.052784488
0.05314169
0.1509041
0.09061658
0.110532455
0.11038309
0.04932279
0.059074905
0.101146504
0.08590084
0.120742954
0.06338591
0.061038893
0.08393122
0.08388871
0.12695347
0.064607404
0.08107309
0.039867893
0.046322417
0.1654054
0.16239645
0.13973221
0.1391857
0.13638172
0.118311025
0.09297636
0.11492618
0.12253616
0.10477281
0.1391662
0.1077418
0.11399652
0.11543982
0.1282037
0.1181054
0.10406855
0.11515742
0.09434114
0.16290739
0.10698578
0.10317334
0.12074881
0.18118282
0.09639026
0.09322072
0.08152051
0.070342
0.08075115
0.14109579
0.060029585
0.10285188
0.11074165
0.11001957
0.10295122
0.11691083
0.095006675
0.087634705
0.117087334
0.11098206
0.12336586
0.09188608
0.124031
0.13029332
0.11701162
0.10103816
0.159153
0.09056315
0.12113252
0.10572231
0.130833
0.11290708
0.12788692
0.15924856
0.13119668
0.13940561
0.11510787
0.15708707
0.13906603
0.11908524
0.15048498
0.14077765
0.16827483
0.1368381
0.121770754
0.1387372
0.116351984
0.14251472
0.15721533
0.15076828
0.12283101
0.18174306
0.16291584
0.15372106
0.14776126
0.12883405
0.12203524
0.1587901
0.14935328
0.124021135
0.13572772
0.16861263
0.15959337
0.16567956
0.15622357
0.0996597
0.1377808
0.130718
0.10385632
0.13630882
0.11899954
0.1423052
0.18657659
0.14770631
0.12796587
0.1564543
0.15540144
0.12029451
0.1251526
0.11363728
0.1464299
0.11424943
0.12659171
0.15820009
0.12391274
0.10857422
0.1638136
0.13139817
0.13441567
0.13052586
0.11370562
0.15102777
0.17459017
0.12048271
0.14658321
0.11300401
0.15408535
0.16205287
0.17416891
0.1568966
0.12515198
0.11617387
0.13096698
0.12681374
0.13208298
0.12744388
0.16307287
0.12517467
0.12294856
0.119272456
0.16824272
0.23402219
0.18722618
0.18411584
0.18351974
0.17294563
0.18209238
0.16959077
0.19284636
0.2277127
0.16305172
0.16880392
0.15762113
0.21454886
0.2785087
0.16884224
0.17204018
0.051942166
0.042179465
0.089412734
0.05040619
0.07472835
0.03014644
0.062340666
0.080662265
0.10975616
0.053865075
0.061164342
0.08000671
0.080705985
0.10170123
0.11768582
0.0690461
0.08139297
0.07062122
0.06508975
0.07153429
0.10707778
0.06988997
0.06661495
0.14316343
0.10658766
0.059994202
0.080182046
0.07455157
0.13034922
0.105744936
0.040952172
0.08195692
0.065199554
0.08443546
0.06428157
0.07585062
0.11835828
0.08189666
0.09960881
0.08060154
0.0976678
0.11763879
0.066211045
0.06720625
0.14247923
0.060533065
0.14046456
0.047532585
0.05786681
0.05434328
0.07682823
0.06258943
0.108047225
0.13807556
0.057711408
0.06527128
0.0937097
0.0994378
0.10275632
0.09621837
0.076820225
0.059430152
0.11258753
0.067238174
0.10257932
0.07614694
0.07934244
0.066510685
0.05870333
0.06960017
0.0832652
0.07152304
0.11154916
0.060283232
0.060406256
0.09289523
0.119586885
0.073876746
0.1178817
0.12916088
0.092447065
0.061361324
0.08932589
0.112906955
0.062295664
0.09738029
0.07104551
0.08295789
0.06702838
0.031238968
0.120547414
0.05390747
0.14874393
0.0782428
0.19209403
0.13284057
0.09394973
0.08856965
0.11493624
0.09087696
0.05168001
0.110855065
0.0852164
0.06637496
0.074811
0.07894203
0.11386939
0.122360855
0.07971346
0.069472715
0.10959726
0.045213833
0.07871464
0.12111902
0.12257759
0.13080138
0.14795037
0.101708144
0.08391406
0.051287502
0.056077585
0.05577697
0.053410064
0.06870012
0.102687396
0.08841782
0.033922914
0.09870396
0.020178298
0.11878941
0.08135783
0.058871355
0.12731713
0.13309546
0.11154964
0.069664456
0.066829935
0.011365841
0.06428191
0.050559815
0.03246513
0.15748507
0.05618944
0.026206875
0.035483804
0.10174026
0.06702151
0.03926151
0.053049777
0.08193487
0.06993785
0.05468758
0.071428426
0.028255524
0.06477803
0.04576019
0.041853134
0.10739174
0.032231662
0.024482397
0.12826654
0.047233984
0.0295976
0.05325468
0.043410335
0.05145031
0.05760036
0.022755478
0.026397355
0.0642118
0.12823209
0.045489643
0.034749296
0.007146742
0.07562426
0.0939297
0.07906972
0.027647244
0.098272406
0.07469383
0.05618603
0.08736991
0.08986119
0.022672733
0.036880042
0.087822884
0.02959253
0.009835759
0.028175397
0.046138275
0.08007979
0.037592147
0.058651064
0.055833492
0.03721252
0.05258761
0.015175864
0.048723716
0.021304436
0.047493305
0.04713053
0.016642341
0.0802185
0.10982415
0.06413334
0.14014885
0.054718252
0.07312724
0.019486593
0.13148052
0.026161114
0.07829836
0.0836478
0.042762667
0.060122862
0.02763906
0.08179086
0.182018
0.020269223
0.043677278
0.08323518
0.025857452
0.06889146
0.06466435
0.03909483
0.044565834
0.009927969
0.059402402
0.051284596
0.0848817
0.041372973
0.053180736
0.085294165
0.03805186
0.05026407
0.059675697
0.073899284
0.07181985
0.058445588
0.11148754
0.04765426
0.06696141
0.04047136
0.028544484
0.1195983
0.04599408
0.08167806
0.07196032
0.025236692
0.015169404
0.091397636
0.07978104
0.06703494
0.028169619
0.08977193
0.060847763
0.074259445
0.09742644
0.07283607
0.020893835
0.057325494
0.044643197
0.03829698
0.039517853
0.04787199
0.026741026
0.079983205
0.05901529
0.040550247
0.033687185
0.02206837
0.011304285
0.040673997
0.07065755
0.08590999
0.059063137
0.04779681
0.030763293
0.08294745
0.10019784
0.12498552
0.03213588
0.06504684
0.03365361
0.048997346
0.072889775
0.08436074
0.02947281
0.03583468
0.0856042
0.03361509
0.04054761
0.0074296263
0.004331368
0.04380002
0.010919827
0.052268125
0.05885626
0.04899267
0.05233651
0.040566087
0.061614636
0.05071454
0.05038002
0.013617157
0.024497138
0.0796827
0.10984759
0.07565187
0.07707807
0.05414841
0.08264695
0.019366045
0.07341113
0.10434588
0.072370425
0.021174472
0.084624
0.045175724
0.044108097
0.10411429
0.11726678
0.09465125
0.04497411
0.02781386
0.03289703
0.04850925
0.032966573
0.033242214
0.10917583
0.06599686
0.09638271
0.05534041
0.046520922
0.030965677
0.0728918
0.03722702
0.07426423
0.03836005
0.057044204
0.08066873
0.08863581
0.030405536
0.08217265
0.09237964
0.025692662
0.18987426
0.044245347
0.07470702
0.07238891
0.06509011
0.07786365
0.05329175
0.06936216
0.098845184
0.11689873
0.040269766
0.13303544
0.08208128
0.04514419
0.08198004
0.08209212
0.052745704
0.06434263
0.043402236
0.05407658
0.077165686
0.027541539
0.03564035
0.033701316
0.060007397
0.040810708
0.043854084
0.037233323
0.03339495
0.06652868
0.031743255
0.087527044
0.07819602
0.09414015
0.06474622
0.03432731
0.06640542
0.090741836
0.03983107
0.07422136
0.058246613
0.07505297
0.07083157
0.09691323
0.08824658
0.11561354
0.09404006
0.10610221
0.079249725
0.06631542
0.15031476
0.06334167
0.08688254
0.06663187
0.10261601
0.079274416
0.13531213
0.0469734
0.116110854
0.07558304
0.05684695
0.10360725
0.13409491
0.058654796
0.058131568
0.057030514
0.03769831
0.08092111
0.050008167
0.09157592
0.09046993
0.05171737
0.12250707
0.13425662
0.07440851
0.06335616
0.077722296
0.08517096
0.11822278
0.08958104
0.20747517
0.07292577
0.091684304
0.10940086
0.086665586
0.0872089
0.13686794
0.08715581
0.09561289
0.12388922
0.06380017
0.117822066
0.06968358
0.12307223
0.09326531
0.058841743
0.10222966
0.10631459
0.095032975
0.078183405
0.055935852
0.07780423
0.0810562
0.1686405
0.10084719
0.065973654
0.071133755
0.09738877
0.095655605
0.081498496
0.09323215
0.050965447
0.08947011
0.07973458
0.07105128
0.057394836
0.108000465
0.10805606
0.043802153
0.118554935
0.057373274
0.07956868
0.15531151
0.078275405
0.10424867
0.07604572
0.07271227
0.06704547
0.05917902
0.06872185
0.06869551
0.06736955
0.08462038
0.076980546
0.08990814
0.06339226
0.07437502
0.0702252
0.072987944
0.07774697
0.07214159
0.044866465
0.08140876
0.041918673
0.070282
0.05329558
0.039608296
0.048972517
0.035476923
0.033269506
0.04345959
0.079761
0.055701032
0.15063822
0.07244676
0.03273862
0.099637724
0.060413435
0.03488638
0.11319665
0.043639846
0.041624382
0.043472573
0.111991994
0.025904791
0.088989794
0.051689275
0.07364531
0.04054502
0.052118845
0.080817804
0.06206897
0.036250595
0.048449688
0.028112104
0.032149576
0.048822444
0.07961338
0.039047334
0.02057624
0.028717427
0.039113622
0.056880254
0.07885606
0.11825073
0.078450784
0.045631856
0.03769813
0.090032846
0.042131137
0.05622084
0.04321259
0.04879996
0.07908014
0.05842539
0.016408576
0.06879369
0.060946107
0.02723676
0.054986034
0.07658557
0.045056622
0.05088139
0.025718741
0.021915847
0.08016312
0.07861462
0.05826759
0.099584386
0.11714293
0.034364678
0.063728675
0.11990258
0.07969207
0.0710942
0.08426945
0.01177034
0.09266557
0.032970645
0.04057683
0.03434609
0.046485834
0.09462703
0.034313556
0.024358543
0.04613635
0.09050573
0.03142646
0.040930852
0.0985961
0.041562784
0.14699888
0.09463654
0.09906546
0.09521202
0.1469491
0.11862894
0.13652217
0.069000825
0.05848826
0.07637264
0.084390804
0.074332185
0.109315135
0.07871648
0.084243275
0.081633374
0.06878592
0.086436786
0.10835137
0.08278773
0.13896786
0.06323996
0.091981575
0.11838227
0.056479063
0.15794137
0.12794702
0.08456847
0.12787609
0.08630337
0.08525717
0.11273096
0.11598134
0.0955557
0.10855383
0.076498285
0.13746351
0.094713055
0.1629309
0.10054884
0.09795321
0.085709
0.124820955
0.08848614
0.11948436
0.07985397
0.079768725
0.124305874
0.08449657
0.11047268
0.08342665
0.0873045
0.11618532
0.11352611
0.1274725
0.1602422
0.1211819
0.08332501
0.078233734
0.06929508
0.08442891
0.10395383
0.10640436
0.10245594
0.10171407
0.08708793
0.101988
0.09718506
0.076888695
0.08037227
0.085763074
0.115451664
0.07326335
0.08989936
0.07192959
0.11206443
0.09362418
0.1051759
0.08450068
0.08836647
0.072287254
0.05209983
0.09495873
0.111444145
0.1477438
0.08443366
0.103377625
0.08321088
0.10426068
0.10956374
0.075060606
0.07963929
0.06754833
0.123546906
0.093108945
0.08851608
0.05549639
0.10322242
0.07154301
0.10482015
0.076049045
0.080424264
0.093172975
0.074322574
0.16407073
0.09479653
0.05996894
0.09662318
0.08362944
0.110828765
0.06594106
0.102218926
0.09254571
0.076093696
0.117851704
0.09851476
0.077135034
0.06603102
0.07979913
0.06543337
0.08902741
0.0522667
0.069582894
0.058363102
0.09562035
0.09709799
0.097026184
0.03013952
0.11738554
0.098553054
0.05931872
0.10900376
0.03799756
0.089072116
0.0987545
0.046599198
0.04382434
0.04659929
0.04761619
0.055155512
0.06335488
0.12092893
0.06888193
0.06288732
0.06112167
0.10387615
0.059121378
0.056279562
0.08161385
0.049503475
0.08428252
0.065435134
0.11430603
0.20437673
0.087195046
0.078793675
0.07814437
0.08347575
0.10980453
0.06347307
0.12639017
0.05275023
0.13202202
0.056453772
0.082963996
0.059695203
0.093551494
0.07086645
0.08520428
0.06355625
0.07660594
0.06587095
0.09084668
0.09942064
0.051848076
0.0615746
0.05812402
0.04170662
0.11152734
0.11111837
0.06896715
0.10518753
0.08759964
0.059107505
0.025913995
0.07133815
0.05176302
0.0529397
0.09568841
0.040893845
0.035870787
0.10128251
0.026022483
0.027823769
0.070286155
0.08598951
0.057279088
0.03179693
0.0500723
0.061576314
0.10919161
0.027568538
0.05963258
0.10606866
0.10419132
0.083854534
0.09878368
0.08801209
0.080380626
0.057300072
0.05152192
0.0722502
0.080601394
0.041132588
0.039481506
0.09583873
0.07126984
0.06478158
0.06940342
0.047336828
0.051506247
0.05665073
0.026879169
0.0630774
0.077080905
0.02603329
0.05642554
0.045556232
0.07729592
0.05887907
0.089012265
0.13854852
0.054726403
0.10006656
0.067484565
0.026182134
0.07453807
0.069292426
0.077179
0.025854725
0.10146906
0.09408054
0.021402366
0.078800544
0.07650434
0.05300746
0.037630443
0.054366373
0.049878966
0.097447604
0.14583573
0.049489103
0.028669933
0.041921385
0.049944576
0.061574675
0.062109947
0.038320787
0.036704343
0.03708826
0.036984265
0.05333708
0.027000792
0.022424601
0.06166519
0.03468695
0.017747961
0.09552581
0.025489165
0.046350848
0.05849594
0.052732017
0.05330004
0.037065208
0.02232503
0.039778978
0.020979168
0.14558923
0.03083425
0.027346374
0.07117628
0.015582738
0.115458935
0.04774592
0.037578277
0.065419145
0.055049475
0.04512308
0.063643225
0.031010646
0.024458887
0.053863566
0.017828127
0.02868724
0.022495532
0.03142127
0.061994888
0.030293135
0.0377498
0.089316785
0.0445123
0.11766208
0.059049997
0.04953912
0.027967723
0.16238178
0.06774209
0.025541432
0.045249954
0.064835116
0.05903885
0.031267803
0.06465568
0.011705873
0.11789395
0.048926838
0.056650225
0.060798127
0.039400194
0.0629
0.022935413
0.07867976
0.04316908
0.011373206
0.028502911
0.014671839
0.021127941
0.05730892
0.062309876
0.103978395
0.034705095
0.045201965
0.021146394
0.097404614
0.05021641
0.054755833
0.031114344
0.08002397
0.08877866
0.08017571
0.05730002
0.12526397
0.08779075
0.05960236
0.0680489
0.099647455
0.047586627
0.070755385
0.08429486
0.09676187
0.043394297
0.06204209
0.051348835
0.06318633
0.031191172
0.07629142
0.051593777
0.074534565
0.0621679
0.06757187
0.0653762
0.06641947
0.08044018
0.04208877
0.05212946
0.05356495
0.074528344
0.09312215
0.033782132
0.07111085
0.04112386
0.07418599
0.043184016
0.090233624
0.067925796
0.050060228
0.037923295
0.05618957
0.057554778
0.04673232
0.049381718
0.076023646
0.058099944
0.089170605
0.021641916
0.0772406
0.044541225
0.041020278
0.10653217
0.05300024
0.05627556
0.031558182
0.061076794
0.022041455
0.03719201
0.08750357
0.052887302
0.052298963
0.07107746
0.03172864
0.06889735
0.06882413
0.043109518
0.02219778
0.07044484
0.026596477
0.055687584
0.046656374
0.02149584
0.094158836
0.045317326
0.07480658
0.08484231
0.069666624
0.07419758
0.051050417
0.06683987
0.022562547
0.024444977
0.059230074
0.059528925
0.07966931
0.10720864
0.075757995
0.047924493
0.09047699
0.06911059
0.08236115
0.033857893
0.05119989
0.03685877
0.09833569
0.067479484
0.05885992
0.029548889
0.030702425
0.03026318
0.09363564
0.09025463
0.058845527
0.10084771
0.04829543
0.11177913
0.07414442
0.074869014
0.055242594
0.04664105
0.0661855
0.086723305
0.066898406
0.09598759
0.08746033
0.084530614
0.049689747
0.098940425
0.016057422
0.06413302
0.041607067
0.048727844
0.026414193
0.041042145
0.041471224
0.0754848
0.02905705
0.010511904
0.043331675
0.024631726
0.0355891
0.028970858
0.015878832
0.10186496
0.06218086
0.048652414
0.09066065
0.043665193
0.016389633
0.04415196
0.08194874
0.046207905
0.027593203
0.099725075
0.04929834
0.04902063
0.016303161
0.037436817
0.038211826
0.024271652
0.054254934
0.08077922
0.09018195
0.10355461
0.08558601
0.1094868
0.057696078
0.062446065
0.05663387
0.099793114
0.06882567
0.018744819
0.045349807
0.016089026
0.05562192
0.013720551
0.056488004
0.043774933
0.08122359
0.028100142
0.029375115
0.046795085
0.031297155
0.035293356
0.023925766
0.073162414
0.087908134
0.05045327
0.06125472
0.057925094
0.06537896
0.081715584
0.1130938
0.041094393
0.024984514
0.085295215
0.03777043
0.06557887
0.033342037
0.041584656
0.020418007
0.034000058
0.05419962
0.08396064
0.0899269
0.04789043
0.044625286
0.057461053
0.029732969
0.106151804
0.021861926
0.09900496
0.032644488
0.041548576
0.08869652
0.041781586
0.08909159
0.06897403
0.0569229
0.02674944
0.057834066
0.03382051
0.046111893
0.05138212
0.0353274
0.04585644
0.06683503
0.056447662
0.09749817
0.075094156
0.061897594
0.07102614
0.06361488
0.053834904
0.07436168
0.051105537
0.06613477
0.16542736
0.05142264
0.03558435
0.037891764
0.052867636
0.02044441
0.07935856
0.0597253
0.008902913
0.03705208
0.06648616
0.010660091
0.08819098
0.06275402
0.080999896
0.050355937
0.058710203
0.06335263
0.0631541
0.013049868
0.095324166
0.08006608
0.11574455
0.052768692
0.03405286
0.036421858
0.016743839
0.062215198
0.052761495
0.03182684
0.05425401
0.059071045
0.062269308
0.052123573
0.032915946
0.039939556
0.12283372
0.10650687
0.073733486
0.054533057
0.026752347
0.05281525
0.05202894
0.06351999
0.04638468
0.16051908
0.03253571
0.06889624
0.070709035
0.13664587
0.10856064
0.06406987
0.035509024
0.09631413
0.07659813
0.06265024
0.037052933
0.093431324
0.10449111
0.07839879
0.026033672
0.040687364
0.035693876
0.07246125
0.05761677
0.079551354
0.07580547
0.056266315
0.12237084
0.032712374
0.10438242
0.06322566
0.12919013
0.049611483
0.06503579
0.15506677
0.08010072
0.05349528
0.079210736
0.097779006
0.09811198
0.08971438
0.04786634
0.04500141
0.06732357
0.054450136
0.05952712
0.08403147
0.056216437
0.12533587
0.058256224
0.08345254
0.0535077
0.05859929
0.03735985
0.05133297
0.09635666
0.04986918
0.047987252
0.045819663
0.11936748
0.036852647
0.08312855
0.13573207
0.05611904
0.060781717
0.090938225
0.08893702
0.041834515
0.058685523
0.023746995
0.036770873
0.014597758
0.051401272
0.047112726
0.051431775
0.12148369
0.10151045
0.026539514
0.10527913
0.058083057
0.0299097
0.08409498
0.045416795
0.044637445
0.078635156
0.022064932
0.022795513
0.02575493
0.15475954
0.04099503
0.044935122
0.035271097
0.04805679
0.020631203
0.031512972
0.12949206
0.089475006
0.09462934
0.081857994
0.06872615
0.035429336
0.06189356
0.05045211
0.02578648
0.026133627
0.05448579
0.027740762
0.034761045
0.041941825
0.05001053
0.079636544
0.051102955
0.0498644
0.02928938
0.0653165
0.055553224
0.017639874
0.16227707
0.05137092
0.02486821
0.09140304
0.047352757
0.05100382
0.10716873
0.104108155
0.023648586
0.045308426
0.08808724
0.08763385
0.08645391
0.071554385
0.11755492
0.07880674
0.060572784
0.011097593
0.028161602
0.032281
0.016495708
0.015774013
0.14757338
0.06509635
0.110993974
0.094609566
0.051781274
0.07629679
0.026146863
0.0887847
0.027959669
0.08361191
0.05316891
0.027692335
0.08729239
0.052052744
0.018016968
0.019217495
0.033245802
0.029741546
0.044683285
0.07320915
0.039163444
0.039696023
0.046264637
0.06763832
0.015690846
0.047336392
0.08313119
0.056994088
0.057333507
0.049780894
0.051989555
0.12071686
0.113946296
0.06339752
0.04369668
0.06911558
0.058711868
0.06213329
0.12330909
0.11779736
0.083689764
0.07451297
0.10260317
0.042407356
0.056708436
0.05635934
0.06300916
0.05580884
0.03838415
0.078847766
0.06683391
0.07491889
0.052438874
0.023413032
0.07884468
0.113082044
0.07687378
0.100650676
0.07548688
0.07281695
0.053148158
0.12570688
0.026104527
0.07186252
0.07102026
0.08524145
0.06478841
0.04067971
0.11008338
0.020365324
0.055085834
0.048525296
0.039125256
0.022772854
0.04745937
0.08261022
0.043236166
0.05610202
0.044477586
0.039846346
0.053059567
0.10431263
0.043181647
0.058298852
0.10200788
0.030850042
0.076002486
0.042016268
0.031782255
0.10115067
0.071390696
0.087482
0.07972217
0.10686076
0.050663948
0.069733374
0.056904785
0.06393859
0.0486185
0.11904699
0.06945465
0.038195297
0.1252565
0.05891078
0.071166664
0.074373774
0.06862635
0.05074441
0.048533443
0.12182788
0.06636334
0.062452003
0.0827505
0.053324774
0.065597944
0.10681701
0.07183501
0.060859855
0.09234901
0.06250388
0.056496445
0.06533132
0.054885864
0.12438711
0.09223811
0.09355903
0.07974998
0.067250416
0.101533115
0.08507188
0.09067398
0.07638739
0.059197426
0.06180848
0.07924077
0.10551202
0.050420176
0.045684233
0.05395033
0.08148073
0.059992503
0.06094706
0.054448258
0.06371631
0.09545628
0.09543431
0.036296643
0.078895144
0.10363016
0.04503294
0.046527814
0.07146843
0.08265176
0.036228657
0.05940497
0.063956864
0.034585625
0.045408323
0.07813936
0.033629797
0.08262254
0.050773438
0.0573725
0.04378273
0.089621335
0.08562771
0.10621903
0.099863894
0.08834464
0.050330594
0.074227236
0.059053205
0.044225253
0.035170972
0.053004526
0.058960345
0.04862112
0.061611336
0.09223751
0.08205903
0.050946016
0.08735265
0.08997244
0.092592694
0.08159413
0.06518449
0.06398194
0.05109795
0.053393602
0.04709876
0.055454716
0.029778568
0.056388713
0.021260312
0.10230267
0.053977683
0.06255048
0.10741056
0.1078561
0.08852289
0.087428406
0.11771125
0.067928456
0.09472842
0.09250629
0.08665773
0.05672683
0.08215817
0.06862911
0.089762606
0.080412485
0.115914136
0.097305745
0.08548534
0.064438045
0.11858421
0.062415957
0.11315572
0.09415584
0.06739739
0.10193709
0.09469958
0.08059947
0.099134356
0.08001665
0.062059928
0.08332782
0.1150778
0.06636736
0.03460996
0.036587384
0.08428864
0.044910528
0.05849016
0.07472802
0.09719087
0.062335256
0.08781573
0.059095606
0.10232919
0.10518417
0.047873493
0.06448787
0.0853721
0.119415335
0.061694324
0.1148107
0.057557043
0.13481356
0.05648432
0.081325926
0.0644843
0.05624733
0.120852366
0.07374784
0.06741108
0.0886623
0.07396544
0.053194698
0.062980935
0.04798982
0.12316201
0.06339171
0.056292824
0.0654515
0.083719626
0.10389862
0.075241864
0.084421776
0.11956046
0.122702494
0.12218415
0.079214804
0.09349148
0.06747667
0.093999
0.09342542
0.14268413
0.104593195
0.09712363
0.083337575
0.0980616
0.119245194
0.12061294
0.09735707
0.10822455
0.098229095
0.087405
0.12512153
0.06746292
0.08702309
0.11066783
0.083704494
0.10510168
0.10064657
0.09039065
0.11417761
0.14005476
0.10397241
0.12830311
0.13017648
0.10915933
0.072227575
0.090934075
0.08935223
0.042308137
0.07774035
0.115903854
0.14431177
0.083552234
0.077394746
0.075065956
0.06430735
0.12847328
0.07682897
0.118860886
0.05911898
0.08415944
0.1042682
0.113014966
0.09584337
0.093254924
0.101189
0.10586471
0.112496376
0.07180033
0.066996925
0.101008445
0.13780408
0.11982444
0.054055482
0.14394352
0.10876993
0.08678639
0.093039155
0.06465269
0.100258194
0.090173066
0.04385072
0.09915676
0.0979398
0.08683603
0.0895256
0.080952585
0.066964105
0.083385676
0.08135742
0.05658729
0.09931035
0.046511635
0.09270578
0.08849876
0.07859107
0.09075447
0.1259895
0.10945456
0.0922005
0.08494322
0.07023827
0.1005675
0.045885365
0.06336228
0.04848023
0.039906494
0.03834267
0.105582885
0.09899435
0.064537
0.07649656
0.14103374
0.07088237
0.047758475
0.08074202
0.11577141
0.11112219
0.04566981
0.040700212
0.03980153
0.03171122
0.07738902
0.070651576
0.02704216
0.047144394
0.07791775
0.08159963
0.067030765
0.0450259
0.054630037
0.0538385
0.11490243
0.06229074
0.0681126
0.075823106
0.08189708
0.116472065
0.071633466
0.10265645
0.0694676
0.043824717
0.10440226
0.11439036
0.11442291
0.072935686
0.10044638
0.08332154
0.07600979
0.105040304
0.051976494
0.11727548
0.0775817
0.20624736
0.057604387
0.05044962
0.028227845
0.060616337
0.08079744
0.057422634
0.08010885
0.095582195
0.046620227
0.15229931
0.0647627
0.06433251
0.058184512
0.085810184
0.05554411
0.068874925
0.045877755
0.025538282
0.04134458
0.07407401
0.04224801
0.037520606
0.089612514
0.028568147
0.1274683
0.03462562
0.040513966
0.07090498
0.09057833
0.021254994
0.05356009
0.05201632
0.04254746
0.04350898
0.094368815
0.078993
0.07703852
0.056427605
0.096361816
0.07608741
0.03559329
0.088170834
0.06270882
0.043910123
0.06849739
0.060389437
0.0631443
0.050277855
0.0786863
0.07357953
0.064680316
0.09428462
0.074729584
0.07773203
0.08845846
0.07410096
0.0793078
0.063262045
0.1014199
0.086817086
0.09308184
0.10998016
0.12976414
0.07989832
0.06557152
0.102077015
0.1442926
0.08780291
0.13647127
0.06460912
0.13315362
0.06556064
0.06453017
0.084696725
0.071557105
0.113154866
0.05418493
0.065417014
0.08931442
0.076016374
0.077258304
0.09197123
0.10090921
0.06164633
0.92039865
0.9738643
0.92515993
0.97298557
0.9729854
1.0
0.98334193
0.9562743
0.032513846
0.020807816
0.09459068
0.045124646
0.05279705
0.06296452
0.07457295
0.084199026
0.07904907
0.038954895
0.033337012
0.0292237
0.13870527
0.050493464
0.067983404
0.03051778
0.061756827
0.05112107
0.08436525
0.10360633
0.038283817
0.061200373
0.06065582
0.058729783
0.06262104
0.1362055
0.026973262
0.04213382
0.07251265
0.06913353
0.0532441
0.062292
0.05291867
0.03778182
0.09038753
0.061672088
0.09839263
0.14349116
0.09978346
0.070015244
0.077562034
0.124959454
0.08264873
0.07959911
0.085920885
0.08302952
0.11890472
0.071748644
0.054519784
0.11229937
0.089075804
0.07741669
0.05741081
0.13924186
0.08073346
0.10119249
0.09953829
0.07593086
0.062893674
0.060203843
0.07490659
0.124398254
0.08472718
0.08278296
0.12841496
0.12731704
0.07627258
0.11407447
0.09112048
0.15147285
0.07801193
0.12422791
0.099710874
0.052968416
0.07924281
0.10685789
0.06755524
0.07032892
0.066800125
0.078156754
0.07400739
0.059148002
0.085876405
0.056430567
0.09655603
0.14271447
0.067630924
0.07079766
0.14403929
0.15051726
0.09812013
0.09793501
0.11025319
0.08282092
0.095117
0.10970098
0.164309
0.07495491
0.13263917
0.09889885
0.08379829
0.093943276
0.08392202
0.087921694
0.097088255
0.1037059
0.101613425
0.07299565
0.0742463
0.085606255
0.08608412
0.04909138
0.10300027
0.10398486
0.11139639
0.109702215
0.07465898
0.07210794
0.10352777
0.08707527
0.04741847
0.06874632
0.087173484
0.044032913
0.027554637
0.033254415
0.045285325
0.04521437
0.02940257
0.045624644
0.05993628
0.07513193
0.08077015
0.09951903
0.055977684
0.07741431
0.027876442
0.10138554
0.06033728
0.02904583
0.04260637
0.07624707
0.08128193
0.04852136
0.06278698
0.04020194
0.07991528
0.034501314
0.05974991
0.06727307
0.0690664
0.048336532
0.058541063
0.087196566
0.06868533
0.053913277
0.02592638
0.06853634
0.030174464
0.056208592
0.04483576
0.061181273
0.060015563
0.071369454
0.062535726
0.03151285
0.025041873
0.07799292
0.034878254
0.10873369
0.02657568
0.069201514
0.053148754
0.09542566
0.097403266
0.0509191
0.078836456
0.03874254
0.020233639
0.056271568
0.038957443
0.07311831
0.07943266
0.07658943
0.090508446
0.038208976
0.059959624
0.11476974
0.051887047
0.07080023
0.06549193
0.043860663
0.06529935
0.046621084
0.116024956
0.10416573
0.11631442
0.05734309
0.08146278
0.04568528
0.11581172
0.110911645
0.08904702
0.12507819
0.07714322
0.062345125
0.07354126
0.09203172
0.08461658
0.11704617
0.06454691
0.07423639
0.045877278
0.14413533
0.048955992
0.03807427
0.07581842
0.096686944
0.06668106
0.05682869
0.0794718
0.09160108
0.05716711
0.07777819
0.07472752
0.09989534
0.053118944
0.018397098
0.06628293
0.063804634
0.052336264
0.06621402
0.04579304
0.054307107
0.037716564
0.022983838
0.12250581
0.05254329
0.062330786
0.0644616
0.040245157
0.040623322
0.081881344
0.05980094
0.04022885
0.036071513
0.12400483
0.04330159
0.09589846
0.036349013
0.14748311
0.08528543
0.06754687
0.082585685
0.040028974
0.043309465
0.051798932
0.047803756
0.066085026
0.043935325
0.08029038
0.08948346
0.06027078
0.082133144
0.10710218
0.05662967
0.09493206
0.06371711
0.07538411
0.0680254
0.076669775
0.09711448
0.18919393
0.121434584
0.06440256
0.1311677
0.076258264
0.07805299
0.08518949
0.09165317
0.08470343
0.08673407
0.083296604
0.080832735
0.049591947
0.07889223
0.09636477
0.10051103
0.048325256
0.09736007
0.06394154
0.076405495
0.11528291
0.067628026
0.07071274
0.12192254
0.14207932
0.15189733
0.10048193
0.115915544
0.120850265
0.08765147
0.098403335
0.1330016
0.101630405
0.11676462
0.114244856
0.11839418
0.110873625
0.08867752
0.18106121
0.07211056
0.06865089
0.123826295
0.07291152
0.110047884
0.09763204
0.11190655
0.14796099
0.107750535
0.101356655
0.10547397
0.06796732
0.08246458
0.06327952
0.10861433
0.08467789
0.13304004
0.10299161
0.1091247
0.066330425
0.17095505
0.11311862
0.12408825
0.12544559
0.15114088
0.11343341
0.11804101
0.121822454
0.09440666
0.121785484
0.12850823
0.124266244
0.12770167
0.14309591
0.117101535
0.121669576
0.0927714
0.11054273
0.1404357
0.110939614
0.100616455
0.17306602
0.09763499
0.08382386
0.057583954
0.11873984
0.13589919
0.086516775
0.083086774
0.08376954
0.08812569
0.11402852
0.083177455
0.080445394
0.09684918
0.06340511
0.079184085
0.0695355
0.12996832
0.094336666
0.09237484
0.0905718
0.06326556
0.09998312
0.05761729
0.06425445
0.08796735
0.052484468
0.06234486
0.07612673
0.10902415
0.12965667
0.116909236
0.04438601
0.08517448
0.060209945
0.09027953
0.056822624
0.08753327
0.040004805
0.05993895
0.08031179
0.06436974
0.07919186
0.096988365
0.08578803
0.1225392
0.06471048
0.1114376
0.0847672
0.098229446
0.114848
0.097389564
0.10097383
0.10346019
0.0575397
0.099455684
0.060332067
0.10296216
0.044684127
0.036952384
0.034802612
0.052263748
0.06909933
0.037602134
0.0763725
0.07197898
0.06942059
0.101591386
0.06858215
0.118639775
0.08999214
0.13064916
0.14779998
0.10945546
0.05618381
0.060560655
0.03941251
0.04055168
0.045423023
0.030258302
0.036710467
0.036372837
0.06810635
0.062021147
0.081393026
0.04705157
0.06720237
0.05154227
0.07819972
0.07767688
0.017874187
0.047820315
0.025766056
0.05274543
0.02711505
0.078785904
0.075563446
0.051693376
0.053868342
0.028190738
0.06191537
0.049597617
0.034971867
0.04766974
0.052697986
0.15542328
0.05199333
0.035496946
0.071912736
0.0922829
0.05323535
0.058098186
0.048268676
0.054509025
0.059762802
0.055152453
0.02357309
0.036525402
0.02258397
0.09206637
0.02493324
0.080024
0.053218503
0.04385205
0.05760775
0.067509525
0.08928738
0.1610949
0.1042104
0.05838027
0.071878605
0.043775696
0.049901824
0.061907306
0.053990386
0.073074035
0.047098886
0.042506568
0.11839902
0.05736439
0.04924792
0.09297021
0.066446126
0.069290146
0.06739688
0.054125726
0.059989218
0.039004568
0.07372121
0.016157603
0.054839294
0.07879036
0.09713165
0.043816697
0.005320597
0.05425966
0.043771084
0.047252845
0.0080587985
0.07335039
0.06284895
0.031295948
0.033310656
0.043674324
0.008682324
0.0033872076
0.04255248
0.039442953
0.09622544
0.09496421
0.041875985
0.017293932
0.049676508
0.076190546
0.0928328
0.043587018
0.0461978
0.07906223
0.067272596
0.03949288
0.050477356
0.080110006
0.047409225
0.08396057
0.038739026
0.034832444
0.053110503
0.09715911
0.115331925
0.040177196
0.09309541
0.054466795
0.07478484
0.13587163
0.049757265
0.07700952
0.050936896
0.069819674
0.06867155
0.090889834
0.08666929
0.08050224
0.12193813
0.22320785
0.08308439
0.12255028
0.09793172
0.14508863
0.15238716
0.14553724
0.111419246
0.1027293
0.18019578
0.12614791
0.1801029
0.1518602
0.10473238
0.13924116
0.10250891
0.13284458
0.106183864
0.087672584
0.104549855
0.08543331
0.11529833
0.08748298
0.09285267
0.09837935
0.10281131
0.084577724
0.078441374
0.09435748
0.07024572
0.119313985
0.0796459
0.10973693
0.07619692
0.08062628
0.070245706
0.08073344
0.058713358
0.10888985
0.04961996
0.13358916
0.0943757
0.059534878
0.07640444
0.06934971
0.04986569
0.056041576
0.08904511
0.082632445
0.16445628
0.048261747
0.057826836
0.07244086
0.09651893
0.06252126
0.023311969
0.07488324
0.028480683
0.041143823
0.060913343
0.1370004
0.046421405
0.0981617
0.12144412
0.06489956
0.04129025
0.041953575
0.077297054
0.05565964
0.07361744
0.08683931
0.049383897
0.05098637
0.117955394
0.057224434
0.05106082
0.04387429
0.1325744
0.06365792
0.05653579
0.055956617
0.0826623
0.053900618
0.09487787
0.06775006
0.06795124
0.05125583
0.058321234
0.06525195
0.062073614
0.065458044
0.049491446
0.08998193
0.09442059
0.09371607
0.07637782
0.06352084
0.066486716
0.07929994
0.0850852
0.07034388
0.06852756
0.08633627
0.05926614
0.03137875
0.04995717
0.018091697
0.05294844
0.075089164
0.12397624
0.02376748
0.071762964
0.103844956
0.029491238
0.034187634
0.048556548
0.06653411
0.040732786
0.073124036
0.056911804
0.12928914
0.046037298
0.023184374
0.035409003
0.02774597
0.06398685
0.08302776
0.12802912
0.024296205
0.06498419
0.14276072
0.07635344
0.04522256
0.062214416
0.038421698
0.018636594
0.06374108
0.058067072
0.04018112
0.015511496
0.041413896
0.1482099
0.06422648
0.004299342
0.015511678
0.009690458
0.05894471
0.028342828
0.074586116
0.11238779
0.11751663
0.05040269
0.033977576
0.036971617
0.06818983
0.051342573
0.1291723
0.117528595
0.091292396
0.06417156
0.03869708
0.07821523
0.09273887
0.07668433
0.073681585
0.05096343
0.08029843
0.07804149
0.063225485
0.13797887
0.11482398
0.14102909
0.09772449
0.1120768
0.067137785
0.107092984
0.076801084
0.10186424
0.090656295
0.08371612
0.12160113
0.08584957
0.104218066
0.06738826
0.12603085
0.12058043
0.06757796
0.20912592
0.093269974
0.09636551
0.0828094
0.10200966
0.07475787
0.10682406
0.07018398
0.07466366
0.0876784
0.11823473
0.08722854
0.15759902
0.12002794
0.12129783
0.10507554
0.13270244
0.083732836
0.07929148
0.070776485
0.0948219
0.057946507
0.074591026
0.0923575
0.108116314
0.08895822
0.118305154
0.07767899
0.14469919
0.16269797
0.076112635
0.16112302
0.15170741
0.08636717
0.1097546
0.10773287
0.13064562
0.110682175
0.103481814
0.1375568
0.15368085
0.16817765
0.07927497
0.102732316
0.11773324
0.16276689
0.13542297
0.07804131
0.12213481
0.062137015
0.065110266
0.083189905
0.06824923
0.12698388
0.12410422
0.113342896
0.08854397
0.09088735
0.09439323
0.071662515
0.103381194
0.10987651
0.10560959
0.088805184
0.1113045
0.08391831
0.09145966
0.10244997
0.09954164
0.07512516
0.11692915
0.07005567
0.036192633
0.06592004
0.06552488
0.07456293
0.031611424
0.043267604
0.10184957
0.04504794
0.058328904
0.08400037
0.05035007
0.07458406
0.1900365
0.0744884
0.10108386
0.07846572
0.06633475
0.12844367
0.05174489
0.081156686
0.11186596
0.11484173
0.07422093
0.079300046
0.06908602
0.08436147
0.055064272
0.13445374
0.06946762
0.06897012
0.06709749
0.04973531
0.05436846
0.07018573
0.097149864
0.103186615
0.09707737
0.05883494
0.09198857
0.057355005
0.13564429
0.064221166
0.056170546
0.04579793
0.043305594
0.04842123
0.05549529
0.12908217
0.04922727
0.038277633
0.04164304
0.07199718
0.047692083
0.058035396
0.068805985
0.06082494
0.08711031
0.05307001
0.13725835
0.09045621
0.09563042
0.11765607
0.059967373
0.15169622
0.109559625
0.15641995
0.062476892
0.051598456
0.15395837
0.09250366
0.070999615
0.1074104
0.06697515
0.09311723
0.09205149
0.07501099
0.030812612
0.05827556
0.073422216
0.024113083
0.12899607
0.117583245
0.042635527
0.035731647
0.06504102
0.06841981
0.055366546
0.06679374
0.053906184
0.026268408
0.03414995
0.035677426
0.05433454
0.060534418
0.018238502
0.07540006
0.04135835
0.030791083
0.05480916
0.06904001
0.0310175
0.102946416
0.0704538
0.048379216
0.06153242
0.10809427
0.04231011
0.029622287
0.058239006
0.04586199
0.08167053
0.046378493
0.09310878
0.086490944
0.07151836
0.072065294
0.11789502
0.085439615
0.08057596
0.09854025
0.084570944
0.07553334
0.10822253
0.11922229
0.06815527
0.07120154
0.08926874
0.13602751
0.064311944
0.07570668
0.09159609
0.0563874
0.06873076
0.06951282
0.08363513
0.07442283
0.0888849
0.0876574
0.110890515
0.08390332
0.10731424
0.10309716
0.05059496
0.0729437
0.050067697
0.085591905
0.08658633
0.042490013
0.058785968
0.08399911
0.0445917
0.0688884
0.07951036
0.09966574
0.13048644
0.06891102
0.06055749
0.07499404
0.10052367
0.07165424
0.06284351
0.07554424
0.10550863
0.04250774
0.090437986
0.12267453
0.046837844
0.06752142
0.1350417
0.13513106
0.148979
0.08561409
0.038325682
0.049409833
0.07844643
0.089706436
0.07649751
0.038693827
0.115948446
0.08262005
0.045498516
0.049656674
0.0693162
0.048597924
0.053741314
0.06571531
0.10245596
0.059044942
0.051155496
0.097252384
0.1036409
0.044469085
0.111198686
0.030314958
0.0502534
0.08150329
0.024799276
0.13050802
0.030035682
0.05228677
0.030414028
0.0462268
0.03965093
0.034719337
0.058190238
0.062235072
0.06105994
0.035653386
0.100177
0.038207255
0.080781594
0.06519672
0.09952385
0.04267696
0.090079546
0.08454804
0.030000122
0.096947074
0.07235831
0.06717319
0.07611022
0.03591474
0.05607109
0.086222015
0.022144698
0.027546
0.02979865
0.03138793
0.1349422
0.071086265
0.040357757
0.037540853
0.030716784
0.029419981
0.029008614
0.083478555
0.08737244
0.060713578
0.04090024
0.09899571
0.037738405
0.064617336
0.05427404
0.018344505
0.10164029
0.10569507
0.08165689
0.039330058
0.026484165
0.05684134
0.06247273
0.050426338
0.028774114
0.06876443
0.03649171
0.03571092
0.051163424
0.055176314
0.024346204
0.1205427
0.13589795
0.055654597
0.03646216
0.033676937
0.041514643
0.091310084
0.07845417
0.08484234
0.044436004
0.08307556
0.07807679
0.057007678
0.0701952
0.052846566
0.05427741
0.050630324
0.044758495
0.030930882
0.05635399
0.055036128
0.073158726
0.059745822
0.038936917
0.058555055
0.06828387
0.063950166
0.041119877
0.07178932
0.028641393
0.040470883
0.095617115
0.051941972
0.08394199
0.047619835
0.0060069216
0.061948847
0.076959886
0.0847041
0.06645492
0.05378708
0.03332151
0.12631886
0.1152132
0.037635002
0.047869455
0.08313942
0.05019976
0.14686328
0.06309931
0.040976815
0.10315115
0.094814815
0.11131721
0.07622757
0.06706351
0.038940787
0.055900786
0.05665059
0.021585038
0.053734798
0.052079063
0.06533093
0.031346068
0.037206605
0.047526
0.05527801
0.04200846
0.05060381
0.058106195
0.03606757
0.0652465
0.08380282
0.12650636
0.073549755
0.05623369
0.10393474
0.04809431
0.061745103
0.029654987
0.123708986
0.088493
0.06097404
0.08456531
0.05259308
0.007971586
0.080263555
0.0350396
0.025379896
0.063263476
0.055316057
0.1637856
0.029958908
0.035014242
0.028162006
0.03746945
0.021542173
0.040414073
0.048442498
0.08977421
0.079250075
0.047490448
0.057464253
0.04012312
0.06523945
0.09234544
0.044197302
0.03241639
0.0631515
0.03881363
0.01944503
0.120086774
0.06632977
0.059913263
0.033437073
0.08318085
0.021306645
0.009206287
0.017948527
0.1463703
0.12529941
0.08987401
0.113873444
0.05789375
0.061574485
0.077702
0.03720401
0.06374883
0.027567169
0.037090123
0.078535505
0.038611747
0.030381914
0.046981636
0.06703214
0.012974459
0.07860703
0.026913773
0.07880647
0.05541814
0.074967094
0.08893037
0.12794292
0.07670961
0.0641994
0.09049888
0.13011917
0.054858785
0.07415611
0.10656588
0.10854445
0.06725868
0.11329899
0.11824429
0.07217072
0.071705304
0.08255859
0.11252262
0.13633871
0.12643813
0.1480095
0.11111599
0.17267293
0.13338272
0.30457503
0.13952228
0.20872843
0.12538636
0.15628529
0.2548417
0.18544406
0.24129589
0.19909036
0.116821975
0.14527333
0.20198333
0.16950934
0.23655805
0.32268965
0.23948623
0.18027288
0.21683607
0.27928925
0.30690923
0.3085661
0.2679383
0.20869504
0.1669959
0.2336565
0.2149754
0.24300383
0.23866642
0.28641596
0.23194805
0.1544511
0.26385754
0.24115022
0.27630112
0.20442206
0.31695324
0.22766787
0.16099942
0.23672797
0.19338258
0.22185823
0.24641815
0.27190462
0.25453976
0.28186813
0.27852088
0.19137685
0.2483992
0.24641073
0.31094393
0.16841976
0.31317693
0.29590815
0.20714797
0.28929934
0.20008868
0.25643367
0.0404416
0.040068425
0.039751507
0.034272533
0.09135675
0.0808552
0.048926424
0.037691623
0.09997559
0.041999552
0.06558252
0.070091315
0.037575237
0.049993955
0.01332144
0.003591341
0.02518145
0.055819206
0.09037843
0.019203689
0.02801582
0.112797454
0.086820245
0.0930557
0.02863113
0.102603495
0.038673006
0.02289929
0.03895822
0.0154648805
0.03626647
0.07873901
0.04702173
0.04423016
0.025951467
0.063587576
0.07400736
0.11100474
0.06297294
0.051465474
0.03432003
0.055334203
0.037827644
0.10228457
0.06619815
0.05768344
0.056364123
0.06648719
0.06460736
0.056202848
0.03678928
0.093286
0.08432723
0.042125832
0.040674374
0.05036349
0.06956883
0.070634626
0.06403474
0.053273395
0.031708147
0.10584214
0.040648792
0.042947486
0.08841587
0.07366821
0.041178524
0.05730516
0.06917864
0.06768995
0.082803935
0.088011965
0.078168795
0.04529722
0.08154595
0.091920495
0.068198815
0.03082463
0.04546787
0.053886235
0.04440149
0.026379474
0.12552692
0.06666655
0.062341496
0.051933333
0.04199491
0.12554699
0.07090582
0.06724199
0.01671628
0.11945734
0.035076506
0.04715693
0.057888027
0.06051952
0.030494992
0.047551617
0.0523737
0.06895587
0.000695862
0.099154115
0.019787628
0.038864806
0.091330096
0.03348124
0.041330036
0.051995683
0.08789441
0.050185513
0.06775247
0.0114603015
0.03212605
0.05107237
0.06604463
0.072969
0.10457752
0.023945916
0.07319946
0.012106373
0.04808244
0.029087454
0.0112037435
0.049994383
0.0626128
0.008822596
0.058301177
0.05434358
0.050830774
0.08736905
0.049544238
0.040728632
0.068681374
0.021324642
0.05383314
0.058476813
0.005201734
0.09296441
0.077770114
0.029940862
0.07743342
0.04371115
0.11523479
0.055236876
0.065853074
0.046926282
0.019938992
0.043480854
0.046643097
0.07698145
0.09308677
0.043850366
0.004224471
0.03795971
0.062081065
0.08256924
0.08329675
0.11047946
0.08858584
0.0998855
0.04867798
0.041638203
0.07073836
0.1709161
0.11093666
0.05664275
0.03858702
0.019104308
0.02863371
0.08384638
0.023887407
0.13937014
0.053845055
0.115135066
0.044775944
0.03211461
0.031747725
0.08881462
0.052380297
0.07336424
0.084451385
0.12110388
0.106268555
0.105500616
0.04382918
0.08781284
0.07055565
0.05228925
0.11120665
0.071680404
0.0324404
0.093310915
0.071365245
0.07852883
0.067574
0.042152554
0.025670314
0.06504468
0.054949265
0.059592735
0.04329619
0.031084359
0.08778811
0.03859269
0.039395396
0.06818882
0.09819509
0.072517864
0.02658422
0.12042736
0.04742377
0.07789959
0.039864372
0.06030785
0.058817364
0.06407776
0.03509264
0.058649532
0.13422565
0.024096446
0.044412803
0.033959888
0.05388929
0.053000223
0.05752758
0.037844934
0.017923687
0.100863315
0.050845154
0.034807894
0.03179709
0.016770171
0.08372408
0.051323432
0.07341901
0.04717334
0.07541395
0.0967292
0.0943568
0.06244625
0.026107661
0.08674797
0.016289802
0.07616319
0.052490905
0.07156751
0.09089764
0.08555675
0.068932235
0.038676027
0.04433073
0.028521387
0.028463002
0.09049973
0.07401536
0.04167478
0.042664785
0.045024287
0.051675208
0.08085902
0.092780374
0.07951153
0.062314723
0.043560285
0.08144435
0.14105305
0.060368482
0.063620806
0.014958976
0.06350643
0.07064146
0.09341487
0.046531092
0.029841073
0.06770999
0.093301915
0.042743534
0.05275191
0.04988085
0.044859856
0.07542068
0.024269354
0.022988781
0.09406356
0.122995965
0.024921736
0.030504622
0.090828426
0.07490479
0.093297504
0.033682127
0.09553425
0.020246027
0.025197301
0.058371406
0.04199343
0.08990804
0.01931846
0.033677384
0.06505592
0.048826635
0.1003083
0.05149359
0.031109389
0.11668892
0.038871005
0.05790619
0.04826902
0.097200945
0.079665
0.0026794525
0.066687375
0.0776143
0.041042306
0.084828764
0.027201673
0.044066906
0.06503683
0.042859767
0.051320005
0.0032940032
0.05931015
0.034427796
0.05766855
0.028036898
0.04109065
0.074378304
0.044446856
0.08558475
0.06451385
0.05204792
0.08490953
0.037406992
0.031143567
0.043743443
0.0044897813
0.040183637
0.07380243
0.07655955
0.059784546
0.028336799
0.07933614
0.07399172
0.062791005
0.04576888
0.010201382
0.03307845
0.0821698
0.12585232
0.0740207
0.07082175
0.06135959
0.102542534
0.056068376
0.04492339
0.1158135
0.1108949
0.019864552
0.06938746
0.052934244
0.08718526
0.07260837
0.059769567
0.12288589
0.036780994
0.045288604
0.049109094
0.0841297
0.037771225
0.0749545
0.033456832
0.10199868
0.099703096
0.072056994
0.09540923
0.066426165
0.036205497
0.017584478
0.055584252
0.009267315
0.009322768
0.048947126
0.062678486
0.021369431
0.06671832
0.08319727
0.06334807
0.068390384
0.14729135
0.08095676
0.028758364
0.034962423
0.019842697
0.09524406
0.07226584
0.054695345
0.07079607
0.075985864
0.07615013
0.05188886
0.109349966
0.07855261
0.06902601
0.06857924
0.06320626
0.10990662
0.1135928
0.059259214
0.13153681
0.06374138
0.090916105
0.07513655
0.12033414
0.04948011
0.08879703
0.071785964
0.05762545
0.07905435
0.08757061
0.103235066
0.057122074
0.07665207
0.08824171
0.08329275
0.10212959
0.072415575
0.08608919
0.113089174
0.06866214
0.08722588
0.06450245
0.17816845
0.16271628
0.19379936
0.12706438
0.16060293
0.14082046
0.1567784
0.14102495
0.14087866
0.17475015
0.17326605
0.16175085
0.17319643
0.1479695
0.16609393
0.19159225
0.13717666
0.18170312
0.1921101
0.14519608
0.17009553
0.1500342
0.1680257
0.14414383
0.14192428
0.17416152
0.1246795
0.13768698
0.1699578
0.1631206
0.13937356
0.13345002
0.161669
0.14541183
0.14220539
0.17097838
0.1670889
0.18618527
0.17121845
0.18233255
0.14537778
0.13748781
0.18802077
0.19441506
0.17689663
0.15599762
0.15722367
0.22924569
0.23777299
0.21856415
0.19089895
0.14476754
0.18775946
0.15257448
0.1597393
0.20849425
0.18023652
0.1771175
0.17231551
0.2152966
0.17055441
0.19916707
0.17490421
0.23760931
0.23140612
0.2247115
0.2047887
0.2130944
0.17447174
0.21794325
0.22696315
0.21560086
0.066171974
0.06316799
0.08906023
0.09843693
0.07353013
0.037870195
0.054174714
0.065816745
0.04928351
0.08156266
0.0462305
0.09286604
0.10544266
0.06502301
0.044403307
0.06696865
0.0650581
0.09133356
0.07186014
0.0924357
0.028964106
0.054947786
0.064867295
0.09054824
0.044513956
0.115712404
0.07140221
0.055622693
0.045418344
0.07349448
0.06828225
0.1590365
0.07143567
0.04507851
0.0819423
0.059334353
0.04465976
0.08126359
0.093891196
0.018319165
0.06752611
0.09268743
0.03688309
0.03397491
0.11217983
0.045271233
0.057573274
0.069134906
0.08189851
0.049987603
0.049923085
0.06924927
0.04971691
0.050151717
0.04168016
0.07280528
0.06003106
0.080306806
0.023261253
0.06068889
0.1093766
0.082174696
0.053613402
0.043210123
0.012631858
0.06685549
0.027936408
0.048633564
0.043313805
0.04575952
0.08506418
0.0649234
0.10515484
0.1668914
0.074245304
0.056212537
0.027510364
0.040230926
0.04052746
0.060095396
0.05126016
0.1018483
0.100920536
0.09766433
0.033379853
0.076558225
0.08720736
0.08611812
0.0603251
0.08949176
0.06384903
0.056905046
0.059520673
0.094023205
0.08107213
0.09448085
0.04754827
0.09022055
0.02955932
0.087870054
0.09096541
0.0231432
0.010811422
0.03916405
0.033622503
0.046928547
0.0703618
0.08895592
0.0830346
0.01952287
0.031073624
0.032875292
0.030357026
0.03320019
0.115057334
0.056892734
0.064916305
0.049096372
0.0655362
0.051664434
0.075243354
0.033988632
0.03898188
0.07944447
0.054933533
0.10551206
0.06282632
0.064372115
0.12244197
0.038975682
0.09084484
0.06647804
0.11505494
0.08561258
0.14181231
0.08735459
0.07042339
0.08983942
0.057458315
0.09327296
0.098864116
0.052978475
0.06638579
0.05824771
0.06581583
0.06923353
0.06334119
0.043437876
0.12399071
0.034267776
0.084477365
0.062063623
0.120047174
0.122167
0.057874024
0.10139742
0.03704983
0.017577153
0.044957023
0.024336593
0.08018402
0.057322167
0.04705016
0.011946685
0.029615082
0.031458475
0.061612956
0.07653183
0.038716547
0.032486416
0.030448657
0.05415644
0.050898265
0.061982382
0.07273755
0.07269434
0.11669296
0.052035738
0.02548671
0.040581316
0.089345284
0.06810317
0.05291642
0.07108352
0.055067334
0.08826577
0.011888642
0.026683874
0.061068766
0.020396493
0.006431492
0.024949836
0.083128914
0.06488778
0.073153764
0.052910607
0.07519888
0.071138315
0.09694794
0.046334766
0.07395533
0.06695561
0.038664684
0.05142037
0.052479662
0.1080545
0.09364195
0.109152906
0.037229292
0.09917756
0.04965769
0.03797966
0.062528916
0.030234145
0.053188246
0.016330995
0.057337124
0.033756193
0.034353707
0.061441146
0.05503397
0.09294597
0.043918908
0.09068928
0.074096285
0.025567563
0.031380657
0.08157305
0.19999383
0.10557801
0.145916
0.08678088
0.08000109
0.1005702
0.05390795
0.04033566
0.062814035
0.13634066
0.08377776
0.12178968
0.10603924
0.061704013
0.1524771
0.047328636
0.113605484
0.13102172
0.13522407
0.12535328
0.17138422
0.12841044
0.17813987
0.09989446
0.15093625
0.12430833
0.042500634
0.10978433
0.17677315
0.13211466
0.1654901
0.155029
0.054868035
0.06779875
0.044627994
0.1332265
0.13264832
0.14144117
0.17201701
0.043553945
0.10665518
0.13667667
0.11848789
0.15732358
0.23484334
0.16563855
0.13895382
0.15559031
0.10805848
0.14581199
0.12420527
0.2073339
0.15771784
0.08826731
0.20238225
0.14627045
0.073607184
0.116013646
0.07649161
0.1002715
0.13128977
0.2296092
0.14857487
0.14031115
0.11184502
0.20092013
0.18624425
0.18671544
0.16435544
0.25764033
0.16742279
0.14546134
0.17049709
0.21282367
0.13708663
0.19566372
0.13633424
0.19193463
0.1712626
0.1425481
0.1860307
0.229794
0.11069185
0.26254803
0.20878987
0.09757182
0.1359223
0.16501889
0.20566922
0.17437935
0.181426
0.15190493
0.121987864
0.18539834
0.2156934
0.19245918
0.2584105
0.108201414
0.14970672
0.17268245
0.17715508
0.22279964
0.19585396
0.11557633
0.1545965
0.13277479
0.18999036
0.19181125
0.21681215
0.21996191
0.18836267
0.21558407
0.20460728
0.19249432
0.12366547
0.15393259
0.21060465
0.21805201
0.22733955
0.22680305
0.02974524
0.06284058
0.07865774
0.0453726
0.12788725
0.03305691
0.05725359
0.06775548
0.096386045
0.028226506
0.06729203
0.08929338
0.047927804
0.008551001
0.051508036
0.023770057
0.021948934
0.0648964
0.075540416
0.060136974
0.04715329
0.06660455
0.076232895
0.112399094
0.07978471
0.05972668
0.06356531
0.05253513
0.044728328
0.014456361
0.069928706
0.11134373
0.028544262
0.013482155
0.049691644
0.057270907
0.058182314
0.04586717
0.07550969
0.06433198
0.069958895
0.06426954
0.03348237
0.022469105
0.08962757
0.04577254
0.07607678
0.015318661
0.098957166
0.02454083
0.06038643
0.08200929
0.03591814
0.10238177
0.0689106
0.05406888
0.017083671
0.024745261
0.05399689
0.047707573
0.049295694
0.04575595
0.023049645
0.07201502
0.0897222
0.06389978
0.043568127
0.04677992
0.07525475
0.05509513
0.04148437
0.0812238
0.07218541
0.0357393
0.042619925
0.03848125
0.049610186
0.057290614
0.06428844
0.07024897
0.087644085
0.008156537
0.05127292
0.051300228
0.062435314
0.04656103
0.024401197
0.07548395
0.12762786
0.08529751
0.04501598
0.10667514
0.08453827
0.053688254
0.07058093
0.04931728
0.027276697
0.02626098
0.111649424
0.03383153
0.12822253
0.06188535
0.048365027
0.06402981
0.035558272
0.035692766
0.113073856
0.07973899
0.07950189
0.078650996
0.07237559
0.05548457
0.1256312
0.03647164
0.03381617
0.048220024
0.12132707
0.04473549
0.11942344
0.09903387
0.067435354
0.05469085
0.0432877
0.08837911
0.05215601
0.062523335
0.059209857
0.12696432
0.075212836
0.07201136
0.027249718
0.052893113
0.040729657
0.06482612
0.051936656
0.05760564
0.10662686
0.06610946
0.04955025
0.051930442
0.083719105
0.07569879
0.06339788
0.08494927
0.06339975
0.10232386
0.10648868
0.10992762
0.07790983
0.07042019
0.054237857
0.06348678
0.04683286
0.08800863
0.09728261
0.111066684
0.07983372
0.07820041
0.0843927
0.08325331
0.07010378
0.079358965
0.061483923
0.12163662
0.09481787
0.05115558
0.08894395
0.06727608
0.06650395
0.06319907
0.08089513
0.06792019
0.08005507
0.029492332
0.04777385
0.049300987
0.06295085
0.107067175
0.12468788
0.085990615
0.04044942
0.05487823
0.06849565
0.04728441
0.06392893
0.055125866
0.08757434
0.06445098
0.096725754
0.065446384
0.07888326
0.110162966
0.05939212
0.094335005
0.07617337
0.098156475
0.11038559
0.11996178
0.108227216
0.090515345
0.10782404
0.09858578
0.09937388
0.10893669
0.09461874
0.11221869
0.09646294
0.079252005
0.08568395
0.089508995
0.08695881
0.07213331
0.09205311
0.07021286
0.0649273
0.10552915
0.08068977
0.0979293
0.12097832
0.06887641
0.077430464
0.088817246
0.07529057
0.14188927
0.086676285
0.0984727
0.09821912
0.12158973
0.09277569
0.11169803
0.10766653
0.14953911
0.11737663
0.06421306
0.06640264
0.05699585
0.06836022
0.09356621
0.123423845
0.07305458
0.08436834
0.14171176
0.12741765
0.10622861
0.10469207
0.13029598
0.14700928
0.110340476
0.14518641
0.09948906
0.14475931
0.097505115
0.079895854
0.11405104
0.118236735
0.11784951
0.08428814
0.08258516
0.097342126
0.105963126
0.122345485
0.10791013
0.13126102
0.1200587
0.062182028
0.059172865
0.08393235
0.066538
0.0730859
0.07465305
0.07197108
0.13267806
0.10150141
0.0789305
0.061399117
0.09268795
0.046299268
0.04316134
0.050400317
0.059277307
0.041763805
0.08822147
0.07718464
0.07563696
0.12363428
0.090810075
0.055149734
0.08256133
0.10343637
0.07927561
0.101446435
0.09907917
0.084448636
0.089091085
0.09738346
0.11494199
0.05729055
0.052171182
0.08819831
0.123325974
0.067557424
0.07398029
0.0907098
0.074818626
0.110814326
0.059547246
0.07229398
0.10014502
0.06642745
0.03726759
0.022756677
0.07176018
0.06456485
0.052375328
0.07183498
0.06807967
0.0425766
0.04136803
0.044507843
0.04943189
0.06567727
0.09595205
0.026124232
0.043511152
0.06806916
0.07153646
0.054396726
0.047494896
0.06487697
0.04514304
0.0396502
0.14014418
0.05278164
0.097692646
0.11018119
0.071654715
0.03727197
0.0248415
0.04748536
0.12724058
0.04610805
0.07336996
0.038431924
0.025030596
0.107442744
0.048936263
0.10600626
0.06429936
0.096505836
0.08101124
0.054314114
0.10162612
0.06486707
0.09020993
0.059586085
0.06294512
0.08395067
0.063465565
0.08476997
0.053081147
0.021893015
0.06767537
0.067657776
0.100628085
0.093056016
0.04511327
0.04456252
0.029073453
0.06017585
0.05223216
0.06874203
0.02564221
0.06400567
0.07282846
0.078104675
0.04539491
0.074617185
0.06505792
0.024090355
0.021449486
0.015629081
0.0252093
0.08306627
0.08440619
0.12825084
0.13861123
0.12515642
0.06338324
0.01313063
0.053259075
0.038649786
0.09700702
0.13798815
0.05292635
0.050472844
0.10121888
0.044585988
0.06976727
0.08647881
0.059966765
0.032714672
0.028734855
0.10174957
0.030466015
0.055253822
0.08116904
0.08034236
0.04486986
0.051178906
0.052997023
0.068772115
0.07121768
0.08986012
0.059421916
0.11257
0.05103869
0.062305998
0.070805326
0.06079068
0.0417126
0.13547075
0.09461167
0.121375956
0.094961315
0.06928189
0.079104625
0.06745918
0.08258192
0.11608888
0.109626465
0.08185969
0.059917495
0.05500151
0.089673914
0.07259317
0.068301044
0.07469709
0.12026935
0.04350643
0.051545825
0.066541865
0.10120445
0.09454179
0.09779882
0.06582665
0.09901187
0.057899993
0.08946392
0.124955505
0.040579297
0.05472007
0.06008803
0.14936645
0.078642994
0.08777504
0.118378036
0.07827879
0.097154446
0.06816551
0.04766268
0.07537693
0.023642212
0.13009676
0.09956614
0.05509872
0.0839041
0.06038632
0.118358865
0.04323506
0.050690237
0.030445587
0.014649059
0.053368844
0.034075294
0.09776732
0.019078864
0.028045235
0.060577333
0.029207138
0.066665076
0.015542298
0.045775294
0.09732457
0.039352205
0.05773999
0.08544537
0.040844634
0.06517098
0.06643443
0.055783346
0.03778456
0.02112529
0.03424973
0.073679484
0.063081
0.0449676
0.026680874
0.0875387
0.044408508
0.060913727
0.04546039
0.040737726
0.06228892
0.049535923
0.03166476
0.06114701
0.12720658
0.077238806
0.08349282
0.08593729
0.15922074
0.048293322
0.04550466
0.05540948
0.048738804
0.080494195
0.043059904
0.017894048
0.09430076
0.0580171
0.09088019
0.10574815
0.11214529
0.06729235
0.11060189
0.10416344
0.10945941
0.056084137
0.06710525
0.050136417
0.073951796
0.14751334
0.04214807
0.05225855
0.04683708
0.019631898
0.089818925
0.040024865
0.15509492
0.042369526
0.066044554
0.04766825
0.051764414
0.093357995
0.05828125
0.08968774
0.025233928
0.088712335
0.02152285
0.06519729
0.055348665
0.09567997
0.05572301
0.045050927
0.07164632
0.060526017
0.0823307
0.1096905
0.06883837
0.06983902
0.15326667
0.0550474
0.07381047
0.062422697
0.06334718
0.08673176
0.0448404
0.040080853
0.054792203
0.03903029
0.07009711
0.07610977
0.11227652
0.061579
0.06153964
0.0617412
0.04974951
0.060380634
0.07200288
0.07891155
0.050681356
0.08632088
0.090180196
0.12089102
0.11266925
0.08118836
0.085457064
0.12281254
0.086649045
0.14420865
0.07163391
0.13645229
0.06804413
0.07054882
0.07910203
0.09854394
0.10386116
0.06177756
0.048918523
0.07642201
0.07932244
0.04548964
0.054418962
0.105233274
0.0748996
0.101744644
0.045555912
0.06667922
0.09749735
0.032004017
0.052880004
0.06215445
0.029645262
0.062360134
0.036631435
0.0689206
0.05193296
0.058876455
0.09147054
0.044135254
0.05734409
0.04491684
0.046806414
0.05155216
0.114042595
0.0639662
0.08754576
0.111714624
0.087597735
0.064615555
0.14691
0.0794523
0.0570278
0.070731826
0.1063412
0.055867087
0.044285674
0.051887646
0.053356316
0.059285417
0.08373408
0.08098938
0.07817015
0.087501526
0.08770399
0.13069089
0.08974441
0.121557556
0.11039922
0.13871136
0.053886995
0.051539365
0.07932569
0.063522846
0.10079864
0.051035736
0.046423264
0.090628095
0.06409294
0.08383804
0.08804012
0.10514513
0.081838235
0.09683061
0.054159187
0.08271633
0.05862334
0.048817657
0.08546825
0.05083539
0.0915634
0.123665035
0.10810346
0.036598276
0.08410911
0.057653237
0.083888136
0.08650057
0.07512459
0.064958744
0.07222154
0.055950206
0.06328214
0.100896664
0.038160913
0.043428626
0.06184852
0.05922887
0.1273863
0.11214261
0.08501182
0.10706948
0.07817776
0.07261055
0.07169038
0.0717147
0.046135087
0.016311372
0.05404834
0.057110745
0.1138515
0.05864916
0.031498365
0.058611665
0.038642254
0.017475985
0.05265823
0.05400757
0.023647333
0.06704902
0.03497934
0.05940119
0.052157216
0.049375888
0.022300918
0.107419774
0.046264935
0.07098964
0.03111278
0.06433203
0.031039687
0.09217141
0.034919992
0.04262003
0.05105223
0.058492802
0.059939373
0.035644572
0.113313615
0.053507295
0.052101273
0.065745205
0.057238776
0.06066709
0.0820749
0.10120581
0.086431235
0.041205447
0.028618954
0.10526638
0.018824805
0.023017673
0.009809318
0.09149134
0.022453777
0.04270321
0.020741004
0.05973961
0.033485405
0.030335153
0.06137736
0.042474333
0.07120196
0.035301287
0.025404949
0.06407293
0.1785532
0.036273994
0.02432613
0.04647774
0.049463425
0.0061246906
0.03278802
0.065541305
0.06899503
0.038759973
0.07871151
0.036651812
0.1072983
0.052309304
0.035233878
0.012325186
0.05167861
0.036569156
0.033663366
0.041113693
0.07285387
0.026772344
0.032678235
0.03387928
0.12676321
0.041651316
0.04917832
0.047216445
0.069982216
0.03671916
0.05558582
0.027522871
0.03665288
0.11945917
0.052679483
0.07172132
0.088111706
0.12787145
0.04157324
0.03542323
0.100875854
0.022962518
0.032897633
0.056624044
0.04254905
0.06419236
0.044079408
0.046392877
0.040577713
0.07637411
0.052334767
0.050063234
0.058336522
0.040237054
0.058727916
0.090136796
0.07717283
0.038463637
0.088937506
0.064273596
0.10030672
0.058911804
0.055202205
0.07497942
0.07648554
0.036732547
0.081429474
0.049168937
0.060064934
0.06653963
0.050142877
0.059785355
0.07741956
0.10250762
0.10368757
0.08052773
0.039392907
0.09539359
0.06306846
0.04837675
0.093280524
0.09884071
0.109572776
0.08389873
0.08364042
0.0983195
0.15743095
0.07810578
0.03229664
0.09734555
0.06493732
0.043206107
0.05709757
0.12843682
0.07828769
0.09940885
0.039593875
0.052541956
0.1542581
0.1080723
0.06701827
0.07007839
0.027469305
0.04046601
0.08823918
0.053580645
0.065740906
0.06998104
0.12343391
0.02678229
0.055774126
0.025211724
0.06303872
0.02167375
0.037364975
0.065292634
0.061962288
0.044867262
0.061501835
0.06270406
0.057528332
0.015677523
0.08269006
0.06118846
0.04316723
0.10149049
0.011300103
0.026931284
0.053485192
0.08591737
0.011551124
0.051795825
0.026091078
0.0787945
0.06765463
0.08638313
0.040813636
0.01932384
0.055068187
