0.15571672
0.036490507
0.10154576
0.2882673
0.3045404
0.078894496
0.120161295
0.14893004
0.06753959
0.302687
0.26817942
0.1345777
0.36138695
0.17847039
0.18326215
0.32399783
0.12585796
0.13548285
0.27236184
0.26517832
0.092300884
0.060092825
0.14961302
0.22862938
0.2376944
0.19598445
0.2610833
0.26868677
0.098931484
0.13818282
0.16451377
0.48017716
0.43423375
0.17628433
0.19838385
0.17477481
0.25515452
0.21634571
0.13804181
0.034231257
0.15905271
0.30671552
0.1194925
0.16586326
0.13306603
0.2537961
0.08791028
0.09490548
0.52965885
0.057637926
0.13869685
0.2632263
0.18233904
0.09617451
0.073665574
0.29925516
0.29026362
0.31574035
0.11128033
0.1600078
0.21641128
0.29883876
0.11738006
0.31507418
0.10112541
0.11987452
0.102101
0.19269127
0.06229844
0.07584582
0.28261673
0.13375112
0.32093
0.15353756
0.15002638
0.22503182
0.18204941
0.08592312
0.43607774
0.112954184
0.12537737
0.13787314
0.08855508
0.114469
0.114867136
0.09702183
0.21513149
0.109607264
0.100836456
0.09830661
0.14846532
0.26577967
0.10068491
0.062822916
0.07132004
0.1368564
0.1770183
0.12019689
0.12925118
0.16289042
0.21003227
0.11222728
0.10581423
0.26591226
0.2995139
0.17727801
0.17136571
0.105069175
0.19481249
0.24860418
0.23750001
0.07620675
0.22536753
0.08696831
0.12526782
0.15396293
0.27241
0.18154046
0.1468911
0.2881269
0.21473448
0.092029124
0.18063825
0.37940878
0.2834165
0.22325334
0.16000378
0.14802325
0.23903105
0.14900844
0.100805186
0.093635336
0.2969517
0.07990768
0.028984282
0.35014328
0.21718603
0.16783142
0.071004435
0.18895113
0.2477074
0.15811661
0.09725575
0.052061852
0.44814193
0.27611983
0.24879195
0.26126507
0.18672055
0.19202933
0.24059202
0.16755073
0.11720912
0.113787815
0.14008202
0.17393887
0.37964982
0.1606285
0.14098267
0.21247423
0.1841386
0.20133327
0.23068328
0.16796023
0.21511097
0.17694159
0.16734582
0.17922185
0.25114474
0.19441453
0.24699838
0.1825124
0.22392802
0.22666435
0.12723719
0.22037342
0.1841017
0.2862839
0.31599092
0.08589916
0.07372455
0.121933945
0.17491013
0.26743758
0.018147266
0.26185912
0.28063396
0.16857465
0.29722837
0.20831503
0.092118755
0.038591553
0.06725458
0.19401996
0.10228742
0.40142387
0.14988114
0.0657177
0.242464
0.066071674
0.20055582
0.18781656
0.23765063
0.22530742
0.21137525
0.17862616
0.0
0.14609201
0.12992278
0.25089037
0.22161672
0.20562375
0.20528606
0.13175766
0.2125894
0.1427045
0.20261405
0.22109222
0.26384988
0.10926227
0.19580738
0.07169501
0.114249706
0.20400745
0.1082623
0.10241767
0.29296738
0.0421114
0.10131903
0.11392926
0.13009171
0.0989002
0.059193127
0.17396568
0.30251718
0.23669395
0.08926386
0.089491956
0.15540706
0.17229484
0.09356228
0.16675785
0.14099365
0.073158875
0.17061634
0.1114178
0.12443515
0.07936686
0.13620922
0.26678532
0.2655982
0.15902121
0.098969325
0.11509539
0.13020433
0.27075365
0.17350455
0.22751282
0.110467605
0.18526097
0.19834808
0.1673201
0.39550725
0.38081044
0.22716942
0.0650339
0.21821317
0.09796098
0.29072943
0.0346715
0.18996802
0.13160032
0.19729625
0.22778763
0.17845379
0.2584125
0.059388768
0.21212794
0.104805335
0.23505613
0.29889408
0.1261349
0.41894013
0.1723837
0.21047089
0.23664114
0.2012788
0.26977727
0.25694308
0.20545323
0.25046742
0.17023738
0.3584396
0.24549404
0.17254077
0.21779762
0.15624888
0.10489848
0.098667525
0.07168559
0.14273915
0.30101106
0.24182108
0.18465203
0.08283431
0.20223422
0.16942716
0.13112386
0.1200821
0.2692425
0.2567213
0.38754037
0.37646374
0.16031739
0.24534436
0.14961664
0.13268928
0.21542925
0.3187938
0.17368552
0.19574282
0.121880054
0.113386296
0.20883492
0.24153656
0.19116437
0.1322136
0.08561529
0.043675102
0.26747978
0.061691117
0.115253866
0.038047686
0.05863429
0.10157941
0.09589573
0.3239606
0.08249321
0.13021275
0.054900214
0.04897011
0.1945786
0.19186263
0.15025389
0.14045113
0.17063801
0.21195057
0.13011591
0.3040533
0.106278636
0.10055381
0.06931199
0.053104587
0.050792113
0.058280557
0.12164102
0.15024908
0.1941419
0.18898202
0.21074392
0.32114977
0.24334887
0.19644609
0.116524085
0.2816589
0.14312544
0.12811652
0.08012999
0.14245985
0.19284426
0.19623981
0.22220163
0.34180924
0.35039043
0.21266317
0.16207588
0.18878996
0.28866708
0.18836544
0.18184455
0.18435752
0.101508364
0.1981044
0.14932567
0.1628768
0.2351992
0.10415936
0.19222598
0.17986508
0.10398387
0.23190163
0.15090808
0.11282289
0.33905903
0.20411035
0.07048362
0.23712638
0.27085415
0.09664566
0.2765753
0.1632203
0.1417819
0.14868577
0.16641247
0.27049282
0.32961744
0.18739364
0.19753484
0.16692123
0.24288665
0.13315596
0.38987735
0.36418477
0.14195521
0.16523628
0.35177952
0.31883982
0.17824626
0.26331785
0.25114477
0.21737483
0.29136354
0.36611614
0.15738472
0.22308838
0.21954527
0.17644186
0.13835768
0.12533309
0.25411806
0.1458061
0.06318148
0.20051686
0.16378726
0.17665516
0.21807027
0.25396186
0.079924814
0.06774747
0.06293149
0.14090648
0.22484961
0.14041333
0.07749333
0.07613869
0.20880023
0.25188625
0.08764856
0.2160345
0.22079386
0.13120988
0.1886702
0.1345153
0.11856333
0.15182723
0.27700216
0.26913205
0.21491927
0.17772329
0.22272435
0.35352054
0.23246145
0.2998198
0.17787388
0.29380754
0.27212435
0.30737773
0.1869385
0.15985052
0.38052738
0.1967714
0.21361369
0.15433049
0.16877852
0.2482208
0.12636648
0.25471777
0.19029628
0.28072175
0.15337661
0.1005713
0.21399613
0.20410591
0.3633635
0.33727926
0.19801193
0.32505357
0.17594446
0.32631356
0.45523933
0.18823808
0.1677556
0.08134795
0.3143542
0.18426983
0.10940248
0.29087308
0.15104787
0.2175696
0.23998132
0.14509292
0.27101347
0.15434793
0.03926559
0.16841944
0.11003985
0.23721683
0.20454785
0.08227193
0.26545972
0.11608914
0.09986483
0.1308793
0.09784166
0.11375238
0.27550173
0.2477503
0.08943996
0.16034639
0.11606929
0.19008374
0.22221138
0.15609474
0.19787094
0.2807317
0.25681156
0.2039063
0.18210173
0.2014425
0.14712809
0.14012143
0.17119797
0.29924121
0.16872615
0.15727648
0.22361939
0.124810465
0.25167805
0.24605244
0.26060504
0.18382385
0.08082047
0.15291129
0.20464696
0.28014112
0.19945082
0.053517904
0.040521238
0.022951499
0.14414552
0.17840272
0.36164364
0.29551232
0.31376144
0.0648369
0.1898286
0.055734303
0.074287824
0.21989752
0.14922813
0.2365697
0.3181712
0.27146897
0.11956665
0.19851217
0.17976172
0.3315097
0.17101459
0.15618919
0.22051454
0.3008962
0.26041535
0.44693813
0.17241584
0.21073103
0.31944472
0.15334487
0.17636465
0.16199382
0.20549871
0.13474636
0.3801539
0.3381502
0.2685167
0.2134792
0.23322529
0.23919407
0.20765974
0.202411
0.17005558
0.24380167
0.21882695
0.1965971
0.222709
0.30463424
0.32305774
0.2630304
0.42020512
0.3463708
0.24486591
0.2474771
0.33394817
0.18482348
0.28007144
0.30607578
0.22802459
0.33828515
0.27065757
0.2928005
0.38590717
0.29615784
0.34263676
0.38618097
0.4357616
0.2915084
0.19583185
0.2014023
0.41093647
0.2487394
0.19831517
0.32375944
0.21963944
0.38719904
0.3720874
0.3690056
0.34259912
0.28382164
0.42120585
0.44111738
0.3387751
0.41614357
0.30957294
0.24405178
0.37554774
0.2858532
0.33345568
0.2959684
0.38628653
0.33031982
0.24703549
0.31241482
0.4070815
0.2079761
0.2664356
0.42451784
0.45221615
0.43705732
0.28833646
0.21472353
0.261538
0.37599546
0.24038224
0.243173
0.29658026
0.34356448
0.37791488
0.2418866
0.26376155
0.2581849
0.2639006
0.3651778
0.15077125
0.26123092
0.27373418
0.25351185
0.2993401
0.24402574
0.1958975
0.14356431
0.32839003
0.25827837
0.21665399
0.31341523
0.22685447
0.333301
0.1929034
0.21654528
0.18608339
0.15883282
0.48127118
0.29941267
0.21116087
0.29203832
0.1593213
0.14139402
0.21043304
0.38511974
0.2086916
0.38477278
0.2861961
0.2029686
0.27044207
0.23226143
0.21216477
0.27225634
0.17669897
0.30705583
0.1525932
0.3200664
0.28158593
0.13259526
0.18965442
0.18375441
0.17872763
0.2132733
0.18326472
0.17856629
0.20524739
0.071892045
0.19112374
0.10685826
0.13948286
0.07824148
0.23021968
0.284707
0.2386106
0.33127877
0.36585417
0.14257325
0.19897225
0.099635154
0.1635943
0.13108832
0.1809903
0.2327081
0.14069499
0.22000583
0.43754134
0.13945335
0.1619174
0.2400966
0.12820205
0.18391457
0.1382955
0.29573846
0.24556538
0.35055315
0.3387386
0.107744396
0.3155985
0.17247559
0.13320917
0.16544385
0.20071496
0.038977675
0.07463232
0.16470431
0.26764336
0.057058156
0.07505792
0.19786523
0.25121602
0.12499013
0.17047669
0.23297681
0.3294292
0.18111323
0.14175627
0.07726446
0.17421824
0.18664113
0.2253991
0.11503047
0.13848332
0.2271299
0.10396433
0.23553789
0.14488631
0.10183425
0.10209904
0.1704957
0.23579264
0.22539902
0.043005906
0.091305435
0.11022309
0.65142405
0.3292557
0.3917345
0.32813522
0.38583037
0.3380791
0.23269388
0.28066617
0.43674645
0.3868701
0.5995097
0.36492503
0.36318177
0.4551236
0.35929754
0.34592146
0.3896643
0.37724018
0.4857582
0.37656185
0.46242926
0.4184569
0.3790382
0.35853523
0.4871551
0.35932338
0.42524335
0.53610235
0.42803618
0.37572783
0.36944917
0.36394107
0.34883532
0.53470254
0.4777337
0.49168298
0.44811228
0.48824123
0.46481526
0.5100103
0.37146837
0.44115767
0.36967257
0.4077051
0.37120366
0.3153459
0.3545081
0.34038782
0.50286597
0.36224753
0.3255636
0.30679327
0.40392253
0.42979518
0.41039962
0.60323316
0.43574265
0.48352733
0.607773
0.44635364
0.3852666
0.6268888
0.59917915
0.545444
0.61316574
0.03464379
0.24758084
0.025477808
0.25224447
0.06306671
0.14940952
0.25480556
0.16750097
0.20702896
0.068584494
0.18581156
0.105844885
0.14793317
0.21175663
0.09708121
0.24403572
0.1168488
0.20104668
0.2473452
0.20562579
0.14879161
0.19190733
0.21440357
0.16054682
0.27706784
0.30991104
0.29754794
0.2302984
0.2021145
0.18509054
0.28992864
0.12927146
0.2641056
0.25060278
0.13235423
0.13647825
0.12879764
0.06494831
0.09268928
0.1988541
0.3394632
0.2382556
0.14028127
0.26019087
0.10007489
0.21526432
0.31810245
0.2094947
0.13310257
0.23946534
0.30546418
0.1300852
0.218967
0.29461628
0.19975549
0.2607301
0.2828425
0.24235834
0.41390288
0.3090488
0.27863038
0.19692828
0.2425634
0.18451928
0.2785082
0.24723776
0.38195637
0.16063492
0.21635726
0.28255132
0.3046786
0.30082867
0.23865563
0.2835058
0.29110062
0.36412856
0.26511624
0.26941
0.16234465
0.15558268
0.315428
0.20803899
0.16881622
0.29438812
0.31135884
0.2619264
0.38222563
0.342774
0.17489636
0.1763024
0.39724076
0.20490843
0.3367557
0.27075037
0.23836061
0.35665968
0.19944994
0.21380737
0.32449743
0.295174
0.33021462
0.32499593
0.29713827
0.24246609
0.23324873
0.3622694
0.27317354
0.21286224
0.17814729
0.33534533
0.1933308
0.20946912
0.108209155
0.32981724
0.20223747
0.10108855
0.18647556
0.16049199
0.2374539
0.2104363
0.21130505
0.1009684
0.11463694
0.0976327
0.043636706
0.33222198
0.25082514
0.15213363
0.16761069
0.32287195
0.097085916
0.023664026
0.09292521
0.15366419
0.08819766
0.3003354
0.058757477
0.16918589
0.17552832
0.11902633
0.17619243
0.10483884
0.081492476
0.08092763
0.043808416
0.17852427
0.12983286
0.19950514
0.3949154
0.103003055
0.0790446
0.2036537
0.16128246
0.14638679
0.13535173
0.1006149
0.15834758
0.26645267
0.14082181
0.13391487
0.12008007
0.25358793
0.10153925
0.18842751
0.16197725
0.20532452
0.11889925
0.14634983
0.17638974
0.15265562
0.2021228
0.067328684
0.120929815
0.45937076
0.11644547
0.10147875
0.14765093
0.13432635
0.10100787
0.24550343
0.38607538
0.18463425
0.118569195
0.29117137
0.16914017
0.16466743
0.21577229
0.07271572
0.28660622
0.06802021
0.4226003
0.26485392
0.15583248
0.15524267
0.13243596
0.20469576
0.19798955
0.16186783
0.20497203
0.2511065
0.23280974
0.25365856
0.12195731
0.17403463
0.22213066
0.1288819
0.19879039
0.13133815
0.27984995
0.17046371
0.19619991
0.51551604
0.23159254
0.19873923
0.4839677
0.38678715
0.49755567
0.44112572
0.45709562
0.41238287
0.45540625
0.53246075
0.4363532
0.42676246
0.4849097
0.36286238
0.45753846
0.43905273
0.36894843
0.45484388
0.39558747
0.5208149
0.4416381
0.5241157
0.5529986
0.5100634
0.55159706
0.5933754
0.5887643
0.74837196
0.5801997
0.55161893
0.557439
0.6233268
0.62505996
0.5787938
0.7073288
0.58976704
0.528944
0.5060235
0.49765515
0.5022562
0.6636192
0.5268945
0.5009554
0.55076754
0.56896603
0.54734933
0.89125675
0.72364837
0.6787295
0.74634844
0.7665338
0.8344037
0.7616853
0.8055883
0.8559702
0.8071904
0.85988015
0.76826006
0.92418784
0.80948967
0.8112477
0.83732086
0.8221289
0.79152185
0.8639902
1.0
0.854849
0.80503964
0.76411575
0.8501574
0.79818654
0.72261196
0.9368316
0.7800531
0.8364011
0.71404713
0.9001031
0.9029052
0.7593094
0.93628806
0.88978064
0.881528
0.9450106
0.8645063
0.9738295
0.9603286
0.6464567
0.41059914
0.48448795
0.3915891
0.5117325
0.5722779
0.8141509
0.4174959
0.43925148
0.43461642
0.5074946
0.4499913
0.48033983
0.4245791
0.56882983
0.512019
0.53651774
0.39505848
0.44348916
0.42750397
0.410899
0.42340964
0.22662348
0.06851721
0.15199618
0.123634726
0.4102443
0.109755784
0.37342206
0.2568093
0.21590276
0.18214904
0.07505492
0.144745
0.05088885
0.2027189
0.11483891
0.24105197
0.060684744
0.07793052
0.21393815
0.15182719
0.12757404
0.13798384
0.24624452
0.11944853
0.2186069
0.27872655
0.19763283
0.14753765
0.14167625
0.24924271
0.19202404
0.07380378
0.15229227
0.16176584
0.24990475
0.21466695
0.31383023
0.062200267
0.16937363
0.2045785
0.18925662
0.10952689
0.0082897665
0.08013937
0.124223836
0.0569712
0.26143065
0.12062226
0.093704715
0.21345851
0.07220433
0.15033558
0.24097624
0.19456095
0.24260618
0.14614652
0.1518055
0.1425232
0.27870587
0.10338146
0.101885244
0.13240589
0.21914732
0.2421265
0.12436315
0.18777281
0.056208163
0.12642588
0.20747219
0.2242914
0.23099221
0.05863816
0.19007352
0.2978785
0.09845736
0.08397856
0.11762678
0.14979818
0.15622807
0.29782483
0.15284967
0.11056873
0.20063518
0.072424255
0.19249466
0.082959935
0.1866025
0.3184345
0.07288794
0.14205284
0.18145072
0.14066488
0.30420977
0.16423199
0.15740159
0.24933504
0.046743337
0.17385034
0.16047333
0.16705273
0.08675963
0.23986463
0.09868617
0.12149627
0.044691514
0.017878467
0.09155026
0.19185513
0.21694426
0.12006166
0.071292825
0.23706253
0.19411206
0.22078714
0.12465203
0.1671511
0.059781898
0.11780365
0.4838803
0.112025276
0.33341312
0.17322081
0.12231713
0.101550974
0.22252034
0.13359323
0.13180037
0.17087078
0.31744546
0.122676596
0.3042234
0.28575146
0.23496959
0.16568261
0.23952614
0.116450004
0.14657997
0.15651245
0.10593122
0.22576061
0.111526005
0.06762536
0.2537302
0.08496697
0.042633515
0.27880207
0.26093942
0.1885787
0.076699354
0.3321332
0.24772651
0.22171056
0.26524094
0.058199115
0.13994749
0.11231879
0.06451337
0.029996216
0.06685629
0.24013768
0.15845354
0.23687862
0.11756503
0.15400264
0.07044093
0.161173
0.107640974
0.1569004
0.26889554
0.12964311
0.13324375
0.10643671
0.1245192
0.0582962
0.16858569
0.177378
0.28502205
0.124873236
0.12720373
0.112123385
0.18146183
0.19372706
0.15539464
0.054979622
0.08274656
0.19660147
0.225968
0.38048282
0.05570201
0.29205713
0.08442655
0.14942823
0.088119194
0.11953942
0.25822848
0.21941623
0.11507683
0.15332225
0.15379815
0.17036062
0.1367337
0.24010517
0.09969693
0.2794173
0.11055634
0.17679833
0.15350208
0.24082875
0.119821474
0.26253957
0.19108596
0.08428028
0.23419768
0.02107677
0.23334107
0.18946463
0.15537354
0.18485537
0.18491541
0.29996383
0.029745718
0.10461881
0.1869582
0.17109545
0.14741565
0.138702
0.09866653
0.22487786
0.15246347
0.066357136
0.23723684
0.31400865
0.11158254
0.21277088
0.090766534
0.36496678
0.21119885
0.23805812
0.1964328
0.2942263
0.24061473
0.18783893
0.117990844
0.35378802
0.22126517
0.23884398
0.38462117
0.44870153
0.1615902
0.1695665
0.1941993
0.28430346
0.25337836
0.29378703
0.3745329
0.27671477
0.20663168
0.15655285
0.3274931
0.2688993
0.29039553
0.30417895
0.25068572
0.17756689
0.23028111
0.23767725
0.20086214
0.21897712
0.33977947
0.16809022
0.3665205
0.3248052
0.29651237
0.25763932
0.35754734
0.21538709
0.43990302
0.3139569
0.28869927
0.3757653
0.3705218
0.2779535
0.34317917
0.4488002
0.29428825
0.36556876
0.45781076
0.3942832
0.4582703
0.38219514
0.3685212
0.4150241
0.43772772
0.2967819
0.36833805
0.3025583
0.28476003
0.2807772
0.30847165
0.30909032
0.31485352
0.27711198
0.24557021
0.37989563
0.50588816
0.26375088
0.43632835
0.276372
0.323021
0.33833218
0.54795563
0.29015964
0.33422565
0.34318095
0.41184396
0.29210433
0.5558138
0.35916483
0.436596
0.34063834
0.30196846
0.22746748
0.5411529
0.53329587
0.28214824
0.2880531
0.42580986
0.39772397
0.28508905
0.5772969
0.2595302
0.32813093
0.30286574
0.27405906
0.36253458
0.25802913
0.20433584
0.2379956
0.32575637
0.20934142
0.26090935
0.35918316
0.28716046
0.28937283
0.27235684
0.27239063
0.37238237
0.3126957
0.4244665
0.3128281
0.28132412
0.3436208
0.41072512
0.24823721
0.35994083
0.2932701
0.2702023
0.27875134
0.2762243
0.56124187
0.26193792
0.37903655
0.28851533
0.28353772
0.34732318
0.4673644
0.3554402
0.20713732
0.26572323
0.17152849
0.49609113
0.3162311
0.47876272
0.22653668
0.23881997
0.1907839
0.11816522
0.2259639
0.1425513
0.13415244
0.3168845
0.22626542
0.24312697
0.23590715
0.048873436
0.14884521
0.12927087
0.31773776
0.27377555
0.19665614
0.33310068
0.43738803
0.1631393
0.19348302
0.119889066
0.088169
0.07712471
0.23213507
0.24073811
0.13533139
0.06435457
0.09262482
0.31767327
0.22195959
0.15909898
0.08373586
0.31383833
0.07481031
0.3717332
0.15880182
0.17027885
0.23371969
0.08754125
0.13296007
0.1803121
0.13503619
0.29958493
0.18721837
0.10402425
0.08624231
0.11860001
0.13957024
0.096313424
0.11477099
0.16352598
0.12234263
0.19532436
0.23156238
0.27816343
0.067398064
0.08855298
0.2371415
0.16936626
0.29754335
0.35727632
0.16267045
0.09099676
0.13871278
0.06868536
0.19266886
0.12391146
0.2693337
0.16459952
0.195803
0.06613264
0.32681155
0.115993634
0.22958794
0.07356122
0.073132545
0.19215266
0.1819991
0.25621787
0.119667985
0.2747362
0.20612594
0.16724494
0.14386094
0.119111076
0.09511154
0.082431234
0.30861312
0.22474287
0.09457468
0.10385078
0.08488365
0.07436249
0.13623069
0.19766751
0.044685677
0.22769941
0.046103142
0.32821634
0.13255072
0.16387038
0.099929
0.31579402
0.110519536
0.1677785
0.2110742
0.13295166
0.18175477
0.05449353
0.10752415
0.20012735
0.19632447
0.12191277
0.19314288
0.15753412
0.17194015
0.31645796
0.1938642
0.17387493
0.11201818
0.1692294
0.10974188
0.060414206
0.43892717
0.24572554
0.10867882
0.17665295
0.4402394
0.17913115
0.09916358
0.08897561
0.31672686
0.24228954
0.21908458
0.18330829
0.1770227
0.13781784
0.32306907
0.25577277
0.26855862
0.10236259
0.14800362
0.13547845
0.1598095
0.18391553
0.2561683
0.1438597
0.21853024
0.23069146
0.081278734
0.12724662
0.18660213
0.20039873
0.1726865
0.17187023
0.19029123
0.2071897
0.23566756
0.25453705
0.13041489
0.2584855
0.06854976
0.10888596
0.15706724
0.15630946
0.048145324
0.25249696
0.16673203
0.2187865
0.14801374
0.12569933
0.35247433
0.088940896
0.0925746
0.15607347
0.35377705
0.065468125
0.27456856
0.16115153
0.36353338
0.18367538
0.11929388
0.33846414
0.25617924
0.17910562
0.117631204
0.0445047
0.16245261
0.36964893
0.20844668
0.20626199
0.21121016
0.20945269
0.19103135
0.26746395
0.116973504
0.23736146
0.25971848
0.18117468
0.21570939
0.20648271
0.42526928
0.16737227
0.29770672
0.28480652
0.23063402
0.24996431
0.14159074
0.1469584
0.16972886
0.23871185
0.331896
0.2536437
0.22030754
0.28368223
0.33123526
0.3008004
0.15378216
0.116978414
0.22488649
0.0977094
0.083511725
0.18324403
0.12952298
0.16920318
0.18318433
0.15656497
0.2417206
0.064176284
0.11996895
0.089043505
0.16596329
0.4131734
0.1390518
0.43561098
0.13200125
0.40151796
0.1811429
0.17101054
0.3897531
0.07704303
0.16202286
0.16029614
0.10075626
0.24232103
0.12150194
0.11854313
0.12656914
0.052616388
0.06899689
0.28869006
0.16423465
0.14788163
0.41107252
0.14789958
0.24694125
0.12722911
0.18502864
0.20186637
0.123037964
0.10971867
0.18234774
0.18783802
0.24135786
0.18927656
0.56648564
0.14370374
0.17059566
0.120900586
0.20332716
0.088854946
0.29343987
0.30507842
0.086363316
0.1942563
0.11053202
0.17739369
0.13601615
0.16517664
0.12165107
0.20424893
0.14322723
0.1330578
0.31886148
0.14605689
0.06175214
0.17608188
0.11149471
0.16228512
0.41014683
0.15923546
0.038062997
0.18624571
0.100029
0.14755876
0.05256313
0.2030574
0.20871481
0.18106098
0.17500198
0.13837604
0.1444524
0.18644142
0.1708854
0.17546128
0.1732751
0.16365656
0.28634307
0.30161458
0.08056975
0.11668637
0.13004386
0.2371134
0.048644044
0.18884167
0.12167125
0.12054137
0.4013971
0.20735456
0.04063936
0.17460059
0.16379717
0.22544107
0.27263483
0.41501987
0.15947023
0.2833932
0.16690668
0.11748211
0.13526379
0.19169031
0.11698568
0.1660062
0.29084268
0.124504015
0.16462988
0.25563177
0.2504183
0.09833417
0.12169073
0.12718649
0.21399081
0.20058063
0.20637195
0.22856225
0.1370364
0.29805318
0.1978653
0.21274549
0.33140862
0.20494817
0.12512176
0.08851735
0.26562467
0.17463483
0.13224564
0.27666754
0.25423327
0.2297699
0.06130383
0.090345025
0.17369883
0.3121286
0.17243668
0.1805627
0.2214779
0.12033141
0.28677422
0.15389276
0.19718328
0.19138019
0.2568156
0.20955087
0.22983792
0.17392305
0.31283915
0.12979661
0.32324925
0.23730361
0.1472793
0.23143071
0.25513062
0.18458135
0.16994624
0.098938756
0.2687574
0.13646266
0.07761704
0.10136152
0.05666989
0.20154443
0.24342224
0.21538557
0.19856142
0.16549766
0.079000086
0.22719023
0.20303394
0.22543643
0.25107545
0.41264722
0.18375598
0.12615861
0.17780478
0.19530018
0.090521075
0.040964756
0.29683477
0.20367618
0.0864588
0.38612598
0.10441821
0.09746798
0.15106861
0.15965231
0.19029282
0.2513304
0.14182544
0.1254568
0.21285751
0.32370558
0.20763008
0.2670454
0.09637079
0.23643921
0.23732919
0.084476545
0.06880587
0.18765761
0.21932103
0.289369
0.1909425
0.15958986
0.22053277
0.40582862
0.2035922
0.077255726
0.23147045
0.098912425
0.10389491
0.195098
0.108542405
0.054987356
0.086837605
0.17156711
0.04095111
0.11646964
0.1074607
0.10185684
0.32744333
0.10696116
0.33881283
0.08794233
0.13870177
0.18083514
0.32600817
0.42884755
0.12735596
0.16250646
0.11551745
0.34523273
0.07542787
0.27563772
0.2604154
0.24216513
0.23678367
0.12073547
0.056282047
0.27731836
0.21831487
0.27197132
0.08089202
0.29555488
0.27245358
0.23125826
0.16839473
0.22718896
0.21447687
0.14525078
0.13962731
0.16891052
0.11084175
0.3380129
0.19081527
0.11510427
0.11331116
0.31238163
0.124854125
0.1825421
0.22506347
0.22492364
0.32207623
0.14561008
0.084377095
0.26847148
0.24837857
0.22451188
0.36659056
0.27292687
0.15499032
0.33937892
0.332868
0.11266162
0.16182381
0.26871982
0.23472048
0.12264667
0.15495081
0.13797791
0.15969256
0.14924753
0.2853515
0.16392024
0.15732773
0.2904014
0.17427011
0.16518919
0.22692698
0.19450729
0.31097975
0.23504806
0.2370739
0.15074404
0.2281276
0.111885875
0.14584103
0.19718124
0.34908015
0.12619498
0.18536031
0.12435405
0.14095531
0.31546405
0.2794222
0.3961772
0.21755475
0.16840196
0.25038025
0.33736038
0.1978026
0.27450418
0.3938331
0.3511631
0.3653017
0.36707798
0.39968857
0.24706732
0.23421589
0.21923834
0.2464805
0.3770929
0.21727328
0.20332341
0.38005164
0.375865
0.23716486
0.192857
0.26613805
0.19877592
0.17814824
0.540676
0.32039788
0.22346282
0.3722322
0.2759829
0.25228524
0.16306084
0.26425722
0.34096828
0.20373294
0.28404385
0.2075362
0.38710627
0.26771685
0.26116326
0.3013486
0.23985346
0.3284958
0.22526512
0.20324601
0.22054972
0.19610344
0.30201128
0.36676243
0.34697258
0.348882
0.21299507
0.3967242
0.17325959
0.21440665
0.20523767
0.41071582
0.23305222
0.28472677
0.19875875
0.23733625
0.2421475
0.22074006
0.14949693
0.173828
0.22672184
0.26860574
0.22691731
0.26540765
0.27358773
0.20269172
0.26374388
0.37283918
0.24087398
0.24673551
0.25992587
0.19961181
0.2126269
0.19504525
0.21448983
0.30337664
0.26496184
0.31820893
0.39384192
0.34547183
0.22888234
0.28348854
0.38651538
0.29208195
0.19699545
0.16709313
0.26870543
0.1727841
0.3171071
0.1394305
0.2615545
0.27337122
0.16202866
0.15971932
0.25587258
0.21606901
0.1592541
0.13469516
0.117640145
0.19383693
0.15994151
0.19451419
0.13775718
0.31293634
0.073988356
0.18475555
0.355901
0.11759549
0.3444129
0.10167255
0.13234738
0.066627234
0.26455137
0.06435409
0.16270922
0.07577429
0.101611026
0.2626827
0.39204592
0.35260954
0.17618023
0.12383789
0.19036365
0.15143515
0.31385043
0.13184352
0.09286181
0.1257012
0.019405328
0.16008507
0.155325
0.2867616
0.14281122
0.15249296
0.0733577
0.12048064
0.31168923
0.18056343
0.18717226
0.3340737
0.2722404
0.15040295
0.14382924
0.2689514
0.41946626
0.29343456
0.14426106
0.23461458
0.32783902
0.44972044
0.06525879
0.15258671
0.15438473
0.14211121
0.15616018
0.19422513
0.16341199
0.096245036
0.16752493
0.1481724
0.09992322
0.21081518
0.19016798
0.05768735
0.13374794
0.0679132
0.04243821
0.11520133
0.0675644
0.058739513
0.16056348
0.21217498
0.20992297
0.24991739
0.25139973
0.1270901
0.22647534
0.08996155
0.16288257
0.16942476
0.23856793
0.34625342
0.23485687
0.06258002
0.090977095
0.21193327
0.17986602
0.08102734
0.15812302
0.1218988
0.04950889
0.13371323
0.116186894
0.25841758
0.29945898
0.23311591
0.17224276
0.07661862
0.046003725
0.09962802
0.059159532
0.06618455
0.2224223
0.24578123
0.14706297
0.21828157
0.21164936
0.29662144
0.16294254
0.20914036
0.21856675
0.13632447
0.35202286
0.14330865
0.03833167
0.1272293
0.25555563
0.14265633
0.1979264
0.50465375
0.20556568
0.14333184
0.16492467
0.36861137
0.32385322
0.42446458
0.2003009
0.28956646
0.11120017
0.073924586
0.13878137
0.24099329
0.1482328
0.098822705
0.199415
0.2105566
0.07684914
0.27059418
0.26602003
0.18369603
0.05489229
0.20733418
0.10241522
0.1838111
0.157233
0.13674551
0.25502202
0.3586382
0.20272353
0.38737053
0.18706077
0.4697579
0.20136234
0.17987145
0.2007894
0.11878294
0.1910005
0.1514892
0.42064202
0.35225752
0.28429395
0.25962573
0.3066053
0.41068956
0.18744965
0.28204262
0.24609046
0.21380891
0.2618826
0.21845621
0.15907338
0.21646647
0.29942137
0.3752687
0.30100137
0.3079711
0.42624667
0.5175963
0.28253287
0.2813977
0.27235433
0.26327968
0.26050442
0.3301493
0.24985296
0.2362044
0.28278184
0.15962563
0.1806143
0.22879045
0.2810389
0.41138667
0.39656407
0.3064844
0.3265053
0.2854413
0.26433247
0.26476923
0.22835787
0.20177808
0.22276393
0.15889318
0.35773757
0.24700941
0.13961394
0.0969051
0.2562618
0.16197121
0.17289959
0.20324895
0.14197211
0.15849207
0.06836986
0.057651408
0.24591835
0.08789727
0.12491274
0.27006882
0.24277505
0.07135435
0.10225528
0.19983105
0.32428476
0.16778563
0.12397165
0.20605275
0.16640127
0.3664917
0.35543066
0.2724874
0.39270627
0.18625349
0.15304819
0.28799048
0.12616703
0.18092193
0.14247954
0.22329153
0.13961436
0.25197306
0.17455776
0.13481243
0.36455286
0.2594402
0.29941386
0.23232342
0.1260771
0.22860381
0.13532083
0.21914986
0.030186323
0.1500886
0.11917224
0.16981268
0.09377657
0.1262892
0.052661985
0.066329084
0.14891516
0.18599267
0.43417266
0.21496387
0.23906454
0.1384916
0.17463686
0.16592127
0.090599224
0.23978224
0.19175503
0.17466007
0.05927518
0.37714946
0.19451101
0.21790412
0.23489434
0.20429078
0.17039026
0.16091852
0.33378842
0.17357622
0.16422063
0.07320732
0.1353216
0.33187416
0.061393894
0.2680448
0.20256013
0.26537362
0.3245984
0.06872608
0.16365992
0.18016925
0.22034618
0.10198911
0.08064289
0.19841786
0.13336135
0.14909479
0.06390649
0.12128928
0.3020084
0.16628037
0.2341179
0.34848458
0.08312164
0.2059014
0.10846947
0.17812166
0.08898052
0.33193958
0.12936075
0.29225546
0.29755443
0.23694801
0.14526293
0.24601273
0.275002
0.061967842
0.25286657
0.09306359
0.21590407
0.18125665
0.10614744
0.1472003
0.09957768
0.33335644
0.15755083
0.14229466
0.15172887
0.26079473
0.15460387
0.17275774
0.2658313
0.16603929
0.39172903
0.2789643
0.29569206
0.18543395
0.2905465
0.25428316
0.22286041
0.28346953
0.15846619
0.19955562
0.19042252
0.18259586
0.3350975
0.3021477
0.24891181
0.31826088
0.3370976
0.38448998
0.29831678
0.18282105
0.23794854
0.2060965
0.22892943
0.21920379
0.26459032
0.22968379
0.19096339
0.26997837
0.2812757
0.13520241
0.17177175
0.15405078
0.19091003
0.2513161
0.23804829
0.27342552
0.072690055
0.14453277
0.17972417
0.17354873
0.08480293
0.10803041
0.19183487
0.29712847
0.15833968
0.14862236
0.11362198
0.17014644
0.05293646
0.22156832
0.12099419
0.19179186
0.09115538
0.14660849
0.106112115
0.34945485
0.11899763
0.31012058
0.1597709
0.19945373
0.24445328
0.12636517
0.11147026
0.2173671
0.16570988
0.09083641
0.081970684
0.06973448
0.25134802
0.10104791
0.10184595
0.13645148
0.13234276
0.14880762
0.1420737
0.21152228
0.22104971
0.1275689
0.14703938
0.06059967
0.043777037
0.17387977
0.09494592
0.18931548
0.20895626
0.10399627
0.13393712
0.17632632
0.2481596
0.24478772
0.13957095
0.18009844
0.15261632
0.16243
0.20065324
0.2006721
0.38979632
0.17038098
0.19560517
0.16895229
0.2239043
0.2635019
0.19400948
0.24084836
0.30849272
0.39561194
0.3466125
0.3097133
0.46210277
0.3102427
0.23090896
0.4091304
0.40290755
0.3041644
0.290313
0.31371465
0.25530234
0.46300232
0.33733964
0.315613
0.29183865
0.38801342
0.37964258
0.22556078
0.2489016
0.35276335
0.36883914
0.3826948
0.2968851
0.27450496
0.44635993
0.35982633
0.3874841
0.39811885
0.3031695
0.4825808
0.19579367
0.42356482
0.22957113
0.25523087
0.25641742
0.38361904
0.19006534
0.14614616
0.24148114
0.21741612
0.15843101
0.22979718
0.30137578
0.2801935
0.13210069
0.26079127
0.19129731
0.29867592
0.25256133
0.17075567
0.17466195
0.2149724
0.29952863
0.17277282
0.34871325
0.23015273
0.14014675
0.23167078
0.37542254
0.21197835
0.3401058
0.14877756
0.11824842
0.16925815
0.092446074
0.08244876
0.16488925
0.14352311
0.25351885
0.25686544
0.14622225
0.21035388
0.19323824
0.07711377
0.36088502
0.22040385
0.15384588
0.105477124
0.26490152
0.15335688
0.23464777
0.16456075
0.15259074
0.21117368
0.21378656
0.23583697
0.16373788
0.26253292
0.26355043
0.28739104
0.31033075
0.22781584
0.1250496
0.10457049
0.18983874
0.11892445
0.22966124
0.06210466
0.38909423
0.12120445
0.22029215
0.10207586
0.11757719
0.18316518
0.17450847
0.26065925
0.13552213
0.13551606
0.22443002
0.34548825
0.19833839
0.32522607
0.11295956
0.12007068
0.21013638
0.15440296
0.09935312
0.13544963
0.25879973
0.23675084
0.120388106
0.16716364
0.34118193
0.17233334
0.11206196
0.15189964
0.18517481
0.20315188
0.15764637
0.23955195
0.12597774
0.11306159
0.14382294
0.3075979
0.055945937
0.06285785
0.16900423
0.24579526
0.33190265
0.32005733
0.17462008
0.15113053
0.15461761
0.20924164
0.17782329
0.24479406
0.27070716
0.30317378
0.2894492
0.28107736
0.270226
0.38789955
0.34366477
0.2916476
0.37078366
0.21970202
0.37067634
0.21353999
0.2925831
0.35762006
0.2835446
0.43874624
0.25750154
0.45274228
0.3036818
0.27613512
0.4507868
0.56589234
0.31885627
0.3125193
0.28971028
0.3118815
0.3262737
0.2445048
0.31407702
0.33822224
0.24115852
0.27197167
0.21345344
0.26273382
0.24221759
0.3299959
0.28929958
0.437029
0.36585495
0.21745391
0.3717253
0.37815794
0.38589197
0.25412634
0.3263737
0.2962033
0.26053485
0.22595203
0.26106942
0.33207875
0.36429834
0.42843527
0.30614087
0.33936816
0.3754101
0.3149769
0.32605332
0.41119745
0.32081705
0.4029833
0.32182643
0.2553001
0.29618856
0.35629115
0.29344112
0.41608298
0.41924712
0.3010384
0.25567746
0.38883662
0.29859605
0.28847086
0.28184256
0.4343897
0.2858809
0.41345215
0.356953
0.33605596
0.26106155
0.41749766
0.2961652
0.2572896
0.22556335
0.17392185
0.28006652
0.24775507
0.27166587
0.27142468
0.22653778
0.30052635
0.28000206
0.50436556
0.27526
0.1854444
0.199026
0.17943363
0.21974319
0.20807986
0.3288776
0.21303813
0.22978725
0.19280557
0.29582298
0.5091509
0.45019507
0.17653477
0.21500853
0.20169379
0.5292501
0.33045885
0.38243484
0.24598886
0.3043787
0.33895928
0.26345018
0.2539743
0.32656705
0.22330995
0.27990097
0.37996215
0.3482121
0.33198482
0.22692172
0.30188292
0.24083437
0.26534802
0.27646658
0.41990286
0.37164572
0.31789935
0.21590692
0.2980084
0.2796645
0.2335421
0.18039699
0.2624914
0.19810127
0.2988304
0.2760245
0.21186659
0.13762596
0.26177648
0.113809235
0.18928163
0.3558671
0.15768436
0.18929495
0.24809216
0.22354132
0.17460434
0.10781165
0.15894191
0.1531488
0.14584814
0.09927184
0.19555353
0.1920246
0.23959056
0.30703908
0.12706499
0.098434515
0.12204094
0.24704531
0.19174033
0.20011258
0.27035123
0.23686644
0.28872707
0.17286305
0.22266652
0.34823287
0.23780599
0.109034136
0.23440623
0.13412713
0.14396693
0.15842782
0.21427634
0.15522787
0.2935199
0.12473533
0.29886854
0.25341368
0.17035846
0.2419043
0.38085777
0.34177184
0.35146213
0.46133533
0.41409922
0.31051403
0.32709858
0.2646574
0.44473654
0.47231537
0.39914516
0.39083493
0.47288364
0.4809363
0.4449321
0.34560862
0.39101377
0.4617888
0.3679693
0.5290369
0.43568528
0.50604755
0.3851449
0.40020555
0.32833493
0.37257725
0.4680164
0.40614167
0.40785718
0.39883792
0.3148602
0.42102718
0.30374599
0.32025006
0.34637678
0.46386367
0.37396118
0.37005204
0.389005
0.2932977
0.31877035
0.36202076
0.34605896
0.25731233
0.25876853
0.37284148
0.30703306
0.30613843
0.28718597
0.42019963
0.38139123
0.35132244
0.355682
0.33947513
0.42044592
0.4013419
0.24640207
0.2841601
0.32632753
0.48641834
0.2757194
0.46289393
0.35868588
0.18642107
0.1725559
0.37933707
0.1400765
0.16312876
0.29380053
0.1816999
0.14707184
0.14650144
0.21909979
0.21881421
0.23148772
0.1862496
0.20448072
0.1637832
0.15558578
0.21633938
0.13770078
0.17202033
0.094081946
0.14365728
0.259668
0.34762222
0.1790344
0.16717425
0.23551501
0.13518488
0.41704744
0.30310065
0.33488744
0.21912055
0.21928886
0.29498848
0.25454363
0.10549979
0.15508819
0.06136028
0.04780116
0.20479263
0.113993846
0.23576766
0.15251859
0.12174613
0.13707371
0.085814655
0.2317881
0.19903754
0.1335724
0.15144609
0.21179676
0.17430803
0.18933317
0.16583839
0.10410238
0.017849265
0.13203849
0.29347062
0.18985397
0.2207469
0.12923804
0.13623345
0.32958797
0.20077378
0.14857706
0.14014293
0.2273229
0.19713415
0.3223574
0.25579065
0.059564557
0.12572269
0.107806176
0.12702811
0.15545923
0.13941918
0.3404351
0.22308981
0.17941935
0.24810584
0.26461297
0.21388339
0.17190173
0.20325191
0.22804762
0.10051386
0.25990382
0.26961344
0.20369914
0.23045698
0.17076512
0.20045042
0.1971011
0.14313036
0.3404051
0.3024131
0.30105698
0.21818575
0.0981281
0.27686638
0.18219005
0.25571367
0.22066803
0.15761915
0.21943617
0.15385504
0.17585425
0.17119636
0.32674965
0.32552278
0.18187994
0.1517561
0.17635609
0.3621002
0.16166222
0.20085566
0.30173296
0.32033774
0.17988755
0.28742692
0.115674764
0.1930277
0.1930721
0.24386148
0.15464474
0.13037534
0.2668037
0.18691044
0.100792855
0.13136762
0.133438
0.16862959
0.32249653
0.050097823
0.13484904
0.24042107
0.15066366
0.20373155
0.16844173
0.11684691
0.110936165
0.12739839
0.087391585
0.06240401
0.15544704
0.43278605
0.25854036
0.025265886
0.22390321
0.079596855
0.15166645
0.1751892
0.3427844
0.21120834
0.21365307
0.09430014
0.08888904
0.32096198
0.34392935
0.07525399
0.27637666
0.27218556
0.23609108
0.21078943
0.09834342
0.1381395
0.068382666
0.3319112
0.07786163
0.25117785
0.19835243
0.36785603
0.11385207
0.39585215
0.30671364
0.23783411
0.051555928
0.108814895
0.24793787
0.1805057
0.19359766
0.14180297
0.16290648
0.3323384
0.20635614
0.15756077
0.1701163
0.23626596
0.273096
0.07774574
0.15609813
0.11199082
0.4358255
0.1445557
0.12825069
0.088998355
0.21633932
0.05601015
0.028338693
0.16366392
0.24470639
0.084860764
0.13043346
0.10102328
0.3073776
0.30817375
0.06725869
0.28600296
0.13949423
0.29931813
0.07140207
0.09401366
0.12243884
0.11157222
0.10587001
0.113109596
0.26764974
0.15468329
0.124477066
0.36479628
0.1507934
0.22188973
0.05264006
0.16092786
0.24702713
0.16460621
0.2696845
0.097187854
0.18087849
0.10349143
0.1826009
0.22121833
0.07352354
0.08405926
0.123779766
0.18478519
0.29197806
0.08533937
0.10727205
0.32625863
0.10472375
0.21329702
0.16097899
0.2238872
0.114888646
0.3956091
0.2632527
0.20046076
0.19946396
0.11463604
0.28202516
0.13519499
0.15377212
0.07792917
0.11864068
0.11137914
0.26785958
0.02630038
0.10657971
0.22873881
0.1521373
0.07379859
0.11737369
0.2189965
0.16353168
0.09042883
0.20032227
0.13959135
0.10093439
0.1223551
0.30004263
0.10680577
0.19822332
0.15042374
0.118914
0.34498844
0.31579444
0.2992181
0.11756689
0.24686415
0.1251008
0.24492131
0.09750564
0.117768034
0.18014862
0.22076613
0.22124617
0.24228522
0.13376348
0.17584035
0.15822679
0.25721812
0.08997657
0.17981376
0.1516214
0.10379407
0.06013314
0.26154092
0.22841232
0.14610174
0.29705787
0.2470442
0.24892505
0.2157455
0.29466182
0.26429176
0.30282632
0.15530671
0.22036067
0.22238596
0.248473
0.23977154
0.28561667
0.15211686
0.2892772
0.3264487
0.11614245
0.14024359
0.34545335
0.18213674
0.24247906
0.3940756
0.22592151
0.098809004
0.19602035
0.26517066
0.13955954
0.2671464
0.14173304
0.228985
0.18008888
0.27376848
0.42516455
0.31517062
0.3365938
0.37913918
0.3804171
0.29454994
0.32298717
0.41448686
0.38734612
0.2787466
0.34330738
0.3554167
0.30921677
0.42851585
0.2404628
0.32688606
0.28281522
0.24234492
0.26148123
0.28059024
0.23771577
0.2846783
0.3686059
0.45797
0.3020366
0.24895398
0.21038894
0.22211218
0.36029962
0.2936292
0.1968126
0.36124524
0.21750237
0.32413694
0.32404318
0.26961705
0.26948774
0.3664283
0.314383
0.4150933
0.49586752
0.28971082
0.37461063
0.7076753
0.3278997
0.33556235
0.3780575
0.39236978
0.28977618
0.44436967
0.28320986
0.24263114
0.29438904
0.22106378
0.22684166
0.29811457
0.25020805
0.44194123
0.34082276
0.29126063
0.4567617
0.37574774
0.39366803
0.3449886
0.33048782
0.36764136
0.20721935
0.26592663
0.30484638
0.25404707
0.2552227
0.270549
0.20530511
0.25002053
0.2937387
0.15221943
0.24194114
0.36043116
0.16727996
0.19099708
0.19117938
0.27011606
0.3926944
0.24940693
0.21902323
0.23106655
0.16191846
0.29661962
0.27071068
0.10718618
0.1178867
0.2894422
0.23488176
0.16141562
0.22466432
0.359071
0.22176667
0.21847543
0.2096697
0.17587495
0.13472486
0.2950569
0.1467551
0.1364329
0.3644061
0.3945928
0.2402534
0.24323542
0.26950228
0.16278426
0.26983866
0.18869999
0.18338548
0.14448623
0.18312529
0.44119725
0.25614563
0.34719044
0.25911492
0.23231882
0.118281774
0.09668815
0.15395087
0.25142673
0.25054076
0.18026522
0.22778895
0.34871745
0.32164237
0.21543957
0.12269473
0.17967173
0.14103676
0.23819244
0.19486366
0.36210594
0.34882718
0.18813689
0.4165227
0.22151823
0.29150876
0.17139487
0.07953012
0.27539098
0.08193188
0.095134825
0.23365553
0.25406012
0.3262884
0.30594563
0.110500865
0.24596296
0.28676778
0.13694221
0.2248841
0.16228102
0.28666854
0.22541437
0.2627175
0.056677323
0.122168705
0.2214892
0.10657031
0.20685118
0.20787287
0.39073855
0.22984183
0.42469397
0.1980134
0.19421697
0.18179163
0.19936556
0.2568981
0.22486523
0.16823663
0.12279273
0.09717778
0.15553422
0.13294834
0.18120864
0.11967814
0.17274334
0.090628915
0.11500685
0.0419121
0.041293863
0.12355423
0.13423134
0.21032949
0.04862036
0.1342674
0.045450337
0.15585104
0.12138925
0.15180108
0.06714734
0.19071116
0.046219904
0.12821685
0.1129554
0.05710584
0.16863433
0.10890894
0.26511997
0.14437725
0.38596553
0.20242962
0.14501172
0.18409753
0.19764464
0.18231492
0.2514874
0.06975638
0.18431196
0.2539104
0.3468443
0.084391095
0.15515967
0.01071004
0.27179545
0.15431951
0.12769969
0.14679465
0.20219752
0.14193954
0.16651334
0.17341098
0.12798992
0.101990215
0.20096913
0.11961491
0.08704164
0.2233556
0.052357312
0.10576308
0.18262735
0.26248774
0.13165773
0.06762684
0.1499729
0.17959663
0.19608724
0.17101623
0.2491803
0.17240906
0.2997405
0.21424024
0.26465362
0.16843912
0.21272843
0.28028998
0.120605305
0.21233489
0.3976598
0.17587848
0.22207561
0.17957385
0.15143798
0.14121935
0.18763712
0.13212505
0.06897912
0.22146733
0.15952031
0.14566088
0.111695915
0.26842588
0.11383807
0.25885084
0.28671
0.1888599
0.34095195
0.4501578
0.20477985
0.50713474
0.2940609
0.19925198
0.19930348
0.22733432
0.33861586
0.31494102
0.15490939
0.21523525
0.33397776
0.14697702
0.16038163
0.21177387
0.12967336
0.31813732
0.12219625
0.16635177
0.13320762
0.23246077
0.22952284
0.289202
0.12857239
0.29146996
0.10079431
0.20555484
0.22346517
0.28190663
0.20497659
0.1333691
0.17742816
0.17061363
0.067134425
0.04837572
0.13854547
0.07045286
0.21414535
0.08932949
0.23870665
0.35402152
0.179564
0.05880475
0.16774091
0.2621395
0.15666327
0.19912878
0.18313494
0.105272226
0.117417075
0.27056468
0.11564769
0.18512902
0.058456
0.035983108
0.048895143
0.14289948
0.12568808
0.16649462
0.18744119
0.12583093
0.25371984
0.08289458
0.15406756
0.18749677
0.12987095
0.14235167
0.25166306
0.25178745
0.30563986
0.13159817
0.2060843
0.2565078
0.10785421
0.28065062
0.23584124
0.100971095
0.15267739
0.23698717
0.15890525
0.0905644
0.07791155
0.11230265
0.2874129
0.17721571
0.08108972
0.23129548
0.2710123
0.29023063
0.1784375
0.14457269
0.21843754
0.23531084
0.23651771
0.39803615
0.28961515
0.18715908
0.29335448
0.19211914
0.16432892
0.08056281
0.15032198
0.26170704
0.24467805
0.14910679
0.14897966
0.18343434
0.13223715
0.13121039
0.27546623
0.20144898
0.092497
0.39865294
0.17675526
0.15864578
0.31094822
0.1681909
0.15369873
0.26510286
0.11196797
0.102649376
0.47583535
0.31966922
0.5052001
0.19216396
0.22336291
0.23802337
0.16735435
0.4042914
0.36611423
0.15606603
0.25019556
0.23944998
0.27318537
0.32704636
0.16362895
0.23328677
0.17243788
0.35109964
0.13325311
0.24440241
0.246038
0.09183594
0.14701587
0.229741
0.2276062
0.17484412
0.19296373
0.13604562
0.21308239
0.1738285
0.14856958
0.20091063
0.25749657
0.24708298
0.15011096
0.13572472
0.13735259
0.3849736
0.27216098
0.20507444
0.19545747
0.18225068
0.22210722
0.39181724
0.2550731
0.2623602
0.1972116
0.21408412
0.25658256
0.10242888
0.18767808
0.23851307
0.14881857
0.29373565
0.12830019
0.20293055
0.43035057
0.106969446
0.09469506
0.33200836
0.0965564
0.05784795
0.2950429
0.07024539
0.15606906
0.058932353
0.12979157
0.08263402
0.313021
0.10133261
0.08888515
0.09478343
0.10662831
0.22556597
0.20691812
0.30047053
0.22423147
0.15146334
0.20919852
0.18878691
0.27241504
0.20617212
0.09465634
0.16823609
0.24108757
0.09782871
0.20591885
0.20802641
0.25316682
0.1356982
0.09944434
0.133176
0.15784611
0.12199154
0.19535322
0.39567074
0.16980146
0.16585404
0.13442846
0.23525526
0.21684596
0.17424408
0.14618777
0.06640527
0.23584649
0.15165597
0.06331426
0.08598318
0.19815004
0.048681587
0.18314376
0.09905497
0.12903185
0.21777056
0.19064707
0.24375995
0.24030896
0.20813444
0.15251201
0.30853504
0.2248514
0.3378647
0.17269953
0.13206895
0.14862382
0.20735206
0.17716584
0.19854778
0.22734433
0.23352607
0.4568558
0.46675196
0.24460919
0.19346654
0.29499376
0.38550308
0.28458628
0.38919675
0.2756167
0.30491745
0.25467053
0.24138084
0.1927902
0.3662155
0.19660236
0.18590139
0.27228284
0.27794808
0.30447692
0.28379986
0.2885681
0.49967661
0.48124656
0.31616536
0.27137145
0.33349463
0.22608422
0.21585089
0.42169374
0.48914436
0.25827193
0.23568307
0.25399873
0.23301092
0.26684678
0.21688993
0.41250014
0.22871111
0.22037329
0.41803104
0.22859676
0.24007553
0.24570301
0.25035268
0.19066624
0.21828698
0.1854526
0.13275777
0.2061254
0.36762503
0.32822588
0.193183
0.26304197
0.1491379
0.15726282
0.21971272
0.13474302
0.29080072
0.15432082
0.087758325
0.21771774
0.24245155
0.14351308
0.2999813
0.10579248
0.19794159
0.07038755
0.44592765
0.4233749
0.1837045
0.17556012
0.3005635
0.2781407
0.26974353
0.20222718
0.15362063
0.29612434
0.20563239
0.20470598
0.1363005
0.16754298
0.3004238
0.29098892
0.15268962
0.29005918
0.14776427
0.12638088
0.1430513
0.10157576
0.32295662
0.15068339
0.20315024
0.051146217
0.14806305
0.13426831
0.17696418
0.18690236
0.09859637
0.18589789
0.41464725
0.20013121
0.1325512
0.15638117
0.18588118
0.12987784
0.21948205
0.11396447
0.12479989
0.17687578
0.04042142
0.10839863
0.22035544
0.106486656
0.18438482
0.13828227
0.15328868
0.23536204
0.13638861
0.19052887
0.18265693
0.18154188
0.21347798
0.12679966
0.2592426
0.20920295
0.14967358
0.18106392
0.44706592
0.17626767
0.2629091
0.13380173
0.34546232
0.17648049
0.17355895
0.20236723
0.25134975
0.29873857
0.21226986
0.19892097
0.37170932
0.21568626
0.380303
0.2758536
0.21313706
0.2613514
0.1566362
0.20521998
0.21331918
0.15286104
0.13427745
0.1667232
0.14857695
0.3113638
0.2123225
0.14484131
0.19680984
0.31442785
0.1934462
0.24456006
0.38235167
0.2913821
0.36159164
0.29457974
0.26260418
0.3438013
0.4021612
0.2669323
0.27747065
0.17104064
0.24839249
0.14508444
0.39286748
0.39171335
0.15288422
0.2956829
0.21689697
0.20685214
0.25864983
0.25328
0.27132514
0.23563816
0.2644966
0.11689677
0.26851448
0.23225644
0.25996536
0.17818189
0.17331319
0.32739806
0.18811539
0.3532971
0.17125808
0.13732155
0.14249447
0.11407453
0.25745994
0.14262488
0.27327
0.18164973
0.12738879
0.23680505
0.32281342
0.12474681
0.2739644
0.13094679
0.09343179
0.18373075
0.24530683
0.20064016
0.24923655
0.29525307
0.15066302
0.11142165
0.1645734
0.13250367
0.22576603
0.17783874
0.119863555
0.36413893
0.2333675
0.07174988
0.17869066
0.16627905
0.27423874
0.2253225
0.2424319
0.090355515
0.21923688
0.14732973
0.1672495
0.1111356
0.17964542
0.20146735
0.38753816
0.15314218
0.1284496
0.22235739
0.102042645
0.21096176
0.07544201
0.1344399
0.18883294
0.12120432
0.12624599
0.17833087
0.24592294
0.106255956
0.2354455
0.26626587
0.17052056
0.3308054
0.1353813
0.097355925
0.31058025
0.37797493
0.17791665
0.19038126
0.29933164
0.2088434
0.15398763
0.32452294
0.21740907
0.23211406
0.37519127
0.16855046
0.13648243
0.19459738
0.17136312
0.28325835
0.21320707
0.17972936
0.15591992
0.35588458
0.34024003
0.2330732
0.3097626
0.25466868
0.26546016
0.083712086
0.24385688
0.40902355
0.30911553
0.3596642
0.32394072
0.35519192
0.12193518
0.17811102
0.4073173
0.16445886
0.2556967
0.27099136
0.31093118
0.13407798
0.30122513
0.26647687
0.40587384
0.23212905
0.31786156
0.42982572
0.27437058
0.41143513
0.27438545
0.3178078
0.2706388
0.3225744
0.35036904
0.34835103
0.2927638
0.37836972
0.43752405
0.3317299
0.24126658
0.5078215
0.34363285
0.55084103
0.14151424
0.22684564
0.30622545
0.19898315
0.1207285
0.12410824
0.32526213
0.22366755
0.39872319
0.31135085
0.115449056
0.29704398
0.22550693
0.21336116
0.19839463
0.19732071
0.15092953
0.14625658
0.37235528
0.13554406
0.16678458
0.21228847
0.43035883
0.3098142
0.46868357
0.18102862
0.32693636
0.3472632
0.24674061
0.31260616
0.23407747
0.24794523
0.3443647
0.20497756
0.19059321
0.3309082
0.20368743
0.363571
0.2270432
0.3244814
0.25673285
0.19036001
0.18007287
0.3319962
0.34887516
0.47769812
0.297111
0.30664983
0.39502287
0.3204314
0.36276603
0.2794753
0.2609843
0.1117703
0.32546765
0.27577978
0.17765789
0.23854348
0.35900626
0.26770034
0.19160143
0.18732937
0.25509238
0.44700345
0.26712257
0.22342023
0.29741868
0.37140444
0.23990403
0.29151282
0.31589687
0.3893141
0.53679436
0.39416438
0.24276564
0.25494465
0.25656876
0.2242386
0.35477415
0.39106712
0.17457491
0.3693693
0.29187533
0.5192269
0.28582656
0.20840216
0.3074393
0.2614663
0.34135923
0.2962257
0.27421615
0.2865551
0.3603144
0.34735012
0.22086236
0.18844964
0.24444625
0.1627056
0.35279137
0.17266525
0.1230367
0.27410212
0.15605342
0.19998433
0.13339017
0.3325989
0.22420898
0.13475625
0.10332555
0.14546487
0.2128574
0.16147144
0.1489305
0.17831247
0.13096254
0.26052585
0.19189523
0.23853375
0.25568134
0.17413537
0.15483716
0.26584238
0.15839139
0.29885948
0.29215053
0.31864786
0.3085265
0.12904882
0.14082383
0.46227854
0.29442436
0.15462518
0.36139488
0.10894324
0.22223888
0.19473708
0.21421252
0.45895147
0.15616164
0.16844757
0.22822995
0.28653336
0.32372814
0.31497526
0.2127158
0.2750551
0.21177332
0.2389651
0.18060434
0.18182604
0.32234904
0.1182401
0.24559195
0.14627704
0.27925193
0.15213151
0.20137474
0.24194835
0.2835563
0.18680651
0.38339004
0.21692976
0.25526762
0.33987787
0.18214548
0.25384915
0.26158816
0.23157665
0.21756662
0.32253045
0.25252086
0.20328711
0.2885982
0.2384182
0.32389057
0.20877214
0.24240845
0.25488085
0.17304085
0.16297741
0.26297548
0.27145237
0.3740773
0.3593284
0.36484894
0.25446516
0.16926928
0.41101563
0.25121334
0.28791565
0.3915868
0.30614886
0.28222492
0.23468727
0.3133643
0.45790884
0.25733423
0.2514046
0.30551252
0.36341563
0.27575907
0.4162773
0.38798717
0.3076218
0.45570627
0.40411133
0.25842577
0.2583597
0.22784819
0.41778046
0.1880714
0.25178242
0.36506045
0.29610616
0.20882644
0.42211398
0.22109261
0.19945315
0.314165
0.32542956
0.3135993
0.22101018
0.22576602
0.28810573
0.34580156
0.18428223
0.34114823
0.36063915
0.2771471
0.19549204
0.14443879
0.30143136
0.1358898
0.48876652
0.25265744
0.24143276
0.34154433
0.23575507
0.36114386
0.19745018
0.42938226
0.32095945
0.3351793
0.28635728
0.2613138
0.3060531
0.2100896
0.27960712
0.27683857
0.13261439
0.23014371
0.10061114
0.34429997
0.19410816
0.3396621
0.15136981
0.18689302
0.20648764
0.23038612
0.19486554
0.20170192
0.24072066
0.12233007
0.26927713
0.15860836
0.1496407
0.1278859
0.26715907
0.1567347
0.18066563
0.14259918
0.21551457
0.1697026
0.096893996
0.16622633
0.2417781
0.2956741
0.23612255
0.11932011
0.18561378
0.42278886
0.23246749
0.07303635
0.35381976
0.42133346
0.1614475
0.34090376
0.21624675
0.22786601
0.21457845
0.09852181
0.085626
0.18870321
0.3033821
0.22063611
0.24750225
0.07587539
0.13388287
0.14813158
0.2306315
0.1006591
0.12727973
0.08660052
0.08518578
0.20857066
0.16046141
0.3624224
0.13207412
0.29397318
0.23658758
0.37083873
0.15494542
0.4270806
0.091898434
0.13423635
0.14787327
0.2538954
0.341339
0.34221494
0.12978217
0.14401369
0.12147932
0.21972401
0.16319916
0.14551225
0.20503868
0.10523938
0.042612612
0.11468743
0.2094968
0.114305355
0.13750072
0.12584808
0.075448036
0.19037189
0.13622846
0.25663644
0.23009993
0.14991893
0.03725792
0.19690152
0.08951832
0.086613834
0.17698148
0.23637079
0.24378426
0.15324925
0.3030836
0.22880165
0.23924975
0.15458241
0.26023963
0.09906964
0.19208853
0.16807237
0.27273995
0.03317562
0.12940112
0.14528717
0.09322514
0.17464624
0.20045382
0.12604609
0.32940662
0.18463406
0.087540954
0.23239268
0.1646834
0.12000912
0.10367643
0.11057211
0.20383887
0.14622656
0.30759224
0.13517606
0.20178615
0.021641446
0.038903322
0.18969803
0.15221152
0.082029484
0.14095037
0.12560289
0.13477792
0.20690897
0.21310519
0.08200257
0.16272978
0.049792007
0.14175734
0.18984179
0.23348588
0.23400208
0.079848155
0.20296228
0.15624852
0.1415507
0.15845253
0.2537985
0.22463295
0.1358943
0.13964885
0.16986549
0.07078024
0.4782407
0.14799534
0.24770623
0.123136304
0.17146885
0.16101319
0.14855373
0.20966528
0.11017229
0.093096204
0.13680105
0.06400548
0.114222474
0.32506308
0.1374692
0.114391126
0.20606916
0.2461117
0.18116018
0.14963153
0.10400726
0.107886545
0.33207896
0.08239591
0.22059381
0.16894308
0.14519534
0.38022643
0.17283224
0.1845994
0.18647149
0.16091311
0.23896211
0.12053845
0.22947356
0.08600186
0.10373888
0.120993264
0.09339306
0.23677307
0.15914597
0.26410076
0.20905249
0.11902953
0.30627036
0.20887382
0.20559944
0.3752652
0.11328083
0.14339598
0.25833592
0.23481023
0.135083
0.1885269
0.1951469
0.07152969
0.20638436
0.31405243
0.15477297
0.3149344
0.16987155
0.24213815
0.16384743
0.26405498
0.1679021
0.32237253
0.29583463
0.30513483
0.26932663
0.25613335
0.17185415
0.29994187
0.39400852
0.24706903
0.20234343
0.24980116
0.20529807
0.25801763
0.21081199
0.22288115
0.31340978
0.24878033
0.21183255
0.29313177
0.28563836
0.37342757
0.30781347
0.2774377
0.29001015
0.15642019
0.21504514
0.28376928
0.34431532
0.24763739
0.38582072
0.3388087
0.27195352
0.18904638
0.19830006
0.2793515
0.27834147
0.35759273
0.24176936
0.44324586
0.28077048
0.38033286
0.4393494
0.29738718
0.30797493
0.24549174
0.23549323
0.24343693
0.39058968
0.36969897
0.24372059
0.30255008
0.38838914
0.36168858
0.21686636
0.31087446
0.17778113
0.24175547
0.2370498
0.33334613
0.29619622
0.24416284
0.33036005
0.274474
0.3374843
0.19002388
0.22695747
0.23558454
0.32109582
0.28735813
0.1418025
0.26904297
0.16927646
0.29733455
0.18852887
0.30173516
0.15910809
0.43180895
0.40276676
0.18497624
0.28274992
0.26237008
0.2324216
0.23439202
0.3254627
0.26400185
0.3628819
0.17543642
0.26813686
0.3110901
0.29802504
0.1789409
0.3271312
0.25442982
0.33625066
0.3318635
0.23982067
0.29456708
0.23399323
0.21819744
0.34654173
0.32261235
0.22608112
0.20494597
0.16969654
0.22676162
0.21801053
0.49689403
0.19448757
0.25596341
0.34069934
0.2278325
0.44590354
0.29610324
0.47764775
0.25693998
0.2879688
0.31522748
0.30162165
0.25209737
0.36374825
0.4731535
0.27490902
0.19928028
0.37549227
0.2069951
0.20253925
0.24805512
0.22528908
0.35965347
0.23934099
0.3268101
0.24997118
0.28816554
0.2615789
0.28339413
0.26034385
0.32342514
0.3284498
0.35867456
0.3342883
0.38317686
0.26701882
0.26866296
0.2013841
0.2659996
0.20801355
0.47766152
0.2120166
0.18788636
0.21764275
0.40604585
0.3522761
0.24153681
0.12298484
0.22373374
0.1303166
0.070376195
0.171764
0.18702966
0.19440936
0.1602057
0.18261541
0.20401199
0.30601597
0.25612244
0.20936081
0.19369474
0.15478009
0.17069651
0.21606447
0.28234065
0.25920182
0.22067218
0.2878527
0.23634803
0.19470848
0.18838726
0.1320893
0.30331802
0.32322755
0.19129689
0.17031452
0.23907796
0.26445833
0.21228161
0.21506152
0.23407994
0.21590945
0.20710237
0.13822356
0.19443473
0.20820656
0.2938316
0.30640498
0.12922469
0.24390358
0.21093906
0.17727847
0.29534894
0.14499213
0.19389182
0.21056698
0.17434339
0.26822534
0.13542894
0.18302006
0.2181993
0.17175293
0.14746094
0.22694059
0.29385874
0.105245136
0.21688129
0.13843822
0.27797213
0.20206518
0.28608298
0.24713252
0.16796802
0.28873938
0.09289245
0.20960978
0.10318787
0.3319071
0.26016966
0.20518641
0.11636033
0.1475466
0.30895633
0.21057339
0.29281223
0.17366746
0.19364955
0.1435136
0.17369674
0.21964207
0.23945476
0.15117037
0.353764
0.33738497
0.4033996
0.31071597
0.20602202
0.36561835
0.263234
0.14056836
0.2549656
0.34445804
0.30960438
0.3099225
0.22919983
0.23537011
0.2864382
0.32199505
0.34010544
0.3708926
0.364768
0.28998047
0.22054553
0.20763214
0.18401407
0.19799423
0.2820182
0.249109
0.3476185
0.37355575
0.34998947
0.30452612
0.3281999
0.22681305
0.26474136
0.19722539
0.40236336
0.4006459
0.28290945
0.3640973
0.38620594
0.45941383
0.30344293
0.28575224
0.45273718
0.30950156
0.34386605
0.30244067
0.27095634
0.24286586
0.3227845
0.2843645
0.37883097
0.42327917
0.43040448
0.3252085
0.35753277
0.44605738
0.4895124
0.3535332
0.43395528
0.33697534
0.4449132
0.41799095
0.46736372
0.45621407
0.6573069
0.37049317
0.42181852
0.4293489
0.47233647
0.44873556
0.4570646
0.42828125
0.5103204
0.3627798
0.416757
0.49631265
0.39421973
0.42389542
0.39980072
0.47406062
0.5001086
0.37992197
0.39515367
0.45639187
0.4712835
0.3986116
0.50390536
0.41292617
0.3881251
0.39300793
0.47607067
0.35973915
0.39845023
0.39968705
0.4498146
0.37611246
0.400558
0.41553488
0.4015822
0.35379437
0.352002
0.36236718
0.35856563
0.58126575
0.39837694
0.31616554
0.36494842
0.33945552
0.34907505
0.313141
0.3378894
0.39186573
0.42473516
0.4098331
0.4825462
0.39804456
0.38027453
0.46468514
0.37031204
0.4589547
0.45060962
0.4529307
0.43333137
0.43963084
0.44666997
0.38758057
0.36858475
0.44146088
0.35898373
0.3605731
0.41059965
0.4656444
0.48342356
0.4234407
0.4986872
0.30119884
0.34989446
0.41111088
0.33614248
0.27953824
0.2557637
0.3376311
0.40304267
0.289627
0.38586834
0.2766377
0.33595538
0.2623577
0.40888202
0.29966974
0.3668894
0.24244602
0.2740335
0.22985052
0.26199183
0.36706173
0.33169645
0.318914
0.27966356
0.30153537
0.41779608
0.25887692
0.3478262
0.31586963
0.25128585
0.3250204
0.28884783
0.2771235
0.31776932
0.4455911
0.3039241
0.38960394
0.32938716
0.3422444
0.2971575
0.41384575
0.2766555
0.41436887
0.25040835
0.34021592
0.43798593
0.32582602
0.24230158
0.33107895
0.29847434
0.37080315
0.39531904
0.21638072
0.28979424
0.34833816
0.33013996
0.3674843
0.2678204
0.26620266
0.22351381
0.22552973
0.22835194
0.17612937
0.25961247
0.28842244
0.26705554
0.23541726
0.2846556
0.33800027
0.24774623
0.34220657
0.37181967
0.28787315
0.2814653
0.28330424
0.42737898
0.21942332
0.32777724
0.453723
0.31789732
0.37120992
0.2784441
0.3655745
0.37935588
0.31749856
0.29167292
0.35586983
0.29470783
0.27316055
0.33985764
0.33304036
0.18602884
0.37412095
0.17410742
0.23652622
0.25446546
0.36802283
0.29536158
0.26389107
0.49154133
0.23216061
0.11275562
0.11857491
0.13946179
0.24309595
0.18215357
0.11786441
0.08472901
0.30583546
0.18647125
0.037035763
0.058244377
0.35424802
0.1469134
0.20138398
0.17486167
0.10564176
0.12068547
0.075245105
0.04934087
0.16806225
0.10988623
0.14003837
0.32358846
0.2211666
0.14783451
0.16745974
0.22837476
0.28870618
0.28013462
0.13233219
0.1314012
0.26216412
0.08871497
0.06802041
0.16326258
0.09482965
0.17384155
0.053848695
0.1842643
0.052648105
0.14992315
0.10997105
0.061714817
0.060595877
0.17662863
0.25637713
0.09451437
0.17427568
0.19348067
0.056651663
0.18426353
0.40973946
0.04362569
0.12084653
0.20229109
0.21338175
0.40395766
0.069560274
0.23416598
0.102954075
0.17647648
0.19533645
0.14747569
0.1544835
0.13779995
0.29639432
0.19496399
0.15993239
0.29486996
0.27918085
0.13593012
0.22265127
0.21611935
0.22121052
0.26727834
0.11871192
0.15670855
0.077530384
0.09893677
0.22650023
0.34796524
0.33370313
0.19346045
0.09694497
0.23613705
0.28081006
0.3687488
0.10915903
0.40846223
0.17856461
0.36471683
0.2156748
0.30156794
0.13395527
0.033313856
0.07068635
0.06408215
0.17522539
0.39539593
0.092544876
0.18750282
0.27977085
0.36649534
0.2858883
0.114487305
0.29117307
0.1653687
0.12072949
0.24223424
0.37102446
0.14815632
0.09277873
0.04559149
0.19106227
0.10643919
0.24382995
0.20627727
0.2015423
0.087508574
0.20168655
0.10430917
0.12818122
0.2500934
0.22907725
0.18603078
0.08308508
0.21708968
0.086202055
0.22288525
0.108939186
0.20873111
0.17734148
0.16327417
0.12696144
0.2299439
0.33606258
0.10874044
0.23971568
0.29935762
0.013702395
0.15313049
0.30592594
0.1454843
0.11170425
0.071549974
0.19950905
0.1435912
0.045247216
0.26232818
0.15575026
0.11735344
0.24469773
0.22844285
0.115908526
0.34328645
0.10506422
0.071244866
0.32558137
0.1611177
0.19013937
0.37169304
0.20554033
0.37075427
0.09807015
0.16747773
0.1117209
0.14734629
0.3645765
0.31477812
0.19081159
0.16193107
0.29489437
0.12696394
0.20212188
0.21270609
0.1949736
0.119795404
0.27191514
0.1695357
0.11883973
0.30296722
0.17472696
0.14156006
0.20711926
0.26240864
0.19920218
0.14960481
0.13051894
0.20564432
0.1424792
0.08056594
0.054335892
0.3853288
0.17252177
0.08879186
0.15347257
0.2751576
0.26462343
0.18660893
0.16685331
0.27934214
0.1079155
0.14066868
0.19558133
0.17711274
0.21882932
0.15821698
0.27103886
0.18240263
0.15063475
0.23045886
0.20136304
0.21895823
0.11469228
0.28479937
0.42480707
0.1443255
0.25687093
0.27751
0.2087335
0.17648964
0.15626214
0.101199865
0.15982322
0.24038108
0.18137686
0.16465935
0.098599456
0.21055493
0.12666929
0.33461806
0.34220523
0.345631
0.24498081
0.45915902
0.22173133
0.033462532
0.28066513
0.3186623
0.14593835
0.33927152
0.25223064
0.31233743
0.16234063
0.3099237
0.2258264
0.50871354
0.36378723
0.35119376
0.26194194
0.38378534
0.49549904
0.2704613
0.341213
0.38943622
0.1894649
0.37705323
0.42962092
0.21600176
0.45002866
0.25317496
0.37171447
0.39671132
0.2967849
0.3703606
0.50428325
0.23247527
0.50882345
0.28533077
0.33266017
0.32714257
0.3734128
0.61826235
0.26166877
0.37467903
0.34789863
0.21840587
0.45111826
0.27776143
0.46604446
0.39638692
0.40164202
0.31180173
0.65503937
0.26777777
0.18463835
0.49929142
0.33937332
0.6324417
0.3662255
0.50933653
0.38849857
0.45282802
0.5861968
0.4576546
0.45945737
0.35716212
0.4628272
0.5879549
0.38647127
0.48729712
0.6681076
0.58309877
0.41197953
0.35040224
0.3331903
0.4657939
0.60203546
0.360708
0.5190244
0.3731777
0.5096685
0.4666094
0.7495413
0.33180583
0.39851788
0.2922033
0.48490545
0.41946137
0.3756353
0.47227085
0.41147175
0.3831665
0.4511522
0.5012539
0.4875539
0.48811033
0.5794217
0.65383905
0.43540046
0.43771225
0.34329394
0.53711134
0.567097
0.45472208
0.39256147
0.4847627
0.4078261
0.30946934
0.3257694
0.53363264
0.5703363
0.31007013
0.47670272
0.5951491
0.52900904
0.46771866
0.51702905
0.50367856
0.4955637
0.51193917
0.49727535
0.4731087
0.52119577
0.6229119
0.53732336
0.5034895
0.43360186
0.43784165
0.5022308
0.43059555
0.6041902
0.44371644
0.6062388
0.44211596
0.3751037
0.4079271
0.53980345
0.3161064
0.55381906
0.40810043
0.43584296
0.34080347
0.18447436
0.38599968
0.28347963
0.37136045
0.2319346
0.22904763
0.31511906
0.20175934
0.3262524
0.13015719
0.277614
0.21453202
0.19176501
0.30920306
0.29806328
0.13992281
0.30577374
0.27780965
0.16589677
0.1749572
0.14419101
0.46583036
0.2592947
0.16400631
0.40335065
0.29906958
0.19388968
0.18903668
0.1590103
0.22256565
0.2839321
0.27965903
0.19307436
0.27850372
0.30169287
0.17080125
0.2866538
0.29563725
0.20439927
0.20223781
0.20028819
0.2602714
0.30983514
0.19076374
0.18263632
0.3732107
0.2518406
0.3166623
0.19666706
0.2164086
0.1995682
0.23299956
0.40133616
0.18467708
0.2851516
0.09911157
0.23258005
0.3690684
0.17570044
0.21631114
0.22097246
0.12852997
0.28272825
0.18311387
0.3028066
0.14576626
0.18062145
0.24580985
0.12009481
0.12941839
0.23151805
0.20014036
0.27395073
0.51856893
0.32263616
0.12715584
0.28419927
0.15277581
0.1702481
0.3326039
0.17745396
0.12816042
0.32930765
0.27453056
0.16593018
0.25956506
0.11850971
0.29131687
0.26081336
0.24837466
0.36338905
0.4379978
0.36228877
0.17711335
0.13296676
0.151993
0.30646652
0.15372786
0.21821785
0.18640216
0.14877784
0.13905044
0.21344282
0.2786802
0.031199686
0.23232976
0.1203748
0.3128783
0.33097255
0.34845883
0.26468867
0.17917089
0.38118708
0.33641234
0.33692548
0.22026993
0.1268999
0.06984216
0.2876195
0.11484069
0.19837345
0.19408578
0.38253593
0.19908758
0.31538397
0.24051905
0.19051579
0.100053765
0.34142685
0.26494965
0.31413466
0.3494883
0.30498916
0.23267022
0.25911042
0.35881126
0.25300342
0.17155913
0.31655976
0.17478853
0.2518313
0.47559553
0.3223595
0.50042605
0.33083242
0.18107824
0.25372195
0.33543012
0.42328796
0.3618764
0.46652535
0.4943875
0.15333688
0.2717542
0.37540203
0.41990688
0.13748616
0.3260307
0.27820712
0.21291158
0.41790915
0.43660912
0.38862374
0.45035455
0.5566053
0.35851008
0.31257734
0.21889342
0.39912385
0.4008925
0.15269205
0.28489348
0.29922265
0.2172276
0.15282907
0.36754444
0.3332947
0.3580917
0.364583
0.31351218
0.42134658
0.4348673
0.52791274
0.16006625
0.21084134
0.16018936
0.43675828
0.34232152
0.25326908
0.24197203
0.35194153
0.3113033
0.2908739
0.35676926
0.29835206
0.23004313
0.2271386
0.07065531
0.24925116
0.13281843
0.29289284
0.21854058
0.1642086
0.1743858
0.17427944
0.24855128
0.21001919
0.10815159
0.20987336
0.21533492
0.2856137
0.10933703
0.3160225
0.28802323
0.22625898
0.14145885
0.22408268
0.09628884
0.42085904
0.17403977
0.1443377
0.075197905
0.24591185
0.14520456
0.18552797
0.11233465
0.28869057
0.14675608
0.201464
0.193361
0.33538797
0.1356833
0.11075824
0.34872597
0.16124582
0.097410865
0.0916965
0.06119716
0.19968338
0.26395643
0.21541311
0.22505021
0.12071529
0.06910198
0.29020783
0.2990185
0.12142826
0.19635785
0.21431153
0.3638202
0.2303205
0.19749255
0.079006694
0.2791745
0.17906879
0.23893017
0.023195175
0.19908248
0.1315429
0.22766602
0.24694872
0.13114499
0.25198394
0.16773053
0.22071774
0.17992057
0.20477787
0.22498128
0.23435527
0.2833448
0.17821473
0.10727153
0.21245538
0.23541895
0.23127416
0.25270274
0.15558559
0.41817766
0.2334107
0.27261382
0.22301246
0.12291075
0.15264641
0.14690027
0.2982026
0.17460445
0.16754335
0.28406996
0.14802031
0.264326
0.19843233
0.20795922
0.10459328
0.24252239
0.23410363
0.21862319
0.17976163
0.19803394
0.13939531
0.13894588
0.20942709
0.13358234
0.25363272
0.22801875
0.33309302
0.32919744
0.1401094
0.24861246
0.28712955
0.28493088
0.20483208
0.3315559
0.1708381
0.28101307
0.19163269
0.1789674
0.17620051
0.23424569
0.17510246
0.2979875
0.16627252
0.1757362
0.23002252
0.12691079
0.102558315
0.22060825
0.26058495
0.27658978
0.15351003
0.26560888
0.34528753
0.20829864
0.18014337
0.1403326
0.1619234
0.15949285
0.15267578
0.24669656
0.088281095
0.081663996
0.25062892
0.15229368
0.15350816
0.1541926
0.19221625
0.16550985
0.14980944
0.22844805
0.30093879
0.19396041
0.07927101
0.3487499
0.1641014
0.21616054
0.123860314
0.1835905
0.27036104
0.03788595
0.18695214
0.12951156
0.09531911
0.18342781
0.13267477
0.18940234
0.14193274
0.25079033
0.14017363
0.22581439
0.2209398
0.103260174
0.28171358
0.22177917
0.2810045
0.20917033
0.13081786
0.34065628
0.27728897
0.15820816
0.12881169
0.1443812
0.1735705
0.23645245
0.270341
0.43195564
0.12536839
0.22786944
0.35460147
0.26642227
0.22517827
0.21818888
0.26013684
0.36401698
0.15026666
0.09528805
0.16009392
0.27962035
0.24289578
0.14942107
0.18192396
0.16217065
0.14317812
0.064015724
0.19528791
0.26681653
0.1950891
0.07274674
0.13167866
0.13756242
0.10747702
0.13134918
0.19213994
0.11905993
0.07073926
0.11988582
0.12706666
0.19156675
0.21692239
0.20640083
0.123562716
0.14365238
0.25271812
0.1919273
0.15612221
0.3073482
0.17786592
0.14251468
0.18961653
0.25626254
0.2611888
0.3277238
0.10198397
0.18115164
0.113774166
0.09920413
0.2833905
0.13324226
0.2021477
0.28913262
0.15179183
0.24110547
0.43050554
0.21632779
0.18310878
0.28677812
0.26792204
0.093100555
0.12425017
0.25877386
0.07770692
0.10190504
0.14739138
0.15395842
0.10655995
0.19505222
0.2995796
0.22231898
0.2269271
0.23652153
0.13779756
0.12223397
0.2301774
0.10158738
0.18109436
0.29459515
0.2501792
0.17361999
0.12468643
0.14437482
0.14246574
0.17216502
0.26646146
0.23145138
0.22311045
0.4469129
0.1357581
0.07608242
0.22010125
0.21025933
0.15203442
0.14429665
0.20294806
0.36419758
0.08989299
0.07280662
0.1663761
0.123920836
0.25362828
0.10908986
0.4356433
0.097514905
0.118990004
0.11287122
0.29429695
0.095372066
0.12683022
0.29583305
0.25311142
0.3229635
0.20641157
0.09823405
0.23164935
0.14597966
0.108524695
0.074621335
0.26150692
0.36172456
0.3744249
0.22481677
0.25386518
0.1026042
0.23968633
0.122897945
0.18975872
0.13994265
0.092584044
0.25128046
0.2519167
0.24990997
0.18858255
0.24008073
0.12566125
0.27665368
0.2590455
0.11553047
0.1381283
0.19416654
0.24020404
0.17481309
0.24556196
0.101892866
0.13815637
0.20996314
0.26458555
0.14246
0.20626788
0.16738467
0.25758404
0.3448966
0.18986206
0.2786025
0.27466246
0.19234362
0.14873734
0.15266238
0.25380576
0.22154124
0.2348706
0.21677952
0.20475642
0.2975291
0.179789
0.18367673
0.11073799
0.30721116
0.1995144
0.17407511
0.356583
0.15144812
0.12087629
0.20530151
0.037842695
0.19604014
0.16939284
0.3146524
0.09959183
0.06526892
0.18933566
0.083598815
0.024917748
0.2874382
0.13547342
0.10544213
0.24792904
0.25096127
0.17247073
0.09910255
0.19466136
0.14965884
0.17009468
0.14640574
0.22859967
0.17189926
0.1271456
0.12703972
0.15950328
0.14560103
0.10667843
0.16849698
0.17710589
0.2523654
0.09032934
0.34555134
0.25088295
0.20361565
0.08654572
0.12361926
0.13138956
0.12899253
0.13657199
0.1921216
0.35755306
0.11765664
0.24326465
0.07304814
0.33456492
0.22146873
0.08487873
0.147391
0.27553073
0.23119627
0.14266539
0.111864194
0.16537526
0.14775357
0.08355796
0.2447032
0.09409488
0.17858438
0.16407982
0.27661777
0.19360672
0.07324162
0.3080319
0.22178972
0.27761188
0.24204178
0.2282762
0.2887555
0.14916788
0.21156295
0.14963149
0.078781016
0.07669033
0.2188125
0.145601
0.18917269
0.16290964
0.27394494
0.30016884
0.23374072
0.1998001
0.32770154
0.3201112
0.32003146
0.18704562
0.14007623
0.33337656
0.16477281
0.23133017
0.3161083
0.20777862
0.22942227
0.16565567
0.21573299
0.18863812
0.16716048
0.3250236
0.23335484
0.17533144
0.16206184
0.26159465
0.22966985
0.16413938
0.21174641
0.21506631
0.22233519
0.3932163
0.17197445
0.236682
0.3065623
0.1922788
0.20270738
0.16107051
0.19542886
0.20879452
0.24679197
0.1995822
0.30076906
0.20337264
0.20606722
0.32325417
0.29305986
0.31943637
0.2349467
0.3227
0.25684902
0.32733643
0.289561
0.41153133
0.26000965
0.34784162
0.29645732
0.3261713
0.26062328
0.27998087
0.3247276
0.31122464
0.1880264
0.41537687
0.21119224
0.2612029
0.36401942
0.14834063
0.33534327
0.3135199
0.1953568
0.29550248
0.20483999
0.2588771
0.19527064
0.16595004
0.2691939
0.34283602
0.42616314
0.22614655
0.21937594
0.23264441
0.37563196
0.1970692
0.29949313
0.2973608
0.19574437
0.2849161
0.23536721
0.29222804
0.21805179
0.1866312
0.34488353
0.21331128
0.32523623
0.22830719
0.25869095
0.24737762
0.16826162
0.22941759
0.26796037
0.3292233
0.21229737
0.41767633
0.35430253
0.24431977
0.30284983
0.15972322
0.35165894
0.20510039
0.19940372
0.14686874
0.23355258
0.25119072
0.25568697
0.26428014
0.2602718
0.21521205
0.17888503
0.47765702
0.20592116
0.41224718
0.28888962
0.27331784
0.25369295
0.23580678
0.22078182
0.29873988
0.26828504
0.35897547
0.3473779
0.3285193
0.36348224
0.30575418
0.39135095
0.29140058
0.28789645
0.3304871
0.3004932
0.27825853
0.2900114
0.36493617
0.3362273
0.26701894
0.4535643
0.3671146
0.43672696
0.40816882
0.41006875
0.4333067
0.30656135
0.36098802
0.26235184
0.2538489
0.35156366
0.37874338
0.318139
0.31252512
0.26914683
0.30128655
0.4193151
0.37348473
0.3338125
0.4046807
0.31070694
0.35621777
0.4346258
0.35113403
0.4271511
0.43631548
0.47742826
0.3305342
0.45846677
0.34690797
0.36458045
0.3546897
0.3398196
0.38568845
0.39656296
0.38442227
0.5060788
0.36603367
0.2897872
0.35870442
0.2917126
0.5765111
0.26373172
0.41572136
0.41261226
0.42233047
0.4000463
0.3409273
0.38707352
0.34036547
0.2577309
0.22150946
0.37719774
0.401697
0.267496
0.45918465
0.27453214
0.29243687
0.29897922
0.3646796
0.2929372
0.19897415
0.33427104
0.3126303
0.25064203
0.16090149
0.40456426
0.21221821
0.17338027
0.17273118
0.16537155
0.2634339
0.1707029
0.21293528
0.15455851
0.13884887
0.14496616
0.33099362
0.27058434
0.17745914
0.31150237
0.2181631
0.246656
0.40940014
0.22244845
0.11784209
0.14365193
0.22742838
0.27887687
0.12763165
0.32606316
0.17191377
0.30583283
0.2655669
0.28292117
0.20342946
0.26521617
0.196904
0.41688415
0.29019204
0.28239268
0.2932418
0.21248366
0.4143716
0.24831027
0.26283047
0.30692223
0.22717348
0.24490865
0.28917602
0.25838608
0.18527941
0.31981096
0.26808038
0.28890368
0.33747044
0.13248631
0.3668202
0.14815372
0.17891127
0.13823488
0.19516316
0.15127537
0.25719896
0.12660085
0.18486187
0.11609628
0.17188029
0.4023048
0.39080718
0.29317272
0.2564213
0.43783504
0.23520212
0.24072018
0.15446904
0.12499249
0.10094662
0.1951103
0.28847274
0.09486896
0.3078096
0.19173464
0.25018647
0.344398
0.21990374
0.26312825
0.44138464
0.39403746
0.3665446
0.2349307
0.16313721
0.3135051
0.25278708
0.18935177
0.45735547
0.3145337
0.2168729
0.23757647
0.27931103
0.2264584
0.25838467
0.26544115
0.1417079
0.20197155
0.19053224
0.42330262
0.2892477
0.42867866
0.27627674
0.6176827
0.23732758
0.22034375
0.19874643
0.289128
0.24477415
0.27619287
0.22055571
0.21516667
0.21265261
0.2579036
0.36028668
0.48484743
0.35993898
0.23867054
