0.003683367
0.003683367
0.0032285957
0.002076287
0.0050600525
0.0022426357
0.0034056413
0.005075519
0.0016899825
0.0026637202
0.0023648904
0.005012287
0.0032014959
0.002497807
0.0017016648
0.0052713295
0.0030049002
0.0077686273
0.0063103773
0.0034376339
0.0037239536
0.002803303
0.0027946564
0.001442166
0.004216267
0.004645315
0.0038196824
0.0052673845
0.0019792197
0.0038071692
0.004952552
0.004263467
0.004636973
0.002493847
0.004659078
0.0013780589
0.002234889
0.0021517123
0.0020649396
0.0021380817
0.005504594
0.0033867268
0.004152852
0.0018189165
0.002440106
0.0028534634
0.0049608946
0.0030033905
0.0032120747
0.0023476128
0.0042403312
0.0032494578
0.0021809854
0.0030871246
0.0032959161
0.0039082775
0.0032000954
0.0024713473
0.0043129604
0.0036063856
0.0019168274
0.0033521266
0.0023527013
0.0017786201
0.0035934018
0.0024236038
0.0020270285
0.0021678044
0.003418517
0.0019466022
0.0019529988
0.0032741816
0.0017957415
0.001758846
0.0024777325
0.0031065077
0.0025930966
0.0021034628
0.0020964395
0.0021891017
0.0023028904
0.006688989
0.0031389545
0.000723069
0.0017623402
0.0016510215
0.0021911133
0.0024344905
0.0026688285
0.0015920954
0.0028003897
0.002069938
0.0025620293
0.0019242042
0.0032148666
0.0005236358
0.0012967207
0.0015690573
0.00070164306
0.00025029102
0.0011291247
0.0005940551
0.0017693798
0.0016071473
0.0018764683
0.00205778
0.00056016486
0.0018822744
0.0011813451
0.001616553
0.0025837966
0.0016494928
0.0007948592
0.0007451484
0.0012028498
0.0020471492
0.0008218742
0.0016485541
0.00071418943
0.0021957783
0.0016574507
0.0005915807
0.0005770062
0.00013122405
0.0005323329
0.00027057866
0.00024374621
0.0015590376
0.0006083363
0.0006042953
0.00041896984
0.00077224115
0.00078387116
0.00075529487
0.0003723504
0.0009205977
0.0020742933
0.00041962502
0.0009844748
0.0014431787
0.0014092512
0.001191729
0.002551795
0.0014389683
0.00084995525
0.0014867928
0.0010857625
0.002508932
0.0023838363
0.0018256996
0.0007013366
0.0009526006
0.0011109103
0.0007760958
0.0012097006
0.0014804062
0.002463706
0.0017725204
0.0012169973
0.0018492495
0.0015888199
0.001945225
0.0029872227
0.0013978479
0.0019558114
0.0016745456
0.0016830853
0.0014330264
0.0011179266
0.0010959674
0.00072876096
0.0014537019
0.0009842634
0.0013151716
0.0010060172
0.00089454895
0.0014250313
0.001171302
7.0989016e-05
0.0021450398
0.0010841913
0.0011159343
0.000544545
0.00086873816
0.0014366184
0.00084948284
0.0006592975
0.0020068677
0.0014745259
0.0017003274
0.00080937304
0.00039173098
0.0009278348
0.0014934471
0.0013402192
0.00042039785
0.01207423
0.008311411
0.010080264
0.009217211
0.010067405
0.017513365
0.008483538
0.008825385
0.0120742405
0.010246615
0.016311053
0.012652998
0.0107685225
0.013298347
0.0086480025
0.02211764
0.024907403
0.016032286
0.023872057
0.022538865
0.018510731
0.014002363
0.017600913
0.021105507
0.026088879
0.012441539
0.014695966
0.017351683
0.014939953
0.012434441
0.01783436
0.015905958
0.021305729
0.005739798
0.01540685
0.016262466
0.017604243
0.018745607
0.023946881
0.0183653
0.018823972
0.013519388
0.015336766
0.024938239
0.023652814
0.027593188
0.031377934
0.023826646
0.02704503
0.043322332
0.033127546
0.029893935
0.029540362
0.045918725
0.03805756
0.03620883
0.034750964
0.031723686
0.033103786
0.037109148
0.051623818
0.043687735
0.03896974
0.04687206
0.035163008
0.04598021
0.037348695
0.0595396
0.042303585
0.035668254
0.05746358
0.047060534
0.03857936
0.0481086
0.05395299
0.05824595
0.07559437
0.063264154
0.046085596
0.039405245
0.061954968
0.05542263
0.04505451
0.061221015
0.059897035
0.044690877
0.065111175
0.06547223
0.08158443
0.06005499
0.06267138
0.05040418
0.051459916
0.07398936
0.06643943
0.0856928
0.08514201
0.07854089
0.08383162
0.110591464
0.08069852
0.10427131
0.110647336
0.09547218
0.09327702
0.07028675
0.07404956
0.11943884
0.09646863
0.09242732
0.110697635
0.109191686
0.101470314
0.111635566
0.10646564
0.10966874
0.12056221
0.14238937
0.13654979
0.12464434
0.12774572
0.1348144
0.14896429
0.0086003775
0.008034997
0.0070278924
0.005258275
0.006912385
0.0069957552
0.0067267455
0.0067476863
0.0068182535
0.008721977
0.004671891
0.008170305
0.008973441
0.009313515
0.005741182
0.007906744
0.00657155
0.004825986
0.0072884858
0.0050132703
0.005630851
0.0061165625
0.0048761936
0.002623085
0.0028728833
0.0025908013
0.0022055928
0.00270407
0.0019479643
0.0019779513
0.0022569434
0.0010985809
0.00186539
0.0010217171
0.0008495024
0.0009666232
0.0024672113
0.0030683726
0.0014473703
0.0023915165
0.0014553817
0.0019185743
0.0017106455
0.0012836655
0.0008299359
0.0024229148
0.0010583942
0.0005274785
0.00018527982
0.0010891699
0.00064666243
0.0013032508
0.00080391776
0.0002479799
0.0025846553
0.00059838616
0.0007424309
0.00077844557
0.00084862695
0.0005464161
0.0008439934
0.0008121184
0.00028921384
0.000498273
0.0012792447
0.0009439307
0.00062123
0.00025864408
0.0009782081
0.0002741305
0.00061200425
0.0006300127
0.0007109841
0.00095356803
0.000848087
0.0022032617
0.0011833971
0.0002828461
0.00055766583
0.0006110165
0.0014804781
0.0008002695
0.00059735385
0.0016857784
0.001368677
0.000753702
0.001501794
0.0019488598
0.0011109192
0.0006480684
0.0007774743
0.0018482276
0.0006612154
0.0011666635
0.00075468735
0.000946773
0.00095017254
0.0018300486
0.0019818018
0.0017014369
0.00073781103
0.0006330743
0.0009012362
0.00095265184
0.001193798
0.0013819865
0.0011211347
0.001885209
0.0035932777
0.0019100928
0.0012927027
0.0010893176
0.0015632667
0.0015983504
0.003332287
0.0011691126
0.0016472201
0.0018435086
0.001685888
0.002245749
0.002311186
0.0019723116
0.0030223494
0.0021185614
0.0038184642
0.0017328077
0.001359037
0.0023110318
0.002368277
0.0031607328
0.0014914428
0.0023235818
0.0016506842
0.0021056728
0.0043961937
0.0014585146
0.0027813872
0.0038614275
0.0033272728
0.0027393026
0.0025115695
0.0045408215
0.0047399886
0.0054969713
0.004035216
0.0032409842
0.0030492756
0.005903336
0.0035610783
0.0041691903
0.0033375998
0.0029754243
0.0048308596
0.0046821786
0.0058843903
0.005953869
0.0031324166
0.0014591211
0.0027805257
0.0016933178
0.004391116
0.0039849523
0.004674293
0.0053013787
0.0043335715
0.0045275595
0.003901119
0.0035416367
0.0029276144
0.004070022
0.0019938643
0.003692433
0.0033259173
0.0031025354
0.0034011186
0.0044573266
0.0039504077
0.0019136283
0.002132612
0.0031085818
0.0033483524
0.0045837723
0.0021074305
0.002250016
0.00472816
0.0025688822
0.0017811096
0.0018440739
0.0011317665
0.0018891902
0.0011602719
0.002185069
0.0012100445
0.0014221526
0.0019552086
0.0009807623
0.002550701
0.00092133903
0.0021119306
0.0010546943
0.00076885644
0.0022357176
0.0018719255
0.0027087939
0.0018117889
0.0009136102
0.00067656825
0.00026510196
0.0006563328
0.0010019979
0.00045626232
0.0017234827
0.0020477953
0.0029142296
0.001772857
0.0012539512
0.00094697333
0.0015024983
0.0034768672
0.0022282947
0.0014044334
0.0013392747
0.0018361907
0.0027646506
0.0016345908
0.0024415539
0.0032981057
0.00076662796
0.0006762012
0.0010037608
0.0012568873
0.00046912848
0.00076107524
0.005684415
0.0033798602
0.0016275916
0.0014529291
0.0014274021
0.0024695403
0.0009888271
0.0018895881
0.0023024399
0.0019138285
0.000871544
0.0026308505
0.0017061724
0.00076570915
0.0008045134
0.0007410283
0.0007656857
0.0011128876
0.0007477563
0.0009555627
0.0008318033
0.00069853483
0.00041289657
0.0005648968
0.00032531086
0.00061547855
0.00073945394
0.001004155
0.00052175694
0.0002716689
0.0013725415
0.00080521824
0.00047164917
0.0012788794
0.0018279031
0.0010452755
0.0042945966
0.0011068239
0.0010753025
0.0015002639
0.0011329062
0.000707625
0.001771049
0.0013215198
0.0014720942
0.002297253
0.0011605895
0.0005765991
0.000851701
0.0024603838
0.00060782884
0.0004973079
0.0010664717
0.00094011344
0.0013578226
0.0011089566
0.0017999673
0.0026610289
0.0019285711
0.0010637979
0.0013360048
0.00033295658
0.0011655776
0.0036438191
0.0017939196
0.0013464323
0.0016365692
0.00081462594
0.00095705886
0.0006324588
0.0010483775
0.00033550095
0.00066248013
0.00062775344
0.0029784555
0.0005576908
0.0012625465
0.0014505545
0.0016548431
0.00036449876
0.0012378747
0.0010301113
0.00071023643
0.00085604645
0.0009349637
0.0010426842
0.0011367102
0.0018999677
0.0011178174
0.0020506778
0.0010140071
0.00089398667
0.00089255173
0.00090950436
0.0010523826
0.0006314247
0.0011938951
0.0007818839
0.0012990851
0.0011168955
0.0018357877
0.00071666116
0.0014060081
0.00093577197
0.0010045166
0.000712012
0.00194193
0.0013310473
0.0012497957
0.00097602734
0.0007452677
0.0012624963
0.00026152658
0.0008714362
0.00080684526
0.0017589822
0.0012241529
0.002087321
0.0017049869
0.0038048404
0.0016822213
0.0024999937
0.0014613552
0.0016479105
0.00075470615
0.001610821
0.00081339566
0.00034758908
0.00060427375
0.0008996198
0.0013336365
0.0031928408
0.0020067086
0.0014047456
0.001488502
0.0012779589
0.0007787881
0.0006726373
0.0014877482
0.0013642614
0.0016972132
0.00044865324
0.0013490247
0.0013578697
0.00054891605
0.0011815919
0.0014867032
0.0012000349
0.0011826243
0.0022867993
0.0020701217
0.0027886583
0.0024120416
0.0023449885
0.0009522275
0.0015818913
0.001570569
0.0011978548
0.00047455507
0.00079330266
0.0010471513
0.0005519498
0.0014121446
0.0011189848
0.000884132
0.0008344962
0.0011568652
0.00067340705
0.0006194366
0.0010117736
0.0013614248
0.0009297547
0.0008788385
0.00090637244
0.00042725028
0.0010427305
0.00046029885
0.0013025968
0.00041949685
0.0009000541
0.001427639
0.000540051
0.00031797428
0.0004800076
0.0008204924
0.00086921244
0.00052512443
0.0006364421
0.0023236193
0.001288582
0.00085511024
0.0008601402
0.0020913905
0.0011093664
0.00058513705
0.00094309554
0.001122784
0.00061436184
0.001609576
0.0011789629
0.0021564672
0.00076481723
0.0005692771
0.0020679485
0.0019842037
0.0015542057
0.0025326533
0.0018197864
0.0007009491
0.0009711018
0.0016342927
0.0006984913
0.0020296962
0.0036906165
0.0005177141
0.00073220837
0.0005729982
0.0010087515
0.0024861416
0.0008220684
0.00056112785
0.0008485138
0.0007442042
0.0021147637
0.0016538642
0.002919745
0.0018654948
0.0011322963
0.0011985013
0.0007046689
0.001028206
0.0010309425
0.0009480751
0.0009473789
0.00021069954
0.0011357581
0.0010504024
0.00035622728
0.0011648405
0.00026459544
0.00049755216
0.000446312
0.0005420038
0.0025597725
0.0023172973
0.0014918079
0.0007428967
0.0030493473
0.001035799
0.001192738
0.0015161897
0.00082364917
0.0021648067
0.002818346
0.0011773327
0.0019106872
0.0064828284
0.0019932063
0.0025774036
0.0017218386
0.0012436669
0.0023374003
0.0024372546
0.00052665675
0.0042732274
0.00122937
0.0016247906
0.0010716021
0.0006297524
0.0007688054
0.0010190541
0.0014230232
0.0012024465
0.0007439398
0.0006725621
0.00076014
0.001583786
0.0005183339
0.0029276458
0.0013586064
0.0020721727
0.0018566009
0.0105913915
0.010821471
0.0015743872
0.0020031896
0.0027102672
0.0007788463
0.0006299567
0.0014391228
0.0010776189
0.0012616926
0.0024997694
0.0005577368
0.0019914655
0.001831613
0.0012649234
0.0013876525
0.0021129388
0.001903
0.0013104181
0.0011263778
0.0013763113
0.0027392232
0.0020640916
0.0013697793
0.0014517732
0.0034678353
0.0023431957
0.002233596
0.0029261482
0.0030243325
0.0027145233
0.0019671812
0.0031876399
0.0017037626
0.0030851034
0.00276099
0.0009309229
0.0027184424
0.0029830048
0.0011900838
0.002718003
0.0013854635
0.0009170739
0.00096301595
0.0014116955
0.001261873
0.000595472
0.0007254887
0.0023806216
0.0013840472
0.00043387467
0.0019326238
0.001250016
0.00043525023
0.0012026887
0.0014923122
0.0014877191
0.00080106803
0.0013440013
0.0010812596
0.00060570077
0.0025215826
0.0009851223
0.002205669
0.0011587121
0.002256474
0.0011179924
0.0012521395
0.0012208851
0.00096616044
0.0009433335
0.00031014107
0.00079630275
0.000379191
0.0005232587
0.00048029737
0.001136088
0.0004758821
0.00035405403
0.0010946983
0.00040466659
0.0003219528
0.00071663386
0.0005914978
0.0010120294
0.002301306
0.00041444652
0.0009902904
0.00090160826
0.00053032156
0.00014407045
0.0005643318
0.00024857456
0.0010587958
0.0005733566
0.000557792
0.0012364148
0.0007925797
0.0009579337
0.0030670876
0.0007840253
0.0007137781
0.00029577067
0.0010702175
0.001000753
0.00027280033
0.0014016671
0.00032999006
0.0009196637
0.0008382468
0.00052715524
0.0004645589
0.00031494803
0.0008272858
0.0009974357
0.002160411
0.00067706045
0.00081837596
0.0012416348
0.0015308345
0.0013533173
0.0014229934
0.0007834832
0.0012195141
0.0011729142
0.00020929589
0.0011162288
0.00077111926
0.00025003243
0.00069494813
0.00034944084
0.0017496956
0.000676107
0.00029510455
0.0009806801
0.0015473344
0.0023024273
0.000886583
0.00056332425
0.0012567365
0.0004993977
0.00049446966
0.0005043625
0.00038984983
0.000735522
0.00086744863
0.0009646587
0.0017947783
0.00055993366
0.001321456
0.00071232684
0.0010285419
0.00065942045
0.0014109039
0.0021280672
0.0008284848
0.001742004
0.0009768718
0.00085221906
0.0018222679
0.00057342945
0.0016544631
0.0008579104
0.00054203987
0.0015484222
0.0024889687
0.0013310491
0.0005991901
0.0008358285
0.0015770617
0.0017111786
0.0015364862
0.0027883356
0.002464822
0.0024642048
0.0013629425
0.0027362602
0.0014280865
0.0018012054
0.0012183664
0.0015082478
0.000355798
0.0009894933
0.00051494717
0.0013767824
0.0011572993
0.0023073547
0.00093958736
0.0006752989
0.0018799447
0.000770922
0.0013047442
0.0004887905
0.00038982934
0.0027130006
0.0012465612
0.00041049905
0.0011549122
0.00046769244
0.0005268441
0.0003382583
0.001401511
0.0014083005
0.00084390596
0.00085842377
0.0010761002
0.0017428132
0.0018404236
0.00082212145
0.0011837882
0.0026885937
0.0007955856
0.0007474776
0.001399432
0.0004848953
0.0020317645
0.0010067106
0.0014577286
0.00051060703
0.0005961873
0.0011830557
0.0009944543
0.0018516283
0.0018003742
0.0023909174
0.0015574252
0.0026082725
0.0009769354
0.00101567
0.0018147116
0.0022352592
0.0015330254
0.0023684956
0.001139839
0.0017693131
0.00031228154
0.0014182965
0.0011483689
0.0010635251
0.0011296986
0.0013669052
0.0026734364
0.0010792338
0.0011822769
0.001481289
0.00036813167
0.00069185725
0.0010017187
0.00051341526
0.0015892134
0.030439591
0.017290533
0.02326835
0.032174718
0.03707478
0.018976822
0.035454627
0.035575263
0.033661008
0.029126279
0.02578434
0.030366959
0.01926232
0.0471678
0.025698073
0.030454725
0.022286056
0.026461018
0.045061868
0.033947174
0.027801463
0.042863917
0.059543006
0.0427827
0.046501733
0.038799655
0.054482773
0.027334368
0.0398437
0.049620345
0.0317218
0.04739121
0.030317679
0.051960457
0.04854374
0.055574946
0.03535076
0.039971713
0.043891195
0.043103788
0.044806186
0.05285584
0.05831485
0.055479147
0.078782074
0.058996484
0.039680686
0.070055
0.052127786
0.06051601
0.0647238
0.06681406
0.09760852
0.07935448
0.088329144
0.11343372
0.11348367
0.09712073
0.09596869
0.100250326
0.12274538
0.126421
0.116356574
0.10252168
0.13393751
0.13697505
0.11640403
0.1208986
0.14654668
0.123223186
0.16475429
0.15079588
0.13999665
0.17075275
0.151763
0.14770828
0.21321818
0.18743575
0.1613649
0.11693695
0.16880414
0.069665216
0.05364802
0.041369345
0.02985282
0.03781857
0.02990307
0.024665432
0.022106703
0.026192265
0.019019632
0.015212024
0.015618918
0.0111738825
0.009806312
0.01199726
0.007330252
0.0073588677
0.007472193
0.008852227
0.0060810903
0.006311994
0.006245059
0.0044062473
0.0028252732
0.004396635
0.0036295038
0.0021710026
0.001562234
0.0016916614
0.00089554174
0.00046116282
0.0010280884
0.0013211798
0.002266713
0.0005918881
0.0016010276
0.0014418967
0.0016024138
0.0007657826
0.0009851274
0.0008480736
0.0013809818
0.0033126823
0.0014701418
0.0022251708
0.0026974808
0.0016176235
0.0032310707
0.005564129
0.0046020374
0.0025351557
0.003320174
0.0037481943
0.0033200178
0.0029119921
0.0046508163
0.002289874
0.0029993562
0.003090866
0.0015789109
0.0021198764
0.0023652054
0.0012732773
0.0014009221
0.0017718981
0.00161287
0.0016263917
0.0014826576
0.0010107867
0.0023540012
0.0008853845
0.0005168299
0.0023461522
0.0037843243
0.0015454727
0.0033540993
0.0030905157
0.0019430155
0.0027947945
0.0033489976
0.0016279243
0.0022951362
0.0017662807
0.0032232061
0.0039922064
0.003009748
0.0024008797
0.0023334373
0.003107366
0.0020354309
0.002485611
0.0021016656
0.0026239122
0.0023815737
0.0016563542
0.0038092707
0.0019608585
0.001711862
0.0021302532
0.0019180716
0.0009657759
0.0011385279
0.0013390521
0.0022090115
0.0016120443
0.0017522646
0.0010389781
0.0039149737
0.002502887
0.002785914
0.0017763724
0.0011473562
0.0026142325
0.0019404003
0.0011193075
0.000950288
0.0017653538
0.0019045402
0.0012236924
0.00051623414
0.00072232063
0.0011571762
0.0020182615
0.00091370416
0.0035342253
0.0015580946
0.0012471502
0.0033317143
0.001059274
0.0016455442
0.0012147403
0.001297281
0.002472798
0.00095093774
0.0018212078
0.0021620046
0.0015606772
0.0020136083
0.0021421826
0.0020748996
0.0011258452
0.0005947243
0.0031353794
0.0013125063
0.0016061945
0.00055373576
0.001646776
0.00044286798
0.0011987432
0.00076865224
0.0010220883
0.0011207971
0.0009944987
0.0018189931
0.0016406231
0.0011113791
0.0018293371
0.0010804712
0.00044260273
0.0005934594
0.0012935918
0.001113086
0.0007058752
0.00058672385
0.0016178841
0.0013648147
0.0018001542
0.0014251706
0.0017531638
0.0011565664
0.00169281
0.0013488288
0.0019665533
0.0012720929
0.0014372623
0.000745244
0.0014496673
0.0012955074
0.00085167284
0.0013899847
0.0009852456
0.0026591257
0.0010872397
0.0027159993
0.001513915
0.0012885106
0.0013204862
0.0018180695
0.0019603544
0.0012560098
0.0052222535
0.0034836885
0.0016737247
0.001982436
0.0025416336
0.0013705224
0.00213035
0.0019854044
0.0017828293
0.0022227457
0.0039970214
0.0017012315
0.0019467727
0.001348698
0.0019346236
0.0005007937
0.0022009504
0.0022965565
0.0014247563
0.002460091
0.0027198556
0.0011768992
0.0021098326
0.0016482605
0.0012457928
0.0015117015
0.0015337233
0.00276192
0.0007807434
0.0033350762
0.0016714252
0.0013481055
0.0005938917
0.00050246
0.0013049421
0.0015715121
0.00089277106
0.0020458729
0.0018192171
0.0014455004
0.0006243621
0.0010281246
0.0014388904
0.0010540931
0.0008300268
0.0018170597
0.0013504162
0.0025967236
0.0036633976
0.004494489
0.0015640553
0.0011023212
0.0027273523
0.0028939887
0.0020536482
0.0023499485
0.0013075831
0.0010454477
0.0023388034
0.003994529
0.0015646217
0.0016873684
0.0011622848
0.0014503512
0.0020325803
0.0015192725
0.0015224431
0.0027796987
0.001430224
0.0027661342
0.0011566815
0.0030585504
0.0021555275
0.000539147
0.0013202839
0.00044214923
0.0015237852
0.0009087506
0.0011195061
0.0026285409
0.0011606475
0.0010344622
0.00093934545
0.0013272307
0.00091910793
0.0017449631
0.002765925
0.0010560185
0.0013249795
0.0016864848
0.0013138858
0.0010877477
0.0020367806
0.0012108255
0.0013600888
0.00242834
0.0020326197
0.002526704
0.0025484727
0.002910004
0.0024426335
0.0018668959
0.0014432383
0.0016507189
0.0017462919
0.0011463641
0.001644092
0.0016383734
0.0025137654
0.0013683444
0.0007472283
0.0020306655
0.0012046614
0.0014325425
0.00060681347
0.0012586085
0.0015947629
0.0014385078
0.0020989964
0.0015135648
0.0011015031
0.0010880014
0.0012646717
0.0019823704
0.0010875057
0.0014829398
0.0008722852
0.0024165343
0.0028805016
0.0036843976
0.0041201627
0.006921624
0.0054477295
0.0076176273
0.0034858985
0.0042003766
0.0028317461
0.0029447214
0.0014263443
0.0015928909
0.003426768
0.0036032125
0.004689399
0.0024585645
0.003915091
0.0029975893
0.0006450697
0.001173121
0.0013669151
0.0013781006
0.0038231437
0.0034798651
0.0025434257
0.0013232752
0.0022569578
0.0021532024
0.00159392
0.0032506434
0.0064095883
0.0036472895
0.0041595018
0.005963466
0.007585041
0.004140282
0.0027840592
0.002096213
0.0017202235
0.0024722458
0.0012340955
0.0011745443
0.0012334229
0.00096531445
0.0009187524
0.0008507655
0.0012270805
0.0014458263
0.00062200986
0.0017680529
0.00091699185
0.00063347816
0.0014255799
0.0005097006
0.0012696586
0.0009267791
0.0015901877
0.0025944111
0.0026984392
0.0011389258
0.002354825
0.0010528074
0.002266536
0.0012852727
0.00054623344
0.0015509392
0.0011570598
0.0021377492
0.001305098
0.0022491405
0.0006596812
0.001888732
0.0010613926
0.0003219718
0.0005751503
0.0014157322
0.00030793756
0.0010086
0.000778499
0.0011257428
0.0003942002
0.0007626153
0.00047237717
0.0008078935
0.00054458535
0.00029805207
0.00034343207
0.0008304189
0.0008621982
0.0015282282
0.00096600514
0.0017660117
0.00040778331
0.0013617575
0.0005126558
0.0008723363
0.0015261103
0.0008405816
0.0017498963
0.0013411323
0.0022865233
0.0011174573
0.00083634374
0.0010045123
0.0009485866
0.0008042811
0.0016040715
0.0009099558
0.001302489
0.0007583408
0.0015559045
0.00073987327
0.0010103555
0.00062119
0.0025774208
0.00030051343
0.00038297108
0.0004223563
0.0008816768
0.0021877436
0.0011431801
0.000999331
0.0013204964
0.0011156241
0.000991979
0.00036039972
0.0011991946
0.00026928904
0.0008707228
0.0023350287
0.0021786909
0.0018743738
0.0018370426
0.0026300391
0.0005140765
0.0010153091
0.00087521214
0.0009194433
0.0033820977
0.001928078
0.0021059252
0.0014315627
0.0013388016
0.0010911347
0.0008216945
0.001156731
0.00175466
0.0017764493
0.00096807175
0.00062539236
0.0014807497
0.00042710977
0.0033277783
0.00073221687
0.0034738635
0.0010327158
0.0011273772
0.0010630046
0.0006316775
0.0011776442
0.0017012683
0.0035523055
0.0021690675
0.0019996003
0.0028095776
0.0021561105
0.0018545312
0.0024392786
0.0019134097
0.0011494119
0.002434543
0.0017010431
0.001327008
0.0018688852
0.002722992
0.001075063
0.0014626785
0.0012714298
0.00106002
0.00067579094
0.0013153157
0.0035812687
0.0009132222
0.0018616703
0.0012885946
0.0016451492
0.002155844
0.003079195
0.0010516177
0.0011696905
0.0019583397
0.0006785628
0.0030969952
0.002316669
0.0017293607
0.0012100817
0.002471842
0.0019994262
0.0008352214
0.0015461562
0.0025249135
0.00227468
0.0014197017
0.0034882156
0.0019093168
0.0022355574
0.0016176001
0.0018058084
0.00085278566
0.00084201
0.0007582154
0.0016742747
0.00034206477
0.000921702
0.0009811632
0.0009358281
0.0011071506
0.0007762536
0.0013109441
0.0018687744
0.000587936
0.00091126247
0.00023572869
0.00065295416
0.00081455597
0.00057305285
0.0011470084
0.00076197815
0.0010446563
0.00080809527
0.0019631425
0.00036531186
0.0004880986
0.0015301222
0.0003569133
0.0016860827
0.0016408573
0.00066901185
0.00058487686
0.0018251701
0.0015875363
0.0004664184
0.0005952353
0.00090241304
0.0010997418
0.0016329429
0.0018812362
0.0008008348
0.00072980154
0.0022744066
0.0014672749
0.0013097809
0.0010401857
0.0006375583
0.0019924103
0.0011921739
0.00034899852
0.0012390112
0.00077885075
0.0023399908
0.0011739631
0.0011581725
0.0011434709
0.0022272589
0.0015279292
0.002030055
0.0021818068
0.0017160982
0.0022836612
0.0017892435
0.0022137628
0.0021602416
0.0018495652
0.00066424976
0.0009000569
0.0014591396
0.0019588694
0.0014218857
0.0015297898
0.0039806813
0.0019932846
0.0013772232
0.0024246355
0.001134462
0.0010671939
0.0010275396
0.00088877033
0.0015544834
0.0010122232
0.00097477774
0.002470875
0.002473607
0.0015340557
0.0032134207
0.0017228097
0.0016955206
0.0022873757
0.0020827304
0.0024909927
0.0035502124
0.0043392004
0.0029106135
0.0026510332
0.0033621371
0.0014622327
0.0027964031
0.0025272837
0.002934691
0.002347907
0.0022154057
0.0020728314
0.002613069
0.0025198148
0.0034773133
0.004080696
0.0033758497
0.0019968408
0.00302587
0.004218572
0.0028954975
0.0031893437
0.004349795
0.0017676858
0.0025476515
0.0014516158
0.0018782262
0.0024209833
0.003685898
0.0033702627
0.0043037673
0.0034020976
0.0022546696
0.0031660139
0.004129868
0.003234429
0.0036613173
0.002326541
0.0014607956
0.0035421285
0.0021269815
0.002660419
0.0018971232
0.0023806756
0.002423246
0.0035198766
0.0016929796
0.0020648825
0.0030550053
0.0034707298
0.003930255
0.0024676877
0.0011981383
0.001718521
0.0012146784
0.0017209122
0.0009095243
0.0010420904
0.002060888
0.0006142214
0.0012648229
0.0008361372
0.001955834
0.00057318993
0.0008492323
0.0012867175
0.0008366823
0.00020035001
0.0011287747
0.00018239327
0.0017105214
0.001213701
0.0011499823
0.00039696327
0.002046778
0.00077191356
0.00055922923
0.00095580076
0.0009113671
0.0021599215
0.0014651278
0.001641883
0.0034652047
0.0022672538
0.0019205769
0.0023007952
0.0028830941
0.0021780094
0.0026356985
0.0017912192
0.0013904762
0.0025766105
0.0018555976
0.0013025441
0.0009826375
0.0024664288
0.002249171
0.0011263281
0.0027565549
0.00085649046
0.00086127804
0.0006571303
0.0012498378
0.0010479902
0.0005046085
0.0036557626
0.0011825643
0.0007642016
0.0006113977
0.0022503452
0.0025512772
0.00060639036
0.000904548
0.0015217814
0.0016376467
0.001517778
0.0008534491
0.0011329193
0.0005055003
0.0016511929
0.0016523255
0.00075123296
0.00040665275
0.00079422526
0.0026215625
0.0011366602
0.0012601302
0.0011894053
0.00065376004
0.00084025133
0.00081201183
0.0012128759
0.00089500763
0.0015714855
0.0014814874
0.00088069006
0.0017758247
0.000660121
0.00016113138
0.0011525119
0.000815531
0.0011843486
0.0012187253
0.0010124726
0.0019170223
0.0028943901
0.0009878707
0.001347677
0.00087166636
0.0016346065
0.00075056474
0.00071335206
0.0013246485
0.0015124463
0.000586841
0.0011966734
0.0017777805
0.0009256328
0.0010161183
0.0005909514
0.0011745614
0.0015913668
0.0015533273
0.001318407
0.0013921371
0.0012128007
0.0010935226
0.00035201956
0.0017590958
0.001410145
0.0006788747
0.00052210345
0.00059702346
0.00055458
0.0005005749
0.001039435
0.0027519404
0.0011192143
0.00074482476
0.0002647704
0.0013199919
0.0004994973
0.00065496453
0.0015763302
0.0006250932
0.0007999593
0.00078774954
0.0005065247
0.0006509006
0.00076802215
0.00065868866
0.000548712
0.0020128093
0.000379193
0.0017945864
0.0009220616
0.00075749174
0.0008481046
0.0003738164
0.0016874021
0.0005360224
0.0012959575
0.0013105422
0.0014528304
0.00071280904
0.0016617501
0.00062695297
0.0013164039
0.00025819204
0.0008279778
0.00017581458
0.00064195925
0.00037451892
0.0005950619
0.0009314335
0.0009313363
0.0007197254
0.0012729521
0.0018127454
0.0012614175
0.0020147034
0.0020352895
0.0023678
0.0021485446
0.0006531157
0.0035239402
0.002582067
0.0016127924
0.002162123
0.0029605143
0.0021735465
0.0021579373
0.002037214
0.0023374788
0.0012482813
0.0015772849
0.0015828615
0.0011547414
0.00079738
0.0020760756
0.0024969538
0.001010495
0.002951783
0.001559909
0.0007677153
0.0008402312
0.0014484642
0.000504471
0.0005906362
0.0020119627
0.0022549094
0.0019525252
0.0017297902
0.0019618007
0.0023662162
0.0011690349
0.0014565483
0.0013675552
0.0018033021
0.0010758153
0.0020705843
0.0024107152
0.0012117448
0.0021014067
0.001084283
0.0014049762
0.0010860316
0.0019247497
0.002362599
0.0016142335
0.0039744563
0.0014895007
0.0014602335
0.0015350131
0.0010354882
0.0017148545
0.0019525986
0.0015400485
0.0008527321
0.0019004529
0.0029337194
0.002417046
0.0013722145
0.0016325887
0.0022321953
0.0026402376
0.0019882526
0.0014441698
0.00056725263
0.0007829261
0.003008383
0.0017128183
0.0010392967
0.0019856347
0.0017781816
0.0020219877
0.0022741014
0.0008422049
0.0008066541
0.00095404475
0.0011842746
0.0005770586
0.0011111298
0.0025209691
0.0012130722
0.0017888829
0.00061547104
0.00083733513
0.0026143612
0.0022641164
0.0011736141
0.0004948231
0.00072806445
0.00075685215
0.0011285704
0.0010831653
0.001250909
0.00087497046
0.00071117916
0.0017054726
0.0017735636
0.0004152159
0.0016779127
0.00086010306
0.0009936732
0.0014265524
0.00114485
0.00046979816
0.0026153752
0.0014501776
0.0010166005
0.00034558296
0.0011021034
0.00029449025
0.0009512395
0.0016794751
0.00061648275
0.001028319
0.0020621116
0.0016955186
0.0018094154
0.00025335996
0.00060474104
0.00024112721
0.0005997505
0.00095590064
0.0009053127
0.0017700461
0.00083432987
0.0009767712
0.0011302968
0.002082058
0.0015285731
0.001046542
0.00020576766
0.0005444785
0.0011954217
0.0011679446
0.0006294218
0.0018591539
0.0012633256
0.0012858786
0.00043847243
0.00054974965
0.0009994822
0.00095184264
0.0023124989
0.00087118486
0.0014756891
0.0008944614
0.0009801639
0.00069886784
0.001301813
0.0012031418
0.002620261
0.0017284668
0.00085486553
0.00089100376
0.00066469563
0.0005254978
0.00079989486
0.00101646
0.0006614269
0.002075598
0.0010833534
0.0012919491
0.0008952464
0.0017917
0.0017297695
0.0020579079
0.00081735995
0.00045149255
0.00086980266
0.00095323124
0.0014348573
0.00072554435
0.0013719456
0.0008361349
0.0011208146
0.0017092755
0.0021905624
0.0012299323
0.0020208578
0.0015587724
0.0004387549
0.0012324578
0.0024044705
0.001018785
0.003203623
0.0020433075
0.0017605143
0.0014983077
0.0019975407
0.0014313164
0.000845426
0.000598682
0.0016862231
0.00082635676
0.00029265782
0.0007263287
0.0008161803
0.0007178019
0.0012758755
0.0031128721
0.0016508017
0.00040975108
0.002138886
0.0013533591
0.0012248793
0.0012225126
0.0013447406
0.0014631344
0.0023214761
0.00058356795
0.0015914801
0.00080858945
0.0013397539
0.0029732438
0.0024977566
0.0008918402
0.00078408356
0.00029269015
0.00044135796
0.0016862426
0.0008475195
0.0006007871
0.0010403416
0.0006054585
0.00054878637
5.9757105e-05
0.0011277302
0.0014425936
0.0009924063
0.0008515186
0.00068926014
0.001061541
0.0007199702
0.0018258716
0.0015262915
0.0026936794
0.00067098753
0.0004129593
0.0011471285
0.00050097494
0.0010675063
0.0014559284
0.0018787787
0.00078657817
0.00036856992
0.00038483733
0.001803413
0.0029236574
0.0013520882
0.00073044014
0.0008158766
0.0016277335
0.00070500193
0.00056134164
0.0010628368
0.0011989034
0.0015385265
0.0011284542
0.0009515091
0.0007894987
0.0016054986
0.0011173951
0.0014332436
0.0006835975
0.0016503539
0.0008529398
0.0028072724
0.001213893
0.0013518617
0.0012320121
0.0021562113
0.00114776
0.0017602263
0.0013099337
0.0025641166
0.00034211512
0.0007969222
0.0010220511
0.00075798255
0.0012429962
0.0009820026
0.00214728
0.00049049925
0.0001569989
0.0013660997
0.0026758101
0.0016261103
0.0002877506
2.9166215e-05
0.0008985436
0.00021458734
5.6624573e-05
0.00044395216
0.00064778625
0.0007173765
0.0005381595
0.00092231936
0.00049157406
0.0013027118
0.00057715696
0.00071141793
0.0008783749
0.0010439708
0.0006616228
0.0018782564
0.0021614744
0.0007971534
0.0029405477
0.0019508998
0.0007763308
0.0011561294
0.00076945807
0.00149492
0.00071565463
0.0012398283
0.001758188
0.0026066548
0.002047236
0.00047680154
0.0022689535
0.0008531455
0.0009411755
0.0012012982
0.0008181952
0.001426092
0.0009825109
0.00035558484
0.0012030741
0.0008437708
0.00074569264
0.0008410836
0.0014106622
0.000411222
0.00084091
0.0024407837
0.0007429926
0.0009602549
0.0011370142
0.0005995707
0.00064702565
0.0018292493
0.0016530438
0.0010403208
0.0015251385
0.0014105745
0.0013848087
0.00063946913
0.00066936883
0.00053743145
0.002688212
0.00076356594
0.0028166566
0.0014659422
0.0013461784
0.0032606004
0.0027328534
0.0022327872
0.00437501
0.0040159123
0.0025918838
0.0018876158
0.005138034
0.0011273918
0.004628744
0.003942446
0.0059619127
0.0030144954
0.0036550295
0.0028513174
0.0028012316
0.0037588894
0.0022782888
0.00618523
0.006237588
0.0054803547
0.005236214
0.0057707997
0.0024909137
0.0058936747
0.0035993885
0.0048256693
0.0062781014
0.010690408
0.00913421
0.0040485235
0.0066656237
0.00649962
0.0071430346
0.006194652
0.006632572
0.007682737
0.0057882937
0.0087524
0.016485212
0.0066875536
0.0054021766
0.012220646
0.013206979
0.012965019
0.008516247
0.018186
0.020186149
0.008621928
0.010883485
0.0106408065
0.011005753
0.010700311
0.01673071
0.013888402
0.006741888
0.010103229
0.0038819981
0.001984553
0.0026644517
0.003236161
0.0034034846
0.0038316764
0.0038727608
0.004964876
0.004655701
0.001547742
0.0022642883
0.0044897776
0.0041947467
0.002744305
0.0015511086
0.0007593051
0.0021334982
0.005165588
0.0046849027
0.0029588712
0.004213621
0.001874408
0.0034534342
0.001702449
0.0044655297
0.0014850385
0.0028208492
0.0025796164
0.0023945353
0.0034058485
0.0020120027
0.0035642043
0.0026492765
0.002560337
0.0060658418
0.0016516832
0.0012295889
0.002428218
0.0023613486
0.0013782533
0.0019000527
0.0016590103
0.00085506623
0.0013880038
0.0015957063
0.0019420362
0.0011087334
0.0013442361
0.0013554618
4.3207983e-06
0.00024787552
0.0005044809
0.0029175582
0.0011658039
0.00183146
0.0004831042
0.0023977314
0.0017651407
0.00452595
0.001199372
0.0013942806
0.0026221944
0.001698184
0.001086141
0.0017275767
0.0018546036
0.0026350415
0.0016311143
0.0011166555
0.0015129161
0.0005316145
0.0010556931
0.00074499944
0.0008500746
0.00054687925
0.001877143
0.0014417451
0.0006853245
0.0007907544
0.00043102202
0.00039896596
0.0008962394
0.0010431717
0.0029962568
0.0021969583
0.00049805205
0.00137204
0.00063388597
0.0007830443
0.00050341274
0.00044026988
0.0014300712
0.0007415977
0.0018313874
0.0014371752
0.0024522073
0.001890481
0.0011052949
0.0012834707
0.0016289075
0.0010656944
0.0025359793
0.0030750344
0.0006601224
0.00114905
0.0027913267
0.0017886225
0.0018227033
0.0012837758
0.0010978306
0.0026459084
0.0020629712
0.003088745
0.0025032675
0.0013474631
0.00078729115
0.0009818953
0.0028280364
0.0028091485
0.0021813866
0.0015975613
0.0019406585
0.007897466
0.005198218
0.0034860251
0.004676505
0.0024114843
0.0014685674
0.0030386467
0.0033472152
0.004263304
0.003217144
0.0035164957
0.0028642702
0.008466487
0.0037479496
0.0025211792
0.002665929
0.0038457864
0.002270131
0.0018392215
0.0029975974
0.0032486299
0.0032301515
0.0015128067
0.0013316189
0.0018822157
0.0020088074
0.002503711
0.0027759017
0.0012678538
0.0010324457
0.0011797186
0.0014374002
0.00040071848
0.0007632441
0.0020791534
0.0011875491
0.0021300807
0.0012292066
0.001293392
0.0012101
0.00128352
0.0031176046
0.002012342
0.001535948
0.0017993072
0.0018624873
0.002099032
0.0034870044
0.0020874059
0.002132304
0.0028976777
0.0013442658
0.00055643206
0.0008197155
0.0013019452
0.00195669
0.0033308824
0.0016281534
0.0025914146
0.0010818669
0.0020150975
0.0016483942
0.0014165078
0.0019849634
0.0017747043
0.00013835699
0.0013810137
0.0019287835
0.0030394085
0.0016563599
0.0013018714
0.0024246562
0.00057938223
0.0021745837
0.0012642742
0.0029970082
0.0007552256
0.0014472528
0.0004931064
0.0003388521
0.0012147386
0.0012386196
0.0010630017
0.0019619623
0.0019197105
0.002463495
0.0030662157
0.002629444
0.0018188977
0.0015626425
0.001299931
0.0017788615
0.00164987
0.0022380177
0.0012388056
0.00079617876
0.0017195201
0.0004913717
0.0009786241
0.000894384
0.002154991
0.0012561776
0.0015012291
0.0009963975
0.0013930667
0.0014458223
0.0014942453
0.002501334
0.00041271182
0.0021972163
0.000800827
0.00050448644
0.00088643143
0.00055843085
0.0013646226
0.00095081795
0.00085043616
0.0011171708
0.0004661478
0.0016481905
0.0006420581
0.00023413013
0.0013179294
0.0004432213
0.0008848747
0.00039534585
0.00015160601
0.0010466995
0.0003738352
0.00031168715
0.00082893437
0.002416511
0.00089819205
0.0027858485
0.0008742284
0.000750814
0.0005275546
0.00091029855
0.0011878539
0.0009456499
0.0010938309
0.0013439375
0.003034248
0.001874625
0.0007459777
0.0015141347
0.00067904417
0.00033032935
0.0011597744
0.0006776649
0.0020574974
0.00050904
0.0011939558
0.0011271775
0.0016558805
0.00083922537
0.00092373043
0.0013770532
0.001987775
0.0019576661
0.0018585264
0.0020812743
0.0022098627
0.00072553626
0.0011163321
0.0016569183
0.0010271699
0.0007554857
0.0007950006
0.0019273795
0.0012148299
0.0021297229
0.002046152
0.0018173114
0.0024531346
0.0026363805
0.0032588271
0.0026005744
0.0024881274
0.0033718674
0.0013654546
0.00038387586
0.00064166
0.00044347154
0.00053421553
0.00048530055
0.0005899825
0.0008191388
0.0013674241
0.0013309503
0.0007727024
0.0035040183
0.0006711862
0.0012344902
0.0007381181
0.0017506974
0.0007486947
0.00094964507
0.0016584013
0.0017864087
0.0015784306
0.0012038023
0.0023827124
0.001059685
0.0015518602
0.0014610192
0.0008145069
0.0016378738
0.0014500716
0.0004969633
0.0010004531
0.0011365977
0.00097550557
0.0015851799
0.0014615029
0.0011046847
0.0012654267
0.0023337742
0.000556102
0.0011798824
0.00073000276
0.00087756175
0.0019611085
0.0010191918
0.0029226174
0.00116449
0.0008857845
0.00230399
0.0012664224
0.000835477
0.0010078434
0.0016084283
0.001180392
0.0007940417
0.0007697785
0.0011124866
0.0010107994
0.000840217
0.0006693623
0.00096400187
0.00095034204
0.001408158
0.002512603
0.0029179337
0.0043100948
0.0028488827
0.0035473476
0.0040538823
0.0029457004
0.0024888832
0.0023408537
0.0015391931
0.001237186
0.0008404044
0.000449243
0.002601875
0.00062635995
0.0008657619
0.0019652112
0.0019457701
0.0024873444
0.0023328715
0.0020478466
0.0016389543
0.0020907077
0.0023562694
0.0031777918
0.0012838483
0.0011321624
0.0015041243
0.0012359839
0.0014859136
0.0015179738
0.0028688642
0.0021385173
0.0006376729
0.0018348766
0.0014901292
0.0016947994
0.0020348735
0.0027462551
0.0021017233
0.0023184977
0.001919362
0.0030065193
0.0017056959
0.0030080162
0.0015836556
0.0014016283
0.0022403689
0.0024567163
0.0034080502
0.001519348
0.0011888519
0.000625948
0.00062329293
0.0020531956
0.0014301707
0.002722303
0.0010504285
0.001212908
0.0009494717
0.0018117342
0.0025571177
0.0012542832
0.0019677468
0.002345265
0.0018062831
0.002149328
0.0011320376
0.002480168
0.0021527228
0.0018214907
0.0028095848
0.002010933
0.001960474
0.00104182
0.0009860599
0.001791888
0.0008081321
0.002875934
0.0025095446
0.0016042704
0.0030957698
0.001719108
0.003494613
0.0013207783
0.0014590817
0.0018338005
0.0009928638
0.0021829123
0.002320657
0.002269922
0.0017182303
0.0021916013
0.0019858836
0.0016900622
0.0009655248
0.0013937377
0.0023730623
0.0013796246
0.0006821524
0.002175819
0.0011220298
0.0009764618
0.00084101385
0.0013772618
0.0015331765
0.0016713431
0.0014834725
0.0025767728
0.001072801
0.0024149204
0.00045161962
0.0017261187
0.0007936863
0.0012923969
0.0005101821
0.0008428161
0.0016265814
0.001491528
0.00025603035
0.00095162366
0.00043563737
0.001063331
0.001265527
0.0018210302
0.00093669945
0.0015009646
0.0009378763
0.0016619627
0.0018037157
0.000428568
0.0012375987
0.0013749534
0.0018018008
0.0008133649
0.00031003184
0.00047140493
0.0018204425
0.0014015109
0.0017466904
0.000764794
0.00035975775
0.0012436175
0.00047657965
0.00030370135
0.00033534312
0.000771673
0.0021361967
0.00020356721
0.00033168227
0.00037452567
0.00037654664
0.0013231299
0.0008659003
0.0008347286
0.0009754584
0.0021184813
0.00025336703
0.0024702004
0.0012006394
0.0004934895
0.0007477416
0.0020401953
0.0014839064
0.0017833889
0.002132928
0.0013684994
0.0018288167
0.0010270829
0.005001802
0.0023113831
0.0010893667
0.0010229247
0.001195075
0.0015064332
0.00139811
0.0024617608
0.0009909817
0.002135533
0.0013675283
0.00159812
0.00102434
0.001754008
0.0026789133
0.0023269386
0.0005325776
0.0011846836
0.0012230795
0.00094021624
0.0028701918
0.0019092504
0.0015464023
0.00015221853
0.0006286575
0.0003999218
0.0002590319
0.0016378267
0.0009525118
0.0016300722
0.0023098676
0.001236846
0.0015552186
0.0024170429
0.001157125
0.001846601
0.0011755403
0.002691464
0.0011657932
0.0012982419
0.0025853075
0.0015955645
0.00096717395
0.0029327804
0.0020571102
0.0009499716
0.0017553718
0.00223908
0.0027465906
0.0010466112
0.0054963706
0.002883972
0.0049501928
0.004493883
0.0037102823
0.0053034024
0.0032973255
0.0038113694
0.0060746185
0.002746927
0.002819688
0.0020392267
0.001343813
0.00368094
0.0048252353
0.0019369975
0.00273268
0.0032109064
0.0032651296
0.002420425
0.0038910995
0.0032887848
0.0024838538
0.0019219175
0.0019639821
0.0011702795
0.002284197
0.0018856204
0.0033664352
0.0021174331
0.001225447
0.0014666315
0.0024321885
0.0003403761
0.0026362156
0.00083856436
0.0021355706
0.001235459
0.00072214904
0.0007984874
0.0010300165
0.00035470916
0.001610533
0.0015118337
0.0008933182
0.0005427468
0.00096198916
0.0016502175
0.0006035116
0.0012124435
0.001789241
0.0008067245
0.001226889
0.0014992087
0.0012489762
0.0018061835
0.0008621786
0.0009872657
0.0012973304
0.0016894328
0.0012646884
0.0017569808
0.001166426
0.0014328576
0.0008301388
0.0006186465
0.002186836
0.0016339675
0.00076952786
0.003151804
0.0019175804
0.0016366919
0.002446147
0.0022909178
0.0013264606
0.0014168542
0.0010243932
0.00054443063
0.0020276224
0.0015059183
0.0011052861
0.00086526223
0.0020784994
0.0014935422
0.0011199629
0.00033094766
0.0005438601
0.0006514447
0.00089501624
0.0018539138
0.0018584172
0.0006747661
0.00095961033
4.5360284e-05
0.0005780109
0.00095890206
0.001055655
0.0009421302
0.00052451075
0.00018819413
0.0021837836
0.0005150306
0.0025205228
0.0011907639
0.0010513007
0.0011913382
0.00044623332
0.0002950191
0.0016389497
0.79438114
0.924047
0.9369796
0.8680806
0.84123933
0.96697193
0.9367252
1.0
0.833463
0.01599013
0.01615479
0.017475411
0.01756109
0.016961703
0.01924502
0.018353764
0.019247768
0.013098548
0.01545735
0.017398974
0.026478827
0.019486662
0.018984077
0.02207209
0.025092844
0.020978086
0.02780924
0.02579049
0.024908869
0.02310117
0.017318562
0.018228414
0.0142877875
0.014443938
0.010553501
0.008556276
0.005160162
0.0027028902
0.0016416648
0.001755179
0.0013440395
0.0012451687
0.0021350512
0.0016826645
0.0029623609
0.0007584988
0.0009762343
0.0019872899
0.0016038287
0.0017181709
0.0008937286
0.0011866062
0.0014579251
0.0010287693
0.0018852039
0.0020274338
0.0017275738
0.0013389041
0.0014910428
0.0016520934
0.0018597702
0.00052986137
0.00079871144
0.0009867398
0.0015031135
0.0019388564
0.0016396233
0.0023747196
0.0013337715
0.00076362956
0.0013915511
0.0008007417
0.00048055907
0.0019244349
0.00055807794
0.0017904096
0.00075059803
0.0009873533
0.0005848908
0.0009768464
0.00040459074
0.00079202943
0.0021746098
0.00020966292
0.0021509062
0.00095053215
0.001049892
0.0011286485
0.0015026436
0.0021449449
0.0024169486
0.00047053822
0.0005747041
0.000583643
0.00067563413
0.00069632893
0.00091054814
0.00058748724
0.002153746
0.0026228323
0.00092540996
0.0006730294
0.00083894783
0.00082992425
0.0015389787
0.002816141
0.0013825274
0.0021181146
0.0013254597
0.0021655778
0.0022092867
0.0021254485
0.0015991746
0.001209871
0.00017308039
0.0007956267
0.00047616614
0.001249579
0.000473311
0.0007041515
0.00071333634
0.0007353053
0.0056264885
0.0011660479
0.0017633503
0.0013558023
0.004968697
0.0011060473
0.0022144995
0.0043865005
0.0015660367
0.0034145764
0.004463396
0.004932247
0.0041495217
0.0031360881
0.0013749666
0.002566753
0.006776822
0.0030928515
0.004982547
0.003415437
0.0034658078
0.0043796767
0.0033669362
0.0068885256
0.004861539
0.0038476835
0.0030011984
0.004510753
0.002201841
0.0036172234
0.0017065417
0.005027651
0.00419046
0.0050801057
0.004801347
0.002566877
0.0052932464
0.003794438
0.0053849006
0.0027195376
0.004504785
0.0039339485
0.006702422
0.0032050891
0.0051221224
0.005532694
0.0038712888
0.0031481953
0.004764164
0.0048915865
0.0021488678
0.00085091684
0.005600405
0.0047881743
0.0056233816
0.0036047755
0.003786125
0.002765721
0.0037071991
0.0062660566
0.003514929
0.0024649268
0.0041021835
0.004870355
0.0038829332
0.0064681172
0.004899349
0.0053817397
0.0061959345
0.005113923
0.0076115364
0.0088950675
0.0031020255
0.010086044
0.0051489854
0.008807776
0.003433675
0.0098778
0.004310701
0.008455203
0.009196874
0.0044915825
0.004913316
0.008309306
0.008294989
0.00679888
0.007131663
0.008938744
0.00422062
0.005570608
0.0048452634
0.0043803873
0.0056336606
0.0076012053
0.0024810568
0.0072381496
0.003411573
0.0021204057
0.0028883975
0.0062636705
0.008325734
0.004524992
0.006132094
0.00493919
0.0067138346
0.0048343306
0.0043385196
0.0075420802
0.008895166
0.0063140653
0.0049977666
0.004339262
0.008569283
0.0038552887
0.006800241
0.008234827
0.008090256
0.009736326
0.0028800843
0.00816276
0.007223528
0.008613872
0.004214353
0.00651154
0.006790651
0.013298697
0.0083094435
0.0055876737
0.0069067646
0.004355788
0.010025774
0.011742575
0.007207946
0.008533013
0.0055003976
0.008249332
0.0056653023
0.0036145616
0.008441297
0.005136868
0.008877264
0.0061700894
0.0026132953
0.0011572391
0.0017765019
0.0012136487
0.0010058508
0.00073168933
0.0011518465
0.00083409424
0.0013612009
0.0021536723
0.00029317697
0.00013507719
0.00049649127
0.00028342847
0.00020175675
0.0019339882
0.0022247704
0.0007799336
0.00031011758
0.00022361227
0.0020141797
0.0012873684
0.0005665228
0.0004897089
0.0005689901
0.00095013215
0.0009993082
0.0010979505
0.0004379991
0.00084948307
0.00072024984
0.0016161478
0.0011903478
0.0005220845
0.0008027137
0.0023495746
0.0021418522
0.0008932374
0.0012394276
0.00097281334
0.0027159913
0.0020736037
0.00035052636
0.0010317268
0.00047283928
0.001052882
0.0009526678
0.0015466248
0.0007980558
0.0017990598
0.0011551735
0.0011649077
0.00092279364
0.0044419914
0.0008007122
0.0021143164
0.0014948902
0.0011337838
0.0011347207
0.0024538098
0.001365389
0.0016786032
0.00085902563
0.0017197968
0.002349903
0.002167184
0.0016684819
0.002131618
0.0011900581
0.0012197868
0.0017791777
0.0022039704
0.0015557782
0.0028845724
0.0011974019
0.001341771
0.0024073157
0.002270543
0.0021714275
0.0037731358
0.0013029989
0.00090858794
0.0014084169
0.0013577237
0.0018275834
0.001921393
0.0008504756
0.0013957724
0.0023753736
0.00199264
0.0012336688
0.0020046493
0.00091871456
0.00087070186
0.0014269577
0.0010443006
0.00093388907
0.001486925
0.0011446414
0.002068703
0.0008006824
0.0019298897
0.0015281969
0.00056380837
0.0015256288
0.0013282544
0.0007129758
0.001937239
0.0011212054
0.00095621194
0.0002735645
0.00085338065
7.56761e-05
0.000793092
0.0018918132
0.0009596151
0.0007633135
0.001109966
0.00054643257
0.0015235399
0.0004922488
0.0015411571
0.0031179711
0.00028752556
0.00018326519
0.00063190795
0.0003187154
0.00031754764
0.0031771457
0.00051901606
0.00069221936
0.0009865906
0.0008362832
0.0011945842
0.0018086138
0.0021000484
0.0007128473
0.0007654149
0.0013931795
0.0003951394
0.0010921314
0.00067539816
0.00075418345
0.0021816532
0.002271085
0.0027902364
0.0015762744
0.0007799597
0.0008606332
0.0010953168
0.0016195087
0.0018698976
0.002076497
0.0018561061
0.0011640039
0.001128269
0.00031170598
0.00079563604
0.00071513694
0.0013680555
0.0009754783
0.001997438
0.00045925943
0.0012056415
0.00020440895
0.0005080325
0.0006706911
0.00039255596
0.0020560797
0.0012530814
0.0017256549
0.0019196817
0.00078516896
0.002191068
0.0011389283
0.0026615262
0.0017348577
0.00095470843
0.0016189282
0.0012243977
0.003277244
0.0013979906
0.001354053
0.00070557947
0.0015376627
0.0023060266
0.0015713027
0.00096915185
0.0017323652
0.0009025838
0.0016852027
0.0028407706
0.0015151702
0.0026344927
0.001169913
0.0045232465
0.0023996497
0.002887686
0.0008104871
0.001348512
0.0012506602
0.0013139532
0.00083472976
0.0014889393
0.0034429424
0.00208518
0.001925529
0.0018822434
0.0016685288
0.0024043883
0.0012707788
0.0010982542
0.0006832788
0.001142385
0.0020527316
0.0012771569
0.002086188
0.0012349879
0.0017681698
0.00070112693
0.0015688771
0.0006189439
0.0020850585
0.0014093352
0.003718512
0.0015646049
0.0024909272
0.0014236957
0.0020956309
0.0016021396
0.002681156
0.0008740418
0.0017348485
0.00079631456
0.0012778867
0.0024674912
0.0012635035
0.001731949
0.001908151
0.0015630975
0.0012726722
0.0013390797
0.00036895374
0.0014915963
0.0014838948
0.0030887316
0.0031151604
0.0019227634
0.0058525857
0.0014904689
0.0021807482
0.0010062222
0.002693989
0.00067983905
0.0015187027
0.00196362
0.0017202757
0.00220991
0.0026743454
0.0031996677
0.0021589166
0.0026610035
0.0008542141
0.0006350551
0.0013434535
0.0012557019
0.0023581632
0.003171889
0.001479653
0.0030582089
0.001851598
0.001912123
0.0025371648
0.0023205958
0.0015294941
0.002063614
0.004168584
0.0022879287
0.0020090588
0.0024758927
0.0021619287
0.002785215
0.00095975527
0.002232551
0.0028317017
0.0013047494
0.0027786032
0.0020507313
0.0024303857
0.0021100435
0.0012004682
0.0032499179
0.0027340692
0.0013019507
0.001776534
0.0027425499
0.002863728
0.0017771318
0.0019329381
0.0020659775
0.0024719918
0.005732446
0.0019418274
0.0025981935
0.0032421453
0.0041191885
0.0040383628
0.0021041841
0.003143086
0.0040902207
0.002814276
0.00076652557
0.001160652
0.0022045765
0.003451499
0.0023452365
0.0020408232
0.0017801349
0.0030496928
0.0024145283
0.0026201857
0.0023730549
0.002828662
0.0025157833
0.0027325023
0.0021062058
0.0035453497
0.0047791246
0.003454878
0.0060570296
0.005894983
0.0048835436
0.0077323876
0.008506013
0.0064775683
0.0055093085
0.004630086
0.008397049
0.007021932
0.006618199
0.0049751457
0.0031098095
0.0034593102
0.004785818
0.0070019467
0.006477693
0.0045643365
0.0057133622
0.0021582968
0.002864618
0.0026888568
0.00366972
0.003415944
0.0041181864
0.004036148
0.003454015
0.0056788884
0.0032543407
0.0038904238
0.0036396175
0.0038272983
0.0037376597
0.006620624
0.0060757464
0.0070321504
0.00848529
0.008034417
0.011162402
0.009870902
0.0091709
0.007903787
0.008542587
0.006651989
0.0065442845
0.008989094
0.006744244
0.005272134
0.0032925354
0.004196698
0.0048659034
0.003932058
0.0048643164
0.003936299
0.002686845
0.0021151584
0.003287067
0.0030692113
0.0017388712
0.0032132592
0.0023671617
0.0012829143
0.003085459
0.0021198315
0.0015015064
0.0018950186
0.001794499
0.00344946
0.0024215602
0.0025558355
0.0020766947
0.0015439494
0.0012048492
0.0011655991
0.0010908032
0.0028029468
0.0013074494
0.0027578943
0.0011902974
0.0013299307
0.001799345
0.001787548
0.0015049592
0.0013123302
0.0013482887
0.0011378955
0.0012235321
0.0013289673
0.0027322124
0.0016673015
0.0015637384
0.0019496488
0.0017116979
0.0022625846
0.0017999093
0.0018888339
0.0026839168
0.0005302567
0.0010837432
0.002031627
0.0032566462
0.0046117827
0.00407706
0.0041157315
0.0026579737
0.0042031975
0.003837831
0.0020975764
0.0015868857
0.0015609092
0.0017278113
0.0014861965
0.0019325805
0.0027426665
0.0018202001
0.0036776944
0.0021649261
0.0019900973
0.0010422113
0.0010820229
0.0013410028
0.0023716658
0.0017735193
0.0026721684
0.0013329354
0.0011692714
0.0008090418
0.0011986316
0.00031129582
0.0012810088
0.0010818677
0.0014401847
0.0005204787
0.0008931309
0.001091837
0.0010776166
0.0029911357
0.002099085
0.00082873437
0.0013231458
0.002111691
0.0014425123
0.000737468
0.00053054997
0.0015915886
0.0015497954
0.001476874
0.0013484744
0.0012718599
0.001351062
0.0018641509
0.0009927035
0.0012544916
0.0009877578
0.0003456535
0.0009628349
0.0012808689
0.00089186535
0.001200639
0.0012494255
0.00046985986
0.0009745293
0.0006507302
0.0009402521
0.00035124918
0.0007794335
0.00047650328
0.0007575244
0.0005882024
0.001156786
0.002193685
0.0005553221
0.000897118
0.0012043144
0.0011656398
0.00090711133
0.00090130884
0.0013249031
0.00091230916
0.0017820532
0.0022784306
0.0011810869
0.00064685795
0.0018705772
0.0007127615
0.0010458422
0.00082130707
0.0013512742
0.0006167892
0.0015982477
0.0022903604
0.002761748
0.0021253107
0.0025103518
0.0005222432
0.000834972
0.0011154527
0.001648722
0.0019372292
0.0024812722
0.0015481482
0.0010663645
0.0016662943
0.002593953
0.0039965846
0.0025886376
0.001603735
0.0033018633
0.0037022838
0.002280213
0.003545244
0.002278709
0.0029855154
0.0025780636
0.0019221734
0.0031929044
0.0029348782
0.0018337716
0.0034809557
0.002233069
0.0016035611
0.00140206
0.0024627454
0.0011992881
0.0015933464
0.0020802293
0.0009590393
0.0013220309
0.0014813464
0.0013554343
0.0016627585
0.0018285101
0.0024285864
0.0010451216
0.002115621
0.002330249
0.0017410563
0.0020916457
0.0033549236
0.0032898195
0.0029527242
0.0025776892
0.0035513665
0.0048647337
0.0040385723
0.0049255965
0.0061484454
0.0037497785
0.0042476347
0.0030297937
0.0033189722
0.004537654
0.003852784
0.0036180282
0.0026954766
0.0033571501
0.0036836083
0.0036058691
0.0049879067
0.0031650541
0.0035862206
0.0031991412
0.004233985
0.0032576
0.0031569703
0.0033255257
0.0034080085
0.0030792241
0.0020233504
0.002253078
0.0029337984
0.00307013
0.004248619
0.0030671402
0.004791322
0.0030166362
0.0033419523
0.0041265693
0.0031772573
0.0025105895
0.0021128792
0.003212355
0.0021640647
0.001960368
0.0018163954
0.0017943077
0.0021428831
0.0027359435
0.0014722737
0.0015744339
0.0026519313
0.0025748112
0.002094206
0.0034611642
0.0019177108
0.002633582
0.0027464854
0.0035456705
0.0026430583
0.0026838689
0.0014558628
0.0015893953
0.0031525318
0.0017072451
0.0034463624
0.00047058362
0.0024895228
0.001413066
0.0039621564
0.0015037485
0.0021389092
0.0014465691
0.0023752747
0.0024173053
0.0029063511
0.0020141758
0.0027646876
0.001019679
0.002117589
0.0016519788
0.0010504337
0.0015201147
0.0045039104
0.001835067
0.0023964208
0.0039527006
0.0023638003
0.0015533342
0.0029522984
0.0007472516
0.0005590428
0.0009791943
0.0011981026
0.00165214
0.002166316
0.0015909091
0.0013874978
0.0020287416
0.00077188126
0.0017235058
0.0015802647
0.0017244522
0.0009965714
0.0008221598
0.0019545648
0.0037935574
0.0027764083
0.0016299732
0.001281952
0.0022588153
0.0017692315
0.0014766917
0.0013597417
0.0014329948
0.003468772
0.0019404485
0.001836817
0.0015781225
0.0026656163
0.0010897578
0.0026335302
0.001565577
0.0021358195
0.00096972217
0.0024803095
0.0007980463
0.002561808
0.0012032933
0.0012910014
0.00068005564
0.00096504076
0.0019087007
0.0012340819
0.0010222752
0.00083444966
0.0012461562
0.00051785243
0.0009268605
0.0004931773
0.0023876787
0.002218619
0.0007978453
0.0008816003
0.0007850847
0.0017819577
0.0007960589
4.1462918e-05
0.0013376403
0.0012039015
0.0005520934
0.0012508907
0.00080501277
0.00097339775
0.00054277794
0.00075520104
0.0010461222
0.00082462974
0.001386573
0.00048323162
0.0007773029
0.0021649573
0.00084344274
0.0008619693
0.0008655394
0.001661173
0.0016518827
0.00070353237
0.0015875065
0.0020973168
0.0012200151
0.0012511159
0.0013060967
0.0016971584
0.0024392095
0.0019415913
0.0008545788
0.00035741692
0.0005468525
0.0011808659
0.0015045909
0.0013019766
0.0014354414
0.0018120857
0.00096525555
0.0015847747
0.0006326856
0.0014147195
0.0002041001
0.0009497126
0.0010999697
0.0004918181
0.00059597386
0.00093193224
0.001150326
0.0010076001
0.00065461535
0.00045092334
0.00062728237
0.00015177726
0.00076619384
1.0204516e-05
0.0010167749
0.0009797192
0.0006259337
0.0006600565
0.0026129342
0.0011957199
0.0013853813
0.0012710739
0.00054950966
0.0013642506
0.00167831
0.0017225376
0.0010620885
0.0013327077
0.0015547506
0.0012814987
0.0020001011
0.0008673674
0.0017421952
0.00060673425
0.00108261
0.0009233706
0.0008942856
0.00063964224
0.00141774
0.00092648144
0.00023627057
0.0008201545
0.0019614997
0.00026268678
0.0010887533
0.0018793372
0.0011255204
0.0015693259
0.0014497014
0.0023044155
0.0022834474
0.0020622166
0.0030753608
0.0011646403
0.0012336734
0.0007895712
0.0017887206
0.000536387
0.0013944332
0.003468194
0.0022911867
0.0019162267
0.00084025273
0.0004440659
0.0007569681
0.001177572
0.0024642097
0.0008697497
0.001793364
0.0018246674
0.0022235457
0.0003207714
0.0008344016
0.0008225235
0.0016302094
0.00053544884
0.0017879489
0.0011799366
0.00065198116
0.0014566978
0.0010607281
0.0014095965
0.00045149244
0.0028080067
0.00053936394
0.0003684503
0.00093836745
0.0004842594
0.0012878247
0.0016926575
0.0015432885
0.0009948955
0.0007306985
0.0011146388
0.0037011397
0.0013488304
0.0019450353
0.000816116
0.0007265188
0.00070151757
0.00089506817
0.0015016382
0.0010246033
0.0017876765
0.0005011378
0.0011393831
0.00083314104
0.00087336777
0.0012733893
0.0007915836
0.00080160657
0.0008288893
0.001154706
0.0004956944
0.00027933548
0.0015676663
0.0011233882
0.001413033
0.0012768314
0.0016919131
0.0015002901
0.0012972378
0.0006195356
0.0027230408
0.000920144
0.0016012412
0.0009713413
0.0032392042
0.0018696901
0.0029022435
0.0030541841
0.0018116448
0.0030276172
0.00067145063
0.0004963484
0.0008531695
0.0010283911
0.0006680982
0.001584628
0.0017130483
0.0012092578
0.0007112956
0.00032051856
0.00077711046
0.0014548204
0.001282906
0.0019707147
0.002028718
0.0013391398
0.0026871297
0.0005864094
0.0010161094
0.0015419916
0.0017822406
0.0017501505
0.0019817455
0.0012085913
0.0007347529
0.00075521856
0.00051969715
0.0015683863
0.0008084639
0.0014719334
0.0007326079
0.0013313625
0.0003017298
0.0006207438
0.00046694517
0.0016681119
0.0010644965
0.001830739
0.0006143556
0.0005619629
0.0007086823
0.0034329733
0.0005011002
0.0013511261
0.0009225763
0.001425324
0.00088146445
0.0016064021
0.0012505222
0.0007378704
0.000114216324
0.0023288962
0.00040297228
0.00036732625
0.001096673
0.00047682144
0.00026850175
0.0015359756
0.0007728541
0.0021584986
0.0031809355
0.000405549
0.0013340139
0.00095650274
0.0025440834
0.0028347773
0.00082284404
0.0018202758
0.0021038256
0.0009330502
0.0017071804
0.00073706446
0.0012882138
0.00215658
0.0015682933
0.0010719264
0.00048129156
0.00035405473
0.0006773775
0.0006545638
0.00072008616
0.0015076374
0.0011987167
0.0017438413
0.0011541168
0.0014858868
0.0027993964
0.001983159
0.0019530195
0.0012635068
0.0019733617
0.0032454296
0.0017840511
0.0011478023
0.0016316221
0.0013270876
0.0010440667
0.0013105811
0.0014467663
0.0010223477
0.00096742995
0.0010205805
0.0014017238
0.0004846229
0.0007833903
0.0014972439
0.00065658713
0.001279475
0.0017187959
0.0004761014
0.0005929753
0.0006672621
0.00052201154
0.00060868124
0.0008280816
0.00044057594
0.0011605948
0.0004625509
0.0019633193
0.0005819505
0.0011389009
0.00044294877
0.0012917506
0.0021145768
0.0035767292
0.0016624192
0.0011399143
0.0011070727
0.0007007037
0.0004825092
0.00062070845
0.0015954017
0.0006940249
0.00092028535
0.0009904327
0.0025007343
0.0017401391
0.0009787654
0.0019309332
0.0022273625
0.0018234123
0.0014474067
0.00097470917
0.0015769795
0.0009796765
0.0024498282
0.002599379
0.0010932074
0.0021082256
0.001553817
0.0012790556
0.0010909346
0.0019724693
0.001491771
0.0011616435
0.0015499393
0.0016677399
0.00089925784
0.0011555029
0.001167099
0.0006055324
0.0009489113
0.0006649514
0.001290963
0.0025995579
0.0005270088
0.0019296953
0.0018745223
0.0010317289
0.0006472622
0.0005575896
0.0010173761
0.0013733498
0.0015084915
0.0018713421
0.0026189857
0.0015852668
0.0011563887
0.0009023234
0.0015285726
0.0013678314
0.0021771681
0.00078280224
0.0016814783
0.0016726507
0.0009996592
0.0022655241
0.0027827888
0.0021064566
0.0014281026
0.004025935
0.0033939506
0.0017230599
0.0016534961
0.0012281318
0.0030658906
0.0015230348
0.0027265556
0.002108391
0.0023737182
0.0028056607
0.0010962853
0.0014004814
0.0008393449
0.0014978714
0.0019309253
0.0028815977
0.0024327065
0.0023166414
0.001969666
0.00067453686
0.00089896575
0.0028151448
0.0015320313
0.0019090681
0.0010049562
0.00035532826
0.0038233965
0.0025999406
0.0021772515
0.0013965943
0.0011314627
0.0010694703
0.0007351944
0.0026219082
0.0020054316
0.0013515438
0.0015752031
0.0013202879
0.0010151085
0.0015092808
0.0012465087
0.00294077
0.0010523456
0.0023174058
0.0020120223
0.0017150727
0.0016736039
0.0019153135
0.0018214898
0.000874378
0.0012139283
0.0012634686
0.0019494747
0.0012426743
0.002796039
0.0011179376
0.002362836
0.0021281948
0.00084171095
0.0016864556
0.0011025912
0.0018984939
0.0008589042
0.000617101
0.0015791765
0.0014127712
0.00095849496
0.00071064936
0.0016143159
0.0032002279
0.0012024145
0.0008238133
0.0018299671
0.0017821575
0.0005942221
0.00079974724
0.0008122475
0.0026814402
0.0012517172
0.0003941061
0.0009897306
0.0009958998
0.00090684544
0.00064335373
0.0006574892
0.001331926
0.0016683695
0.0004204266
0.0007919704
0.00064737955
0.00049445935
0.0015755129
0.00072265964
0.0021084745
0.0008082413
0.0013123604
0.0011641276
0.00068101374
0.0008637081
0.0017230744
0.0018991558
0.0011494631
0.0014861731
0.0009928809
0.0007804649
0.002185149
0.0016237815
0.0010008027
0.0012820946
0.0011831034
0.00078427047
0.0007450972
0.0014104379
0.0026998972
0.0007164567
0.001407066
0.0017329515
0.0017438132
0.0018116615
0.0013551825
0.003092527
0.0024367864
0.0020937743
0.0010017137
0.0025135474
0.00019685927
0.0009041574
0.0010867984
0.0014479132
0.002535952
0.0018823019
0.0017551187
0.0019466674
0.0027338916
0.0013626295
0.003807164
0.0020436905
0.0019531387
0.0028187886
0.0036944943
0.0036376605
0.004746685
0.0023112418
0.0029508707
0.0015048233
0.0025398135
0.00018841197
0.0018777733
0.0011921837
0.0026632866
0.0013948984
0.0014106103
0.0010979294
0.0022819096
0.00077240716
0.0020114772
0.0012778804
0.0021399707
0.0010226289
0.0013163483
0.0019210635
0.0027350558
0.0015008955
0.0006580117
0.00097094267
0.0016660969
0.0014790235
0.0015267229
0.0010635522
0.00088822003
0.0008785506
0.0008756975
0.0008576639
0.0030861339
0.0017462232
0.0011838425
0.001468883
0.0009943965
0.0007253425
0.0010710262
0.0008540405
0.0010729225
0.0010650743
0.0011301726
0.0018617508
0.0034393976
0.0013171106
0.00098555
0.0010214128
0.00072582293
0.0008656968
0.0017936225
0.003322683
0.0008738288
0.0013588851
0.0013263167
0.00057256274
0.001317426
0.001083364
0.00072157505
0.00047778426
0.0012230697
0.0013406323
0.000995551
0.0011770847
0.0011714445
0.0011093557
0.0013710317
0.0014997656
0.0012701505
0.00016459273
0.0012224321
0.0011838274
0.0026696234
0.0027412947
0.00028605075
0.0017798139
0.0010546956
0.0013175742
0.0015013671
0.0007368875
0.0011255302
0.00032706995
0.00097437133
0.0009659629
0.00048483862
0.0018767735
0.0010903121
0.0031411059
0.0017046387
0.0012350508
0.002093819
0.00038717315
0.0006712334
0.0013709384
0.0002745919
0.00044479675
0.00095655606
0.0013220974
0.0014361037
0.0013646265
0.000963198
0.0008393242
0.0009920931
0.00090740656
0.0010140291
0.0011564164
0.00074629084
0.0009680239
0.0012567311
0.0010647175
0.00064240827
0.002345085
0.0017357572
0.0012474054
0.0009043738
0.0015683259
0.0012265655
0.002359396
0.0014796291
0.0006180358
0.0016840614
0.0013841356
0.0005620604
0.0010305673
0.0019158968
0.0013965629
0.0017006315
0.0013178381
0.0009163823
0.00043186214
0.0004100069
0.0009206092
0.00090853556
0.0006714952
0.0005962988
0.0011320114
0.0006997289
0.0017896263
0.0024275605
0.0020927063
0.00073549105
0.0009420437
0.00090582285
0.00036520028
0.00025373808
0.0013265475
0.0007760786
0.0012495811
0.0009628405
0.0018303506
0.00013868941
0.0014992973
0.00050520326
0.0018673502
0.0013356883
0.0014225726
0.0015940459
0.0013183452
0.0011368784
0.0011872406
0.0013027224
0.0007933331
0.0025567473
0.0009240204
0.0015107697
0.0010182514
0.0016434743
0.0018523666
0.0011404408
0.0017176791
0.00093836314
0.0016100863
0.0015711193
0.0019570468
0.002009869
0.0016817009
0.00062915863
0.0006217645
0.0012089867
0.0010189101
0.0006766675
0.0011038481
0.0016711764
0.0017367929
0.001689377
0.00034885877
0.0016577202
0.001218539
0.001096064
0.0015344314
0.0010432497
0.0006587717
0.0016891237
0.0013388437
0.00024245525
0.0013094965
0.0020392789
0.0007100683
0.0014868857
0.0014668575
0.0021390633
0.0020332718
0.0010946929
0.0021405842
0.0017554944
0.0015366691
0.0006386029
0.00079923804
0.002261818
0.0009815494
0.000551883
0.0033081104
0.0010857501
0.0009562819
0.0014931039
0.002210463
0.0010320153
0.0010375346
0.0039679054
0.0010961286
0.0016462345
0.0013893036
0.0027096015
0.0011284401
0.001794349
0.0009683443
0.0019521753
0.0019263471
0.0015299474
0.00019398326
0.0005153303
0.0008371298
0.0010324912
0.0011072727
0.0013843544
0.002155227
0.0018867473
0.0014810779
0.0013226583
0.0024300988
0.0017058108
0.0016052554
0.0029430864
0.0008141524
0.0008711027
0.0038435094
0.0023699699
0.001706763
0.0029515254
0.0020002525
0.0011259485
0.0015724191
0.0016766209
0.0020314858
0.0025209344
0.0016565929
0.0020610436
0.0017747177
0.002348677
0.002343557
0.0022199627
0.002373803
0.0027816507
0.002190963
0.0032982437
0.0020823125
0.002738724
0.001665929
0.00077855214
0.0013579687
0.0013919418
0.001501169
0.0016535551
0.0024125304
0.004855523
0.0017861034
0.003236464
0.0023055535
0.0013127398
0.00265333
0.0021238138
0.0024231886
0.0043270737
0.003109671
0.0026493378
0.0014215139
0.0024743401
0.0014634193
0.0012342371
0.0019406157
0.0010106922
0.0025672205
0.0018455558
0.003155508
0.002468662
0.0011615566
0.0009781735
0.00088784343
0.0024177476
0.0027075899
0.002936725
0.0009314639
0.0018630074
0.0025631036
0.0034660096
0.0029985905
0.0016831652
0.003345267
0.0034651223
0.0019222368
0.00094450195
0.0010730729
0.0027519807
0.0037279062
0.003221585
0.0024537651
0.0015623907
0.0019427624
0.0030708602
0.003725552
0.0031793474
0.0031835265
0.0025367653
0.0031371627
0.0032373217
0.0036615573
0.002452681
0.0033403
0.005604663
0.003387429
0.0042133788
0.0040828204
0.0057330364
0.009447509
0.0049733566
0.0036581932
0.0026923239
0.0017704947
0.003503947
0.006120448
0.0026318114
0.0026272354
0.0019009945
0.0026800935
0.0017505116
0.0018127842
0.0020845027
0.0038036748
0.0025711833
0.00081763696
0.0014425059
0.00085356634
0.0014293776
0.0021242662
0.00089241157
0.0031207034
0.003743706
0.0017572339
0.002631019
0.0023651915
0.0016218966
0.0019197362
0.0027062895
0.0019035663
0.0037580125
0.004983519
0.0042173844
0.0041725077
0.0040962268
0.0039278204
0.0049466686
0.004733243
0.009371149
0.005357513
0.0041961325
0.0047189323
0.0040672515
0.00189777
0.003966285
0.0035327997
0.002547228
0.0022325176
0.0025418168
0.0028033569
0.0039462894
0.004523199
0.0039603207
0.0035549856
0.00539972
0.0038755357
0.0046443054
0.0047565848
0.005470096
0.003380034
0.0035880762
0.0039294325
0.0047645755
0.00310932
0.0037381174
0.0015012381
0.0011894889
0.0010063882
0.0019713766
0.0016771348
0.0011307212
0.0014814889
0.0019697144
0.0013543327
0.0023573518
0.0006161342
0.001664602
0.0032686573
0.0020139555
0.0023965666
0.0024956518
0.0020296425
0.002850655
0.003711784
0.00341959
0.0022831468
0.0019476439
0.0018054405
0.0022959393
0.0022384427
0.0038393626
0.0024264213
0.0016420773
0.0011415129
0.0020330534
0.002489345
0.00116058
0.0025927494
0.0015916717
0.0015256515
0.0012166451
0.00073018443
0.0005595529
0.00087495067
0.0009334069
0.0027369803
0.0012758627
0.00053820474
0.00075485965
0.0006946957
0.0012915666
0.0008540518
0.0024485423
0.002245259
0.0019047246
0.0016495998
0.0026105053
0.001964972
0.0019219099
0.0021010456
0.002452483
0.0020011913
0.0019899243
0.002680559
0.001507333
0.0020924064
0.0026326969
0.0017356997
0.0017577674
0.0015746411
0.0031896513
0.0013621207
0.0022000049
0.0010321299
0.00079247
0.0017713867
0.0023259528
0.0024800193
0.0010286235
0.00057038304
0.0023548028
0.0020579754
0.0015241194
0.0031756468
0.0026173247
0.0027472603
0.0025070033
0.0030758444
0.0016754274
0.00233007
0.0020743762
0.0019193126
0.001436768
0.0012352146
0.0008480201
0.00346905
0.00044298905
0.0004587415
0.0014345597
0.00084898504
0.00023374843
0.00078975
0.00063293293
0.0007049938
0.00054402935
0.00056354067
0.0010930713
0.0027092074
0.0002567996
0.00023227092
0.0008427927
0.0007642818
0.0001407011
0.00041383365
0.00038927444
0.00076524453
0.0005522692
0.002155751
0.0013409118
0.00050753873
0.0007403328
0.0007911895
0.0011886137
0.0008273892
0.0010000264
0.0004143162
0.0012673411
0.0012858885
0.001618736
0.0011729122
0.0007294709
0.0011790019
0.0014134125
0.0008339351
0.00078068126
0.0011634929
0.00064811786
0.00077050773
0.0017635468
0.0017902876
0.0012088461
0.0023791378
0.0015507306
0.0007487601
0.0014051839
0.0020992837
0.0027666641
0.0037479715
0.003154389
0.0016830812
0.0010610691
0.0011892692
0.0012974411
0.0015160851
0.0019285693
0.0018071258
0.0042863777
0.0024853367
0.0027899847
0.0037176956
0.0044320114
0.00400089
0.0041039092
0.0047809267
0.004035183
0.0049185175
0.0038463145
0.0030390988
0.004745365
0.0027049142
0.0011815067
0.001385518
0.0014959442
0.0023522305
0.0015574938
0.0020560976
0.0036189563
0.0010880906
0.0023000673
0.0013829594
0.0029152138
0.0012389392
0.0012666944
0.0018565352
0.0011747761
0.0031837411
0.0024962523
0.002205541
0.0008985192
0.001023502
0.0020970376
0.0026839147
0.0012978256
0.0013816378
0.00072094315
0.00095659925
0.00084953406
0.001892372
0.0017620806
0.00052890234
0.0014444997
0.0015431176
0.0023735745
0.0016197074
0.00055667077
0.00078169134
0.00063639466
0.001056878
0.0019636583
0.0007413117
0.00079954
0.0008658116
0.0027275907
0.00094935554
0.0010837592
0.0011052921
0.0014301429
0.0020373638
0.0019103016
0.0012474775
0.002746218
0.0020286895
0.0030241143
0.00499449
0.002880597
0.0026636107
0.0018494814
0.0022549613
0.0024820005
0.0031172244
0.0014649349
0.0050566075
0.00090167753
0.0019484055
0.0020642213
0.0025210152
0.0032937694
0.0022683043
0.00076573866
0.0024361452
0.0013476938
0.002561935
0.0026594135
0.0024841006
0.0018346035
0.0015879399
0.00034673832
0.0015585214
0.0013287297
0.0007845745
0.00042327488
0.0017108312
0.0014743056
0.0026606652
0.0020906213
0.0017776638
0.0010333946
0.0021709683
0.0011778742
0.0024553584
0.0012030611
0.0018457761
0.0023645563
0.0042721014
0.002995145
0.0010905109
0.0013988635
0.002795068
0.0042766286
0.0021033678
0.0064265626
0.0013766489
0.0019047286
0.0015426483
0.0018149135
0.0013975967
0.0029741789
0.0024405466
0.0017023422
0.0008904651
0.0027827306
0.0007503768
0.0020979762
0.0019106418
0.0018762955
0.00039160898
0.0016214856
0.0016099801
0.0037685859
0.0025101088
0.0038542144
0.0019328916
0.062782995
0.05734291
0.06411342
0.055639382
0.069665104
0.0010756659
0.0031176626
0.0014115069
0.0016756213
0.0012407902
0.0015306694
0.00072906574
0.0005035682
0.0007032726
0.0007196873
0.0023603165
0.0019122546
0.00069275644
0.0008750168
0.00072179927
0.0011285598
0.00048624963
0.0016604403
0.000119212025
0.00074227573
0.0014734312
0.0018320621
0.0018198476
0.000598908
0.0016977373
0.0007019834
0.0006953343
0.00049313705
0.0008314303
0.0019507201
0.000889714
0.00083301973
0.0019606191
0.001225171
0.0017370881
0.0012631789
0.00091223407
0.0009776314
0.0017415177
0.0020875041
0.0022943858
0.0008589274
0.002684108
0.0017924046
0.00491104
0.001095353
0.0009154901
0.003073955
0.0011588053
0.0022130257
0.004076101
0.004769679
0.006327943
0.0017432637
0.0018602586
0.0015235279
0.00055492297
0.0035636062
0.0024222613
0.003610099
0.004454972
0.00551924
0.0052473536
0.0019877898
0.0026831036
0.004514045
0.0020304332
0.0019358585
0.0040692342
0.003140069
0.005593189
0.005586773
0.0028418626
0.0041464865
0.0036323094
0.0064674458
0.004746993
0.0047764536
0.005611549
0.0060980823
0.0019520358
0.004543065
0.0034533923
0.0037560235
0.0011955329
0.0022200395
0.0027211495
0.0022126562
0.0028967846
0.007643041
0.00382029
0.0032224413
0.0031769152
0.0032665483
0.002368961
0.00233498
0.0025943809
0.0063218866
0.004230894
0.008997733
0.0050792666
0.002076937
0.0020565784
0.0029380298
0.002038458
0.0007924672
0.0012582989
0.0015874708
0.00078692444
0.0013263497
0.0020451064
0.0027955493
0.0032668156
0.0038112744
0.003268397
0.0021139386
0.0022095523
0.0035063305
0.0018447938
0.0034176076
0.0016281031
0.0026784912
0.004598587
0.002634092
0.003822102
0.005137828
0.003344605
0.0017186432
0.005483305
0.0026083947
0.0015047003
0.0024010467
0.0026195012
0.001379671
0.0018086806
0.002146774
0.0012767509
0.0016027002
0.00086681556
0.0017499829
0.0010691476
0.0014861914
0.0017966663
0.0030407987
0.0032530446
0.0017982959
0.0016031894
0.0014225816
0.0020484056
0.0014022769
0.002083256
0.0022603085
0.0014347736
0.0025640943
0.0021988517
0.0022889646
0.0024175558
0.0023072667
0.0029219121
0.0012766283
0.0020709252
0.0019823257
0.0023433683
0.0022883222
0.0023286748
0.002931188
0.0052010166
0.0033326023
0.0035388889
0.0025889096
0.0030984138
0.003540958
0.0027821283
0.003241003
0.0035487004
0.0032557661
0.00466548
0.004765653
0.0029735742
0.0045686318
0.002753463
0.0041054077
0.0042204726
0.0035101727
0.005307952
0.0052190544
0.0035913966
0.004425455
0.0036797165
0.0064403787
0.004253356
0.0053740386
0.0049615055
0.006434841
0.0034710339
0.0041625565
0.002353452
0.0024408223
0.0021098624
0.003599647
0.0042787436
0.0041348757
0.002919282
0.0060858903
0.0035706458
0.0035909228
0.0012748375
0.0021559836
0.0036340707
0.0068315864
0.0038262105
0.0043974295
0.0031385573
0.005166717
0.004032593
0.0028627855
0.0024072286
0.0014101929
0.001527387
0.0025446091
0.002986922
0.0013187319
0.0018424932
0.0019903746
0.0040546292
0.0017003666
0.0012534617
0.0021514506
0.0020696311
0.0020954355
0.0018014272
0.0013616502
0.0021138294
0.0012897623
0.0011867329
0.0010315697
0.0013423398
0.0013471916
0.0029611096
0.0016048672
0.0016191149
0.0014232808
0.0011474288
0.0029393078
0.0015676004
0.0016058828
0.0007937423
0.0025455924
0.0010034713
0.0014040811
0.0018615639
0.000990276
0.0035501807
0.0032339147
0.0025584297
0.0031858038
0.003366801
0.001833115
0.002820079
0.0023437112
0.0011474099
0.0025009522
0.0029695248
0.00217526
0.0013971227
0.0019063151
0.0017408868
0.0026361577
0.0007875239
0.00071941846
0.0018117938
0.0027143632
0.0014721694
0.0023539825
0.0007031472
0.00065031636
0.0010491036
0.0012191056
0.0015423216
0.0022155184
0.002502821
0.0026127791
0.0017808354
0.00090284995
0.0013789199
0.0026001004
0.0013477548
0.0021720163
0.0017607145
0.0017077074
0.0017953796
0.0019946296
0.0027002995
0.0022622275
0.0018479286
0.0010977711
0.0009422159
0.00090418884
0.001241411
0.0013279578
0.00126541
0.0017958649
0.0030735666
0.002234865
0.002346322
0.0024276027
0.0024980975
0.0028942656
0.002052462
0.003663677
0.0021755719
0.001098301
0.0017538335
0.0024565405
0.002289327
0.0010870347
0.0018065025
0.001676154
0.0047378475
0.002861404
0.0015387563
0.0021630253
0.002130542
0.002321241
0.0029608947
0.0028559174
0.0009836281
0.0019752681
0.0017355399
0.0021711185
0.0044352794
0.0013579031
0.0020046702
0.004194081
0.0035613733
0.0018623169
0.003681805
0.0017152746
0.00069090165
0.00094907696
0.0023883898
0.0025097716
0.003268983
0.0017440167
0.0020488356
0.0016108729
0.00085314864
0.0016632777
0.0016819191
0.00091259496
0.0010757307
0.0019235294
0.0020670195
0.0027706448
0.003428328
0.0028310171
0.002753729
0.0011481232
0.0033481643
0.001931096
0.00096004305
0.0010758255
0.0018114739
0.001689495
0.0031716744
0.003757533
0.0023011046
0.0020253258
0.0019001586
0.0030407228
0.002188588
0.0013040901
0.0026052527
0.0019718613
0.0010200766
0.0014042583
0.0019124518
0.0022700394
0.0021397844
0.0014764756
0.0025860413
0.0037525182
0.0033948875
0.0040935623
0.0047557624
0.0048920373
0.005039514
0.0027201278
0.00207995
0.002248043
0.002969846
0.005880705
0.005471713
0.0038110462
0.0032428035
0.0027543462
0.0021507102
0.002905588
0.002262873
0.0010493953
0.00077201973
0.0011108142
0.000807997
0.00047144602
0.0024489223
0.0015786303
0.0007692385
0.0014776993
0.0018257787
0.00052289397
0.0011282446
0.0023160824
0.002070476
0.001501889
0.002517421
0.001406155
0.0012355454
0.0013529434
0.0014158423
0.0016888835
0.0022064606
0.002007829
0.00216716
0.0014331245
0.0019777783
0.0011125546
0.00047343568
0.0024097592
0.0018133647
0.0011135722
0.0013780062
0.0013308161
0.0023244082
0.0020002201
0.0011516268
0.0027694525
0.00074813893
0.001947321
0.0012488046
0.0010476393
0.0014387794
0.0012663947
0.0020866669
0.0008090239
0.0013720151
0.0004890566
0.0010363936
0.0014200441
0.0015475082
0.002488495
0.00083240855
0.00063116214
0.0013082817
0.0005195253
0.00067201094
0.0008072499
0.0014047875
0.0016225454
0.0033402853
0.0026377724
0.0020592203
0.0020115816
0.0011684061
0.0036950877
0.001005448
0.002993387
0.001674683
0.00087554264
0.0022811699
0.00082234194
0.0018015606
0.0009530132
0.0001597958
0.0005014588
0.0011642873
0.0011701898
0.0011040964
0.002031517
0.00043277582
0.0007453629
0.00031029014
0.00054922834
0.00062794716
0.0007802684
0.0010850622
0.0013058176
0.0007085178
0.0011248587
0.0025229598
0.0023597963
0.0027962301
0.001109587
0.003784558
0.0021228783
0.0006302098
0.002399436
0.00071701145
0.0015159744
0.001183285
0.0017310955
0.0014231951
0.0017277107
0.0010071476
0.0017922908
0.001989678
0.0014050676
0.0007076918
0.0027368935
0.003331304
0.0011157631
0.004063584
0.004150857
0.0025820844
0.001290112
0.0038423745
0.002310409
0.0032311357
0.0023963475
0.00064176746
0.0021218965
0.0047181575
0.0031658025
0.002321908
0.0014830455
0.000790677
0.0024596024
0.0013773515
0.0024596562
0.0009963722
0.0009768292
0.0012015504
0.003152773
0.0037406404
0.0021302542
0.0013694728
0.001972492
0.0023340445
0.0005682302
0.0009381429
0.00046350656
0.0026131007
0.00039815024
0.0011311714
0.00080959854
0.00090611435
0.0015777003
0.0023058737
0.0011850124
0.0027161727
0.0014364718
0.0014632023
0.0028699064
0.00394265
0.0022961348
0.0010661071
0.0009900559
0.002509334
0.00089942256
0.003276821
0.0017002416
0.002203976
0.00086218293
0.0010064208
0.0005349855
0.0037582896
0.000671521
0.00082277844
0.004034495
0.0010951826
0.0013505676
0.0009005746
0.002222221
0.000340752
0.0009221443
0.0015916037
0.0012986737
0.003268229
0.0005883053
0.0028124477
0.0020010073
0.003245472
0.0007210983
0.00022471839
0.0019072786
0.000918744
0.0013178955
0.00043300493
0.0012638136
0.0011125774
0.0005544161
0.0009993087
0.0009057758
0.0012151567
0.0006112175
0.00064432825
0.0010471455
0.0017985359
0.001348657
0.00050256104
0.0004364134
0.0017557151
0.00047650386
0.001477977
0.0007566238
0.00056744483
0.0017391099
0.0008069287
0.0018661884
0.00101198
0.0006729673
0.0018837077
0.0014415839
0.0006623759
0.0020531437
0.0013950462
0.00097459357
0.000837098
0.00090799166
0.0006638435
0.0014663213
0.0020233507
0.0014247235
0.0008268255
0.0005297078
0.00044355355
0.0016485001
0.001761543
0.0010927148
0.00052457023
0.000858132
0.0011039199
0.00087468757
0.0008693504
0.0017490275
0.0005845437
0.0005094924
0.0016189114
0.00093527907
0.0014150453
0.00063987554
0.0008012165
0.002107229
0.0012707113
0.00081503566
0.00079833914
0.00039156934
0.0002890224
0.0006378172
0.001429682
0.00093292666
0.00073566835
0.00044358172
0.00024068632
0.00055399316
0.0011078458
0.00057138817
0.0011096093
0.001394063
0.00035799464
0.0006108905
0.0011805583
0.0011949117
0.0014960612
0.0014054955
0.0013209201
0.0017415015
0.0006838743
0.001691019
0.0009791183
0.0011879796
0.0010116653
0.000815811
0.00064890244
0.0009284904
0.0008085696
0.0015891592
0.0029544034
0.0013066268
0.00078118226
0.0015674753
0.0020506678
0.00077905244
0.0012631085
0.0011897408
0.0018891925
0.002000327
0.00023916212
0.0023531443
0.001684693
0.00063853926
0.0005133645
0.0
0.0013396824
0.00062996906
0.00047077588
0.0007823151
0.0013792464
0.00081654877
0.00093275134
0.0003635842
0.0014746842
0.0008973916
0.0011593793
0.0018356394
0.0019478668
0.0031963072
0.0014006697
0.0002952062
0.00016881476
0.00031439067
0.0009627213
0.00057925953
0.0016455781
0.0010509794
0.002266099
0.0012179777
0.0003047073
0.0021679518
0.0018826863
0.0011061237
0.0025658007
0.0015127596
0.002052715
0.0023277057
0.001498007
0.0012623618
0.0013520449
0.0016512298
0.0025875152
0.0012576757
0.0006483667
0.0016464036
0.0005349365
0.00037511386
0.00067007286
0.001174712
0.0009097232
0.002765249
0.0017432041
0.00073540653
0.0009385997
0.00068259164
0.001482531
0.0029492388
0.00077333633
0.0003012923
0.00047750137
0.0016674851
0.0009731655
0.00063685357
0.0030180884
0.0009835607
0.001013201
0.0015456278
0.0016295006
0.00059194304
0.0010264881
0.0026703277
0.0022372338
0.002291949
0.0015623969
0.0010700877
0.0011788137
0.0010220793
0.0006766805
0.0012701551
0.002271416
0.00091643294
0.0008278553
0.0021042714
0.001532475
0.0025776078
0.0013100882
0.0012284773
0.0010425812
0.0033242924
0.0026537452
0.0007976295
0.0013149616
0.0005761856
0.0013191559
0.00073391496
0.001918396
0.00296088
0.0016085127
0.0018384657
0.0014460273
0.0011558982
0.0005359049
0.0018059213
0.0009465198
0.0013469465
0.0031972206
0.0011804942
0.0012127197
0.0015395704
0.0010247126
0.001075653
0.0011418307
0.0017234932
0.0008161728
0.0010811511
0.0010553249
0.0016912554
0.0011148729
0.0017652296
0.0014142896
0.0007605894
0.00058671355
0.00048473792
0.001721837
0.0013395987
0.0004823142
0.0011570096
0.001495652
0.0018500956
0.0012685987
0.0019203345
0.0013052155
0.0017249758
0.0022728893
0.0014728728
0.0004015398
0.0014623682
0.0013116007
0.00026421706
0.00038113742
0.0021033783
0.0019133515
0.002481801
0.0016817831
0.0011716421
0.0018321476
0.0014503276
0.0007038491
0.0013003162
0.0028556397
0.0010980504
0.0016632676
0.0015764558
0.00086624967
0.00041722687
0.0017315426
0.000884996
0.0010276902
0.0006806613
0.0022701346
0.0010627793
0.0017496081
0.0010468962
0.0018620631
0.0005481549
0.00091451267
0.002709823
0.001279299
0.0005686458
0.00092032284
0.0032593366
0.0016587671
0.0033148786
0.0037529904
0.0008690414
0.002042026
0.0014892358
0.0018952135
0.0028792773
0.0027602138
0.0024660404
0.0022267774
0.0012770481
0.0022983586
0.0033510004
0.0029395395
0.0018577594
0.0021695825
0.0019589246
0.001415682
0.0013742725
0.0018270866
0.0010773172
0.001097164
0.0012018785
0.00094413245
0.0026828235
0.0015359247
0.0030321523
0.001395291
0.001700621
0.0023992811
0.0016011273
0.0012255351
0.0015975361
0.0020462365
0.0011813972
0.0018375276
0.0019365894
0.0014909018
0.0015173664
0.0021640172
0.0020103971
0.0020371673
0.0015970053
0.00081205054
0.001211117
0.0017334331
0.0016797738
0.0007692884
0.001209019
0.0002242866
0.0017121722
0.0011842333
0.0013551055
0.001782149
0.0016678186
0.0020360688
0.0017027425
0.0013616586
0.0021869636
0.0020079387
0.0014866298
0.0014432914
0.0014989962
0.0025595105
0.0027326457
0.0028784948
0.0046269977
0.0028012504
0.0029338666
0.0015814903
0.0021189
0.0020931633
0.0025928637
0.0018270693
0.002810609
0.0026509888
0.0008912672
0.0016613129
0.002669472
0.0025597273
0.002418992
0.0025020703
0.003938514
0.0021506078
0.0019459983
0.002004395
0.0016187608
0.003985011
0.0025003345
0.0042462703
0.001924953
0.001919044
0.002306921
0.0054184133
0.0027125848
0.0024714987
0.0021673515
0.0018743647
0.0019588158
0.0028424836
0.0026389172
0.0020827996
0.0012848376
0.0010544605
0.0013864377
0.0017398766
0.001490661
0.0011595218
0.0011868379
0.0016565846
0.0014385418
0.00037928985
0.0003566651
0.0004288773
0.0006599602
0.00163305
0.0016907927
0.0010572248
0.0011474908
0.00065255497
0.0017060811
0.0015653197
0.0013277002
0.0022383607
0.0008549737
0.0010472338
0.002550942
0.0019222342
0.001010442
0.0017352779
0.0009917977
0.00091080635
0.0010150806
0.0025079949
0.0010234102
0.00087491923
0.0008035244
0.0011744443
0.00053402723
0.0007775981
0.00019404115
0.00046729803
0.00020221272
0.0004927052
0.0012496931
0.0012810836
0.00040176755
0.0011061976
0.0009588328
0.0007768966
0.0008544432
0.00013871238
0.0013608573
0.0023087512
0.00030291104
0.0028286867
0.0017160437
0.00068080664
0.00034694775
0.0006366742
0.0021236409
0.0023286263
0.0014910967
0.0024143395
0.001243643
0.0024184857
0.0021071173
0.0012230972
0.0007698022
0.0005533016
0.00093545206
0.00089229306
0.0010705881
0.0027379715
0.0015365334
0.002930217
0.0016480329
0.0009325866
0.0008530405
0.0025852965
0.00040915713
0.0015230393
0.00066930853
0.0004469715
0.0009193375
0.0020603498
0.00076158094
0.0015362167
0.003006863
0.0026370937
0.00085662655
0.0019211974
0.0015154524
0.0013073345
0.0013009458
0.0013451701
0.002721344
0.000846936
0.0008639328
0.0003844177
0.0005357359
0.0009856881
0.0006215904
0.0009471936
0.0025659197
0.0029748327
0.0029479398
0.00247671
0.0027514007
0.0029005678
0.0035314732
0.0012318665
0.0015541685
0.0016567458
0.00087232504
0.000686478
0.002032757
0.0010751524
0.0008041667
0.0006819079
0.000596438
0.00078498933
0.0015356702
0.00082392036
0.0007090801
0.001633482
0.0012604459
0.0011556952
0.001444541
0.0010570867
0.0011453319
0.0008471194
0.0010105245
0.0005471181
0.0013161523
0.0016348383
0.00045860413
0.0012114056
0.001346656
0.00072575035
0.0011783795
0.0008207029
0.000487444
0.00074609177
0.0013945197
0.0006012177
0.00068930426
0.001028583
0.0010719105
0.0008166149
0.0025246667
0.0013007184
0.001647303
0.0013002957
0.001353749
0.0015881667
0.0020040153
0.0022330172
0.0006203134
0.0013801336
0.0026768995
0.00071493303
0.0021878423
0.000953867
0.002024212
0.001964938
0.0014623791
0.00031882364
0.0017562794
0.0009919021
0.002252916
