0.088151135
0.13967678
0.23076287
0.11679925
0.2401847
0.15769216
0.067318
0.30942452
0.14051928
0.051793855
0.1616128
0.18531346
0.09323674
0.17697634
0.23220871
0.10207338
0.25024658
0.23027931
0.28180563
0.17797783
0.15713553
0.116469
0.12720913
0.12080596
0.14205697
0.11164571
0.21206713
0.22971329
0.20765162
0.18140188
0.13979301
0.25104815
0.12760144
0.27910775
0.17519419
0.23477621
0.2435588
0.15136567
0.18158813
0.18815643
0.17530431
0.15510873
0.20583606
0.12025617
0.2754884
0.22540359
0.18522424
0.08580452
0.2110373
0.1283893
0.33536002
0.19539738
0.121689446
0.16915233
0.25836664
0.34450468
0.40104023
0.13823493
0.30034631
0.07618068
0.24216063
0.25691223
0.19094335
0.28260133
0.13100748
0.12052353
0.103068754
0.2174666
0.21982335
0.070992365
0.15909952
0.12446942
0.16200987
0.24152637
0.266509
0.21754079
0.37447855
0.03221768
0.21743171
0.15265808
0.16352403
0.12081587
0.2959907
0.18208572
0.006458864
0.26577917
0.13143475
0.26320234
0.1370505
0.18282138
0.0735935
0.17645305
0.0496443
0.10625206
0.1836325
0.055641897
0.28768894
0.15893754
0.1973315
0.12148547
0.06931981
0.21356806
0.06635511
0.24881986
0.18308148
0.16910508
0.0944805
0.11300664
0.17164049
0.3243399
0.083856486
0.11078018
0.124365516
0.122131296
0.17043334
0.018817913
0.17533918
0.19283639
0.28727356
0.07281485
0.044240344
0.03526872
0.34686956
0.10274538
0.03678988
0.26779535
0.17489417
0.12485432
0.31517893
0.09435227
0.2366755
0.26683283
0.16921437
0.15882738
0.21573608
0.078056335
0.16011013
0.114676125
0.14515111
0.18468016
0.19207533
0.12002785
0.1290688
0.09972644
0.22775333
0.25650895
0.06471167
0.20453377
0.22052096
0.059861593
0.132517
0.24735877
0.12397554
0.24069111
0.22450991
0.2777551
0.09803979
0.094120726
0.105478436
0.110202245
0.25812238
0.23403303
0.1156522
0.14676732
0.10311015
0.23367691
0.13331218
0.23897016
0.1798551
0.1709214
0.329326
0.29205543
0.28586587
0.13948235
0.17499909
0.27196363
0.46891916
0.140531
0.16855775
0.16376874
0.20569383
0.14704351
0.35480663
0.1183854
0.20337865
0.101580426
0.20942916
0.16057812
0.19091912
0.119140856
0.15126471
0.1304489
0.1587939
0.19104163
0.135425
0.27327552
0.18338796
0.2161395
0.19675286
0.24513555
0.20832999
0.24876523
0.07161418
0.14770757
0.33565283
0.19188833
0.15927248
0.22710222
0.18842198
0.22141217
0.2337849
0.30450472
0.17522657
0.18199913
0.14462215
0.15944469
0.17989108
0.084197395
0.1326892
0.20373188
0.119807824
0.12597692
0.18902263
0.2170596
0.18422292
0.35136533
0.13269587
0.16458264
0.29365322
0.27044827
0.22103876
0.046382494
0.103386216
0.13745478
0.20629129
0.19646676
0.048021775
0.17627646
0.050781623
0.29917255
0.0922313
0.21478155
0.18309939
0.022620471
0.1986453
0.27787513
0.16388345
0.031920534
0.11769833
0.15428373
0.114018746
0.15345596
0.21118154
0.033259302
0.026230594
0.16739641
0.08061352
0.14672425
0.1571691
0.31457636
0.10820827
0.14494866
0.24762835
0.23279421
0.051410936
0.047489714
0.15722784
0.16218825
0.1348942
0.02090618
0.14118327
0.17576373
0.11541683
0.16453914
0.11701516
0.058580056
0.10087861
0.15301242
0.1207428
0.20755681
0.39241552
0.30100042
0.18618903
0.11579213
0.12803763
0.17781685
0.24223961
0.13062975
0.11627439
0.20335054
0.17140278
0.09529876
0.10393625
0.16444367
0.10089902
0.10751272
0.22222242
0.12642911
0.15652269
0.10207974
0.12575299
0.06787404
0.1586952
0.15145177
0.2057421
0.12524596
0.039167285
0.10445186
0.28763884
0.2769059
0.16454583
0.148683
0.13928519
0.23518458
0.12323636
0.35185474
0.035038877
0.21945699
0.20582397
0.106168345
0.12931931
0.09179273
0.10885875
0.24572583
0.06608712
0.21812983
0.25916085
0.208265
0.091287225
0.29221588
0.15410806
0.11815246
0.17309262
0.18986869
0.1133218
0.14036012
0.2875831
0.12123759
0.15524748
0.41696826
0.3582039
0.10125402
0.19998775
0.19925483
0.20517631
0.1168361
0.16087171
0.21477515
0.1343199
0.15419048
0.23655207
0.25528383
0.18681791
0.07104878
0.24200088
0.11769129
0.09997949
0.26912394
0.32083097
0.19152364
0.35268685
0.42824963
0.16877337
0.2916018
0.16817996
0.025253424
0.20367771
0.07338504
0.13253336
0.06045991
0.17408362
0.30222005
0.28923756
0.17569423
0.29659146
0.118373014
0.29481405
0.06444987
0.19174685
0.046162054
0.087480836
0.16876115
0.10724395
0.12720723
0.2543965
0.23545547
0.09546619
0.097000174
0.17030254
0.11329564
0.32070848
0.060798664
0.16309509
0.15642144
0.115510695
0.0957783
0.14473203
0.12268554
0.16563205
0.2348363
0.19664294
0.05832602
0.06670518
0.08527508
0.16543905
0.11287259
0.2868929
0.13499972
0.16567531
0.1180731
0.16648355
0.22060254
0.12800911
0.06417369
0.27958485
0.20529474
0.09606102
0.23958968
0.117412135
0.13247925
0.2240077
0.18672003
0.36229858
0.099332824
0.18092561
0.08393051
0.22361757
0.33929536
0.17384167
0.12530628
0.28109765
0.3447542
0.19389807
0.18308039
0.27512982
0.24120067
0.13666505
0.27399445
0.18830457
0.10322258
0.33837968
0.17268167
0.21998446
0.15541114
0.24318823
0.18360908
0.2909538
0.23778401
0.19889231
0.19704792
0.30437893
0.10962973
0.33834058
0.16641174
0.15051517
0.18314384
0.19452561
0.16643883
0.14703572
0.19718227
0.11241755
0.19881062
0.12181472
0.16355409
0.3082274
0.1573488
0.08956456
0.23004067
0.1815644
0.20372677
0.30999127
0.15949926
0.2773684
0.21728219
0.16362204
0.265041
0.30688846
0.3285932
0.19800423
0.11608228
0.2805479
0.21119702
0.18084502
0.24521826
0.16601865
0.14423855
0.3967672
0.14351669
0.17968307
0.27889603
0.17539433
0.1630487
0.36182883
0.18392335
0.19720013
0.17709446
0.1983057
0.23647858
0.20133744
0.32626915
0.3709634
0.16292138
0.093356036
0.099245824
0.17586519
0.12566574
0.11248046
0.2785409
0.25015444
0.198338
0.2924957
0.21200049
0.19996953
0.17017235
0.14384726
0.2770343
0.12754302
0.115088604
0.10589103
0.45768404
0.19536807
0.207174
0.13200384
0.1089761
0.20920017
0.15430796
0.20024626
0.23464137
0.24765676
0.23092972
0.29172808
0.24295102
0.11022819
0.16805275
0.30914953
0.3067727
0.2504684
0.20306532
0.23951189
0.10974817
0.20788234
0.23696953
0.23660682
0.24199912
0.0
0.26407462
0.081836395
0.0823976
0.030913463
0.23019215
0.062106304
0.08996313
0.13789241
0.16513158
0.22274897
0.13790406
0.10512936
0.18092932
0.2777414
0.14936891
0.16198699
0.2544077
0.24456719
0.08076518
0.17053182
0.2386978
0.2486041
0.13495329
0.22811845
0.19838019
0.2206093
0.2633213
0.10339528
0.23881881
0.22860542
0.09887163
0.14456074
0.10717495
0.16849568
0.2514299
0.16258545
0.16927908
0.1507684
0.3053446
0.5388513
0.30667433
0.23901579
0.16026121
0.13909145
0.1922924
0.12781273
0.1329855
0.24843039
0.20020857
0.17734323
0.13184552
0.16596335
0.17999288
0.20215967
0.18700436
0.33866847
0.21297085
0.15142523
0.294708
0.20472357
0.37437734
0.1834211
0.2810704
0.22491264
0.3093115
0.21216391
0.31195387
0.28399765
0.23796263
0.29194885
0.2096757
0.24582486
0.25928694
0.30871454
0.19666408
0.3332787
0.22706905
0.31979838
0.20127967
0.25275636
0.24436942
0.22408183
0.16382386
0.26841643
0.20343062
0.22720484
0.24050471
0.19605006
0.36138272
0.22313228
0.18016209
0.31865135
0.20132637
0.37540734
0.20760125
0.17787743
0.30069962
0.21105488
0.19851859
0.1776789
0.17141058
0.2652272
0.1546511
0.23625666
0.18521449
0.17404085
0.3161007
0.12252737
0.16354144
0.20580906
0.14496054
0.07747728
0.3385758
0.123169325
0.22080502
0.19244264
0.32720378
0.20093295
0.08756674
0.1735547
0.1633526
0.19426805
0.1778566
0.20654964
0.2013211
0.1648481
0.19233178
0.18430176
0.2593861
0.16828288
0.31333748
0.2190981
0.1753846
0.23513536
0.24393559
0.17458515
0.3105834
0.21620166
0.3089229
0.30424708
0.22788182
0.31243944
0.22866276
0.25002396
0.28229347
0.43553042
0.23727572
0.2666796
0.20427753
0.2664406
0.2726069
0.1871569
0.21676525
0.22661933
0.39173123
0.24846019
0.23721714
0.21826325
0.19974703
0.26608023
0.19497669
0.16594912
0.26912415
0.16015357
0.3093062
0.22278504
0.26064795
0.25425494
0.19519454
0.31237862
0.2623713
0.30617982
0.21615493
0.16946381
0.13157476
0.37869877
0.21527955
0.30689436
0.15464647
0.20721811
0.23250163
0.33209532
0.23843305
0.22338639
0.17024814
0.31076562
0.27137855
0.3551505
0.2550369
0.31193432
0.2960026
0.23494968
0.20312645
0.26718792
0.15239279
0.13818993
0.28534448
0.2092883
0.11952375
0.22809426
0.1671101
0.13828398
0.1904558
0.18949142
0.19276217
0.19712545
0.19702849
0.18517973
0.115707695
0.14848574
0.12529135
0.2801697
0.25590944
0.2665917
0.18441285
0.21885474
0.14824982
0.31561643
0.23831448
0.41539788
0.30498534
0.21617575
0.3026987
0.33948413
0.32979405
0.1930693
0.38870838
0.27017015
0.29920873
0.21060184
0.22118144
0.20660709
0.23629412
0.2867124
0.3160974
0.25197083
0.25522438
0.2862874
0.23545451
0.25753233
0.25960788
0.13475662
0.18128076
0.31452024
0.21499474
0.18363842
0.10469971
0.21371603
0.20144789
0.15472849
0.18064158
0.1416222
0.13964038
0.19737528
0.3475136
0.13358986
0.14553733
0.20122552
0.05887688
0.09203563
0.28722107
0.17200771
0.08871731
0.06251466
0.05909917
0.06253932
0.304134
0.08400604
0.24282962
0.16091862
0.23133591
0.30884022
0.2294728
0.10089399
0.121212766
0.23164332
0.103634626
0.18701254
0.1511904
0.07991793
0.14491855
0.12336546
0.16242455
0.13428067
0.15280199
0.1642955
0.18646586
0.15519106
0.072958246
0.22265822
0.21926226
0.1566352
0.09393602
0.20234896
0.19384134
0.15353733
0.2865825
0.101947404
0.17617328
0.22471035
0.15470234
0.09552263
0.1462435
0.19999237
0.09941557
0.09400143
0.14570586
0.15266429
0.23775358
0.1923544
0.4292897
0.008906276
0.30613175
0.1953092
0.17968288
0.1288376
0.06799802
0.024893971
0.12789829
0.20342539
0.1589457
0.063136704
0.14035815
0.16470662
0.127906
0.1745704
0.08380668
0.06762579
0.096866965
0.108071096
0.32871696
0.17749707
0.14420077
0.32188365
0.14291397
0.13426243
0.21818331
0.23567006
0.22452669
0.21207678
0.21178772
0.09191131
0.108901896
0.20930383
0.23096617
0.30742463
0.3298527
0.19246079
0.12783852
0.146031
0.18081708
0.082053274
0.34091485
0.073935516
0.24925867
0.14784847
0.14045201
0.0044491477
0.12399719
0.2834893
0.1548201
0.19040565
0.0953361
0.28625718
0.25713146
0.19663109
0.11349229
0.10989621
0.25398648
0.33715937
0.06418798
0.18146648
0.17399313
0.10974374
0.0572875
0.11865599
0.23172411
0.14485615
0.15287013
0.12846403
0.19528131
0.17955834
0.24714534
0.2375575
0.079497434
0.14373232
0.10391274
0.17772293
0.2537419
0.19720821
0.27011508
0.29968947
0.17858532
0.23715113
0.25631917
0.25547692
0.17439865
0.16817282
0.25304347
0.45827022
0.23281372
0.24657571
0.35326397
0.32145378
0.1179436
0.19846307
0.13677345
0.11680638
0.24519183
0.23049586
0.13957068
0.08498997
0.12656662
0.20375396
0.19959746
0.14761418
0.2095149
0.24380447
0.26169622
0.23098253
0.215052
0.05663331
0.1556048
0.25802457
0.17973189
0.12707521
0.1454715
0.23261368
0.27714428
0.12161523
0.1217947
0.13905886
0.3708309
0.24509482
0.27123713
0.18878749
0.29575157
0.14872542
0.2686935
0.22069257
0.3070881
0.13173729
0.1724987
0.17545044
0.26374358
0.118577726
0.11938585
0.119788386
0.26471075
0.2758065
0.1548318
0.29731753
0.2040184
0.24221115
0.19401443
0.3203592
0.30750906
0.22536781
0.27133313
0.22102901
0.23699816
0.3270368
0.29634762
0.44504112
0.22754732
0.23668182
0.28397882
0.38878757
0.335591
0.33312446
0.30932242
0.3913847
0.42029667
0.37176058
0.37113982
0.33775127
0.37723005
0.3726326
0.31607988
0.3153984
0.3498064
0.36490902
0.36953688
0.31552535
0.32739776
0.40452796
0.3275807
0.32399064
0.37025833
0.4525082
0.40268654
0.3924891
0.29092002
0.4463206
0.37690094
0.40153015
0.31073946
0.3617696
0.37217763
0.39108694
0.4442913
0.32119143
0.36441118
0.2981043
0.36173514
0.27461416
0.41740406
0.34558496
0.4283747
0.38403437
0.3105116
0.5445055
0.40174082
0.44169274
0.3308952
0.53894293
0.3870835
0.31835654
0.2943105
0.34718293
0.37287772
0.34541717
0.42232668
0.5201481
0.42846128
0.34188142
0.2839785
0.3197461
0.30068132
0.30133677
0.22991334
0.25520295
0.19656223
0.2000566
0.15539293
0.14268896
0.25682884
0.16905588
0.16908619
0.13829723
0.27996653
0.16283244
0.2532826
0.2508106
0.20435242
0.2550923
0.20770583
0.2139612
0.44658116
0.24038935
0.24972717
0.35508928
0.28097284
0.24140067
0.25691396
0.18471476
0.23379898
0.22577973
0.18256192
0.17062053
0.23299912
0.13159652
0.18784635
0.35781902
0.22010204
0.3000625
0.1699399
0.3096926
0.1468968
0.2905693
0.2873067
0.27733937
0.22906196
0.3085959
0.28783324
0.2677843
0.18896957
0.15804563
0.098530985
0.26734054
0.105632365
0.1309895
0.46606788
0.15338053
0.41612244
0.29044813
0.2856863
0.20805949
0.13165604
0.2048429
0.21688522
0.3478389
0.14012839
0.35068458
0.22400916
0.16886401
0.21795762
0.23039514
0.12824321
0.066326246
0.10366523
0.13581282
0.13331947
0.18117382
0.018274404
0.08822779
0.18419135
0.10646089
0.087228976
0.08242145
0.2756291
0.0867249
0.046354912
0.22639284
0.13925447
0.08340426
0.121664785
0.050164204
0.019267643
0.24801096
0.056590818
0.13404323
0.10709403
0.19273625
0.22038512
0.17960748
0.10618597
0.14905162
0.14224713
0.2089694
0.19112182
0.10546151
0.17991854
0.08236121
0.27149943
0.040513996
0.18507963
0.093161
0.28623477
0.10300403
0.251707
0.1403507
0.215498
0.14814176
0.3802857
0.11725543
0.20577636
0.2667014
0.11718829
0.15352088
0.0720445
0.06838644
0.045512397
0.10485877
0.07937535
0.10881254
0.15065442
0.14988686
0.19045891
0.36711448
0.23072505
0.2606379
0.13861403
0.12146258
0.14064755
0.21938908
0.2354943
0.14264089
0.13032329
0.16836452
0.2262363
0.19095108
0.48857284
0.24008915
0.22475009
0.19762716
0.2210956
0.13636845
0.20597018
0.23275046
0.23189226
0.12623331
0.42571023
0.20612775
0.18216914
0.31612656
0.24226984
0.21583994
0.19640833
0.24574625
0.16632852
0.23149909
0.24811354
0.21820937
0.1667234
0.14855392
0.23229049
0.28112653
0.115856834
0.16845423
0.15656014
0.27444035
0.24955231
0.31651047
0.10361118
0.10721043
0.15641043
0.15285361
0.22353123
0.21333724
0.13043077
0.23531635
0.099369235
0.21852726
0.16180916
0.14484158
0.10901523
0.28111663
0.20077543
0.20395876
0.17217423
0.14290322
0.2586474
0.20811243
0.11163558
0.11664163
0.16761641
0.10688151
0.16956022
0.20186262
0.29125497
0.13490404
0.22098085
0.11816124
0.20252657
0.11201545
0.14426641
0.10368343
0.28606504
0.20847188
0.100136966
0.30965543
0.14298707
0.17106041
0.12934025
0.05267949
0.26378927
0.2110458
0.16092558
0.13793135
0.3769983
0.11497946
0.114724174
0.16240047
0.24511133
0.1802977
0.042561617
0.15683685
0.2389519
0.09412251
0.19113949
0.2402571
0.07679371
0.18301615
0.09243239
0.1518402
0.11220937
0.088492826
0.25458527
0.09509689
0.12283213
0.22515799
0.1083148
0.15649849
0.16790397
0.115217976
0.2933775
0.11247455
0.19873412
0.22928329
0.1759636
0.20794053
0.3729984
0.26486817
0.17518279
0.32557347
0.2838944
0.359397
0.3933778
0.3218507
0.22902705
0.28874835
0.24069822
0.29632863
0.21471542
0.2983826
0.17500633
0.1956379
0.09860514
0.15935373
0.13034444
0.21577923
0.093178794
0.09773174
0.17054951
0.2554166
0.22991465
0.14714415
0.23922354
0.17404872
0.1818253
0.06415539
0.331317
0.2586185
0.19533215
0.14310707
0.049212717
0.091246665
0.1323147
0.10016362
0.09643814
0.11931845
0.34383786
0.20551495
0.11765628
0.25332376
0.17979355
0.16533074
0.1353175
0.2647623
0.13695487
0.10184979
0.17249587
0.21538617
0.09636554
0.11738603
0.07041206
0.115921564
0.066094324
0.2987307
0.20678629
0.26202202
0.18052292
0.034139033
0.09444153
0.21548009
0.109618016
0.12507257
0.04351812
0.15416251
0.23083685
0.287493
0.23314938
0.14722231
0.05850489
0.13699915
0.063602164
0.14782971
0.18365955
0.14561118
0.17289215
0.09891042
0.15648389
0.03958266
0.081712835
0.10250167
0.2040516
0.05124504
0.124798864
0.032171417
0.24922565
0.043566857
0.21674871
0.040343005
0.24702284
0.18354037
0.14027128
0.25519806
0.07136202
0.10196675
0.21386737
0.30864388
0.25266075
0.16132432
0.21232112
0.1465217
0.08875235
0.13503905
0.050377686
0.1631616
0.20399132
0.26247972
0.16701683
0.09010209
0.29045293
0.075112924
0.25889057
0.18525454
0.12278399
0.16631019
0.111932516
0.14805281
0.14071414
0.14379238
0.31140476
0.37888673
0.26223364
0.16155113
0.2224261
0.23495467
0.093448855
0.17806777
0.09133188
0.11758953
0.21920264
0.15277006
0.05533455
0.23774438
0.11652332
0.23829104
0.22973642
0.059105754
0.22489451
0.26025322
0.13512403
0.07728472
0.22516137
0.19708833
0.21076944
0.14047168
0.15026599
0.18399802
0.16583599
0.293411
0.15165024
0.20277295
0.09328772
0.20675929
0.19847485
0.119837716
0.22224194
0.13534872
0.20280321
0.1709197
0.2301605
0.19557427
0.18092582
0.15971792
0.25752282
0.1562441
0.10468561
0.088520415
0.09700725
0.15825024
0.12218807
0.26671302
0.37072402
0.18661089
0.22126043
0.1676373
0.23819193
0.29630658
0.22792979
0.23011473
0.18633123
0.21359354
0.28961614
0.14848682
0.10358781
0.2485931
0.35060692
0.12089659
0.23095301
0.20131147
0.15656099
0.26130658
0.13799147
0.31083053
0.16937529
0.32200995
0.27155662
0.25978038
0.2094001
0.19840218
0.32966745
0.22496627
0.47772795
0.31406072
0.2601838
0.19811665
0.11522447
0.36514798
0.2873511
0.35745665
0.22792119
0.10167671
0.18178083
0.23753904
0.26785406
0.17349064
0.3198091
0.2174024
0.09199642
0.20674704
0.2720448
0.43290672
0.13405831
0.30859008
0.1357135
0.1364525
0.22808802
0.088022344
0.11108715
0.11032728
0.15955277
0.22162977
0.28666937
0.2936328
0.29035932
0.33497918
0.16745608
0.21176639
0.2612147
0.17390038
0.3009407
0.254116
0.283593
0.12539035
0.080454074
0.13549583
0.13648476
0.17269427
0.21510802
0.15794098
0.36001924
0.15242076
0.1921934
0.08356143
0.21197703
0.12978548
0.21342394
0.09227886
0.15251344
0.17546117
0.11415669
0.16018032
0.05168809
0.16201939
0.19554451
0.09473031
0.18204279
0.15585536
0.2562643
0.25272706
0.14304557
0.09731102
0.17482635
0.15333778
0.17687729
0.06315386
0.16537008
0.13022994
0.15533891
0.3332166
0.15940978
0.13206993
0.26367933
0.15416917
0.1491486
0.20923473
0.17486674
0.15766099
0.12186753
0.23347135
0.09940893
0.22124456
0.06916752
0.113819376
0.16793767
0.18564494
0.060450375
0.11631539
0.082376964
0.23337297
0.07413767
0.1461572
0.16426182
0.4024314
0.14780158
0.23766604
0.14786595
0.13568807
0.09352942
0.122533165
0.22099774
0.08830927
0.24594988
0.09757883
0.050623905
0.19585222
0.05257391
0.18634209
0.24565062
0.11322854
0.08342449
0.18841334
0.11617917
0.052434314
0.10536676
0.03732866
0.0672118
0.27571484
0.24587166
0.27985975
0.2569639
0.14007013
0.22366676
0.17082858
0.20998706
0.19239639
0.3004884
0.06544736
0.18304132
0.11810691
0.1774284
0.14370477
0.060322996
0.21218741
0.18022762
0.09726176
0.095956385
0.1772398
0.21365096
0.100237265
0.08989735
0.13161963
0.13022712
0.23352164
0.2188063
0.22431666
0.030110259
0.1557855
0.25816962
0.26613945
0.060012612
0.23528363
0.1868691
0.1530354
0.17452648
0.048770644
0.16737528
0.103378855
0.10115776
0.10508791
0.012735567
0.13823262
0.16021083
0.11801028
0.37477127
0.16713715
0.10601073
0.17454343
0.101452775
0.12492521
0.14106598
0.3698944
0.20413484
0.13834575
0.05808463
0.3016187
0.14065258
0.07255657
0.26121104
0.24114943
0.15454078
0.0952165
0.28320915
0.19880538
0.11595888
0.15856865
0.3031148
0.1573045
0.23322502
0.1094048
0.1463608
0.21129966
0.16183272
0.1912257
0.20419447
0.13556318
0.21331576
0.25610343
0.13190621
0.08032294
0.07091642
0.15277562
0.12329338
0.2793472
0.13690765
0.13053061
0.18572381
0.15349545
0.18190537
0.13110581
0.15385348
0.23926388
0.34259295
0.14940621
0.12936497
0.31714988
0.17355503
0.11814991
0.30010036
0.16646698
0.1825281
0.16297686
0.13395484
0.14853676
0.1105175
0.14075264
0.14161637
0.13050471
0.11274299
0.1218356
0.1123295
0.31333777
0.21922486
0.29229456
0.2107084
0.21370393
0.11723064
0.33420017
0.13115667
0.13874239
0.07660674
0.0935707
0.103513464
0.09463084
0.10306938
0.11272872
0.08644231
0.1025127
0.13000761
0.12062644
0.04505745
0.12761971
0.09978065
0.18843792
0.17007083
0.02595257
0.17732598
0.21741219
0.03213134
0.08235248
0.111316904
0.043451257
0.12558737
0.12017787
0.3341319
0.18095948
0.116655916
0.09147966
0.05591797
0.29651734
0.18912522
0.2017152
0.11745653
0.22652772
0.23199564
0.16418059
0.15037636
0.14806047
0.12659426
0.27032918
0.2234775
0.13342944
0.25066063
0.120896235
0.16396417
0.20486473
0.22217585
0.22715087
0.17687234
0.2005914
0.24108002
0.2869962
0.3263666
0.20719723
0.18576524
0.114591345
0.11996058
0.23358111
0.16101417
0.23655489
0.104438975
0.19301797
0.20478807
0.16934706
0.12791382
0.25631022
0.19498408
0.37559208
0.07754372
0.12617019
0.2500225
0.38349688
0.2943001
0.12501854
0.2457395
0.20617531
0.23993054
0.07093844
0.11997644
0.10142389
0.13621391
0.16869798
0.08820321
0.09772405
0.07637472
0.06575037
0.19121034
0.3238933
0.26859996
0.2719302
0.20593247
0.05999697
0.081016935
0.30079937
0.09541546
0.091627225
0.23913339
0.098305985
0.199652
0.21161616
0.16636094
0.28433788
0.110699154
0.14709088
0.30008104
0.27330333
0.41299188
0.12519963
0.29822943
0.17218475
0.16491178
0.32882017
0.16243064
0.3673541
0.19826315
0.1710844
0.06603459
0.09443388
0.13481577
0.1536685
0.17428847
0.14479905
0.2179101
0.15494592
0.19645196
0.40356758
0.12750116
0.22054335
0.20371953
0.13037685
0.15357351
0.23411687
0.20273563
0.1796185
0.11605909
0.11844096
0.20977129
0.24917457
0.16329834
0.16474418
0.22936061
0.11033638
0.23233236
0.30717394
0.16124873
0.12548044
0.20257291
0.20570475
0.14666228
0.51909256
0.24606383
0.2501214
0.24572475
0.30845472
0.2948914
0.16847472
0.29728332
0.2882379
0.30245772
0.28586173
0.2652505
0.35294524
0.28391376
0.29599816
0.3223222
0.27373996
0.33534527
0.27573833
0.37998006
0.24284069
0.36979958
0.2643343
0.33185646
0.35730162
0.47054112
0.3581235
0.36268067
0.32276276
0.31814295
0.39746797
0.35890114
0.3443642
0.34472275
0.36027658
0.29153052
0.3997988
0.34097862
0.33024886
0.32620686
0.27505377
0.41361895
0.2930764
0.32826504
0.37580213
0.28812099
0.31295094
0.30695876
0.33331513
0.28345954
0.4932424
0.4074656
0.3776694
0.35203192
0.4198677
0.46547258
0.31324002
0.3006112
0.27303314
0.3269604
0.3145409
0.26746544
0.2505384
0.39348724
0.51879966
0.4545068
0.40743512
0.3223458
0.3042353
0.20497666
0.29146144
0.24618769
0.2306609
0.24034531
0.26079077
0.25384405
0.25907212
0.23845774
0.2527036
0.21359394
0.2613913
0.21051301
0.26837653
0.26240793
0.28519413
0.28807482
0.22714962
0.32800213
0.17369846
0.20795563
0.1785858
0.23791696
0.11671075
0.24499989
0.14198376
0.2561165
0.15146576
0.23467018
0.26987734
0.17566417
0.24938157
0.23175295
0.18172842
0.17726432
0.2050612
0.20244414
0.5528785
0.16003358
0.2239663
0.2543124
0.25243747
0.18974146
0.39641616
0.22460765
0.33323783
0.15178381
0.11368373
0.15446277
0.13851605
0.13220342
0.1294673
0.19724613
0.15752025
0.27428555
0.16323803
0.09665217
0.11498497
0.22298473
0.18553127
0.29164597
0.15361422
0.20075189
0.11267703
0.15457274
0.44325948
0.2776103
0.25462538
0.2852467
0.29239094
0.18094853
0.12324349
0.14411
0.12238013
0.101885855
0.2316161
0.16644801
0.18462697
0.16587105
0.10885036
0.43119353
0.21314885
0.18644418
0.23782866
0.1727875
0.09708123
0.3208797
0.20221949
0.21059741
0.19987677
0.20463757
0.14224784
0.1815417
0.13216077
0.080491684
0.32264912
0.09785739
0.1718494
0.21897075
0.10847382
0.24188997
0.20975848
0.1729233
0.28345546
0.20659772
0.11396222
0.12140203
0.1981166
0.18262197
0.22502412
0.2652832
0.23203526
0.2554264
0.20297481
0.21693595
0.19981395
0.28489324
0.2069688
0.10067752
0.13994257
0.21642774
0.1648394
0.17933987
0.17851923
0.11644618
0.11848751
0.16961835
0.18765028
0.23809443
0.1964068
0.27970794
0.071670435
0.0920596
0.20377989
0.08211149
0.09424471
0.12203453
0.14382197
0.25140274
0.12784597
0.09139603
0.098304704
0.2036867
0.119059086
0.28375643
0.21061896
0.19198883
0.12295912
0.2454096
0.16475663
0.06668977
0.13406973
0.13750122
0.15211786
0.15200493
0.18036488
0.11462025
0.30343565
0.31311923
0.40744212
0.09560677
0.115973145
0.2436001
0.18791196
0.15025945
0.1116216
0.05375526
0.12991306
0.40625638
0.09088322
0.08593009
0.17617497
0.09387628
0.10491675
0.30159676
0.22363813
0.117988765
0.321788
0.13284113
0.21508676
0.18072075
0.06863307
0.30408973
0.20225996
0.1746771
0.07686812
0.15183629
0.13601395
0.15255964
0.12655422
0.16400747
0.21313477
0.17974883
0.25516906
0.24584123
0.1737371
0.28251854
0.30331793
0.26804462
0.30262288
0.26389012
0.22712278
0.3447981
0.30074197
0.22298548
0.3104397
0.25327206
0.32002917
0.25275487
0.31830117
0.313686
0.49340045
0.2708505
0.32703435
0.23759082
0.3181452
0.16671075
0.3331469
0.21769387
0.35300004
0.23038685
0.28579906
0.120301895
0.12214628
0.22187006
0.21778555
0.22421563
0.16353647
0.3195674
0.17086324
0.14208497
0.36648518
0.12736599
0.19620076
0.1278013
0.13089931
0.064969644
0.09372817
0.1882594
0.13223532
0.2832279
0.09342925
0.36026153
0.1612909
0.16736598
0.18862058
0.36023402
0.118531615
0.17515399
0.1047557
0.25842673
0.16664794
0.14567542
0.19032584
0.15120783
0.16128588
0.22610599
0.19858988
0.17093518
0.26974604
0.21994647
0.18962508
0.24391356
0.23307222
0.2546007
0.1487679
0.2127052
0.16497907
0.14001852
0.40485603
0.22835517
0.16210853
0.3142993
0.29239953
0.1996588
0.13957934
0.12206468
0.21116152
0.23197536
0.19150177
0.159803
0.17685732
0.20449747
0.2813202
0.14296214
0.12811106
0.13764353
0.25926244
0.19408661
0.21646403
0.26805523
0.35779005
0.19372173
0.29457614
0.24128842
0.09736723
0.16237763
0.15416616
0.33975995
0.25031573
0.044604044
0.21278432
0.115785845
0.22849247
0.13959777
0.11695574
0.17286634
0.06658471
0.16403581
0.13717985
0.2013695
0.25039804
0.09497295
0.11944164
0.19986118
0.35005552
0.1314169
0.23514253
0.11841033
0.20544468
0.2734864
0.17567812
0.17706639
0.17909189
0.07834422
0.16253667
0.03288153
0.16868567
0.08081509
0.23541392
0.17336844
0.114683874
0.28564346
0.0962509
0.34785917
0.094068244
0.17243624
0.24086167
0.16860963
0.15341301
0.1388861
0.13811171
0.07817059
0.29778385
0.12803563
0.097230665
0.18788683
0.15366921
0.27524748
0.2076135
0.27522627
0.13583443
0.18310808
0.14168268
0.17455699
0.19312564
0.26570103
0.14962949
0.42927912
0.29007217
0.3062493
0.29353875
0.19859485
0.214761
0.32077944
0.24796718
0.47095776
0.26484254
0.234985
0.20982026
0.23891714
0.23127508
0.2543715
0.2640468
0.33638132
0.21584442
0.16832486
0.18069069
0.3253716
0.19144157
0.29512575
0.26355407
0.34444317
0.19761948
0.20732737
0.31910172
0.24875993
0.24244326
0.15247874
0.15619504
0.12127889
0.23431513
0.18880618
0.21614265
0.10731443
0.3415017
0.08748628
0.14866835
0.19611964
0.16616967
0.06210374
0.08888995
0.14165244
0.07403995
0.20092621
0.17140831
0.14793006
0.28293994
0.09928413
0.12774853
0.29799452
0.13162449
0.016916342
0.15137364
0.15473393
0.14328453
0.11676209
0.22215216
0.19585256
0.26359788
0.0698506
0.10752235
0.110955365
0.22915262
0.110475734
0.2087151
0.17319842
0.1285589
0.09570982
0.12114988
0.26518735
0.121831276
0.090279035
0.110273264
0.19696218
0.115140036
0.17164505
0.15828857
0.20512924
0.25648037
0.24903177
0.24266526
0.22257811
0.28348836
0.17655432
0.28384832
0.108172834
0.1815784
0.10477656
0.10796321
0.18035321
0.38950884
0.2437047
0.14777088
0.13951388
0.15229693
0.13820909
0.15797527
0.32136804
0.24138984
0.14503701
0.27381662
0.24786626
0.14275876
0.2111692
0.21844895
0.24360174
0.36355534
0.16846055
0.17630735
0.20754766
0.23534703
0.2451138
0.12993914
0.19724311
0.18236683
0.27946422
0.15807264
0.13090447
0.094829984
0.25540403
0.11919683
0.05168944
0.07504564
0.09632937
0.17344286
0.1323411
0.30103514
0.2346406
0.042895276
0.23828824
0.17503019
0.083577834
0.11672093
0.1643399
0.09354984
0.34166443
0.15960231
0.20037742
0.344162
0.055465132
0.1756938
0.18492928
0.23339018
0.026981896
0.14057623
0.19711787
0.1998032
0.1415452
0.21219
0.16308998
0.23999718
0.17329964
0.2543795
0.06735638
0.24111965
0.1495149
0.20794816
0.10037689
0.19921386
0.107721426
0.16704269
0.10300942
0.31433696
0.11428967
0.112799436
0.1620857
0.17319721
0.27269047
0.2979171
0.08898332
0.09718544
0.22863242
0.1979956
0.18917409
0.090097584
0.117019884
0.14916961
0.1585506
0.18927819
0.20086752
0.2595668
0.09423888
0.07392175
0.02446756
0.19474556
0.14940058
0.0633039
0.38139075
0.0797335
0.26006296
0.19131361
0.05620117
0.035096537
0.112832844
0.064888306
0.113749586
0.13650511
0.18856867
0.10120743
0.22146568
0.33586848
0.17436133
0.10846969
0.24964356
0.1473537
0.074879535
0.15290877
0.2629257
0.18112592
0.30479267
0.26604557
0.061665963
0.27141944
0.20678477
0.22934046
0.17963901
0.10263538
0.06508716
0.17706849
0.11079993
0.100370206
0.23809212
0.147069
0.14300567
0.03905097
0.121109895
0.16301855
0.1961401
0.10432919
0.10211075
0.1074538
0.12785888
0.24969329
0.107352175
0.14311522
0.33526465
0.17890003
0.14733726
0.1886443
0.2125433
0.22963269
0.21552919
0.27707595
0.15705104
0.20022613
0.19768323
0.31116602
0.14005466
0.12050541
0.19277397
0.32671663
0.21937244
0.12536165
0.17778407
0.15365767
0.19038162
0.20997189
0.18369469
0.18027516
0.17231289
0.12631056
0.23448221
0.34213847
0.19045423
0.33945805
0.19231758
0.19097759
0.21167967
0.23050179
0.26467136
0.18749866
0.20604087
0.22842489
0.17092547
0.14376515
0.16646391
0.39763972
0.23524892
0.2988656
0.21967272
0.29998255
0.15850794
0.13527715
0.15851103
0.10280754
0.21887502
0.34667537
0.29451364
0.09512239
0.23698622
0.35068628
0.53551537
0.39994884
0.2783942
0.123919256
0.19504446
0.24738978
0.2541606
0.21315038
0.16722296
0.24000773
0.15382345
0.17032509
0.29812792
0.46616614
0.1897995
0.2337789
0.23993501
0.15685534
0.19644621
0.17472304
0.27467132
0.23635586
0.10419143
0.08452275
0.09073714
0.29582205
0.24583456
0.2042449
0.21812363
0.11253947
0.12251518
0.113576405
0.2105364
0.2585796
0.21738507
0.28570476
0.20046459
0.20142199
0.1096296
0.1505285
0.14317982
0.1197193
0.22502927
0.123359516
0.18639655
0.16216779
0.11594067
0.18246438
0.16273007
0.09063609
0.112158515
0.061427344
0.34845358
0.21686657
0.3512847
0.16305704
0.17370445
0.1967092
0.37026677
0.18998322
0.24061005
0.3300146
0.27342075
0.2586149
0.3248541
0.21854162
0.22329015
0.17757162
0.19139999
0.21383071
0.3765626
0.26441225
0.27503592
0.19308297
0.17767076
0.24417299
0.2750916
0.3809077
0.33485615
0.2795058
0.38523355
0.24725683
0.35651803
0.37126166
0.32207248
0.40657064
0.30800316
0.3726878
0.28907502
0.37232295
0.4208115
0.46468696
0.34578556
0.38565332
0.21944559
0.29254428
0.37746063
0.19815567
0.43941167
0.20430776
0.27176687
0.3469085
0.44640726
0.45228344
0.31231192
0.49776354
0.2219542
0.123997465
0.16958247
0.21241178
0.29741377
0.19846211
0.37634254
0.09707922
0.19610891
0.35819536
0.20542699
0.22129978
0.16375452
0.34422457
0.18236497
0.25148147
0.17510909
0.19332962
0.3011601
0.37568414
0.20543467
0.21547902
0.26784983
0.28913373
0.15520367
0.30383778
0.3875642
0.1345764
0.39224362
0.23923908
0.37985414
0.4602297
0.350695
0.27525318
0.37719262
0.31531355
0.5104242
0.21029064
0.45071226
0.29307738
0.3165356
0.2875871
0.24396592
0.2617856
0.41249818
0.25363138
0.53797376
0.28013054
0.21944083
0.29882976
0.26616958
0.29916558
0.39010733
0.14794889
0.37592053
0.14821568
0.1379334
0.2688596
0.15897645
0.33947465
0.35936219
0.30066434
0.17801428
0.24670331
0.33361244
0.27016914
0.42912787
0.15298173
0.12526062
0.21489243
0.1555719
0.063297175
0.097075865
0.24758717
0.11965168
0.22961566
0.15994169
0.29073796
0.31181172
0.32555217
0.45033616
0.15813912
0.24564354
0.17498168
0.22486144
0.14426465
0.135249
0.23568423
0.18033814
0.25264227
0.07974887
0.14291705
0.077951945
0.102345645
0.14316705
0.10263505
0.19398418
0.32113224
0.11885007
0.14030059
0.107896164
0.20107262
0.042042
0.27670845
0.10432144
0.06017773
0.13528755
0.03364135
0.04454512
0.16561
0.33657837
0.03035191
0.3033575
0.13360478
0.15612061
0.16507342
0.115885206
0.2081694
0.28363732
0.16878167
0.11571978
0.16281243
0.12069316
0.12468099
0.05320376
0.20619357
0.2713877
0.16916797
0.10903375
0.21224993
0.19021228
0.29145712
0.13843724
0.23798963
0.18282065
0.12382443
0.24321976
0.31053942
0.16751927
0.19738717
0.30183333
0.15358137
0.19485767
0.29303756
0.15635388
0.14710765
0.17939216
0.17205761
0.17323236
0.2011533
0.15741076
0.14580831
0.15723415
0.16518202
0.17829385
0.21597508
0.17296031
0.14639555
0.12954141
0.22217508
0.28379837
0.16076386
0.2025439
0.24390152
0.21964355
0.13782208
0.16882403
0.16512014
0.2718291
0.31869343
0.15200712
0.2668233
0.21919207
0.2590867
0.2127874
0.13874261
0.2130103
0.15312906
0.1088222
0.12319195
0.1653251
0.101175055
0.26534784
0.12504718
0.17120731
0.061359353
0.1549321
0.09193232
0.07593808
0.11280976
0.090401895
0.13601097
0.16494997
0.120730594
0.13233937
0.19312052
0.21025714
0.13729255
0.26978847
0.102756776
0.09196729
0.00901652
0.10912217
0.06104473
0.12769544
0.22782885
0.22998132
0.11845187
0.17034861
0.15068331
0.15578777
0.19990927
0.21226694
0.10109745
0.07224703
0.17976232
0.12870006
0.16881397
0.104939386
0.10010094
0.22933781
0.08555061
0.17288217
0.20558144
0.21815921
0.2054208
0.22159198
0.28237206
0.090152375
0.17418513
0.22216992
0.1187909
0.18671952
0.18742573
0.08239615
0.2879113
0.20031634
0.13084461
0.10452273
0.17272964
0.0959068
0.27537608
0.13793388
0.17423096
0.18861303
0.20666742
0.17555587
0.14482364
0.15864582
0.21587878
0.17606421
0.14303271
0.16113627
0.19813547
0.19060569
0.083623394
0.2715553
0.11757777
0.062443994
0.0827014
0.10005765
0.09929684
0.17797239
0.17804186
0.2059949
0.19325244
0.1496805
0.13922688
0.11835679
0.14776976
0.21960717
0.123764746
0.1517715
0.1956815
0.11184069
0.23552379
0.0865134
0.220515
0.2818952
0.047234517
0.16495048
0.08431126
0.21330643
0.11685464
0.2036378
0.19441839
0.08129256
0.098447934
0.16336763
0.15890963
0.1439574
0.22797844
0.19345495
0.16292946
0.18718779
0.20014846
0.13862664
0.11674666
0.058884162
0.17485064
0.21925837
0.2093344
0.14572969
0.35421833
0.15365301
0.1888667
0.093584225
0.09183151
0.1057074
0.094623044
0.27645358
0.12241493
0.17568384
0.17095123
0.18835877
0.2098505
0.20857465
0.17350088
0.26448798
0.1139331
0.15027267
0.20244361
0.14618836
0.18517753
0.17147048
0.23136654
0.23486958
0.24629627
0.13651577
0.28843617
0.1985191
0.19592792
0.26548627
0.1915305
0.2628588
0.26746783
0.1972516
0.22738335
0.3276769
0.17631578
0.15182425
0.240965
0.219389
0.24579267
0.18341418
0.35881978
0.24071586
0.18759224
0.15287973
0.12963876
0.13776964
0.107848056
0.25396442
0.121271074
0.13047585
0.14222534
0.15645994
0.1542948
0.21507965
0.18867928
0.1341458
0.21634737
0.20111604
0.13825722
0.17059723
0.14883241
0.23544277
0.1830067
0.23477489
0.33816653
0.34221005
0.14797099
0.11769469
0.14673221
0.21770878
0.18199115
0.13249342
0.2258056
0.1144311
0.2546884
0.16660833
0.2834185
0.14533947
0.22914924
0.13505012
0.14546663
0.14222485
0.053224437
0.1427743
0.16796826
0.1521012
0.05017532
0.0852782
0.040759828
0.093195006
0.11143706
0.15557496
0.22390208
0.109850295
0.09693689
0.27677745
0.095999375
0.0788064
0.14579631
0.22730243
0.14062226
0.17917633
0.23137146
0.032467145
0.21328224
0.21690579
0.26572546
0.2306765
0.2305057
0.19016255
0.20218688
0.22614379
0.07534715
0.10482381
0.19251268
0.13483135
0.14148274
0.2223242
0.112793766
0.17780219
0.15250194
0.074066825
0.13324128
0.14522235
0.16514258
0.09688327
0.13162582
0.2769487
0.061650027
0.19504133
0.2801588
0.07844531
0.20404032
0.09787622
0.3761017
0.138655
0.12142528
0.11216897
0.19683978
0.118726194
0.109400116
0.24301438
0.12551507
0.13733594
0.1057568
0.32483897
0.15944535
0.16555732
0.07934216
0.10176425
0.28279987
0.1923969
0.055234935
0.06968006
0.19162826
0.14005007
0.19655529
0.15307724
0.17741963
0.12005461
0.12835608
0.24249995
0.12900217
0.30063704
0.1288169
0.35526994
0.25189528
0.19861731
0.18494944
0.24210581
0.11495233
0.09590606
0.12604783
0.3754918
0.17359439
0.1467923
0.1574171
0.12062238
0.121688545
0.2105789
0.12497564
0.31535408
0.14439344
0.15200733
0.23739426
0.24459074
0.18696645
0.19619519
0.090267986
0.29496714
0.08583532
0.19529392
0.09481096
0.15026921
0.22667891
0.1644163
0.2077268
0.12631847
0.19224237
0.18694766
0.07262339
0.15831953
0.081457816
0.1501552
0.15525945
0.2477032
0.13116823
0.09761878
0.21868245
0.121251345
0.254399
0.22277826
0.044339284
0.16141148
0.0533105
0.12058675
0.2638786
0.23548754
0.069023475
0.06160449
0.21819042
0.022043116
0.23776591
0.25239873
0.08505462
0.122506015
0.1981144
0.13392389
0.110025324
0.07198306
0.14507617
0.23684017
0.23814091
0.16023757
0.21760608
0.26197562
0.4138676
0.118258804
0.18534958
0.12953833
0.22247308
0.1002565
0.089065105
0.08692065
0.38061136
0.12038419
0.19739667
0.059334613
0.16873139
0.29456982
0.11076277
0.15587176
0.097790875
0.15852179
0.15395212
0.2742122
0.22191235
0.4647897
0.2859737
0.27782884
0.22212847
0.17167574
0.12555864
0.23623249
0.081279404
0.16362788
0.15476298
0.16678017
0.4884825
0.10944349
0.05990988
0.18661591
0.04557605
0.22705664
0.14248157
0.056025993
0.12034762
0.24158494
0.10010701
0.31252003
0.2697608
0.12829374
0.24951965
0.15545122
0.05318733
0.26705468
0.083258115
0.15245986
0.36470693
0.10313536
0.04534465
0.15842244
0.25113046
0.18063267
0.16753095
0.19728215
0.32354686
0.3118623
0.11817849
0.24144268
0.19424032
0.1666875
0.11611312
0.35433912
0.095094144
0.15334257
0.15707959
0.1508075
0.32921666
0.076581866
0.1507337
0.13696206
0.15555248
0.1583941
0.15329297
0.26083156
0.16222878
0.104887195
0.20901942
0.12924705
0.13654496
0.16051498
0.22454545
0.21485
0.13440338
0.141148
0.3633489
0.25723532
0.13660887
0.16137879
0.21123114
0.3486882
0.19689292
0.20191562
0.11432765
0.24119535
0.064961866
0.06582296
0.083114654
0.08147623
0.28216648
0.21332553
0.35859862
0.13872269
0.09322403
0.09253971
0.1029947
0.087876804
0.06558735
0.16889119
0.076487005
0.27798846
0.17435056
0.0814088
0.20101792
0.13139804
0.19037768
0.07827683
0.1764518
0.3230449
0.25596166
0.16043457
0.09778099
0.26904276
0.13819131
0.08382447
0.14510138
0.1504152
0.07029536
0.13440438
0.2578204
0.15909438
0.2321015
0.08375912
0.08662585
0.18902543
0.1491346
0.15963422
0.038070634
0.32616252
0.261215
0.33908325
0.072348416
0.20198987
0.114554554
0.15029669
0.14839979
0.14683893
0.10533908
0.11033127
0.101794176
0.078165166
0.14384802
0.200826
0.018008191
0.12233404
0.18639567
0.09787178
0.22719128
0.17750597
0.10093292
0.10840652
0.28446332
0.07954207
0.20667629
0.23273471
0.024775239
0.29432136
0.04680719
0.23684771
0.07506418
0.13763319
0.14872311
0.19368652
0.30747938
0.091297895
0.05318046
0.121562466
0.17429057
0.31897905
0.11956954
0.13024312
0.103026554
0.22101517
0.21548058
0.2033914
0.26553634
0.16687599
0.10065605
0.34299996
0.15315068
0.27350038
0.37816817
0.15460631
0.23096198
0.19690359
0.20100039
0.17712596
0.23405904
0.27481973
0.16019191
0.14610668
0.29357344
0.23603274
0.30463636
0.17036183
0.23022994
0.1441022
0.146394
0.09744893
0.15826267
0.2564937
0.28345737
0.122428715
0.21732487
0.15359306
0.3003695
0.38276002
0.21401401
0.2413892
0.20363054
0.2661964
0.33189207
0.2151918
0.20182355
0.21250863
0.21253738
0.17566141
0.3220219
0.26902524
0.16045241
0.38190094
0.34228787
0.40045398
0.24720187
0.22881149
0.30799007
0.19832075
0.4221442
0.2904221
0.36323205
0.22693434
0.20889047
0.15236607
0.39541233
0.38176495
0.30346638
0.31443775
0.4631798
0.2240946
0.2405411
0.5072852
0.22122844
0.26525912
0.27389887
0.23387772
0.30595446
0.21763377
0.18960851
0.24778521
0.22162016
0.22122422
0.21433038
0.2900908
0.24326056
0.2677455
0.16638891
0.2382457
0.44534308
0.4050999
0.375255
0.32597542
0.53872
0.38000995
0.48015708
0.45104945
0.2883256
0.33070442
0.450523
0.24999256
0.3141164
0.17857741
0.3944722
0.2600556
0.29286197
0.29602867
0.29477462
0.248836
0.25985834
0.20292945
0.19434585
0.35710374
0.2027206
0.18159302
0.30334687
0.33059296
0.19379884
0.25490993
0.16800183
0.24849746
0.11477706
0.3151043
0.27474478
0.127699
0.30144686
0.4455359
0.20116556
0.14715755
0.3614255
0.2067833
0.1417348
0.030707948
0.21003652
0.100180045
0.28056136
0.3230034
0.42263377
0.20059583
0.13325043
0.24540585
0.054582834
0.22224885
0.08830668
0.13375823
0.20368116
0.30811512
0.056456525
0.07857525
0.13616322
0.1266181
0.12691182
0.32043093
0.10400327
0.1749269
0.19427297
0.15093356
0.16088708
0.14532422
0.14071032
0.14711185
0.099355094
0.13965234
0.12930432
0.17570703
0.11257455
0.22972424
0.1953578
0.2324174
0.0963407
0.1038609
0.14324015
0.22172263
0.3030171
0.14450684
0.14497548
0.10000047
0.09807524
0.2958552
0.10038999
0.31487826
0.10477477
0.1272422
0.14387468
0.2485839
0.113471255
0.20616621
0.111957684
0.14319168
0.096252024
0.16251172
0.1507104
0.2000247
0.081087075
0.19993684
0.062313464
0.15293631
0.20147142
0.21879408
0.12706943
0.27944914
0.19235113
0.063599885
0.23881395
0.035159297
0.2512097
0.08956359
0.095495954
0.14914846
0.17947736
0.14406963
0.18399732
0.20872907
0.08776215
0.13837478
0.23786794
0.18235703
0.069141135
0.07247172
0.14021136
0.23870678
0.04858198
0.12159514
0.18059671
0.21292199
0.14778891
0.16916728
0.2957458
0.37300438
0.3020385
0.16145025
0.16926508
0.14138542
0.08720142
0.17971902
0.19409843
0.14890309
0.23492914
0.17759976
0.182483
0.28858337
0.3990111
0.21261133
0.11945258
0.25831658
0.24937083
0.07609716
0.060954385
0.15871453
0.19836079
0.17449592
0.1498641
0.25223723
0.17263794
0.15158527
0.14721934
0.21356642
0.27944815
0.19227874
0.18353577
0.37045822
0.2328594
0.27479935
0.16480133
0.17435713
0.36436883
0.29670504
0.31466687
0.29901904
0.2124215
0.37019977
0.21583207
0.10467616
0.1199096
0.23421305
0.23447308
0.3486338
0.08745357
0.257042
0.16909401
0.12535179
0.14971821
0.180081
0.3616479
0.31989035
0.25450924
0.24402879
0.25659934
0.19299632
0.18253878
0.139913
0.35556647
0.21737123
0.11902122
0.2791207
0.2374084
0.19897321
0.10089202
0.2711523
0.17186561
0.12230448
0.18715887
0.17310104
0.13193299
0.14913726
0.2494917
0.12617192
0.09912801
0.18622126
0.12860581
0.10546497
0.07859862
0.30867407
0.045732602
0.09307587
0.084899314
0.39147398
0.096163765
0.100132585
0.058760673
0.13022085
0.056774728
0.092164755
0.18803068
0.11477264
0.066961415
0.26561418
0.28205648
0.21847081
0.2119165
0.17424148
0.0995089
0.27717522
0.22022124
0.27614927
0.39025927
0.5036768
0.27843696
0.24342677
0.41091332
0.2965661
0.30809265
0.3961986
0.21768251
0.26753253
0.29844147
0.09154402
0.21858586
0.25075838
0.34792876
0.6423029
0.284205
0.35742927
0.2659079
0.32194164
0.31516019
0.14711271
0.26187277
0.12678953
0.1847172
0.46431226
0.20825651
0.19375393
0.20883904
0.37896085
0.35091156
0.2214149
0.3070538
0.21826284
0.26610813
0.19535775
0.30080444
0.44596252
0.44468513
0.35599977
0.34569845
0.13459982
0.27917072
0.2309342
0.341093
0.17636855
0.5285978
0.13103072
0.3323004
0.2856987
0.39439526
0.35938498
0.29525948
0.34904867
0.37648517
0.24973613
0.26564848
0.24634212
0.1565405
0.29076445
0.25908208
0.44919765
0.37642592
0.30803674
0.22829908
0.52821946
0.5077821
0.18198253
0.56833565
0.3460625
0.46161705
0.5743126
0.30909318
0.35853907
0.3441234
0.21759789
0.39743832
0.28094742
0.49944013
0.30374002
0.20287663
0.31499228
0.30175146
0.24190578
0.104722776
0.09847611
0.104511
0.20339689
0.12732765
0.22433278
0.20732519
0.1533707
0.21815474
0.18911311
0.17048223
0.08346967
0.1743604
0.2605445
0.24318086
0.10397134
0.19960473
0.21846196
0.23248361
0.08982698
0.13552313
0.24366756
0.1630851
0.1047847
0.10147571
0.12932557
0.29052004
0.17600699
0.16372748
0.081131935
0.18702126
0.18313871
0.12556958
0.1734247
0.14966264
0.18464008
0.16707791
0.094640896
0.25996715
0.17583296
0.24084382
0.073031195
0.1543852
0.25559556
0.15787566
0.14649564
0.24148297
0.2728025
0.09801646
0.1244102
0.1987982
0.25785708
0.23480313
0.31602108
0.21324944
0.167637
0.29418555
0.31277278
0.22391678
0.2482702
0.2421569
0.38766965
0.3447706
0.21240889
0.2980622
0.41130605
0.36256698
0.25602618
0.3977029
0.28943065
0.21594319
0.43443996
0.1949713
0.2755904
0.36258435
0.20464453
0.23221867
0.23258568
0.22651058
0.35037032
0.27409783
0.28679496
0.2996419
0.27093682
0.31640217
0.3646724
0.4878649
0.41049293
0.36172995
0.3651605
0.26177815
0.27700168
0.37045085
0.42829013
0.39296004
0.26222506
0.28750065
0.25702602
0.31391108
0.31124845
0.31625924
0.24176079
0.17896323
0.20302476
0.15259874
0.1851861
0.29154974
0.1831345
0.15948017
0.22335412
0.19397834
0.10872831
0.13473597
0.20671599
0.1326138
0.17109054
0.107374
0.17900747
0.19446723
0.30265698
0.139678
0.23473825
0.2149399
0.13873126
0.24921142
0.22969781
0.24651001
0.14079629
0.3792494
0.118068844
0.20979042
0.15256912
0.18989356
0.24759234
0.122958116
0.21135077
0.33027998
0.1557345
0.2578443
0.2172331
0.14155892
0.31069806
0.17268258
0.22874881
0.23684579
0.22432412
0.058933362
0.086694114
0.13551627
0.28375915
0.16174813
0.13201678
0.37134033
0.18825325
0.4178312
0.2978809
0.1504043
0.23710793
0.23598126
0.22425796
0.1951355
0.331652
0.22313832
0.32887635
0.1801707
0.197519
0.3445762
0.17788728
0.29647243
0.34970737
0.21082425
0.15219457
0.11382712
0.26872763
0.11652486
0.3431029
0.15037371
0.086738005
0.1638446
0.21910104
0.13620603
0.106831886
0.10868956
0.07747658
0.083768845
0.14097394
0.084153734
0.2381603
0.10105631
0.19669072
0.23293795
0.04124125
0.30234984
0.113416225
0.31346413
0.14334545
0.4019962
0.20864521
0.08644319
0.18682224
0.14794238
0.08676255
0.14455476
0.17908037
0.09235267
0.111110054
0.28074074
0.26747254
0.10267232
0.0712542
0.26522115
0.36491054
0.1635652
0.027356349
0.11485265
0.17094125
0.13719413
0.15932365
0.34188646
0.24301533
0.19884904
0.22997487
0.28978127
0.113867864
0.063217856
0.10011153
0.2490455
0.056304753
0.18687494
0.16896977
0.04728057
0.27908668
0.23923098
0.09620298
0.25290766
0.18957251
0.22505818
0.115726314
0.06319487
0.24374516
0.12435191
0.19367982
0.17522094
0.3637072
0.362302
0.0638242
0.17495494
0.098201506
0.23395982
0.06751045
0.15183723
0.09283487
0.31820267
0.12858894
0.18856336
0.4915654
0.09800705
0.12606534
0.12627117
0.14612186
0.16078413
0.091885
0.28380644
0.079717845
0.16778246
0.2344679
0.119152434
0.09706348
0.14465721
0.26362935
0.17046507
0.15702431
0.24109611
0.25936395
0.25312155
0.19968751
0.23912466
0.23753607
0.18227087
0.24731451
0.21121083
0.12677675
0.2776737
0.14306943
0.21469678
0.26224056
0.20458873
0.29413643
0.1791279
0.15353492
0.21463777
0.18984154
0.23446853
0.13317238
0.27378774
0.20688726
0.12208616
0.11374012
0.09291781
0.19437882
0.14643602
0.18204468
0.08789702
0.15470529
0.05215908
0.29248446
0.17711388
0.14897053
0.25275454
0.26503438
0.15025495
0.28291157
0.2162402
0.2726654
0.3825958
0.24131294
0.23420842
0.16819842
0.21043512
0.14544691
0.08055537
0.15443659
0.13402852
0.13484424
0.15129389
0.11575579
0.2526025
0.10012772
0.37104073
0.1281268
0.1396014
0.2212947
0.2167074
0.14449023
0.19062407
0.11889471
0.2883283
0.07337419
0.17879023
0.24504872
0.21810031
0.04046036
0.16187786
0.21589203
0.27837732
0.15412782
0.15627119
0.11687589
0.09160056
0.11819904
0.16266222
0.081427924
0.15823907
0.2173685
0.13782154
0.076072305
0.07513396
0.16195527
0.22616626
0.13392994
0.23632848
0.15278791
0.35321265
0.20607094
0.1130493
0.26731572
0.07195576
0.1548597
0.18252797
0.4248363
0.16460517
0.41597673
0.11466716
0.12549764
0.2316134
0.12527876
0.17397676
0.1606563
0.18056847
0.23348492
0.2374236
0.24842572
0.20476058
0.12387043
0.22314787
0.10287255
0.22000593
0.110352546
0.1864257
0.21294595
0.26744303
0.19959359
0.23210704
0.19840114
0.18402997
0.17118888
0.18785901
0.12848477
0.16919012
0.1989892
0.2842193
0.21608485
0.1729932
0.21635793
0.19215806
0.19498067
0.19408457
0.2022959
0.32393032
0.16361424
0.08886445
0.17443576
0.053104237
0.15119061
0.20432174
0.17310762
0.12104444
0.07438704
0.25641993
0.14335784
0.17475562
0.123309836
0.17556566
0.17549562
0.1690747
0.26671454
0.33278173
0.082358345
0.15194398
0.31850982
0.28035283
0.034094118
0.19220313
0.017001295
0.08281926
0.14595817
0.04533818
0.2877479
0.16102797
0.2217014
0.20281467
0.05120412
0.2686634
0.10183615
0.15436378
0.19907893
0.13575184
0.1530561
0.29333457
0.15306726
0.09696526
0.15428813
0.20954485
0.074521825
0.113446236
0.110584944
0.2626926
0.24536169
0.26815528
0.14236277
0.20213118
0.27726138
0.20250626
0.2787805
0.28283474
0.16250032
0.3233694
0.18013553
0.21934688
0.23189987
0.30888295
0.27066725
0.18133284
0.34014106
0.24426343
0.16331154
0.18182504
0.27663526
0.28945282
0.21784225
0.21642222
0.23080303
0.22144347
0.32294583
0.20765401
0.35890236
0.2616779
0.18053444
0.2155333
0.31054774
0.18426383
0.16379836
0.25666595
0.1374384
0.21401773
0.29658347
0.20994015
0.34128302
0.19662264
0.2644001
0.23153234
0.27776602
0.23505153
0.24796122
0.22503124
0.39433226
0.36478373
0.2698516
0.4794569
0.28176433
0.25376198
0.22449087
0.38339826
0.21197301
0.36419335
0.20321573
0.3931774
0.291704
0.43302706
0.36933565
0.22856885
0.2155985
0.1929085
0.1955848
0.3414563
0.16849054
0.15080087
0.16522177
0.17051652
0.08613961
0.23374614
0.12407803
0.25568354
0.2231151
0.117710404
0.18791717
0.33106267
0.21672854
0.34193957
0.29153672
0.059802342
0.19574285
0.1895951
0.14989099
0.28101
0.28411707
0.1278591
0.17086607
0.16216704
0.34169954
0.17870408
0.17076515
0.17800362
0.09254453
0.39447996
0.15742612
0.1516613
0.15855588
0.05809595
0.09307774
0.19941512
0.048883446
0.10901439
0.32836866
0.21250625
0.08946379
0.25689766
0.24620238
0.1320238
0.22374186
0.19072998
0.25748307
0.22239901
0.40642485
0.19843282
0.27919924
0.20505357
0.22670773
0.3169503
0.16314162
0.23105992
0.15659347
0.18109174
0.2817873
0.27835962
0.26569963
0.1946947
0.18724988
0.12432528
0.15492596
0.17024812
0.22001517
0.22278641
0.26336685
0.14789124
0.26779926
0.17486914
0.26892418
0.17428909
0.24336734
0.18314822
0.26361662
0.14099339
0.114942834
0.16014272
0.122335866
0.25513643
0.29906374
0.19088414
0.18882982
0.25195125
0.050266936
0.16695921
0.12197917
0.12181063
0.14967902
0.36059666
0.10589355
0.410828
0.1254595
0.15563785
0.16394198
0.065694734
0.2019516
0.20788279
0.081988454
0.10381627
0.079991415
0.13045019
0.20810011
0.14273074
0.12529597
0.050264392
0.079158954
0.15165
0.098472916
0.065951645
0.08106013
0.043117456
0.1920353
0.28231347
0.08860115
0.05878074
0.27973455
0.13415691
0.092746384
0.10132565
0.1273187
0.2543195
0.12016913
0.16086175
0.047116026
0.17219102
0.07595057
0.096844584
0.12073308
0.09297149
0.13632925
0.1489316
0.15554996
0.10363282
0.03577263
0.1361938
0.25440255
0.21339536
0.19364673
0.09522704
0.06587851
0.16442789
0.19918056
0.18713671
0.14618559
0.23526298
0.09625081
0.21567932
0.16902114
0.12303099
0.12129023
0.076641046
0.14037427
0.21424003
0.33878142
0.052421205
0.33859694
0.23871553
0.04654359
0.1347934
0.11452744
0.15310521
0.10821526
0.117698096
0.21153735
0.09709463
0.16429535
0.08389599
0.105589345
0.13624221
0.0915637
0.19645254
0.22996971
0.13449888
0.118337475
0.28367788
0.18521956
0.22487734
0.2098633
0.24559988
0.06988427
0.1956111
0.24818224
0.22161125
0.18054989
0.12163574
0.16051729
0.1593718
0.18280369
0.09357752
0.18737434
0.19359657
0.35521868
0.22224586
0.11010077
0.071235634
0.114157565
0.13110195
0.22715113
0.08835368
0.040810704
0.2830036
0.051410828
0.2012768
0.09338704
0.082944624
0.11575629
0.15390192
0.25641516
0.07603781
0.11021167
0.14035608
0.1872818
0.29224634
0.09029445
0.20923612
0.16648082
0.22814104
0.0722288
0.27434066
0.16325058
0.16162878
0.33481646
0.17338108
0.08137994
0.18036862
0.2581394
0.3438415
0.17555776
0.21331006
0.14427204
0.23354486
0.21502301
0.21303569
0.18755135
0.23464957
0.14755718
0.13407709
0.09555945
0.12451874
0.29300928
0.06511071
0.2614206
0.17263672
0.1290612
0.17781611
0.10096713
0.19911271
0.07810124
0.078741424
0.13445325
0.25237623
0.08857424
0.20452464
0.12840047
0.26666617
0.23976721
0.1450079
0.2175772
0.11590662
0.4203855
0.103417814
0.17570731
0.16137184
0.12488217
0.15665679
0.23361203
0.09715542
0.15383218
0.19407235
0.11348813
0.16102602
0.20758675
0.19834867
0.20112666
0.2953995
0.3756103
0.3481972
0.19303983
0.29434723
0.18857072
0.38105136
0.24246758
0.23095265
0.26267427
0.269153
0.18671925
0.27446255
0.22091687
0.35314667
0.21379231
0.3850928
0.26729304
0.23422085
0.2994698
0.18210588
0.33935434
0.21662015
0.20927751
0.3142725
0.2813264
0.3005284
0.21219587
0.27026814
0.25258332
0.2723044
0.31684157
0.21628436
0.24433877
0.42940795
0.4173913
0.42479873
0.32058576
0.23180087
0.34322554
0.22802491
0.3835673
0.39096165
0.36961114
0.44188964
0.3057233
0.45357022
0.28405294
0.3289208
0.24453162
0.31833926
0.18535663
0.16932045
0.14610443
0.27094042
0.26989734
0.21020582
0.2479239
0.16417938
0.20274527
0.11992212
0.2155297
0.24940974
0.21438965
0.19103718
0.28192696
0.16804731
0.09920226
0.21965803
0.20334713
0.1615468
0.23777007
0.23146038
0.12659585
0.14688276
0.10041167
0.21525997
0.1906132
0.19916527
0.22001122
0.23088993
0.29998645
0.17744917
0.16938698
0.14934278
0.13791507
0.07185188
0.10995605
0.18937138
0.13730249
0.2540682
0.14802541
0.1875317
0.23489025
0.03314424
0.1685379
0.18232791
0.22804573
0.22455065
0.19020402
0.16493642
0.08913356
0.12988982
0.13689958
0.414783
0.09694473
0.19674496
0.056657404
0.11558067
0.2383231
0.17945212
0.23648247
0.22994553
0.1777609
0.3445331
0.2667478
0.1974745
0.03641431
0.13610516
0.025817193
0.25515163
0.21401338
0.10263154
0.06679328
0.24435091
0.12519921
0.17665218
0.32378766
0.3778299
0.26049623
0.32396773
0.19191225
0.17573999
0.118594244
0.14377794
0.18468766
0.06695911
0.20460837
0.19883446
0.07771904
0.16750534
0.3232827
0.1607304
0.22095981
0.05060532
0.24087997
0.1207114
0.17661634
0.17963628
0.23166423
0.13704793
0.3061941
0.36943004
0.13475323
0.14310057
0.1582142
0.18793266
0.23968618
0.21882553
0.20336303
0.33271846
0.18976672
0.29761776
0.37412056
0.13835742
0.25965905
0.20056187
0.22128247
0.28475165
0.30010307
0.2504122
0.17764123
0.34025577
0.1801766
0.2232469
0.2412947
0.4356915
0.17823435
0.22166292
0.25938553
0.18061392
0.26289076
0.2537784
0.2633433
0.3151479
0.18342945
0.18671177
0.15817302
0.33733636
0.23196027
0.25485602
0.3666032
0.21785147
0.22612344
0.2174011
0.21788919
0.23208226
0.27592587
0.17891298
0.24235752
0.31341225
0.30671015
0.22629453
0.291238
0.32970053
0.22676563
0.20691486
0.20291801
0.19667457
0.33527878
0.2781926
0.21333902
0.2308144
0.35328242
0.2958174
0.2489872
0.26152334
0.2051131
0.2848513
0.22486332
0.38239124
0.25817397
0.19988011
0.22556736
0.26687354
0.16656111
0.10234027
0.2812242
0.19204874
0.16046536
0.25487345
0.19284275
0.13254087
0.19194189
0.16042326
0.30626366
0.26290196
0.13439296
0.33710638
0.16086362
0.17895989
0.15519647
0.18212622
0.21968065
0.21096204
0.20178191
0.1992099
0.2195258
0.107953995
0.15972757
0.31952855
0.22378215
0.22895496
0.3005915
0.24043578
0.19671403
0.06413889
0.14400354
0.12737969
0.06543207
0.25174275
0.1951436
0.19094054
0.14147866
0.13658285
0.32340878
0.19249535
0.31881583
0.06450339
0.07970888
0.14426011
0.27348635
0.23847237
0.097769976
0.028771017
0.25871623
0.12453516
0.20505597
0.1270511
0.2216977
0.14329965
0.23309213
0.19112945
0.36229795
0.22784951
0.33313435
0.23988916
0.25915954
0.2418577
0.22926344
0.3269794
0.24738099
0.25760785
0.18227613
0.18243098
0.29324389
0.15739527
0.32497385
0.19879113
0.23091222
0.21765439
0.28944308
0.33574033
0.26610816
0.26392055
0.25277337
0.19452263
0.18399027
0.364353
0.2458723
0.43447372
0.17386165
0.16140097
0.29765928
0.21281631
0.13362184
0.23299772
0.16645174
0.14684118
0.15505426
0.2109042
0.13204323
0.1320755
0.20264068
0.2462759
0.10781486
0.14094089
0.14610445
0.20009083
0.28671667
0.16908292
0.23653898
0.1945197
0.40681255
0.19300835
0.31161594
0.27164215
0.21357636
0.48768544
0.25728428
0.1854743
0.22757907
0.24538593
0.18409742
0.27623218
0.23410884
0.23128626
0.12002676
0.18229686
0.17511408
0.25412598
0.22379008
0.23477432
0.28737584
0.29242167
0.49488276
0.46570662
0.090360165
0.28126964
0.14566377
0.2522159
0.14516656
0.3290668
0.13314532
0.30312628
0.21054408
0.29679358
0.34605035
0.42923352
0.17489865
0.12986675
0.25862795
0.1620395
0.18855634
0.29741865
0.16608565
0.22862759
0.17785089
0.2040366
0.20707059
0.4087499
0.23438436
0.24128626
0.18272863
0.20752157
0.19498943
0.2197424
0.26481864
0.30310637
0.23343031
0.34571114
0.37106267
0.2271154
0.19969659
0.3151551
0.2537795
0.4133509
0.21405488
0.31385693
0.36502084
0.35864833
0.27450675
0.3569821
0.3441702
0.39820874
0.311947
0.3195453
0.36037725
0.21963862
0.37662706
0.19684781
0.37337753
0.26157948
0.28917104
0.32450005
0.21766098
0.249185
0.16338502
0.41435832
0.17547771
0.09520724
0.21460302
0.07955022
0.13915871
0.11852285
0.08411034
0.25784376
0.096964166
0.22157237
0.115577064
0.30870703
0.31461126
0.12739716
0.15690006
0.12437509
0.21043698
0.19777296
0.21247269
0.13920608
0.32935166
0.10978728
0.13472512
0.1967064
0.14187855
0.123879224
0.18216935
0.34419957
0.18513992
0.25067928
0.10246751
0.14455861
0.1144591
0.07321026
0.05436817
0.051265392
0.23267674
0.13971968
0.109675996
0.30825964
0.10626386
0.14301425
0.3195519
0.07739202
0.10181802
0.14868204
0.17034511
0.28865144
0.20483628
0.25737232
0.13254672
0.20114984
0.26996893
0.13745345
0.23458673
0.16158074
0.18778598
0.2579207
0.22692633
0.23150523
0.18823037
0.1874714
0.18518925
0.09649341
0.1776017
0.16138753
0.13068928
0.123643145
0.187936
0.28335044
0.22981676
0.12870826
0.21569286
0.3416232
0.26832956
0.20749766
0.13309215
0.10850037
0.19570892
0.26318085
0.1649633
0.32529157
0.42259988
0.28010243
0.19286706
0.31113288
0.18935293
0.17602263
0.20453988
0.19912316
0.34208578
0.10478061
0.11239508
0.24089016
0.15648238
0.11133764
0.17770872
0.18459518
0.10271255
0.10125874
0.15315214
0.18796082
0.086362705
0.13777183
0.2205024
0.09357423
0.18242116
0.29573286
0.22036734
0.10942397
0.120078824
0.17830512
0.22210258
0.23012674
0.23670734
0.23310679
0.19949275
0.18825893
0.10333013
0.17006488
0.09692174
0.26468086
0.104136735
0.4250369
0.16053411
0.12945825
0.10290389
0.15745547
0.15164693
0.0665869
0.24086551
0.13675758
0.011835201
0.084070235
0.24550633
0.20295857
0.23361693
0.17380139
0.15014236
0.2827736
0.16079196
0.18098283
0.13247554
0.12861365
0.14096346
0.15858097
0.19110386
0.13412686
0.08041916
0.20928003
0.16703308
0.31586993
0.22071789
0.1802593
0.1709771
0.20475207
0.20857637
0.19794165
0.15638098
0.08744454
0.14385854
0.22329706
0.047117285
0.2208024
0.19301865
0.22622406
0.13901243
0.1864747
0.20034015
0.15359558
0.18760034
0.13179056
0.10323518
0.29126927
0.3475925
0.15489528
0.13201982
0.18480396
0.1427642
0.10782254
0.18841906
0.18422998
0.18724151
0.12036585
0.093528405
0.09073766
0.07184692
0.27113372
0.15538608
0.09068662
0.48879987
0.10913282
0.09677933
0.18766163
0.22988597
0.21658683
0.14815381
0.12118703
0.07827841
0.10983599
0.17932554
0.15909833
0.1691155
0.2864945
0.27682376
0.13440143
0.04962223
0.09672722
0.067720994
0.16602755
0.13138162
0.13287155
0.23984478
0.36313164
0.16872264
0.17701893
0.117768556
0.29882088
0.23298258
0.1626118
0.42208585
0.3030902
0.1561007
0.18930176
0.16125263
0.18075731
0.2598682
0.21423253
0.1446549
0.23720232
0.080367364
0.108096495
0.041083366
0.09973505
0.15286209
0.09073124
0.34076786
0.118962
0.42235598
0.1277109
0.33554062
0.1040158
0.10512218
0.1595691
0.27229106
0.29185164
0.098092355
0.069772735
0.0974432
0.21613514
0.14889471
0.2658753
0.14708102
0.14052296
0.22657466
0.14694914
0.22690868
0.10263259
0.3109839
0.09463241
0.060025085
0.21239075
0.12660985
0.02889698
0.29684362
0.07899499
0.28827542
0.140192
0.27382684
0.13418752
0.21462348
0.110202305
0.18994656
0.10488595
0.2811838
0.02207224
0.08926436
0.20183487
0.060772736
0.19897369
0.1017888
0.24227355
0.10853958
0.12493436
0.22336923
0.2025103
0.06883101
0.071332134
0.24790862
0.09174035
0.17975962
0.18384697
0.098788776
0.18209922
0.091657884
0.26683637
0.29291168
0.2956481
0.074422956
0.19391727
0.18153444
0.16453308
0.27136943
0.13592242
0.17507008
0.16989292
0.13638364
0.13762233
0.19965276
0.27262068
0.23959406
0.1910078
0.25460836
0.19194357
0.15232484
0.19586927
0.27044916
0.15305594
0.3318061
0.18869986
0.4567981
0.22677948
0.40557373
0.24067426
0.1509209
0.18435495
0.15781254
0.24976635
0.20302919
0.19017212
0.26097527
0.21323957
0.24353151
0.29826212
0.18015806
0.3255087
0.13256298
0.17242987
0.10579788
0.18406416
0.106387384
0.13387312
0.18084592
0.25349903
0.17836326
0.19385582
0.116069235
0.17942937
0.095484324
0.17917837
0.12684278
0.30726466
0.25917524
0.13999064
0.22666305
0.2645393
0.2399748
0.20293988
0.19210692
0.26122501
0.29602543
0.11888207
0.25008944
0.2681874
0.11707504
0.17653933
0.19722898
0.14555849
0.1792628
0.13275404
0.18322559
0.10924411
0.184607
0.10822923
0.309367
0.14347805
0.14255415
0.17647798
0.35877246
0.19683993
0.18231715
0.2609568
0.19403574
0.23246558
0.14532527
0.16951728
0.25735044
0.3343277
0.24377067
0.25169972
0.20301029
0.27830276
0.30605668
0.38472217
0.2156748
0.31176212
0.26302126
0.5656985
0.21056259
0.13657582
0.32121053
0.2517184
0.11861904
0.05755187
0.11993602
0.15929483
0.24806443
0.3438769
0.17334975
0.17457308
0.27808312
0.19719882
0.26905206
0.13954803
0.14314538
0.16530645
0.23542476
0.18335608
0.15187445
0.11188383
0.106034406
0.16679539
0.13810028
0.13243213
0.17818102
0.28513104
0.07199329
0.14837849
0.23899363
0.039252874
0.2186741
0.19573294
0.17911668
0.18534419
0.23784398
0.14244932
0.074547485
0.12391012
0.12564616
0.21570988
0.14256951
0.123873174
0.07223978
0.088565044
0.3044543
0.21845648
0.09464908
0.21469755
0.11161655
0.15317266
0.22211275
0.061387286
0.13592471
0.06743352
0.21737804
0.02152866
0.1667992
0.27468267
0.1974946
0.11838112
0.18926315
0.18788846
0.18100423
0.20060128
0.31913576
0.20610733
0.11247572
0.11285984
0.10369032
0.277598
0.115457386
0.12128887
0.26609913
0.1715266
0.09522741
0.27991235
0.2568467
0.12329767
0.19987778
0.14380866
0.14661327
0.1618605
0.11551727
0.26128182
0.1610608
0.13632241
0.30954456
0.11135982
0.22733168
0.2908207
0.18506612
0.16035359
0.23935261
0.17894435
0.15235229
0.16755961
0.16751575
0.14023198
0.19317298
0.20419973
0.36293358
0.15613472
0.21139532
0.19089437
0.11184536
0.2169667
0.19724175
0.16508427
0.21645615
0.15249999
0.13309388
0.2403409
0.1155952
0.082630135
0.15982412
0.14946942
0.15773503
0.18854252
0.082786165
0.083555266
0.12109713
0.129905
0.08135859
0.11404816
0.11108633
0.18828987
0.10091955
0.14180306
0.22136895
0.15368746
0.1925514
0.18801995
0.115238294
0.0823332
0.18126489
0.12781034
0.30101117
0.08911455
0.21985567
0.15323298
0.06918651
0.25535083
0.21623209
0.39461017
0.119244576
0.121226735
0.18633851
0.04318677
0.14183012
0.099770665
0.21593958
0.13185106
0.10282086
0.115435585
0.053367615
0.27802336
0.23355195
0.3309395
0.13155146
0.059969835
0.036717884
0.023230484
0.22910124
0.09194836
0.12661523
0.18104935
0.05928113
0.18577375
0.07368481
0.14857526
0.10984195
0.1707717
0.18911047
0.2667877
0.30555695
0.16075341
0.09163114
0.20588194
0.19483247
0.09820735
0.16664696
0.08996739
0.3135364
0.18846393
0.07637218
0.20670821
0.13590908
0.18307754
0.30637494
0.1666752
0.14990781
0.20854548
0.19316082
0.14175439
0.16520791
0.021849314
0.10274004
0.38838527
0.32096604
0.31709585
0.19493306
0.06802075
0.289942
0.4315814
0.05758615
0.11611319
0.19098623
0.14214422
0.26298094
0.06690611
0.09723171
0.13868031
0.12884136
0.20799601
0.21997891
0.23488624
0.3192547
0.107112765
0.32477856
0.12904423
0.19411723
0.16507752
0.14878586
0.11629199
0.17645906
0.13013525
0.21145646
0.1733025
0.18168928
0.25965306
0.19003977
0.38541
0.10748897
0.26323608
0.44807395
0.1751232
0.14787464
0.33685195
0.21547875
0.28691262
0.51960474
0.32086992
0.1089782
0.13647723
0.2210034
0.24544702
0.20616777
0.34537047
0.26894757
0.3209932
0.40316892
0.33571222
0.21025372
0.2582168
0.24595106
0.16353032
0.24380746
0.15986824
0.19582793
0.17930533
0.23678648
0.195524
0.12684792
0.19964126
0.065994635
0.21664552
0.19250092
0.1911781
0.04140744
0.15359443
0.094043545
0.3895209
0.12074625
0.039076608
0.14119853
0.1150141
0.058128268
0.11457583
0.18772896
0.16552511
0.22814463
0.3033059
0.1326442
0.20743239
0.09805106
0.08360661
0.11738569
0.79619294
0.9735638
0.9860011
1.0
0.2648809
0.33100843
0.056104407
0.24355274
0.25228724
0.32473794
0.13104214
0.1439132
0.117963664
0.094078094
0.12079388
0.09832895
0.3477361
0.10911023
0.20719132
0.23490745
0.14736179
0.27544215
0.1515124
0.13921997
0.16211028
0.10377478
0.12850529
0.10890371
0.19895706
0.26229382
0.123676635
0.26358056
0.09036714
0.108589225
0.2560419
0.17377885
0.23708005
0.23878378
0.11197926
0.40170273
0.28007182
0.23336619
0.13918132
0.21197629
0.07620239
0.028726457
0.101480156
0.08842201
0.10526324
0.12649627
0.13080858
0.15794702
0.19199795
0.27730942
0.24480121
0.23800671
0.18489924
0.091987915
0.2078007
0.24800058
0.13216743
0.07731844
0.13075052
0.17626718
0.14583519
0.11964998
0.19255182
0.07680431
0.2372897
0.027378244
0.26857758
0.116803795
0.36837947
0.07104449
0.21673483
0.09811437
0.16465302
0.13071844
0.10233343
0.20904958
0.15760696
0.2802526
0.021638848
0.0937874
0.10439262
0.24435523
0.11211075
0.15291104
0.19474244
0.12531549
0.15396097
0.21780604
0.1955155
0.07715412
0.29093876
0.13496576
0.12283752
0.19650914
0.17937827
0.1553822
0.21500064
0.100379325
0.058379915
0.064572826
0.24275996
0.26636642
0.24528807
0.14329468
0.14343528
0.16802377
0.20942873
0.27700198
0.22793186
0.12051838
0.13057946
0.37397373
0.1710105
0.113538235
0.14649872
0.2578263
0.17697372
0.2609301
0.14707822
0.23210974
0.23575401
0.3733078
0.10741333
0.26350117
0.24805646
0.30847597
0.13931881
0.18596195
0.27278894
0.1824236
0.29449075
0.22862105
0.27804044
0.30751127
0.23044237
0.40646636
0.18824951
0.30186734
0.351161
0.23231591
0.3910709
0.24507996
0.25393888
0.1957022
0.25637683
0.12692349
0.2792675
0.19017424
0.15738036
0.29630345
0.25358036
0.25675824
0.31353047
0.37614208
0.2550165
0.28134334
0.3011827
0.2466463
0.4131757
0.37757757
0.48436493
0.20494922
0.24544692
0.29458007
0.19627775
0.30088672
0.286295
0.3275232
0.23229554
0.2497165
0.32207558
0.3043523
0.22376958
0.27154574
0.20404099
0.35154167
0.33128616
0.20488863
0.24277307
0.35734147
0.3389095
0.28369063
0.37708133
0.3108398
0.36548728
0.42698103
0.3165258
0.34030625
0.36936256
0.3818843
0.46275234
0.38051972
0.3850978
0.36600128
0.5411173
0.5987415
0.37649298
0.32888502
0.36205256
0.47335565
0.31515056
0.5165822
0.4483092
0.35092866
0.45202652
0.4141832
0.27457187
0.26304093
0.3155666
0.3866346
0.20761243
0.3266747
0.22834297
0.30121875
0.37424093
0.22943811
0.31476602
0.23059721
0.26314983
0.22478716
0.22475626
0.24766956
0.19701397
0.15943891
0.27193737
0.25999436
0.28547308
0.22505076
0.32516664
0.22431225
0.15325005
0.35182828
0.16136982
0.3090534
0.24580346
0.16219081
0.15951937
0.26875466
0.15190034
0.20495713
0.2367183
0.17113876
0.29944697
0.1351453
0.37579432
0.16704732
0.33814245
0.16002649
0.1857818
0.25263083
0.16211614
0.25747207
0.04022686
0.25002664
0.23181231
0.19560546
0.13551
0.2317753
0.2400343
0.13486533
0.15678997
0.06686879
0.07094889
0.25762844
0.2977679
0.2561094
0.21584895
0.056846745
0.10483882
0.11305973
0.20020972
0.21738741
0.30409485
0.17892185
0.12418083
0.111548305
0.26131845
0.042708367
0.12908782
0.07663661
0.16938151
0.31227064
0.10193295
0.21299894
0.3126
0.09960498
0.053130165
0.23869087
0.115056455
0.20390187
0.09729584
0.15138672
0.29637307
0.30718532
0.1866264
0.1714965
0.18066478
0.19332269
0.1854066
0.22654974
0.07513458
0.17244965
0.076136924
0.0954948
0.12940155
0.1969332
0.1993086
0.20044705
0.07665873
0.16791917
0.15835278
0.18992727
0.316144
0.17954196
0.11643715
0.10699092
0.1496634
0.24564053
0.32343617
0.2446902
0.27306154
0.124700435
0.25177035
0.1525333
0.2780009
0.039458487
0.1263112
0.08840806
0.16498013
0.2339694
0.098729625
0.21874496
0.10096541
0.13564517
0.19559476
0.13809164
0.16448879
0.20186876
0.10130752
0.20558237
0.17733902
0.21623433
0.040324412
0.1017178
0.12246579
0.07132792
0.20248665
0.1535126
0.1395766
0.08074333
0.22774738
0.28719565
0.18355848
0.15485676
0.29201746
0.1111961
0.023006432
0.124898866
0.048962396
0.1085634
0.0632555
0.119959146
0.15130392
0.19717233
0.31958404
0.36370614
0.07152888
0.06640595
0.017166138
0.23985419
0.18026079
0.15264358
0.32528806
0.21828675
0.033678416
0.18602581
0.21210511
0.087756336
0.14966503
0.2668617
0.17086947
0.19726878
0.31004077
0.23615399
0.342129
0.5065359
0.10586378
0.1334016
0.15012631
0.06716536
0.17523216
0.06326714
0.22890262
0.2667915
0.15242667
0.20554258
0.154681
0.1807747
0.1913235
0.105228595
0.16840127
0.13768509
0.16085936
0.15462062
0.17640261
0.39428967
0.25738668
0.1614133
0.30368882
0.22337578
0.23043619
0.17922781
0.15831305
0.1483031
0.26185283
0.2516319
0.27851993
0.13218175
0.22615267
0.17114785
0.38612592
0.25990644
0.24255805
0.17203589
0.18771686
0.24102978
0.19479708
0.27681732
0.29175833
0.21333767
0.121797815
0.23668662
0.12323087
0.33850792
0.16399263
0.12343571
0.11285074
0.31829187
0.118705064
0.1391838
0.095161244
0.07859897
0.10788896
0.19751744
0.13455814
0.07337499
0.20797512
0.21882276
0.36439908
0.13715382
0.1088914
0.1692464
0.13697688
0.16658483
0.28898045
0.3371402
0.22978318
0.20396766
0.15548354
0.14736314
0.20820454
0.26755616
0.19654526
0.16610822
0.18943639
0.092566624
0.28562567
0.15329042
0.15518996
0.041972965
0.17218465
0.15551022
0.09363577
0.039706778
0.10757748
0.19244365
0.09051225
0.15742335
0.12052911
0.03314514
0.16903052
0.24302955
0.23023774
0.15220372
0.1475965
0.19646664
0.112432465
0.08159056
0.14590949
0.1214621
0.1292364
0.06683228
0.12895128
0.052825037
0.13202922
0.036408853
0.26034313
0.17219524
0.23042469
0.08139775
0.12696804
0.15524401
0.109878786
0.039823968
0.18538232
0.18692833
0.22280532
0.17346767
0.21813838
0.05140536
0.094105385
0.093471214
0.103578255
0.08400486
0.20770174
0.13801815
0.22453105
0.22182722
0.07015144
0.03782149
0.23064801
0.19976684
0.3337728
0.16018052
0.12028552
0.19607781
0.19333762
0.12843645
0.31903073
0.05490033
0.103802204
0.17061347
0.06573024
0.06146321
0.06697404
0.21249428
0.069722846
0.1176358
0.22928089
0.1138027
0.13574123
0.2800315
0.17835718
0.16648689
0.1604389
0.1717934
0.085245274
0.17729937
0.18667115
0.03985005
0.13610637
0.03311756
0.13564584
0.116110675
0.15480901
0.052319255
0.27508667
0.24658324
0.23600279
0.24571101
0.09926627
0.14119907
0.13216756
0.16652527
0.08490603
0.17679523
0.15223294
0.09638009
0.16718666
0.2558917
0.14602017
0.069906816
0.089009635
0.15759853
0.02840613
0.045855567
0.16257893
0.12488095
0.1459691
0.27938044
0.17126182
0.14093049
0.120329335
0.2588949
0.16330223
0.1557774
0.097939536
0.19773829
0.17208697
0.047745373
0.15361252
0.07040336
0.025051175
0.1654279
0.14489771
0.068731956
0.047466446
0.12164911
0.11772659
0.21983187
0.19267681
0.009075866
0.10224209
0.1342598
0.03159881
0.25687322
0.19226314
0.15579963
0.28856927
0.16850601
0.089663975
0.2057307
0.10831274
0.23730724
0.18753412
0.095634766
0.06759248
0.07633274
0.16702764
0.044758108
0.15226276
0.18012011
0.15906666
0.14806913
0.027369197
0.19796059
0.051992346
0.20837826
0.26710993
0.115857035
0.116486646
0.2747234
0.27681458
0.08936796
0.20031153
0.042657882
0.016887277
0.10161631
0.22345619
0.217577
0.09010579
0.096740305
0.17283258
0.14583397
0.2313641
0.17101757
0.07507549
0.15682359
0.21488217
0.43819213
0.2425469
0.09454497
0.24767374
0.16788329
0.14751437
0.18387125
0.2114569
0.17251934
0.2713
0.25443733
0.23575866
0.20467804
0.27370468
0.22107054
0.23312747
0.1481803
0.075327605
0.21723668
0.22392988
0.124844715
0.33511227
0.21076164
0.13606878
0.12115902
0.3569202
0.1691804
0.17867108
0.10984416
0.22582273
0.13989514
0.1750535
0.18445627
0.17641902
0.2643947
0.07903706
0.41505292
0.17520711
0.25163004
0.2693162
0.16687544
0.1038955
0.25648972
0.1461799
0.19888179
0.10552567
0.2433559
0.11408608
0.28667971
0.21212055
0.14945433
0.2026478
0.06929637
0.06702178
0.11679424
0.21009238
0.18430257
0.22656615
0.090792194
0.25438333
0.2158395
0.033123635
0.14682257
0.07311013
0.027948117
0.07965848
0.1816452
0.09776493
0.20348588
0.14549318
0.038076613
0.17240347
0.06144044
0.16246945
0.11124564
0.2507355
0.112970375
0.16755447
0.11755521
0.15685757
0.15660165
0.1335347
0.068361685
0.13440064
0.17188253
0.16936943
0.1804367
0.14086069
0.13856553
0.3165323
0.123200305
0.1966184
0.09425986
0.16768624
0.25719813
0.09397732
0.2921038
0.1986434
0.09584522
0.22901264
0.15449458
0.09584542
0.16751747
0.12742272
0.10622025
0.068731375
0.25475723
0.20830064
0.2978222
0.3252366
0.10341844
0.20089482
0.11380979
0.18971421
0.23141722
0.23095141
0.20273617
0.23680769
0.45165512
0.2600254
0.1930712
0.17404267
0.23590042
0.1528558
0.16561942
0.19340399
0.2440412
0.13797487
0.24576679
0.12976769
0.16059443
0.11029023
0.10191568
0.15543637
0.05790455
0.16895609
0.12854719
0.20213743
0.2682481
0.14253573
0.17231855
0.16430278
0.10382359
0.17643622
0.1754279
0.10506145
0.14954889
0.5450057
0.18177815
0.30281448
0.122911766
0.11115699
0.16723667
0.36140284
0.20721918
0.09971377
0.14638133
0.22823226
0.13196121
0.18839821
0.11978144
0.08961551
0.31485373
0.39959416
0.10711262
0.22617084
0.14520992
0.13762407
0.109505095
0.19939509
0.13207461
0.2017137
0.14978184
0.10579289
0.1646649
0.22884953
0.1226364
0.15844889
0.11057739
0.1939026
0.08125782
0.2508682
0.12624793
0.261009
0.06863205
0.047628198
0.062991254
0.19834949
0.07378384
0.22024077
0.21085247
0.14185224
0.25303575
0.29112297
0.18953072
0.10824922
0.21964914
0.117636524
0.09564353
0.1134474
0.10121311
0.12701559
0.13148125
0.20456782
0.13396604
0.17061874
0.34836558
0.19116941
0.27122286
0.0831492
0.08032022
0.25788882
0.10957249
0.20682164
0.17510255
0.16074608
0.20283063
0.17305909
0.2859614
0.32008243
0.23313417
0.1103648
0.23862962
0.11963858
0.148569
0.263723
0.3144195
0.17906344
0.11859294
0.22275355
0.10193819
0.20369187
0.13610296
0.2505116
0.16207625
0.2140848
0.13628227
0.12651217
0.24638805
0.3670957
0.1904422
0.15307823
0.24931887
0.14722176
0.16379449
0.5035186
0.43696743
0.1894279
0.33217588
0.15084818
0.18213338
0.3419088
0.2352995
0.26246318
0.2818417
0.14789307
0.17699969
0.23638214
0.15361258
0.15876442
0.13854492
0.20934297
0.2989192
0.36125427
0.19405264
0.10931442
0.20877825
0.17050296
0.18318449
0.06858346
0.0662953
0.17770709
0.17897475
0.13434021
0.10241369
0.0657181
0.16781916
0.06769172
0.121462025
0.31862995
0.30593196
0.18953624
0.31006202
0.20089819
0.13722272
0.20236814
0.35483277
0.15336825
0.20217937
0.20803173
0.28840837
0.30051467
0.28563657
0.405279
0.22285578
0.2904333
0.18156452
0.28441885
0.2683643
0.24198219
0.22157018
0.33320904
0.13330613
0.17534564
0.15043251
0.13838047
0.15843207
0.16406511
0.38400218
0.21783687
0.2587974
0.39217436
0.14524715
0.27645642
0.13239866
0.14640643
0.1746557
0.19044812
0.19700001
0.19705957
0.1965481
0.3237862
0.1798681
0.19517289
0.19814727
0.17903891
0.2128674
0.20883098
0.4987897
0.2878669
0.22251524
0.18281692
0.18943945
0.14628144
0.19471568
0.12924202
0.123551704
0.10356066
0.26633903
0.22290945
0.33805782
0.11587984
0.14059076
0.08788761
0.20915966
0.17525677
0.17763534
0.2137722
0.14217971
0.12860174
0.03960589
0.04428572
0.06458701
0.281495
0.31050333
0.17615217
0.1593512
0.05906859
0.18484469
0.24575765
0.120758936
0.14746992
0.1502765
0.15006566
0.1666269
0.096526414
0.16688702
0.1245732
0.113897644
0.17754832
0.08985898
0.06818743
0.096394904
0.09719121
0.17864192
0.20733707
0.1905079
0.11323983
0.13453594
0.16223899
0.20145983
0.24765617
0.13479164
0.0783274
0.11431474
0.043522365
0.20399746
0.32209185
0.11559528
0.26689553
0.26313516
0.040804856
0.2421587
0.15092872
0.068467796
0.06666002
0.17569636
0.10165604
0.20370108
0.36967975
0.17052841
0.2950502
0.14603907
0.28314978
0.20897545
0.35041183
0.19120531
0.14646882
0.25724632
0.082386
0.19946794
0.03584185
0.042841293
0.11117189
0.044214554
0.21102227
0.095587835
0.20095345
0.1657605
0.16840838
0.08535678
0.09247442
0.14319254
0.044601277
0.14615946
0.27648047
0.19999278
0.17623962
0.2830816
0.24499361
0.116925344
0.18599533
0.08892468
0.16135292
0.10174881
0.236573
0.09012668
0.26717728
0.11297189
0.21150118
0.20595238
0.09974583
0.120534115
0.084192924
0.11532418
0.20128812
0.07803598
0.23113185
0.088921204
0.102390535
0.11499301
0.056726314
0.1325618
0.1148107
0.14737341
0.24110587
0.12325868
0.07574459
0.1307039
0.20516638
0.15124784
0.13176346
0.20325308
0.2627995
0.21295552
0.17541778
0.30456132
0.15177737
0.13652797
0.21177122
0.2438677
0.21308312
0.175102
0.22668669
0.29187217
0.16328605
0.19879846
0.14690219
0.123105675
0.117059015
0.06902399
0.21922952
0.13202491
0.16389439
0.29369998
0.13484515
0.12784445
0.291882
0.20597886
0.19512448
0.18608274
0.2298004
0.2256352
0.3183315
0.29231134
0.2561182
0.29506212
0.14441858
0.34553674
0.27608055
0.2664878
0.282407
0.23660271
0.2907527
0.16771878
0.30082795
0.41850516
0.20877087
0.2101752
0.1520934
0.12549797
0.1536891
0.17042741
0.1564725
0.24988534
0.14200519
0.21074164
0.18287134
0.19404827
0.17209625
0.33326694
0.15890197
0.18360312
0.1836348
0.14500965
0.18394706
0.3173741
0.18430485
0.16558254
0.18056338
0.16570932
0.20331135
0.17748643
0.21334277
0.1694278
0.33233285
0.24815708
0.17782311
0.06362577
0.09118259
0.17140813
0.15314999
0.20017804
0.065778114
0.18336071
0.042674687
0.1356339
0.12740776
0.19078852
0.14279337
0.10897852
0.15697485
0.32676017
0.062585786
0.04973868
0.36848205
0.11979508
0.2604254
0.10238136
0.13713282
0.109846525
0.11862535
0.17384845
0.13506186
0.34554195
0.23689294
0.15354101
0.20800552
0.07786011
0.23229393
0.21052654
0.17444329
0.1306323
0.22477633
0.074056275
0.05730447
0.02487058
0.12264876
0.032428175
0.22830243
0.12871636
0.042758852
0.039720803
0.09761179
0.06465695
0.14141797
0.06859373
0.2660176
0.17429945
0.10902204
0.18812576
0.14310792
0.30334702
0.1517973
0.17744127
0.34952262
0.14318013
0.06901638
0.09637645
0.2340898
0.29957303
0.13391463
0.06909273
0.19565858
0.14137831
0.11316375
0.07859775
0.08180023
0.22416978
0.09353021
0.2423459
0.28172046
0.047000032
0.21765211
0.17073873
0.2209012
0.12717158
0.06853438
0.13982598
0.2019484
0.13948117
0.109960005
0.19796343
0.12691149
0.13375077
0.0831404
0.2902438
0.12821744
0.14426774
0.20942542
0.07436713
0.14581747
0.15606067
0.14657512
0.2706434
0.09375596
0.17018978
0.27505505
0.13536355
0.2568844
0.23204629
0.054862916
0.23004688
0.36756113
0.2519475
0.23315203
0.19804068
0.16048235
0.27811596
0.25860783
0.27425587
0.13821338
0.28968787
0.087870926
0.3184635
0.18539791
0.17509893
0.186907
0.23371443
0.06292533
0.11671461
0.3228871
0.04897526
0.26467255
0.09553697
0.14132202
0.17157981
0.13881986
0.06062943
0.0971423
0.082625605
0.14973241
0.19100447
0.17007187
0.1645921
0.15772001
0.07348761
0.2336963
0.081043266
0.27051172
0.007564418
0.33173597
0.12585196
0.05652191
0.22648199
0.105851896
0.29415923
0.10673508
0.27635175
0.29947272
0.26577336
0.2115974
0.21574344
0.055242617
0.11142285
0.10840187
0.12643778
0.124235876
0.28014174
0.03157531
0.14263892
0.19506048
0.182058
0.19577444
0.11501873
0.27456704
0.12548058
0.2584663
0.20163438
0.22162436
0.22956288
0.23956464
0.14516915
0.2931364
0.1774893
0.16651857
0.18421881
0.25546783
0.12158254
0.20929033
0.15512867
0.16319239
0.29605538
0.152795
0.17114073
0.1236429
0.15234403
0.08448925
0.13634594
0.21245167
0.2681554
0.23332411
0.20331372
0.29821658
0.15944159
0.120082505
0.14774755
0.055477835
0.031936586
0.100082666
0.28837013
0.063595355
0.14811392
0.2632178
0.13809203
0.12170615
0.18501033
0.17391516
0.2855323
0.27990448
0.2272407
0.22089873
0.15296866
0.16316271
0.2744628
0.19311535
0.15115064
0.19443372
0.35573423
0.32808852
0.19524714
0.16568662
0.27014682
0.16476609
0.21312645
0.12560527
0.14082794
0.18762685
0.1696138
0.1733095
0.21332411
0.10515998
0.1956205
0.18752994
0.0666948
0.04741325
0.09643381
0.34365225
0.23926957
0.40375158
0.17197748
0.21008222
0.043062326
0.067314014
0.24751733
0.11336313
0.22888795
0.112771645
0.17910255
0.21440975
0.11412269
0.13215463
0.09254149
0.31580034
0.18106641
0.32026386
0.15749657
0.18424796
0.12998994
0.35539547
0.073019736
0.16457817
0.2952038
0.03873904
0.15066078
0.15193711
0.37197527
0.18481462
0.08480623
0.27688435
0.17250985
0.16751821
0.22068986
0.20462853
0.1657339
0.19539823
0.2416787
0.18636376
0.168901
0.31277543
0.18667802
0.29681516
0.2862728
0.3101085
0.179476
0.14590159
0.34687534
0.1485747
0.13831346
0.1328692
0.27834183
0.15169308
0.11449181
0.10788978
0.24741507
0.12808123
0.2064029
0.17991643
0.15898682
0.18030587
0.1508389
0.15215282
0.2345897
0.22807473
0.38495657
0.12557152
0.16263649
0.15051179
0.07774959
0.1095351
0.16884875
0.07178503
0.25936675
0.19495
0.15052526
0.08629324
0.07273553
0.15464878
0.19725767
0.14409335
0.2038261
0.118525684
0.1928105
0.08065041
0.30687946
0.23945117
0.06261901
0.2579311
0.073949635
0.14822051
0.14577863
0.07447272
0.18551116
0.21181382
0.26860645
0.1767473
0.16044465
0.16980241
0.05041163
0.18666019
0.19515032
0.19051765
0.26885825
0.11229848
0.25441557
0.3182342
0.12571602
0.15786551
0.12187988
0.25555265
0.107638866
0.161882
0.23979695
0.104777426
0.23236136
0.17292112
0.17617024
0.15992759
0.14647721
0.24492502
0.21718946
0.23276788
0.1739158
0.25300908
0.17334326
0.18223749
0.16958767
0.29640576
0.31671405
0.24715422
0.18809536
0.2177909
0.32671878
0.20301887
0.40955427
0.17663722
0.1399813
0.2537578
0.18146825
0.09542359
0.24597794
0.1339848
0.16946065
0.21955067
0.14718428
0.13873756
0.32166177
0.29064044
0.37212023
0.18507813
0.26678562
0.20713669
0.3629247
0.1922034
0.17706445
0.17186837
0.28515705
0.32763955
0.25863367
0.23377429
0.08917958
0.21005149
0.15795012
0.16649213
0.226715
0.09498006
0.18719612
0.25296447
0.22929008
0.4099067
0.20730898
0.06274041
0.19941793
0.1882819
0.22393209
0.28152457
0.16847214
0.11809721
0.2493646
0.11707187
0.030936448
0.102821514
0.11552345
0.13517356
0.2588499
0.10986388
0.13244256
0.13357717
0.31255898
0.099653624
0.38366958
0.17888874
0.15617074
0.12571053
0.12172554
0.19942375
0.102464356
0.18747881
0.22613695
0.073651955
0.17427719
0.13413255
0.5822937
0.12115082
0.23896727
0.12614453
0.15966804
0.14609368
0.1575324
0.30085796
0.2935408
0.21289697
0.32169876
0.20333861
0.29357055
0.19583192
0.2069762
0.26394576
0.14717862
0.4215269
0.24177231
0.24476065
0.26559702
0.32011786
0.16302088
0.16001071
0.12842299
0.12840976
0.21977232
0.1291606
0.19606231
0.17490059
0.20783688
0.30627745
0.24749196
0.15795532
0.1862088
0.20887809
0.25618812
0.32445273
0.22180185
0.15299195
0.24928157
0.4227288
0.22417927
0.34897643
0.38846114
0.2608203
0.36667547
0.352484
0.18415196
0.2422972
0.27248943
0.21995735
0.24629748
0.22529998
0.2642511
0.21301194
0.35283616
0.21640359
0.15858027
0.2906953
0.28292772
0.26042867
0.15640837
0.17755154
0.20072223
0.1000178
0.08964477
0.19146445
0.15640128
0.2616584
0.13661103
0.15916884
0.033637322
0.22504829
0.12959851
0.23083895
0.08735839
0.040330864
0.050166618
0.14692622
0.39328772
0.21373488
0.1795873
0.10137767
0.14102435
0.15420924
0.08685142
0.1636641
0.37868354
0.19296925
0.085466884
0.2706364
0.119230345
0.31440237
0.1452111
0.08294406
0.22459732
0.22010376
0.14126472
0.16584158
0.17583734
0.17879833
0.124701105
0.11543603
0.21124767
0.16426021
0.23867959
0.09432257
0.0879138
0.06562445
0.097376354
0.121182606
0.06890285
0.25579885
0.17997283
0.17494276
0.14009017
0.16389987
0.24355306
0.22548942
0.022783099
0.13021639
0.089937046
0.11359002
0.20110472
0.06831252
0.082199626
0.11177893
0.12676282
0.20108664
0.12522438
0.16692613
0.1390606
0.14500187
0.09834706
0.0930658
0.323713
0.124306664
0.10832475
0.3043558
0.08298413
0.22102816
0.092197105
0.23851104
0.23669723
0.099531114
0.17765038
0.25173575
0.35785133
0.13582198
0.2030756
0.27295053
0.07572512
0.105290346
0.12033368
0.099835895
0.26474485
0.13745171
0.2635978
0.1330774
0.09439273
0.33798283
0.092690766
0.14108525
0.26116925
0.18516572
0.23743798
0.16886288
0.2325939
0.21364112
0.1510427
0.29172298
0.33167413
0.2506927
0.29848304
0.2946853
0.3262927
0.2880382
0.30073848
0.17379086
0.29836664
0.2910324
0.25793698
0.1936633
0.12299183
0.117428206
0.13883068
0.2753047
0.13324882
0.2364676
0.33302382
0.1349865
0.23485708
0.14078005
0.13426141
0.23158398
0.15970376
0.09844007
0.21067293
0.23491223
0.17911755
0.19997118
0.2883366
0.32400745
0.11202696
0.28911835
0.16696358
0.32251823
0.20165247
0.21467113
0.22709838
0.25736228
0.25402403
0.21612462
0.27684426
0.22943945
0.128529
0.13301215
0.23170267
0.1349162
0.23732246
0.03476607
0.10246001
0.11792284
0.3308133
0.16016674
0.13516477
0.16249311
0.21850425
0.26243314
0.19539309
0.2560737
0.17487596
0.21161048
0.17591839
0.3248203
0.21945675
0.15792793
0.14998652
0.23778822
0.11140161
0.27742875
0.059439275
0.14768805
0.20280235
0.1211214
0.06517259
0.19002952
0.18587367
0.35585675
0.19467615
0.20055814
0.37555274
0.33533227
