0.03797468
0.04906267
0.068450585
0.047032475
0.06514292
0.06984912
0.069904
0.015677905
0.06408232
0.076671466
0.046804167
0.052302126
0.01660935
0.047114402
0.051353734
0.098985985
0.038528297
0.0384306
0.037476815
0.033795897
0.06211751
0.08793565
0.10008789
0.082883246
0.04450656
0.0924581
0.11110187
0.038182322
0.06777863
0.068751365
0.0650229
0.039741836
0.06964686
0.04606248
0.040744193
0.042896017
0.16599107
0.05608958
0.026299825
0.045082957
0.0650217
0.0766191
0.07358253
0.031132502
0.051074825
0.06797784
0.063697174
0.028659597
0.032046843
0.051550448
0.050126463
0.054993235
0.06566917
0.104947045
0.05646693
0.14236663
0.05187929
0.089895345
0.080168195
0.04510605
0.06029233
0.09690052
0.02689869
0.036298748
0.05337228
0.06797982
0.069069706
0.053927783
0.034550026
0.07707649
0.04195513
0.04610039
0.053956285
0.061784077
0.035696525
0.037353434
0.080900796
0.07456217
0.12059915
0.016459115
0.052888468
0.07954463
0.041295443
0.04410064
0.049742162
0.11204844
0.05229478
0.027271712
0.067624904
0.03913587
0.06906169
0.02516476
0.020496821
0.053202394
0.02171004
0.041534442
0.0338339
0.063096635
0.05266187
0.026618373
0.040389277
0.011834403
0.059807494
0.09236507
0.032490026
0.051652152
0.015098655
0.019478472
0.06486019
0.057885733
0.09820535
0.050393194
0.074732006
0.07610167
0.049609385
0.02682145
0.08068408
0.1497791
0.059284016
0.12898089
0.040906366
0.02521209
0.03370625
0.036157623
0.16034757
0.048031162
0.047813646
0.06260522
0.026643164
0.053234827
0.040659793
0.08057603
0.05619902
0.03150878
0.038005296
0.050406445
0.09338835
0.048620265
0.13835064
0.016053287
0.07386362
0.07755924
0.038113825
0.0680338
0.041519742
0.10958359
0.08513016
0.03683297
0.04179431
0.030840933
0.02040881
0.07496929
0.1373003
0.0793312
0.02298548
0.04313001
0.055080105
0.05510889
0.076574005
0.05905408
0.027823007
0.04885554
0.08562834
0.061735373
0.010603162
0.08332596
0.042748656
0.022043934
0.031774826
0.090438634
0.104224205
0.091767855
0.07090864
0.11124515
0.1344422
0.046986915
0.11633019
0.044086747
0.041047197
0.061882254
0.045437094
0.04273323
0.0549155
0.09587594
0.117892765
0.098143205
0.07533218
0.05172114
0.07529522
0.049996752
0.030402752
0.041629754
0.038930636
0.059870936
0.08838455
0.057211567
0.047959685
0.07895986
0.057420254
0.03218793
0.040712044
0.097913586
0.062787935
0.04552682
0.043037895
0.03165847
0.04115113
0.054769177
0.10419801
0.09474926
0.06261785
0.061514314
0.060765184
0.07800725
0.04623894
0.04345135
0.04337469
0.1087383
0.09193093
0.07971334
0.06261101
0.041120164
0.073009364
0.03860945
0.08985125
0.033767905
0.17384468
0.059362642
0.10740418
0.044982105
0.047411133
0.067890376
0.05661356
0.059123334
0.0781645
0.06484155
0.0592917
0.07588349
0.04378455
0.090850815
0.059672274
0.095155895
0.033959
0.12500845
0.10155025
0.044544976
0.051816087
0.08750197
0.04962585
0.07597526
0.034190536
0.06596539
0.041677054
0.032508913
0.032036148
0.051514663
0.069595404
0.047670204
0.058730263
0.032128487
0.10073014
0.014354567
0.021203842
0.061647918
0.03886786
0.045534644
0.023052556
0.025746346
0.052612726
0.086353935
0.10902555
0.058386188
0.049928173
0.0546128
0.031593405
0.04455109
0.027729848
0.07516079
0.07213281
0.06368882
0.05993095
0.09521285
0.080280766
0.053150196
0.10254183
0.04665621
0.03357849
0.06486952
0.07012488
0.045076497
0.077015445
0.09387727
0.04066297
0.07858094
0.07134905
0.03788246
0.08996939
0.08114584
0.041201677
0.044436116
0.05248725
0.07017927
0.088275
0.083426625
0.06154468
0.062591076
0.107042916
0.09573177
0.03478752
0.058584236
0.03675558
0.04511553
0.046850324
0.08013116
0.12194043
0.09583368
0.049998593
0.082892105
0.119229734
0.056956872
0.056380704
0.08343773
0.124186456
0.09564176
0.05899841
0.03795815
0.0712083
0.06753965
0.041850008
0.07815156
0.050191596
0.068644054
0.073448196
0.043047745
0.05500565
0.05418516
0.07063772
0.097421646
0.0717269
0.09795753
0.083161086
0.078222826
0.0913318
0.06380878
0.052864783
0.045768715
0.04243542
0.05945916
0.16441715
0.034752797
0.06313258
0.054357406
0.06316107
0.115888
0.08739701
0.09353303
0.06308421
0.12441464
0.064890824
0.06818098
0.0637343
0.07143025
0.047285143
0.07599464
0.10841759
0.06502871
0.0826596
0.059513833
0.11453836
0.057444613
0.10193762
0.08873164
0.062438868
0.07927055
0.104045555
0.10138399
0.07247546
0.12372738
0.13042273
0.13249023
0.079082645
0.086827174
0.09977839
0.0612668
0.14945632
0.06489666
0.039369375
0.11276508
0.120084256
0.05638419
0.058332145
0.1014925
0.0582929
0.11346968
0.05687479
0.042348795
0.079312965
0.047312878
0.08454617
0.13272221
0.04980567
0.08540598
0.08685719
0.18966186
0.052301213
0.07036654
0.14163549
0.073772244
0.07044621
0.114072025
0.04111135
0.044037797
0.06711959
0.074277125
0.07925943
0.05784257
0.06341628
0.09160216
0.08367008
0.10108185
0.09164908
0.07087858
0.095529184
0.084692776
0.047063183
0.073282585
0.065189
0.072061606
0.09120208
0.047523092
0.04446459
0.09962583
0.076272994
0.10024916
0.013300719
0.09739892
0.08276872
0.07588357
0.078296795
0.032977223
0.031119334
0.061820596
0.058610816
0.04795845
0.0845721
0.0766531
0.106965
0.047722552
0.028997708
0.066748664
0.04174544
0.03247825
0.063870974
0.07802811
0.08920086
0.075103626
0.040440075
0.11385422
0.053868677
0.07583363
0.06993457
0.04748146
0.10791058
0.045377046
0.051513843
0.08619506
0.05715335
0.03389138
0.057396892
0.061476044
0.06599471
0.023307072
0.04356794
0.036138285
0.01794886
0.1237627
0.07323305
0.029115824
0.0357217
0.045197647
0.055217657
0.047597293
0.05346251
0.049201936
0.07451606
0.05261608
0.065309785
0.07773078
0.03631945
0.04651327
0.07497926
0.10233337
0.083324976
0.11194439
0.06231553
0.075360924
0.036112364
0.080061086
0.065192886
0.10042019
0.12704025
0.03453826
0.047902025
0.052776713
0.040561914
0.07659174
0.083541214
0.09524199
0.107286125
0.09082316
0.032415293
0.07244176
0.06908157
0.07834207
0.10897353
0.08513966
0.06824516
0.053809326
0.07607079
0.06347378
0.09032666
0.05995554
0.04640212
0.0913084
0.061192594
0.041816533
0.039860535
0.08425503
0.058613885
0.10541045
0.0592218
0.06838024
0.0696185
0.065662384
0.0857119
0.09436201
0.058865633
0.09195763
0.09736486
0.06653823
0.11543225
0.06323418
0.0775957
0.074629724
0.07080192
0.04252391
0.10565176
0.025432946
0.041972164
0.064426325
0.07043767
0.09903404
0.0676292
0.0374552
0.04934108
0.035403464
0.07968512
0.0431763
0.037494503
0.015849179
0.039731387
0.048265163
0.043771747
0.089093715
0.06430991
0.10243354
0.089837015
0.047146738
0.05057018
0.06021808
0.0518878
0.06644528
0.11379844
0.08238043
0.11583721
0.1079446
0.11033194
0.100340836
0.1186649
0.11590952
0.14235349
0.09306217
0.077182874
0.05537196
0.07682812
0.08304201
0.04950643
0.06716132
0.08558643
0.07206561
0.064578384
0.07827269
0.05541402
0.08173007
0.065989055
0.110853665
0.072360404
0.06872992
0.04658322
0.08490094
0.15363865
0.090274565
0.10815449
0.10575114
0.084359385
0.07297228
0.114151694
0.08636627
0.0704268
0.091616586
0.057155605
0.08995164
0.08698022
0.07792772
0.1190105
0.03739178
0.0461636
0.09533289
0.08263962
0.074552335
0.06810971
0.056845672
0.0712855
0.047591724
0.07649444
0.042066764
0.08215327
0.07153974
0.08471953
0.0659536
0.079387404
0.106311284
0.07193976
0.10711764
0.058488514
0.059179306
0.035681255
0.0663014
0.12942384
0.11053759
0.08177891
0.05217305
0.0896933
0.058445215
0.06186316
0.09009946
0.07742406
0.04102247
0.026155071
0.047235515
0.02870284
0.068523146
0.10176276
0.052801657
0.051383737
0.03789522
0.048885375
0.016494837
0.025133254
0.046306934
0.017386643
0.01397439
0.043307688
0.066881225
0.0560489
0.07603173
0.060206212
0.037814766
0.06331979
0.068357445
0.04952482
0.048328813
0.083897285
0.04287805
0.07763271
0.10165654
0.07718129
0.08804059
0.07189659
0.07369388
0.065302216
0.060741153
0.06427548
0.090059794
0.09035529
0.072520144
0.094518065
0.073587395
0.07932478
0.038777865
0.062471632
0.15930365
0.06889056
0.09467586
0.13531572
0.059207104
0.058920767
0.082297236
0.06711934
0.05785005
0.06605674
0.082324944
0.091653265
0.08237903
0.0539934
0.07964194
0.08634769
0.17208453
0.06759597
0.09941536
0.0577538
0.07548373
0.09801898
0.11658348
0.057393126
0.09613447
0.06425877
0.10825636
0.070514895
0.06652263
0.15897706
0.059113566
0.078180134
0.07140223
0.12256451
0.053432282
0.11028777
0.07029389
0.07351548
0.151847
0.081194386
0.08914443
0.15211897
0.066566855
0.06713406
0.04459563
0.07913748
0.07480879
0.09203591
0.10559826
0.046147563
0.09983459
0.054753345
0.08670074
0.05696499
0.043172732
0.051080104
0.121370666
0.10745533
0.08650741
0.06888134
0.08613828
0.06027959
0.11320281
0.044910267
0.06715575
0.05249308
0.063710496
0.06511761
0.07822775
0.0493916
0.08382447
0.07150606
0.08024877
0.05078149
0.101362534
0.11401385
0.07324298
0.055820316
0.10933851
0.0616883
0.0690104
0.05662106
0.107087865
0.055928867
0.06557806
0.10454306
0.12162277
0.13686582
0.06418611
0.104599394
0.096325815
0.063433886
0.0998933
0.07056029
0.049356166
0.09885423
0.07742671
0.07187715
0.10258804
0.08641542
0.08904206
0.0998128
0.072624594
0.057982694
0.100253955
0.057848107
0.03463886
0.06886534
0.096467875
0.1255679
0.08143778
0.07500248
0.050816458
0.052298438
0.09579414
0.10655082
0.056176364
0.14179578
0.11919784
0.08952659
0.12168419
0.11769605
0.13919209
0.1516403
0.07971816
0.077803895
0.08391309
0.13108148
0.087269805
0.049035024
0.03704028
0.058820397
0.06816594
0.059842113
0.045886252
0.086279206
0.05884048
0.079767264
0.10066217
0.10494823
0.09326631
0.10214135
0.08719699
0.0788042
0.078374386
0.06521238
0.06272767
0.07088007
0.100207604
0.06083099
0.11998351
0.080839485
0.039921843
0.09292514
0.08921418
0.10874008
0.029290834
0.08204839
0.078559406
0.058466155
0.08584491
0.06452227
0.101989366
0.08854563
0.06816884
0.093169264
0.05552228
0.08917668
0.0976898
0.11180306
0.08267736
0.056988604
0.055162832
0.042217348
0.096051864
0.08335575
0.06856578
0.08326881
0.062539496
0.08066198
0.051739715
0.08702648
0.060843337
0.038997784
0.06836261
0.075597994
0.086918674
0.031175682
0.028039124
0.08275333
0.06802986
0.06765557
0.10445077
0.11531235
0.09527005
0.1412873
0.060164142
0.12397204
0.08242868
0.13007672
0.05883231
0.10075617
0.088911206
0.07369434
0.098564036
0.05801956
0.089144774
0.07696882
0.04491788
0.08189716
0.061530598
0.07841783
0.08946152
0.058796484
0.09562106
0.075969085
0.059286453
0.08242528
0.085014805
0.05557421
0.101454474
0.0683163
0.10958655
0.07459537
0.093264714
0.05359844
0.08483896
0.031205932
0.047295455
0.0451248
0.068508685
0.015199849
0.08806949
0.057208244
0.069164254
0.067992136
0.04090797
0.032730184
0.019081514
0.07737617
0.035920892
0.06316196
0.06423204
0.11475355
0.048554603
0.030101959
0.0633226
0.047422055
0.03203496
0.04799284
0.12048745
0.04811954
0.09635678
0.08353695
0.06918074
0.0771106
0.09898413
0.04466406
0.062455326
0.105276674
0.033041738
0.024735859
0.026090438
0.12807606
0.027500158
0.05441062
0.089066975
0.060944404
0.06068602
0.05250192
0.074186124
0.12818106
0.047998823
0.05900924
0.08168651
0.11748075
0.040754516
0.07844456
0.069496475
0.08796597
0.015841791
0.09019245
0.04071847
0.04407781
0.053285137
0.060173243
0.035588853
0.102782965
0.016284613
0.077810384
0.046510383
0.09028266
0.06312387
0.08825418
0.056436893
0.056795318
0.058323164
0.06908642
0.07519223
0.060986802
0.054092705
0.06825951
0.034158
0.017755095
0.07309186
0.021315228
0.052636657
0.03670422
0.1361488
0.0760907
0.025389142
0.023148002
0.08039134
0.0654822
0.052215334
0.0329848
0.064317524
0.06560261
0.08411673
0.04044175
0.06993252
0.0421714
0.09013056
0.09300931
0.071697116
0.02469809
0.033298634
0.04642581
0.068466164
0.058800884
0.0785369
0.03239006
0.03617989
0.06617773
0.06741504
0.039819412
0.03951595
0.15983987
0.03745447
0.035807826
0.03587017
0.055918142
0.031858347
0.07024968
0.03769351
0.075037904
0.033905193
0.06864409
0.03034972
0.11650601
0.038745176
0.053639423
0.024722174
0.03520941
0.06972497
0.05756889
0.024098476
0.044885855
0.024810541
0.065482624
0.08403413
0.066750854
0.047270387
0.040875293
0.11278013
0.042203095
0.047834758
0.1187154
0.033810053
0.030429466
0.06002787
0.1277066
0.019127531
0.07172264
0.024300536
0.06621692
0.071813524
0.042253368
0.07845668
0.09879756
0.09929792
0.09117429
0.08021602
0.049638107
0.073901646
0.0582357
0.063032456
0.043628044
0.03919002
0.09803873
0.07121145
0.107502304
0.097843446
0.049444087
0.063475996
0.051957835
0.062146187
0.058218874
0.07358411
0.05628341
0.04563147
0.07352145
0.08111808
0.042953935
0.09353049
0.05467122
0.05362813
0.06695965
0.017655428
0.042643886
0.032936014
0.0634796
0.044174336
0.07853237
0.04482638
0.07944615
0.066876136
0.10345958
0.14199892
0.086699165
0.07903319
0.095532395
0.07323896
0.038130745
0.034658108
0.05456827
0.038186904
0.057453897
0.08042899
0.03234955
0.041165814
0.06737476
0.06528249
0.051528316
0.06191909
0.09298778
0.036756646
0.07526721
0.093772896
0.06612354
0.065765865
0.0708063
0.04458806
0.09581783
0.018235426
0.08156565
0.058256935
0.04168753
0.0064003984
0.023388954
0.060649157
0.064246185
0.060629763
0.027048595
0.01832012
0.022987772
0.07381416
0.043180205
0.07601325
0.08179464
0.027820075
0.08491457
0.0599854
0.06333733
0.050529867
0.09132551
0.11117362
0.0846576
0.05135148
0.03533701
0.02774037
0.039685074
0.045188267
0.09173873
0.061497718
0.02961619
0.118893236
0.08510022
0.030617973
0.03901411
0.037165098
0.08786435
0.09530202
0.054617204
0.06495984
0.121508785
0.05122221
0.05538159
0.044069406
0.048196018
0.0662963
0.09149158
0.12176596
0.09903341
0.049269177
0.058333736
0.12786114
0.10575899
0.08088215
0.20943972
0.06735527
0.121029526
0.06442455
0.08679044
0.050579503
0.08186752
0.060399428
0.117526665
0.083929285
0.080033265
0.05534123
0.06982363
0.076005414
0.04508175
0.039540764
0.07406626
0.07511172
0.13998617
0.046777815
0.036422055
0.08896035
0.038700756
0.05943413
0.034912325
0.091683164
0.07997435
0.041880913
0.07604664
0.030879632
0.023470918
0.044078752
0.10455272
0.03659192
0.115322486
0.057613585
0.10525945
0.059799593
0.049900405
0.05121369
0.10761419
0.037699454
0.086465776
0.060760207
0.054352265
0.058215927
0.066810675
0.05870605
0.050530277
0.07286369
0.075228184
0.13819164
0.08695797
0.07347858
0.26339248
0.28621796
0.2716689
0.27804795
0.07192653
0.054239817
0.03033116
0.08937708
0.100751884
0.029092373
0.063104145
0.04446166
0.074806824
0.10261987
0.05088053
0.0918799
0.06156618
0.068892665
0.114589356
0.10561158
0.13054435
0.04679893
0.097681075
0.10111459
0.0844724
0.111615516
0.103691876
0.095778905
0.06963859
0.06452987
0.078492396
0.09384693
0.103495084
0.11588017
0.06759286
0.09930649
0.087524384
0.06469045
0.101206854
0.09363676
0.069978744
0.07538103
0.08332881
0.12339241
0.0757651
0.12071701
0.10141931
0.09574458
0.09317168
0.11192214
0.08826218
0.08096922
0.10972333
0.12452077
0.06485461
0.079973884
0.103008024
0.083230905
0.08972848
0.09997493
0.13556838
0.10055971
0.11443369
0.094426505
0.09546925
0.13883221
0.14688368
0.09904098
0.13648319
0.10588501
0.08540836
0.1140072
0.08616586
0.11825782
0.0877446
0.30828494
0.33439106
0.3349029
0.34661615
0.3764513
0.3629373
0.38348556
0.12205278
0.14360188
0.093544625
0.09755916
0.0644012
0.10184174
0.07917308
0.10463917
0.090555795
0.090246126
0.1032553
0.10746451
0.06966381
0.09982129
0.13186973
0.09835056
0.09139838
0.1118241
0.08727355
0.113167785
0.07426114
0.08065243
0.06861179
0.08997994
0.104221165
0.10090345
0.10687938
0.0882811
0.06702132
0.10902192
0.058589946
0.08452753
0.07808607
0.10154662
0.08858557
0.089517586
0.08418789
0.13246267
0.12335549
0.08254046
0.074695006
0.14704847
0.11902399
0.078549996
0.08472228
0.054359198
0.10631743
0.11272883
0.12035907
0.13540992
0.103790365
0.1170327
0.10048159
0.11949638
0.066725254
0.080586106
0.056970652
0.105553396
0.09950572
0.08148104
0.07992397
0.11046647
0.11155521
0.058810893
0.11055276
0.105591655
0.1266514
0.09291267
0.10640494
0.07417703
0.13554816
0.1322044
0.08853212
0.09748461
0.09546407
0.100215286
0.1176501
0.09235098
0.096873395
0.08061163
0.083919816
0.11656285
0.0765126
0.08982948
0.04167509
0.121416934
0.059850845
0.08449306
0.06341256
0.09930234
0.09790173
0.064330526
0.08366119
0.056723174
0.08886345
0.06360204
0.07709937
0.09537479
0.052121986
0.04086886
0.042828687
0.08047144
0.07156827
0.029673846
0.14033888
0.06990403
0.06434344
0.062429953
0.10216911
0.031043846
0.06512874
0.04261506
0.052439377
0.07613421
0.055679627
0.11423833
0.08447309
0.04066235
0.07206817
0.07174505
0.06769036
0.025364254
0.039221715
0.062463917
0.015832292
0.08544562
0.091814026
0.05122862
0.07724782
0.061252322
0.064965196
0.05229578
0.046069905
0.03404099
0.05834526
0.062777944
0.07275997
0.047965474
0.07244993
0.04990975
0.051723298
0.05802616
0.028689941
0.046086688
0.052579924
0.10447122
0.092390746
0.09410369
0.0962674
0.086208984
0.05945456
0.08189184
0.11524606
0.04912262
0.068047844
0.09635975
0.06632662
0.04317138
0.038505584
0.09082521
0.05234053
0.09288969
0.046080053
0.022291817
0.06207384
0.033854857
0.028352035
0.04557629
0.11021332
0.041395307
0.037618116
0.043957382
0.057040036
0.07304448
0.044710647
0.037887257
0.12889656
0.086979836
0.029540984
0.045400523
0.07712019
0.03230926
0.0758223
0.03661557
0.07835849
0.079048745
0.07122026
0.047622614
0.083187655
0.0202532
0.045985714
0.035646684
0.09204733
0.07154717
0.095779225
0.037363958
0.074801594
0.029643899
0.049840283
0.08890276
0.07305966
0.050251324
0.042470682
0.03476724
0.095607
0.06969182
0.06333761
0.088929735
0.13277215
0.06660642
0.12888797
0.08012469
0.04918169
0.062585846
0.077278875
0.08181192
0.08566182
0.092477605
0.07147474
0.07986604
0.09037134
0.085745394
0.08167744
0.10099369
0.06128404
0.06611604
0.08928557
0.080961995
0.10295599
0.10902888
0.09600756
0.11635947
0.111919925
0.09511394
0.07199999
0.08885985
0.09032985
0.09311568
0.06730307
0.09122005
0.09068874
0.08458586
0.13002738
0.08779813
0.08183062
0.09338279
0.08966434
0.121412694
0.11413891
0.100512005
0.10006911
0.10298161
0.116688535
0.109201014
0.20000005
0.11707897
0.07750512
0.1279682
0.13292015
0.09392622
0.12995173
0.058158178
0.0673922
0.09170853
0.07466272
0.07925771
0.065765485
0.07289355
0.059624087
0.05377698
0.08526348
0.08354074
0.107287996
0.08348192
0.08160807
0.0845272
0.09257948
0.07030578
0.09946485
0.07784994
0.10116766
0.12196078
0.07957825
0.06805105
0.065824874
0.09246405
0.0884451
0.08810702
0.11182178
0.15935065
0.13044241
0.119967185
0.13595054
0.16382372
0.14917389
0.12814902
0.14486885
0.10414229
0.12402168
0.09620111
0.12653594
0.10825763
0.12285232
0.15318051
0.13552476
0.10803073
0.07353375
0.12097168
0.16558129
0.09472564
0.0939314
0.11075752
0.1069872
0.11582768
0.13253467
0.12940264
0.070951484
0.087724276
0.092086874
0.104431495
0.09381717
0.1301667
0.1138573
0.1601454
0.07244203
0.07947807
0.14102906
0.08093743
0.064449385
0.05721243
0.0962448
0.07296095
0.06604667
0.101617105
0.060742397
0.108705126
0.08457444
0.12017511
0.06721501
0.07147522
0.08442086
0.098893665
0.059911747
0.088177614
0.09864007
0.1166945
0.06419702
0.078149475
0.093920626
0.06950519
0.09295819
0.087511584
0.07440743
0.07536185
0.09679676
0.08998007
0.08125649
0.08425768
0.10132369
0.09887623
0.15324934
0.09231545
0.12040763
0.110428825
0.08501493
0.102000184
0.14972289
0.084784895
0.116657056
0.11095474
0.09789409
0.086672254
0.09666506
0.099623725
0.07941041
0.119088426
0.08842906
0.106209405
0.12701198
0.15487106
0.09927743
0.10275613
0.10864672
0.119760394
0.13489915
0.0745393
0.0953742
0.09255905
0.091187485
0.084335946
0.09395641
0.15395884
0.08969918
0.13224423
0.112983234
0.10736754
0.11567013
0.1321633
0.12444836
0.16109054
0.09961954
0.09032695
0.11145072
0.12009524
0.14242706
0.13743679
0.18394488
0.15589668
0.12133756
0.10462392
0.07053659
0.09738169
0.0959221
0.10068036
0.0957783
0.08747021
0.05799419
0.07839001
0.0952582
0.09313682
0.11007044
0.07858271
0.10919615
0.07663738
0.08401257
0.08369613
0.17732438
0.103481896
0.08935563
0.06833392
0.14169034
0.07163695
0.09293726
0.052505676
0.097900555
0.0740296
0.08394448
0.07523301
0.060482133
0.11069878
0.11304507
0.07062225
0.08292294
0.07888849
0.08439999
0.07393031
0.11633572
0.065301955
0.04632441
0.07212475
0.061377052
0.06403585
0.12321627
0.07256466
0.058200717
0.073929116
0.112362005
0.116189316
0.06801302
0.094412945
0.086811684
0.06776336
0.036739536
0.060156044
0.035740323
0.03432912
0.033377074
0.09185869
0.08608083
0.0294089
0.10795212
0.10050349
0.028571479
0.08003576
0.13306135
0.10081165
0.05140752
0.097220816
0.10869698
0.11799932
0.060368102
0.053061683
0.037147097
0.05424574
0.106616564
0.061366223
0.0733121
0.064164065
0.070277005
0.039842967
0.042110737
0.06588559
0.027984887
0.04598941
0.07690258
0.078283764
0.099932715
0.01655183
0.049506824
0.07149214
0.060862973
0.023406262
0.038233317
0.07541981
0.06129323
0.07886643
0.03311971
0.11229277
0.052982286
0.029052412
0.047091093
0.06834813
0.080768734
0.071682505
0.08025202
0.11104225
0.060606577
0.09866508
0.049872782
0.06252382
0.09353605
0.13694946
0.09714603
0.03735944
0.048588924
0.06173622
0.10364396
0.03752171
0.038360093
0.09181585
0.04419767
0.049693804
0.111202955
0.056792926
0.03986283
0.044276293
0.046402466
0.075422496
0.058911085
0.07181778
0.035539635
0.059003633
0.082578786
0.034344323
0.08648791
0.036237497
0.09905356
0.034741163
0.066771224
0.06560637
0.036586847
0.033344913
0.07625591
0.017319188
0.0279705
0.07261853
0.074194245
0.036647987
0.016581321
0.085233204
0.02165136
0.1054807
0.058300283
0.01883429
0.08789065
0.038932372
0.05482824
0.025060257
0.03168392
0.03884185
0.074508235
0.06204871
0.06637578
0.050401002
0.026070477
0.062496424
0.03685017
0.045828264
0.06373715
0.07542003
0.06747521
0.04392244
0.0
0.02974269
0.08825793
0.12715214
0.09746012
0.092534386
0.07076704
0.0709562
0.0512371
0.033222567
0.07480247
0.0745284
0.066555694
0.043422185
0.052781492
0.10295788
0.05359924
0.109508395
0.101111926
0.062794335
0.061488383
0.043187544
0.067590356
0.06439551
0.01977008
0.06991357
0.08696383
0.035624284
0.051375113
0.091269925
0.11344376
0.0575213
0.051655795
0.050402224
0.06218355
0.0517989
0.10148321
0.07497068
0.070452854
0.04523501
0.05588253
0.015447271
0.060716342
0.031863887
0.054834373
0.10277715
0.08119411
0.06791494
0.07020412
0.05646667
0.09552335
0.04956505
0.064201795
0.08508624
0.11688063
0.07755929
0.074022785
0.050133202
0.11670909
0.08264248
0.10861553
0.08627358
0.07572865
0.07851221
0.046106745
0.08954756
0.09633358
0.08992962
0.07925125
0.10959998
0.12755378
0.08003287
0.064569086
0.13431773
0.06475945
0.10699567
0.07086831
0.0888412
0.08290808
0.06283269
0.106096104
0.06026117
0.0720834
0.10954466
0.098929495
0.073023334
0.06757719
0.07649814
0.079408586
0.08536587
0.060205415
0.05280388
0.07808029
0.15333809
0.11334575
0.060693458
0.11048928
0.08894664
0.116617754
0.11751316
0.07207446
0.12903127
0.086938955
0.06718079
0.06291433
0.07935958
0.07452225
0.09819195
0.094300866
0.054315224
0.13485265
0.059681024
0.04695407
0.068046115
0.0745154
0.060046066
0.07653135
0.0627472
0.068093605
0.06840831
0.047874395
0.07031269
0.07331022
0.11130034
0.05902017
0.12304752
0.16525479
0.113476954
0.10319586
0.08374034
0.092278704
0.12950838
0.0820328
0.118784145
0.06374997
0.056930386
0.07430483
0.092530765
0.08369494
0.089714885
0.08669511
0.11421848
0.124114156
0.05843354
0.06434522
0.09952878
0.094228946
0.08948858
0.10269699
0.074629255
0.16323665
0.059082575
0.0716418
0.06275204
0.09145782
0.12795186
0.099082604
0.121259734
0.13429146
0.029514184
0.020621281
0.09006528
0.03594999
0.028686974
0.04011258
0.04188648
0.038621463
0.06032781
0.07509273
0.078605615
0.08186377
0.066556044
0.030579219
0.06202065
0.098432355
0.11325548
0.06450957
0.058683746
0.04835061
0.08049092
0.08231054
0.08277388
0.055304263
0.06652436
0.06866081
0.061206415
0.054936763
0.11978819
0.059704613
0.06170699
0.11873447
0.10537694
0.08015313
0.08620712
0.08012076
0.0700074
0.097924255
0.055736125
0.05126228
0.098637916
0.03806063
0.031507574
0.047409367
0.041945055
0.07775024
0.08675755
0.08848929
0.07212182
0.11270539
0.05484633
0.076592684
0.052762832
0.07497047
0.0370427
0.035495035
0.13650645
0.07202626
0.052102193
0.038425893
0.038265035
0.0697046
0.04572642
0.08354861
0.05616066
0.059737857
0.060137823
0.08557511
0.06739169
0.059203096
0.08865117
0.023434037
0.06963712
0.044218298
0.08393427
0.08265815
0.060413927
0.08840153
0.07489666
0.046756368
0.09630367
0.13877104
0.099299565
0.058936577
0.10225603
0.09304377
0.06550235
0.09668902
0.110720284
0.10932178
0.13231134
0.056777246
0.10613641
0.07755408
0.07176156
0.11457193
0.11914543
0.13868466
0.05395154
0.03380406
0.074362524
0.060905878
0.06781333
0.061598368
0.05245236
0.1175235
0.12434813
0.11461442
0.100777775
0.09937923
0.13618828
0.12489434
0.074470535
0.06483566
0.091742
0.08843721
0.06884242
0.09370291
0.11564406
0.07434866
0.09003278
0.15028721
0.10292286
0.12621711
0.09353964
0.08060396
0.105556116
0.094513275
0.084945016
0.12580489
0.12043062
0.08551076
0.08212157
0.11672015
0.09654521
0.13304539
0.10617332
0.08107958
0.13722862
0.08336653
0.10904745
0.091072835
0.055579
0.072522655
0.049935643
0.108488224
0.082794316
0.0454905
0.07418246
0.063092
0.064893395
0.04956958
0.040526558
0.111695886
0.067061484
0.07757169
0.042369854
0.14516689
0.05139467
0.06665315
0.054669842
0.055960823
0.06680735
0.06937039
0.076395884
0.0869644
0.05800338
0.06242784
0.06670882
0.05624486
0.11279211
0.120743394
0.059893444
0.093413875
0.0813598
0.13149583
0.057492573
0.06919656
0.058636557
0.07799774
0.09607505
0.07205787
0.10574777
0.0955249
0.095760435
0.09227948
0.098288335
0.06480316
0.095476195
0.088701025
0.051599834
0.073721625
0.0661709
0.12409411
0.08714304
0.051929377
0.07106168
0.0767087
0.10722045
0.061807845
0.09295742
0.07502493
0.07374504
0.058191873
0.08951147
0.09116021
0.050237123
0.07332475
0.06452115
0.056651488
0.05150371
0.051427603
0.0369067
0.037839867
0.048183702
0.04776154
0.055854376
0.05201793
0.026114538
0.07247006
0.04549354
0.028493514
0.08079378
0.09232486
0.063681066
0.017828401
0.06342434
0.026346862
0.052410707
0.0495954
0.07636241
0.047547724
0.06332069
0.0867892
0.09249517
0.04782818
0.10309914
0.044057783
0.077924386
0.071544416
0.06622661
0.07409028
0.070107654
0.14778179
0.05287101
0.04071084
0.08508977
0.04806853
0.07199118
0.056727238
0.05656098
0.065636
0.07375328
0.08148283
0.13169946
0.08432183
0.08249867
0.056283344
0.07541791
0.07660512
0.08650251
0.06392466
0.11695178
0.044571824
0.06701802
0.07935187
0.09455434
0.07408866
0.09367345
0.071485
0.042628367
0.06892527
0.06312177
0.10202705
0.049119927
0.069036104
0.05442305
0.042986207
0.06821519
0.055574525
0.056991298
0.07036852
0.05024468
0.04356211
0.06498995
0.06290741
0.10179368
0.06557048
0.11133401
0.06855406
0.050404288
0.055278983
0.094206974
0.057248246
0.060285766
0.06503911
0.07463594
0.11760143
0.09576047
0.08145146
0.10896889
0.07918731
0.093936585
0.064013936
0.068509884
0.05696884
0.03946548
0.04602425
0.06454808
0.08000579
0.045496106
0.06895396
0.06323936
0.04324018
0.04288039
0.09624434
0.14636843
0.04478854
0.06108985
0.08027744
0.056303214
0.07186602
0.029170599
0.05250257
0.04384892
0.03163131
0.073755816
0.068624996
0.09387165
0.036689803
0.08452608
0.08146547
0.07925513
0.055530876
0.033197515
0.11886784
0.045228813
0.0620616
0.06633575
0.038717452
0.079749696
0.12186467
0.05413027
0.06105301
0.026951931
0.07768644
0.095456615
0.065023586
0.11745957
0.073534064
0.04470922
0.061107706
0.039985247
0.08351444
0.02634235
0.14400597
0.042645868
0.056612153
0.022160947
0.094060004
0.055122145
0.05085732
0.040691037
0.0322921
0.07195288
0.093879096
0.064069055
0.040839646
0.03992696
0.10613695
0.09843633
0.07810177
0.055775475
0.06652832
0.06727775
0.040172108
0.030049028
0.078743845
0.04563063
0.051515553
0.11345589
0.09969031
0.046508916
0.02698694
0.073515885
0.054926164
0.07362696
0.041752357
0.073776715
0.06414255
0.05252102
0.032398805
0.08396512
0.14773071
0.088752314
0.042815086
0.0658947
0.042659137
0.08530871
0.06260999
0.06379885
0.051208
0.06236748
0.063872285
0.038869053
0.03303789
0.031619363
0.03895737
0.06332016
0.022709146
0.09095181
0.03968476
0.08123871
0.045252424
0.043837808
0.05286295
0.0557109
0.03258721
0.037982803
0.05346075
0.051047023
0.078397624
0.049390327
0.09657857
0.050561506
0.05889609
0.061137393
0.04486924
0.07883014
0.05993959
0.067178965
0.05293975
0.07437496
0.061548147
0.080900505
0.04908611
0.06432032
0.04467657
0.094358414
0.04750752
0.105304465
0.046468515
0.07952035
0.063889585
0.0495813
0.06231609
0.07257465
0.10784091
0.03760703
0.051015902
0.045108948
0.05742296
0.049248386
0.0389111
0.12575245
0.11882887
0.04880531
0.056461263
0.10139982
0.06964958
0.06399665
0.107648626
0.0827357
0.11161055
0.1092534
0.058145776
0.10366008
0.06946602
0.084414296
0.07114088
0.056368668
0.0457328
0.07441953
0.086115226
0.07402651
0.091549404
0.08051712
0.098719954
0.11016961
0.11280313
0.068087555
0.07122989
0.052839644
0.08512092
0.05161803
0.03399813
0.0607478
0.054665882
0.045685418
0.08935128
0.10809429
0.16604486
0.091037795
0.07598782
0.086578235
0.14299892
0.14055416
0.11417827
0.08943299
0.16388445
0.122620784
0.09417761
0.08289995
0.09228504
0.06392544
0.08944191
0.09783049
0.13313553
0.08449403
0.15033859
0.15247619
0.14840151
0.10754311
0.1175089
0.12026756
0.12602733
0.13727704
0.12265304
0.13296247
0.09878146
0.16584732
0.13780135
0.1596706
0.10562286
0.15191397
0.13996719
0.12192956
0.16788813
0.083477184
0.09598174
0.08982544
0.09289686
0.10728407
0.11296705
0.08661269
0.08621762
0.084061384
0.109158576
0.09150184
0.13074568
0.1352126
0.1150527
0.08966448
0.10621526
0.11588778
0.18872383
0.116479546
0.12554304
0.11548324
0.10735264
0.11371793
0.13019682
0.11607697
0.11014309
0.12251399
0.106122
0.09901388
0.1252881
0.108164534
0.11903832
0.13642156
0.11161579
0.13845031
0.07891476
0.07073971
0.13624978
0.17046668
0.11585036
0.098619655
0.109770685
0.11412639
0.107010335
0.09982843
0.09436723
0.09575686
0.1297286
0.111422315
0.13037336
0.14250274
0.13877295
0.13994518
0.13933513
0.1246903
0.1117453
0.13762316
0.14073609
0.119603336
0.14299117
0.1269357
0.14543091
0.11945838
0.11089009
0.11216574
0.131098
0.13241328
0.1226378
0.12483541
0.12509249
0.11838043
0.12482235
0.09217578
0.10490212
0.09638592
0.087075934
0.08437996
0.08651718
0.061769594
0.071147315
0.13887466
0.071039066
0.09578985
0.10594253
0.044669807
0.1008593
0.08435893
0.10440713
0.08275011
0.0852948
0.075058654
0.08006801
0.08418667
0.08257143
0.13550021
0.081378214
0.04900655
0.10599017
0.05634767
0.080961585
0.104248345
0.06888985
0.044927727
0.093906894
0.058781065
0.059834342
0.062725864
0.097982645
0.04279852
0.062278666
0.0919592
0.07644901
0.094353214
0.08453829
0.10648594
0.07802705
0.06803593
0.08370947
0.06056938
0.077779576
0.121693656
0.08279456
0.08194227
0.12861179
0.0633687
0.06497248
0.13398367
0.06056614
0.10643637
0.050379224
0.060692977
0.063498594
0.07492038
0.07340417
0.09276864
0.07057732
0.03321833
0.093026884
0.091094196
0.055077855
0.09018011
0.094975345
0.056632653
0.09521919
0.058476456
0.107497096
0.07639616
0.13084368
0.14342745
0.12555282
0.17374797
0.057499047
0.09212333
0.0662207
0.12027502
0.101387925
0.06002372
0.112077914
0.15342341
0.07616361
0.094612695
0.10597802
0.052125365
0.085894495
0.100942776
0.10778878
0.055248678
0.09833625
0.045132197
0.072547115
0.10130346
0.06234595
0.14027725
0.10726086
0.10656291
0.0731544
0.13211614
0.102884725
0.11437988
0.08980033
0.058652952
0.059183143
0.074703425
0.13322474
0.06837603
0.08718279
0.060434774
0.13702054
0.09557097
0.052958928
0.33340812
0.28091577
0.2762648
0.07428538
0.056931578
0.10006661
0.09221225
0.076366425
0.054667436
0.1142578
0.10249454
0.1107009
0.08611583
0.110310584
0.09845167
0.076727055
0.09246455
0.05656406
0.060074184
0.07834254
0.100199975
0.08105468
0.12018466
0.08344578
0.095551915
0.08560594
0.06867133
0.05014498
0.037657768
0.07408647
0.07565917
0.061507225
0.085026346
0.1082267
0.05667463
0.0864732
0.06619052
0.1043546
0.0519267
0.0748535
0.051916167
0.053050667
0.018818622
0.0635815
0.081380725
0.031289097
0.077808894
0.13429013
0.044423174
0.051994327
0.074169815
0.015214998
0.11398843
0.07086104
0.1333429
0.024796441
0.057528723
0.057431363
0.07655238
0.07455359
0.056497425
0.031162497
0.025389375
0.052182592
0.0668673
0.101921014
0.080308914
0.02928212
0.029461505
0.0696146
0.06892875
0.046749875
0.08400019
0.08561329
0.075108804
0.057665184
0.061847996
0.045553904
0.050643254
0.0712004
0.09732879
0.102189854
0.072391465
0.07164021
0.06712592
0.08736449
0.07655549
0.05224137
0.009922049
0.033044655
0.07384268
0.081858195
0.04597222
0.09826826
0.09195381
0.051735807
0.066203535
0.030568384
0.11059629
0.044621095
0.05955169
0.042572193
0.05913017
0.046033133
0.036213927
0.05079982
0.09441278
0.04289115
0.065326504
0.05901068
0.06710354
0.09795943
0.06303587
0.12368895
0.0710345
0.08634259
0.08293958
0.06722589
0.119132884
0.058243345
0.106725104
0.048252504
0.09899582
0.09228564
0.06794732
0.062971584
0.05049027
0.07416382
0.077164344
0.06600937
0.02876124
0.0428956
0.15781945
0.03855093
0.09107038
0.022835637
0.04040624
0.03206304
0.039498657
0.038236637
0.024912827
0.06598999
0.090684555
0.102435194
0.044161994
0.11263626
0.07968199
0.08817696
0.070674576
0.025237216
0.073801555
0.037959363
0.05142314
0.066153504
0.05369001
0.123045124
0.06600889
0.10055585
0.04528332
0.032750923
0.07720521
0.028693013
0.03750491
0.08222755
0.023224035
0.09665269
0.11439271
0.029594935
0.008812108
0.08474132
0.031471107
0.06009772
0.022838723
0.035015643
0.09204253
0.1014743
0.04181558
0.051955972
0.068221726
0.0198811
0.06306895
0.05076021
0.07681096
0.019051138
0.06134322
0.032306496
0.055680234
0.14367491
0.0666195
0.10075262
0.029601341
0.05365695
0.098814584
0.071114145
0.044070106
0.03958236
0.039108176
0.118165776
0.039608978
0.0755528
0.065132566
0.08085918
0.034487482
0.09363321
0.045418072
0.09443854
0.07007405
0.04580099
0.05905442
0.03948623
0.059286073
0.093940176
0.016341219
0.044334333
0.031660438
0.06068498
0.03840016
0.039979503
0.14928903
0.033706047
0.035160534
0.07817057
0.041812092
0.093666226
0.05025062
0.035512798
0.06954163
0.092476666
0.07277346
0.049194913
0.044355765
0.05291741
0.029691191
0.067126885
0.093798995
0.12620917
0.06350174
0.057846677
0.09369777
0.07455644
0.037790347
0.06765995
0.046802215
0.0777412
0.07367342
0.10493524
0.07073868
0.05320219
0.10149754
0.07239575
0.09260725
0.061283365
0.065774634
0.02384242
0.10072347
0.071038686
0.06161219
0.061726026
0.06603727
0.08535397
0.049773883
0.061518468
0.15792418
0.056263596
0.05549718
0.09773444
0.08024256
0.087446466
0.110648796
0.05531982
0.049849153
0.0889847
0.08503986
0.07444726
0.13791057
0.08303401
0.113081224
0.1282429
0.050338227
0.044448074
0.09642804
0.059163187
0.061852038
0.077495724
0.07712154
0.07466935
0.08372959
0.0824855
0.06735906
0.06378478
0.0913877
0.06854832
0.06294723
0.06101815
0.090770945
0.046050094
0.052743793
0.0802012
0.043965008
0.07770371
0.09192612
0.098460026
0.065059274
0.08412436
0.04064708
0.037663046
0.06743705
0.094190694
0.04684941
0.05502723
0.06337133
0.068704695
0.059397455
0.1367671
0.046143476
0.053752273
0.0628891
0.03572711
0.04345134
0.041483633
0.033646725
0.026174022
0.12133523
0.10856209
0.038374424
0.026016463
0.06519915
0.05825053
0.056051694
0.041076936
0.05851781
0.06705766
0.050056398
0.07893539
0.04483372
0.05605427
0.04494314
0.07470221
0.11441519
0.04448725
0.041844122
0.02921613
0.07010227
0.034175757
0.11076316
0.057007026
0.06783466
0.03656785
0.019839758
0.05102487
0.11871376
0.039945744
0.07570659
0.10520356
0.0774916
0.04247642
0.042711977
0.055854037
0.05077071
0.044369735
0.020201603
0.06450425
0.05155218
0.054373547
0.039421566
0.04499065
0.052951097
0.08837488
0.012961448
0.08552504
0.06416136
0.034285937
0.02672104
0.04143258
0.070083395
0.05134926
0.054554936
0.057646677
0.08001397
0.06330479
0.060487024
0.033098157
0.048045594
0.052289516
0.036244396
0.019316545
0.0051868926
0.031882156
0.034991015
0.06821587
0.045192946
0.12182614
0.085289
0.041918676
0.06088119
0.060781237
0.05835815
0.076206535
0.06673759
0.07572783
0.065022565
0.0878412
0.04120669
0.091174915
0.07753167
0.06440515
0.09337213
0.1261543
0.07682613
0.105405964
0.062194362
0.07235453
0.07350776
0.049325768
0.081054166
0.019974139
0.060859274
0.053273436
0.0819215
0.09041859
0.07968255
0.06069753
0.03834978
0.091690816
0.10360667
0.049776606
0.013200424
0.04444713
0.027228229
0.047643315
0.05968379
0.06397205
0.07339803
0.08111872
0.09578665
0.07891573
0.04583046
0.060508635
0.024555573
0.048959296
0.029665155
0.1367952
0.05053197
0.059257753
0.028172286
0.061269775
0.052995037
0.07218165
0.055433173
0.073519416
0.083046086
0.06373962
0.041059256
0.067611024
0.054221913
0.058307525
0.10739344
0.057767943
0.033605818
0.12896655
0.12734987
0.08614783
0.051677555
0.04491797
0.07193654
0.099854395
0.019821303
0.13074262
0.058658224
0.049713526
0.031220337
0.023929708
0.08725294
0.045264315
0.016147742
0.029556157
0.048839595
0.08590463
0.04634243
0.06111513
0.056132443
0.014146856
0.11179228
0.055736367
0.086666144
0.05575352
0.035745867
0.08927501
0.030956915
0.106667824
0.079331055
0.09294542
0.026021946
0.1193774
0.11191941
0.07122645
0.08164213
0.058433887
0.0327409
0.044616446
0.035319787
0.09789752
0.06533329
0.04022529
0.009235756
0.08511945
0.067439
0.061169088
0.025605664
0.07692347
0.12733623
0.043936662
0.028364135
0.06567794
0.040295634
0.10254329
0.06306061
0.05676514
0.07097293
0.047069207
0.045677993
0.01265385
0.026561486
0.06868905
0.07020913
0.04510835
0.11169843
0.02849243
0.07906564
0.021674914
0.05246318
0.10504988
0.048865054
0.94078916
0.89972097
0.9295345
0.95747197
1.0
0.9554053
0.9572236
0.95228326
0.9666344
0.053921882
0.059281606
0.06524257
0.11460532
0.045449883
0.037276343
0.04736406
0.030700063
0.075622365
0.041378997
0.08373356
0.058733348
0.052739218
0.08226117
0.06625845
0.061991017
0.08983897
0.02576574
0.037633777
0.031064644
0.0993385
0.08008114
0.09806005
0.04440299
0.059532143
0.06195034
0.10750337
0.069521174
0.06710261
0.03200813
0.0986096
0.03631093
0.08792408
0.046436135
0.11638663
0.033921063
0.039178003
0.09231939
0.05482523
0.026422633
0.030128311
0.071935825
0.023830252
0.044850826
0.04754954
0.025207857
0.03972082
0.059645504
0.06366323
0.045165382
0.052929174
0.05564902
0.028902339
0.07946798
0.030933581
0.042386256
0.101761
0.070771635
0.04410316
0.09710222
0.04851393
0.062128905
0.050121
0.06267048
0.07979754
0.036642414
0.08096435
0.037988447
0.0481836
0.048798673
0.024117274
0.041480694
0.018399926
0.07265464
0.040662274
0.08068012
0.027377002
0.05963923
0.06779239
0.049200084
0.10001509
0.0453052
0.04414332
0.023177845
0.078803964
0.03917483
0.085351236
0.06015978
0.050238375
0.032502115
0.04858379
0.064647146
0.0491697
0.057621405
0.10797632
0.06828179
0.07346545
0.04780282
0.098745994
0.09476979
0.07729478
0.07623085
0.047926415
0.07463196
0.054367103
0.10244099
0.10202433
0.086811975
0.07321141
0.078536235
0.08569233
0.049349274
0.051533427
0.067417935
0.061433267
0.07658008
0.081787325
0.10731194
0.06979862
0.09478193
0.07090572
0.13012546
0.14779896
0.09268378
0.079672575
0.08990866
0.06278073
0.053193487
0.13002495
0.07916946
0.10049855
0.07669252
0.04395361
0.09217884
0.056352966
0.05594734
0.03547611
0.12015638
0.06050264
0.028742278
0.06146065
0.08068344
0.08046937
0.07233377
0.07148368
0.04600446
0.062237583
0.04517232
0.05659812
0.092284344
0.10331311
0.062300485
0.01569079
0.051763095
0.07001103
0.08736101
0.034129396
0.08063185
0.06974162
0.0850897
0.094592735
0.084379606
0.080083214
0.06748596
0.058034766
0.074072205
0.111444704
0.08091364
0.10121694
0.052952558
0.07830903
0.05035189
0.08998361
0.06524409
0.08827852
0.05437535
0.027321694
0.051253434
0.058427077
0.08779503
0.094413795
0.055884935
0.0708687
0.09770784
0.045769162
0.044359308
0.05502099
0.114439934
0.044329777
0.06523173
0.023522938
0.036772486
0.020816186
0.08601033
0.08662573
0.062315896
0.10864847
0.13415271
0.06860612
0.04600967
0.050121684
0.1432582
0.05805614
0.048751332
0.06353383
0.048840735
0.06615015
0.031056847
0.12604491
0.04389833
0.09510814
0.027629301
0.051711712
0.08023606
0.06077172
0.049251616
0.05189044
0.07527893
0.029658865
0.038556874
0.025659284
0.07933629
0.01596336
0.061574552
0.09449141
0.01886915
0.0640813
0.059449445
0.08512986
0.040780168
0.07617305
0.058274698
0.060630437
0.04956325
0.02916195
0.09414272
0.09334516
0.05308539
0.05824098
0.030031396
0.017840672
0.055452947
0.03303626
0.043838922
0.033006895
0.043837354
0.085165516
0.09958992
0.03873158
0.05283466
0.05151591
0.057815485
0.0938822
0.08345282
0.070069306
0.10610303
0.051275056
0.049279485
0.07340517
0.036837745
0.046024963
0.055071298
0.0357523
0.026967661
0.05864244
0.01739545
0.045335505
0.043034248
0.04271908
0.06279361
0.03518715
0.07563444
0.10380479
0.03350779
0.05851874
0.06125542
0.05935409
0.031752177
0.06644467
0.081748225
0.08322718
0.042942446
0.06893125
0.09232661
0.07556192
0.07761593
0.14618666
0.046993684
0.015202058
0.08547395
0.15779537
0.05521313
0.01108513
0.079734065
0.057511143
0.026197935
0.041799836
0.02194431
0.07078498
0.08480692
0.04108727
0.054582752
0.042475957
0.023607122
0.09443682
0.017106006
0.13828933
0.07442389
0.056596957
0.041310035
0.048549436
0.051510263
0.07854371
0.038297508
0.04814068
0.018362476
0.048937805
0.040569324
0.09899743
0.043543343
0.08167712
0.12136476
0.04037658
0.073434114
0.04112786
0.034685712
0.053752717
0.039951358
0.024537204
0.03864583
0.048808813
0.04852467
0.13622496
0.03393462
0.051152416
0.085750654
0.061281882
0.08230871
0.025276562
0.07031857
0.05026472
0.02222124
0.0929007
0.054015845
0.071948774
0.05027175
0.05644045
0.08445056
0.056145072
0.07690075
0.09685035
0.08039325
0.046383042
0.06701355
0.05790682
0.0560928
0.09094534
0.08095273
0.067669325
0.11091712
0.055863988
0.064403236
0.07580895
0.08744792
0.057646226
0.08793232
0.10274882
0.04582096
0.1421177
0.07046545
0.12662028
0.10423935
0.05105633
0.08145329
0.04629151
0.064838916
0.083612084
0.011877866
0.048558567
0.07181371
0.1105843
0.0066948174
0.06061731
0.035428703
0.05234239
0.08472419
0.055866256
0.05945403
0.064475976
0.028727043
0.08248634
0.0881776
0.08356172
0.021817489
0.07057144
0.041564178
0.15725097
0.05429769
0.041011836
0.041029666
0.049123503
0.04296032
0.048013225
0.03777655
0.07193187
0.08834323
0.09476006
0.040860664
0.04893067
0.042011652
0.107793994
0.02442922
0.060196124
0.053197123
0.030509666
0.07638927
0.056024965
0.049367175
0.088052206
0.032610644
0.05681801
0.075089596
0.04434721
0.04386757
0.07657116
0.050653342
0.04744054
0.07198856
0.055236336
0.06811015
0.03900411
0.10237921
0.047816288
0.06275078
0.04509644
0.09064219
0.021710094
0.051644348
0.111629695
0.10238228
0.1027601
0.048642334
0.07242107
0.05088524
0.07807508
0.042387247
0.06469578
0.0732248
0.03475487
0.076567926
0.060729317
0.04384871
0.040977947
0.0434035
0.038323916
0.044740226
0.03496362
0.05840329
0.11154757
0.054742396
0.047595866
0.08626497
0.052917458
0.067622274
0.05216388
0.051258266
0.05140143
0.028286692
0.04271481
0.050877035
0.06764226
0.05408076
0.13301232
0.030051112
0.038715612
0.12686825
0.047461405
0.05462137
0.03485311
0.02535326
0.06489136
0.034526482
0.027759664
0.058345586
0.050640985
0.039892524
0.07266821
0.08328617
0.006812051
0.035580877
0.05728009
0.0105999345
0.031570237
0.027883843
0.08933116
0.061534505
0.034613904
0.0655075
0.071229935
0.091599576
0.0875769
0.042819124
0.047776345
0.06072997
0.056611065
0.10097282
0.13338248
0.038357582
0.055172127
0.11636585
0.04008777
0.026596602
0.062388733
0.063714035
0.08428236
0.52090406
0.4949257
0.03252424
0.041966066
0.02156439
0.022062756
0.060377385
0.03333611
0.09018171
0.038429253
0.12690687
0.0816881
0.099651776
0.08826823
0.093142256
0.09935963
0.06263853
0.12430881
0.04685144
0.054234732
0.076031595
0.04706937
0.054904915
0.047955193
0.093015
0.061248124
0.08887218
0.060535774
0.087257616
0.07342579
0.10612188
0.07336421
0.03690668
0.07124636
0.09493561
0.06853475
0.092999354
0.06376297
0.053389374
0.046852574
0.051591583
0.06480444
0.0951439
0.06414705
0.06700554
0.076809786
0.06654284
0.06546603
0.076513045
0.08643406
0.06423853
0.10404921
0.061671685
0.10743655
0.07864411
0.06601498
0.13696314
0.08988752
0.068556786
0.056516543
0.040304106
0.078854084
0.11180984
0.0969462
0.060597382
0.07834762
0.076660454
0.07883459
0.08395055
0.097043365
0.11840608
0.104441755
0.07832044
0.07599317
0.109994255
0.070969686
0.09970697
0.09970983
0.13462937
0.099888414
0.123186015
0.1172857
0.14593197
0.1466963
0.154319
0.097077854
0.15356784
0.15400024
0.10943625
0.12313869
0.11542367
0.10253191
0.15356745
0.15568513
0.09842121
0.12433022
0.12232992
0.12202141
0.1387387
0.108975306
0.14696835
0.125602
0.11280551
0.12436821
0.13337412
0.102895714
0.13325435
0.08197221
0.07856056
0.11430873
0.11271936
0.11581813
0.060795277
0.082384676
0.08084679
0.14941658
0.08401105
0.12916356
0.065142125
0.071169294
0.10418709
0.079399094
0.102885604
0.07582001
0.08166498
0.09042992
0.06648462
0.07574798
0.090909995
0.11942882
0.12409919
0.08164166
0.060614266
0.07072192
0.08817745
0.08935769
0.08008036
0.12090814
0.10866671
0.111014575
0.1103988
0.11091852
0.10361759
0.12008712
0.08488298
0.08866939
0.06271364
0.073042534
0.08966962
0.060208153
0.12256328
0.06911281
0.059856843
0.057199363
0.08800784
0.08116873
0.074168995
0.07746246
0.052510317
0.0653582
0.10145845
0.077676184
0.07220371
0.12411983
0.06539808
0.09726783
0.15231769
0.08109753
0.13985138
0.085465156
0.10626908
0.13886361
0.1685901
0.12598217
0.14002179
0.16087097
0.13481158
0.11648128
0.08974775
0.10742094
0.120180085
0.13687213
0.15751211
0.16006127
0.14626817
0.13217263
0.17273754
0.12421229
0.12010825
0.24069443
0.14364071
0.116448134
0.17068613
0.23470943
0.1526188
0.10171609
0.15083997
0.16565725
0.15212028
0.1252337
0.10001281
0.1448841
0.09897302
0.120413385
0.11168771
0.092288285
0.102726296
0.14244625
0.15293238
0.14336497
0.12875664
0.11447863
0.114012785
0.1012472
0.13633732
0.121593796
0.09186255
0.14992213
0.16086857
0.13106264
0.13678484
0.106758595
0.13597214
0.12621064
0.08164717
0.12648761
0.09359154
0.13483551
0.088965304
0.13147362
0.11261037
0.116637714
0.22031607
0.13721609
0.16128884
0.14431982
0.15985289
0.16597009
0.120476514
0.17279701
0.13401961
0.13474873
0.12552094
0.17563121
0.16028804
0.1814774
0.15852319
0.18715471
0.1307105
0.17707908
0.17141914
0.15599194
0.17975093
0.13911314
0.12950146
0.14569043
0.17273362
0.17637208
0.13943519
0.123453
0.12209641
0.10220897
0.15439032
0.124574125
0.12265449
0.1195638
0.0996649
0.1483129
0.1159969
0.13276692
0.21578814
0.16243504
0.15855625
0.1342593
0.14946578
0.11013445
0.10612275
0.15143369
0.116561286
0.10918379
0.10523357
0.103153326
0.13224028
0.10528154
0.15257008
0.13555428
0.113447465
0.17120399
0.18280627
0.20328467
0.14178671
0.10962834
0.1905273
0.12233522
0.14550576
0.09329438
0.09599395
0.13183182
0.159779
0.12633972
0.14428864
0.13504876
0.14254473
0.14438687
0.1058543
0.13689901
0.115687065
0.117502876
0.11840385
0.14335704
0.14286198
0.148477
0.12323674
0.1442995
0.1378622
0.10757544
0.20612603
0.13189234
0.16841684
0.12519626
0.14507526
0.12306383
0.14298746
0.15105201
0.14426407
0.121066615
0.1877764
0.1924923
0.15416443
0.11664708
0.09996067
0.1545747
0.1120417
0.18477732
0.11836924
0.13475952
0.1498349
0.12486403
0.12404404
0.16200155
0.106453754
0.10165792
0.07915805
0.14492144
0.18666987
0.17951411
0.12228069
0.122914955
0.120181374
0.10030218
0.11505979
0.15264581
0.11341147
0.08820178
0.15446535
0.12819684
0.09615051
0.08987311
0.17583148
0.12640233
0.124470174
0.16442248
0.13239835
0.1316682
0.18982956
0.13359125
0.15783934
0.1756699
0.1563697
0.15806618
0.20820257
0.1642956
0.16530389
0.12930344
0.13071817
0.14339535
0.16591734
0.12938806
0.12755156
0.12571616
0.12835161
0.0960012
0.0993132
0.09832844
0.109298386
0.12434897
0.078286774
0.09684791
0.048797432
0.06069136
0.0816193
0.08434344
0.08596245
0.0690413
0.084384285
0.12096764
0.09273559
0.06487228
0.09111551
0.06017465
0.050978933
0.06824757
0.12657452
0.14104335
0.08525466
0.06527497
0.08557076
0.05809201
0.12603338
0.11830994
0.063185774
0.06341176
0.049738415
0.050005622
0.12593384
0.13092722
0.068233
0.045559194
0.056751933
0.057438985
0.09559297
0.07969041
0.067049265
0.0575811
0.06522184
0.11749345
0.07294449
0.0895091
0.0892957
0.08712612
0.11231699
0.10435057
0.061517864
0.11063999
0.08110636
0.07171332
0.053395808
0.09905335
0.10372436
0.12297791
0.07130653
0.052186813
0.09682054
0.102347106
0.07631834
0.098314084
0.07063095
0.07940796
0.062074468
0.17399246
0.06468155
0.06500336
0.06118905
0.08762977
0.05798686
0.07714426
0.05541678
0.05949857
0.06284283
0.05445392
0.08866968
0.0906615
0.06525447
0.042974107
0.11472161
0.05643445
0.041024964
0.10616663
0.06065437
0.049593125
0.02765711
0.07710629
0.06765767
0.08129361
0.11425869
0.14648798
0.11489798
0.084330715
0.06402943
0.08229948
0.29443914
0.28591302
0.34565735
0.34063348
0.22806752
0.24914324
0.08845332
0.04989423
0.07655812
0.11387904
0.07122846
0.11023596
0.090074904
0.079125725
0.08236957
0.055657793
0.052303158
0.053895112
0.08042878
0.083333634
0.050833646
0.08935714
0.061631903
0.055955116
0.03852154
0.06587624
0.043520242
0.0463183
0.05224382
0.07150274
0.09991934
0.061310414
0.07299108
0.07383945
0.1827308
0.07313964
0.059408072
0.034865968
0.07845456
0.05887406
0.050741583
0.11304936
0.0696798
0.060435157
0.059403542
0.091915525
0.0957408
0.04161319
0.04362798
0.032813314
0.06623664
0.047926124
0.080276795
0.086516194
0.106708325
0.063551106
0.08169377
0.08070542
0.085917726
0.06983255
0.08147647
0.08871947
0.05038785
0.074773595
0.074182235
0.07260765
0.16620077
0.100261465
0.1329125
0.055545654
0.070768885
0.07147041
0.09217303
0.06634472
0.067738794
0.05129299
0.06337416
0.070033185
0.09206713
0.06969051
0.06161281
0.07976668
0.1049921
0.09973233
0.07456876
0.09295795
0.07492268
0.11578381
0.0886406
0.07202985
0.08507929
0.06645716
0.0851587
0.14907785
0.12648055
0.067170456
0.098561354
0.067787334
0.06943182
0.0778597
0.058282383
0.082789004
0.0871934
0.08169335
0.0685488
0.08491201
0.052564014
0.06743661
0.06190234
0.043565735
0.060798228
0.09243004
0.06695672
0.10520464
0.061057515
0.08886243
0.11142527
0.060907446
0.05712629
0.069748595
0.04434445
0.04765456
0.08927723
0.08258366
0.13099393
0.100024045
0.14644372
0.10569863
0.08903716
0.118238725
0.06715282
0.050945498
0.0332239
0.0669998
0.057226706
0.111129865
0.05324803
0.1079056
0.07438411
0.1128424
0.036749147
0.08395098
0.072667845
0.0333619
0.04198258
0.090392254
0.08149293
0.059424892
0.016875474
0.042416047
0.06925699
0.038597405
0.029626759
0.07554816
0.057674896
0.10130159
0.07748999
0.061830882
0.095946446
0.061530598
0.061429877
0.07984796
0.056207392
0.09394371
0.10048765
0.061296172
0.07789973
0.10184167
0.09591695
0.10137972
0.0879514
0.05790483
0.050023
0.06273213
0.044038028
0.11076217
0.07780134
0.07576487
0.04172418
0.06300623
0.055840965
0.059939038
0.068221346
0.110800594
0.09181594
0.1529682
0.062248446
0.06361434
0.08637344
0.05848039
0.09438861
0.05617194
0.03753722
0.101624526
0.11134957
0.067810036
0.03286283
0.07161629
0.060046006
0.07262383
0.059661932
0.06462756
0.121121235
0.064933375
0.06694595
0.044192567
0.06881538
0.0707346
0.08932434
0.056528866
0.072634995
0.11916392
0.10621287
0.063696094
0.10097291
0.116280295
0.14028662
0.11083807
0.058432933
0.06432968
0.083924346
0.089759305
0.083147116
0.09722953
0.06649839
0.06979316
0.056770626
0.07209902
0.06809824
0.08101531
0.086398594
0.11015842
0.08142033
0.08658449
0.1104564
0.08519946
0.09464259
0.08085084
0.08106296
0.1105993
0.068833604
0.07494349
0.09585618
0.12763496
0.15945196
0.11415192
0.0836034
0.11742343
0.13669382
0.09176083
0.13668287
0.09844618
0.08315831
0.11021839
0.14920032
0.07835855
0.095234945
0.1286699
0.08123425
0.08369362
0.075421475
0.0765241
0.08221339
0.07870605
0.09521619
0.09568296
0.09413065
0.058220316
0.060441304
0.10461591
0.08938116
0.090531975
0.055961583
0.07063498
0.09020694
0.13310054
0.070950106
0.05016252
0.05645586
0.028875316
0.04107155
0.09320112
0.08717803
0.070844315
0.033726893
0.08256886
0.032214012
0.03788641
0.045184452
0.058494687
0.047703173
0.049200412
0.05764108
0.06515038
0.050066378
0.08511215
0.05659579
0.029230142
0.039934088
0.12916704
0.048311483
0.1030439
0.12817818
0.052718617
0.07874502
0.09204045
0.03948486
0.06173252
0.063142866
0.05429368
0.053324852
0.06637553
0.058516163
0.07006406
0.09865625
0.07211405
0.0920695
0.107003845
0.099414654
0.12526052
0.101143256
0.118901126
0.10275289
0.10635338
0.11270236
0.07613868
0.06615898
0.04540474
0.037600752
0.077723354
0.09194836
0.09292187
0.04792573
0.06185586
0.10425202
0.05729898
0.09713569
0.08033019
0.045098227
0.07907353
0.07396749
0.038692612
0.03684678
0.08390147
0.043919697
0.10015896
0.16323572
0.049762823
0.10205183
0.054895554
0.16315165
0.08698925
0.04419226
0.020359918
0.04889289
0.07523943
0.03161706
0.084694184
0.034647767
0.06555233
0.097759224
0.07460445
0.072223395
0.04005671
0.065395236
0.026766352
0.090170935
0.052755594
0.041393854
0.050091173
0.060930043
0.07222232
0.068703376
0.0941128
0.09131159
0.11320256
0.0519067
0.037675627
0.044795975
0.10771188
0.06926741
0.08099606
0.08888771
0.14370088
0.07601865
0.04207904
0.06949815
0.079905346
0.08748379
0.054780085
0.0736776
0.06334835
0.09214722
0.065906785
0.085511245
0.07503473
0.13791871
0.08939602
0.0868641
0.087596215
0.08993345
0.1227088
0.12916687
0.11156691
0.07357475
0.07786309
0.08600802
0.073046416
0.051983625
0.079196036
0.06462059
0.080404304
0.053580485
0.08455856
0.05820033
0.1301695
0.061557017
0.08403448
0.09256201
0.06346357
0.11678404
0.06805418
0.09729008
0.094412565
0.0918112
0.08621005
0.07086206
0.08523083
0.13230617
0.0623685
0.07546489
0.053395305
0.12200647
0.08520885
0.06408167
0.08313868
0.056139458
0.105622664
0.07739689
0.07315717
0.06256763
0.0857287
0.09047967
0.05970668
0.10500147
0.046077624
0.055788245
0.055299073
0.09253047
0.05909455
0.050031614
0.080486946
0.075332455
0.085150525
0.049658336
0.057437938
0.045917366
0.057773713
0.0821152
0.07189262
0.058568493
0.067591675
0.059503883
0.09424212
0.081240214
0.0823513
0.04625288
0.09409108
0.0651583
0.07827199
0.04968813
0.04794398
0.11530682
0.11159663
0.095180616
0.05651333
0.03535869
0.09783197
0.057181783
0.08507739
0.067585275
0.048582107
0.07908233
0.05909199
0.09197697
0.072742395
0.053264815
0.06556541
0.040889293
0.047058016
0.08679933
0.05435195
0.032742374
0.058779392
0.060238067
0.04369187
0.09166461
0.03330312
0.07689627
0.05121351
0.04108698
0.055141594
0.045812123
0.058204327
0.037399657
0.08081247
0.057849854
0.050723985
0.10606926
0.05296514
0.053773228
0.060072597
0.08522005
0.06247926
0.051508367
0.0805615
0.068275765
0.061612543
0.06660931
0.0759597
0.08367704
0.07417996
0.033720244
0.038968954
0.03904127
0.10344493
0.08083195
0.09727804
0.07299574
0.09028891
0.08798221
0.06702872
0.086936116
0.080961294
0.043349206
0.04322133
0.092120916
0.03157092
0.08266697
0.07048853
0.065147296
0.13700274
0.049947854
0.033958826
0.07544229
0.06149252
0.022273676
0.0798478
0.03221927
0.077483684
0.10492091
0.06086106
0.0186739
0.03049279
0.13247298
0.02392106
0.10192172
0.049880147
0.09229934
0.08446388
0.056735184
0.06744866
0.02547469
0.033914167
0.06108913
0.087865494
0.0904723
0.07981353
0.0472415
0.06050192
0.0876216
0.03625514
0.11992353
0.09697855
0.07705925
0.06991358
0.08402548
0.115540855
0.10412132
0.07989121
0.056605913
0.12906373
0.07556078
0.05168757
0.06707795
0.06702942
0.052636594
0.08869402
0.0973002
0.03306384
0.060956307
0.12854485
0.065452695
0.10175787
0.063308194
0.054725345
0.0798813
0.089941055
0.041461732
0.107642695
0.07353699
0.05529462
0.084922
0.06867617
0.08628287
0.056363538
0.08224052
0.058172956
0.055435143
0.023380993
0.0608684
0.06250635
0.0387225
0.05074532
0.07062546
0.08393544
0.037400194
0.02684836
0.057665184
0.04879534
0.062322594
0.08987742
0.113666296
0.08704443
0.07279313
0.058112092
0.044230364
0.067474276
0.052303154
0.0540146
0.06481495
0.069529705
0.08447688
0.08471241
0.045104343
0.048804622
0.04637866
0.05977789
0.07860417
0.060003627
0.07327102
0.030967945
0.03425093
0.07445519
0.13228314
0.05689848
0.049784146
0.071895264
0.0843296
0.12943459
0.09299701
0.08144251
0.062045764
0.04414446
0.03263577
0.07618173
0.07908773
0.07143748
0.07666777
0.058825664
0.035596248
0.035658725
0.06664216
0.017228551
0.09303254
0.077099875
0.10213608
0.06580086
0.1197382
0.05545085
0.058304958
0.060898844
0.018786782
0.07180069
0.10764826
0.077285185
0.061722774
0.049321823
0.054817677
0.071466744
0.03685358
0.07146714
0.033302438
0.03731189
0.09982837
0.052137043
0.05463813
0.053912908
0.045115344
0.085157424
0.06118032
0.07893411
0.081447184
0.014580975
0.023322076
0.05532677
0.03436259
0.027610263
0.06500596
0.03958061
0.06451547
0.04684018
0.05069454
0.017508868
0.09012652
0.026421124
0.04705913
0.08494501
0.045499872
0.042782836
0.041692596
0.07598666
0.17544596
0.05290446
0.07076826
0.061469756
0.02877498
0.067727044
0.035359554
0.046779107
0.029356478
0.08299444
0.03332044
0.052584633
0.047934216
0.039049413
0.06557663
0.02670017
0.049616072
0.06329996
0.051327422
0.096291035
0.030900171
0.058749296
0.04833841
0.07481541
0.028903177
0.104494944
0.045323577
0.13210124
0.057031702
0.06898121
0.07652939
0.4666595
0.4739266
0.444209
0.4475448
0.45486778
0.4281911
0.39592227
0.39707306
0.3845946
0.38040417
0.06499913
0.052969135
0.05859215
0.0777166
0.12161946
0.08218997
0.032613806
0.08161208
0.033241056
0.07243364
0.039036848
0.024599653
0.09504763
0.06074784
0.10192779
0.03474002
0.052659556
0.0866847
0.08615095
0.031620994
0.07545126
0.053539325
0.075598165
0.05935149
0.016533524
0.03659652
0.03138504
0.029344222
0.0978377
0.092085965
0.07587945
0.038236372
0.11351388
0.03934351
0.049464718
0.063969426
0.124025226
0.08436845
0.06573272
0.04328548
0.07186416
0.028458962
0.040369127
0.09157421
0.086623825
0.07195437
0.05831085
0.03793699
0.03041819
0.04373589
0.096870795
0.027816076
0.0466984
0.06561418
0.07909889
0.063178964
0.04502036
0.06452239
0.042795155
0.08839846
0.050139405
0.14618409
0.0568158
0.058306504
0.047210332
0.061538283
0.07861082
0.08842179
0.045889534
0.03778953
0.06582933
0.07234169
0.13594915
0.009734009
0.15604456
0.057202145
0.054562364
0.040238757
0.035893306
0.03701402
0.04586554
0.040992666
0.09168886
0.04355435
0.09000635
0.08456418
0.028320018
0.009984592
0.10818778
0.057396933
0.117580205
0.025254628
0.041282907
0.059093118
0.07855984
0.0663395
0.059886575
0.04961046
0.09869277
0.041505165
0.06375669
0.07716689
0.08386342
0.07051691
0.056873463
0.056255892
0.06044742
0.07094526
0.08720486
0.048405576
0.08680132
0.034178924
0.07246089
0.07174715
0.08388726
0.07954789
0.08381994
0.0411384
0.053512905
0.036117923
0.11620019
0.050412215
0.061906982
0.06380906
0.07422208
0.086319335
0.04625155
0.08709424
0.06881919
0.089260004
0.06505987
0.049600903
0.050179332
0.061682295
0.060358547
0.101881415
0.026250016
0.048922554
0.059376538
0.07788565
0.104250014
0.10713849
0.079947345
0.077181205
0.070210695
0.08534956
0.08583436
0.043049462
0.07483588
0.056810096
0.046848383
0.025828717
0.013911013
0.09258027
0.10023752
0.07009005
0.035065506
0.02477294
0.068057545
0.024801701
0.030953363
0.075040646
0.06270791
0.061920036
0.075015925
0.056786235
0.081970096
0.071832895
0.03224679
0.070329785
0.08061006
0.09857967
0.12754895
0.07981264
0.072077036
0.10090149
0.18442401
0.0782205
0.0768093
0.045287464
0.05798999
0.059919648
0.11484915
0.08905432
0.12746617
0.100583546
0.07056643
0.09074287
0.094003566
0.059223343
0.071546316
0.118149936
0.05266955
0.034131378
0.10061807
0.0571232
0.09059631
0.07473497
0.035761748
0.050814148
0.11644871
0.069233105
0.06802619
0.08236158
0.08816981
0.063473105
0.11844641
0.08535853
0.07536457
0.09739209
0.11039237
0.13383931
0.09669106
0.08296024
0.06040058
0.06670377
0.08660823
0.07034979
0.07511529
0.10348528
0.096570134
0.06022827
0.115408815
0.05431983
0.096999705
0.061357733
0.083120264
0.07408194
0.055237263
0.1336175
0.05900774
0.08701319
0.049943596
0.1208605
0.061085865
0.094244555
0.07512609
0.10042433
0.0679177
0.056138553
0.07726297
0.13051312
0.143261
0.07884344
0.0983362
0.074438535
0.046318635
0.06321344
0.1118115
0.054848142
0.073046334
0.043764073
0.07152774
0.06458602
0.034983907
0.073258884
0.037919194
0.110781826
0.042277634
0.052790646
0.029563002
0.06808257
0.06718776
0.075409934
0.053582914
0.08436704
0.055620607
0.07816748
0.04507786
0.051336035
0.05464124
0.03460932
0.03221373
0.11691139
0.039694127
0.01732361
0.067357674
0.056612115
0.07408506
0.031339858
0.028388023
0.050251946
0.03832601
0.018816797
0.073803835
0.08537228
0.029039925
0.0605029
0.11514371
0.08528328
0.0689909
0.08084635
0.10413711
0.07194032
0.055074524
0.052683845
0.030852703
0.05357397
0.06852016
0.046800595
0.041696087
0.076396555
0.036182065
0.053353168
0.0980186
0.04888814
0.04887083
0.037240703
0.051656507
0.039505336
0.017015452
0.04158677
0.04494341
0.07227001
0.052870844
0.07870249
0.06573715
0.03755728
0.032698948
0.11461147
0.12487198
0.09418356
0.09403137
0.09988129
0.042935442
0.051187508
0.09061274
0.06703393
0.041601226
0.056843992
0.051210187
0.09131666
0.045420796
0.049033757
0.070723124
0.0378098
0.07242709
0.047103405
0.09230223
0.03914759
0.046220914
0.03051531
0.056581877
0.055441394
0.055470034
0.07945229
0.015613939
0.03766527
0.06370087
0.061271854
0.0311458
0.06869295
0.0507814
0.07489927
0.045531638
0.036722098
0.06583568
0.08539749
0.063911654
0.053207126
0.04084239
0.06274244
0.054489676
0.06609565
0.009148911
0.104202464
0.07229928
0.074287295
0.022181464
0.028879104
0.035960272
0.035586756
0.033697322
0.033784606
0.026711412
0.06614077
0.026213149
0.042817242
0.07074391
0.08195926
0.046424977
0.108117335
0.061109982
0.098194726
0.07444585
0.053604905
0.07590273
0.032484703
0.033749454
0.10573854
0.049758703
0.046139274
0.03127748
0.038519442
0.101220585
0.130124
0.05605429
0.02162657
0.09004769
0.07188241
0.040531714
0.03756599
0.03962628
0.059736557
0.036804665
0.064337626
0.118059196
0.05884273
0.002634033
0.06503921
0.067950286
0.13418293
0.1429952
0.07459142
0.030863522
0.08958092
0.10845882
0.01915489
0.08728387
0.048288293
0.024610516
0.027931066
0.05896638
0.11411347
0.060415424
0.10051357
0.10466719
0.04080722
0.10720661
0.094175875
0.08789827
0.021748124
0.09618383
0.026601601
0.09371425
0.037026357
0.025620703
0.08459595
0.044352714
0.054478467
0.033262685
0.07770483
0.05495783
0.06035256
0.048408084
0.03760342
0.13835844
0.0708477
0.086307466
0.013197475
0.058873292
0.08290179
0.04996291
0.06717265
0.051515114
0.02687256
0.12642995
0.07168443
0.04889587
0.046082597
0.08004535
0.045456264
0.04990568
0.024585018
0.023316456
0.05049354
0.06946301
0.049776074
0.03741817
0.03464235
0.03579266
0.06202996
0.08167315
0.0399786
0.054024715
0.021313088
0.013450516
0.03667137
0.038938303
0.11337073
0.031235218
0.043205943
0.043694302
0.12124828
0.079065524
0.056970768
0.09040419
0.031186065
0.05504572
0.05444444
0.03432656
0.027062742
0.09090554
0.03725673
0.14550567
0.089684926
0.020646354
0.037130293
0.029678224
0.0226339
0.03715475
0.09624982
0.007249325
0.047074042
0.09000361
0.047893822
0.028194243
0.019804746
0.069034256
0.034138475
0.06638186
0.1072063
0.07076471
0.06702304
0.051851694
0.06349018
0.113052145
0.10066937
0.13899234
0.08633988
0.079064935
0.06863802
0.047410227
0.060393397
0.06878101
0.03303558
0.11568504
0.04843291
0.115784466
0.015995422
0.09448345
0.053635422
0.07895543
0.115911715
0.048044216
0.048934225
0.045984093
0.12338836
0.04715896
0.040671818
0.04422594
0.042589992
0.009210566
0.027975652
0.0759852
0.106319994
0.017679945
0.06302393
0.068252854
0.10032717
0.08147464
0.026570374
0.057643957
0.06291643
0.07784609
0.06905859
0.049873974
0.034155693
0.15804099
0.05168318
0.0803373
0.044423617
0.05094174
0.030028034
0.06784905
0.060343023
0.07978104
0.05551625
0.022513434
0.024227612
0.07150166
0.11828923
0.043883137
0.07215107
0.07612633
0.03554601
0.050482538
0.018638264
0.07002754
0.053251497
0.07943779
0.10689713
0.03913263
0.05056852
0.035973787
0.013345533
0.051964983
0.064230055
0.049595043
0.06482718
0.08012966
0.018506026
0.069754094
0.03430327
0.06337003
0.0456827
0.04167907
0.08351806
0.055213034
0.12459492
0.058790654
0.039502304
0.038458504
0.042703453
0.0943482
0.0171251
0.07267317
0.06523453
0.038746152
0.05901443
0.03115818
0.068433814
0.053258
0.09996554
0.03222205
0.04516403
0.026314002
0.07727475
0.098538436
0.030029874
0.059684537
0.09129376
0.04480063
0.05412077
0.0868222
0.06589195
0.046212904
0.04904139
0.043211363
0.042534802
0.07830405
0.060518526
0.06204758
0.06937388
0.069783725
0.0406166
0.07842793
0.04913993
0.06731845
0.058256403
0.06114115
0.1319989
0.15225609
0.053731434
0.11090562
0.027077358
0.11391555
0.10519978
0.050194737
0.07409384
0.11242582
0.088572
0.057039402
0.06871122
0.052277915
0.0478828
0.063195266
0.0540387
0.023323797
0.11094988
0.05656166
0.12596315
0.048906893
0.016135955
0.02980646
0.055418476
0.07104752
0.13231428
0.066059224
0.06936948
0.09055898
0.058640495
0.072917014
0.072670154
0.048883323
0.05038417
0.07473209
0.09851463
0.08075717
0.11475685
0.061894514
0.119994365
0.070830986
0.07879371
0.055422638
0.04344836
0.11720841
0.08760781
0.0948807
0.089820474
0.090350784
0.06286258
0.056757085
0.072131194
0.088592194
0.0942027
0.122839846
0.10395253
0.05257135
0.1292597
0.050018046
0.053390127
0.07323146
0.07957941
0.12744999
0.084973074
0.043298755
0.073931135
0.058999702
0.05067085
0.048449226
0.08298092
0.08939319
0.09117959
0.07622192
0.08529261
0.057181343
0.07957029
0.06922466
0.07438041
0.09546665
0.086148344
0.09952974
0.09157224
0.078318775
0.11195838
0.10872764
0.13282038
0.1519944
0.13277917
0.108192615
0.100956626
0.1093239
0.07360097
0.10876329
0.0913957
0.0851542
0.13318454
0.08746438
0.092532106
0.071578436
0.11162585
0.13365863
0.07615791
0.08538291
0.08846494
0.10955524
0.1283223
0.12790516
0.087498516
0.09846446
0.104504004
0.10576417
0.08731752
0.07741128
0.1519009
0.06856243
0.0841085
0.063600935
0.07835048
0.09570568
0.1466345
0.08901301
0.105710395
0.08455988
0.10474964
0.14001548
0.12128058
0.12900022
0.09897016
0.1434299
0.12604082
0.10863697
0.09600885
0.15828395
0.14885487
0.08270666
0.12196358
0.1494291
0.0970021
0.086555056
0.11407116
0.0616232
0.11490735
0.06934957
0.10760768
0.12358067
0.072174124
0.10308172
0.09235023
0.09675469
0.14152741
0.07916478
0.10973327
0.08331194
0.08418555
0.070098
0.068371974
0.08269402
0.10307556
0.10547394
0.12049646
0.07438302
0.08924424
0.059517957
0.06940585
0.06996221
0.058564205
0.06752825
0.08953779
0.06349167
0.06683346
0.05118419
0.053029332
0.07355025
0.04690707
0.07552143
0.06689514
0.046384897
0.048260164
0.06642272
0.07924871
0.08540156
0.044737797
0.072638296
0.12567626
0.09814179
0.08185347
0.08961182
0.0791036
0.053557992
0.052449435
0.16947041
0.059461195
0.05880384
0.05778816
0.100784324
0.14374062
0.11960043
0.07675322
0.061202988
0.052185886
0.044962853
0.10803147
0.108241886
0.08720288
0.06214613
0.07140249
0.056789387
0.09613848
0.116367
0.061236553
0.07879064
0.061119065
0.08806025
0.05449529
0.07359371
0.07302928
0.05517397
0.07791794
0.12182694
0.09429505
0.072098196
0.060423326
0.080378845
0.0779127
0.07119473
0.06120619
0.08988425
0.091571115
0.03768246
0.046555743
0.07748414
0.060700513
0.0758296
0.08067184
0.029691951
0.057513405
0.056223597
0.052020237
0.12047269
0.04726268
0.01636951
0.06211532
0.058227472
0.07947023
0.034085263
0.122031175
0.092409484
0.075453445
0.09505346
0.088985875
0.054631528
0.051615365
0.05803853
0.05589217
0.07201057
0.06088284
0.039911866
0.048055105
0.059024714
0.055706367
0.059185438
0.07650873
0.08394346
0.08214051
0.04469146
0.047111645
0.11580561
0.121926375
0.072117135
0.07010046
0.06961807
0.054623455
0.058344703
0.08413495
0.03713559
0.048569452
0.042339467
0.08456932
0.059794832
0.06760416
0.049572032
0.10685989
0.0811273
0.034689553
0.065503895
0.038037907
0.0678818
0.08122302
0.02313222
0.060259562
0.03829838
0.06544353
0.03984408
0.06331454
0.14422537
0.029666066
0.08373078
0.100921184
0.06717494
0.046733446
0.07494045
0.09045234
0.04368913
0.06458794
0.056977168
0.06063356
0.0827446
0.039871126
0.08004056
0.060425043
0.043334577
0.032134794
0.09469797
0.057078466
0.049825843
0.067366235
0.06738593
0.069126554
0.046287026
0.021541888
0.07970285
0.030059777
0.06555575
0.015220053
0.09619821
0.04637595
0.054509904
0.04563747
0.061451852
0.06423444
0.03724288
0.041069523
0.06907066
0.116591305
0.061931673
0.094775595
0.048767775
0.0411031
0.06678506
0.039409712
0.04420659
0.009314939
0.07273856
0.06879945
0.039205506
0.07485387
0.06983683
0.071858436
0.030957775
0.06676058
0.092959456
0.04896977
0.049352873
0.027583323
0.061863057
0.046580233
0.03749601
0.06807805
0.051031772
0.075676695
0.09048323
0.08838592
0.047154017
0.07493514
0.16768488
0.035982307
0.077200234
0.045323357
0.06678889
0.119830474
0.06905271
0.04719489
0.09967774
0.027053671
0.09363143
0.04135864
0.028664468
0.0958219
0.07300423
0.054392774
0.105011865
0.07778262
0.030938946
0.08233754
0.050561737
0.08040184
0.026773354
0.067753546
0.059447113
0.104047336
0.03684297
0.08469661
0.06635829
0.058096018
0.044054486
0.06398455
0.045146663
0.085985795
0.048724603
0.064582475
0.048205756
0.039381847
0.06034713
0.12386606
0.02163657
0.13155343
0.05086326
0.025846314
0.07085576
0.039949656
0.042910013
0.07394236
0.11503258
0.06420166
0.05941832
0.06492707
0.11274624
0.09540496
0.061045203
0.031268395
0.054869425
0.048708547
0.078784734
0.056509312
0.06774784
0.04485432
0.051131207
0.071258195
0.059336197
0.11791709
0.09074569
0.048783895
0.04455851
0.084715486
0.09217808
0.06743903
0.024957681
0.07260907
0.096596114
0.08831314
0.1508278
0.07962175
0.046493262
0.10048105
0.0596765
0.1444901
0.08723982
0.067352764
0.040297315
0.06591278
0.09388756
0.07669574
0.04404631
0.110326834
0.07682109
0.038065944
0.08706795
0.040240344
0.07545698
0.05334372
0.05436651
0.058773227
0.16244039
0.058612425
0.07021386
0.048298612
0.039993085
0.02491689
0.037582364
0.07741576
0.03889414
0.07862095
0.0801624
0.11992922
0.050219383
0.09553632
0.060548723
0.03728849
0.027327534
0.102100134
0.055323917
0.02083338
0.05598414
0.079298
0.027858123
0.061199877
0.05055252
0.06407343
0.02567801
0.09535058
0.11240626
0.035784665
0.022488264
0.030405302
0.044278093
0.02213787
0.056333687
0.010020269
0.0290981
0.0655896
0.055531528
0.11549435
0.025852434
0.070829056
0.029246993
0.049033523
0.082726166
0.06394914
0.058177657
0.10436691
0.1038665
0.030470632
0.022227475
0.05006625
0.020204853
0.03497049
0.039682142
0.09274283
0.054924
0.0700085
0.03605528
0.036971472
0.17625237
0.025433611
0.08365919
0.07146125
0.060595542
0.052269943
0.069908984
0.04273747
0.03590874
0.09611371
0.080551215
0.07660415
0.028006103
0.06946918
0.030134095
0.0339455
0.043341365
0.035163883
0.053304024
0.026795626
0.06323868
0.091260664
0.0551051
0.06583048
0.07126812
0.043509994
0.07483325
0.08605517
0.07559143
0.07220852
0.080042094
0.07519893
0.053850375
0.06664997
0.042203136
0.068159014
0.041891728
0.0658276
0.04670584
0.09743944
0.05215853
0.03795151
0.053571556
0.049051784
0.08280097
0.07154901
0.08339624
0.032134347
0.035255414
0.034976527
0.0402977
0.02467612
0.024549393
0.060594775
0.034259845
