0.1899614
0.30555424
0.35681376
0.31479904
0.13606586
0.2159959
0.29803053
0.21104558
0.379927
0.19745903
0.10077295
0.295084
0.31177506
0.18490082
0.12151585
0.27345923
0.06538656
0.076653674
0.06568809
0.13323209
0.49793804
0.19327524
0.24061176
0.33231005
0.12011971
0.3447383
0.3383977
0.20457661
0.36257198
0.17112412
0.09835176
0.1543784
0.13473864
0.13410942
0.31088376
0.43714914
0.1899302
0.16413419
0.3175849
0.13776568
0.17311741
0.21312098
0.17371252
0.14106603
0.1941769
0.28941008
0.17946252
0.27497676
0.31145275
0.2013563
0.18699093
0.39116085
0.17886522
0.25934678
0.50346357
0.27327904
0.2782399
0.13313882
0.24567789
0.59524757
0.41669494
0.6935583
0.5527837
0.46422085
0.19770479
0.3639403
0.17475441
0.20744133
0.1746
0.4554583
0.6151256
0.3534183
0.32188728
0.13336763
0.21720801
0.3756339
0.2821595
0.26541916
0.31522617
0.25294554
0.39707366
0.23448882
0.29898995
0.29229388
0.1625957
0.4417677
0.19115326
0.23471947
0.2599053
0.11749361
0.08911443
0.13553034
0.07964764
0.2558488
0.26972002
0.4004696
0.28758234
0.2783982
0.2069292
0.21305299
0.30461848
0.15092456
0.43331623
0.33625335
0.21128707
0.10254975
0.21487555
0.36668777
0.31636634
0.19304039
0.14959106
0.12714443
0.23512913
0.19395639
0.09278582
0.27556667
0.24905954
0.28269017
0.12727141
0.23790583
0.2514353
0.13751093
0.15364042
0.2271248
0.27544838
0.37430236
0.3073082
0.16157177
0.38815653
0.36653063
0.3530742
0.3775347
0.27559876
0.26574937
0.2060877
0.21253072
0.06633043
0.25621715
0.2954073
0.27359736
0.059345465
0.3993783
0.35036
0.11039865
0.40652096
0.08641554
0.21554887
0.23814833
0.16109271
0.2689182
0.2580058
0.41131967
0.46282414
0.4726352
0.24012989
0.4535833
0.3007912
0.36142248
0.27318424
0.32668754
0.541232
0.30767462
0.34012085
0.35755607
0.2968726
0.2923962
0.37659618
0.27233633
0.20974247
0.33778423
0.13196471
0.2938153
0.32112992
0.1842993
0.3410882
0.1719483
0.17130224
0.322135
0.39493614
0.26980054
0.2566923
0.43209347
0.3245163
0.5969997
0.44454852
0.5365224
0.48601505
0.35880312
0.49015814
0.41339242
0.2676351
0.4991422
0.291835
0.37307483
0.35012203
0.3066703
0.47312158
0.3957628
0.5705816
0.37576336
0.31829807
0.44180322
0.37593994
0.2936608
0.33617428
0.28697744
0.41157863
0.24362852
0.24713996
0.38415214
0.32713884
0.60092497
0.44461575
0.38822278
0.6548158
0.3746825
0.29459542
0.38414025
0.39542413
0.23671189
0.31553957
0.28679165
0.41018623
0.26838902
0.27909833
0.68137264
0.23456879
0.26720524
0.19136265
0.31139174
0.2842879
0.22848187
0.48276126
0.38345832
0.20419122
0.43796837
0.38630986
0.2389897
0.1433811
0.17838693
0.567298
0.20947567
0.32346085
0.22375411
0.268383
0.2526589
0.35877338
0.22659793
0.19860664
0.3443921
0.34201857
0.2508531
0.18793197
0.29796517
0.27276474
0.42203766
0.15339482
0.2679853
0.35125613
0.1426023
0.33033347
0.2267418
0.26996335
0.5127007
0.17707574
0.1213516
0.15601695
0.4381333
0.28326443
0.37929362
0.36579078
0.35773355
0.40853775
0.27164534
0.24244627
0.26281723
0.43568203
0.42160574
0.26565525
0.20149198
0.28780726
0.20738031
0.31279135
0.23034288
0.47377476
0.29452783
0.38532218
0.4080362
0.2855844
0.23903148
0.23804803
0.12659334
0.19166307
0.2689984
0.24575542
0.38198805
0.32197815
0.25360423
0.38571754
0.25959972
0.31235796
0.30736443
0.19960016
0.22788893
0.3952973
0.4134444
0.4856438
0.4848768
0.33209327
0.32058585
0.50322163
0.2283583
0.32996437
0.35957623
0.56425554
0.33236006
0.3708819
0.2687455
0.2374042
0.13571088
0.31099606
0.35323676
0.12418169
0.20237026
0.2567776
0.25451404
0.40958259
0.23390487
0.3839395
0.5218481
0.36247632
0.2292576
0.21806137
0.45315945
0.38395002
0.16528136
0.40564898
0.43009424
0.27135321
0.32623863
0.07913732
0.32153562
0.3166699
0.13339259
0.49077407
0.16274352
0.13118891
0.24826588
0.3035544
0.094357684
0.04387368
0.19170268
0.2189475
0.114782065
0.08611731
0.11034504
0.086375035
0.16391276
0.21744044
0.3772722
0.14391616
0.17165127
0.16461037
0.3876761
0.23553663
0.24436787
0.2459083
0.20215383
0.14149374
0.38820848
0.26714787
0.19721948
0.15277326
0.09571557
0.21247295
0.21470197
0.062805325
0.32552254
0.33766738
0.20281918
0.11236754
0.28086197
0.24842425
0.20477156
0.22319935
0.40491453
0.1233611
0.48139143
0.53369427
0.23857011
0.23859325
0.26205185
0.32107294
0.26101413
0.27159375
0.15480435
0.38889027
0.23024748
0.14086388
0.20108217
0.3229042
0.29060587
0.29904807
0.5214901
0.23175202
0.10862095
0.1372841
0.26915702
0.34053025
0.41138044
0.26207444
0.14704528
0.31223533
0.2900561
0.51500815
0.1415376
0.3327726
0.2898226
0.11703416
0.1264166
0.25531304
0.38780487
0.17921649
0.21291669
0.1802272
0.43245888
0.25679204
0.4260097
0.1399918
0.105029285
0.09037085
0.29731065
0.06736771
0.17089015
0.24572536
0.22894724
0.14376096
0.11625989
0.25923797
0.2414805
0.22110592
0.19273113
0.19770387
0.2564783
0.22949876
0.53142333
0.24930273
0.24477749
0.21520649
0.2272369
0.29492074
0.35520104
0.32779935
0.17938605
0.17810498
0.39704338
0.27951995
0.2696226
0.49313104
0.4812706
0.1888447
0.33322138
0.29825976
0.19786769
0.19467053
0.32196948
0.2672217
0.3671248
0.23214304
0.106530264
0.38449994
0.19734731
0.26762098
0.19414279
0.21037191
0.24843343
0.25125563
0.14193834
0.26000655
0.10939416
0.295113
0.10186553
0.19998193
0.3410475
0.21357638
0.22648324
0.12600392
0.18543516
0.21952856
0.20969355
0.33806357
0.2560461
0.4445662
0.41274932
0.4305023
0.294348
0.243548
0.4130384
0.3292244
0.43698063
0.26724845
0.38713405
0.42734566
0.4922762
0.41579634
0.42512372
0.34580332
0.35559523
0.47264162
0.35243574
0.47068906
0.28021902
0.32727066
0.32195175
0.53701335
0.37322497
0.31020185
0.26903725
0.33622697
0.3125132
0.32076016
0.12708864
0.19960234
0.29715303
0.35292447
0.3855321
0.47858557
0.5882718
0.40885118
0.3727928
0.25039247
0.43574595
0.34475544
0.33198127
0.39525327
0.4148848
0.532275
0.382879
0.41249147
0.4078897
0.3894302
0.40099213
0.34321848
0.31043786
0.24697588
0.33076105
0.32494998
0.32648337
0.41169524
0.28703585
0.45240283
0.36947334
0.3557573
0.5203228
0.33832997
0.30161524
0.35422388
0.613227
0.38035223
0.45420134
0.37313068
0.3636317
0.45512667
0.44853717
0.6639106
0.35458142
0.4802534
0.39192328
0.4204022
0.44735858
0.4266563
0.29688904
0.33129594
0.547693
0.3032182
0.32534838
0.403055
0.22658022
0.36165348
0.33235258
0.31421366
0.32219073
0.4070293
0.40840098
0.3406394
0.48992476
0.4931492
0.42497098
0.4800918
0.42249966
0.51023877
0.4782876
0.50273263
0.33462924
0.53322244
0.36617392
0.38580495
0.30724245
0.37874457
0.35486034
0.46925396
0.40904814
0.31351748
0.31603736
0.41818118
0.5779952
0.512992
0.3154868
0.28043947
0.39195263
0.46043968
0.3253379
0.26289713
0.3796855
0.31737545
0.3849255
0.6339349
0.37800774
0.35214704
0.5029773
0.44845667
0.2875842
0.27857608
0.21293911
0.42948723
0.25274238
0.3594563
0.25271344
0.52690154
0.4492109
0.2697646
0.38284087
0.29255024
0.26726803
0.3787624
0.16463181
0.35387638
0.26959807
0.141223
0.579794
0.34410736
0.37126347
0.22309047
0.09899968
0.35332304
0.28066507
0.2636227
0.14701949
0.3532193
0.28776506
0.26118308
0.30292636
0.2847126
0.39186728
0.11867695
0.13145894
0.49319607
0.15767574
0.094852574
0.30148277
0.05836606
0.3126378
0.27730215
0.28458673
0.24510065
0.2557217
0.19742045
0.17634566
0.37870294
0.12966956
0.25251994
0.2742306
0.15608448
0.28329295
0.19502579
0.21982794
0.31350362
0.23733659
0.19504926
0.11066793
0.17868562
0.06676774
0.2210786
0.24529183
0.08880855
0.2911028
0.16347086
0.16261886
0.23628312
0.1874938
0.14190865
0.29814702
0.18878241
0.30130473
0.2670915
0.19456501
0.16942923
0.23853038
0.31655708
0.2797996
0.14000587
0.17192975
0.68307024
0.25922424
0.16116595
0.2537623
0.23868959
0.27470523
0.3421768
0.25910243
0.4081559
0.16000889
0.22090706
0.3991396
0.36052036
0.42213827
0.45820704
0.27821344
0.41569838
0.07844727
0.15513574
0.56664294
0.14145784
0.25715294
0.23579562
0.2164279
0.29388928
0.37020946
0.20444798
0.20584635
0.19714484
0.19420084
0.21619898
0.1304185
0.4067293
0.1900915
0.23547056
0.22382082
0.2632973
0.35243002
0.28293654
0.15178414
0.37306374
0.26450592
0.2880741
0.2136352
0.13889347
0.46387753
0.17036414
0.25405774
0.21893744
0.30358672
0.34474856
0.27108648
0.32448554
0.28176367
0.46325535
0.4157676
0.3249452
0.4959881
0.42958382
0.5873991
0.3995692
0.59155834
0.55726486
0.32540986
0.57748884
0.34073842
0.3187747
0.45731652
0.42632136
0.37433365
0.21882105
0.14432599
0.27011925
0.4174515
0.20942786
0.4135454
0.24120249
0.12911871
0.14223419
0.31258774
0.2023237
0.19731472
0.40254435
0.3002907
0.4101139
0.34664348
0.2678328
0.37530068
0.41169876
0.3813887
0.23662305
0.198528
0.4458623
0.120814435
0.49915606
0.20658278
0.38026226
0.1653996
0.14996484
0.43159488
0.16845922
0.15828377
0.27460882
0.5969082
0.11454194
0.24011423
0.1654984
0.13459627
0.27769977
0.22186586
0.11429161
0.11039932
0.48661005
0.15996316
0.43270665
0.23137444
0.065679476
0.21747525
0.22858498
0.15928672
0.20000471
0.18953747
0.1923815
0.09295103
0.22338209
0.14923099
0.11105413
0.21063815
0.08844601
0.41158772
0.10796276
0.2863899
0.2667256
0.13991638
0.099758275
0.23480977
0.13459092
0.16628936
0.16720153
0.31841624
0.4997705
0.19649173
0.1691179
0.34086806
0.33512414
0.12521262
0.25930476
0.13709523
0.13387308
0.18134443
0.23062278
0.06264614
0.3553479
0.24779414
0.16373017
0.26153755
0.16781168
0.3326119
0.26237097
0.1616827
0.19224097
0.085785456
0.14638068
0.17995316
0.2543843
0.305886
0.08211083
0.24052939
0.5971512
0.29375544
0.33642587
0.27035967
0.18840425
0.08372112
0.17192517
0.32642043
0.15762416
0.035715435
0.44567016
0.21578752
0.37570667
0.21465434
0.16307136
0.124155186
0.23261021
0.22076401
0.18897013
0.21772566
0.43551052
0.53797877
0.34924892
0.08299513
0.22858445
0.068922475
0.40957108
0.374363
0.23908211
0.114915445
0.16596517
0.1507896
0.27484843
0.2499938
0.33063665
0.2851849
0.39355263
0.26227826
0.2319947
0.114097714
0.21419033
0.15018384
0.38595954
0.16744618
0.3576673
0.17246577
0.15430416
0.12627067
0.31217748
0.305977
0.29021227
0.297251
0.20900448
0.24952069
0.15103363
0.10347632
0.47569948
0.1515416
0.15606762
0.3557277
0.19091684
0.16570464
0.23021297
0.16990969
0.20200445
0.18243694
0.26253167
0.3886835
0.26155716
0.17911322
0.13321914
0.17243114
0.363585
0.12688874
0.24985214
0.42296773
0.29477185
0.12967598
0.23659113
0.34817615
0.16400026
0.53741634
0.2968015
0.26869917
0.4453264
0.36983234
0.23059066
0.15251699
0.1482207
0.35924625
0.20194907
0.3239428
0.42921066
0.39282402
0.20069504
0.27496195
0.22075783
0.3885725
0.38308963
0.19198127
0.17864692
0.29491827
0.19539566
0.4084265
0.23594089
0.19762182
0.38185465
0.24730434
0.3017804
0.18487369
0.52030814
0.36686385
0.2785915
0.41073254
0.27705824
0.5230416
0.3393964
0.25228208
0.61895627
0.25042203
0.30761436
0.22167219
0.26086745
0.31745234
0.26315287
0.31771725
0.15118481
0.12230157
0.13588198
0.39307696
0.26457164
0.31132647
0.30924806
0.18374254
0.218143
0.31334472
0.2855472
0.38556495
0.5799024
0.2004786
0.23740616
0.29812694
0.2766063
0.29922205
0.52116644
0.30121094
0.45826215
0.3826887
0.25512406
0.3928482
0.34306175
0.30523744
0.20802286
0.3229957
0.21151666
0.27698788
0.42469394
0.34553212
0.482741
0.3101486
0.44223407
0.4264212
0.16973844
0.10438915
0.13026722
0.35557434
0.3878261
0.36638632
0.08631417
0.24782506
0.28028214
0.1772376
0.4219903
0.14545302
0.22918141
0.25997573
0.24826239
0.23573124
0.18989435
0.36849415
0.14022306
0.1968253
0.24892424
0.19246747
0.23362432
0.35971132
0.24950646
0.23066626
0.0976757
0.08534234
0.16017856
0.22446835
0.1383269
0.20517945
0.18459634
0.085170165
0.22430801
0.3506668
0.18804693
0.37980643
0.30446735
0.19192927
0.20995432
0.36351916
0.13966061
0.09924647
0.19975646
0.25011098
0.18284059
0.25717202
0.16590677
0.29775402
0.17219245
0.027321858
0.2373906
0.19564684
0.18684717
0.27079812
0.21121553
0.2008182
0.5169453
0.4198599
0.27487633
0.39425853
0.32879195
0.26670793
0.41561234
0.078711726
0.159626
0.27890334
0.31234047
0.19525741
0.15226434
0.20499448
0.3966994
0.27690867
0.34125665
0.14502825
0.1834269
0.30876812
0.35862616
0.43757707
0.1351737
0.21680227
0.37743056
0.19690134
0.20877111
0.11629443
0.27523986
0.11570456
0.22275122
0.23122144
0.12714903
0.06734225
0.22537844
0.25466728
0.12824446
0.1757049
0.40727165
0.24986656
0.17255025
0.20215742
0.15602157
0.076184355
0.2867841
0.10641885
0.18880308
0.25856405
0.5882279
0.1991956
0.31940797
0.3951572
0.23210359
0.26516816
0.21301915
0.15926507
0.10732869
0.16486491
0.24672234
0.31909853
0.2946722
0.3034352
0.36345145
0.3275728
0.5366407
0.37572205
0.44715548
0.27436003
0.4283861
0.45769528
0.31952503
0.32350466
0.36372197
0.27945444
0.4677624
0.39720988
0.26101384
0.35027266
0.4035275
0.5793426
0.45732272
0.42061433
0.4136443
0.31801042
0.37453052
0.62936836
0.34050816
0.46723467
0.47090045
0.47772235
0.45489442
0.43484086
0.44961163
0.5693252
0.33569723
0.2902402
0.36015165
0.23710628
0.29304594
0.344901
0.28041837
0.1154948
0.22693522
0.31167948
0.24096291
0.070721924
0.11782009
0.2944008
0.23189205
0.5786362
0.29908323
0.2301174
0.399641
0.19858745
0.30961648
0.11833754
0.15807867
0.2840439
0.34182265
0.31173268
0.15529287
0.21797259
0.19075869
0.4228636
0.28755113
0.12021906
0.10184073
0.27503088
0.3199256
0.23193723
0.3652121
0.36038736
0.36557302
0.26328942
0.18483211
0.37035766
0.1355494
0.25654802
0.14381707
0.36778507
0.19596325
0.32064494
0.28411248
0.37385607
0.6833281
0.19675592
0.27010447
0.1991307
0.29474455
0.22921857
0.27017242
0.22691496
0.47916967
0.58376217
0.49411386
0.18409786
0.31006894
0.1858345
0.12627593
0.3497926
0.16818939
0.06295994
0.39328736
0.19126558
0.24540125
0.6463205
0.22684357
0.3358051
0.314002
0.30635908
0.34299076
0.29778576
0.23526411
0.13368484
0.06076178
0.4020061
0.2704135
0.1614102
0.15019867
0.13209178
0.19100039
0.29275894
0.11988252
0.35217622
0.10291433
0.32076612
0.28511468
0.30488583
0.4203148
0.31858554
0.32775682
0.4340212
0.15114231
0.21112974
0.22074106
0.45306945
0.22840723
0.37028196
0.3465302
0.313128
0.3905209
0.4073139
0.37082478
0.3429433
0.25462788
0.24622352
0.4945124
0.15552714
0.25405088
0.38472012
0.46904075
0.15712522
0.36696586
0.27935088
0.5666789
0.30340588
0.3839459
0.16039726
0.3599491
0.32501352
0.12430111
0.15050201
0.095560946
0.2918106
0.34935206
0.50401735
0.4757497
0.16668406
0.1795407
0.18396553
0.36690214
0.4317042
0.45032445
0.43646
0.27949992
0.22266218
0.37794355
0.23830113
0.27069148
0.21451324
0.19404984
0.20986007
0.42278433
0.31267515
0.4796774
0.37013075
0.22114478
0.2828197
0.2210492
0.19320916
0.27685252
0.17437853
0.26236486
0.2621063
0.18015692
0.25402132
0.08153873
0.14712738
0.40924585
0.2981082
0.2059787
0.14322796
0.3619017
0.3057681
0.21503602
0.18716303
0.27588058
0.47371137
0.118526556
0.64354837
0.24606326
0.21252368
0.12817967
0.4311795
0.33369553
0.16446012
0.2570307
0.17807178
0.26453042
0.13759942
0.20433757
0.2148363
0.11009933
0.0987581
0.088054456
0.2550575
0.21386203
0.2847552
0.16195892
0.28770325
0.34583414
0.22448921
0.13127996
0.27183366
0.26135257
0.32371876
0.20380208
0.2095929
0.31297565
0.23864771
0.22816235
0.37113664
0.21201532
0.29349825
0.27172512
0.17548013
0.18078999
0.34049365
0.20544298
0.30913535
0.14300656
0.273556
0.33685
0.083793566
0.22290936
0.16217002
0.23970847
0.34280658
0.2774022
0.23262729
0.22701843
0.1493489
0.44256562
0.7271125
0.16929276
0.3780279
0.38810804
0.24099477
0.1669588
0.3328951
0.21680601
0.28917167
0.5291309
0.2771558
0.40731186
0.20887552
0.20290715
0.19874312
0.41094035
0.23058361
0.18868323
0.27637276
0.30994096
0.40964377
0.21880116
0.22622585
0.15640937
0.18376674
0.10219998
0.45201734
0.12415618
0.20194446
0.3549837
0.17629185
0.22159988
0.31102866
0.25141862
0.22810228
0.510975
0.2886243
0.30785352
0.09691036
0.32075495
0.3459549
0.2084433
0.43578792
0.34475678
0.40048468
0.2130757
0.43767613
0.31201985
0.36820468
0.3265156
0.4298823
0.2329742
0.6025678
0.51553655
0.49926198
0.37943938
0.386482
0.5504845
0.56890833
0.4177456
0.3817673
0.4295205
0.32534406
0.45821282
0.35224527
0.3042404
0.27043644
0.4417934
0.37445512
0.24810466
0.32848877
0.3396643
0.32398605
0.18900149
0.3197482
0.33800235
0.32211903
0.38887808
0.4274366
0.35734433
0.44586012
0.2776075
0.28052136
0.19371217
0.39556363
0.21952066
0.46587092
0.7357094
0.36796892
0.42342857
0.33538538
0.3216521
0.39068392
0.26141202
0.43751824
0.30570135
0.3957312
0.36327627
0.3497411
0.30463076
0.27611163
0.45646265
0.54730254
0.3003689
0.5374517
0.34412345
0.4871346
0.31727964
0.3598353
0.38402057
0.42533267
0.564166
0.5128614
0.36451444
0.4222693
0.378262
0.7807289
0.4836423
0.3472231
0.43693778
0.4696765
0.7137609
0.31148046
0.39957687
0.3099678
0.37444347
0.66697925
0.49144232
0.376786
0.39027163
0.36582115
0.48220292
0.42957136
0.38760713
0.6603244
0.61204064
0.4245677
0.49129176
0.23015226
0.23174298
0.1876626
0.23359716
0.2828136
0.28709397
0.35089245
0.26854888
0.32787865
0.18147917
0.25132564
0.5369069
0.29691797
0.29268312
0.3498788
0.18430668
0.29157856
0.3639526
0.25975424
0.19957304
0.2167472
0.4532855
0.28344148
0.14015736
0.3447834
0.11504724
0.31894374
0.14481455
0.43357205
0.20103288
0.2774235
0.17234977
0.107313104
0.33647788
0.0
0.27363995
0.23138516
0.1853967
0.26476657
0.24604823
0.15554076
0.24094498
0.12883663
0.14727792
0.16623493
0.1968926
0.48010817
0.26099917
0.21896137
0.49822953
0.37781456
0.22365351
0.12664856
0.061036438
0.25923792
0.16883253
0.15815791
0.1987199
0.3462043
0.4396743
0.17885019
0.20538384
0.27027836
0.30959597
0.14409396
0.36969984
0.2648679
0.2610554
0.50780946
0.22709121
0.21693592
0.2684248
0.35437003
0.22274421
0.42840642
0.36040482
0.23036891
0.39647487
0.4802764
0.08187547
0.4963298
0.3897531
0.33833808
0.09019186
0.19852543
0.29928783
0.16870992
0.03549423
0.18047225
0.03360462
0.24469022
0.17344926
0.13376442
0.19984312
0.15813775
0.39740443
0.21956035
0.39048788
0.24624263
0.41364777
0.18124132
0.060269684
0.14266247
0.25079823
0.255525
0.3549196
0.2970157
0.29450893
0.34652027
0.1616231
0.3463757
0.17860408
0.30758977
0.36544013
0.14512043
0.29186666
0.4237313
0.2055769
0.31837696
0.13981035
0.27872452
0.13809735
0.42430517
0.1638212
0.19994697
0.15011495
0.1806671
0.21768163
0.33236971
0.33450276
0.26057366
0.16600055
0.29441994
0.18787146
0.1072617
0.13697337
0.11626929
0.04265864
0.18016747
0.16844451
0.13302168
0.13774347
0.25871703
0.21991341
0.41834396
0.2384354
0.26820526
0.23544784
0.47648558
0.42907622
0.19277821
0.18904397
0.34168485
0.27145934
0.29159307
0.3429571
0.2939502
0.36539146
0.22402878
0.43222144
0.4651192
0.17782938
0.22652636
0.2078296
0.11463354
0.22546378
0.30941856
0.17901592
0.37136447
0.45029664
0.23807138
0.261702
0.09307083
0.22713986
0.19498941
0.27242637
0.13751586
0.21787356
0.20279567
0.41733667
0.25575474
0.32178503
0.19069469
0.43860337
0.24553944
0.40260223
0.30048662
0.4099796
0.28595358
0.24613874
0.39553115
0.24693552
0.3709005
0.24299993
0.36448362
0.23269583
0.49891207
0.24609807
0.25469807
0.416626
0.48024443
0.2789025
0.29828516
0.31247672
0.37976253
0.3051054
0.38564193
0.4742355
0.24393737
0.27415442
0.36342975
0.2690006
0.8868309
0.35853228
0.3380424
0.31001136
0.5658885
0.25426447
0.48879248
0.3518428
0.32933024
0.46751353
0.3473492
0.40500626
0.29709145
0.5298022
0.53354067
0.43782023
0.46882516
0.5878103
0.34588796
0.3056198
0.3461983
0.45275852
0.45810157
0.54423916
0.433605
0.570843
0.48445785
0.39942148
0.50552124
0.2831102
0.32931882
0.25176737
0.3129574
0.3852592
0.19232355
0.33772886
0.22728314
0.26338816
0.35301283
0.27551928
0.26301542
0.25873482
0.3868036
0.32082838
0.2954736
0.5703549
0.20167154
0.35283166
0.48442477
0.21737795
0.46350914
0.38040337
0.21742152
0.3018354
0.28322157
0.19500737
0.14369962
0.47535825
0.414962
0.13074963
0.37830216
0.29601488
0.26976416
0.1015292
0.06643338
0.25357106
0.36543247
0.07857532
0.17121007
0.09984067
0.08012125
0.12519276
0.14377484
0.22545329
0.19388576
0.13403146
0.18863097
0.11170857
0.31625667
0.15561533
0.21099077
0.29978013
0.17862952
0.08917917
0.32150307
0.15104662
0.09202658
0.14533877
0.23783061
0.13950996
0.7022718
0.55941325
0.22830358
0.2546382
0.37298268
0.11834864
0.10497913
0.16774216
0.20018673
0.17088136
0.17567234
0.1941414
0.41345263
0.22136602
0.33182827
0.1835753
0.17060652
0.2027054
0.38802874
0.17446059
0.1814296
0.32569453
0.20344064
0.12952903
0.3304798
0.09138778
0.33106476
0.3789545
0.3844986
0.078202486
0.41875315
0.42039943
0.15404665
0.15020317
0.18007192
0.13266289
0.39028922
0.16172425
0.1698904
0.37768304
0.082592666
0.16689612
0.31714398
0.27381223
0.33537033
0.33506575
0.28971905
0.18553428
0.32677352
0.2817149
0.2708775
0.23962705
0.417792
0.35926047
0.27959993
0.4187517
0.23986971
0.29891437
0.3814416
0.44277668
0.41922098
0.35930768
0.49691206
0.35070163
0.473728
0.20747513
0.1419043
0.32733876
0.47469032
0.32281053
0.23657075
0.45672828
0.3492943
0.22779605
0.33508918
0.16411029
0.3095726
0.15494357
0.28479013
0.3154731
0.1547293
0.29805768
0.36692044
0.29869714
0.1288929
0.25395173
0.28749546
0.2412262
0.302552
0.2516925
0.13499816
0.36159918
0.39810166
0.27284357
0.51882166
0.4214125
0.28746685
0.20537502
0.30448097
0.51869833
0.29172683
0.33280537
0.3663449
0.5346167
0.26788664
0.27206686
0.402353
0.45429745
0.3563321
0.29596764
0.49638468
0.29453522
0.5619557
0.5037828
0.65488243
0.30541655
0.35262123
0.51996225
0.4541645
0.41858077
0.5386503
0.43307567
0.3499082
0.3700784
0.62320757
0.42994416
0.37155676
0.33558616
0.7097733
0.3831257
0.42997324
0.6762751
0.37504986
0.45720592
0.39185122
0.5007003
0.2523878
0.43660155
0.49402845
0.33374488
0.30709177
0.2562249
0.35440165
0.34098914
0.5356988
0.37576213
0.3011891
0.42134738
0.2349977
0.22634126
0.26890185
0.100700915
0.32914925
0.31120577
0.22225207
0.19827724
0.5315498
0.21835129
0.27136368
0.40015736
0.36438045
0.3057351
0.47672096
0.2878982
0.5381138
0.37781066
0.4247894
0.38678095
0.53949714
0.33317032
0.47557718
0.47031483
0.50961304
0.45352542
0.4389055
0.5020971
0.4555225
0.63200456
0.5251789
0.7607058
0.63604385
0.7568215
0.42371982
0.43154797
0.6045289
0.4644124
0.53738546
0.5904686
0.43306753
0.6642349
0.49524978
0.5359515
0.4830498
0.69973886
0.41372535
0.49562383
0.44490662
0.38446206
0.49691367
0.54857945
0.5381069
0.48734102
0.3877245
0.4980428
0.43547904
0.6943305
0.5863691
0.5412071
0.5540797
0.41795412
0.5291826
0.46757534
0.6196204
0.3604876
0.6465134
0.705531
0.48125687
0.43055728
0.52896845
0.46426034
0.42001536
0.44981694
0.58778745
0.42905012
0.61860734
0.41985264
0.3988717
0.46938053
0.46845922
0.38238028
0.5151188
0.48607504
0.60143924
0.5895211
0.4713643
0.41395515
0.34554392
0.353838
0.26887137
0.45832798
0.42522383
0.78117615
0.26028132
0.32504946
0.35641494
0.3066459
0.30316985
0.39153904
0.28306776
0.45351967
0.3913983
0.527624
0.3459805
0.2781091
0.54880613
0.3555948
0.31748012
0.22423373
0.27894235
0.20841753
0.35937762
0.20107166
0.31041965
0.3562877
0.15778747
0.22172573
0.43654972
0.29884064
0.22620597
0.25996748
0.41096514
0.4422448
0.18957955
0.5695131
0.20509432
0.35668418
0.3937409
0.29086828
0.17781787
0.14260037
0.26082426
0.21557978
0.25202015
0.19281435
0.4693953
0.36117947
0.15936275
0.37042966
0.22229981
0.4274726
0.17054649
0.32450923
0.38613597
0.55155087
0.3331628
0.26047647
0.5784841
0.27263555
0.26184574
0.3362315
0.28614962
0.46279746
0.301897
0.38270432
0.28856602
0.29162458
0.32368198
0.18454023
0.39720806
0.20504098
0.4146173
0.3100643
0.3790112
0.6907883
0.45846218
0.46910375
0.4162321
0.3345287
0.42023706
0.49229646
0.48923278
0.4042877
0.40747097
0.30255237
0.5256567
0.3904564
0.40708768
0.45727983
0.25800583
0.37987262
0.26758963
0.4790953
0.3185561
0.18446557
0.35284045
0.22543217
0.21999264
0.35335702
0.340033
0.4889088
0.372102
0.22556588
0.32764816
0.22242308
0.23405384
0.3058567
0.30216265
0.18192731
0.23219821
0.0969839
0.22616655
0.23692754
0.2361478
0.32617918
0.33090878
0.17189011
0.2133758
0.052439738
0.107118435
0.28311726
0.15749332
0.12741637
0.1682901
0.39205298
0.11263249
0.48355964
0.40876257
0.23868719
0.18124218
0.18941727
0.52445877
0.26186952
0.11546788
0.072791345
0.70482206
0.09574123
0.1194865
0.27321836
0.28980416
0.1694119
0.089649454
0.28043422
0.09575495
0.39462924
0.13158736
0.23621169
0.2731576
0.086868815
0.32572457
0.34563762
0.28434715
0.27170414
0.08017512
0.035773147
0.25825027
0.14526281
0.4427517
0.40090922
0.32249758
0.25981688
0.10516656
0.23437858
0.22359426
0.2682717
0.345735
0.24795915
0.13549687
0.2755254
0.4557027
0.19880463
0.2521329
0.3692527
0.11774378
0.36559287
0.2709671
0.2532096
0.13623971
0.11119686
0.15538123
0.18329605
0.16179311
0.19981146
0.09632399
0.23602502
0.27852497
0.16419375
0.4709365
0.15325484
0.35697874
0.106764235
0.19418587
0.15981689
0.21439523
0.2683192
0.33562922
0.21827538
0.2232066
0.35053062
0.2161189
0.18468365
0.50231797
0.19590808
0.44631222
0.19582786
0.35477644
0.40455982
0.4609457
0.46134213
0.4131726
0.4096297
0.39801803
0.3034321
0.30841148
0.33593386
0.2903432
0.312485
0.5971698
0.44741088
0.47270888
0.35957468
0.18883206
0.20967214
0.2575595
0.37871113
0.3113845
0.30974126
0.26687032
0.47724944
0.3472376
0.27579713
0.25868097
0.14576095
0.29946926
0.34003976
0.19488554
0.17052417
0.5944308
0.3674122
0.3367735
0.27584812
0.16201754
0.38329384
0.17327198
0.08759935
0.2548813
0.20437638
0.27113828
0.10006603
0.28973275
0.065767825
0.2578634
0.096202694
0.36878198
0.35061657
0.21581851
0.2627837
0.25116688
0.37572205
0.08056379
0.0792137
0.07507767
0.19510336
0.17815416
0.1756605
0.216088
0.18282346
0.2753991
0.29361904
0.20609535
0.32600072
0.28063807
0.2839885
0.26449424
0.28128412
0.12873636
0.29152772
0.38715813
0.42667526
0.07355913
0.22678454
0.13025343
0.35295302
0.2880845
0.4900141
0.2948419
0.092285305
0.19274172
0.45087212
0.28975755
0.24746843
0.28694353
0.19388443
0.25661096
0.49070397
0.27297658
0.18452877
0.33367556
0.20134334
0.104589514
0.2637723
0.4314741
0.49336898
0.19063273
0.2896528
0.3433966
0.3784871
0.21601412
0.68275684
0.26197973
0.24834785
0.30509865
0.26284322
0.18794301
0.13325003
0.17749366
0.3987654
0.26811808
0.13977651
0.2043426
0.45850104
0.21330068
0.45909202
0.4820496
0.25705102
0.16388828
0.35464594
0.47668433
0.3792987
0.23940898
0.15434724
0.23704036
0.17850135
0.3026122
0.326909
0.19378625
0.22334702
0.1722157
0.28704166
0.47155437
0.22180206
0.1649325
0.2994905
0.23988338
0.21884257
0.17191757
0.26094928
0.12828928
0.19098726
0.17222992
0.16333306
0.18865938
0.47535256
0.3572795
0.27620423
0.26657403
0.34729648
0.23538134
0.22708958
0.3083399
0.116074234
0.11231311
0.20797513
0.2936046
0.31079334
0.24421526
0.101429485
0.09484468
0.16925915
0.10744956
0.14524877
0.1381187
0.27138972
0.20317616
0.29333186
0.19210242
0.28546873
0.14409307
0.36489293
0.13863707
0.22886603
0.20414218
0.2339176
0.14667182
0.4021114
0.2814438
0.23150606
0.28119475
0.11665587
0.0896855
0.39859885
0.30753523
0.27532092
0.20128562
0.10340182
0.21272825
0.13694444
0.16486223
0.18112707
0.3571661
0.16138057
0.3220334
0.21983624
0.3916631
0.14005421
0.2355855
0.09390299
0.28483665
0.21949339
0.14104591
0.25796112
0.15503936
0.22969992
0.27179977
0.5505868
0.20366144
0.29959625
0.17239915
0.053445674
0.10042473
0.37642545
0.20772423
0.07640594
0.15672348
0.280164
0.12681133
0.14972074
0.338205
0.123220935
0.2965074
0.29037586
0.14505109
0.20402251
0.103389904
0.18552189
0.27162153
0.13330345
0.25402525
0.123956054
0.20507284
0.3622557
0.27879727
0.42918688
0.38720417
0.23603919
0.36215022
0.2672326
0.20542714
0.6034065
0.17098065
0.38414025
0.34749654
0.15093385
0.39343444
0.09460813
0.3124176
0.32099292
0.090488344
0.121638194
0.19759814
0.1541076
0.13289225
0.09617091
0.08424572
0.36061043
0.20568416
0.25651604
0.28644308
0.24853207
0.33636394
0.31112018
0.47146037
0.15858558
0.30610436
0.111158274
0.29717323
0.23176375
0.20879033
0.19405013
0.28198358
0.41366968
0.29982755
0.37196827
0.2589494
0.20071636
0.20227762
0.3194342
0.1543769
0.2576901
0.2758355
0.28629908
0.18767107
0.31876817
0.20539445
0.3723783
0.26488414
0.05334743
0.25912067
0.18853031
0.4128619
0.30460057
0.42293268
0.053299326
0.26326472
0.3888657
0.3521937
0.26988843
0.27164087
0.0627605
0.18229064
0.108937725
0.562978
0.46527398
0.33783728
0.24273606
0.049307752
0.16506137
0.22811283
0.31268877
0.17311563
0.2850318
0.28241453
0.17077768
0.19806857
0.068853855
0.10296907
0.34338832
0.24240293
0.23770127
0.19559631
0.33284202
0.18786418
0.14942959
0.38508672
0.1047558
0.46311253
0.21887459
0.20859744
0.23046379
0.3184833
0.24225348
0.27843106
0.26205823
0.42419818
0.45837516
0.25628105
0.32469192
0.19409056
0.50236064
0.34553018
0.37579718
0.2359277
0.42035905
0.2600402
0.2754848
0.14025515
0.16510318
0.12371864
0.15143402
0.35831645
0.1793407
0.27165148
0.29311466
0.21634272
0.49447417
0.29522672
0.56853926
0.30951723
0.25377902
0.37517413
0.17255576
0.53941065
0.43878677
0.5739455
0.29395664
0.37697774
0.3096525
0.24168761
0.18355632
0.2178989
0.35628876
0.4138135
0.06582877
0.06316226
0.041529004
0.16808195
0.14346565
0.082535945
0.22693998
0.2513983
0.17266196
0.24447283
0.45124316
0.3546031
0.41561702
0.1668001
0.5636313
0.3213332
0.255828
0.19136244
0.15795702
0.18783559
0.1953376
0.2013114
0.17934203
0.22360797
0.40735483
0.26100004
0.17683446
0.23425847
0.18327735
0.27684775
0.221818
0.3537577
0.2908002
0.37756914
0.3857209
0.16658066
0.49084374
0.30262956
0.3402484
0.32392663
0.3072947
0.41690597
0.27915013
0.445334
0.41386232
0.12292904
0.33177269
0.35148692
0.2282845
0.32609937
0.3133967
0.13585295
0.24828441
0.37006173
0.14609943
0.1447166
0.25026268
0.40310284
0.15504059
0.1787603
0.2656804
0.57947654
0.3406717
0.17728947
0.26210383
0.31842658
0.47983748
0.5005242
0.18151028
0.31896618
0.35063472
0.529429
0.6018915
0.52471155
0.40881982
0.27703574
0.35244858
0.37789056
0.26235634
0.49417716
0.35212255
0.40473723
0.18680893
0.5546531
0.46504715
0.29188287
0.16817427
0.21642675
0.3974726
0.26566058
0.22528175
0.4829429
0.2801403
0.3506782
0.29343396
0.40216586
0.23817392
0.71366
0.2823061
0.23839764
0.31822997
0.4781485
0.26261136
0.35291943
0.32907733
0.19775763
0.19242646
0.38577586
0.37123516
0.2311775
0.20964606
0.16120243
0.19041553
0.35166866
0.20284317
0.029061716
0.159597
0.37984705
0.071588196
0.19548436
0.23645467
0.5376726
0.30069572
0.18002929
0.13358726
0.23299733
0.2963665
0.3010771
0.15017754
0.17469697
0.2536291
0.3266941
0.13183665
0.18852814
0.23058124
0.46609768
0.27515656
0.25812644
0.16716906
0.3988394
0.24978516
0.28712225
0.33638042
0.22529583
0.23634788
0.3754169
0.23854977
0.32601726
0.25704807
0.2745502
0.35956895
0.29922324
0.19044003
0.27694523
0.36573818
0.16724443
0.2077576
0.2597199
0.09193166
0.49225375
0.1916542
0.2732679
0.33531448
0.5857052
0.28217584
0.37711433
0.20154758
0.3920195
0.25026307
0.33129328
0.22767663
0.28904608
0.18980166
0.22952755
0.3095433
0.2677943
0.30154306
0.16444401
0.28089565
0.22951148
0.13652156
0.24611995
0.32945952
0.15551215
0.2171787
0.24592368
0.2775129
0.061693985
0.23122382
0.11480187
0.21940252
0.25120723
0.27971777
0.43375224
0.22121008
0.29985318
0.4055503
0.44568065
0.37834114
0.28572157
0.2486833
0.32545462
0.33512136
0.24623969
0.41355065
0.28303605
0.4946695
0.35288805
0.39320564
0.5993764
0.31360734
0.34509113
0.37678352
0.4296949
0.34556413
0.38384047
0.23872775
0.39175484
0.39659938
0.2799861
0.27102074
0.37007535
0.22226748
0.23622851
0.1707637
0.24401002
0.4141575
0.21404143
0.2896756
0.2537713
0.20708255
0.21218532
0.58622324
0.14283536
0.36862367
0.45041308
0.3082258
0.30209786
0.25665146
0.29765174
0.3193906
0.42462045
0.29988202
0.36273682
0.44092035
0.28375798
0.25873485
0.34811538
0.31444004
0.25958186
0.37510744
0.2978991
0.408248
0.4296817
0.5268493
0.32392928
0.30049112
0.37039432
0.40262705
0.44172296
0.24774995
0.28942075
0.38144404
0.33423677
0.381781
0.16761772
0.20842947
0.30943096
0.22660136
0.25485274
0.24027854
0.3793988
0.14556006
0.40562776
0.391479
0.3703801
0.29246953
0.22640692
0.49363095
0.25263113
0.16196337
0.11031329
0.12536736
0.5513182
0.2069149
0.24674658
0.22228616
0.37022424
0.28623232
0.30661246
0.30643475
0.10441755
0.15175289
0.2051844
0.31613648
0.12844248
0.24870105
0.29972267
0.28649297
0.1329047
0.22257096
0.19453858
0.18676172
0.33984184
0.2137681
0.11841236
0.3452578
0.30950138
0.49770278
0.23910366
0.3605591
0.29279917
0.22963692
0.48031953
0.3444255
0.29867584
0.43557593
0.48083466
0.3512701
0.22839399
0.3036011
0.34104145
0.2982917
0.35708806
0.4740526
0.3127739
0.23603547
0.52446604
0.22300759
0.2480128
0.3746554
0.36821875
0.16104376
0.30128917
0.1735801
0.55858785
0.15603542
0.38862622
0.5426328
0.33977246
0.33827546
0.21413974
0.41997918
0.21091679
0.27378413
0.56142944
0.3536013
0.34785962
0.42405894
0.3937564
0.34220296
0.27489263
0.22317475
0.26832426
0.45072845
0.34888467
0.5720596
0.2817196
0.5942795
0.27598095
0.50598127
0.5165924
0.47841337
0.33079675
0.23669656
0.4571583
0.4056853
0.36248666
0.3721046
0.23116904
0.32655564
0.3028163
0.4605564
0.304375
0.3159446
0.26568156
0.39131436
0.2877473
0.3928425
0.23284741
0.31911102
0.24421032
0.26366696
0.36685696
0.24880205
0.47847655
0.34864217
0.46870294
0.46417072
0.3372596
0.37060797
0.36818546
0.5287045
0.38504264
0.36811736
0.2824867
0.37571195
0.32002038
0.43890443
0.37110707
0.34058782
0.29223165
0.33407015
0.6294959
0.31852505
0.16035873
0.25475731
0.29111645
0.41009578
0.2549006
0.22132906
0.31759563
0.31261474
0.20622376
0.40995112
0.38014832
0.40615943
0.14409131
0.16256186
0.24959491
0.21400304
0.22819284
0.16658467
0.23376955
0.108780265
0.25031376
0.2305703
0.17989253
0.35063645
0.2858147
0.29935992
0.25981948
0.37485048
0.17505148
0.27849087
0.2958706
0.2898146
0.24031356
0.3289694
0.15321256
0.26666173
0.12277627
0.1744474
0.28589213
0.23393881
0.38056433
0.4249716
0.2525003
0.24194281
0.3795888
0.26025894
0.3159819
0.19683895
0.19945347
0.3946419
0.42884466
0.34163025
0.33290246
0.14075334
0.23127252
0.2752418
0.26079988
0.20871724
0.3341983
0.25565523
0.4141161
0.43133765
0.23566082
0.4286005
0.17190897
0.21470036
0.23298383
0.1497
0.14428104
0.31004572
0.3136528
0.64881396
0.29674008
0.10789557
0.22274093
0.44375667
0.18765599
0.32467332
0.21415833
0.4734013
0.27908573
0.1116679
0.36880544
0.1335026
0.16904484
0.20524809
0.16713916
0.22744744
0.079002365
0.053383425
0.3596627
0.258222
0.38847536
0.28423497
0.2675705
0.1639822
0.10798817
0.07621586
0.21350312
0.12206069
0.169485
0.17692487
0.17818752
0.3789283
0.3726345
0.1830042
0.25145516
0.39876017
0.15590253
0.35485712
0.11586869
0.074707456
0.26451147
0.18937032
0.21548434
0.060051013
0.1945916
0.57817906
0.11571574
0.40448588
0.17058143
0.21731094
0.33770677
0.22942351
0.3366217
0.17808506
0.2353608
0.331229
0.22513872
0.222711
0.21472462
0.18215372
0.3445714
0.29701513
0.22622144
0.57304204
0.21423112
0.45260864
0.4561385
0.24188688
0.2803069
0.39339083
0.3538156
0.39943805
0.26196548
0.32842952
0.33984762
0.38419613
0.4783143
0.41497105
0.36713272
0.35109264
0.32856366
0.43673173
0.43634513
0.31975678
0.39011398
0.5034978
0.3404001
0.19423099
0.45159975
0.44790202
0.39881504
0.5167319
0.7230854
0.34511203
0.3118518
0.57506126
0.45190433
0.3449793
0.55377454
0.5598845
0.43873575
0.709189
0.6258328
0.49848354
0.32485953
0.3628329
0.41030857
0.27893865
0.23981495
0.5171185
0.40430394
0.44396755
0.27164617
0.40793115
0.20638351
0.39583448
0.28957075
0.3294321
0.25209495
0.21425496
0.23109336
0.3796582
0.34489083
0.2257519
0.2607665
0.29486182
0.19577429
0.14751382
0.17643885
0.29256716
0.47378862
0.25803432
0.16536517
0.31226856
0.46952808
0.35935795
0.2212695
0.2442105
0.19363666
0.17745909
0.11634226
0.24530542
0.07841987
0.2287789
0.39759016
0.2409453
0.27790722
0.24470928
0.43426767
0.100288026
0.34947336
0.25958693
0.20743668
0.19709264
0.3112474
0.31383914
0.38699022
0.3747178
0.22350876
0.18741241
0.29948977
0.27057493
0.39416933
0.4813241
0.22230318
0.43954396
0.46847665
0.40830702
0.529901
0.40865842
0.34560108
0.48667035
0.5416003
0.261719
0.2690559
0.26151866
0.37013793
0.42082462
0.41548288
0.30880362
0.32786426
0.24513377
0.6786465
0.30700663
0.3442217
0.28050455
0.14962746
0.34289575
0.25336224
0.34868833
0.36562306
0.5590107
0.17211379
0.15276673
0.381856
0.2707521
0.32713857
0.22296412
0.14202394
0.39656922
0.3698988
0.18393631
0.16226682
0.4131318
0.1037452
0.2833216
0.19009918
0.1734721
0.17654105
0.24259949
0.19960612
0.22932732
0.26581505
0.46052396
0.42943436
0.43062833
0.29036492
0.27889895
0.29577976
0.31782177
0.3203698
0.39991033
0.22374439
0.31501442
0.28475925
0.508858
0.354989
0.5599912
0.73458576
0.4854084
0.4382527
0.5877189
0.36749384
0.42220715
0.43360347
0.42347467
0.3679965
0.50084984
0.4066827
0.271171
0.2655555
0.20067085
0.42525578
0.33194992
0.42596272
0.47614342
0.28415146
0.6010886
0.4284897
0.27468598
0.347052
0.21599147
0.29420215
0.5297039
0.3748174
0.35771495
0.32184
0.22616789
0.3277651
0.4873491
0.3653291
0.27047068
0.2327059
0.39949456
0.35863757
0.2999413
0.3084334
0.22892086
0.19587107
0.41164136
0.24427798
0.24636963
0.26064345
0.2677559
0.21060021
0.25890225
0.30898863
0.27066216
0.34582537
0.32897025
0.4231303
0.3859984
0.21648426
0.49179155
0.40686193
0.3245202
0.11188687
0.49519423
0.37879193
0.33834568
0.16910936
0.11934666
0.1809044
0.07347026
0.24890764
0.27654392
0.21776558
0.49019384
0.08678332
0.18326275
0.13114542
0.22953326
0.39812398
0.41998038
0.33951145
0.09938209
0.32426336
0.29171696
0.24185066
0.2203071
0.16296023
0.14167795
0.062357225
0.22393003
0.48258302
0.22137944
0.21564445
0.16454554
0.16464886
0.2853765
0.21489345
0.24193096
0.32732007
0.20426148
0.30398008
0.17860872
0.18888383
0.32233578
0.27063352
0.26619214
0.32713336
0.26073423
0.32272854
0.19949354
0.21683179
0.25388008
0.48421317
0.22716407
0.3216978
0.44397244
0.4368073
0.07756092
0.16156009
0.09768679
0.1857597
0.45387998
0.25907078
0.30017772
0.46695802
0.1491699
0.4766022
0.15659812
0.19826025
0.1958846
0.37553856
0.22671914
0.3578227
0.2962688
0.41025037
0.19108309
0.02042315
0.10468163
0.27144358
0.3894433
0.29737288
0.15057
0.2250026
0.30781418
0.37709495
0.26483232
0.31167513
0.12722528
0.3362853
0.074981146
0.2645586
0.19499056
0.1402449
0.17147887
0.25982875
0.15037759
0.22228532
0.28160188
0.25498757
0.41530332
0.32457387
0.10472494
0.33742583
0.29668227
0.24012475
0.33901602
0.28427356
0.1900147
0.53217447
0.31761464
0.5411726
0.24251573
0.21927314
0.2082188
0.17148665
0.24737132
0.44469926
0.24967107
0.26950032
0.4273229
0.20767699
0.14860523
0.1213095
0.30955824
0.1257805
0.24909997
0.25194302
0.5125519
0.48101148
0.24468806
0.6207593
0.3094463
0.41032836
0.34295696
0.31592125
0.38731796
0.6170603
0.33331835
0.4362422
0.45803398
0.5169825
0.30026692
0.49770686
0.33213264
0.4094851
0.43705767
0.31809217
0.25566962
0.2594352
0.2544554
0.17369184
0.3061913
0.23954038
0.27154812
0.29845485
0.3161149
0.18944106
0.28187707
0.29367825
0.4329689
0.19763547
0.4235635
0.21943727
0.29357198
0.30254504
0.1081572
0.3171946
0.2390951
0.27545136
0.27997786
0.2484976
0.17294052
0.4068119
0.21656401
0.4161861
0.33815643
0.33642775
0.4245116
0.37271684
0.31046134
0.40416792
0.27140167
0.31785235
0.30192986
0.34685418
0.28029072
0.29651296
0.417583
0.3709966
0.4361754
0.30320075
0.42860773
0.4168411
0.4595635
0.36975965
0.26148704
0.30011863
0.48584878
0.44639978
0.5626477
0.49515778
0.31418112
0.4162172
0.26747972
0.33848134
0.36016777
0.48836955
0.32911453
0.50613725
0.5622374
0.37133127
0.37088203
0.5177932
0.37506622
0.35053083
0.48908684
0.28450692
0.34522057
0.25529766
0.3146118
0.4156259
0.5659518
0.48867884
0.4396395
0.29863614
0.30898985
0.3343565
0.30913195
0.44725588
0.5185003
0.29285032
0.37556484
0.29437718
0.4024696
0.6579334
0.38758993
0.40179142
0.33047837
0.50488645
0.4671306
0.4512322
0.5446151
0.35411456
0.34324005
0.24913177
0.31941482
0.3203501
0.32880372
0.1699294
0.23640245
0.43765366
0.19159754
0.33781275
0.29276678
0.2518752
0.19495451
0.17630151
0.116151474
0.19815026
0.123215094
0.4110907
0.21748601
0.34668177
0.12323045
0.59235656
0.17407201
0.3524235
0.17043015
0.0805914
0.21640517
0.18687786
0.21913102
0.102815405
0.29700512
0.38186508
0.0716758
0.21370287
0.4836563
0.2006133
0.11626247
0.3356126
0.28598803
0.22013463
0.35050517
0.38466787
0.33044514
0.1885394
0.15980902
0.4246077
0.10629801
0.3319888
0.14132367
0.055290144
0.06341967
0.1206921
0.15761015
0.19731738
0.17099376
0.20344688
0.13215052
0.30212656
0.3293994
0.24663606
0.49982014
0.35029244
0.07555488
0.2831056
0.29947874
0.41813445
0.34121343
0.28681028
0.15844107
0.11307979
0.34769195
0.26021045
0.36301827
0.15103632
0.12794818
0.28618994
0.05056356
0.1665956
0.28634202
0.2683529
0.12604362
0.09779323
0.12631051
0.20988123
0.23106864
0.19520184
0.20307386
0.0063125608
0.25299114
0.15282702
0.13809264
0.29921448
0.17766023
0.23447649
0.09649679
0.22768576
0.50815123
0.39009544
0.18596338
0.13407296
0.41663662
0.41944158
0.35329255
0.24656393
0.1337781
0.2609449
0.36324865
0.53077114
0.39552966
0.15055436
0.2640451
0.20748545
0.17091122
0.09853992
0.18565124
0.121361285
0.27037823
0.13674384
0.40044826
0.13619521
0.24366552
0.29092354
0.21963577
0.04912619
0.20808424
0.25941038
0.30176738
0.153382
0.157117
0.25951523
0.22553621
0.27275229
0.3362698
0.5921587
0.17963289
0.29890195
0.37764052
0.11752665
0.35336837
0.26394308
0.3061847
0.32165858
0.28738528
0.26711616
0.11342819
0.32246706
0.19689117
0.23388274
0.11187111
0.101581484
0.24319641
0.16705832
0.3053031
0.2750977
0.251292
0.27769315
0.43940344
0.24723895
0.3982067
0.24303952
0.23926376
0.16619074
0.19302222
0.21157141
0.29683667
0.30970204
0.3458846
0.30452603
0.2317458
0.34353712
0.2444265
0.26009393
0.43027693
0.25098354
0.33589846
0.25211063
0.3130131
0.19948459
0.20349304
0.061761416
0.41203693
0.2062311
0.18984208
0.3755508
0.373172
0.23733069
0.3973782
0.11850668
0.16418989
0.5625563
0.5460801
0.18744428
0.10991954
0.28152063
0.16858354
0.30389756
0.21458837
0.22161527
0.181597
0.2005689
0.20280977
0.13987449
0.2330714
0.18354684
0.1817953
0.08264355
0.26123285
0.34093544
0.24953236
0.20346408
0.14890005
0.17103468
0.28515533
0.12211778
0.090002544
0.16292419
0.35295328
0.22948073
0.42378265
0.27310625
0.052973125
0.30443355
0.2506593
0.11530426
0.1764671
0.33078074
0.12649184
0.320235
0.19541076
0.110215075
0.26457396
0.15431988
0.39440104
0.31657085
0.09136025
0.47235125
0.28869805
0.12721498
0.3760503
0.24223602
0.2711374
0.17682862
0.088134944
0.1452785
0.21773197
0.15254596
0.14601266
0.23177624
0.20582764
0.27139777
0.36821643
0.15248986
0.20037393
0.08571514
0.116075076
0.09801149
0.32021725
0.21654241
0.080394275
0.15639587
0.120557204
0.19836052
0.4839068
0.25435984
0.21115154
0.24931459
0.27020183
0.07159609
0.047044564
0.22326529
0.3402024
0.29745957
0.16407947
0.25837547
0.10843049
0.3004135
0.25351065
0.025813686
0.35600594
0.12598121
0.1511037
0.22309865
0.1845159
0.07001093
0.26414263
0.24493882
0.09536018
0.13624668
0.37961984
0.2779034
0.14804186
0.39337867
0.35783362
0.3197634
0.072180316
0.23902996
0.12316166
0.2471079
0.27997974
0.21778464
0.15153995
0.12998582
0.21756983
0.32292196
0.20669717
0.28678596
0.2954562
0.21185815
0.08521438
0.17216083
0.103524074
0.19223689
0.121249795
0.11903445
0.32363993
0.09349037
0.28374547
0.37340045
0.31447697
0.25802326
0.16283543
0.18881564
0.2067203
0.15474497
0.39434958
0.48873767
0.11782438
0.2205095
0.2830274
0.29860318
0.07927194
0.30614206
0.23359986
0.026143886
0.5652473
0.2355662
0.2205293
0.61394876
0.107447274
0.11778988
0.44996595
0.08513724
0.26313537
0.12395076
0.30245453
0.49944612
0.20449418
0.05340909
0.13794032
0.3758393
0.29773733
0.31653354
0.17987356
0.109349795
0.11020598
0.33458027
0.162196
0.4139809
0.05938858
0.34150717
0.14490914
0.28104192
0.20317377
0.20602848
0.30984208
0.34713867
0.33335897
0.2467912
0.260456
0.17138873
0.16359894
0.19050191
0.14384998
0.19573458
0.25857887
0.27734628
0.090489015
0.11480219
0.2846423
0.10794985
0.30972323
0.1965045
0.39945403
0.23066284
0.34113163
0.27133608
0.4748524
0.3256708
0.3294486
0.26379916
0.54375434
0.21382311
0.24614833
0.33558923
0.2697498
0.20874003
0.17378016
0.34071395
0.21865112
0.37017846
0.3217944
0.22947715
0.050292134
0.3704731
0.18152325
0.196729
0.24400437
0.31176016
0.23937982
0.33766174
0.22002992
0.2849086
0.18455835
0.16669248
0.3886444
0.21805239
0.15813759
0.25735235
0.10092037
0.2733067
0.34714675
0.13328297
0.092577554
0.2671071
0.23915832
0.18966247
0.064262636
0.1535874
0.24476767
0.19917023
0.122700125
0.30653134
0.3327471
0.30855933
0.158175
0.24969846
0.21733798
0.1701567
0.29476362
0.27448553
0.34801486
0.19652608
0.297008
0.028987065
0.48585
0.4241606
0.28791952
0.24139331
0.2217936
0.23321323
0.26136187
0.16292512
0.55528426
0.33251742
0.13301949
0.38125023
0.3049569
0.3425244
0.48467892
0.05384624
0.5956077
0.3631926
0.30284733
0.23942207
0.29421362
0.39152595
0.30247074
0.14455295
0.1918677
0.19722454
0.38355064
0.31311965
0.21216016
0.2873167
0.076957
0.17318286
0.31804407
0.08317415
0.28676876
0.25686538
0.3039556
0.19837557
0.43177328
0.28914642
0.090164
0.21694282
0.15437952
0.17266043
0.21382533
0.22237448
0.20640507
0.1652453
0.24322884
0.3868675
0.2590507
0.31406033
0.101723164
0.32181963
0.13021983
0.3706625
0.13175441
0.44128108
0.1605111
0.14592765
0.22433022
0.13994643
0.30914685
0.5285785
0.35241514
0.1889864
0.33709422
0.25187427
0.32715368
0.24984738
0.28862232
0.2837021
0.31060725
0.22011673
0.2330186
0.33567825
0.42955396
0.53632367
0.17835456
0.31638962
0.27795434
0.23358992
0.28497323
0.3977187
0.24105294
0.31012467
0.22016785
0.28572395
0.21313637
0.21967104
0.28070605
0.24806494
0.2748021
0.3243884
0.4375443
0.2271155
0.27419102
0.23446207
0.34476918
0.21388139
0.26329452
0.45717973
0.3832
0.36887303
0.42073578
0.60522175
0.5421149
0.41755342
0.47421283
0.46724206
0.4880749
0.5031004
0.35054672
0.65814745
0.38053134
0.37852257
0.37777618
0.48555425
0.57885396
0.5544442
0.40228972
0.5812163
0.4671144
0.46962157
0.5651071
0.5770536
0.3944403
0.6785504
0.5164391
0.6136583
0.52337885
0.5293799
0.8120653
0.6694989
0.61401856
0.6119095
0.6684554
0.543518
0.5730436
0.6324428
0.6333741
0.71951795
0.53862506
0.66161335
0.5724224
0.6779486
0.64224094
0.74959856
0.6810638
0.62626183
0.6502551
0.6580155
1.0
0.6334584
0.6414588
0.57437
0.5853296
0.69579875
0.42112434
0.407759
0.63235563
0.4954816
0.5283202
0.5956812
0.556094
0.41641614
0.36599284
0.53370196
0.5305762
0.5326462
0.70815164
0.7758333
0.6996842
0.42168778
0.41229
0.54274166
0.42556626
0.4754676
0.55038005
0.48109525
0.5057029
0.608328
0.4477552
0.45023426
0.4585672
0.53277487
0.5349698
0.6198962
0.3634427
0.6625064
0.55648285
0.4528151
0.45148665
0.57742685
0.5892977
0.5384197
0.38346106
0.49807543
0.5087663
0.5804583
0.5863822
0.6353959
0.5390477
0.51746476
0.44958174
0.52943075
0.66903615
0.5259251
0.4474771
0.5782712
0.595763
0.5803407
0.68620604
0.66162556
0.47743788
0.62905115
0.57079166
0.36084288
0.46748823
0.6104451
0.5377449
0.353706
0.5697914
0.6930742
0.49146366
0.6596084
0.44995922
0.36582512
0.5997163
0.6105029
0.5207572
0.41259277
0.45985427
0.31227142
0.32613292
0.31481907
0.47732824
0.3422151
0.29749113
0.5472279
0.5004113
0.56434673
0.3646398
0.47768304
0.5512288
0.27033055
0.27596664
0.35921866
0.4865376
0.3199814
0.667068
0.3858424
0.40189442
0.5255869
0.54619855
0.45489016
0.4067463
0.4622359
0.44112802
0.40871564
0.66172755
0.48873156
0.3168314
0.47139636
0.5848077
0.59439266
0.50293833
0.5184214
0.5755542
0.48781356
0.4557081
0.43620276
0.35538054
0.6077779
0.6978235
0.5405296
0.4514951
0.44893742
0.3817567
0.38459423
0.4124351
0.48927566
0.5498082
0.53694516
0.76527303
0.54646397
0.44687176
0.49860087
0.63655186
0.5697866
0.5188672
0.5577278
0.58440375
0.56527096
0.4011775
0.48876202
0.47320393
0.6183326
0.6370778
0.6788174
0.720325
0.7315842
0.5152538
0.6851054
0.54246217
0.50348973
0.688097
0.7764457
0.5005579
0.48826206
0.6370766
0.51330394
0.7730748
0.5736187
0.47487512
0.5095107
0.5237797
0.46659642
0.5930974
0.4388483
0.4398775
0.42977583
0.59556663
0.5040296
0.5152743
0.68260324
0.43353316
0.5224868
0.46605265
0.5160337
0.79124266
0.5236958
0.5271849
0.4621965
0.68493813
0.6478897
0.44255406
0.49843284
0.52658975
0.63911384
0.6534538
0.41335914
0.5626799
0.54220337
0.6304831
0.43747705
0.58090174
0.44654578
0.45470953
0.30850506
0.50434834
0.43755573
0.38938987
0.30527157
0.4572781
0.36179864
0.5806826
0.4084465
0.4762684
0.54823977
0.58329636
0.48457786
0.6290201
0.62090594
0.5333634
0.45947927
0.45184916
0.44605127
0.5355337
0.46789965
0.60739535
0.43647388
0.61186415
0.69319934
0.40613386
0.3801318
0.47330618
0.4438495
0.78096175
0.40294403
0.68040895
0.6595712
0.58159906
0.77854323
0.5921544
0.561088
0.5053658
0.5391109
0.4142145
0.5387554
0.7675667
0.42447674
0.41926432
0.46830726
0.71570295
0.69340307
0.48968655
0.53819424
0.4477776
0.52153176
0.39801836
0.42519635
0.46762478
0.7027243
0.37958255
0.5628489
0.52656335
0.45701262
0.66364896
0.5122609
0.40746006
0.5212287
0.5110139
0.6871301
0.6151098
0.37152117
0.42100263
0.36480358
0.563153
0.45947427
0.48516476
0.32903776
0.39221266
0.3276415
0.32990292
0.48558474
0.6769259
0.46573094
0.37133068
0.40298796
0.51399636
0.43214983
0.5841602
0.60399413
0.6025487
0.49985972
0.48513424
0.48563555
0.50881296
0.51018995
0.57336247
0.5115154
0.47595286
0.5726236
0.6578189
0.6369847
0.5965074
0.6022152
0.5765469
0.73818547
0.6853123
0.5067952
0.61058825
0.53205264
0.5318678
0.6138281
0.6016596
0.46928662
0.5966962
0.6228909
0.7609208
0.65152055
0.5647929
0.6973806
0.436034
0.55670595
0.45971307
0.38741496
0.51023376
0.555058
0.62379235
0.40250528
0.44371137
0.48323846
0.57814676
0.32172608
0.5010114
0.30818936
0.3496268
0.33568
0.28862202
0.39855504
0.4362969
0.6522794
0.31291372
0.42729557
0.36392495
0.3930642
0.37627694
0.32709602
0.5330704
0.43057096
0.5408275
0.49885637
0.46532026
0.5625274
0.408314
0.45189893
0.6355914
0.39098692
0.3625347
0.27101576
0.44954818
0.5773133
0.45779043
0.3720232
0.42883402
0.35187802
0.28696573
0.47089997
0.37862605
0.28144693
0.35595423
0.25620922
0.22288471
0.27619255
0.1883925
0.27360365
0.18671109
0.33690694
0.17573465
0.39128426
0.035439655
0.32367224
0.09847143
0.3274942
0.42604738
0.13791494
0.11945242
0.16808076
0.14295593
0.121626295
0.24269857
0.24447693
0.40383527
0.061509036
0.31194663
0.3908684
0.1908342
0.37991083
0.35136423
0.3674068
0.19600943
0.47602716
0.32091174
0.33159912
0.17430314
0.2721237
0.06731078
0.26419035
0.22814752
0.18619055
0.52202713
0.31650746
0.044306066
0.19184355
0.22359413
0.38834998
0.33844006
0.15402631
0.15273468
0.1399692
0.262724
0.4186609
0.19671261
0.1561701
0.011826686
0.12205279
0.5036811
0.23915493
0.2942873
0.097319
0.18502799
0.14157434
0.22730683
0.2703214
0.13457757
0.1862892
0.40038007
0.26973
0.25037244
0.107920766
0.29677945
0.3878707
0.46147734
0.2791121
0.27467147
0.24898072
0.18483527
0.28664032
0.19942431
0.5432001
0.11499284
0.31667605
0.30551857
0.30661938
0.15540706
0.17720191
0.2661264
0.15999629
0.13971815
0.43095088
0.37273622
0.18667805
0.24691263
0.20873405
0.3242704
0.2521914
0.21023005
0.3041445
0.48418364
0.2847431
0.3227565
0.22199799
0.3884266
0.31161925
0.25333837
0.23055467
0.30130842
0.41367167
0.35118586
0.2908417
0.39781374
0.3529588
0.35518393
0.2413299
0.17389898
0.33245182
0.40899053
0.51154304
0.23024641
0.47324285
0.2559206
0.275793
0.2770213
0.23046935
0.36542824
0.23632751
0.5299292
0.20057864
0.2546107
0.41407415
0.50805146
0.41187385
0.2169897
0.3923961
0.3771229
0.18320592
0.15134607
0.35071683
0.29326832
0.3009354
0.28659952
0.3098316
0.28827962
0.28580043
0.36478004
0.5114441
0.22548828
0.41083726
0.32163963
0.22334471
0.30491886
0.28691912
0.2919404
0.09404382
0.52422017
0.21116374
0.34458023
0.39278707
0.1278513
0.29764047
0.18328774
0.25912347
0.18131556
0.31778663
0.26838282
0.36480588
0.3702109
0.4419104
0.37504843
0.18760896
0.23566575
0.30648604
0.34383032
0.2795545
0.30310464
0.57287794
0.46855137
0.27299964
0.40446258
0.38703215
0.39030185
0.3950746
0.49189553
0.33656183
0.5667395
0.4252149
0.28840658
0.4570526
0.4760392
0.32861784
0.48380777
0.5482976
0.5877477
0.57519007
0.38288748
0.41625133
0.5482392
0.63993376
0.3758465
0.4098734
0.47652334
0.5575028
0.42775592
0.59566987
0.45735642
0.46123034
0.48394403
0.48227355
0.41707736
0.4106828
0.75665486
0.43314892
0.5000799
0.45018607
0.4949081
0.60378766
0.5463919
0.603945
0.497263
0.5994759
0.44177696
0.5596411
0.3826613
0.4988425
0.4885978
0.6399055
0.40178144
0.2824927
0.4465443
0.59899485
0.35836437
0.35063222
0.55908227
0.38440865
0.49165285
0.4336908
0.34945348
0.39753646
0.5269314
0.5516615
0.55546206
0.4556419
0.61340606
0.43784153
0.56523055
0.5981735
0.5684762
0.41247973
0.71668035
0.7086241
0.330025
0.6348458
0.35202578
0.44722375
0.5614731
0.3051214
0.49389535
0.44613206
0.5070291
0.36481032
0.3730727
0.4097768
0.52023894
0.2713852
0.36639392
0.28275523
0.40981284
0.40835977
0.54032177
0.6898111
0.19939134
0.24798657
0.23805203
0.44621697
0.18706766
0.33719617
0.49550837
0.19192824
0.42499393
0.3467833
0.23739755
0.38537756
0.4659651
0.30637926
0.21921837
0.22067711
0.28903633
0.24129802
0.6402907
0.24674869
0.36101425
0.32787463
0.25683174
0.42990232
0.20115073
0.39859083
0.37077534
0.46524838
0.2905077
0.40518466
0.12714016
0.18148446
0.19409283
0.24316286
0.3654916
0.08066439
0.16458139
0.3476204
0.34637895
0.054925915
0.29430345
0.18806614
0.16392297
0.22918297
0.1970143
0.31165382
0.25774848
0.2226666
0.09470196
0.15889949
0.3102858
0.27376577
0.031449415
0.36567876
0.23611027
0.26089227
0.39940462
0.14287733
0.49366415
0.2481526
0.22478779
0.19192754
0.25398332
0.22596745
0.24682957
0.3041734
0.22641426
0.3287002
0.30214697
0.056433626
0.25022912
0.37409392
0.14015576
0.20667855
0.30071822
0.26690102
0.19262941
0.35504857
0.20563534
0.18246837
0.15947305
0.17582235
0.2199272
0.4627278
0.18432252
0.10497188
0.2622362
0.41139406
0.226951
0.18833321
0.123472296
0.17635511
0.094631866
0.13397151
0.141196
0.31174192
0.15274172
0.21977618
0.25780222
0.10688703
0.19970742
0.17150764
0.1549432
0.3561268
0.17377084
0.22512917
0.09862945
0.3326953
0.11171995
0.24094537
0.44846183
0.22221039
0.11795098
0.48576728
0.23492904
0.14492211
0.27351233
0.14338021
0.21881074
0.34660903
0.3591899
0.284835
0.23443282
0.2831185
0.15130082
0.17562608
0.22526501
0.08327795
0.22521096
0.25505492
0.24669632
0.36997515
0.46118182
0.31378612
0.23292868
0.34415993
0.115061425
0.13393274
0.25736776
0.3346904
0.10788146
0.33219063
0.19071902
0.17404574
0.24321072
0.27708957
0.3771411
0.26484686
0.2307865
0.1682181
0.3751356
0.30365
0.23259425
0.23943825
0.1670101
0.47252354
0.39078915
0.1639198
0.5179326
0.3661687
0.45386004
0.3123197
0.5217355
0.4269636
0.4647823
0.3188613
0.5252986
0.44017854
0.15063067
0.16168188
0.21941957
0.18923977
0.26496738
0.5125662
0.27384812
0.34045556
0.36696953
0.21705946
0.28115153
0.49387074
0.22752002
0.20287018
0.40776506
0.3545149
0.26829645
0.4330462
0.345306
0.5369771
0.5125866
0.5669767
0.329646
0.5515722
0.39635152
0.4372929
0.46827367
0.38418886
0.49803963
0.29724112
0.31579217
0.4447095
0.5969418
0.5702469
0.32392016
0.6055992
0.6982769
0.58979815
0.45149395
0.35563883
0.59409994
0.42016578
0.45933318
0.4381318
0.3613837
0.41070196
0.5431179
0.67859495
0.51741666
0.5216546
0.58523184
0.31700477
0.43494612
0.4479904
0.4754743
0.5803335
0.28769183
0.39043373
0.2625011
0.42693526
0.27676338
0.28016743
0.2786942
0.24573135
0.29180214
0.26149738
0.13896477
0.11574239
0.2428153
0.1740187
0.21407539
0.22918214
0.34480157
0.057866015
0.32386035
0.13744189
0.060746137
0.43474352
0.17246528
0.14123756
0.19579472
0.28846332
0.4294607
0.23270172
0.20820901
0.28088158
0.18279888
0.15448952
0.17761503
0.18830463
0.26904443
0.48198733
0.17589433
0.09517156
0.36681354
0.16456884
0.4022983
0.12360842
0.4772205
0.3605315
0.12858315
0.35531384
0.11290059
0.08222612
0.39903533
0.24548611
0.7246162
0.41846818
0.18013866
0.36193615
0.35193643
0.1926062
0.25165385
0.38051504
0.2843589
0.35536945
0.44610602
0.510987
0.32278335
0.38735557
0.3444607
0.34385398
0.52265394
0.61478716
0.5091535
0.4180518
0.370504
0.39727026
0.47118554
0.46421736
0.6228245
0.6105654
0.56956667
0.7020683
0.62864107
0.5932696
0.49897015
0.6092903
0.79881454
0.6772368
0.3820988
0.4900439
0.4663744
0.62955135
0.45968258
0.4212442
0.5565007
0.5669009
0.50147897
0.56937164
0.48422852
0.48595777
0.52190644
0.46960136
0.7539809
0.32529554
0.26448247
0.59592515
0.24452963
0.451429
0.5117932
0.35470977
0.5367584
0.43633577
0.4358781
0.28703225
0.3322277
0.38881892
0.23958276
0.2785923
0.34007838
0.18135081
0.27235776
0.27080125
0.31804112
0.289838
0.22771429
0.3754485
0.23510507
0.2312876
0.34850463
0.31668434
0.5359976
0.41045332
0.30149394
0.29691514
0.3139088
0.21748687
0.36716303
0.23536871
0.30553603
0.08504614
0.4059753
0.22761744
0.24379505
0.3545037
0.35901126
0.16739042
0.60988504
0.68771833
0.38726905
0.4008281
0.23295927
0.38635352
0.3259829
0.2053549
0.15044266
0.16831858
0.36073646
0.40180975
0.24458747
0.4570369
0.22889495
0.24753891
0.28984487
0.68458086
0.31664014
0.30077186
0.45010963
0.33323
0.2919956
0.17140044
0.17595005
0.22707663
0.32631233
0.29495642
0.17891614
0.27481648
0.29176635
0.22322775
0.2682743
0.27364382
0.4987808
0.46812367
0.4907622
0.23618822
0.21738526
0.45216113
0.338639
0.29777727
0.39034835
0.45944926
0.20564859
0.24342436
0.34395894
0.22209448
0.3283791
0.37152705
0.33731526
0.5136214
0.48095384
0.26517278
0.5284127
0.30220947
0.2119413
0.38137135
0.28409547
0.3899321
0.3954587
0.6448742
0.26724952
0.30499896
0.3123528
0.3862893
0.26654732
0.5140028
0.4828214
0.23012279
0.24437729
0.23253343
0.40740806
0.36772102
0.39143896
0.5567016
0.4150495
0.54512405
0.6942479
0.34320506
0.36560667
0.44995156
0.32598102
0.39007908
0.46115336
0.43908998
0.28303802
0.40271178
0.25900733
0.382539
0.41584846
0.34405985
0.3616505
0.55494726
0.29450312
0.31453872
0.4498623
0.28311512
0.3475361
0.30428106
0.41081107
0.38255906
0.17528677
0.23443672
0.37426758
0.25435016
0.29206038
0.41589126
0.54793715
0.22386628
0.17725562
0.44787017
0.14563462
0.19133009
0.15511627
0.18387027
0.31408787
0.3270717
0.1364844
0.26406497
0.21851356
0.30573133
0.19710399
0.26226738
0.23104686
0.14015606
0.18989493
0.5296223
0.20150335
0.1972773
0.16237338
0.46976215
0.4487312
0.17184864
0.3716503
0.20499797
0.12539771
0.1709669
0.12944122
0.27082065
0.32065588
0.14854015
0.27240312
0.46163353
0.15237854
0.11590414
0.017161017
0.44296476
0.22553168
0.2163619
0.32820898
0.35475764
0.40834886
0.23048517
0.27349365
0.094428904
0.11066825
0.32447264
0.37002435
0.15877877
0.44898877
0.18921655
0.20271975
0.10972927
0.15944067
0.25185162
0.15145631
0.13383287
0.38072515
0.20874219
0.25357813
0.23456335
0.24012807
0.20369694
0.24372695
0.11276197
0.20309465
0.5717522
0.19714893
0.10669338
0.49309692
0.07750657
0.1671481
0.25824124
0.31032866
0.49353024
0.31480867
0.2843387
0.5085329
0.5295153
0.32611877
0.6160855
0.31894016
0.5842977
0.381515
0.15031901
0.5923909
0.6255047
0.30561152
0.42338404
0.3437564
0.5785299
0.41375265
0.37593257
0.57160676
0.6748955
0.61695164
0.34388858
0.34277496
0.40462822
0.7053271
0.6754703
0.42581514
0.6151319
0.32761765
0.43302858
0.28452525
0.2559053
0.61324966
0.47392753
0.36159748
0.22656493
0.35308388
0.30544508
0.5129839
0.33476934
0.73445565
0.3244246
0.6862394
0.26512104
0.39210436
0.34309044
0.2856306
0.404672
0.34539956
0.5915367
0.75264126
0.3006839
0.96939784
0.6475781
0.22895549
0.77062464
0.4193803
0.7150084
0.31194788
0.56033844
0.5948788
0.1877377
0.18477559
0.16808243
0.12759991
0.29257405
0.19344793
0.37736848
0.091163546
0.15840876
0.21640664
0.3309462
0.059543803
0.17489487
0.26255876
0.17486806
0.052533764
0.18374918
0.29796538
0.19350538
0.24756733
0.29479435
0.17943613
0.21289064
0.14838123
0.24187633
0.4366967
0.14422752
0.30854356
0.16413125
0.2972527
0.10506868
0.17968373
0.25972566
0.24089958
0.32209212
0.22560295
0.14678405
0.38322228
0.67115957
0.17885475
0.16678008
0.16814448
0.30296755
0.2576293
0.3164566
0.22901198
0.2624102
0.27028924
0.2809706
0.1711178
0.36826754
0.31015342
0.14787553
0.4537118
0.2847839
0.27317733
0.18198924
0.27308285
0.11449347
0.14479145
0.26686686
0.2543008
0.33425346
0.3250934
0.32438573
0.25892267
0.17227632
0.13797878
0.56854737
0.12908354
0.18937491
0.22769977
0.25355855
0.13890585
0.3781406
0.19845688
0.20357062
0.36783165
0.2467759
0.35325617
0.15100166
0.106118135
0.21649438
0.37408614
0.3528892
0.16864459
0.20412004
0.17354277
0.15990032
0.2806412
0.10867624
0.3342249
0.2319963
0.096953526
0.20871918
0.1583371
0.19530694
0.17963368
0.1752503
0.27226415
0.20889232
0.26771238
0.24163906
0.5438065
0.34409356
0.09742806
0.17958064
0.28589627
0.27538761
0.10934918
0.22510676
0.20779167
0.14278916
0.19777897
0.15350439
0.1448574
0.269996
0.36713284
0.15895148
0.28267375
0.07553501
0.041742824
0.37742904
0.21488571
0.0852486
0.55216146
0.25561583
0.22441278
0.25288635
0.45349076
0.27187705
0.29129085
0.35556877
0.3509249
0.5093604
0.34278396
0.5007541
0.25129634
0.36464682
0.3552451
0.3906277
0.3231741
0.24367747
0.48607394
0.53841156
0.2894935
0.2153076
0.11657154
0.29992422
0.2012842
0.4384367
0.16156617
0.20493841
0.30981407
0.25341436
0.36847407
0.2587236
0.39665237
0.55534524
0.22642884
0.20448524
0.14540635
0.24243714
0.2148709
0.15346512
0.33316147
0.35965687
0.21296461
0.31678125
0.38217995
0.19244559
0.43534523
0.102952555
0.17570704
0.15255737
0.22034334
0.36604303
0.2656139
0.31697133
0.26787454
0.2406561
0.31653503
0.21909584
0.25911945
0.24808744
0.36599898
0.15910299
0.21437235
0.1512223
0.18888557
0.19688533
0.26862597
0.2188884
0.18849222
0.3631476
0.319512
0.14562799
0.36946037
0.20659575
0.4558136
0.41849962
0.37558368
0.33110535
0.24443853
0.4037999
0.21781199
0.15451951
0.30090907
0.27888197
0.44841725
0.19793575
0.18891615
0.25048658
0.28485012
0.19031474
0.27346787
0.29942718
0.66428435
0.3900842
0.4922443
0.26661748
0.25696728
0.3084937
0.38831264
0.4458114
0.27638534
0.30667904
0.2583715
0.2748906
0.6446183
0.1960205
0.19985716
0.20117758
0.114791535
0.28401545
0.25102067
0.48113483
0.25614777
0.17686631
0.2610214
0.21794523
0.20588335
0.18770213
0.3273239
0.12273024
0.19603832
0.117823176
0.25255716
0.3979038
0.3374443
0.102223985
0.20197353
0.13837004
0.18067811
0.17983651
0.24297862
0.19560319
0.2967126
0.19505914
0.25830978
0.40789968
0.2872799
0.28555906
0.1821762
0.3042717
0.32713073
0.46981975
0.39325368
0.36084735
0.353577
0.20459773
0.34863344
0.2853044
0.55793107
0.25033697
0.2624414
0.2541518
0.38928333
0.3108294
0.64268345
0.35939696
0.40752855
0.25606441
0.25589502
0.39771354
0.38625556
0.23429088
0.2691115
0.4061964
0.4678773
0.31702977
0.49607658
0.28773847
0.2925429
0.3772876
0.25474393
0.29785603
0.33868203
0.2510276
0.2733161
0.46371964
0.41265717
0.46596488
0.45827696
0.25540054
0.36689466
0.4586528
0.59137875
0.5617145
0.50523
0.40917507
0.36474738
0.43577334
0.28651917
0.34183797
0.36062574
0.36214244
0.5046469
0.34871563
0.49268597
0.3459077
0.4207595
0.35309035
0.47097924
0.32992315
0.46958256
0.36550042
0.31652063
0.6596361
0.37786224
0.3530317
0.27460432
0.3862373
0.26367325
0.47995406
0.3348548
0.31725585
0.36362615
0.30056435
0.43429008
0.32956162
0.45090744
0.35250637
0.5283133
0.4734661
0.29931095
0.60691965
0.3187501
0.22813672
0.27996278
0.37661716
0.314172
0.2565008
0.4809642
0.26690155
0.29064366
0.41191116
0.42044023
0.31063265
0.28674093
0.440059
0.3638266
0.30818778
0.33733103
0.28006026
0.42082423
0.39860943
0.34414366
0.301614
0.5144094
0.35897577
0.36055925
0.09973946
0.36058748
0.24095526
0.21428244
0.12371328
0.14172155
0.17996989
0.10831658
0.21786971
0.108300485
0.18743248
0.483598
0.34207484
0.22914316
0.344403
0.46629122
0.1541452
0.42865628
0.12330402
0.11460658
0.26881787
0.12722896
0.34063458
0.16833773
0.17951973
0.20248784
0.25385338
0.14297503
0.16691205
0.18004379
0.2170986
0.27280283
0.13405846
0.48204064
0.17715912
0.51763093
0.4468822
0.29730046
0.111586176
0.18593982
0.49998856
0.11973853
0.058548026
0.21072724
0.26532966
0.11076085
0.18860225
0.09085789
0.27232155
0.22722615
0.48338974
0.27924642
0.15884668
0.439363
0.16523579
0.3865283
0.24260786
0.25060812
0.14141175
0.13931927
0.10077346
0.24942523
0.40947458
0.12267477
0.15571533
0.1378201
0.28577924
0.077227876
0.20600577
0.24191523
0.20701025
0.26933607
0.15313266
0.33146322
0.22155622
0.34678915
0.36984038
0.19806777
0.16554374
0.18341944
0.10619603
0.4012308
0.29166397
0.22639161
0.17069167
0.3074329
0.23489334
0.2917944
0.12780416
0.09033251
0.10578891
0.21091849
0.24136144
0.21781695
0.12360347
0.19071174
0.1550265
0.29645765
0.27143258
0.3183204
0.095704556
0.17709975
0.21594982
0.20719607
0.018285451
0.4208166
0.220495
0.14820392
0.23531498
0.36038688
0.13420808
0.17960429
0.23814008
0.3907224
0.18205208
0.14329761
0.32164305
0.06200756
0.22600904
0.10243826
0.32176796
0.06162826
0.09919665
0.31039026
0.24917774
0.13992327
0.25418606
0.4635947
0.11106333
0.13437194
0.08018588
0.25108048
0.28808913
0.1420066
0.18785834
0.30630612
0.18456209
0.1279334
0.18742105
0.28398827
0.24200122
0.3213388
0.26282504
0.25624293
0.30506974
0.124829724
0.26474825
0.19477266
0.5894494
0.115944795
0.3163746
0.14220186
0.3238443
0.29460108
0.06881795
0.3396694
0.22051127
0.24857508
0.1988272
0.3690352
0.074698105
0.27656624
0.21565294
0.25635174
0.21483634
0.31905863
0.24251479
0.28318036
0.22551824
0.20666955
0.3491713
0.25901583
0.19859855
0.297642
0.49319294
0.2927405
0.15839258
0.20952173
0.15206188
0.14333318
0.28466237
0.17819346
0.4524468
0.56680745
0.42245483
0.1603193
0.3116872
0.16448233
0.42316347
0.45121995
0.43370944
0.312229
0.164561
0.22923793
0.18464051
0.11115388
0.4238992
0.43249443
0.08878251
0.098096214
0.19936995
0.28778338
0.2706113
0.40734854
0.14692295
0.34983626
0.38630274
0.42664835
0.30725887
0.38158444
0.30495617
0.34624022
0.30310798
0.4045775
0.24409677
0.33155826
0.23494898
0.35824823
0.49249604
0.23176892
0.5776648
0.22579207
0.28826872
0.32522893
0.3988818
0.21554056
0.23491894
0.4135959
0.45059314
0.23934838
0.7478595
0.48507443
0.23390512
0.17003345
0.17708029
0.23649733
0.29113504
0.18905379
0.4579314
0.406141
0.3502553
0.41005978
0.27748147
0.2891
0.6156382
0.19727089
0.4906333
0.4997109
0.32994527
0.27968803
0.3172912
0.22024731
0.31345034
0.48480752
0.2819531
0.41530818
0.14578433
0.24441366
0.30331343
0.2656073
0.2610185
0.11594896
0.46665397
0.22878282
0.13056058
0.3177095
0.29803103
0.047135547
0.1774687
0.10859657
0.1538726
0.23668462
0.11921209
0.53370154
0.23300752
0.3310881
0.052518968
0.3070975
0.22531337
0.29609007
0.4110894
0.20581388
0.1804452
0.33345455
0.39484397
0.13272452
0.23437655
0.50837654
0.070804544
0.23963265
0.119861886
0.31784758
0.24354592
0.24118912
0.54416823
0.33309138
0.4034177
0.27106336
0.305375
0.28255844
0.24994992
0.3772049
0.23859234
0.54812497
0.5635832
0.24293874
0.5600213
0.21190691
0.2259041
0.16147998
0.13669907
0.33354968
0.30524993
0.49625766
0.19140309
0.28622252
0.15129568
0.5297194
0.32872134
0.24252176
0.2045499
0.12951362
0.24159494
0.31483543
0.27447858
0.21965238
0.33262384
0.22606398
0.34279475
0.1652291
0.15013312
0.26917347
0.34531608
0.28422245
0.29878446
0.32197362
0.3201549
0.12314151
0.16592927
0.37007645
0.18571086
0.21415962
0.36592543
0.23838899
0.29776376
0.1140295
0.22073391
0.11641664
0.34574804
0.34583232
0.4152875
0.4874308
0.19418544
0.21952884
0.23074345
0.5233938
0.1321018
0.33522752
0.15627956
0.27959275
0.15757054
0.14927296
0.24529146
0.2670687
0.39532232
0.3522601
0.4081246
0.15720348
0.16072197
0.22395422
0.11991973
0.15644607
0.27288708
0.0076154247
0.12448771
0.11949403
0.19529592
0.24809352
0.68738216
0.19349967
0.21708846
0.29999042
0.31221196
0.12562619
0.23315191
0.4284374
0.21864034
0.37742224
0.50416243
0.41779792
0.3361722
0.37176085
0.3539426
0.25618157
0.24253756
0.37916464
0.29384738
0.3275059
0.28349593
0.29971722
0.45076513
0.27532664
0.33614215
0.36337012
0.24707949
0.27677616
0.29472145
0.42883477
0.21762362
0.3405224
0.2401047
0.20442526
0.41368806
0.48205996
0.24283466
0.441799
0.62093073
0.32246682
0.36773524
0.23691262
0.42578876
0.28209177
0.42679414
0.1721689
0.223705
0.49969926
0.3051315
0.4030547
0.2449636
0.5108889
0.7160668
0.22112091
0.27635998
0.38398132
0.29963702
0.4400451
0.20455882
0.37478673
0.39983398
0.2491211
0.4414659
0.2864952
0.3379002
0.45465344
0.45015442
0.44430485
0.37479278
0.38945407
0.28902146
0.4474454
0.26991335
0.28551728
0.26080763
0.29722047
0.42300832
0.52364016
0.21585235
0.20941041
0.3108585
0.23863305
0.3477962
0.42193487
0.40428486
0.36443004
0.38448828
0.36664656
0.44705355
0.6209485
0.35760385
0.4293016
0.4656517
0.38653377
0.4553394
0.4875123
0.24248311
0.3829302
0.37786597
0.44645745
0.2862456
0.3262192
0.37693134
0.4038243
0.376055
0.57383084
0.4287574
0.3159952
0.50929904
0.6284179
0.43051818
0.3237624
0.44955677
0.5580036
0.53786206
0.30548328
0.2580412
0.32653126
0.40837288
0.25617087
0.2937719
0.29726538
0.3977373
0.22729565
0.3493992
0.23005973
0.24866861
0.3600085
0.4159829
0.37194067
0.37182596
0.32387635
0.4793502
0.22028425
0.22482361
0.71969134
0.29493305
0.27576652
0.38544452
0.33945286
0.35547403
0.32664686
0.38987327
0.30049527
0.333481
0.38999954
0.16260129
0.23633039
0.18014315
0.26588592
0.25917113
0.080264315
0.26083323
0.25333512
0.20587735
0.10917192
0.21889117
0.21068843
0.22384183
0.43321514
0.1772014
0.39026186
0.30411047
0.19137828
0.33063728
0.40614453
0.109404705
0.3653182
0.04538571
0.092517465
0.33823627
0.26140603
0.2041859
0.032219447
0.40421763
0.16215967
0.21304281
0.14020902
0.1173845
0.19098528
0.1107719
0.16133961
0.26529068
0.10105091
0.32303333
0.222201
0.1623268
0.11526077
0.5208033
0.19318978
0.1784007
0.3141136
0.1074027
0.22912577
0.27929327
0.12793814
0.2980371
0.16315407
0.05502193
0.21176977
0.23879266
0.5230652
0.3170406
0.23870474
0.36506194
0.6241596
0.3219394
0.30053532
0.09764367
0.19425717
0.36095163
0.19843423
0.29854006
0.2891759
0.12937227
0.21155001
0.12089463
0.08824414
0.1539587
0.086334236
0.27391228
0.24153739
0.16556539
0.083138615
0.15112557
0.08311413
0.20221558
0.22292085
0.17114362
0.22078048
0.1962737
0.29355115
0.46632287
0.19030191
0.3531235
0.3165207
0.26203284
0.2893022
0.38824198
0.16366887
0.28465328
0.5015985
0.19921122
0.10392087
0.24337675
0.32019988
0.16031148
0.19451016
0.06641404
0.10544243
0.12472472
0.24259292
0.14229739
0.22480114
0.28500482
0.09483542
0.23622182
0.18280986
0.21072568
0.15843044
0.2300521
0.46623594
0.13938548
0.624058
0.35673225
0.24902172
0.2868985
0.28051373
0.39347562
0.40706545
0.19392358
0.31697586
0.3202169
0.3292342
0.2428985
0.3316771
0.26637927
0.29087743
0.39628372
0.3817804
0.4387562
0.27663982
0.40003613
0.4035141
0.3530158
0.44776508
0.27102745
0.24135871
0.31355247
0.25884512
0.4054207
0.48021603
0.30473775
0.21071412
0.29527986
0.36719435
0.20762707
0.5838824
0.3832811
0.3288632
0.19494873
0.3410866
0.24907391
0.29271707
0.46253476
0.94743097
0.4265143
0.5465834
0.38262463
0.45103878
0.27359855
0.4503933
0.46878213
0.29349384
0.21648084
0.8057545
0.538209
0.36317018
0.386738
0.3499385
0.6484746
0.29215667
0.44257143
0.48738277
0.5054359
0.5375848
0.30814707
0.30432433
0.35273013
0.31855366
0.43679538
0.69170636
0.39708987
0.39889306
0.25078443
0.28733277
0.55602074
0.49441716
0.3351118
0.3603437
0.32647228
0.48942503
0.41259253
0.54313964
0.60471267
0.5719594
0.5214173
0.5160553
0.4946786
0.42434257
0.35935244
0.5823935
0.42905277
0.52387214
0.4657173
0.51991564
0.24887255
0.6802594
0.5095833
0.39526364
0.3403716
0.7901618
0.32520166
0.2906139
0.71421975
0.4479726
0.4583406
0.23641561
0.4897071
0.5564283
0.52888143
0.588335
0.4631047
0.5041047
0.5268233
0.65129626
0.27435428
0.3996988
0.47500515
0.69675595
0.66014117
0.4179069
0.38845795
0.35943544
0.37434646
0.7898224
0.47902384
0.39461353
0.41191423
0.3121943
0.3261991
0.47007674
0.36819065
0.4629776
0.9561653
0.61322564
0.80998844
0.4043798
0.47322756
0.44706783
0.5734717
0.43265846
0.40299907
0.2519907
0.3174394
0.57362705
0.7051163
0.38984898
0.37940353
0.2915141
0.54830533
0.73200977
0.1794215
0.44150737
0.26387036
0.5090821
0.6265137
0.3659805
0.494353
0.48970857
0.4933663
0.48784927
0.21090606
0.31229043
0.15729918
0.34933564
0.28402662
0.26669407
0.30245218
0.15207806
0.23167562
0.10058087
0.24296333
0.06165837
0.21171409
0.33128697
0.18794133
0.22590445
0.23861374
0.3843223
0.47538698
0.34109554
0.2924279
0.3396908
0.4436742
0.3751277
0.30416977
0.29361585
0.47322443
0.23332155
0.21846741
0.26939553
0.43654576
0.42081136
0.2789926
0.34533846
0.36272398
0.31489807
0.27854264
0.40758404
0.4387328
0.6133852
0.54821527
0.36917743
0.45267576
0.4894826
0.3797758
0.3261974
0.32337156
0.3761537
0.481464
0.4783553
0.4102426
0.33911252
0.29940733
0.32574856
0.35373098
0.39727664
0.5810796
0.40069783
0.5874051
0.4693492
0.43311894
0.6316845
0.40710196
0.42652425
0.437023
0.3151555
0.35135525
0.46860456
0.4583554
0.38636035
0.49887165
0.62007535
0.35119274
0.42357185
0.56667614
0.49648926
0.37013495
0.6812132
0.3153007
0.4771468
0.4369568
0.37867674
0.35703927
0.35826007
0.34635615
0.4342426
0.38005316
0.35219184
0.57376623
0.36832616
0.47641686
0.7102393
0.36236963
0.3871704
0.3236182
0.26379246
0.20974638
0.28590682
0.38787785
0.41453937
0.31141296
0.20765363
0.34715638
0.216453
0.3517126
0.3548875
0.4108781
0.3357536
0.2685136
0.2676044
0.25810212
0.4279974
0.36556846
0.25359622
0.26992673
0.27210885
0.3700428
0.26722795
0.31598258
0.41063032
0.40413573
0.2607409
0.35402444
0.2985662
0.41813412
0.34310988
0.8408914
0.33560777
0.33701947
0.4836383
0.30479538
0.40375653
0.33905715
0.6572107
0.26861995
0.27898043
0.4124473
0.33628818
0.39819816
0.37960637
0.6122725
0.25673062
0.3306412
0.52301544
0.43667397
0.6118974
0.4337435
0.81037927
0.5510243
0.3058619
0.5405052
0.27825853
0.41376537
0.8154728
0.66280097
0.35624754
0.40199125
0.60822475
0.5420409
0.45859492
0.67989206
0.7899186
0.59117883
0.6147677
0.26321015
0.50877357
0.72942644
0.5483477
0.5456205
0.33086255
0.6417496
0.4321294
0.30024615
0.26223266
0.26110825
0.5713065
0.26015133
0.34024674
0.45149067
0.40905964
0.71708137
0.6498655
0.24361652
0.49876633
0.35131252
0.27128264
0.32141307
0.3520321
0.44345936
0.38702098
0.1964575
0.40924793
0.35560462
0.36512455
0.6429604
0.32961065
0.47118422
0.44951603
0.51976496
0.51679003
0.55824375
0.4604082
0.56364846
0.4901188
0.31935734
0.5757222
0.7583221
0.58737254
0.84547377
0.388854
0.87294847
0.5806059
0.876838
0.5244867
0.74804103
0.63293254
0.49089807
0.3839369
0.5073519
0.4655724
0.8716067
0.565795
0.6131909
0.41078717
0.41166627
0.36176842
0.3345082
0.3899485
0.3840236
0.82838565
0.3368803
0.5314315
0.44048795
0.40826923
0.55907136
0.44088426
0.40946817
0.41664758
0.31979877
0.41240898
0.28751108
0.39813375
0.24469489
0.37720993
0.44402516
0.62413055
0.39421046
0.1869969
0.26478937
0.34686944
0.27107394
0.31406748
0.29676908
0.7539754
0.4182422
0.233912
0.20952061
0.3614173
0.41376638
0.3231591
0.2282407
0.35134283
0.29702052
0.23224093
0.16214752
0.21637593
0.17123315
0.24217336
0.3492787
0.2609177
0.3586887
0.24963613
0.4128604
0.35263148
0.18606855
0.25326568
0.37003607
0.28546616
0.4427059
0.38589934
0.34709078
0.33627355
0.15527454
0.11541456
0.15539967
0.17954262
0.39350265
0.12584867
0.35886335
0.13542236
0.20074505
0.13670115
0.39813495
0.25913098
0.1122518
0.54724795
0.13747402
0.3499546
0.06728289
0.30283177
0.36506978
0.18681656
0.21166106
0.23063475
0.24425974
0.40849537
0.32003936
0.15441774
0.287623
0.23409215
0.28242514
0.3679245
0.38797608
0.31974155
0.337979
0.44128606
0.17220297
0.20989767
0.25624973
0.33133563
0.4226767
0.33276474
0.31691697
0.20236619
0.37279496
0.128577
0.23992004
0.21882585
0.24088995
0.20835784
0.57015944
0.28864488
0.20706634
0.32619122
0.26769355
0.28821975
0.2195908
0.22980985
0.35942033
0.2550116
0.22503592
0.2218923
0.3362488
0.27641195
0.15521933
0.41261834
0.5289243
0.471277
0.24043821
0.30550852
0.2868351
0.16240162
0.27500987
0.23753224
0.24975699
0.3514626
0.2653296
0.29988015
0.38492584
0.38247633
0.68258804
0.28447482
0.49072465
0.35008585
0.3840225
0.42151573
0.4194837
0.5344806
0.32796115
0.39455515
0.38244224
0.5408482
0.4422184
0.42248458
0.40577593
0.28602162
0.49912003
0.37806904
0.2476481
0.2511383
0.24979885
0.32369503
0.31272852
0.34655792
0.23059544
0.1558573
0.3272038
0.2989523
0.14695646
0.3800034
0.45926768
0.18262924
0.2265567
0.43694377
0.17346084
0.34278122
0.13178174
0.3307673
0.27652287
0.15160716
0.056693755
0.13640216
0.2708063
0.18502632
0.27970728
0.06815686
0.12122171
0.5854273
0.22578415
0.3044721
0.39681903
0.2849364
0.3158628
0.44164217
0.22373973
0.25960377
0.27585074
0.15672955
0.09387146
0.14608867
0.22486892
0.1524966
0.20272903
0.2611328
0.32854915
0.2593421
0.28834614
0.15955111
0.21295778
0.13492626
0.22959012
0.337249
0.20695448
0.3384964
0.21544525
0.3545303
0.24934775
0.2723909
0.075811274
0.3492724
0.12933211
0.20391534
0.25052497
0.31371668
0.19664465
0.42759725
0.28454736
0.27199703
0.21769835
0.21533574
0.15134759
0.26378226
0.30105826
0.09499832
0.20993404
0.2525398
0.4327617
0.11341991
0.38189507
0.16583468
0.24340016
0.3523746
0.5649509
0.18562528
0.13642068
0.20041844
0.16036631
0.17906089
0.113316
0.3841159
0.19337986
0.40003172
0.5484457
0.49383506
0.24587804
0.45390892
0.16191475
0.250977
0.38572592
0.3420186
0.3370515
0.2533174
0.32247764
0.35291034
0.37109712
0.45021588
0.21464801
0.36042863
0.22903807
0.20604254
0.21396813
0.21499544
0.34068078
0.299181
0.33392134
0.31617156
0.36472824
0.5680055
0.29725304
0.32672563
0.28149816
0.45400664
0.36231878
0.45566386
0.34421253
0.24677221
0.16822034
0.33145267
0.15059277
0.43193626
0.4389614
0.4556306
0.40574667
0.49119958
0.5523443
0.33532068
0.19758053
0.28891975
0.3141987
0.47477016
0.27307057
0.32172704
0.28306893
0.21456535
0.22854702
0.3014213
0.54269844
0.33291754
0.3424195
0.23355274
0.50020903
0.6187685
0.5140543
0.2964903
0.4088691
0.3685273
0.5070996
0.20146233
0.35246992
0.2786013
0.28854838
0.3779498
0.3465586
0.39041218
0.33290142
0.2560194
0.21938817
0.31928685
0.37872496
0.26117745
0.47367033
0.341038
0.27245387
0.34353498
0.42140636
0.66491634
0.50726974
0.28355777
0.3586492
0.32809392
0.3784329
0.3617419
0.48906738
0.22290182
0.4404347
0.13476706
0.46534464
0.23966256
0.23870103
0.22257839
0.27620903
0.24375618
0.33977962
0.25950044
0.24258493
0.36142468
0.40782455
0.3046406
0.30634522
0.23088138
0.2974523
0.48714012
0.3273647
0.74188244
0.30424395
0.3234154
0.56948376
0.5678308
0.63431716
0.44066572
0.5550765
0.6516031
0.38347766
0.65577555
0.54178005
0.42638212
0.5622532
0.6108983
0.45246187
0.4951523
0.47291118
0.5274716
0.4644706
0.39458644
0.37816188
0.31865156
0.4574887
0.3612496
0.28880787
0.53440624
0.48750013
0.22640859
0.6441007
0.22764002
0.22412023
0.4361715
0.28239542
0.4950445
0.41737399
0.27586502
0.4041952
0.35183302
0.32176065
0.2973034
0.39142096
0.21372493
0.50022286
0.4064548
0.2419218
0.28429335
0.5749806
0.46436536
0.27853274
0.33230716
0.41935858
0.23315762
0.3114605
0.25308853
0.34902814
0.21840885
0.38966978
0.34448248
0.23755904
0.37840277
0.3164667
0.37148273
0.25655344
0.44271737
0.3745252
0.46010488
0.5795432
0.2708842
0.18966462
0.48075765
0.27996632
0.3249744
0.64010847
0.313247
0.5600947
0.47377604
0.19680275
0.3097485
0.14707148
0.19860446
0.2757739
0.24462871
0.22164021
0.3625118
0.18744613
0.18258819
0.17628476
0.20656954
0.10061929
0.34791818
0.17865397
0.22907822
0.1402614
0.66403645
0.18667772
0.277371
0.3069166
0.2538689
0.29258364
0.45046434
0.32089412
0.5191319
0.2718666
0.2367603
0.18037868
0.2368237
0.53790075
0.25559872
0.32189026
0.36740488
0.13519211
0.16430601
0.47156015
0.13196361
0.3673782
0.3450866
0.26598948
0.31135315
0.24819018
0.28021878
0.28204364
0.4829407
0.3430084
0.3435174
0.19772719
0.14856994
0.14126849
0.2913748
0.28296864
0.37796292
0.3500107
0.10472197
0.40878505
0.17486416
0.12649672
0.34945992
0.32582533
0.33431196
0.20039088
0.12969606
0.5872735
0.4692102
0.30737695
0.21366045
0.044709124
0.30291307
0.14733635
0.24298885
0.11151497
0.11271909
0.16100876
0.273719
0.17804573
0.12949096
0.28954902
0.29525822
0.09659379
0.15694182
0.228898
0.1970686
0.30163762
0.32914808
0.3400149
0.22409457
0.13864663
0.3569359
0.16085051
0.29575005
0.18586358
0.24589656
0.23691638
0.42266595
0.29761827
0.23239098
0.10793725
0.22553396
0.5254513
0.116156936
0.119288616
0.23336644
0.2040239
0.38661903
0.16694859
0.27058485
0.19375856
0.45084757
0.31971812
0.21114339
0.3427305
0.20155627
0.16998646
0.14917125
0.32799664
0.32803842
0.11615121
0.18962842
0.38721845
0.22151393
0.2546163
0.20072569
0.18174565
0.17960633
0.14423352
0.4133181
0.08082006
0.23877236
0.4070292
0.12877005
0.14279647
0.23218139
0.16307163
0.27852303
0.30012402
0.1426053
0.1828661
0.3125717
0.32840714
0.32426196
0.18522497
0.25425237
0.19181158
0.2953543
0.1690744
0.43107003
0.45513144
0.2692072
0.20026796
0.14737123
0.4119822
0.29195267
0.20817612
0.3015096
0.5247392
0.3125389
0.40054497
0.35248733
0.42510116
0.34976348
0.48098952
0.28751397
0.18030795
0.33865213
0.26518315
0.23194598
0.13775772
0.31660992
0.14886782
0.2467511
0.2615631
0.33714414
0.18881933
0.17606981
0.5995517
0.27554253
0.26638934
0.16013403
0.19978523
0.31244764
0.18210122
0.34160218
0.17862785
0.4381774
0.21341941
0.18680061
0.20296285
0.20789042
0.3483415
0.37125623
0.21245387
0.26526228
0.17478903
0.22526154
0.5061011
0.23794077
0.1886317
0.2311405
0.31711665
0.44372565
0.40997386
0.15243974
0.27275047
0.19821727
0.21515203
0.3125091
0.1874493
0.13426735
0.14339586
0.27324092
0.29836023
0.1684834
0.092577614
0.10131085
0.3498153
0.18255371
0.45714056
0.22227332
0.1851691
0.27420875
0.29302448
0.22700883
0.36473697
0.21157722
0.65792036
0.34892896
0.2873773
0.19836526
0.120133646
0.13942257
0.09689456
0.23492806
0.23736686
0.36346343
0.16299263
0.15168402
0.0907151
0.2100539
0.22197591
0.28807348
0.15767634
0.2371651
0.19746009
0.18631324
0.19695064
0.07062851
0.23936011
0.19264294
0.32434112
0.17570204
0.114503935
0.112301864
0.065363064
0.172422
0.24866012
0.18788195
0.4656331
0.2749146
0.24097835
0.22342892
0.11609189
0.30219692
0.0143637685
0.09864826
0.5466291
0.21521886
0.34977928
0.3151112
0.18586154
0.5470102
0.1716818
0.077819295
0.25490826
0.21063781
0.27193984
0.2973891
0.22550172
0.19295606
0.14282873
0.14570466
0.23633754
0.2171454
0.2456954
0.32512027
0.18823732
0.28882128
0.3081345
0.2378849
0.3042219
0.5622083
0.49365777
0.2924125
0.31339714
0.36065605
0.36645278
0.6203641
0.3179545
0.23085243
0.3268064
0.2092839
0.30735064
0.3810528
0.39332676
0.28593206
0.39217308
0.26417437
0.41000608
0.32941216
0.20299703
0.44935173
0.3010449
0.27007988
0.69722927
0.31351903
0.34616318
0.38322136
0.28401163
0.2811703
0.18390426
0.23459132
0.251013
0.25998995
0.0913121
0.22421704
0.36492875
0.13740435
0.14068332
0.32222602
0.14660017
0.16604574
0.24561588
0.18044376
0.093501434
0.26310906
0.2445659
0.15656084
0.24911131
0.34156114
0.17576179
0.28528708
0.13774745
0.2554761
0.6749848
0.21801451
0.33692792
0.414257
0.26074603
0.3041246
0.16156963
0.27722088
0.25709394
0.23477651
0.28518316
0.3198428
0.22358124
0.08167077
0.11746252
0.22598456
0.07340864
0.37899187
0.14022566
0.20770036
0.17113557
0.07347527
0.10707964
0.25963762
0.21079575
0.19057375
0.521229
0.3220597
0.13613828
0.18656576
0.22300282
0.34892175
0.41483408
0.2752254
0.15413545
0.16173881
0.26630414
0.22936511
0.27501625
0.4676117
0.33077547
0.1054313
0.147291
0.09980545
0.12092398
0.6963
0.15431517
0.3116861
0.12475086
0.19929202
0.2633926
0.3358315
0.14611039
0.09356194
0.071119934
0.19489792
0.03697454
0.038535416
0.16064177
0.22269982
0.1444029
0.19368027
0.38284078
0.021480018
0.19008157
0.2186395
0.21903898
0.11051914
0.38534865
0.23515294
0.15136956
0.20445979
0.47067624
0.17965429
0.25213268
0.51709276
0.2824148
0.26651675
0.13003287
0.12598781
0.40191084
0.3261712
0.45575207
0.2171826
0.22272049
0.430778
0.38660574
0.33414444
0.24432093
0.3860343
0.18311176
0.12357165
0.33177155
0.19869958
0.19629684
0.09742127
0.19493875
0.26159918
0.6900481
0.23253898
0.15586029
0.19321354
0.29883295
0.5724192
0.16977793
0.17792675
0.29428867
0.17516288
0.13459806
0.33751512
0.3152835
0.39117265
0.4657973
0.19027533
0.27720624
0.24148415
0.36028334
0.27915365
0.204327
0.5294404
0.460418
0.365756
0.26083425
0.36118537
0.23010269
0.22860223
0.3078487
0.04098081
0.18280128
0.16445109
0.14365876
0.28007337
0.16674173
0.30154014
0.5581653
0.16556677
0.10171021
0.1349613
0.12545806
0.10333417
0.24843109
0.5078349
0.30312523
0.33085486
0.14794822
0.2482591
0.042318128
0.25715947
0.10366408
0.16618453
0.18840909
0.23876347
0.18775254
0.08967219
0.12702276
0.26921904
0.2882234
0.16906701
0.11338352
0.2280394
0.17600372
0.20626666
0.2254662
0.18879333
0.2713399
0.29440144
0.2835192
0.31834355
0.31576777
0.36976537
0.25258717
0.3657675
0.23858963
0.21821007
0.3360458
0.5903824
0.48940328
0.29720515
0.4719362
0.4929579
0.3249664
0.4467297
0.36658484
0.51311594
0.4101005
0.32732847
0.34308788
0.79567087
0.30864418
0.54752994
