0.0010871347
0.0010871347
0.0020105017
0.0011095217
0.0012139147
0.00054110354
0.0006681686
0.0010669618
0.00071440195
0.0010095608
0.0023003179
0.0015565909
0.001026592
0.0010923516
0.0012640555
0.0016247034
0.0010109292
0.001938985
0.00194571
0.0018424419
0.0009434703
0.0010678932
0.00078814005
0.0012171037
0.00067912496
0.00081292656
0.00078639033
0.0013725997
0.0009184324
0.001361909
0.0006856412
0.0017610382
0.00030216062
0.00061180326
0.000598793
0.001086201
0.00096006796
0.00048092846
0.00076918816
0.0002512185
0.0011753684
0.0002535954
0.0010873792
0.0012093994
0.0013997329
0.00073715847
0.0018006325
0.0007993246
0.00093209627
0.0015881974
0.0010886287
0.00086425344
0.0012077406
0.0014392865
0.0016467114
0.0015406878
0.0014149758
0.0010505123
0.0006453256
0.00087244937
0.0007926868
0.0004423599
0.0013434956
0.0011204022
0.0008027666
0.0015614285
0.0007524635
0.0021904402
0.0018023166
0.001929502
0.00088360434
0.0013485525
0.00091307063
0.0005550545
0.0010727156
0.00101618
0.0010047453
0.0005807445
0.0005082609
0.0012740508
0.0002400076
0.0009488864
0.0024185127
0.001377999
0.00015015843
0.0011092909
0.00054658286
0.00071117823
0.0013679848
0.00052761415
0.000797543
0.0015037465
0.00054460496
0.00012958237
0.0024283582
0.0017505653
0.000100557474
0.00057651266
0.00023781478
0.000494031
0.0009487942
0.0022722583
0.00046295964
0.00081421266
0.0005552702
0.001298257
0.0010463888
0.0007457567
0.0003534279
0.0003106931
0.00088496524
0.00066884025
0.00030148786
7.306511e-05
0.0003954809
0.00078187167
0.00053098204
0.00071557803
0.00035111705
0.00060066086
0.0004630849
0.00025642553
0.0006934559
0.00039066398
0.0013634849
0.00047468243
0.00033295463
0.0002679479
0.00052279513
0.0005679403
0.00048034912
0.0005034543
0.00016031286
0.0011386122
0.0003564881
0.0010025802
0.00049507176
0.00080235925
0.00038099277
0.0008142614
0.0006583071
0.0006246957
0.0010766765
0.0003076978
0.001485127
0.00043003942
0.0012885961
0.001276097
0.001222326
0.0011085321
0.0012066851
0.0010778359
0.00055958726
0.000518099
0.00075725233
0.000497539
0.00078430935
0.0008875636
0.00078099774
0.00084049476
0.000683424
0.0015385224
0.0009809253
0.0008716172
0.0008812382
0.0008233678
0.0012238057
0.0015484352
0.0007960188
0.00061624113
0.0002325294
0.0006121499
0.00017469462
0.0002223525
0.00029462093
0.00062802585
0.00037443463
0.00060481695
0.0004562345
0.0008828262
0.001318031
0.0007184415
0.00043220376
0.00050014525
0.0017457057
0.0014485762
0.00061579933
0.0005644048
0.00074564
0.0010878739
0.0004302715
0.000739049
0.0006211913
0.0006401878
0.0006810433
0.0017063053
0.00024842314
0.00079066865
0.0007097094
0.0005929523
0.0006917272
0.000793894
0.0008537802
0.0011594483
0.0008583908
0.0010887975
0.0011201333
0.0007235846
0.0007664036
0.0018945234
0.00078893977
0.00082179543
0.0008967843
0.0019519271
0.0019669286
0.0014110814
0.0015574179
0.0009501759
0.001272509
0.0018454223
0.0015167318
0.0026491086
0.0016601412
0.0009503936
0.0011627262
0.0009167462
0.0012149992
0.0010335576
0.0004423709
0.0005855998
0.0005398474
0.0007423638
0.0013882553
0.0008790418
0.0009934752
0.0015866337
0.0004405101
0.0005078145
0.0013600952
0.00040965172
0.0006213239
0.0011866826
0.0005572287
0.0008137485
0.0018645556
0.00085481664
0.0011282925
0.0007597075
0.0016453041
0.0012630379
0.0008075433
0.00074986543
0.0006325259
0.0004723809
0.00083028345
0.0010348472
0.00051428785
0.0004923971
0.0010388216
0.0008006714
0.0009954013
0.00092644314
0.0006217622
0.000548851
0.0007482152
0.0008488102
0.00068691693
0.00037835375
0.00094148587
0.00031519373
0.0006778551
0.0007047518
0.0006569742
0.00055449153
0.001589496
0.00041979342
0.0004271791
0.00063692644
0.00059550925
0.0007011373
0.00040726195
0.00068076537
0.0004884821
0.001117591
0.00063211727
0.000703278
0.00050514605
0.0004923079
0.00048746588
0.00094187993
0.0009492362
0.0011527583
0.0005632966
0.00074376864
0.0002979951
0.0002308614
0.0014632016
0.00044918066
0.000651945
0.0005668652
0.0005888462
0.0010301777
0.00018388654
0.0010475634
0.00046548853
0.0004184334
0.00023257163
0.0009871072
0.0013150567
0.0002956792
0.00066859357
0.0005923234
0.0004172658
0.0003358107
0.0010441605
0.00041974196
0.0006164772
0.0009843126
0.00031913188
0.0008396993
0.00022440047
0.00014872824
0.0005056369
0.0004951387
0.00024702022
0.00029356952
0.00041128363
0.0004037773
0.0010205962
0.001387042
0.00077440595
0.0009931695
0.0007165324
8.6990825e-05
0.00020088161
0.00033983745
0.00033015135
0.00065241876
0.0002522536
0.001168484
0.00057742116
0.0004189157
0.00086153054
0.0006922206
0.00036466034
0.00048306817
0.00059348583
0.00071358506
0.0013287297
0.00045617262
0.0011493084
0.0009609993
0.0010841725
0.00073450076
0.0013610888
0.00081972237
0.00089245714
0.0005629297
0.0006907372
0.0011258295
0.00029501063
0.0007771539
0.00055640057
0.0003936619
0.00074594084
0.0006187294
0.00020196642
0.00030676235
0.00029146165
0.0012512754
0.00092730415
0.0004928811
0.0005643359
0.001592525
0.0011366069
0.0012437244
0.0011113669
0.0014186503
0.00051842106
0.0010767451
0.0007285776
0.0017263201
0.0009865394
0.000522049
0.00082928664
0.00036077702
0.00035744865
0.0005422123
0.00072024757
0.0015973828
0.00038672134
0.00029981992
0.0009357886
0.00065474166
0.0007631682
0.00037489925
0.0010701073
0.0016135274
0.0021068188
0.0020969308
0.0012383898
0.0015786316
0.0017792484
0.0018863364
0.0020871637
0.0012291258
0.0012368913
0.0014533411
0.0021240993
0.0014647336
0.0006505145
0.0004732897
0.0006728782
0.0006269008
0.0014213293
0.0010147821
0.0017035955
0.0009814501
0.00086577144
0.0013335303
0.00013562206
0.00069260946
0.0006219622
0.0012279607
0.001158031
0.0011461396
0.0008859403
0.0017084085
0.0022223548
0.0011277973
0.0013333672
0.00246143
0.002378569
0.0013812523
0.0005936365
0.0012445545
0.0014392846
0.0014574223
0.0012594103
0.0021842008
0.00061179575
0.0008608747
0.0011927963
0.0009669791
0.0009376741
0.001257469
0.0015282064
0.0017389607
0.0009877535
0.0013040216
0.000984035
0.0007704292
0.0029005785
0.00073840376
0.0016916695
0.00088953704
0.00077427167
0.0014951993
0.0007479382
0.0018049857
0.0009787163
0.00080576574
0.00094004
0.00054100173
0.0010324197
0.0011920434
0.0013688632
0.0011405867
0.0011466888
0.00073904346
0.00086494273
0.0019452756
0.00031467236
0.0007356773
0.0017510082
0.00082559895
0.0009572818
0.0017985501
0.0021457258
0.00090476894
0.0006702846
0.0006426762
0.00053367025
0.0007214497
0.00024586474
0.00036377425
3.5424797e-05
0.0010822053
0.00035064155
0.00086044864
0.00065564073
0.00037354528
0.0006133063
0.0011963131
0.0010123192
0.0007537434
0.0009353638
0.0011355993
0.0008852357
0.00028967496
0.0004224708
0.00085876824
0.00033448287
0.000468018
0.00067200133
0.001087861
0.00020942722
0.0004239693
0.0010854466
0.00046554906
0.0007192232
0.00054662116
0.00028498587
0.0012160337
0.0006750272
0.0010962856
0.0009803857
0.0011582748
0.0002949526
0.0012766848
0.0009647091
0.0006918917
0.00038303522
0.0012621244
0.00038906495
0.0010484187
0.0005499179
0.0011780992
0.00037619105
0.02285143
0.02387745
0.023370339
0.026914408
0.023179533
0.022824729
0.01974957
0.025770832
0.00074396684
0.00032016047
0.00031931594
0.00032759685
0.00074918993
0.00077240745
0.00059850333
0.0006783048
0.00017379886
0.00079365465
0.00068908907
0.00017633814
0.00074522017
0.0003885749
0.00033565622
0.0005244433
0.000926769
0.0005810314
0.0013127339
0.0013126777
0.0017029303
0.0010128884
0.0022320119
0.0012230066
0.0007184819
0.0009990773
0.0012050957
0.00094711443
0.00088046864
0.0013024409
0.00037005538
0.002184384
0.0010382232
0.00041936908
0.0006966371
0.0010147736
0.0011942772
0.0014019437
0.00070718664
0.00095013704
0.0007095839
0.0005218304
0.00065708143
0.0011956905
0.0011396835
0.0014070056
0.00041543692
0.0009032345
0.00038771942
0.0017007517
0.0005969318
0.0012239853
0.0022211177
0.0012342026
0.0011639934
0.0012552182
0.0018942019
0.00067785505
0.0018742897
0.0010018743
0.00036346365
0.0009825261
0.00048494287
0.0018433507
0.0011084223
0.0013110513
0.0012063036
0.0008958858
0.0021864846
0.0008955011
0.0013642546
0.0019936245
0.0014985983
0.0022732131
0.0017200556
0.0012467981
0.0017965451
0.0016478824
0.00083652465
0.0018383154
0.0010838358
0.00074646587
0.0014111082
0.00068748306
0.00056998676
0.00085179316
0.0027063368
0.0005126662
0.00026812893
0.00096011534
0.0005971793
0.00047544687
0.00080765685
0.0004911063
0.00033748162
0.00090983754
0.0008820854
0.00061499665
0.00035570405
0.00093975605
0.0009689728
0.0002968756
0.00073619036
0.0005003567
0.0005595134
0.0011978466
0.0010669124
0.0014018054
0.00041169504
0.0010182174
0.0012332088
0.0010294314
0.001293791
0.00072081573
0.0011790316
0.00116864
0.00070706377
0.000402654
0.0010965966
0.00047522312
0.0011160567
0.0011080629
0.00069424213
0.0014498427
0.0012254835
0.0010821013
0.0010891845
0.0007983654
0.00045632198
0.00037695543
0.0005671902
0.00042579777
0.0007390366
0.0013155758
0.00048730412
0.0010725282
0.0011129616
0.0005386647
0.00071064517
0.00072009093
0.0005816715
0.0006991674
0.00058330165
0.00052289054
0.0002621335
0.00027719105
0.00033582287
0.00065593485
0.0004251601
5.7906494e-05
0.0003297773
0.0006456513
0.0007204488
0.000495978
0.00059433567
0.00037866918
0.0005742546
0.00044247234
0.0007451704
0.000483984
0.00047093123
0.00049822853
0.00042988366
0.000544403
0.00087901665
0.00018639
0.0008072716
0.00082383864
0.00062247703
0.0008282164
0.0007036662
0.0008298316
0.00021847822
0.00044945738
0.0005909565
0.00017627857
0.00028127542
0.00088184193
0.0006982946
0.0003664061
0.0007676166
0.00056500535
0.00050654035
0.0008842598
0.0015307455
0.00048719818
0.00093099696
0.00058328867
0.00043638056
0.0006261795
0.00087983697
0.00050762534
0.00013505617
0.0003389652
0.0009313595
0.0007795422
0.00052353967
0.0005326514
0.0005924938
0.00042237918
0.0015469637
0.0018275309
0.0005307791
0.00056906923
0.000766312
0.0007987257
0.0009086201
0.0006928288
0.0008315518
0.0005216075
0.00062548
0.00037365872
0.00059236505
0.0007482059
0.00019243687
0.0006245303
0.00031303422
0.0012414755
0.0006752312
0.0008589557
0.0006251266
0.00047423225
0.00043744862
0.00052763947
0.00091629114
0.00026876602
0.00021204738
0.00049856026
0.0007080311
0.00045593787
0.0005228887
0.0013863359
0.00077266654
0.0014814318
0.0011223628
0.000862312
0.0008082996
0.00092532276
0.00070287246
0.0006297471
0.0010300264
0.0005163122
0.0026024056
0.0016842325
0.0020068812
0.0007137676
0.0006816134
0.001448571
0.0009709019
0.0018818432
0.0015531619
0.0016323369
0.0017767989
0.0014947877
0.0016610306
0.00094008294
0.00087268086
0.0010190721
0.00075918785
0.00071432465
0.0012640336
0.0011067725
0.0011659332
0.00076134474
0.0018700581
0.00057611836
0.00093210966
0.0013151006
0.0015541012
0.0020149795
0.0015928696
0.0007348688
0.0008445623
0.0013877285
0.0015493248
0.0026592715
0.0011485616
0.003349746
0.0009650574
0.0016156384
0.00093034864
0.0007747559
0.0009089359
0.0010465533
0.0008947987
0.000790731
0.0013038624
0.0008384404
0.001517047
0.00226007
0.001188488
0.0011757566
0.0014981066
0.0003455456
0.0010026835
0.0012589343
0.0011200063
0.00048144505
0.00087283185
0.0009537238
0.00092435407
0.0008235364
0.00064301654
0.0013931443
0.0010211042
0.00097498705
0.00051602715
0.0010069245
0.0027880857
0.0019327889
0.0014014263
0.0011254123
0.0012940244
0.0015428205
0.0016741933
0.0010884493
0.002653752
0.0015018374
0.0021233147
0.0010959156
0.0012652751
0.001518539
0.0021691918
0.0013733534
0.0010597567
0.0019321272
0.0014905909
0.0013323196
0.0019751505
0.000615272
0.0012352084
0.0014978312
0.0016819031
0.0010826578
0.0011822375
0.00068377727
0.00056715636
0.0011101242
0.0013221467
0.0010184144
0.00083624746
0.00057508174
0.0015134937
0.0015109424
0.0007392428
0.002483342
0.0012552094
0.00048563106
0.0006850728
0.001709256
0.00071140175
0.0017562698
0.0011794614
0.00045638025
0.0010589121
0.00050303614
0.000643891
0.0015714817
0.0016937362
0.00048297388
0.001255409
0.0007817315
0.0019351318
0.0013050709
0.0006045215
0.001688616
0.0009820816
0.0011176927
0.0018465971
0.001994023
0.00092149177
0.00027130422
0.0018757647
0.0004982596
0.0024322555
0.0011557193
0.0009883342
0.0038466605
0.0012334805
0.00057762617
0.0005969298
0.0004958152
0.002064228
0.0013053688
0.00057955517
0.0009721258
0.0011004198
0.0007784632
0.0010190735
0.00050781853
0.00096094864
0.0005047349
0.0013489146
0.0012986257
0.0004204972
0.0002858971
0.00041362882
0.0016111432
0.00095764734
0.0020721185
0.0022832747
0.0018000818
0.0011740405
0.00062319235
0.0010236932
0.0014090339
0.0024566157
0.0006621346
0.00084096164
0.0007852225
0.00101034
0.00074055477
0.00081573735
0.0012176597
0.0030726187
0.0016181148
0.0010174422
0.0028270143
0.0020521944
0.001377883
0.0008437343
0.00083284837
0.00041245448
0.00028514117
0.00095280714
0.00062627153
0.00061288086
0.00034491823
0.0005734897
0.0007470658
0.0004531761
0.0021989043
0.00069567055
0.0005688994
0.0008443002
0.00011939142
0.0014115934
0.00084267644
0.00084879866
0.00063470984
0.0012229217
0.0007685355
0.0009513247
0.00047576067
0.0010031422
0.0008581476
0.0004285932
0.00051677425
0.00072802615
0.0006742971
0.000609047
0.0010563139
0.00048899103
0.0005303064
0.0013703166
0.00035820907
0.0012786287
0.0007720759
0.00039120077
0.00057659735
0.000968919
0.00062969077
0.0010819299
0.00036099373
0.0006698767
0.00052989007
0.0006060199
0.00094638043
0.0017778132
0.00096914754
0.0005616702
0.00051608006
0.00021260073
0.0009125933
0.001355606
0.00037971325
0.00036999368
0.0010569275
0.0007103163
0.0009646104
0.0017606193
0.0012558324
0.0007141625
0.0008184031
0.00089166226
0.0007367483
0.00068086653
0.00036989624
0.00060492195
0.00079970795
0.0005262431
0.0003415423
0.0012487585
0.00039811624
0.0004898266
0.0007588466
0.0013478772
0.0008566739
0.0003385854
0.0006638445
0.0007355687
0.00038574182
0.0005172858
0.0008774749
0.0012876652
0.0008971634
0.0006358125
0.00091221393
0.0003365915
0.0009283152
0.00039456552
0.00028790312
0.0010847257
0.00079871016
0.000751504
0.0012389388
0.0014280401
0.00045350596
0.0004972654
0.00080460537
0.0007718565
0.00020440952
0.00046153477
0.0014365957
0.0004601619
0.00091395294
0.00035988638
0.0006998421
0.00030038768
0.00064245384
0.00027025037
0.0005631418
0.00039793074
0.00056787586
0.00024093622
0.0016948219
0.000514487
0.00051012664
0.00046524208
0.00061874645
0.00076210307
0.00048580975
0.00046572735
0.0003239382
0.0002624385
0.00044470828
0.0006864399
0.00055030483
0.0002552368
0.0008922631
0.0011251601
0.001174088
0.0010312233
0.0008233627
0.0017570447
0.0014792006
0.00078170805
0.0014720453
0.00058463885
0.0010544031
0.0014772894
0.00058091833
0.0004319516
0.0004779502
0.00039944268
0.001088976
0.00050117174
0.00068352156
0.00043483532
0.000612097
0.0012762097
0.00053942756
0.00082954526
0.00052321114
0.0012323654
0.0005073366
0.00034875626
0.00018806277
0.00070438324
0.000733697
0.000579139
0.00028125918
0.0007024381
0.0005421604
0.00047299144
0.00021989622
0.0009543785
0.00048237905
0.0006205766
0.00065540295
0.00015340527
0.00054781337
0.001040593
0.00047777145
0.00088723673
0.000557694
0.00026699016
0.00040205667
0.00045575562
0.0014858199
0.0005584664
0.0003283468
0.00026572024
0.0004091158
0.0003788743
0.0004414175
0.0014083099
0.0008721835
0.00053432316
0.00068866916
0.0013422024
0.000630952
0.00093297637
0.00025110372
0.00091359485
0.00097210216
0.00081221125
0.0005019032
0.0013318757
0.0010808047
0.000562454
0.0008482059
0.0012589376
0.0009428519
0.0011212206
0.0011206499
0.0009398067
0.00085241
0.001380403
0.0005628386
0.0011702487
0.00038894417
0.0016705438
0.0003359057
0.0012454636
0.0013008463
0.0015475185
0.0011337455
0.0015916342
0.0018802817
0.0018307884
0.0014176746
0.0032003343
0.0054061753
0.0020424474
0.001809823
0.002001246
0.0016591162
0.0012230685
0.0007317794
0.00048020342
0.0004736713
0.00065667264
0.001378019
0.0013311291
0.0012971727
0.00034891907
0.00083738845
0.0010523415
0.0013862862
0.0011141693
0.00049814815
0.00068717083
0.0011433691
0.0012231966
0.0005972638
0.0019442909
0.0008213269
0.0010654891
0.0009736093
0.0016471222
0.001604944
0.0012234715
0.0022324964
0.0012765162
0.0016939176
0.0009407544
0.0019147086
0.00064062
0.00041213218
0.0011159047
0.00041553593
0.0010506642
0.0009228351
0.00067935063
0.00086427596
0.0008167824
0.0009694804
0.0016746046
0.00289746
0.00086150574
0.000767169
0.0007117024
0.00085893506
0.0011631915
0.0013668021
0.0015337392
0.0011531372
0.0019295642
0.0016676335
0.0008052037
0.0010623203
0.0016555303
0.0010713001
0.0010848006
0.0016059836
0.0013567881
0.0009782474
0.0022109838
0.0018090964
0.0013992364
0.00069359574
0.0013953208
0.00079368957
0.0005677616
0.0011991678
0.0010094123
0.001551396
0.0021731087
0.001063922
0.0013892831
0.0006223536
0.00087375345
0.0016779978
0.00070123974
0.0024024826
0.0010199216
0.0006379301
0.0017193723
0.0018595104
0.0012031897
0.0009376586
0.0011357793
0.00072866137
0.0020231167
0.0007534743
0.0013295858
0.0017892938
0.0007240657
0.0006125196
0.0010108815
0.0005864806
0.0013458999
0.0006130983
0.001399029
0.000620845
0.0011121223
0.0010452603
0.0015296875
0.0011070123
0.0015214545
0.001603631
0.0011523674
0.00052012125
0.00016598802
0.00063723116
0.0008396021
0.0007661494
0.00062943937
0.0011340687
0.0005957448
0.00097505376
0.0018369053
0.00056605914
0.0011152495
0.0007072279
0.00065686955
0.0006752606
0.00078376627
0.0008296255
0.0019022266
0.0009819161
0.0007162779
0.001105295
0.00068460585
0.00076668296
0.0010075165
0.0014737762
0.0007518499
0.0019722322
0.00074621825
0.00070080074
0.0012039868
0.0012079887
0.0008976326
0.0009239324
0.0010244661
0.0005364111
0.0010800203
0.0006303206
0.00079864677
0.00034892204
0.0006046507
0.00035356556
0.00060716557
0.0005646412
0.00028082012
0.0010217488
0.0006267475
0.0002823047
0.0010566952
0.0010341945
0.0005019912
0.0010320396
0.00096340536
0.0015449207
0.0010192537
0.0007134688
0.0014032052
0.0008451146
0.0014507358
0.0013438056
0.00058502436
0.0014882921
0.0011929258
0.0013621022
0.0012814383
0.000785013
0.0021619196
0.0008622305
0.0011178737
0.00060080603
0.0018962338
0.001444185
0.0018134471
0.0018811641
0.0020841954
0.0009722506
0.00076828146
0.0026157557
0.0014942477
0.0018919325
0.0026730218
0.0007543338
0.0016401372
0.0012072916
0.00133229
0.0012493462
0.001679353
0.0006183156
0.0007742425
0.0007811871
0.0013758959
0.0013680396
0.0009899903
0.0005214058
0.0009459967
0.0006815187
0.00073615275
0.0006591902
0.0009036095
0.0011451752
0.00038966822
0.00091341976
0.0007086519
0.00044756703
0.000941211
0.0016146887
0.0005203132
0.0010689336
0.00077222736
0.0012444365
0.0023251763
0.0008918101
0.0016488832
0.0017114717
0.001408645
0.002046597
0.0014339478
0.0008192673
0.0008744835
0.0012390682
0.00092748133
0.0027682644
0.0017366123
0.00076773803
0.00045599882
0.0011227961
0.0012560039
0.0006164883
0.0011257717
0.0009634845
0.00089800794
0.0011480823
0.0007884757
0.0011561036
0.000368707
0.00013960784
0.0010319777
0.0014512431
0.0006294893
0.0007443666
0.00074202014
0.0013962392
0.00062803307
0.00088018156
0.00017901316
0.0006365509
0.0003756872
0.00079755473
0.0008864396
0.0005901804
0.00052598154
0.00089612254
0.0009984872
0.0012461027
0.0011209272
0.0010589373
0.0016085993
0.0013104262
0.0011527359
0.0010235358
0.000550305
0.0008147474
0.0010671956
0.0010495598
0.0011011693
0.0014109407
0.0014398543
0.001279915
0.00065690116
0.00087208586
0.00057068176
0.0012171697
0.0010235662
0.00083348353
0.001104189
0.0013199183
0.00043848617
0.0011784909
0.0014054227
0.0013794212
0.0009987638
0.0012476859
0.0008500781
0.0021467411
0.0013273237
0.00058734993
0.001733359
0.00096858456
0.0013110457
0.00063127675
0.0009680183
0.0027766188
0.0011990351
0.0023452176
0.0011078131
0.0012436252
0.0012607381
0.0017481102
0.0008537645
0.0006568776
0.0014770004
0.001450801
0.0006393763
0.0024238962
0.0014512136
0.00045960775
0.000899287
0.0009913868
0.0011712158
0.0015449601
0.0018695396
0.00035177002
0.0005600474
0.0014123067
0.0022330654
0.001585925
0.0013290663
0.00089223246
0.0015758795
0.0013954269
0.0006398999
0.0016274668
0.0013418632
0.0016798128
0.0019233623
0.0014447249
0.001426778
0.00078269374
0.0017778006
0.0012065426
0.0021844893
0.0008292326
0.0015469572
0.002403078
0.0017990044
0.0022308559
0.0024199267
0.0020092789
0.002918028
0.0018210601
0.002792034
0.002034641
0.0019104229
0.0037235052
0.0026381994
0.0026752157
0.0025827906
0.001951911
0.0020116817
0.0016750587
0.0015488212
0.0018843685
0.0026079651
0.0014380536
0.003014203
0.0011422207
0.0023967703
0.0009353565
0.002527544
0.0025370293
0.0014494368
0.0019396653
0.002149877
0.0028780033
0.001696687
0.0016280984
0.002210718
0.0039654016
0.0025591748
0.004326691
0.003289283
0.0025593357
0.0020734433
0.0031504817
0.0029161354
0.0027499015
0.0029098478
0.0042526866
0.0029152909
0.0056142523
0.0029859624
0.0026350617
0.73259085
0.74855155
0.796821
0.70182073
0.7089355
0.8016745
0.7547003
0.7077185
0.032944065
0.026526999
0.023528019
0.022457179
0.02139411
0.018946774
0.016913684
0.016557833
0.013526707
0.010251657
0.015994718
0.0156074725
0.01863496
0.017977305
0.011952075
0.014593043
0.013351808
0.014035476
0.015480814
0.016305918
0.016714562
0.01658638
0.012954764
0.0133032175
0.013152968
0.0076267216
0.006365821
0.0051465896
0.002539989
0.0011983687
0.0010416709
0.0010137486
0.0016279526
0.00067487144
0.0009925454
0.001244386
0.0018025074
0.0007103658
0.0016999191
0.0017728199
0.0005216391
0.0003545736
0.0014271725
0.0006208422
0.00066442555
0.0015455035
0.0010515241
0.0005637724
0.0014956342
0.0009253754
0.00015445387
0.00027683168
0.0006277689
0.0004687222
0.0007745107
0.0003829786
0.00093976967
0.0010185438
0.0019199112
0.0016518325
0.0006892484
0.0008349836
0.0009977438
0.0012473852
0.0015579863
0.00089498545
0.001381794
0.0008085676
0.0010359169
0.0018121708
0.0012063469
0.0009264675
0.0010671465
0.0018908898
0.0017412455
0.0012482161
0.00073561654
0.0008269918
0.00088993047
0.00065638387
0.0016332688
0.00065515644
0.0010560637
0.00065728714
0.0011383935
0.0005766287
0.0005186137
0.0008400082
0.0010820037
0.00014231885
0.000965934
0.00088978146
0.00025832228
0.0015830894
0.0006255942
0.000926318
0.001208195
0.00072103296
0.0014789015
0.0016263683
0.00067064544
0.0014332716
0.00076064165
0.0004533102
0.0009827167
0.0015704274
0.00059693033
0.0002590756
0.00053754204
0.0010574147
0.0007502314
5.7181285e-05
0.00015957546
0.0004118813
0.0006796792
0.00039842736
0.00029435282
0.0010119159
0.000594312
0.0002930927
0.00049815926
0.0008838431
0.00046064542
0.0006364146
0.00053588056
0.00081751
0.0008740319
0.00031560386
0.0012777896
0.00012381727
0.0005792687
0.0005201602
0.0010612452
0.0003095828
0.00087904657
0.00039480254
0.00024347335
0.0007371821
0.00097341766
0.0006516097
0.00066223583
0.0010925792
0.00075761677
0.0009254415
0.0012306175
0.0005613943
0.000751313
0.00047251838
0.00064629735
0.00044677046
0.0004378517
8.204942e-05
0.00021732286
0.00027103664
8.705417e-05
0.00055309845
0.00018450736
0.00059326994
0.00039595558
0.00010770881
0.0009166454
0.00012980717
0.0005095597
0.00028768048
0.00052961893
0.00037424144
0.0006397362
0.0006590384
0.00049233175
0.0014129297
0.0015431131
0.00026614201
0.00047588814
0.00047003507
0.00069812906
0.0004971731
0.0005658644
0.0009989601
0.00051820267
0.0013129181
0.00090671127
0.0007829626
0.00049357757
0.00016607132
0.0009357254
0.0007850236
0.00040954625
0.0004108008
0.0017381307
0.0007440093
0.00079558755
0.0020931948
0.0006017242
0.0006587898
0.0007594257
0.0010073475
0.0008066154
0.0012214351
0.00049727684
0.00032165484
0.0003689523
0.00088501215
0.00064625073
0.000605173
0.0006093762
0.0011644657
0.00082405226
0.00086949184
0.0015990412
0.00052531424
0.00021220626
0.00062073057
0.0003457844
0.00082410034
0.000599392
0.0005958646
0.0020932383
0.0006808731
0.0018817701
0.0018354461
0.00074237946
0.00047256873
0.00090643356
0.0003984103
0.0016304821
0.0013337969
0.0010670283
0.0019630126
0.00089659984
0.0014428946
0.00068946433
0.00041309698
0.0021756322
0.0005351677
0.000930315
0.0009112996
0.0005425716
0.0009935069
0.00091760873
0.0008583094
0.00084489083
0.0010348075
0.0009082394
0.0010724583
0.0013816997
0.0013274184
0.0011646723
0.00071678194
0.0011223342
0.0008443387
0.00056309736
0.0005089638
0.0010272647
0.0007736049
0.0010979052
0.00034374575
0.0003356653
0.00037254544
0.00143442
0.0012453386
0.0006667646
0.0014906425
0.0007989222
0.0010389299
0.001192561
0.0010099711
0.0013079569
0.002230098
0.0013789746
0.0015199297
0.001643296
0.0020680455
0.0020982868
0.0019322804
0.002155003
0.0018561315
0.0018072452
0.0011744669
0.0014755739
0.0021739046
0.0022708783
0.0013366458
0.001782411
0.0010673226
0.0022188995
0.00039297133
0.0008109008
0.00071306765
0.0007966193
0.0005223662
0.0004762569
0.0006992231
0.00075301644
0.00077047874
0.000229779
0.0010946359
0.0005427707
0.002184053
0.0012198511
0.0009801228
0.000655124
0.0009736783
0.00030157925
0.00034280593
0.00073150656
0.00069874723
0.001086258
0.00011177739
0.0006207244
0.0006837973
0.0007732139
0.00046720845
0.00083521
0.0003082307
0.00035438087
0.00048517418
0.00047578837
0.0005434945
0.00055168156
0.00056990254
0.00048577297
0.0005391081
0.0006361588
0.0006210219
0.0004591592
0.00080280995
0.0010305027
0.0005388848
0.0013683743
0.00033985957
0.0010575434
0.0007732266
0.0014312101
0.0004560118
0.0006279714
0.00032018084
0.0003748024
0.0005160053
0.00095928926
0.00082701823
0.0014541968
0.0009598972
0.00083024986
0.00089322065
0.00090587966
0.0009325859
0.00042976317
0.00086911564
0.00063471246
0.00048784976
0.00017807905
0.00031277252
0.00033471762
0.0006308408
0.00079030363
0.00035628496
0.0005402281
0.0013302357
0.0002967653
0.0008616409
0.0004638782
0.00060841354
0.00077530666
0.00028546166
0.00064980646
0.0003476719
0.0009600434
0.0011608787
0.0010280624
0.0008348642
0.00073378667
0.0006042884
0.00041594828
0.00041962694
0.00044230826
0.00030944578
0.00040419918
0.0010308967
0.00072325853
0.00060544483
0.00056766416
0.0007621993
0.0013103981
0.00036544196
0.0016902931
0.0005706746
0.0016845812
0.0004844964
0.00085944805
0.00066711736
0.0005559335
0.0005484349
0.0009128612
0.0011003326
0.0009729288
0.0011572633
0.0011865419
0.0007921654
0.00066594576
0.001052547
0.00075352547
0.0005384089
0.00028460787
0.0011215467
0.0015702957
0.0007328935
0.0008261075
0.0005821431
0.00035632373
0.00010784334
0.0005962675
0.00089600513
0.0015068989
0.00063543377
0.00051953876
0.00045685464
0.00031180208
0.00073156116
0.00036378624
0.00084508775
0.0014395334
0.00018815293
0.0004145811
0.00033821963
0.0005084872
0.00074411207
0.0006321309
0.0008454245
0.00091181265
0.0007440465
0.00043113047
0.000803279
0.00042574137
0.00045270222
0.002355368
0.0008110915
0.00061690854
0.0015163802
0.0010134407
0.0010000283
0.00072176737
0.00022276012
0.0005994272
0.0012276752
0.0004915144
0.0011829413
0.00054315187
0.0005969553
0.0006087198
0.0008947508
0.0007072551
0.000437763
0.0006814062
0.00038562756
0.0007555879
0.001189201
0.001126414
0.001065395
0.00046492903
0.0012249852
0.0012539882
0.0010737545
0.0009223394
0.0009814467
0.0008665011
0.0010373638
0.001628272
0.0013154449
0.0012261325
0.00085399416
0.0012416882
0.0011068634
0.0018335803
0.0017839343
0.001357215
0.000986933
0.0012759774
0.0014121587
0.0011417875
0.00082026515
0.0010574335
0.0010212852
0.0016343999
0.0014010357
0.0019080038
0.002205658
0.0025527142
0.0023490668
0.002909112
0.0047702664
0.0036153565
0.002491262
0.0032005156
0.0024763427
0.002360232
0.002641195
0.0031027654
0.0031770195
0.0029031003
0.002095246
0.0017483641
0.0021689772
0.001938388
0.0016562858
0.0017822961
0.001330795
0.0022774856
0.0016505896
0.0019869348
0.0020357869
0.0015989139
0.0016708059
0.0017860364
0.0012876875
0.0012601328
0.0016311121
0.0012945333
0.0036155784
0.0040451763
0.0032664924
0.0047659874
0.0024291095
0.0030433384
0.0046600383
0.0034476456
0.0020150726
0.0022822118
0.0035111478
0.003482693
0.0030425712
0.0023028688
0.0026985419
0.0022355255
0.0020356337
0.0036359439
0.0033378655
0.0047675315
0.003169866
0.004972914
0.0046945526
0.003927064
0.003921461
0.0034820095
0.0043250103
0.0033821194
0.0026660154
0.0019881784
0.0008175763
0.00034945912
0.0010935277
0.00023244931
0.00031982543
0.000813754
0.0004723324
0.0012491946
0.0008880391
0.0005607201
0.0004484966
0.00045432028
0.000264009
0.0008411038
0.0013587748
0.00056090317
0.0009032878
0.00025774632
0.0008051066
0.0013829378
0.0010540622
0.000894488
0.0005044141
0.00049925386
0.0009339601
0.0013390328
0.0010029834
0.0012430078
0.0008780399
0.0007084516
0.00029143924
0.0007806097
0.00030508812
0.0005963779
0.0011717186
0.0007852959
0.0010280022
0.00079168816
0.0010439557
0.00028988923
0.00040365965
0.00062926416
0.00081593456
0.00086315273
0.0004963168
0.001605615
0.0006252463
0.0008882751
0.0006254285
0.0006061597
0.00041255052
0.00029169332
0.0002898288
0.00019251886
0.00021148268
0.00030920294
0.0006106355
0.000464744
0.0005208261
0.0011115303
0.00031328952
0.00033970608
0.0002771088
0.00019351295
0.00059236295
0.00086320215
0.0018370929
0.0005316728
0.0009038047
0.0005240315
0.0003557683
0.0004109498
0.00051095284
0.00073586655
0.00044587807
0.00040265458
0.0006583618
0.00075379777
0.0002789853
0.0007987216
0.00026346778
0.00087855203
0.00027488498
0.0002269417
0.00094696425
0.0006499122
0.0003735383
0.0009471631
0.0005416725
0.00045370002
0.0012001578
0.0010343536
0.0011356344
0.00047038373
0.00042915164
0.000721831
0.00026293623
0.000396294
0.0011716202
0.00020264169
0.00043695758
0.00082862866
0.0002469744
0.00022095324
0.00093382935
0.00059866405
0.00045381638
0.0002635973
0.0010009684
0.0010864486
0.0008099183
0.0006972838
0.00069142523
0.0007322128
0.00042898778
0.0008646368
0.0008984564
0.0009962951
0.0019250759
0.0007007422
0.00048524694
0.00078480877
0.00075066026
0.0012769505
0.001305349
0.001620173
0.00075010845
0.00070745713
0.0007861401
0.0012147324
0.0006911957
0.00050930976
0.0009092768
0.0006234495
0.00026628491
0.00062218553
0.0005807205
0.00041079998
0.0006961052
0.00024306269
0.0013958054
0.0010624705
0.0010789344
0.00067816116
0.00078012166
0.0006430616
0.0007212963
0.00073753536
0.00051609846
0.0021370337
0.000816399
0.00093008997
0.0010766867
0.0008235205
0.001428481
0.0012212499
0.0008184772
0.0012052978
0.00077661074
0.00018546595
0.0004236892
0.0007183253
0.0004982148
0.0007215384
0.00021040523
0.000643452
0.00027927523
0.00014431856
0.00022005684
0.00019531469
0.0005149724
0.0010924974
0.000662642
0.000334083
0.00084530894
0.00073099724
0.00042552745
0.00055549113
0.00042315124
0.0010009106
0.00085265277
0.00060022663
0.00047799258
0.00026780978
0.00041003252
0.0008638469
0.000437912
0.0011763627
0.00052609557
0.00059863064
0.0011075313
0.0009728313
0.0013364418
0.0012629069
0.0015968865
0.00041285763
0.0007577805
0.00085090735
0.0011938785
0.000376714
0.0009350579
0.000711101
0.0006212988
0.0011339447
0.0010556402
0.0011920374
0.0006020565
0.0007573303
0.00031985057
0.00047879026
0.0014823106
0.00087155844
0.0008160929
0.00072383747
0.0008541685
0.0004173856
0.0009576265
0.0005201846
0.00089909974
0.0002838216
0.00065180444
0.00046678545
0.00052630325
0.0008898057
0.00078304147
0.0008251576
0.0005106573
0.00079233234
0.0012542421
0.0013900936
0.0010803202
0.00061717106
0.0007343839
0.0007695582
0.00084827375
0.0006998348
6.7075656e-05
0.0007534775
0.0011001416
0.0009976415
0.0008945014
0.0010637114
0.00177539
0.00032957597
0.00029447535
0.00029748696
0.00043728418
0.0002319971
0.00040966732
0.0014271784
0.00078214245
0.0007432842
0.0008716759
0.00023326297
0.0007165677
0.0005781585
0.0002708147
0.0015997918
0.0005426197
0.00020167929
0.000800032
0.0010304751
0.0002719449
0.0005237651
0.0027694118
0.00079320103
0.0007822263
0.0008418327
0.0007912064
0.0007563662
0.00093620317
0.00090124604
0.00082855084
0.0011187502
0.00082681875
0.0004151921
0.0011395075
0.00034818897
0.0025643124
0.00044454454
0.000623215
0.00027277472
0.00027201662
0.0007190281
0.001308711
0.0006249993
0.0011053869
0.00052249973
0.00084851537
0.0012937943
0.00081382383
0.0010028733
0.00044265616
0.0005551733
0.0011879363
0.0006320181
0.0005251855
0.00037276192
0.0018374526
0.00069527
0.0013841237
0.0014391176
0.0005468549
0.0007512422
0.00026055303
0.00046852557
0.000979127
0.0009946887
0.0004973766
0.00088950404
0.00087335805
0.00059687987
0.0006052696
0.00020267621
0.000770011
0.0017020587
0.0016941704
0.00044558622
0.0011044441
0.00085283426
0.0009244371
0.0012105014
0.0007946427
0.0010024338
0.0005201081
0.000862799
0.00042179192
0.00046011183
0.00030209072
0.00084079336
0.0010248729
0.0014915654
0.0012800422
0.0018993982
0.00068748463
0.0013809513
0.00079899497
0.001006159
0.0017775251
0.00079251855
0.0010717985
0.0025479766
0.0011967638
0.00090114464
0.0009771059
0.00086885964
0.00079204986
0.00096717395
0.0010877411
0.0009904897
0.000593782
0.0011939283
0.0004862658
0.0006908998
0.0013786383
0.00033219054
0.00082250754
0.00085423223
0.0006037314
0.0006290957
0.0006403589
0.0005703329
0.00028745632
0.0008615759
0.0008846832
0.00078973896
0.0011311936
0.00087134953
0.0007257248
0.00041329965
0.0008814551
0.0017101362
0.0007987189
0.00083332905
0.0005205583
0.0009903053
0.00090742006
0.00057083357
0.00074591883
0.0007120669
0.0005767477
0.0009041355
0.0005453665
0.0005515874
0.00044491148
0.0006240267
0.00047090504
0.00068143033
0.0010045244
0.00057993486
0.0009778473
0.0014500121
0.0018969323
0.0013151427
0.00050804566
0.00017790076
0.0004966676
0.0010635222
0.0019359905
0.0009727485
0.00040174992
0.00076576
0.0010861503
0.00019227211
0.00092263054
0.00042470696
0.0018501532
0.0006590122
0.0015033488
0.0005637899
0.00065266364
0.00083630707
0.0006790019
0.00023142523
0.00040100084
0.00038458133
0.0013272613
0.00011761593
0.0004840861
0.00032204966
0.0004939834
0.00085084705
0.00056452974
0.0005871988
0.00040276343
0.0012638177
0.0012067682
0.0010897138
0.0013411544
0.0006389537
0.00033949903
0.00052913436
0.0006770802
0.00028151483
0.0009234352
0.0005931725
0.0011150013
0.0010128946
0.0016387228
0.0008931585
0.0003965309
0.0007727716
0.00067347824
0.0005920119
0.0013379538
0.0011165494
0.0006441692
0.0006026396
0.00028137298
0.00075450755
0.00042793882
0.00032752054
0.0006541886
0.0003246023
0.001015912
0.0005302387
0.00048375875
0.001319247
0.0007905952
0.0010311308
0.0010320473
0.0010760237
0.0010996689
0.0016109616
0.0005727864
0.000988789
0.0006915225
0.001667513
0.0012236135
0.0008506629
0.0008204441
0.0009954412
0.0006917205
0.0011857904
0.0010726367
0.0010701619
0.0010990007
0.0015851301
0.0008108584
0.00067873404
0.0004445287
0.0008136582
0.0006238773
0.00090182706
0.00046404882
0.0016058709
0.000845314
0.0027762572
0.0017042385
0.002735937
0.0026560393
0.0019378823
0.0015878875
0.0030420278
0.003118591
0.0032294295
0.0012947645
0.0011970694
0.002126863
0.0016721055
0.0010883313
0.0017250539
0.00095284276
0.00049585005
0.0013489499
0.0010514816
0.00072051014
0.0010562948
0.00045092672
0.0011199617
0.0008010405
0.0028388763
0.0015098794
0.0037932275
0.0019756781
0.0015268205
0.0015292142
0.0011229528
0.0024919664
0.0010031862
0.0012351742
0.0024314253
0.0016112049
0.0009718423
0.0011895889
0.0035970963
0.0015096589
0.0023384776
0.0018411634
0.0016886641
0.0007714758
0.0036077672
0.0013685847
0.0021793048
0.001863657
0.0027922809
0.0032780229
0.00080425764
0.0024867218
0.0029853813
0.002161601
0.00228028
0.0008860345
0.0020124542
0.001520262
0.0007130175
0.00076012796
0.0011174271
0.0018582357
0.0011150336
0.0005451108
0.0005632951
0.00040289236
0.0012132635
0.00063459604
0.00045581028
0.0009088401
0.0004518471
0.0005272646
0.0006408206
0.0010714283
0.0014060865
0.0010300229
0.00027261622
0.00066696486
0.0004127887
0.00020686568
0.0009678544
0.000707424
0.00076243316
0.0007171247
0.0010567738
0.0011805969
0.00040451996
0.00039743714
0.0005688807
0.00067506597
0.0003492373
0.0015312048
0.00020785951
0.00093247055
0.00055494567
0.0008152475
0.001070327
0.000846491
0.00020106118
0.00017645622
0.00049233926
0.00026141922
0.0007014504
0.0003258484
0.0013082906
0.00021823925
0.00045521074
0.000428939
0.00031018193
0.00019723187
0.0017666771
0.0005173489
0.000463999
0.00045781
0.0006520009
0.0008858769
0.0006728575
0.0006705313
0.0008834305
0.00072942546
0.00087536883
0.00037241477
0.00069797423
0.0015190906
0.0008926198
0.0012664599
0.0018773519
0.0011783172
0.001635846
0.0016079271
0.0004961741
0.0003708041
0.0007865716
0.0008450028
0.0011298053
0.0006986418
0.0015174634
0.0020102132
0.00097382476
0.0010368888
0.0009524233
0.0014265373
0.0013209211
0.0017569301
0.0015990495
0.0012278593
0.0016251651
0.0012445814
0.000984484
0.0008101905
0.0011178299
0.0011330019
0.0013001318
0.00180065
0.0014297415
0.001454649
0.0024265049
0.0022278358
0.0014367234
0.0016777834
0.002465519
0.0036569678
0.0027818407
0.0024992207
0.0029755947
0.0021166217
0.0014456244
0.001582384
0.0013877115
0.00056348596
0.00046450045
0.0014033678
0.0008537532
0.0011080949
0.0008516653
0.00095993315
0.00074199593
0.00082477654
0.0006878634
0.0008908686
0.0008056994
0.0013114183
0.0011774306
0.00058434776
0.0007517629
0.0013381725
0.0021983357
0.0017404958
0.0014003527
0.0012374973
0.00056372595
0.00107628
0.0018462787
0.0017748543
0.0024833123
0.002918737
0.0035823416
0.0015923841
0.001981553
0.0027692516
0.0022364114
0.0017773388
0.0015892485
0.0015188265
0.0015593447
0.0019754008
0.0019291439
0.001872629
0.002677483
0.0022887066
0.0015445998
0.0021104012
0.002048403
0.0020128514
0.0020227449
0.0015786634
0.0017758519
0.0015210693
0.001802221
0.0025760713
0.001927481
0.003096921
0.0015226784
0.0020035226
0.0017109874
0.0018469057
0.0024686933
0.0027646115
0.002112345
0.0025302067
0.0024483236
0.00213289
0.003308756
0.0024822264
0.0021766047
0.0021081294
0.0016376915
0.0018846893
0.0025760445
0.0019022573
0.0018554071
0.0015832527
0.0010282687
0.0018107161
0.0019758488
0.0015783936
0.0011278567
0.0015058821
0.0011645657
0.0007045966
0.0008827409
0.0010103111
0.00038558565
0.001488687
0.0012113622
0.00068123423
0.0011906741
0.0005133754
0.0006817727
0.0015609219
0.0010694604
0.00036447134
0.0006110409
0.0009823046
0.00038697151
0.000775926
0.0004055414
0.0004085392
0.001498331
0.00025261642
0.00064419914
0.00090702256
0.00069718645
0.0008096384
0.0005786127
0.0009851876
0.00056222867
0.0006795539
0.0005656857
0.0015678247
0.0017723631
0.0014230275
0.00092909264
0.0011135233
0.0010586043
0.0009999021
0.0016849117
0.0009491887
0.00086568564
0.00074978615
0.00084058737
0.00062964985
0.0011807444
0.0007787909
0.0006856463
0.00028496393
0.00033453054
0.0005129774
0.0006014823
0.000729839
0.00065322337
0.0001325624
0.0004455496
0.0004098593
0.00065698894
0.0010168048
0.00035803003
0.0010716061
0.0006164139
0.00040666328
0.0012387148
0.0004201476
0.00026728841
0.001005762
0.00041615876
0.00027912227
0.00087720837
0.00058929995
0.0002629503
0.00020739889
0.00030192593
0.00038092327
0.00028228597
0.001005038
0.00031110097
0.00018182969
0.00053310907
0.00038922665
0.0005443664
0.00055915344
0.00028991234
0.00091496203
0.0002828024
0.00050537847
0.00077741133
0.001118309
0.00077385426
0.000711145
0.00062315766
0.0013175628
0.0006515594
0.0009005795
0.0010152338
0.0008852154
0.0008586944
0.00065940694
0.0004244452
0.00030863128
0.00040830323
0.00040513347
0.00045918964
0.0001984054
0.00031180558
0.0004492855
0.0003740386
0.0010252736
0.0010612842
0.0006686157
0.00089555955
0.00084490667
0.0008049862
0.00034309778
0.0006148456
0.00070722774
0.0009228656
0.00041185628
0.000725218
0.00074249995
0.0016070682
0.00033940637
0.0008011737
0.00091382477
0.0003628048
0.00040671945
0.0019522551
0.0011806925
0.0013453168
0.00053585175
0.0006969561
0.00074894144
0.000835471
0.00058919133
0.00089133735
0.0020333445
0.00096973253
0.0012836608
0.000909601
0.0009536238
0.0005903522
0.0009887966
0.00076940533
0.0017181524
0.0010102827
0.0023083584
0.0014631761
0.0021111337
0.0016349888
0.0015271142
0.00071223197
0.17897265
0.1733419
0.17948747
0.15530922
0.1477687
0.0042459737
0.003749624
0.0046157343
0.0035307289
0.0031151646
0.0044394764
0.0028988991
0.0019920468
0.0016669371
0.0017072989
0.0015888496
0.002832431
0.002425299
0.0024282422
0.0018064308
0.0007408779
0.0009501219
0.0014950444
0.0007301701
0.0004703967
0.00067965913
0.00095638237
0.0010642522
0.00057844975
0.0009983741
0.0007761053
0.0014806767
0.0005558561
0.00051581266
0.00074508606
0.00081386365
0.00040671148
0.001194066
0.0010706021
0.0007040764
0.000883122
0.00015599912
0.00048615312
0.00047377194
0.0007469164
0.00052761944
0.0021448105
0.00075511367
0.00052546826
0.00069028605
0.00096080557
0.0009557273
0.00038337806
6.258683e-05
0.0014867124
0.00018575585
0.0010005239
0.00043819303
0.0004796367
0.0015998274
0.0005886234
0.00094460626
0.0006303266
0.0005476335
0.00060695986
0.0013861296
0.00084594626
0.0008214924
0.00048797694
0.00095017406
0.00044496922
0.00031242968
0.0012371367
0.0007839359
0.0005002156
0.00034323323
0.0002859395
0.0003929119
0.0007330747
0.00030240108
0.00018418064
0.00046346086
0.00029844703
0.0005766612
0.00056170864
0.0005408335
0.00021091006
0.00051373
0.00066310493
0.0012514279
0.0011206118
0.0007396277
0.0005688515
0.00041627622
0.001231159
0.0007550355
0.00029637764
0.0006829742
0.00070150715
0.000475551
0.0014393288
0.00049273984
0.00061377254
0.0015922732
0.0010414404
0.0012062477
0.0011087218
0.0005847274
0.00087196735
0.0006476334
0.00075068406
0.0004313251
0.0008041733
0.0005013095
0.00025798933
0.0006387233
0.00029079278
0.00071902387
0.0010179695
0.0006662073
0.00038200733
0.00013381074
0.0008934163
0.00045638828
0.0010118962
0.0003005913
0.0010162574
0.00066456205
0.0012095284
0.00034512678
0.00058397977
0.0011870464
0.0004653099
0.0005270663
0.0009859843
0.00077529904
0.00132989
0.0003636172
0.0006969596
0.0008007053
0.00047776202
0.0007641628
0.0020549402
0.0002481297
0.0007168052
0.00070004544
0.0003312286
0.0006403185
0.0007890563
0.0011988668
0.0005637756
0.00064925366
0.00091770804
0.0005230856
0.0011369265
0.00037881033
0.0007109059
0.00076339924
0.0010795791
0.0013418568
0.00085533346
0.0005482512
0.00080145086
0.001728506
0.00072670495
0.00079851644
0.0010991222
0.0007377331
0.0007376891
0.0011403556
0.0007996796
0.0008170976
0.0005168702
0.0007391961
0.00088010525
0.0009284526
0.000977024
0.0007205819
0.00064650615
0.0015644783
0.0008078952
0.00117051
0.00081296556
0.0010491398
0.0016731228
0.0008876028
0.001310582
0.0003376393
0.0005538177
0.0015605079
0.002634675
0.0009407387
0.0011669601
0.000938458
0.0008063352
0.0010932259
0.00091807405
0.0009799376
0.0008672471
0.0009675076
0.00085993635
0.001494837
0.0014872957
0.0023674234
0.0020088875
0.0014812363
0.001089816
0.0013309773
0.0016040533
0.001765386
0.0017643119
0.002117371
0.0013675056
0.002329288
0.003409385
0.003068259
0.0030320762
0.0027313223
0.0023379729
0.0017518618
0.0022523848
0.002279728
0.0036563072
0.003078439
0.0027304213
0.0042125885
0.003870039
0.0050764238
0.004036398
0.0034116476
0.00413743
0.0030500975
0.0041814097
0.005321708
0.005129201
0.0050500818
0.004538507
0.0049187215
0.005467481
0.0035812953
0.0032586344
0.0032908616
0.0050283
0.004276173
0.0050818156
0.0043884343
0.0037744867
0.0048551783
0.005706665
0.0039679795
0.0039852457
0.0040122247
0.0042622876
0.0060132477
0.004596246
0.0037085041
0.0029379837
0.0031084707
0.004775644
0.004196088
0.003063895
0.004065584
0.003062696
0.0028476382
0.0021954793
0.0023004923
0.002271717
0.003960553
0.0038691543
0.0032978014
0.0028640244
0.0028011594
0.0028175206
0.0023076928
0.00227575
0.0012596906
0.002128711
0.0015832367
0.0013038788
0.0017115244
0.0018829996
0.0010559495
0.00076784653
0.0011713972
0.0015061478
0.0005736965
0.0014490779
0.0006920759
0.0010879425
0.0014417561
0.0011082448
0.00093003
0.0016278541
0.0012222333
0.0010275982
0.0013961745
0.00093054096
0.0016005895
0.00082646206
0.000532503
0.0014969815
0.0003612009
0.0007089282
0.00039273954
0.00070191076
0.0006781535
0.0006366523
0.0009207884
0.0010377846
0.0012547004
0.0006542224
0.0009580327
0.00063031627
0.0008146227
0.0006658632
0.0008492865
0.00019769253
0.0009222013
0.00046490534
0.0012298886
0.00061223214
0.0002655642
0.0002859666
0.0005917084
0.00073993835
0.00021540753
0.0012580105
0.0005558709
0.0013516907
0.00061235443
0.0005359338
0.0010377289
0.00047589943
0.00040976965
0.0003822035
0.00047027698
0.00075874024
0.00048042176
0.0005385085
0.0003965168
0.00062601926
0.001220635
0.0007084897
0.0005150704
0.0010719085
0.00048546476
0.00067867246
0.0005652271
0.0007581015
0.00032867142
0.0003299975
0.0005615765
0.0005417946
0.0007127132
0.0012568067
0.0004829226
0.0009617525
0.0010016435
0.0010683988
0.0009675693
0.002051671
0.0013076521
0.0012494596
0.0013485964
0.0013149339
0.001344225
0.0008833875
0.0009978064
0.0006581922
0.00082323444
0.0009831544
0.0011405142
0.00088661804
0.0013704336
0.0011821471
0.00081207906
0.0022464925
0.0022382012
0.0012139298
0.0011208274
0.0016258733
0.0017019763
0.0020679734
0.00072222913
0.0006549869
0.0011333235
0.0010986428
0.0012457974
0.0010831474
0.00083782524
0.001349349
0.000885992
0.0016867189
0.0006778821
0.0012216832
0.0008078297
0.00129958
0.0005914784
0.0010437057
0.00092280714
0.0020228203
0.0025859398
0.0010993406
0.0010843305
0.00097650336
0.0007762108
0.000987462
0.0009422705
0.00078693294
0.00035601394
0.0008867717
0.0017763566
0.0014272849
0.0012381662
0.0007630999
0.00079007144
0.00063527754
0.00064199045
0.0014371859
0.001548707
0.0016068005
0.0015119546
0.0016764964
0.003011387
0.003200562
0.0010169891
0.0014970355
0.0017683743
0.00055225566
0.0007726455
0.001591432
0.0011979005
0.0014164583
0.0009362304
0.00052814785
0.0015785544
0.000642338
0.0008885172
0.0013032976
0.000557316
0.0009961462
0.0013150964
0.0010519208
0.00086657004
0.0020855216
0.00068340136
0.0009055265
0.0007015545
0.0010008529
0.00043887057
0.00069618796
0.00070470915
0.0009516779
0.0008187739
0.00070433505
0.0007715509
0.0010882373
0.00082553655
0.00053167087
0.0003091758
0.0006169592
0.00066599884
0.0007933538
0.000553596
0.00042094168
0.0005253578
0.000714556
0.0005581393
0.000893984
0.00018994069
0.00092003786
0.0002234927
0.00066513737
0.0005424729
0.00035355007
0.0007691372
0.0009584662
0.00037085178
0.00037367392
0.00034013437
0.00080780307
0.0003195426
0.0005737943
0.00047222746
0.0006427195
0.00022876843
0.0006833856
0.000556293
0.000419422
0.00043610437
0.0016250224
0.00037314178
0.0005796627
0.0016156912
0.00020474319
0.00040261925
0.001277063
0.0004922
0.0008595145
0.00043688744
0.00092673104
0.0004757652
0.0014243494
0.0005844783
0.0006047849
0.0013332864
0.00044181617
0.00027680036
0.00023333459
0.00025017542
0.0018986603
0.00033811934
0.00028596172
0.0008728052
0.001466356
0.00089107535
0.0006775975
0.0004705288
0.00050614227
0.00032968342
0.0004105043
0.000563763
0.00055850984
0.00040661613
0.00083367573
0.0008062066
0.00070481334
0.0016371435
0.00045970787
0.0010892841
0.0005765807
0.00064355286
0.00035599706
0.00051726453
0.0006833181
0.000594599
0.0013768421
0.0010768331
0.0010649143
0.0004413972
0.00044048578
0.00042501418
0.0005026002
0.0010124618
0.00067156454
0.0006092559
0.0006119966
0.0009236047
0.00072168815
0.0006601609
0.00064219214
0.00044036
0.0004585833
0.00043133425
0.0011562106
0.00044833135
0.0008756663
0.00037495984
0.0015386605
0.00083008985
0.00047564664
0.000684665
0.00042374252
0.00044474332
0.00095845317
0.001661172
0.00051346084
0.0005678717
0.0013583645
0.0011661891
0.0012446756
0.0013509969
0.0018875622
0.0015940799
0.001515383
0.0013617909
0.0019808803
0.0018983064
0.0015191915
0.0011692056
0.0012572932
0.0017664524
0.0016699104
0.0012547015
0.0012668734
0.001431933
0.0015710589
0.003697062
0.00299336
0.003123727
0.0028070475
0.003737615
0.0033142539
0.0028582364
0.0024537225
0.0033758136
0.0023733545
0.0021620046
0.002720319
0.0028784573
0.0024941913
0.0031011973
0.003329306
0.0021682968
0.0018199694
0.0016845905
0.0022124948
0.0020410249
0.0018159449
0.0019123601
0.0016597873
0.0022001327
0.00280736
0.0020622953
0.0017858795
0.0017938941
0.0019526759
0.0019494221
0.0024454526
0.0022044196
0.0015294511
0.0015204245
0.001695335
0.0018288306
0.0018547399
0.002266089
0.0025016037
0.0016977746
0.0019964545
0.0021323948
0.0023031302
0.002476166
0.00139373
0.0019840691
0.001979069
0.0021167356
0.002083576
0.0015652592
0.0019743799
0.002657273
0.0021680852
0.0032203496
0.002352844
0.0023402488
0.0023273723
0.0026877883
0.0020635498
0.0031975117
0.0032987911
0.0032940034
0.003099229
0.003086903
0.0012905401
0.0014812332
0.0010645009
0.0012057917
0.0010592308
0.0011659915
0.0024349107
0.0009530352
0.0019526065
0.00082841335
0.0011156091
0.00094817777
0.0008540803
0.0007571672
0.0010229127
0.0010221753
0.00061644777
0.0013187234
0.0008916946
0.001068938
0.0010646128
0.0007139872
0.0010257069
0.0015617198
0.0011386831
0.00050941034
0.0002702552
0.00053872966
0.000762101
0.0019979274
0.0005018712
0.000991025
0.0005747404
0.0006982027
0.001008883
0.00060026866
0.00033476553
0.00038617995
0.00025707
0.00014801911
0.0011769085
0.0010847702
0.00013103435
0.0010067712
0.00037068175
0.00051957817
0.00078736024
0.0013673411
0.0012382537
0.00035169796
0.0009904649
0.001083471
0.0007316653
0.00053392723
0.00026247377
0.00071011577
0.0010947332
0.0007432444
0.0006297424
0.00027629553
0.0010546984
0.00068233913
0.00037584972
0.0003257289
2.1958986e-05
0.00023554121
0.00024933013
0.0005534622
0.00023532788
0.0011975255
8.129855e-05
0.00037264655
0.00038546493
0.0002814826
0.0004527368
0.0007923731
0.0008800528
0.00033078413
0.00013772884
0.00066445896
0.00053842686
0.0004622233
0.00036490726
0.00068028795
0.00029788865
0.0005701877
0.00048239488
0.00063471927
0.0011299549
0.00070706074
0.0006777528
0.00083192607
0.00082578056
0.0005344116
0.0006799095
0.0003269317
0.0005012477
0.00048727077
0.0023971614
0.00045013067
0.0003719948
0.0007830575
0.00069378346
0.00022361304
0.00046799763
0.00088696193
0.0006789589
0.0008681265
0.00041827606
0.00026085012
0.00090610934
0.0010206833
0.00062526466
0.00052731106
0.00030102144
0.00057176326
0.0004821382
0.0013731733
0.0010326639
0.0020506927
0.000624304
0.0013179416
0.001623389
0.0021304917
0.0010931196
0.0018634729
0.0011396215
0.0008768614
0.001413879
0.0017764096
0.0016771351
0.0022093598
0.0004975438
0.001219529
0.0013628051
0.0017388046
0.0013759222
0.0017967167
0.0013244089
0.002231455
0.0021843319
0.0018836277
0.0021659676
0.0014981447
0.0023659621
0.0014957032
0.0009350609
0.0007471647
0.0012857756
0.0030740432
0.0013839041
0.00050605804
0.00048291148
0.0007443826
0.0008095655
0.00052241684
0.0008498901
0.00090911577
0.0010101144
0.00078454264
0.0005869378
0.0009333767
0.0021908428
0.0007492407
0.0010290943
0.0007947501
0.0009134812
0.0015210672
0.0011256258
0.00029770297
0.000936495
0.0004527871
0.0013595426
0.00056906947
0.00076717336
0.0002028767
0.0002940895
0.0006310768
0.00090951496
0.00063073693
0.0014881057
0.00058955426
0.001052135
0.00073482044
0.00042789633
0.00029890426
0.0006965322
0.0017295841
0.0010470683
0.0012858416
0.0013216258
0.00084836193
0.0009667217
0.0014707712
0.0009939219
0.0012818587
0.0007850213
0.0010805466
0.0009939421
0.0011350763
0.0017590643
0.0006500312
0.001034122
0.00063213776
0.0012227295
0.0011180626
0.0013882195
0.0019515988
0.0016877792
0.0015629755
0.0010081448
0.0012037347
0.0010205838
0.0006315411
0.001549385
0.00063212134
0.0009268209
0.0005364023
0.0012556033
0.0008015983
0.0014343432
0.0006973205
0.0015623973
0.00077431486
0.001004723
0.00032421353
0.00034210493
0.0011520523
0.0008503585
0.0020134954
0.00082988513
0.0009256047
0.0010287841
0.00067361305
0.00056446414
0.00042099634
0.00054706796
0.00074376137
0.0006173281
0.0005123534
0.0003482902
0.00041006057
0.0017334989
0.0004269188
0.00038229825
0.00055712654
0.0011123162
0.0004466151
0.0002115954
0.00061355886
0.0012946161
0.0005468938
0.00032488344
0.00039840373
0.00081313465
0.00063750293
0.0009830205
0.0006269816
0.00039504934
0.00045595074
0.0001415454
0.00013247841
0.00026002538
0.0002498969
0.00031029718
0.000605909
0.00046898948
0.0006115575
0.0008675992
0.0002972501
0.00060379953
0.0008488139
0.0007225365
0.0009279188
0.0012148968
0.00093369314
0.00063673756
0.0005356308
0.00086488365
0.00031185726
0.0010194236
0.0005787704
0.00052438944
0.0004163331
0.0007757395
0.0006167059
0.001000538
0.00073334994
0.0016507469
0.0009570797
0.0012300145
0.0012534037
0.0016096313
0.0013753411
0.0011715274
0.0010887142
0.0017088591
0.0008129966
0.0021419004
0.0010118847
0.0006235624
0.0005939755
0.00032447744
0.00047779386
0.0003075617
0.0010824759
0.00035814557
0.0005496664
0.0005447516
0.0006092802
0.00045654754
0.0003903993
0.0006860445
0.00024179467
0.00044559606
0.00016982428
0.00051656284
0.87412375
0.8965126
0.99999994
0.96914804
0.92824936
0.98761034
0.96573144
0.0529724
0.046452668
0.04574845
0.04126843
0.038814276
0.05577459
0.046839472
0.04944751
0.04862664
0.04989377
0.057006583
0.058303684
0.05372101
0.05452978
0.060458362
0.062647
0.065908335
0.06339982
0.051303525
0.052899268
0.048798822
0.051340744
0.047932506
0.049810223
0.04467986
0.04913653
0.042625196
0.034402847
0.028953811
0.027111609
0.0012621261
0.0011652368
0.0014957591
0.0018118314
0.0010905404
0.001784584
0.0012508846
0.001273495
0.0006887503
0.0013589566
0.0018102995
0.0017867964
0.0027343396
0.0016324682
0.0009643077
0.0018275393
0.0013737418
0.0021431318
0.0031961137
0.0015356652
0.0019161555
0.0016391816
0.0009375884
0.00054105034
0.0010050512
0.0008478963
0.00083000096
0.001149647
0.00075723144
0.0008230001
0.00088755006
0.0013673571
0.001641487
0.0013866691
0.001451802
0.0026614424
0.0024882122
0.0026548489
0.0025052745
0.0032704293
0.0015762286
0.0016287458
0.00082802505
0.00093308906
0.0005779322
0.0011558176
0.002438399
0.001632124
0.0010167102
0.0012260209
0.0006088819
0.0018328225
0.0023497264
0.00077963265
0.0012349588
0.00088069245
0.0012869275
0.0010578874
0.0010583353
0.0025047525
0.0011404619
0.00067577104
0.001942633
0.0028347562
0.0003025827
0.0011381414
0.0009885003
0.0004406199
0.0009605838
0.0012541147
0.00051504845
0.0008596348
0.0005518605
0.00066451944
0.0004846031
0.0002751199
0.00040299725
0.00036578218
0.00053431
0.0001937709
0.0005225957
0.0010937722
0.0012975916
0.0006840192
0.00038045883
0.0006814675
0.0005525877
0.00071453577
0.0018162904
0.0006347423
0.0006661337
0.0009585066
0.0013463121
0.0006231532
0.0009561776
0.0010842598
0.00046109152
0.0018112507
0.0012368987
0.0013682189
0.00071907
0.0014729805
0.0013871503
0.00028930005
0.0006487378
0.0013051463
0.0011044337
0.00052599906
0.00027550466
0.00013124307
0.00018627274
0.00057943154
0.001796729
0.0003005751
0.0005192581
0.0009255542
0.0003805739
0.00045802252
0.0004405437
0.00043745706
0.0015624184
0.0014497184
0.00020182053
0.0002554179
0.0002429445
0.00042120204
0.00067305396
0.00051966414
0.00034367712
0.0016444881
0.00080053543
0.0010415349
0.0007499863
0.0011355483
0.001015669
0.00068260543
0.00053216383
0.0007881998
0.00076895475
0.00047387456
0.0008108728
0.00058676
0.00046719122
0.00044613448
0.0014918081
0.00047930685
0.00060755067
0.000647684
0.00035800505
0.0011935415
0.0011592207
0.0014192578
0.00093789434
0.00030938996
0.0008176979
0.00086355524
0.001967886
0.0007967489
0.00077492464
0.0011083512
0.0010737388
0.0003474888
0.00049894775
0.0015677819
0.00027685816
0.00031495467
0.0006796909
0.00054586923
0.00024666783
0.0005834732
0.0008901894
0.00020812124
0.0004905708
0.00093604997
0.00039274892
0.00013050203
0.0
0.0003172211
0.0009124881
0.0009047268
0.00070831936
0.0012151017
0.0006240286
0.0006755484
0.000845828
0.0002795715
0.00072814
0.0009673764
0.0014240145
0.0012581458
0.00085859705
0.0011648922
0.0017286567
0.0010058735
0.0021427355
0.00089149433
0.00082892954
0.0007942844
0.00060665194
0.0005514147
0.00043995737
0.0005609903
0.0009435393
0.0003306141
0.0013810406
0.00027510163
0.00045828492
0.00052838493
0.0008244128
0.00029811467
0.00061833195
0.00054205157
0.00090324285
0.0013294442
0.00048290205
0.00069057127
0.0015980072
0.000564316
0.0014556394
0.0006621126
0.0009557217
0.001292228
0.00077441346
0.00064881286
0.00075526105
0.0011075891
0.0008567496
0.0012405827
0.0014186943
0.0019071675
0.00141014
0.001450727
0.0006700109
0.00078541617
0.0004725163
0.00062149286
0.000368678
0.0008873218
0.0013379189
0.0011067824
0.0005374358
0.00040708343
0.0008827288
0.00035047426
0.0008357473
0.00029579515
0.00039682147
0.00018627995
0.0012075017
0.00046068954
0.0003640778
0.00049267476
0.00017920994
0.000411806
0.00060899236
0.00042509625
0.00037884258
0.00067654374
0.0012832863
0.00090428087
0.00062692637
0.0015335148
0.0006967859
0.00035232096
0.0011720323
0.00041088415
0.00070884486
0.0011269541
0.0010023257
0.00026214897
0.00021695263
0.00077513076
7.535133e-05
0.00078286504
0.0010492536
0.0007961641
0.0006457798
0.0017070865
0.0025523882
0.0015644969
0.0020078341
0.0015795958
0.0016376404
0.0017155707
0.002780069
0.0026918782
0.00319902
0.0014280424
0.0033742988
0.0030811888
0.003224371
0.003895073
0.0036550972
0.0034182325
0.0030519443
0.003034031
0.0040475014
0.0035771884
0.0041340445
0.00217945
0.0035064076
0.004083818
0.0032778766
0.0025226134
0.0015633319
0.0026762334
0.0027631747
0.003370868
0.0028105334
0.004632996
0.0032713094
0.0011553842
0.00362648
0.001983748
0.0017579073
0.0016396095
0.0022133875
0.0013981063
0.002270715
0.0029276544
0.007992526
0.004310996
0.004127972
0.0038761913
0.004011079
0.005547481
0.0033501142
0.0057498077
0.004669148
0.002545226
0.0041446155
0.0045017577
0.0044284756
0.0041863467
0.004475134
0.005389036
0.003722226
0.0016286516
0.0038634294
0.001302567
0.0035713452
0.0029967302
0.005387711
0.0056836284
0.0048515415
0.0039825724
0.0031097136
0.0017692952
0.0017830225
0.002155014
0.0021999704
0.0016472465
0.0016264095
0.0017250163
0.0012911089
0.0023731533
0.0014263658
0.0027449473
0.0034502782
0.003710235
0.0028981925
0.002101238
0.0045323037
0.003276641
0.0033637122
0.0035979955
0.0046932995
0.0022309117
0.0024981946
0.0033307904
0.0034406262
0.0039066435
0.0065634716
0.0041740015
0.006925463
0.0062953075
0.0062813237
0.0038852359
0.00068526913
0.0010041897
0.0007254064
0.00082987506
0.0017899824
0.00084064645
0.0020322022
0.0013508655
0.0028243298
0.00218282
0.0021969797
0.0016224544
0.0024745958
0.0028067406
0.0031754074
0.0034106548
0.0011122862
0.0017824428
0.00189439
0.0011675318
0.0011659192
0.002489382
0.0015665259
0.0008712786
0.00074411137
0.002152673
0.0021289552
0.0015431745
0.001570054
0.0017789041
0.001405916
0.0016658482
0.0017539557
0.0022642245
0.0028248257
0.0019506188
0.0019975195
0.0027352173
0.0023271823
0.0018231897
0.0018659323
0.0020833625
0.0011514283
0.0013521033
0.0018197523
0.0007088323
0.0007855276
0.00047169474
0.00059095066
0.0009221303
0.0008062531
0.0010955834
0.0015503002
0.0007634766
0.001555683
0.0011515858
0.0007250922
0.0016611931
0.0009956468
0.000992683
0.0017665445
0.0015072027
0.0024428447
0.002229525
0.0019361814
0.00095022575
0.0019342287
0.0013930472
0.0006090307
0.0011103068
0.0017074575
0.0018959614
0.0021162147
0.0011367889
0.0006813944
0.0011555353
0.0015475093
0.0010922089
0.0016854211
0.0009622427
0.00074099744
0.00079421315
0.0010614095
0.0018061426
0.0010309656
0.0014070034
0.0014654553
0.0004258476
0.0016755662
0.0005537486
0.0002843985
0.0013570348
0.0007356797
0.00082265877
0.0011559112
0.00062951044
0.0004800405
0.00089844316
0.0014818839
0.0013422993
0.00077044027
0.00076170923
0.0009401664
0.00077234535
0.00057424756
0.00059434434
0.0006470575
0.0007892366
0.001506021
0.00020806816
0.00097607716
0.0011439581
0.0005901648
0.0010938147
0.00067494146
0.0008454145
0.0008660316
0.00054969173
0.0009782172
0.00069571997
0.00048204005
0.00031062303
0.0005896587
0.00053261383
0.00021092121
0.0012873088
0.00039539294
0.0003335062
0.0004364506
0.0003767819
5.4967837e-05
0.0007003416
0.00024733983
0.00078308606
0.00014903603
0.0005998596
0.00039140624
0.0006371661
0.00039271475
0.00037351187
0.0008258215
0.0010214869
0.00034083688
0.00015042168
0.00015903717
0.0004151396
5.0414397e-05
0.0017105883
0.00025018788
0.0005243529
0.0005652858
0.0004421142
0.0007237518
0.00041960046
0.00031949772
0.00065115036
0.00014296173
0.0014536268
0.0003075169
0.00060165784
0.0006452723
0.0007145598
0.0006900492
0.0005441498
0.0011951559
0.0009613114
0.000686065
0.00031025242
0.00028856343
0.0010391794
0.0004676811
0.00027829915
0.0003663021
0.0006313057
0.0004064914
0.00065837265
0.00040554762
0.000871853
0.0005138904
0.00056768215
0.00071834895
0.0006344908
0.0004455705
0.0003678098
0.001257811
0.00051745994
0.0006634331
0.00017786385
0.00051114324
0.00053449447
0.00080576364
0.0006498812
0.0014727362
0.000120666315
0.00041815575
0.0012271458
0.0006101277
0.00083920464
0.00090170617
0.0011125954
0.0004520687
0.0011708498
0.0007220103
0.0021895077
0.0010351435
0.0018049657
0.0011457443
0.0008117046
0.0009760037
0.00057364145
0.0012138638
0.0018152125
0.001900842
0.0010830552
0.0008866814
0.0016157022
0.0011010326
0.0012908629
0.0009204794
0.0012068885
0.0012897754
0.00049569434
0.0017062108
0.00048391032
0.00086780626
0.0008944205
0.0012206798
0.0018313323
0.0013662126
0.0011821076
0.0013998352
0.0012766179
0.0019165564
0.00070657633
0.0010023116
0.000810006
0.0011985473
0.0018746951
0.0013027246
0.0009997734
0.00070589926
0.000981212
0.00075187656
0.0009592762
0.00085201516
0.00090360316
0.0010373249
0.0011793277
0.0005560326
0.0009027072
0.00092665653
0.00095618796
0.0009830921
0.00140345
0.00056485174
0.0006914187
0.0006966625
0.001248121
0.0012296598
0.00031976972
0.00090873055
0.0010014038
0.0006295214
0.0017036364
0.0012305792
0.000749776
0.0011473475
0.0016200594
0.0010322648
0.0007926876
0.0014338673
0.0008983567
0.001180931
0.0005368936
0.00056638493
0.00030891743
0.00080784404
0.0010605784
0.0013116885
0.0016630767
0.0015577974
0.0008653138
0.0011828225
0.0009872869
0.00072232366
0.0008516234
0.0015722566
0.00093680364
0.0010168066
0.0011260246
0.00041693222
0.0006984034
0.00044364342
0.0006458056
0.0002840784
0.00026986445
0.0006491886
0.00042608107
0.00079180487
0.0009066919
0.00049682806
0.0005003846
0.0007661968
0.000236743
0.0005023935
0.00037891034
0.00027738378
0.0006500814
0.0005895905
0.0010674135
0.0010193873
0.00049705105
0.00068231655
0.0012013869
0.0009904719
0.00048572425
0.00033226243
0.0006461316
0.00039694709
0.00045341236
0.001130531
0.00092362915
0.0005704049
0.00049900135
0.00088334613
0.0004610928
0.0006446074
0.00095711066
0.0006895392
0.00086814887
0.00072226353
0.00072998274
0.0004668007
0.00068532437
0.0008321574
0.0010890241
0.0011064395
0.00087177823
0.00042300794
0.0006565631
0.0012840505
0.0009854772
0.0006757202
0.0007075156
0.0011534822
0.00095774326
0.0008875564
0.0032585307
0.0008602169
0.0008362337
0.0014681922
0.0018448089
0.00214474
0.0013362302
0.0021936544
0.00089765573
0.0014692154
0.0010850488
0.0013475928
0.00056152494
0.0009822644
0.0013941387
0.0014576181
0.0002850218
0.00025066902
0.00091147376
0.00043832196
0.0011750626
0.00072972686
0.0007971474
0.0011777043
0.00083838357
0.0007380836
0.00057856244
0.00071346783
0.00094139844
0.0014062113
0.00088429486
0.0004906694
0.0009452861
0.00094075815
0.0010568709
0.0011933128
0.0007505816
0.0012116603
0.001199999
0.0006805902
0.00091817696
0.0010406442
0.0011290552
0.0014896996
0.0008802842
0.00048541493
0.0017031251
0.0011209634
0.0008782824
0.00053022226
0.00066082884
0.00022936617
0.00069576275
0.0010034129
0.000650699
0.0010529822
0.0006172646
0.0009482533
0.0011459602
0.0010130092
0.0010072513
0.00070542877
0.0008190291
0.00031431863
0.0013307733
0.0013195601
0.0006288053
0.00078600063
0.0006946574
0.0013022667
0.001436919
0.0009211295
0.0007563845
0.0017824082
0.0005199549
0.0012104164
0.002098552
0.001985825
0.0023793068
0.001292229
0.0013007268
0.0023202507
0.0024433304
0.0023692523
0.0016864628
0.00070039346
0.0007789301
0.0009956168
0.00059300946
0.00053853734
0.001854499
0.0018547073
0.0015735292
0.000730675
0.0010724905
0.0014196642
0.0004645246
0.0011983267
0.0009892911
0.00048550603
0.0008755018
0.0007823084
0.00087855035
0.0012465678
0.0011102206
0.0025526294
0.0018791207
0.0018543119
0.0017815047
0.0031047482
0.0033518416
0.002650614
0.0025585142
0.0015035722
0.0016165904
0.0022825978
0.0021172585
0.002615053
0.0027395198
0.0021921773
0.0010731831
0.0018345969
0.002032775
0.0014906214
0.00090119825
0.0006687847
0.0009471207
0.0012855595
0.0010243743
0.0012086101
0.0005477145
0.000445245
0.0017597354
0.0015290603
0.00062700437
0.00085683604
0.0012913711
0.00074684515
0.0009035225
0.00027574465
0.00044677447
0.0005790227
0.0008083844
0.00080164056
0.0012001569
0.0011607667
0.0010164329
0.00012691048
0.00014973966
0.0013879404
0.0016930643
0.00040312932
0.0010924977
0.0005325183
0.0015786529
0.00046309736
0.0005434819
0.0006417753
0.001300118
0.00048056222
0.0012745733
0.0006938062
0.0008787581
0.00020181977
0.0007653402
0.0004372851
0.00030351162
0.00055103947
0.00060714426
0.00083949935
0.00038408476
0.0006784566
0.0009636454
0.0011405039
0.0013571811
0.00045571948
0.00038112025
0.00094368774
0.0006252372
0.0009941793
0.00073864375
0.0004248924
0.00023025087
0.00039943674
0.0010954255
0.0004035614
0.00056002004
0.00019300349
0.0004407607
0.000558427
0.000117856456
0.0008033687
0.00044156652
0.0006739555
0.0002501476
0.00023678747
0.00050180504
0.00021372283
0.0009093393
0.00091468124
0.00087181694
0.0003117628
0.00058132526
0.000657517
0.00024198966
0.00063788105
0.0005000264
0.00045806944
0.000695184
0.00018564927
0.0006237307
0.0007905583
0.0009867712
0.0009870441
0.0014190216
0.0006702111
0.0009295362
0.0009925215
0.0008817323
0.0005807263
0.001335725
0.0010487874
0.0013823361
0.00034832477
0.0004568713
0.0006714019
0.0005398467
0.00059269916
0.00064939586
0.00085269817
0.0006510906
0.00065987965
0.0008773984
0.0009763
0.000764106
0.00041087752
0.00078176754
0.00048489874
0.00041168102
0.0004449088
0.0013872341
0.00032977335
0.00047278265
0.0018945574
0.0007859152
0.0003130783
0.00050999684
0.00091157225
0.00041383156
0.0014903302
0.00032646715
0.0006415457
0.00033378846
0.0003953674
0.001087278
0.00041436008
0.0013558093
0.0010468216
0.00063997746
0.0015117831
0.00059000496
0.0017543476
0.0013846164
0.0007861812
0.0008214821
0.0013398143
0.0007125355
0.0009997452
0.0009265202
0.0013410359
0.00071633206
0.0006020131
0.00077974243
0.0009503801
0.0013075351
0.0016760671
0.0013393604
0.00037885213
0.001058473
0.0018245232
0.0003090098
0.0012156189
0.0008706105
0.0005374548
0.0007286509
0.0035094186
0.0015445825
0.00042979798
0.000686745
0.00087756827
0.0005156934
0.00163274
0.0014324046
0.0006926798
0.00069067656
0.0003912666
0.0011111152
0.0006196676
0.00048088015
0.0013824845
0.0011066287
0.00050482794
0.00025914953
0.0004594013
0.001124061
0.0005922164
0.00067553116
0.00032311742
0.00076975307
0.00097531755
0.0012380786
0.0007706791
0.00074816984
0.00064848067
0.0014394255
0.00054905406
0.00022887283
0.00041094946
0.0005102138
0.00056867464
0.0002716788
0.0003682949
0.0009706528
0.0011866334
0.00049072236
0.0012940246
0.0013105917
0.0010880443
0.0012265322
0.00064702897
0.0009550898
0.000693241
0.0005663625
0.0006526572
0.0013807603
0.0008479374
0.0008739823
0.00080705824
0.00047882384
0.00047745585
0.00041227532
0.00083662925
0.0009615675
0.0010415562
0.00056016375
0.00058309
0.0008146796
0.0010251981
0.0011567932
0.0004504667
0.0016167477
0.00070831785
0.0012709734
0.00067413907
0.0002185389
0.00023933245
0.0012272922
0.0009749194
0.0003510912
0.0006717592
0.00060282316
0.00050112064
0.000645991
0.0005365191
0.0012837597
0.0012318417
0.00090344384
0.0004823291
0.0010781058
0.00062781567
0.00032120576
0.000632028
0.0006006466
0.00064911984
0.0008071587
0.0003052281
0.0004532548
0.00090536184
0.00067476794
0.00042677193
0.0011655882
0.00035795465
0.001064984
0.000111328874
0.00017880592
0.00047731632
0.0004840028
0.00019017419
0.00016297692
0.0004779208
0.0009866061
0.00064728764
0.0008654455
0.0020991922
0.00048123946
0.00059399963
0.00059978565
0.0009272363
0.0003159481
0.00033364887
0.0004014332
0.0010285318
0.0007190463
0.00028287852
0.00013254712
0.00020679338
0.00064224756
0.0009575817
0.00075145636
0.0010874787
0.0012412888
0.00089393853
0.00080076803
0.0007756961
0.00081127504
0.00044692983
0.0007986236
0.0006833575
0.00042701996
0.00040675286
0.00063311413
0.0005162862
0.0007590522
0.0007856729
0.00039733096
0.0002332258
0.0002098783
0.00057220453
0.00066720095
0.00046935794
0.0021458836
0.0009008009
0.0004561132
0.00048414402
0.00026758487
0.00024356764
0.0006590129
0.00031915598
3.8723418e-05
0.00024709565
0.00031060074
0.00049543905
0.0007315497
0.00037885836
0.0006194068
0.0006218757
0.0006936843
0.0009326176
0.0017272242
0.00049168925
