0.0044295955
0.0044295955
0.003332634
0.0023491979
0.0023635265
0.00064480363
0.0020034753
0.00261702
0.0030138716
0.0017792252
0.0019989156
0.0018508015
0.0013722704
0.0025171323
0.003693397
0.0012675849
0.0027951074
0.004129656
0.0036204
0.003201689
0.0031217074
0.0026038259
0.0019375926
0.0040935976
0.0040311227
0.0022095633
0.0020130507
0.002497353
0.0026016603
0.0016644741
0.0014010804
0.001973867
0.0013011105
0.00093722146
0.00061396725
0.0014604008
0.00036785856
0.001250569
0.0015988311
0.0017838359
0.00202424
0.002228
0.0007475703
0.0021657897
0.0013054176
0.0013718813
0.0015934474
0.0033181508
0.001963401
0.0026922666
0.0021865987
0.001871069
0.0016485368
0.0019050639
0.0016128883
0.0012252353
0.0022235871
0.0022988624
0.00263296
0.0025126475
0.00044166285
0.0012844254
0.00048278488
0.0008484095
0.0021106976
0.0010709384
0.00053388154
0.0036237864
0.000976839
0.0009860087
0.00070423586
0.00067712815
0.0021934796
0.0017298816
0.0006870686
0.0015969758
0.00089995365
0.0011859995
0.00122812
0.001272362
0.001948884
0.00045765802
0.00054006843
0.0012405041
0.0026278407
0.002728684
0.0028480724
0.0033589702
0.005222039
0.0030807657
0.00095845445
0.0016083035
0.0020127494
0.0018395674
0.0016971111
0.0021122876
0.0043103565
0.0021806345
0.002822718
0.0031184673
0.002171383
0.002149278
0.002461723
0.0024468233
0.0031127266
0.0030230416
0.0027758714
0.001956515
0.00069827697
0.0014450054
0.0019600173
0.0025497791
0.0012590587
0.00053371576
0.0007969741
0.00070946873
0.004031381
0.0012612632
0.0016225298
0.001029012
0.0012566955
0.0025682377
0.0029325278
0.0033913723
0.005600819
0.0012343646
0.004397485
0.005403779
0.0050163665
0.0032787563
0.0032927194
0.0027628196
0.005327666
0.00198477
0.0026685062
0.0020508044
0.001516978
0.0024146703
0.0014380446
0.0039196634
0.0025804024
0.0010756422
0.0017990693
0.0019315912
0.0021034286
0.002287885
0.0012823413
0.0016507898
0.0016195656
0.0029466639
0.0017108531
0.0025816776
0.0018669085
0.002124479
0.0038986343
0.0023275183
0.0018804418
0.0017438012
0.0030573632
0.001309296
0.0018882889
0.0016349021
0.0018590365
0.002326463
0.0008956633
0.0021257738
0.0019277786
0.0013741573
0.0012188654
0.001285522
0.0020368572
0.0015534415
0.0034276354
0.0039014814
0.0023046883
0.0015739038
0.0015367299
0.0016009887
0.0046330835
0.0011832039
0.0020268227
0.0030215601
0.0030264067
0.005032194
0.0022308507
0.001736699
0.0034406027
0.002287243
0.002130211
0.0028562765
0.0051577645
0.0013963092
0.00318641
0.0018240944
0.0031889114
0.0015255724
0.00037429668
0.00047658343
0.0009957692
0.0018972396
0.0007462977
0.0018592277
0.0008849562
0.002936743
0.0021605701
0.0023445445
0.0027292648
0.00281113
0.0022022668
0.001751286
0.001702656
0.0030142944
0.0011716838
0.0006275733
0.0016945308
0.002286482
0.0012637828
0.0018231203
0.0021181165
0.0018949916
0.0024185912
0.0031959857
0.0023038434
0.0022218316
0.0032479048
0.0018293352
0.0011011937
0.0013903106
0.0023541064
0.0021928882
0.0015978413
0.0026206726
0.002016995
0.001970728
0.0014562084
0.0005498478
0.0014169111
0.0030192984
0.0009985708
0.0014907522
0.0020970793
0.0020288008
0.0015228315
0.0015384769
0.0014018945
0.0015572287
0.0025593485
0.0019133708
0.0015645297
0.00117287
0.0016746529
0.0030235918
0.0035664125
0.003132011
0.0031237479
0.0015474849
0.0019025779
0.0019428155
0.0026843157
0.00081006176
0.0014297644
0.0020008567
0.0013815772
0.002306495
0.0013537285
0.00081073755
0.0015075745
0.0017180399
0.0021729083
0.0016949084
0.0018910968
0.0042396476
0.0037209978
0.002533751
0.0012460903
0.0024399923
0.0028131318
0.004208435
0.0014342738
0.001141869
0.0017586267
0.0022207112
0.003738135
0.0038400062
0.0047123795
0.0045223003
0.003468417
0.003944737
0.0018066177
0.0020908085
0.0024572054
0.0025035513
0.0011924958
0.001887728
0.0022335527
0.0025244793
0.001970805
0.0053543802
0.006428748
0.004299644
0.0038345994
0.0031087531
0.0021227875
0.0022127042
0.0019099666
0.0020408407
0.0023550552
0.0016607293
0.0020966756
0.002514858
0.0021860467
0.0020740323
0.0022165612
0.0014155455
0.0018593266
0.003532328
0.0035600252
0.0021055373
0.0050493237
0.0034704076
0.003716741
0.002962842
0.0063569215
0.0041433494
0.004090997
0.003573229
0.0032203824
0.0032781565
0.004231691
0.0032040284
0.0035760484
0.0030611204
0.0036358465
0.0013966784
0.004041226
0.0042754523
0.0030958573
0.0023129717
0.0035719369
0.0023331814
0.0024158384
0.004126754
0.00083034986
0.0012030691
0.0024740468
0.0035245824
0.002960318
0.0029278817
0.0016932137
0.0043973797
0.0054229577
0.0012567667
0.0055519957
0.003192516
0.0038944145
0.0022972869
0.0034828093
0.0027909302
0.003654572
0.002256386
0.0028088558
0.0023849725
0.0017335898
0.002019036
0.0024577738
0.0010831816
0.0026124024
0.0031724374
0.0029393903
0.0015520658
0.0006472331
0.0019754786
0.0013897795
0.0021559722
0.0022515673
0.00338901
0.0022568542
0.0020067452
0.0025162387
0.0037015243
0.0020332106
0.0025737141
0.0031794573
0.005338305
0.004217419
0.002872835
0.0031346472
0.0024546108
0.0033839613
0.0048514516
0.0020224454
0.0025422566
0.0036057006
0.003313552
0.006161742
0.006077858
0.0034015025
0.001627129
0.0020670095
0.00226448
0.0013346316
0.0021957161
0.0035134144
0.0015388054
0.0037268368
0.0041352473
0.0010629513
0.0028165192
0.002227102
0.0027932315
0.0016451289
0.0012808176
0.0047254753
0.0054962784
0.0021770978
0.0030007658
0.0028769574
0.0015745753
0.0025742096
0.0029048666
0.0017336824
0.0009717223
0.0018074547
0.001656847
0.0017175311
0.0015932083
0.0020768973
0.001976727
0.002445603
0.0023610923
0.0014505456
0.0019529627
0.0033420774
0.0025104026
0.0010376379
0.0022405384
0.0017183999
0.0009733682
0.0015576012
0.0028679995
0.003215901
0.002395032
0.001610046
0.0031100926
0.001038159
0.002030246
0.0021483977
0.0018945807
0.0021410366
0.002329114
0.0015299668
0.004141028
0.0013439446
0.0017370576
0.0017798688
0.0020874408
0.0013054356
0.0009163128
0.0014931231
0.0012933904
0.000748635
0.00092862593
0.0005691559
0.00292603
0.0028176117
0.0009651816
0.0025588747
0.00090601307
0.002219976
0.0015932426
0.0033292884
0.0023365836
0.0028509484
0.0020400567
0.0021478035
0.0030642757
0.0036525433
0.0028827484
0.002029456
0.0014784713
0.0021424575
0.0010245491
0.0024007345
0.0020231197
0.0014697626
0.00062980043
0.0020589277
0.0037640885
0.0006527188
0.0033993714
0.0018139193
0.0017943224
0.00091191113
0.001733792
0.0028400193
0.0015177799
0.0010985967
0.0020984586
0.0005020271
0.0010002668
0.0025756764
0.0016964239
0.0007636878
0.0009524347
0.002151963
0.00067771174
0.001415234
0.0012913651
0.0017926325
0.0015282626
0.0005253923
0.0007581961
0.0014070651
0.00090747233
0.0020978227
0.0005507245
0.00049423036
0.0028091385
0.001721589
0.0012965142
0.0013370456
0.0
0.00041959045
0.0011190259
0.0015063718
0.000904139
0.0031762274
0.0027568082
0.00050860445
0.0023545797
0.000935629
0.0011311417
0.00031250966
0.0007281016
0.0006621161
0.0011007953
0.0023900596
0.00090522075
0.002206188
0.00070144335
0.0017136997
0.0018728748
0.0005072512
0.0021055276
0.0027714078
0.0021062503
0.0024668118
0.0021114273
0.0023964287
0.0033226614
0.00075331377
0.0028554832
0.002296844
0.0026438276
0.005064564
0.0008844569
0.0029966088
0.0031961047
0.004105322
0.0012713065
0.0023937144
0.0012783357
0.0024886357
0.0013360726
0.0018197256
0.0017699071
0.0011835673
0.0011420813
0.002652345
0.0020795257
0.0013684552
0.0015228207
0.0013326156
0.0016218488
0.00059573737
0.0009516338
0.0012357815
0.00198693
0.0005819267
0.0016905456
0.00056177063
0.0017410333
0.0009208878
0.0008860787
0.002016826
0.0017081649
0.0010946933
0.0010788969
0.0011713618
0.0033353195
0.0010209992
0.0017314291
0.0035673173
0.0016460343
0.0012132627
0.0006734588
0.003983864
0.001520681
0.0013593173
0.0026939993
0.0012841319
0.0012842474
0.0028478075
0.0018459253
0.0008821954
0.0010509837
0.0019917374
0.0015351542
0.0011852949
0.0011291853
0.0017767152
0.0012949555
0.0024279929
0.001906655
0.0010579119
0.00046888174
0.00068781775
0.00096086424
0.0015249285
0.0010242059
0.0014102191
0.00033935165
0.0002308016
0.0017311606
0.0010257813
0.0006195469
0.0014926203
0.0010548431
0.0026227124
0.0013397419
0.0015079897
0.0008324764
0.0006718693
0.0007347666
0.0014303628
0.001854806
0.002281989
0.0011490668
0.002133106
0.0019042096
0.00041856797
0.0006059999
0.0026487487
0.0012081934
0.0010826101
0.0018834188
0.0018563564
0.0017178202
0.001524608
0.0011844338
0.0013011192
0.0019842861
0.002454951
0.0014004458
0.0026461505
0.0017113561
0.0014517085
0.0013501521
0.0005662106
0.00068989414
0.00083837355
0.00087638607
0.0020940222
0.001063361
0.0018164276
0.00082663377
0.0024945838
0.00039690937
0.0006296201
0.0008661188
0.0023964152
0.0007563768
0.00033294654
0.0017414034
0.0021838446
0.0016696606
0.0017600678
0.00097573816
0.0021982982
0.001220016
0.0014227219
0.0007543068
0.002142176
0.0015654874
0.0007323257
0.0014296029
0.0012091912
0.0018217997
0.001978965
0.0014446175
0.0014797326
0.0013451668
0.0024723255
0.001577954
0.0022707698
0.001693415
0.0012337831
0.0015895235
0.002692737
0.003934168
0.0034813788
0.0023157059
0.0030351111
0.002688166
0.004331703
0.0014328102
0.0019251241
0.0030971174
0.002009469
0.00048751215
0.0010512786
0.0009952078
0.0008106079
0.0005727848
0.00034149294
0.0012289053
0.00041984982
0.0011343601
0.00058641395
0.0023416325
0.0005573288
0.00091021287
0.0023700295
0.000709392
0.0018102694
0.0032650947
0.0018623413
0.0017493343
0.0016788011
0.0020081494
0.0011181764
0.0015810074
0.0025196648
0.00095922407
0.0015281483
0.0018310286
0.0012015848
0.0020006823
0.0020272464
0.002451874
0.0038178277
0.0020647417
0.0028763486
0.0020441415
0.0026282964
0.0050253193
0.0037032967
0.0035442212
0.0054112086
0.0053253705
0.0060693286
0.0041350955
0.002161769
0.0025659942
0.001775367
0.0027246475
0.0010044773
0.0013813598
0.0033110364
0.0027700912
0.0026210854
0.000892901
0.002575734
0.0031010727
0.0017060717
0.0037118832
0.0026476658
0.0021648323
0.0018308368
0.002406871
0.0016637595
0.0012852214
0.0009359652
0.0023503706
0.0021154203
0.0016375062
0.0027210915
0.0021845433
0.002541474
0.0022554523
0.0034074269
0.002990123
0.0023707366
0.0034568398
0.0035793385
0.0024609992
0.004606926
0.002094936
0.0016278832
0.0017369908
0.0019276959
0.0037588186
0.0037312475
0.0035281666
0.0028545498
0.0012556248
0.0016850417
0.002487425
0.002095648
0.0014149972
0.0030579588
0.001102821
0.001442882
0.0017406425
0.00031026226
0.0021413818
0.0045650518
0.002918439
0.0022920677
0.0029105032
0.0013572399
0.0023635717
0.0028813323
0.0014568255
0.0028821896
0.0020654092
0.002117133
0.0027720407
0.0012012202
0.0018578344
0.0014223951
0.0009743186
0.0020654006
0.0022316454
0.0019149012
0.0013186595
0.00036997977
0.0022065344
0.002732856
0.0013145931
0.0010245326
0.0016237121
0.0013740276
0.0034136272
0.0014378021
0.0018147246
0.0016161974
0.0010954934
0.0007596069
0.0010548111
0.003400946
0.00077841483
0.0020749113
0.0026348783
0.0020729643
0.0016355324
0.00073181884
0.0014291096
0.000556436
0.002045666
0.0015057795
0.0007379992
0.0025928745
0.0020096528
0.00066097395
0.0010293876
0.00059060554
0.00063677767
0.0026526016
0.0024560734
0.0016573557
0.001707186
0.00097637007
0.0006050172
0.0006829291
0.0010585289
0.0011758457
0.0013712982
0.0018830281
0.00050942786
0.00045364175
0.0008574062
0.00032992347
0.0012092807
0.0020899517
0.0010160304
0.0025634188
0.0013944744
0.0012888184
0.0010521876
0.0024378756
0.00081623276
0.0013220477
0.0012310016
0.0013458603
0.0015286648
0.0013622594
0.0020887505
0.0022800546
0.0006157727
0.0005649045
0.0021127472
0.0014382428
0.0014702865
0.0012010068
0.000700172
0.0017111665
0.00052354747
0.0009236324
0.0015535615
0.0026427668
0.00087507395
0.0011120108
0.00076342974
0.0014908467
0.00082434306
0.0019153326
0.00077029463
0.0011328033
0.0014703899
0.0008155069
0.0006677475
0.0007899885
0.0007859891
0.0017018358
0.0012514761
0.002317241
0.00084270746
0.0014988919
0.001301417
0.00076983275
0.001188406
0.00018901374
0.0005119379
0.0008210102
0.0014768468
0.0021122051
0.00098779
0.0019143168
0.0009188551
0.0017999432
0.0020859009
0.0025481395
0.0011000794
0.002439
0.0007289899
0.0008364698
0.0022911888
0.0019145317
0.004048258
0.0022300128
0.0035408507
0.003148738
0.002528667
0.0012305918
0.003915362
0.0034696476
0.0008601784
0.001134003
0.001475979
0.004438543
0.0029960258
0.0009167206
0.0036007676
0.0033890286
0.0025772254
0.0057165953
0.0019047561
0.001348165
0.0019985433
0.0031871009
0.0018428732
0.001632068
0.00089437247
0.0019528975
0.002284939
0.0038622206
0.0012569315
0.001785472
0.0015721697
0.0021411811
0.0018396073
0.0026279183
0.0030021116
0.001623331
0.0016886727
0.002429313
0.0017770339
0.0007075743
0.0014497273
0.0020811132
0.0014219268
0.00079404475
0.0016148755
0.0015983069
0.0014733793
0.0012855
0.000745807
0.0036805256
0.0024578082
0.002383995
0.001060458
0.0019408853
0.0024131788
0.0014775915
0.0036088158
0.0033771829
0.003120301
0.0026886112
0.0038952713
0.0020592108
0.0014066625
0.0016702425
0.0021890271
0.001963967
0.0017036534
0.0024215996
0.00202655
0.0018694394
0.0013372595
0.0016882916
0.0032520387
0.002091238
0.0033652158
0.0023076045
0.0019956497
0.0011724619
0.0017723781
0.0017598541
0.0025236837
0.00044354494
0.0020852
0.0008703857
0.0010468003
0.0009579788
0.0013180277
0.0023178654
0.0009749704
0.0009944963
0.0039349943
0.0023499099
0.0015352988
0.0012203135
0.002867366
0.002253305
0.0010120949
0.0013795152
0.0010239135
0.0017659236
0.0030066783
0.0019169741
0.00276643
0.00076789316
0.0024642232
0.005301681
0.0022396473
0.002574193
0.001662935
0.0037808346
0.0041976636
0.0012602678
0.0025886304
0.0010442899
0.0036051236
0.0007133131
0.0026008328
0.0022818472
0.0013819551
0.0015491223
0.0017990719
0.00072663743
0.0021176068
0.0013227455
0.0015982293
0.0017037487
0.002885501
0.0017086182
0.0021479786
0.0042815423
0.002670129
0.0022735964
0.0016124898
0.0019621265
0.0025862395
0.0021619243
0.0019945523
0.0015454182
0.0013390856
0.0018064983
0.00082771596
0.0013546491
0.002858896
0.0014487288
0.001211198
0.0018147656
0.0025748878
0.0027983987
0.002714393
0.0024620853
0.0024403047
0.001417011
0.004369353
0.0013219557
0.0031242382
0.0048355134
0.002571904
0.003819118
0.0040842104
0.003144203
0.0031125846
0.005702913
0.0017503548
0.003025045
0.0013009645
0.0026392504
0.0014492807
0.0017003578
0.0020793572
0.000603945
0.0010175834
0.0027740728
0.0023042844
0.0010801794
0.0017318552
0.0011126179
0.0016949053
0.0015268512
0.0010776839
0.0011048538
0.0015556212
0.0030779387
0.0023749724
0.0023979463
0.0027239404
0.0021771286
0.00072987773
0.00031346543
0.0005309038
0.0006825209
0.00054757023
0.003845265
0.0029125789
0.0027953233
0.0016180847
0.0021854036
0.0012953643
0.0019917106
0.0015356939
0.0022390292
0.0030536698
0.0036598737
0.0022362736
0.002364975
0.0024905654
0.0022924242
0.00327316
0.0035081408
0.001615262
0.001842754
0.0014848941
0.0027861192
0.0046191723
0.0021252967
0.0048371274
0.0033390566
0.0020501567
0.0025512702
0.001799633
0.0022036466
0.0018710347
0.0018685439
0.002310381
0.0025738971
0.001799443
0.0026428355
0.0021335173
0.0031114959
0.0016813312
0.0019975707
0.0012983996
0.0026026706
0.0021812115
0.00301965
0.003074047
0.0014384013
0.003599279
0.001785836
0.0033838088
0.0017563461
0.0014763598
0.0017013416
0.0017955007
0.0038460933
0.0016612053
0.0017830167
0.0021181786
0.0029945164
0.0044258335
0.0044453107
0.0022845177
0.0024739641
0.004286443
0.002643785
0.0023265127
0.0021684447
0.0027429252
0.0017427246
0.0027952802
0.0034399568
0.001826718
0.0017024284
0.0027762358
0.004501517
0.0032884832
0.0031957475
0.0011458066
0.00119593
0.0010804896
0.0030022813
0.0007499241
0.0027558883
0.0029320025
0.0015193241
0.0012505054
0.0015875613
0.00083498505
0.002314702
0.0014495517
0.0024498631
0.0026560307
0.0032459928
0.002537038
0.0012962302
0.00016898125
0.0022000186
0.00063039956
0.0018632282
0.0019924908
0.001980036
0.0019157496
0.0013402884
0.00097577344
0.0011590277
0.0026446164
0.0012245624
0.0011742836
0.003490387
0.0031348837
0.003281162
0.0010057117
0.0031572937
0.0048687
0.0014425751
0.0016461603
0.0036462212
0.002285496
0.0019079356
0.0016379777
0.0008934878
0.0012242238
0.0007799782
0.0011521417
0.0008862687
0.0015483162
0.0031674737
0.00085412164
0.0026611758
0.0011516332
0.00065667846
0.0008146904
0.00082337065
0.0013619036
0.0021380854
0.00078663015
0.0035453304
0.0013494139
0.0009576931
0.0017625104
0.0011379671
0.0008980122
0.0013242314
0.0011811939
0.0015364259
0.0014781276
0.0015257318
0.0020582953
0.0015451369
0.0019031479
0.0028934109
0.0021819011
0.0028604944
0.004606795
0.0029554234
0.001881351
0.0037227212
0.0027934602
0.0024049892
0.0024992817
0.002148558
0.0025358882
0.003237825
0.0018337958
0.0026631625
0.0036700696
0.0026464185
0.0022822812
0.00063622725
0.0020924904
0.0020971796
0.00074362376
0.0010663378
0.0005523992
0.0011926661
0.002180063
0.0010526406
0.0008582106
0.0017507416
0.0018304687
0.002074262
0.0028865733
0.002324858
0.0028634334
0.0021725018
0.0035534832
0.0026758309
0.0022710448
0.0028952095
0.00084857445
0.0015434327
0.0016685121
0.0012874178
0.00092183216
0.0046424423
0.0016540514
0.0020197209
0.0012817528
0.00192219
0.0013270542
0.00029612222
0.0012912381
0.0035270865
0.0028611433
0.0029678817
0.0033550146
0.0041145952
0.0024955075
0.0030353474
0.004109147
0.002738646
0.0028396754
0.0021158853
0.0013076417
0.0011520545
0.001957715
0.0019661824
0.0016281317
0.001976683
0.00031538645
0.0017680577
0.0027112481
0.0017250445
0.0019865807
0.0013765938
0.0013991476
0.002065725
0.00057234376
0.0021271347
0.0012058093
0.0037899537
0.0013012338
0.0017156649
0.0006416428
0.00092882186
0.0010924356
0.0018930787
0.0017940858
0.002751464
0.0015718049
0.0014022901
0.001148527
0.0011739789
0.0023743692
0.003370262
0.0010793075
0.0011323068
0.0006811696
0.001474261
0.0010116597
0.0011843249
0.0020253318
0.0025081001
0.0007622852
0.0012544643
0.0015481838
0.0008676945
0.0014784466
0.0008946399
0.00070610334
0.0022765873
0.0019146292
0.0014481477
0.0005966018
0.00315413
0.0024024767
0.0017974854
0.0004977146
0.0019095305
0.0008032914
0.0012096277
0.0012676867
0.0037518654
0.0023943908
0.0017165024
0.002740047
0.0022033679
0.0022153547
0.0030786428
0.0018494402
0.0023211106
0.0017032023
0.0027324527
0.0040122936
0.001745415
0.0010417054
0.0015840619
0.0012182337
0.0017644239
0.0012822626
0.0019194882
0.0032046027
0.0012725809
0.0015738107
0.0013485932
0.0033350384
0.0024797486
0.002014624
0.0029986112
0.0009866498
0.0024597407
0.0016071695
0.0028514965
0.004089816
0.0016109869
0.0020705764
0.003963034
0.0007573625
0.0016468698
0.0008691775
0.0003618155
0.0014134729
0.0018223778
0.0015356385
0.004801715
0.0010234901
0.0028315056
0.0017139579
0.0043751253
0.0032611208
0.002205593
0.0029252092
0.002289095
0.001829419
0.0017308271
0.003268658
0.0024250962
0.0012938991
0.001763182
0.0014215044
0.0016644392
0.0017478574
0.0015457462
0.003750181
0.0026135175
0.0031099895
0.0019600708
0.0031461564
0.0017865116
0.0045660706
0.0028167213
0.0020108623
0.006300343
0.0025314272
0.0017602027
0.0010277448
0.0041261464
0.002407287
0.0029371532
0.0035324492
0.003390571
0.0019221078
0.0020139096
0.0034854396
0.0030533713
0.0051653003
0.0049494444
0.0044810446
0.0056583965
0.0056358823
0.0046532336
0.0048310966
0.0042292904
0.0035737383
0.0038141424
0.0024168352
0.0034518563
0.0026174304
0.0031305973
0.0033770571
0.002916004
0.002600021
0.0036790492
0.0046116468
0.006755461
0.0029382904
0.0042027123
0.00468617
0.0037488367
0.0060638604
0.005309641
0.0041992525
0.0029668126
0.004415746
0.0031282871
0.003114701
0.0034253583
0.0037226335
0.0040013827
0.0025867329
0.016564665
0.016331913
0.018841567
0.020899745
0.020118387
0.0021100687
0.0026347109
0.0036925806
0.00187711
0.0020684893
0.008049792
0.0033494157
0.0015023616
0.0023880638
0.0021836013
0.0019858747
0.0022549345
0.0030297425
0.0020160065
0.0015348484
0.0018379325
0.0009871161
0.0034771718
0.0019016794
0.0042190705
0.00091804715
0.0036793288
0.0017580352
0.0017115233
0.0032256972
0.0012680296
0.0028662002
0.0037522104
0.0020024856
0.0017520733
0.002527723
0.0022895788
0.0059994664
0.0011853316
0.002816293
0.0025264695
0.0027350455
0.0008034275
0.0024219253
0.0025673886
0.0017868477
0.00090615696
0.0018569122
0.0029353516
0.0013231632
0.00040476053
0.004373554
0.002192408
0.000939394
0.0020817781
0.0024141923
0.0016788952
0.002544321
0.0027660786
0.0018636987
0.0026226067
0.0023509231
0.0018594845
0.003210607
0.002306436
0.0026260517
0.0021221822
0.0028840455
0.0031387226
0.0015748164
0.0015188156
0.0032891918
0.0037343735
0.0054878853
0.0019957835
0.00241631
0.001535736
0.0019584466
0.0017917801
0.002818002
0.002323444
0.0031014676
0.0012580415
0.0049458137
0.0013826311
0.0010712515
0.0011389164
0.0022027036
0.0026085803
0.003760929
0.002339348
0.0026842484
0.0029583634
0.0031326124
0.0006608055
0.0047320155
0.0013560407
0.0035078453
0.004651688
0.0037724304
0.0022531482
0.00374446
0.0015884546
0.0063994336
0.002163994
0.0015970224
0.0023309696
0.002088483
0.001324092
0.0024937666
0.0033939236
0.0018915413
0.0011785893
0.0011278434
0.0012985263
0.0012457714
0.0042810673
0.0011443683
0.00093556184
0.0023029724
0.0017777045
0.0022523666
0.0021834234
0.0016192534
0.0023407936
0.0032443462
0.0011002476
0.0020901172
0.001099301
0.0031608483
0.0035646127
0.0009806406
0.002248352
0.0014320558
0.0016514651
0.0016314329
0.0008329374
0.0011391854
0.0019363579
0.0015307409
0.0008446119
0.0018649616
0.0025219454
0.00079158763
0.0009717323
0.0009546594
0.0014700536
0.0021836741
0.002220504
0.0034241653
0.0011073058
0.0023908743
0.0024556844
0.0035731555
0.0017256315
0.0023640587
0.0023713883
0.0051279594
0.0027396022
0.0023912222
0.0023644308
0.0038364872
0.0042055254
0.0035437352
0.0061968863
0.0027678946
0.0041757
0.002448287
0.0023314236
0.0023028865
0.002019603
0.002699972
0.001723508
0.0028483253
0.0029491265
0.0012575943
0.0017249073
0.001374776
0.0014096642
0.0010463697
0.0031187856
0.0029233927
0.0028436012
0.0026636338
0.0031117548
0.0036212262
0.0022551327
0.0020989429
0.0025871678
0.0022778844
0.0016905383
0.0020075222
0.0017357592
0.0025871336
0.0022646207
0.001744986
0.0020361857
0.001533975
0.0011040927
0.0010633952
0.0015577194
0.0017642225
0.0026241557
0.0012747777
0.00082901376
0.0017606331
0.0014726614
0.00096045295
0.0028567563
0.002144205
0.0019212172
0.0014502354
0.004016454
0.0009881451
0.0026271725
0.0023351938
0.0011978582
0.0012828491
0.0027668604
0.00012422678
0.0021638973
0.002139873
0.0015254673
0.002094347
0.0028627194
0.0015674196
0.0008033979
0.0008084148
0.0033674552
0.002527902
0.0014372631
0.0011525237
0.00031102874
0.0035342767
0.0021568667
0.0024077843
0.0013796826
0.002265726
0.0011835897
0.0021912286
0.0035120212
0.0007455665
0.0013156107
0.0029387607
0.0017534179
0.0029878106
0.0035511665
0.0016162704
0.00095800136
0.0022189452
0.0017129923
0.0025400436
0.0027248051
0.0017372395
0.001470405
0.0031482398
0.0017563909
0.0022330773
0.0015639788
0.0018512656
0.0022968596
0.0020223313
0.0009849017
0.0027921181
0.002737203
0.003460903
0.0012586892
0.0008564374
0.003200019
0.0017870677
0.0009669431
0.0024055515
0.0044620754
0.0029157999
0.0019172912
0.0030187243
0.002712038
0.0022477384
0.0032508294
0.0034494733
0.0027777131
0.0015148717
0.0027822843
0.0014766194
0.0016637216
0.0013747099
0.0014106261
0.0014590112
0.0010279616
0.0008876255
0.0014764558
0.00091570674
0.0050070505
0.0019099358
0.00068177434
0.0013874151
0.0029075285
0.0012178964
0.0009836387
0.0012567637
0.0034295304
0.0023679275
0.0019314382
0.002402863
0.0010024108
0.00073837553
0.0023904298
0.0012282983
0.0026323195
0.00210695
0.0028158615
0.0012142857
0.0009488083
0.0017219256
0.0013341764
0.00027212274
0.0005900126
0.0025811729
0.0006860091
0.00038431218
0.0023815932
0.0018575164
0.00078439934
0.0018943907
0.00059984106
0.0017875396
0.0016792197
0.00027546322
0.0020415823
0.001687995
0.0018790476
0.0013734081
0.00089738914
0.0010369996
0.0021297415
0.0021892677
0.0023089023
0.0011311963
0.0028765863
0.0015400215
0.0020484873
0.00086238224
0.0028365082
0.0017771806
0.0014789734
0.0014502914
0.0019462605
0.0026532481
0.0006784038
0.0009597775
0.0006257329
0.0009693445
0.00039116037
0.0019815965
0.0015430925
0.0020331857
0.0010074361
0.0012265992
0.00089865364
0.0013952401
0.00096701586
0.0011271818
0.001299026
0.0010012845
0.0023027963
0.0018828714
0.0026525506
0.002537984
0.0029501433
0.0024878492
0.0034094779
0.0015006057
0.0021463283
0.0022572784
0.0015914995
0.002843778
0.0017804255
0.0033041164
0.0009021008
0.0010647642
0.0011855757
0.0028376984
0.0017310854
0.0019121927
0.0013498747
0.0017560926
0.0009543146
0.0016423808
0.0008717675
0.001745172
0.003042844
0.0029590128
0.0017524583
0.0012497387
0.0018544202
0.0019583243
0.002039719
0.0007848213
0.0021942751
0.0016555095
0.004177658
0.0012691731
0.0025650803
0.002577472
0.0026433468
0.001145676
0.002250648
0.0032019278
0.0029090545
0.0031935778
0.0017121482
0.0021377562
0.0016628755
0.0013430457
0.005982244
0.00317163
0.0038263781
0.001745639
0.0023325947
0.0052923467
0.0025715611
0.0037194306
0.0039656037
0.004645461
0.0036912062
0.0019422821
0.0024455325
0.00257136
0.00403986
0.0015823562
0.0057046376
0.0043680263
0.0056293956
0.0049514766
0.0077495705
0.007787155
0.004950051
0.0070489403
0.0039081513
0.0053764805
0.0048968326
0.005324333
0.0072066793
0.0063469457
0.0068776645
0.0034150707
0.004032401
0.0033664457
0.005553656
0.006163238
0.0050106584
0.005918967
0.0048268377
0.003752637
0.0068143858
0.005113217
0.0050003906
0.0065258425
0.0038639593
0.0029398038
0.005265165
0.0053657647
0.0037922252
0.0045089615
0.0023623952
0.0024932143
0.002231226
0.0036865447
0.0034895542
0.006846566
0.0033968019
0.0035330711
0.004783592
0.0037982857
0.005196135
0.0037978904
0.005460518
0.005044382
0.002699053
0.0074772383
0.005662576
0.0063034156
0.007792035
0.0076476512
0.0031015994
0.00414287
0.004970555
0.00561837
0.004814236
0.00451828
0.005097436
0.004885824
0.002418854
0.0025188792
0.0040357322
0.0022936151
0.006131324
0.0028439555
0.004882008
0.0018564027
0.0039577466
0.002353546
0.002857578
0.004925128
0.003040346
0.0042196414
0.0044276896
0.0030518176
0.003272525
0.004633527
0.003924674
0.0014782421
0.003946547
0.0030871297
0.0030152695
0.005234019
0.0016631649
0.0013906634
0.0047558495
0.0020973987
0.0033295425
0.0021674943
0.0016239532
0.0017339856
0.0019533648
0.0017608976
0.0011405823
0.0018409856
0.0034437403
0.0016175169
0.003886746
0.0036125523
0.0024733893
0.0023657184
0.0012221888
0.0018456432
0.0035478955
0.0028499665
0.0018082389
0.0009848996
0.0013919313
0.0012539822
0.00070180633
0.0009438116
0.00074472866
0.00050109526
0.001076174
0.0013044601
0.001428244
0.0013326089
0.00094255107
0.002262501
0.0012744715
0.0022622736
0.002008759
0.0010642944
0.0007739864
0.0011662747
0.0012632724
0.0011087704
0.002401542
0.0025778033
0.0020117857
0.0016932269
0.0010621456
0.0016758258
0.0017932281
0.002273244
0.0016354927
0.0029555606
0.0038824233
0.002408544
0.0024337491
0.001921887
0.0023607286
0.0021837507
0.0026136315
0.0025325604
0.0012162322
0.0017038318
0.0017111113
0.0010670966
0.0013997211
0.0022283471
0.0017687547
0.0014629222
0.00063213706
0.0009787238
0.0010667001
0.0013616299
0.0020314255
0.002037012
0.00020334109
0.00032912847
0.00093315076
0.00041042612
0.0007919094
0.0004107412
0.00018665697
0.00058939325
0.0007411422
0.00083209586
0.0016541721
5.6775825e-05
0.00071174547
0.00014004657
0.0010145112
0.0010996825
0.00092366117
0.0019046529
0.00066256
0.0012064999
0.0003460158
0.0028622271
0.002611389
0.0007032226
0.0010812855
0.00016892776
0.0017233723
0.0015183495
0.0022519096
0.0014713166
0.00041959557
0.0013273718
0.0032325552
0.002541524
0.001437591
0.002691505
0.0020510447
0.0029033783
0.0017364233
0.0026495254
0.0027670134
0.0036716207
0.0027751685
0.001866736
0.004975566
0.0018452101
0.0015209465
0.0037425535
0.002011848
0.0018699709
0.0011293634
0.0018841461
0.0028203253
0.0012531895
0.00135752
0.0011693598
0.002167518
0.002043251
0.0013711716
0.0008577001
0.0010597999
0.0015126681
0.00064843486
0.0007107177
0.003592742
0.0007567651
0.0033478641
0.0017462355
0.0015402163
0.0018906083
0.0013381656
0.0019402681
0.001826317
0.0006639966
0.0009665076
0.0009572869
0.0015991428
0.0021767202
0.0012337029
0.0008636841
0.0005637678
0.0010350965
0.0011526814
0.0012413105
0.002443238
0.0017106854
0.0015624255
0.0016215949
0.0007398479
0.0023154542
0.0016569938
0.0022237594
0.0017293119
0.003078482
0.0026950762
0.0045797788
0.0031951698
0.0022605546
0.0020737615
0.0005623459
0.0021753013
0.0016278706
0.0023178968
0.0018158318
0.0019034329
0.0026031798
0.00192263
0.0027496864
0.0024844569
0.0022227785
0.0015968847
0.0033196353
0.0010462904
0.0014064776
0.0028854876
0.00075373636
0.002876873
0.0010995915
0.0032378107
0.002508046
0.0016592769
0.001074303
0.0028711047
0.00029065827
0.0029511189
0.0018659695
0.00085484877
0.00092528854
0.00074123876
0.0010716673
0.0028488422
0.0016979383
0.0009860811
0.0024609051
0.0014969723
0.0009355823
0.0012181376
0.0030219972
0.00030794815
0.0015624892
0.002838794
0.0030221655
0.0014275813
0.0006004499
0.001648414
0.0015560936
0.0015435703
0.0027601935
0.0036857189
0.0010706852
0.0011140347
0.0005794665
0.0023714763
0.0017768798
0.0011208501
0.001786419
0.0017461921
0.0017483978
0.0015660705
0.0007740128
0.001417095
0.0022959425
0.0033042536
0.0027397233
0.0029423784
0.0012016017
0.0008542406
0.0016670693
0.00058584614
0.0013360245
0.0040542497
0.0017014766
0.0037713412
0.003065029
0.002242958
0.002484885
0.0027475073
0.0018444443
0.0015149667
0.0016265523
0.0014199597
0.002850919
0.0019676124
0.0021323122
0.0020908723
0.0024034036
0.0046484796
0.0012787194
0.002111159
0.0020523597
0.0013557401
0.0023325342
0.0019236594
0.0018705076
0.0019988287
0.0015082426
0.0008399461
0.0012306233
0.0008990726
0.0012768594
0.00052471994
0.0014698827
0.0012453973
0.0024600606
0.0015862031
0.0016112006
0.0016034138
0.0008016068
0.0017706552
0.00060040614
0.0013650606
0.0016673757
0.0030211692
0.0016682881
0.0008275879
0.0004858619
0.0010615112
0.0010847528
0.0018117358
0.0020423483
0.0012162211
0.003360932
0.0015324346
0.00231919
0.0011939829
0.0012784464
0.0047308602
0.0028927869
0.0023371484
0.0023426977
0.0024949568
0.0034326382
0.0028943124
0.0034656418
0.002461205
0.002006496
0.0020205805
0.0027632152
0.0028742037
0.0031290797
0.00229494
0.0015432579
0.0022280002
0.0025757218
0.0015447432
0.0009689159
0.0029257913
0.0018348584
0.0009612979
0.0024908937
0.003930335
0.0021518103
0.003081586
0.0025141297
0.0013727081
0.0012898673
0.0028631827
0.0017770017
0.0015003037
0.0038089103
0.00095310307
0.0028474315
0.0026277183
0.0021875072
0.002943432
0.0027568424
0.004341479
0.004060222
0.0016795386
0.001839062
0.001702994
0.003098057
0.0006603983
0.0014358535
0.0014542569
0.002753472
0.0036636032
0.0026923376
0.0021021317
0.0035085517
0.0014189443
0.002529467
0.0042039882
0.0019055475
0.0020288914
0.001140881
0.0022073071
0.004442689
0.0014803375
0.0017874171
0.0009678245
0.0030740446
0.0030889418
0.0022754204
0.0021720575
0.0022971458
0.003943126
0.0030773613
0.001542443
0.0034972674
0.0018027714
0.0015868929
0.0028661878
0.0021533244
0.0018259964
0.0011305161
0.0016339457
0.0017446978
0.0022552288
0.0032268623
0.0010675909
0.0016893923
0.00046746456
0.0016571195
0.0033542267
0.00025666493
0.0012919374
0.0017261853
0.0014978593
0.0010270037
0.0013290661
0.0012409021
0.00023790852
0.0015632379
0.0010935542
0.0018886339
0.00088124594
0.001695173
0.0018982519
0.0024464417
0.0010782693
0.001427422
0.001171577
0.0014669767
0.0012313317
0.0015059325
0.0018200793
0.0017278759
0.0018854304
0.0026969248
0.002044087
0.001015981
0.0034786125
0.0007481419
0.0008625183
0.0018411493
0.0019309907
0.0013239876
0.0010794818
0.0022152597
0.0012817634
0.00034043536
0.0011138682
0.0005843796
0.00056037545
0.0002885316
0.0031365973
0.0013543784
0.00016058811
0.00097088097
3.7166028e-05
0.0010388707
0.00032325572
0.0006558602
0.0019859902
0.0015690526
0.0013860296
0.00037720427
0.0004608105
0.0012923899
0.0025277857
0.0015706797
0.0013894798
0.0018851405
0.0014550112
0.0028757288
0.0013534045
0.0030420807
0.0013054236
0.0011207764
0.0018598775
0.0024312579
0.0013641204
0.0018219487
0.003590395
0.0008993377
0.0021148226
0.001027751
0.001938466
0.0017606816
0.0011992193
0.001812249
0.0008848362
0.0011572395
0.002502486
0.0017115347
0.0012422876
0.0022484902
0.0028079115
0.0008221562
0.0018016598
0.0009472313
0.0024821137
0.0018409234
0.001544246
0.0016985628
0.00268807
0.0030932864
0.0029639364
0.003908603
0.0054828
0.0045709885
0.0057507684
0.0034526566
0.001651811
0.0029228209
0.0017189493
0.0015038793
0.0059604254
0.0049933083
0.0029595743
0.0024411073
0.0022838928
0.0037587935
0.001217421
0.0008195613
0.00022482283
0.0031461746
0.002694067
0.0037378857
0.0012494578
0.0013913637
0.0037301823
0.0010568409
0.0022307753
0.005641391
0.0031638118
0.0039390195
0.004908465
0.0024212769
0.0028469618
0.0017174502
0.001458065
0.003219172
0.002621385
0.0013455908
0.0013658718
0.00394643
0.003207389
0.0024399506
0.0053205034
0.0038198868
0.0026559257
0.0028555146
0.0024643124
0.0013434285
0.0032502234
0.0027768072
0.0013956121
0.0019785003
0.0018950051
0.0015468482
0.00085253036
0.0011518046
0.0024710556
0.0007914803
0.0017012495
0.000887559
0.0012538315
0.0018054629
0.0021881147
0.0021376875
0.0022475976
0.0019126849
0.00084646535
0.0029946547
0.0020991755
0.0024048476
0.0021388724
0.0010258759
0.0018314077
0.0018035651
0.0033029378
0.0023469392
0.0034670974
0.0015686661
0.0043472704
0.0047583915
0.002865037
0.0043417416
0.0030597134
0.0036950915
0.0031146787
0.0073382114
0.003965529
0.005820078
0.0051534027
0.0062428843
0.007091622
0.0068487143
0.0060931607
0.0089781415
0.005735427
0.0065374947
0.004078703
0.0024622988
0.0023529415
0.002687277
0.0050968425
0.0033534928
0.0019210775
0.002575168
0.0016780487
0.0005645316
0.0010512723
0.0031448428
0.0015687621
0.001810428
0.0027845902
0.0015745293
0.0009989768
0.00039972528
0.0006352185
0.0012508964
0.0020264091
0.0008216845
0.00046832638
0.0019148306
0.0018948293
0.0021393127
0.0017776029
0.0020922432
0.0014572652
0.0011191273
0.0011720533
0.0015423403
0.0016013125
0.00095204706
0.0016744761
0.0007576029
0.001779454
0.0008065678
0.0005271741
0.0007030666
0.002081707
0.001445735
0.0020149525
0.0017100936
0.0012809036
0.00063987146
0.0014452932
0.00035997859
0.00046489615
0.00054974284
0.0021091325
0.002183382
0.0014265238
0.0015367273
0.0017761814
0.0023454074
0.023423558
0.020426333
0.002529371
0.001921976
0.00233876
0.004361013
0.003110971
0.0020334325
0.0042180037
0.0019927435
0.0017588326
0.0013580769
0.001363131
0.0020996227
0.0022355628
0.0035357014
0.0024829495
0.004220886
0.00265831
0.0004680347
0.0011591039
0.0025132964
0.0012927885
0.00094421976
0.001127006
0.0016805828
0.0014552041
0.0018805759
0.001753091
0.0015557419
0.0022964734
0.0026024033
0.002305667
0.0024798973
0.0028937634
0.0028571917
0.004214575
0.0045853844
0.0016650686
0.0021118748
0.0013216579
0.0008301233
0.0016982252
0.00062333996
0.0006476093
0.0011933673
0.0018333779
0.0012594158
0.0010879427
0.0008385725
0.0026621483
0.002541094
0.0009970058
0.0009032552
0.0018294062
0.0021785458
0.0014768266
0.0022804635
0.0016700405
0.0013368765
0.0011588582
0.0015288717
0.0011174778
0.0008733716
0.002159812
0.0017044158
0.0017129554
0.001484233
0.0018596847
0.0013371512
0.0013666513
0.0022150413
0.003033176
0.001522114
0.0005203779
0.0012074325
0.0035687513
0.0008638323
0.00087076705
0.0018373595
0.0024699052
0.0016230888
0.0014127484
0.0016823933
0.0010816039
0.0017292504
0.0029621192
0.0038862757
0.0028328723
0.0032543468
0.0036756832
0.0027188628
0.0041179326
0.00262464
0.0023407831
0.0030444886
0.0028242127
0.0016253665
0.0024584965
0.005750283
0.0019361556
0.0025870497
0.002878893
0.0035373336
0.0035268436
0.0016993717
0.0024887072
0.0038054937
0.0039735246
0.0027820833
0.002400713
0.0023411938
0.0025165633
0.0033397968
0.0034119955
0.004459504
0.0014553675
0.002257805
0.0018005918
0.0026034042
0.002496585
0.002404607
0.0026202395
0.0027857567
0.002714236
0.0024293733
0.0027129992
0.0031125317
0.0037090124
0.0026607236
0.0035953727
0.004332285
0.0034020327
0.0040518353
0.003735945
0.004148605
0.003889837
0.002829754
0.003941844
0.0031278012
0.0030798938
0.0042635216
0.0074775512
0.0075210957
0.005345211
0.0037175692
0.0020501951
0.0036370058
0.003620614
0.002926291
0.0028072475
0.0030435864
0.0011700372
0.002949861
0.004948446
0.002886311
0.001590037
0.0029994522
0.001671496
0.0016192051
0.003227421
0.004080435
0.0024498964
0.0020839048
0.0030365381
0.0029070396
0.0033122506
0.0022649427
0.0035384507
0.004050409
0.004160979
0.0015178907
0.0020481916
0.0026087218
0.002337226
0.0019480237
0.0026456583
0.0012274872
0.0033496302
0.003174452
0.0035893351
0.0021812406
0.0011615832
0.0011831527
0.0015441894
0.0014971939
0.000844116
0.0014948975
0.000583303
0.00061374536
0.00071562675
0.0017239262
0.0011328188
0.000535023
0.0014809428
0.00079485297
0.0007079768
0.0018253413
0.00012305948
0.00047703722
0.00094659417
0.0032218946
0.0022129263
0.00064833305
0.0019433321
0.0008554867
0.0011913388
0.0014012174
0.00032207964
0.0003276716
0.0007444199
0.0014331094
0.0014491053
0.0029065495
0.001730092
0.004132658
0.002092971
0.0006224354
0.0013951247
0.0013550483
0.00079519424
0.0008600586
0.00037710817
0.00076063554
0.001351707
0.00076202635
0.0016154408
0.0006311318
0.0018809075
0.00085240323
0.001883164
0.00030581013
0.0012736568
0.0029169156
0.0010375298
0.0038765704
0.0012935787
0.00070836284
0.002084269
0.002922381
0.0021454615
0.0008009829
0.0005889079
0.0009484356
0.0010705737
0.001376278
0.0011460143
0.0007726164
0.0009941965
0.00069128955
0.002504936
0.0010208763
0.0013390363
0.002093952
0.0006057956
0.0013107057
0.00031103718
0.0018859846
0.001904926
0.002671431
0.0010490508
0.0012133358
0.0012337874
0.0021276432
0.0022179333
0.0033989556
0.0010980578
0.0027685731
0.0012717565
0.0010290557
0.0014682316
0.003087457
0.0030531907
0.002555535
0.0009845938
0.004061895
0.003073523
0.0014453466
0.001739537
0.002243688
0.0007697742
0.0020383317
0.0016225004
0.0006503458
0.0021949222
0.0016512693
0.0013983662
0.0023932233
0.0022585772
0.0022293075
0.0022119002
0.0018683514
0.0020109038
0.0012298211
0.0023391058
0.0015241967
0.0014463139
0.001554104
0.0005462507
0.0025182154
0.0011144287
0.0014615704
0.0006068294
0.0006990091
0.00036354695
0.00089336967
0.0004725355
0.00093380886
0.0005241319
0.0019396741
0.0025175652
0.0011768956
0.0018621334
0.002352586
0.0024817316
0.0017821355
0.0038714425
0.0017520925
0.0018995295
0.002160724
0.0018596891
0.0012002952
0.0021543417
0.0024372383
0.0024327768
0.0015995415
0.0009608733
0.0016152019
0.00128656
0.0013723016
0.00079158647
0.0013507936
0.87359977
0.84457004
0.97383565
0.86403996
0.90664774
0.86851597
1.0
0.9251014
0.026644057
0.02589445
0.02625287
0.028357903
0.025117911
0.02571926
0.02032242
0.015130777
0.017037353
0.008568857
0.011650416
0.012382253
0.0098983515
0.013487773
0.010779505
0.012733207
0.015794974
0.010581133
0.010475079
0.017231457
0.01474773
0.011897169
0.009944983
0.014981954
0.015129608
0.0076006847
0.010499482
0.012910954
0.008648584
0.001969297
0.004095032
0.0031740563
0.0037428406
0.0028643713
0.0036441847
0.0030626555
0.0015467322
0.003095027
0.0025409886
0.0024219041
0.0019152865
0.00088173116
0.00055564754
0.0023350124
0.0013196891
0.001973539
0.0017237868
0.003804398
0.0024513055
0.0046705115
0.005833488
0.0027970907
0.0052086883
0.0039697243
0.0025866271
0.0027531628
0.0029499552
0.0018837422
0.0016430963
0.0038499997
0.002950836
0.0011803522
0.0020065578
0.0006698892
0.0010315105
0.00091039867
0.0018076247
0.0016366963
0.0023039288
0.0018927006
0.0034545087
0.0016404771
0.0010400867
0.0021377155
0.000884451
0.0025687842
0.0022915367
0.0010224261
0.0010145238
0.0030981044
0.002564425
0.0014079374
0.0015196694
0.0024573351
0.0014549432
0.0022489445
0.0026533154
0.0014863242
0.0014379893
0.0016984364
0.00185227
0.00064843695
0.0027792011
0.000807047
0.0016456606
0.0015275136
0.0011777097
0.0014409473
0.001575658
0.000701275
0.0009761037
0.0006290189
0.0011663095
0.00050654646
0.00022746903
0.0012823227
0.0009083074
0.0043692226
0.0006115692
0.001502809
0.00082247413
0.00091441825
0.0009389013
0.0022981253
0.0026425035
0.0009048602
0.0011692464
0.0011448901
0.00045963103
0.0018808662
0.0014857138
0.0013114596
0.0012211287
0.0026240565
0.003378712
0.0016786194
0.0025976927
0.0036675942
0.0013297707
0.0017406736
0.0016616869
0.0023678753
0.0020934357
0.0025155668
0.0020508498
0.0020486806
0.0028849177
0.0021404328
0.00071766943
0.0040833633
0.002531482
0.0006318874
0.0032559729
0.0047567654
0.0032622544
0.0019204512
0.003575253
0.0025917622
0.003449831
0.001962083
0.003015966
0.0011865284
0.0030971062
0.0018959921
0.0016518964
0.0012813404
0.001277562
0.0035742293
0.0035671128
0.000564571
0.002859595
0.0032552301
0.0011693304
0.001641389
0.0014788496
0.0017299397
0.0018738178
0.002373443
0.0026475063
0.0026149298
0.003104734
0.0040101553
0.0044433656
0.004437482
0.0023874715
0.0034677186
0.038686376
0.023979101
0.026151603
0.02615826
0.033352293
0.013614469
0.024913995
0.022742078
0.004045352
0.0030602014
0.0020988262
0.003059414
0.0043443674
0.0017343346
0.0022529897
0.0014928203
0.0010475554
0.0028286923
0.0031593933
0.002237044
0.003067643
0.0012556942
0.0029236178
0.0024893698
0.002168864
0.0056616906
0.0037721687
0.0020320218
0.0055663353
0.0027742214
0.0025699988
0.0013331006
0.0016557487
0.0019513585
0.0031192487
0.0029504988
0.0020231823
0.00411936
0.0021482348
0.0059473673
0.0029863568
0.0030070068
0.003626536
0.005867427
0.0037388618
0.0030219203
0.005027036
0.0066294023
0.003089
0.0010782618
0.0009595044
0.0016307337
0.002616656
0.0032330356
0.0031619917
0.0010319139
0.0003402235
0.0005092853
0.002195454
0.004176334
0.0014219981
0.0023621656
0.0038345263
0.0026626363
0.0015291645
0.0033379379
0.003091179
0.002483467
0.00150096
0.0019882694
0.0017248909
0.00079534535
0.0013959445
0.0006736487
0.0006162718
0.0012325859
0.0009103677
0.002897253
0.0006721852
0.0006573675
0.0011455728
0.0014771562
0.0016365129
0.00046265585
0.001012962
0.0009600286
0.0009247514
0.0012686687
0.0002903528
0.00071102753
0.0001638024
0.00040424865
0.0015920306
0.00047688506
0.002073248
0.001119147
0.00046991353
0.0026430301
0.0025622717
0.00089265313
0.0028876923
0.001329963
0.0011318381
0.0030881758
0.0021835398
0.001041986
0.0014099745
0.00015454234
0.001058955
0.00044519443
0.0008813436
0.00045857712
0.001053623
0.0015791041
0.00038940192
0.0018077844
0.0017164705
0.0019368257
0.0012211212
0.00042534003
0.00027636322
0.0011515195
0.00143231
0.0008446238
0.0024914306
0.0007374225
0.00082476565
0.0003536173
0.0004818195
0.002362645
0.0002589111
0.0010095879
0.0016954417
0.00224057
0.00065954286
0.0015982975
0.0013282557
0.0010057538
0.0015635116
0.0015096703
0.0024055936
0.002689259
0.0026846328
0.0034354897
0.0036866653
0.0021539805
0.0021812103
0.0020297228
0.002955584
0.0033740166
0.0018697593
0.0022575993
0.0014703131
0.0025218204
0.0020357813
0.0048987293
0.0048259995
0.0036007185
0.0024674847
0.0031486913
0.002498062
0.003542102
0.0017384118
0.0019121373
0.0020840366
0.0038871493
0.0021166771
0.0028094943
0.0047341045
0.00074199
0.0012586819
0.001126282
0.0022945385
0.0012415773
0.0030529955
0.00092227594
0.0015913519
0.0029021988
0.0018113323
0.0014031881
0.002622337
0.0014207831
0.0019014399
0.0023324213
0.0030128935
0.0009011673
0.0010852657
0.0023877234
0.0031641466
0.00170332
0.0054927683
0.0014921679
0.004416176
0.0019304303
0.0017066955
0.002630762
0.0034658876
0.0014077236
0.0017736657
0.0013337011
0.0015876436
0.00069056184
0.0010223268
0.0008694829
0.0008533258
0.0023218913
0.0024624052
0.0031288713
0.0021733325
0.0020195928
0.0017326243
0.0027586734
0.0022981595
0.0027372893
0.0009704835
0.0021959245
0.0030157936
0.0062891506
0.0023480258
0.0016779786
0.0039658714
0.0018238479
0.002607853
0.003466904
0.003596148
0.002026407
0.0035098183
0.0031921442
0.0035149674
0.006637135
0.0027462926
0.0037140797
0.0041564195
0.0025643485
0.00081432704
0.0012075002
0.0013851426
0.0024353634
0.0017306013
0.003413982
0.0012780156
0.0013875772
0.003822631
0.0023262154
0.0024199036
0.002140237
0.0016279714
0.0016760255
0.0010899878
0.003484036
0.002252728
0.0018898037
0.0008400751
0.0018230684
0.0016960953
0.0015641055
0.0021986489
0.00053513097
0.00043817348
0.0030006547
0.002654022
0.0025000046
0.00110607
0.0018053746
0.0009282533
0.00040772092
0.0021987252
0.0008852151
0.0010148347
0.00063116837
0.0017147547
0.0032160862
0.002276848
0.0020370244
0.0005992851
0.001384842
0.0009928152
0.001170797
0.0018211652
0.0038351535
0.0046956404
0.002027213
0.0057243565
0.0023796363
0.002270546
0.0038189732
0.005097683
0.004830449
0.0029207675
0.0044995546
0.00195825
0.0022382864
0.0011536867
0.0021566076
0.0009457582
0.0016483509
0.0017100367
0.0011660719
0.0031326485
0.0016408963
0.0012443493
0.0024081406
0.0024406556
0.0018029728
0.0034568168
0.0028416447
0.0043165693
0.004333224
0.002186123
0.0027519453
0.0016019727
0.0011042738
0.001632527
0.0017563907
0.0010708612
0.0031798882
0.0011441875
0.0014414239
0.002032889
0.0027563716
0.0041356822
0.0019453927
0.0014056105
0.0019280217
0.0028158033
0.002166008
0.0014807632
0.0024397534
0.0011568284
0.0014578874
0.0014580769
0.0029174632
0.0017533894
0.0014622946
0.0025623166
0.0036271166
0.0022192905
0.0020856205
0.002104426
0.003743314
0.002870016
0.002229489
0.003284672
0.0022075865
0.001484999
0.0015238816
0.0025835363
0.0012398175
0.0023626944
0.002117697
0.0016267757
0.0031459245
0.00218257
0.0010323196
0.002142857
0.0015920498
0.0018674051
0.0032599291
0.003384953
0.00332537
0.004299789
0.0019101002
0.001326254
0.002187344
0.0020611293
0.0044929422
0.0019558964
0.0015986208
0.0046910453
0.002327825
0.002345618
0.0015895603
0.0016991243
0.0011543223
0.0032193486
0.0013737951
0.0022410934
0.00198071
0.0019787832
0.0007637775
0.0016564113
0.0028607254
0.0017344567
0.0028291973
0.0012046763
0.001748631
0.0042202626
0.0019398537
0.003747333
0.0034362993
0.0025331776
0.0036153586
0.0025335827
0.0025690505
0.004556947
0.0041812826
0.0016852649
0.001550058
0.0048268284
0.00495486
0.0024421718
0.0053228387
0.003239646
0.0016908459
0.0028181816
0.0023570333
0.0031829085
0.0048414925
0.007839586
0.006958807
0.0041760015
0.0019393521
0.0024183807
0.0022295548
0.0028638386
0.0025316589
0.004092674
0.0020619761
0.0038525325
0.0037546803
0.003858025
0.003940925
0.0015791564
0.0032930411
0.00447131
0.0020999163
0.0060277022
0.0016714408
0.0027834077
0.002249816
0.0040855776
0.0034729189
0.0010124788
0.002500305
0.0015528341
0.0031316718
0.0036705171
0.0023707787
0.0019105442
0.003104907
0.0004465541
0.0025720173
0.0013935338
0.003344646
0.0016835935
0.0025497454
0.0019517378
0.0009536324
0.0011842102
0.0023125748
0.0016469245
0.0015558301
0.0005964616
0.0028713015
0.002527243
0.0005345377
0.001488465
0.0014671695
0.001925583
0.0018477819
0.0004956604
0.0019050974
0.0017807822
0.0010814662
0.000981238
0.0013245536
0.0011457597
0.0019206156
0.0018985586
0.0022745705
0.002805402
0.0024055971
0.001074637
0.0010435574
0.0015434612
0.0016908334
0.0017267639
0.0013012371
0.00078396645
0.001140007
0.00085456355
0.0026185866
0.0021092999
0.0018935313
0.0012714635
0.0015450564
0.001362332
0.0025690726
0.0020068618
0.0022074534
0.0030703547
0.0020688656
0.004098682
0.0013831997
0.002403872
0.0023318909
0.0028549386
0.003484209
0.0022267224
0.0015642486
0.0022931343
0.0010447256
0.0027071738
0.00234905
0.00318191
0.0043513956
0.0014277347
0.002913911
0.0038255102
0.0031169779
0.0036960363
0.00497611
0.004325606
0.0057858983
0.0034858303
0.008014964
0.0045859455
0.0064340234
0.00434824
0.005090468
0.0029315387
0.0022040424
0.003022218
0.0019550165
0.0021570614
0.0036539745
0.0025421043
0.0026942242
0.002883956
0.0014721907
0.0025555606
0.003711485
0.0034948306
0.008167581
0.002201139
0.002649549
0.0022098871
0.0017450729
0.0034007546
0.0037244465
0.00417209
0.0041754027
0.003683264
0.002891937
0.002388548
0.001338919
0.0030579614
0.0017362402
0.001691496
0.002043836
0.00083708076
0.0033415318
0.005526309
0.0021820487
0.0039592306
0.0028743786
0.002749408
0.0029463263
0.0018671467
0.0044913297
0.0059118522
0.002765959
0.0031417122
0.002282746
0.0044696624
0.00037670112
0.0021623496
0.0010521389
0.0033505124
0.002155756
0.0022632836
0.0024759797
0.0019160814
0.0023179692
0.0013085463
0.0031706558
0.0008906701
0.000464414
0.0039874716
0.0014515439
0.00228719
0.0017478447
0.0027842717
0.00057384075
0.0012678554
0.0026061367
0.0002764979
0.0018448476
0.0020416402
0.0021181437
0.0014194644
0.001268298
0.001698222
0.0011881937
0.002392328
0.0015887313
0.0023466533
0.002116597
0.0015205598
0.0036516727
0.0015547664
0.0012666308
0.00091284816
0.0023463657
0.0024069839
0.001749727
0.0013966836
0.003007772
0.0012931852
0.002054199
0.0023233476
0.0024226895
0.0015958179
0.002946912
0.0029375032
0.0029104608
0.0032950246
0.0034677966
0.0018975222
0.0025158639
0.0019586596
0.0013563171
0.0014034684
0.0013390242
0.00092578074
0.0024574923
0.0018868733
0.0007635116
0.0013542133
0.0014357808
0.0011541534
0.0006009349
0.0024418526
0.002131723
0.0014315911
0.0005297233
0.0009247302
0.001042888
0.0010783518
0.000845841
0.0030199136
0.0012517148
0.0019741342
0.0011551027
0.0020110467
0.0011679733
0.0013334973
0.001206062
0.0015114538
0.0013212005
0.0021238124
0.00063187827
0.002238488
0.002377332
0.0024683774
0.0016851526
0.0011098465
0.001785243
0.001553976
0.0017320717
0.0029137055
0.0023192004
0.0029474625
0.0023966613
0.0032833964
0.0012523879
0.0024334737
0.004270307
0.0031494075
0.002110006
0.0015065254
0.0022129307
0.0024841032
0.0020846196
0.0028244238
0.0020579665
0.00233532
0.0013629752
0.0011175717
0.023668002
0.01977499
0.017232947
0.02071137
0.014679805
0.015462312
0.020552138
0.003842877
0.0040280716
0.0047785183
0.0028977152
0.0023261453
0.0022481126
0.0034192698
0.0021420158
0.0026161065
0.0026203287
0.0035850166
0.007132332
0.0043680314
0.0040604877
0.0027953223
0.0052447794
0.003938955
0.004917721
0.004649179
0.0037885413
0.0026736208
0.0020328974
0.0010293142
0.0015673772
0.0008603658
0.0019353314
0.00033509935
0.0044956934
0.0028588164
0.0019850777
0.0023306748
0.0021910418
0.0024198769
0.0009581656
0.0014535462
0.002642688
0.0022189484
0.0017348508
0.0024014874
0.0017522173
0.0020695922
0.00077937543
0.0032386726
0.0026838493
0.00352501
0.003791752
0.0028640775
0.0013603739
0.0019367186
0.00382943
0.004340462
0.005751814
0.0040780427
0.0023623486
0.0020292287
0.0019899337
0.0027721163
0.0026342238
0.0043280195
0.0047521316
0.0036681043
0.0022691346
0.0030972804
0.0042891917
0.0059661884
0.0049430965
0.004359678
0.0063476763
0.006216624
0.0074417135
0.006209504
0.0035782033
0.0037908752
0.00554355
0.0041544633
0.004710053
0.0034654029
0.0022768895
0.0037842917
0.0015029095
0.0027363999
0.002783683
0.002612105
0.0035275663
0.0039362554
0.0036002323
0.003572411
0.0020856243
0.00495795
0.0064275838
0.0030246298
0.0048226775
0.0074203243
0.0057250108
0.005257118
0.0051137325
0.0034829609
0.005319059
0.006311916
0.0043514394
0.0014853063
0.0041050063
0.0022840467
0.0021585603
0.0035972283
0.0021235088
0.002932866
0.0035028036
0.0031849053
0.0020700982
0.003653007
0.0016560808
0.0029639879
0.0023605537
0.0028014262
0.0032294085
0.0023977028
0.0018110832
0.0021999795
0.0023845446
0.0021790517
0.0039523114
0.0035008127
0.0030436723
0.0030036904
0.004232231
0.0037045996
0.0036741092
0.005157197
0.0042049224
0.0068499325
0.0066041504
0.0035414791
0.0024011033
0.0035335585
0.0046653547
0.002299494
0.00067184505
0.0024257083
0.0028600984
0.0038167394
0.0020128547
0.0017997092
0.002159257
0.0010696037
0.0027700332
0.038246393
0.04411122
0.032207467
0.037159387
0.034390666
0.04742981
0.046334058
0.04848827
0.059461955
0.05561937
0.0041002487
0.004327377
0.0075095873
0.004822481
0.0048142285
0.00521308
0.002048095
0.0014802159
0.001219837
0.002530202
0.00210012
0.0007279616
0.004035895
0.0010361989
0.0031102581
0.0012064497
0.0011112439
0.0016166994
0.004426159
0.0015632554
0.0019134895
0.0012533134
0.0014601116
0.0013747852
0.0032899994
0.0019637968
0.0042451383
0.002668711
0.0031529067
0.0011178369
0.0011791849
0.0013686914
0.0032255196
0.002220236
0.0014260293
0.0010193589
0.001307293
0.0016332451
0.0003193855
0.0011082416
0.0012567422
0.0017698433
0.0002819792
0.00076850137
0.0024656437
0.00022415088
0.0009153817
0.001585629
0.0012245732
0.0025596777
0.0023115585
0.0027528366
0.0021918458
0.0014401529
0.0021528348
0.0013020545
0.0008024964
0.0017895697
0.0010493868
0.0014631421
0.0016527215
0.0021090882
0.0013996527
0.0011184779
0.001129396
0.0034000657
0.002953302
0.002067511
0.00084649934
0.0017429142
0.00018973376
0.0016472086
0.0009586951
0.0009734646
0.0005941543
0.0014093636
0.0012004217
0.0013607579
0.0013438911
0.0008016417
0.0011214104
0.0017337425
0.00046163943
0.0016516105
0.0016262507
0.00065203983
0.0011435505
0.002066088
0.0025530618
0.003182948
0.0023797315
0.0020899978
0.0016474118
0.0016396516
0.0015228556
0.0011701816
0.0009836045
0.0018407907
0.0012913723
0.0009511773
0.002153258
0.0029965753
0.0029328563
0.00092151517
0.0022427228
0.0008697639
0.001005462
0.0007212107
0.0026766292
0.00093212654
0.002076796
0.0018197156
0.0007103951
0.001797183
0.0017545307
0.0035822236
0.0013498538
0.0015467088
0.002480849
0.0011706577
0.0031676006
0.0013898497
0.00075092557
0.0015383778
0.0011294424
0.0023099873
0.0020415264
0.0038897742
0.0022962745
0.0019556321
0.003448297
0.0016913174
0.0013910312
0.0007028205
0.0010465408
0.0012772586
0.0028609592
0.0007572789
0.0009697288
0.001607155
0.0013723506
0.0016445662
0.0006396354
0.00032988482
0.0009841933
0.0009825311
0.0014031739
0.0013477404
0.001358967
0.0018841242
0.0005808382
0.0015457364
0.0016591692
0.0020692516
0.0015502734
0.0009784014
0.0022619688
0.0021312563
0.002190693
0.00077194127
0.0021022344
0.0015320047
0.0014197385
0.0018484334
0.0010460966
0.0012141012
0.0013499397
0.0032242148
0.001625324
0.0021087383
0.0012481675
0.001894082
0.0034562657
0.0018692529
0.0024516867
0.0023436602
0.0009308376
0.0012045
0.00092118187
0.0015742086
0.0021614665
0.0025628428
0.004087578
0.00240557
0.001592024
0.00365374
0.002339893
0.002278747
0.0037714278
0.0018660305
0.0008006311
0.00242059
0.0016705676
0.0019688285
0.0017973247
0.0029042747
0.0010564673
0.001718414
0.0011257564
0.0013564028
0.000598923
0.0019189897
0.0016003224
0.0016224198
0.0011101966
0.00052711135
0.0027760444
0.0008707596
0.0021870546
0.0015799002
0.0010895254
0.0003922662
0.0016279223
0.0007994824
0.0018554803
0.0011137391
0.0016877251
0.0013324284
0.0034018531
0.0015842146
0.0009103047
0.0010048976
0.0006483876
0.0008836092
0.0029481153
0.0023250382
0.0008268696
0.0018783838
0.001408472
0.00088847347
0.001397294
0.00092947145
0.002159044
0.002591304
0.0024616676
0.00072706793
0.00094745413
0.0019980536
0.00053016684
0.0015180077
0.0017798825
0.0026018096
0.001033264
0.0014089628
0.0020014166
0.00094767835
0.00041264325
0.0014700158
0.0010075045
0.0023129333
0.00086945156
0.0023216505
0.0035858138
0.0031668295
0.0029310675
0.0020568748
0.0035433513
0.0031915943
0.0037400054
0.00268867
0.0037146367
0.002902113
0.0011364268
0.0023516319
0.0030214852
0.0015617195
0.0020386765
0.0017062963
0.002492598
0.0022923113
0.0018767477
0.0012943337
0.0010664004
0.0044784253
0.00221971
0.0024003228
0.006028388
0.0015026277
0.003508226
0.0011452002
0.00170075
0.0011731269
0.0012493908
0.000944167
0.0009038118
0.0029965895
0.0014558345
0.00073600694
0.0019055924
0.0004495395
0.00025954598
0.0005033284
0.002049432
0.00026967807
0.0015758671
0.0008638165
0.0009928944
0.0009472382
0.0005689669
0.0014360204
0.0015820134
0.0015472719
0.0023073289
0.0023813269
0.0018434566
0.002919466
0.0031485518
0.0013365103
0.00145104
0.001452592
0.0019709568
0.001052837
0.0021865605
0.0020066157
0.0021290246
0.0012701533
0.00274625
0.0018673409
0.0016382026
0.0025726696
0.0007120282
0.0014143733
0.0019853644
0.0019527648
0.00058242667
0.0018453847
0.0010167779
0.0021102212
0.0012765115
0.0015176901
0.0015030798
0.002637084
0.002770261
0.0028131783
0.0019430849
0.0039394014
0.0032532047
0.0034450637
0.0022321548
0.0014007711
0.0022874114
0.001841658
0.001538458
0.0019069617
0.002151489
0.0013406867
0.0012100231
0.0016235018
0.0038466675
0.0030150039
0.0029874537
0.0023502635
0.0025350593
0.0048600067
0.0018557096
0.0034904892
0.0015756034
0.0011184537
0.0029255939
0.0030428548
0.0013366558
0.001012923
0.0035481518
0.0032340623
0.0010498093
0.0028691206
0.0005829263
0.0011780413
0.0012872622
0.0031215637
0.003948488
0.0037337914
0.0019377272
0.0026162968
0.0016282591
0.0016143702
0.011151587
0.004644739
0.0040945457
0.0035065648
0.0013043407
0.002047564
0.0040964084
0.0030520956
0.000798686
0.0023566491
0.001295577
0.0018609769
0.0035438698
0.0021894705
0.0039364886
0.00404334
0.0026683575
0.0033795703
0.0009878876
0.0021835126
0.0016190204
0.0021236865
0.0021300432
0.00078784226
0.0006318896
0.001184573
0.0018297429
0.002224921
0.0022957772
0.0010452018
0.0025431765
0.0017882946
0.0010529796
0.0021396417
0.0020230047
0.001998725
0.001987985
0.0038667007
0.0011828705
0.001340846
0.0017051132
0.0016094196
0.0018780376
0.0019277567
0.0017077633
0.0016608331
0.0036893643
0.0035478543
0.000774554
0.0017620744
0.0005656401
0.0013219791
0.0019050571
0.0015842806
0.000939211
0.0011921134
0.0014003883
0.0007438713
0.0006044351
0.00015550955
0.00080063054
0.0016270764
0.0013495999
0.08421277
0.07207663
0.066213496
0.06402249
0.002558708
0.0014038176
0.0006058639
0.0010448548
0.00074479496
0.0011919282
0.0015243592
0.0010110983
0.0018445405
0.0014876752
0.0018994636
0.0023947859
0.0014379354
0.0031013375
0.0026532572
0.0045236805
0.0017260974
0.0011887986
0.0018783687
0.0018479195
0.0030590033
0.001781825
0.0023097615
0.0023707524
0.00179581
0.0018083218
0.0011134603
0.0012757634
0.0011936915
0.0013255718
0.0006663431
0.0008212306
0.0018984647
0.0015333038
0.00086212833
0.00047127018
0.00022015836
0.0010333135
0.0011877293
0.0017904695
0.0009146901
0.0022918903
0.000959964
0.0013152775
0.0014108188
0.0015317141
0.0019444046
0.0014100568
0.00237714
0.0014857508
0.0019469413
0.0019152274
0.0013218967
0.0029792236
0.0012202972
0.0009188163
0.001214758
0.0024145246
0.0015445052
0.001747805
0.0018972184
0.0005141872
0.001974504
0.0010221697
0.0012061218
0.0012421361
0.0015543035
0.0013763348
0.004151071
0.002356181
0.00087091513
0.0015309866
0.0034927593
0.003382133
0.004460285
0.0036819414
0.00615388
0.0019866845
0.0015732585
0.0023583674
0.0019811545
0.0013744712
0.0021113346
0.0064799967
0.0007200071
0.0041629877
0.0047030263
0.0016508534
0.002364505
0.0016589053
0.00079981214
0.000772667
0.0037456912
0.00096170104
0.0044230055
0.0019450265
0.0005180739
0.0037984548
0.0018075323
0.0015217115
0.0022783647
0.0027888068
0.0010783914
0.0017361769
0.0020904923
0.0017530296
0.0029129796
0.003937351
0.0027764149
0.004628646
0.0046691224
0.0026822626
0.003547797
0.00327092
0.0043187654
0.004720406
0.0031044995
0.0029181642
0.003962467
0.0026099524
0.0043957625
0.005127927
0.0051487037
0.0056990576
0.0056475988
0.006149338
0.0048514074
0.003955559
0.0118487375
0.0063710324
0.003948173
0.0038090136
0.0071826996
0.004517002
0.008451352
0.0038184638
0.006645298
0.005727779
0.006676363
0.008314346
0.008892707
0.005707831
0.0035932339
0.007151924
0.00999103
0.007679183
0.0057669873
0.0054188543
0.004651049
0.006224531
0.006312571
0.0046486743
0.005369854
0.004578633
0.0059380997
0.006124656
0.003131153
0.006095403
0.0056305015
0.0047860863
0.003476632
0.008167489
0.0051064487
0.0052930736
0.008766469
0.008195664
0.004103824
0.0042137504
0.004454463
0.0034870598
0.0045819744
0.0029800418
0.003574351
0.0029393751
0.0015790513
0.0030069465
0.0017983115
0.0015760962
0.0015389979
0.0015216218
0.0009844891
0.00073850923
0.0026219625
0.0012488402
0.0011181606
0.0036448857
0.0019746302
0.0017943161
0.0007121288
0.00041913358
0.0009904514
0.0012871559
0.0016767477
0.0011313044
0.0014123921
0.0005596423
0.0008690504
0.0025591701
0.0007111745
0.0016072027
0.0014411663
0.0014369136
0.0011182769
0.0016591613
0.0011530909
0.0019266969
0.0014104209
0.0039229044
0.0024443672
0.0012652787
0.0021585177
0.001295858
0.0028115988
0.0021381471
0.0030404988
0.0033356417
0.00136341
0.0038236452
0.006195635
0.0017177959
0.0027604015
0.004645645
0.0019933921
0.0018930284
0.001918765
0.0011280852
0.0019173201
0.0011708685
0.0009838085
0.0015518408
0.0029513212
0.00085152476
0.0011870645
0.0022530276
0.005549392
0.005505293
0.0053833094
0.006217839
0.002416968
0.0038320122
0.0039591277
0.0025861922
0.002901544
0.0025677802
0.0040306756
0.0045694453
0.0035868462
0.004027779
0.001716071
0.0022506292
0.0008296701
0.002232055
0.0020961354
0.0015364789
0.0015815252
0.0018107814
0.0015179298
0.0017904453
0.00071349455
0.0023202007
0.001051309
0.0006848507
0.0025520974
0.0049110237
0.002579823
0.004040123
0.0039501805
0.0031123513
0.002269138
0.0025008908
0.0016004944
0.0034221406
0.0036471314
0.0023140039
0.0030566629
0.002252744
0.002134313
0.0020189816
0.0022617602
0.0026137764
0.0015993196
0.001485803
0.0022178642
0.000979986
0.0032560932
0.0023270412
0.0004914231
0.0012103037
0.00055973895
0.0010290653
0.0028476303
0.0022004766
0.0008955494
0.0031952774
0.0032167058
0.0037866218
0.003617447
0.0019825874
0.0018869899
0.0055622235
0.0024308914
0.0031441946
0.0014374878
0.0015196443
0.0030246936
0.0040504606
0.005805152
0.0040867417
0.0025766196
0.004153947
0.0026064182
0.0016021209
0.00194688
0.0031136204
0.0011360148
0.0013508804
0.006003362
0.003787589
0.0015388563
0.0014149599
0.0031750402
0.0009045383
0.0020258413
0.0010184258
0.0024243118
0.0031235332
0.003537904
0.0015203179
0.0025694727
0.0034337684
0.0028195179
0.0039437707
0.0068963915
0.0027993636
0.0028481295
0.0029614656
0.0015667437
0.003661199
0.0022354026
0.0015977306
0.0035189854
0.0023037705
0.0030625092
0.0021568527
0.003940848
0.0023788428
0.0018210174
0.0028830953
0.0021544055
0.0036145877
0.0026879315
0.002245211
0.0032590271
0.0034054965
0.0042392868
0.0038981203
0.003635129
0.004799558
0.0021048463
0.002604007
0.0011380488
0.0022364461
0.0041116495
0.003538294
0.0027877702
0.002230094
0.0028123525
0.001997117
0.0048789494
0.0030735254
0.0034953044
0.0031535758
0.0031381254
0.0019244887
0.0038087808
0.0021242884
0.0025024728
0.0025886868
0.0018225731
0.0030625388
0.0024675645
0.002629225
0.0018275056
0.0022629653
0.0014285173
0.0011109068
0.0008562872
0.0014968545
0.001679269
0.0013375002
0.0018916356
0.0028641007
0.0007718506
0.0020457634
0.0011685462
0.000883213
0.001217355
0.003334337
0.00047165458
0.000724229
0.0012058176
0.001318502
0.0008903061
0.001624108
0.0016036897
0.0021070126
0.00042149756
0.0016903062
0.0030620769
0.0016327614
0.0012848277
0.0014510755
0.0018327655
0.0021567103
0.0012999569
0.0011896517
0.0016242282
0.0012576537
0.0014136444
0.0008634252
0.0008788797
0.0016989057
0.0020020145
0.0012488478
0.00038839446
0.0040704403
0.0016609497
0.0010091313
0.0014331829
0.0011244874
0.0025964626
0.001628641
0.0027525928
0.0021967606
0.0015484627
0.0020158675
0.0023366122
0.0027886622
0.001717509
0.0034222337
0.0028891054
0.0012771725
0.003263467
0.0011023323
0.0012783757
0.0025294586
0.0010423446
0.0014740996
0.0031860087
0.0018355376
0.0024850373
0.0018322533
0.0008360627
0.0010309633
0.0028078044
0.0010434736
0.0030364725
0.0032086514
0.003927888
0.0025333846
0.0037971989
0.0055129486
0.00498552
0.0025936798
0.0031971387
0.0018426457
0.0025632163
0.0008510299
0.0024336774
0.001639546
0.003060687
0.00065978017
0.0027278655
0.001214589
0.0013764511
0.0029829103
0.002152338
0.0014996348
0.0030372748
0.0044421456
0.0019846174
0.0030267593
0.00443965
0.0018396738
0.00088477496
0.0022399407
0.0037937493
0.00258099
0.0019731498
0.0027337756
0.0020825805
0.0017165556
0.0028781053
0.001437829
0.0035580257
0.0016026077
0.0021085835
0.0040679565
0.0024721583
0.0025745244
0.0027795201
0.0021995006
0.0023967994
0.0038903954
0.0014805913
0.0017743935
0.0025456825
0.0028689278
0.001767536
0.0019374916
0.0021085339
0.0005356996
0.001047508
0.0020066656
0.001574989
0.0020377422
0.0035651983
0.0011812783
0.0020726025
0.0015150436
0.0024813728
0.0014327231
0.0013137182
0.0028849666
0.0010816992
0.003709286
0.002607513
0.0035757504
0.003685661
0.0032943187
0.0021613284
0.0033808418
0.003412552
0.0024789732
0.004446417
0.002205147
0.0039157774
0.0019952918
0.0029944545
0.00265
0.001179188
0.0039955573
0.0020163555
0.0015903607
0.002880789
0.0020347864
0.0017960828
0.0033670578
0.0035354043
0.0015932984
0.004053088
0.0019791306
0.0008676654
0.0015316689
0.002497017
0.0023584254
0.0011264523
0.001291403
0.00080006744
0.0011114322
0.0017835405
0.0020917798
0.0017528643
0.0018969369
0.0020668563
0.0016024709
0.0017387006
0.00064405904
0.0015453225
0.001562437
0.0011797117
0.0026751487
0.0020834112
0.0007819669
0.0007307234
0.0026399253
0.0033293255
0.0019917071
0.0017379004
0.002338751
0.0033177824
0.002263192
0.002526382
0.0014757548
0.0012398469
0.0014960918
0.002694793
0.0005256319
0.002925646
0.0035289878
0.0033764613
0.0013304707
0.0018768252
0.0014055561
0.0017161944
0.0010123388
0.0012303091
0.0014446122
0.0013790445
0.0016638397
0.0034935898
0.001656712
0.0015187023
0.0017598924
0.0007879855
0.0017622836
0.0012176478
0.001941836
0.0023983733
0.0033171752
0.0010477512
0.0014747445
0.0026043702
0.002852919
0.0039489963
0.0033292444
0.0029540823
0.0034688313
0.0036256076
0.0066864705
0.0039003592
0.0047598556
0.0033291257
0.0020618632
0.004861525
0.0029378217
0.002227192
0.0037430578
0.0023472928
0.0037076338
0.0030838638
0.0030643132
0.0024795749
0.0010121643
0.003805564
0.0033553892
0.0011901245
0.0017658885
0.002638382
0.0022845052
0.0014980672
0.003394267
0.0016211804
0.0034482116
0.0020426398
0.0015109373
0.0037949288
0.00313698
0.0017826324
0.0033098962
0.0033598416
0.0026703493
0.003061433
0.0029730552
0.0039897026
0.0047079544
0.0015216919
0.0020665766
0.0027499397
0.003543919
0.0039500687
0.0027885747
0.0040092426
0.0029211435
0.0019911663
0.0029968077
0.0016968177
0.004711433
0.0014520023
0.0008620231
0.0021536534
0.0018827356
0.0015781792
0.0013627675
0.0044268896
0.0014929163
0.0031270536
0.0017063525
0.002682074
0.0035208361
0.0038787231
0.0025791465
0.0022173987
0.0015135289
0.0032694356
0.00212505
0.003107557
0.0018626696
0.001412247
0.0037136867
0.002106827
0.0019794002
0.0038194845
0.0035424659
0.0037945162
0.0016640245
0.0040857685
0.0035297812
0.0023549814
0.0039276034
0.0026614603
0.0017349477
0.0015534221
0.005252953
0.0016405806
0.0016004799
0.0020353438
0.0033511876
0.002117729
0.0016600353
0.0012218689
0.004097237
0.00081429654
0.0031390158
0.0019043908
0.002014766
0.0024762573
0.0031445555
0.0028156904
0.0018138669
0.0034772484
0.0017150213
0.002258322
0.0018413928
0.0027947933
0.0026518996
0.0038945747
0.002923211
0.0031748607
0.001955891
0.0020346118
0.0017948486
0.004993948
0.0017590342
0.0021179237
0.0023075454
0.0029914237
0.0054984298
0.0020745408
0.0025656105
0.003756358
0.003509073
0.00090852974
0.0010425091
0.0013612823
0.0009704826
0.0015467928
0.0017444484
0.0025531966
0.001622193
0.0017736808
0.0019031516
0.0010840794
0.0020207877
0.0027314734
0.0020728437
0.002589157
0.0008666025
0.0015726438
0.0023044676
0.0033919995
0.0027304136
0.00074817264
0.0012588127
0.0010652859
0.001948436
0.0021119502
0.0014182824
0.0025954805
0.003531976
0.0013168158
0.002109602
0.0015069915
0.0022246456
0.0012240703
0.0016772633
0.0013762846
0.0018749293
0.0034982837
0.0032154426
0.0028981336
0.0019937714
0.002437318
0.0008829987
0.0036080934
0.001419022
0.0013689543
0.001069453
0.0020072989
0.0018402017
0.0011544768
0.0010107167
0.0012924407
0.0014944994
0.0015402405
0.0008130047
0.001215671
0.000874117
0.00050147774
0.0026394478
0.0012202776
0.0008779493
0.0003616215
0.00346834
0.0017235554
0.0012945825
0.002609381
0.0016651026
0.0011713259
0.0031184661
0.0021425448
0.002420068
0.001294572
0.00187614
0.005166999
0.0016450436
0.0038644548
0.0018746804
0.0028068682
0.0026611304
0.00205004
0.001454055
0.0022070133
0.001394701
0.003420323
0.0028851526
0.0015968907
0.0013812478
0.0026127151
0.002048486
0.0023660592
0.0030656885
0.0021419942
0.0007395836
0.0032405267
0.0020478014
0.0029591434
0.0032672086
0.0023162982
0.002763233
0.004325497
0.0029261818
0.0008408099
0.0016216615
0.0018883217
0.0033920908
0.0029794872
0.0022149556
0.0020726558
0.0032579873
0.004488048
0.0024223397
0.003134823
0.0023608077
0.00089534395
0.0016307048
0.0005884302
0.0013758517
0.0045552924
0.0012091309
0.002757329
0.0019445601
0.0036011287
0.0017423145
0.0012540837
0.001514798
0.002076886
0.0034673724
0.007174407
0.002828134
0.0023357782
0.00560409
0.0018829249
0.0012482442
0.0026744723
0.0016854333
0.0023157361
0.0011964774
0.0014205757
0.0004928051
0.0012445338
0.00091272814
0.003100093
0.0048607797
0.0016908399
0.00075334305
0.0011890504
0.00071642676
0.0036578283
0.0043820487
0.0023906257
0.0026449086
0.0035907018
0.0032255298
0.0035567044
0.0028174808
0.0051371246
0.0025116724
0.0034319435
0.0034953076
0.0036437612
0.0026931125
0.0018524062
0.0024568967
0.002530614
0.0011195104
0.0010890507
0.0008550986
0.0017911062
0.0021043424
0.0012052953
0.0015588164
0.0017800318
0.0012083256
0.001155845
0.0008297203
0.0012090873
0.0010349206
0.00041132013
0.0017255924
0.0016429012
0.00224263
0.0021023348
0.0013178838
0.0019406686
0.00079360104
0.0021520949
0.0018912051
0.0027288087
0.0010220199
0.00078846316
0.0035501132
0.0007872121
0.00075222424
0.0024639165
0.0016743396
0.0019974457
0.002150237
0.0014614253
0.0024465674
0.003566662
0.0025372882
0.0023295106
0.0026607858
0.0017523594
0.001974559
0.004106488
0.0025183088
0.0031586683
0.0028314025
0.0011617914
0.0011447797
0.0015623571
0.00070553576
0.001885883
0.0004252282
0.0011346871
0.00023481536
0.00053704565
0.0016960008
0.000849101
0.001854829
0.0011049642
0.0010138205
0.00183503
0.00037985487
0.00093093363
0.0017222363
0.0013747842
0.0010146148
0.0008318722
0.00039573637
0.0010341502
0.00047281513
0.0010072534
0.001006583
0.002231106
0.00097446784
0.0019065165
0.003116767
0.0015162082
0.0005324204
0.002541916
0.0019430623
0.0011003031
0.0007184328
0.0030329842
0.0013986882
0.0013019196
0.0031245041
0.000996786
0.0013731797
0.0012774107
0.0008395186
0.00065431686
0.0029549417
0.0012916492
0.0007487766
0.0010563101
0.0018205259
0.002296111
0.0003663313
0.002117685
0.0025735681
0.001712144
0.0027673629
0.00066045666
0.0027245204
0.0028918798
0.0012179681
0.0008255668
0.0019059447
0.0027817646
0.002387418
0.0024149262
0.002270485
0.002202797
0.0025930635
0.0014700992
0.0020448603
0.003288398
0.0021291138
0.0018806555
0.002605588
0.002327654
0.0008654264
0.0015583839
0.002379284
0.0022329765
0.0015912767
0.0012700211
0.0014747193
0.0011276596
0.0016536812
0.0022975167
0.00047528022
0.0010311219
0.002201197
0.00063420506
0.0005696816
0.0010292412
0.00042413507
0.0005485162
0.0012151097
0.00019465516
0.0006472415
0.0019862633
0.001276838
0.00068774214
0.0021710363
0.0010010786
0.0009412175
0.0008533434
0.0009748774
0.00042638055
0.0005470128
0.0018780888
0.0009890925
0.0011403975
0.00060092675
0.0016442924
0.0007895009
0.0005720438
0.0014088432
0.002083568
0.0016344885
0.0015601517
0.002171697
0.004050575
0.0031167767
0.0041101915
0.0046549514
0.0038702835
0.003065968
0.0010033933
0.001038652
0.0025094927
0.0013435477
0.0018222763
0.0028227465
0.0023620888
0.00161392
0.0017658601
0.0020902995
0.0019748784
0.0012151682
0.002274662
0.0012551324
0.0015046156
0.0027346953
0.0014919764
0.0014088085
0.0013667808
0.000724031
0.0014845018
0.0016370036
0.004232531
0.0019880992
0.0012307974
0.0019415915
0.0028492585
0.0025023797
0.000975457
0.0005897175
0.0017763427
0.0028082302
0.0027070357
0.0015902594
0.0019903118
0.00151313
0.0017946442
0.003511163
0.003633683
0.0016955896
0.002490171
0.0015043743
0.0016838706
0.005366389
0.0026298298
0.0034826135
0.002034851
0.0034563325
0.0017010556
0.0021483959
0.0041088825
0.0006541761
0.003188667
0.0017893172
0.002723559
0.0016326483
0.0038214887
0.0035550327
0.0003470783
0.0016327801
0.0015492176
0.0032489635
0.0015392794
0.00024252532
0.002208745
0.0015816053
0.0026934529
0.0021312372
0.0015866099
0.0031120288
0.00069765165
0.0042827213
0.0017200345
0.0034597272
0.0013070296
0.0008098026
0.0011594405
0.0024476044
0.0015851684
0.0040213773
0.0026856493
0.002217843
0.0015452395
0.0014571598
0.0029806285
0.0010643259
0.0020846
0.0022669241
0.0017193641
0.0023051843
0.0013030608
0.00072620384
0.014337186
0.009911229
0.022990568
0.009280953
0.013824277
0.033356488
0.020379853
0.020856837
0.019876633
0.012127217
0.025374876
0.022332089
0.011522937
0.01613351
0.017957255
0.014163653
0.010728342
0.020270843
0.02972863
0.019200645
0.022551171
0.012723605
0.020483082
0.016157607
0.016673176
0.02762149
0.019513052
0.030438581
0.025383007
0.038636863
0.02311006
0.04014443
0.02731485
0.039955106
0.031741954
0.0434369
0.06289446
0.05152238
0.03984967
0.034510523
0.04495248
0.05156055
0.046788048
0.046644315
0.03502288
0.045181576
0.07772829
0.070324235
0.0734157
0.05608512
0.0862655
0.118810855
0.1238678
0.07799565
0.12346817
0.12606116
0.12497108
0.12670106
0.15005364
0.089410685
0.10436009
0.097076505
0.11849717
0.097364195
0.10472764
0.12784767
0.1417308
0.11308459
0.01307983
0.014960488
0.010207679
0.011624574
0.013983025
0.01830688
0.011700671
0.011934322
0.0074281637
0.012197732
0.01065272
0.009546078
0.011027328
0.010756371
0.008790269
0.008447409
0.008400206
0.0076467143
0.0037844523
0.0027017577
0.0033670783
0.0039377445
0.004695362
0.003799916
0.0022506597
0.002427004
0.004856381
0.0027935114
0.0012971207
0.0027835155
0.0010737362
0.0021883321
0.0017268521
0.0029301187
0.0034577171
0.0029797659
0.0007526766
0.000744047
0.0009707367
0.0009064204
0.00056452677
0.0010580072
0.0023785853
0.0012688303
0.0020065508
0.0018864279
0.0016652299
0.0040840497
0.0030531776
0.0047129495
0.0026115396
0.0030392674
0.0023138905
0.0015392519
0.00041373703
0.0026338834
0.0014245348
0.0019545853
0.0020842466
0.0006269862
0.00083550054
0.0016141951
0.0009468284
0.0012236264
0.0010578027
0.0015364405
0.0009306624
0.0012868259
0.0015939707
0.0026909825
0.00077346904
0.0011175352
0.0026951134
0.0035140137
0.0025823186
0.0032928851
0.0028640204
0.004771025
0.0040001855
0.0024690095
0.0024529744
0.0035024243
0.0049622017
0.0032974214
0.0016492201
0.00398243
0.001990961
0.00304795
0.0033780655
0.0022908677
0.0022483764
0.00465352
0.0019441016
0.0021653532
0.003912247
0.0045489618
0.0030501396
0.0036063897
0.0038147296
0.003377233
0.0040577557
0.0033124613
0.004470467
0.0027702705
0.0023679452
0.0011113302
0.0015840521
0.00086345396
0.0010850489
0.0026246605
0.00065284607
0.0020256317
0.00079350173
0.0021726047
0.0014990595
0.0014328855
0.0021734887
0.0012955923
0.0010996636
0.0010130141
0.002307126
0.002140088
0.001269431
0.0013214793
0.0012524994
0.0017039656
0.0013662027
0.0013439837
0.0008142322
0.0005291329
0.0005510248
0.0009107101
0.00086185115
0.0015729121
0.00093146425
0.0026644615
0.0026768865
0.0020894022
0.0029406627
0.0015158004
0.0005764157
0.0022691754
0.0014256515
0.00046647456
0.0020617992
0.00055671233
0.00037845515
0.0008695264
0.00052389887
0.0012033274
0.000848752
0.0013967638
0.0021766792
0.0020046672
0.0013331651
0.0020676383
0.00074658095
0.0014504463
0.00091662747
0.0016677522
0.0015672288
0.0015372498
0.0007473621
0.0010280567
0.001857101
0.0014983276
0.0012901451
0.0022243701
0.0009519537
0.0007251035
0.0016024599
0.0030704483
0.0016954663
0.0020615947
0.0014827166
0.001587633
0.0016665627
0.0014023371
0.0012249594
0.0034428744
0.0009532892
0.00067015615
0.0014301288
0.0006975847
0.00072366756
0.0010460999
0.0021467821
0.0014968774
0.0038845742
0.005523723
0.0023999433
0.0014267053
0.0017805264
0.001740699
0.0017823876
0.0022566211
0.001124035
0.0018145419
0.0012134428
0.00080206466
0.0013467692
0.0025088359
0.0016536085
0.0005663245
0.0009998621
0.0009675481
0.002315423
0.0019350757
0.000685477
0.0013189928
0.0023197536
0.003618255
0.0013640712
0.0021013939
0.0012235817
0.0018895599
0.0017545794
0.0007613764
0.0006401766
0.0013136994
0.0022557916
0.0015146263
0.00058313814
0.0011986928
0.002276142
0.0010405108
0.0022538267
0.00093511026
0.001037162
0.0013195792
0.0012944117
0.0017370802
0.003309477
0.0010049385
0.0015454277
0.001786861
0.0018947779
0.003078357
0.0020957477
0.0004990637
0.0013292072
0.0029502695
0.001148826
0.0025019452
0.0032950367
0.0011329346
0.0020728419
0.0023446311
0.0015864101
0.0032993027
0.0033274477
0.0029362396
0.0019463045
0.0024764696
0.0014721347
0.0022459102
0.0018270211
0.0016405006
0.0031761753
0.0019298561
0.0041117724
0.0032054682
0.00143871
0.0010180786
0.0020977021
0.0020085603
0.002359855
0.0035344441
0.0013726713
0.004574148
0.003064831
0.003098355
0.0023966432
0.001619439
0.0023182065
0.0034679137
0.0016059541
0.002320526
0.003024598
0.0025103684
0.00175753
0.0043910565
0.0020199807
0.0046106917
0.002851284
0.0030364916
0.0042683533
0.004161652
0.0035010574
0.0053799204
0.006578549
0.0037087079
0.0033172215
0.0019716416
0.0024680754
0.004472938
0.0033412874
0.0026890147
0.0047392747
0.0022854973
0.00317786
0.003171755
0.0024321068
0.009918675
0.0044015925
0.0036580302
0.0032610225
0.0029961215
0.00351611
0.0038978646
0.0023141732
0.0009905739
0.0014272615
0.0018680654
0.0026014613
0.0019647297
0.0012967191
0.0016110466
0.0016877014
0.0024800566
0.0035720612
0.00084153377
0.0016697726
0.0026819548
0.0019866189
0.0024132233
0.001368244
0.0034328513
0.0024646998
0.0019773277
0.003253815
0.0029730098
0.0020709133
0.0014328694
0.0026336103
0.0022718576
0.0034239334
0.0031748842
0.0018760005
0.0033694194
0.0033964298
0.0037101116
0.002314228
0.0031933857
0.0024485015
0.0013939589
0.0025253682
0.0027028907
0.0018362727
0.00080913596
0.0018655211
0.0015373521
0.0017899645
0.003151575
0.0016852692
0.0021685783
0.003955453
0.0011431688
0.00208536
0.00306016
0.0039720656
0.004133625
0.0051595485
0.005631554
0.0044356068
0.003619092
0.0021324533
0.003363574
0.0019086639
0.001391494
0.0017592403
0.0034718423
0.0030252337
0.0035664763
0.002648433
0.0014896621
0.0024488016
0.003606459
0.0036390645
0.0049531916
0.0038113312
0.0036430305
0.0031849698
0.0048837545
0.0029144671
0.001713795
0.002724547
0.0015416645
0.0021786874
0.0018251876
0.0030203124
0.003462006
0.003712764
0.0029421307
0.0035330688
0.0020093787
0.0018468508
0.00329669
0.0019176793
0.0033413582
0.0028712512
0.004004369
0.003285181
0.0027615642
0.0029347294
0.005005327
0.0029061674
0.0030456465
0.0018311134
0.0019145571
0.0022106003
0.0016548916
0.0019535082
0.0020955459
0.0022457743
0.0027327428
0.00095630577
0.0023931924
0.0026183343
0.0040468127
0.0031961924
0.004430123
0.004012912
0.003797074
0.005322972
0.0040767677
0.0037837296
0.003770658
0.0030648313
0.0038072087
0.0054485854
0.0043853708
0.005805818
0.005583873
0.0072808038
0.0036870968
0.004549702
0.0031808817
0.0065582446
0.008527816
0.0047960705
0.0028610255
0.003655989
0.002447398
0.004665971
0.0029389765
0.002855746
0.0046597263
0.002402548
0.004173953
0.004295362
0.004368704
0.0046015643
0.0045893253
0.0014101719
0.002527657
0.0017278584
0.0015258858
0.0008754224
0.0012865701
0.0031032092
0.0023639263
0.0066361926
0.0024920448
0.00323138
0.0026110332
0.0033999388
0.0009115946
0.0022907725
0.0010399441
0.0019981728
0.0023077643
0.0039297137
0.0015256923
0.0015726384
0.0012336547
0.00270234
0.0027253947
0.0026451007
0.0034856678
0.0023209222
0.0024455586
0.0012132183
0.0025169824
0.0014387193
0.0015231991
0.001206136
0.00096841797
0.0027588708
0.00239948
0.0011406168
0.0028104654
0.00045141543
0.0020457278
0.0016079276
0.002407681
0.0026626629
0.0015259575
0.004180999
0.0027267728
0.0057638753
0.0036631662
0.0012474004
0.0020732512
0.0059968377
0.0014370542
0.0023923528
0.0012383036
0.0047610053
0.0014323004
0.002064523
0.0015044201
0.0025642922
0.0036982766
0.0017253738
0.0053759078
0.0011627871
0.0015992196
0.003466424
0.00344131
0.0039577885
0.004235253
0.0010221336
0.0040045
0.0012906553
0.0008094941
0.0014496366
0.0019900068
0.0010867843
0.0013153371
0.0007921015
0.00091931573
0.001360773
0.0010873269
0.0008767053
0.0025258656
0.0018360303
0.0022564414
0.002576513
0.0027749992
0.00192719
0.0014920508
0.0055752695
0.003045399
0.0028925156
0.0031416253
0.0012284266
0.0021528527
0.0033204716
0.0021935974
0.0018589471
0.0034801392
0.002495126
0.0030241061
0.002713737
0.0028981818
0.0029484688
0.003533587
0.00242766
0.0015116724
0.0015849534
0.0017474934
0.0016254376
0.0034276783
0.0025426352
0.0027330404
0.0024652162
0.0027514829
0.0023865658
0.003101415
0.0016289578
0.0029895098
0.002657794
0.0033193508
0.0034233541
0.0055860057
0.0045914506
0.0024309268
0.002431331
0.0027492442
0.0019988192
0.0018175228
0.0035348933
0.0031260254
0.0013350467
0.000997916
0.0017405167
0.0024324807
0.0027822994
0.001971831
0.002094333
0.0016774541
0.0010668386
0.002963152
0.001031296
0.0015824891
0.0024736552
0.0014603834
0.005386104
0.0025014873
0.0015280923
0.0012132408
0.0020644767
0.002719321
0.0020307477
0.0016954772
0.002897434
0.0028621252
0.0021365914
0.0015408123
0.0017259398
0.0028888357
0.0022952803
0.004222925
0.0015648925
0.0034246768
0.00091428345
0.0015965387
0.0015936508
0.0018892975
0.003767195
0.0038430032
0.0037332864
0.0056941905
0.0039208657
0.0065473337
0.0047180885
0.0045185015
0.0024189164
0.004302589
0.0035239914
0.0077239424
0.0021174431
0.0046330723
0.004549798
0.0045936313
0.004474374
0.004275944
0.0034352487
0.005318081
0.0039064893
0.0058035078
0.004443689
0.0051254015
0.0027158093
0.0032799572
0.004932505
0.0067873094
0.004475773
0.0054937857
0.0026651793
0.004007788
0.003636958
0.0035178922
0.0049302396
0.0044690855
0.0045360066
0.0051927282
0.0048888316
0.0056099393
0.0054233954
0.002997325
0.003394088
0.0032790855
0.0053981845
0.0020196883
0.0029952677
0.0043738205
0.0026555657
0.0043414426
0.0033914011
0.003709482
0.0047027483
0.003919765
0.0043390873
0.004008723
0.0056376583
0.010304257
0.007923718
0.006197261
0.009152709
0.0057677636
0.0048160455
0.0034102695
0.0037310212
0.0031996877
0.005232762
0.0045450283
0.0044211885
0.0025598698
0.0023552668
0.0059264055
0.0032853994
0.0036938922
0.004305337
0.00401074
0.0029089213
0.0033528248
0.0026697924
0.0033899616
0.0010180746
0.0016291384
0.005326028
0.0033231326
0.0057602157
0.003351208
0.003042535
0.003440957
0.004798463
0.0026561331
0.0029123458
0.002326119
0.0031437636
0.0036989385
0.0013747124
0.0031155613
0.002975077
0.0028977448
0.001338607
0.0018352217
0.012265175
0.024386402
0.02540714
0.019404218
0.027249347
0.024192184
0.021394592
0.023345986
0.025237715
0.041608997
0.026347307
0.038453832
0.03259676
0.03452115
0.036733128
0.028432898
0.028228236
0.031933635
0.03553035
0.030775422
0.05774051
0.03983156
0.051552173
0.049129426
0.035992105
0.029067498
0.04490747
0.05099084
0.042064793
0.054794
0.057155516
0.03717739
0.04887137
0.039936367
0.05965562
0.051917322
0.06196652
0.0689438
0.076428734
0.058905195
0.09296434
0.04893255
0.04472321
0.052247122
0.068217725
0.05386333
0.06758383
0.05491815
0.061339147
0.06266564
0.08214657
0.04926853
0.110354945
0.075086884
0.09558455
0.10280866
0.12683374
0.09627545
0.07428573
0.09287255
0.08834452
0.09407098
0.10386324
0.069046035
0.09635539
0.0858283
0.0856527
0.08443886
0.09643482
0.1306088
0.08611988
0.09721062
0.122334965
0.051460717
0.046581317
0.03268737
0.038339425
0.032871116
0.033768307
0.029235039
0.02299071
0.019820724
0.019685548
0.020733364
0.016275315
0.014837277
0.014789847
0.011866508
0.008175913
0.009960737
0.008359708
0.0055936486
0.007609026
0.0044602593
0.0042647477
0.0032323473
0.0026363465
0.0035060826
0.0028523183
0.001246989
0.0012724136
0.00046154967
0.0010043719
0.0011471264
0.0011663359
0.00041530613
0.0007598387
0.0010357695
0.0013330893
0.0020161264
0.0031704702
0.0017430932
0.0015268772
0.0010475297
0.0024254494
0.0028938765
0.001993848
0.0014348548
0.0016609932
0.0030838964
0.0030466402
0.0023691836
0.0020917822
0.0017736054
0.00044646818
0.0030024515
0.0034210214
0.0038502242
0.0007539496
0.003066272
0.0016418871
0.0011084713
0.0018232814
0.0011735836
0.001733954
0.001911453
0.0019174679
0.0016153416
0.001405886
0.00208472
0.003290216
0.001479157
0.0024870085
0.0024904725
0.0016439961
0.0011082701
0.003269715
0.0009640852
0.0011669331
0.0019067454
0.0031316415
0.0013026332
0.001703285
0.0031422155
0.002537502
0.0020742794
0.002127671
0.0017124851
0.003692655
0.0026243322
0.000786415
0.0015575249
0.0016812434
0.0024949794
0.00077665236
0.0024207423
0.0019272051
0.0010285844
0.0020632036
0.00068616366
0.0018182092
0.0013442937
0.0017227835
0.001609894
0.0018465512
0.0017201536
0.0008114243
0.0023342841
0.0011505211
0.0023314934
0.0033060166
0.003391678
0.0013902186
0.001208425
0.0022727405
0.0011731919
0.00046107348
0.0012006146
0.0020278674
0.0015127421
0.0015099717
0.0018992291
0.001913161
0.00332745
0.00047885324
0.0012481754
0.0022869962
0.0023006818
0.0009597775
0.0016537614
0.00090196833
0.0023439638
0.00092067756
0.0013731509
0.0010967844
0.0013754383
0.00068083097
0.0020189227
0.002330403
0.00023463748
0.0010198347
0.0013420993
0.0011714841
0.0018829238
0.0031398772
0.004877163
0.0016172098
0.0025305685
0.00089804607
0.0011933855
0.0026188525
0.0021450962
0.0028850548
0.002388213
0.0034583379
0.0013605368
0.001755073
0.0031338444
0.0026453491
0.0005106464
0.002364998
0.0030275544
0.0014433856
0.0012666133
0.0010004034
0.0014496325
0.0004826545
0.0011223818
0.001243169
0.0017839804
0.0023418686
0.0013864234
0.0014999764
0.0011271187
0.0020156954
0.0008813215
0.0021403506
0.0013303786
0.0014128933
0.0015039389
0.00080495904
0.0011306457
0.0026681419
0.0014503315
0.0021916195
0.0016817453
0.0011303177
0.0016533651
0.0015233986
0.00072430825
0.0013583067
0.0010090949
0.0032189079
0.0018086801
0.0014058718
0.0020276662
0.0026578489
0.002766698
0.0014112144
0.0012207712
0.0006490621
0.0010715805
0.0014690614
0.0044537177
0.0005279351
0.0017421799
0.002246491
0.0008034197
0.0010239405
0.0020595
0.0008077458
0.001040361
0.0012449041
0.0010595496
0.0015495862
0.0014261452
0.0010401652
0.0017706776
0.0014762986
0.001571906
0.00058727147
0.002187868
0.0034710465
0.002665091
0.0028891724
0.0040800185
0.003545854
0.0012103749
0.0033679504
0.003601337
0.0030718015
0.0018557215
0.0041228947
0.0025431237
0.0038053368
0.0033118373
0.005062325
0.0034954718
0.0028339
0.00606229
0.0024025715
0.0035840785
0.0034022378
0.0023832684
0.0025506539
0.003958788
0.0030502926
0.001130532
0.002186898
0.0017977979
0.0010895319
0.0038772572
0.0019430039
0.0009567139
0.0010656981
0.002763093
0.0024144943
0.0015595183
0.0025236595
0.0025826548
0.0023715787
0.002750843
0.00254272
0.0034822798
0.002968052
0.0034078993
0.0030709435
0.0016433388
0.0023749522
0.0044283527
0.0029101316
0.0025980757
0.0028629547
0.001800003
0.00071327103
0.004405339
0.0013372867
0.0019357875
0.0018005231
0.0022523175
0.00073271367
0.0024819798
0.002238184
0.0025464196
0.0049035023
0.0028027643
0.0014769168
0.0022070603
0.0037185296
0.0033832204
0.001833221
0.0019377263
0.0027828126
0.0015209186
0.0025812897
0.0011415861
0.0032481418
0.0016135778
0.0022776006
0.0016768776
0.0039660274
0.0012505401
0.002484224
0.0014729579
0.0007696025
0.0020941652
0.004087946
0.0033330412
0.0025502888
0.00057033024
0.0023862582
0.00030904083
0.001681008
0.0021228553
0.0020026865
0.0023619318
0.0028951818
0.0032563389
0.0013209024
0.0040005906
0.004731182
0.0025362114
0.0012439316
0.0019716488
0.0012722833
0.0010642922
0.0019396294
0.0012343519
0.0008502393
0.0018552616
0.00048867124
0.0004725621
0.00060343073
0.00088405807
0.0010492827
0.00011546981
0.0017042315
0.00013088704
0.00055273727
0.0009178595
0.000679504
0.0018589664
0.0012001625
0.0008203774
0.0007765678
0.002289914
0.0020696826
0.0025670647
0.0021872593
0.0026369407
0.0029399255
0.0020456829
0.0029570158
0.00155821
0.0006826947
0.0040794276
0.0023709766
0.002073665
0.00082248787
0.0012841376
0.0017109876
0.0018847436
0.0013628709
0.0018332715
0.0034696993
0.0010843647
0.0030220826
0.0035673743
0.001413673
0.0023619786
0.0024904257
0.0017308644
0.0013488721
0.002006394
0.0025242746
0.0008129982
0.0031008318
0.0025143104
0.0015019531
0.003900918
0.0034096611
0.001951243
0.0016131302
0.00279427
0.0020085762
0.0038640301
0.002387113
0.0018168413
0.002466274
0.0040774406
0.005417561
0.004591186
0.003387044
0.0037795368
0.0047075073
0.0025322326
0.004333262
0.0029064526
0.0037911378
0.0036847948
0.0037583064
0.0025028144
0.0045415275
0.0020036793
0.0015315594
0.0031886313
0.003057678
0.001026926
0.0019539245
0.0030408672
0.0022890172
0.0014436193
0.0018275755
0.003562672
0.0029859014
0.0024022723
0.0016809201
0.0024038684
0.0023512044
0.0018817503
0.0025943972
0.0018940128
0.00084452704
0.0022236893
0.002523521
0.0012644255
0.0019899998
0.001393918
0.0024912474
0.003982913
0.0025297184
0.0020716423
0.001271597
0.0027461022
0.0039530154
0.0028775374
0.0049664294
0.0037740704
0.003982111
0.0017782046
0.0031749904
0.0016561671
0.0038520845
0.0029664482
0.0048573264
0.0031333705
0.0032097506
0.002804134
0.0042009335
0.003465627
0.004063444
0.0044152983
0.0022102944
0.0033072026
0.0023868238
0.0031410174
0.002198767
0.003152292
0.0028095467
0.0038586368
0.0072279973
0.0026338361
0.002260015
0.0031450593
0.00055005157
0.0011668155
0.00106125
0.0011918589
0.0009222253
0.0024235765
0.002692101
0.0017607451
0.002248415
0.0013696955
0.0022185324
0.0024639901
0.0018042729
0.00376027
0.0022772802
0.0029235547
0.0035123846
0.0013612042
0.0013564508
0.0021960684
0.0014717582
0.0012739403
0.0011793163
0.0010185052
0.0011514523
0.0012867522
0.0010944159
0.002020717
0.00072244514
0.0028152221
0.0013363183
0.0020515465
0.00267312
0.0026116192
0.0019714832
0.0016964306
0.0026311658
0.0022740553
0.004828376
0.0058308537
0.0023146642
0.002048887
0.0022390673
0.0016972653
0.0044744927
0.0025426773
0.0033539606
0.003332302
0.0038549264
0.0021162885
0.0013714263
0.001803627
0.0034653442
0.0039371727
0.0040785554
0.00399719
0.0034705475
0.004741352
0.0037955318
0.0052187135
0.0037609718
0.0025615438
0.0035298497
0.005172442
0.0064416374
0.0060479594
0.0058792005
0.004355961
0.002434831
0.005687746
0.004566343
0.003748648
0.0019797774
0.0014245025
0.0022852654
0.0020055764
0.002446659
0.0018239589
0.0010453081
0.0041297725
0.0010436479
0.0018187698
0.0013080466
0.0018180909
0.0025038214
0.0031255984
0.0035307202
0.0043211766
0.0034481725
0.007292824
0.0060846554
0.008608959
0.009256371
0.0058589247
0.0043674447
0.00472553
0.0039637703
0.006780863
0.007245632
0.0067038895
0.00591325
0.010902992
0.010468994
0.008159743
0.0074149505
0.008602071
0.008065034
0.008085336
0.0065073837
0.005974394
0.005935183
0.0051806183
0.006147119
0.00576391
0.005450555
0.0057083424
0.005006772
0.0041079046
0.004449895
0.004151212
0.004104924
0.003612194
0.0026797922
0.0057262746
0.0026776204
0.003061253
0.0029611408
0.005433757
0.0029029981
0.004455097
0.0031750388
0.0039152317
0.0028220199
0.004656134
0.004258679
0.007822731
0.0033298768
0.005253858
0.0028686686
0.0055867974
0.0056712492
0.00516689
0.005567771
0.005322543
0.0053371205
0.004737332
0.003868323
0.0035689913
0.0029080063
0.0035183178
0.0051127393
0.009894646
0.008743165
0.00853936
0.010772402
0.013212101
0.010485556
0.009418951
0.006901204
0.005850353
0.006191065
0.008628638
0.0063242707
0.006848392
0.0064676683
0.006069514
0.007712635
0.008201755
0.009859432
0.010845183
0.014586249
0.012290513
0.011073702
0.014467044
0.020109994
0.018379468
