0.006777064
0.006777064
0.017628053
0.02033362
0.0163297
0.023275638
0.01683262
0.014628736
0.02497414
0.048021134
0.024734473
0.04448201
0.007837024
0.017508902
0.027298942
0.015192063
0.015961794
0.022875747
0.021914428
0.0251555
0.015519206
0.024799082
0.042037316
0.05246149
0.03665787
0.025743295
0.043243896
0.03860621
0.06452831
0.031032199
0.062049024
0.04248995
0.02653625
0.026708419
0.059006866
0.04461768
0.07855609
0.111899026
0.07690409
0.0956858
0.082158096
0.07444929
0.07221215
0.06339827
0.08801199
0.12046064
0.13707067
0.09212356
0.08158494
0.08412517
0.10688389
0.12345959
0.11352682
0.15136844
0.13413031
0.1045213
0.082502976
0.08643175
0.10063844
0.1562179
0.20356746
0.17287216
0.18368284
0.18633501
0.1772941
0.10597363
0.1289675
0.09924462
0.1466439
0.15981568
0.16967416
0.19364674
0.15759511
0.1484015
0.10879588
0.13080035
0.12441124
0.114249475
0.08214602
0.07110828
0.101688765
0.085861675
0.11046547
0.1682875
0.097499214
0.112137675
0.0835385
0.07065747
0.08107386
0.057723574
0.06497889
0.058283467
0.093679726
0.0564149
0.05617856
0.065002635
0.044768218
0.03384307
0.027344761
0.032641534
0.041422572
0.06955229
0.043933257
0.04637107
0.06437751
0.07134377
0.06922678
0.060705483
0.115853556
0.0681439
0.05694515
0.07235704
0.06339055
0.09615614
0.059206083
0.045726586
0.054162785
0.06346273
0.049907006
0.04761611
0.021385418
0.035739724
0.014040851
0.034292214
0.053466752
0.038113974
0.04828623
0.07704816
0.053941537
0.052291688
0.039729267
0.037930917
0.0474943
0.05807912
0.042476498
0.033967294
0.030843785
0.046238814
0.06259958
0.02389292
0.025641622
0.029125255
0.028209573
0.03999719
0.0638241
0.06730193
0.07911447
0.029361242
0.08792659
0.05529174
0.028058875
0.046825048
0.03350503
0.032154385
0.08225055
0.032176323
0.03929721
0.061253138
0.083334625
0.08149207
0.04941873
0.031780183
0.06683624
0.099768505
0.11378675
0.06396101
0.04598935
0.04072634
0.057643916
0.05157504
0.050794646
0.07745537
0.033262745
0.09064526
0.030745415
0.042085193
0.09767705
0.024718279
0.037197955
0.030390045
0.01727631
0.044620674
0.039500322
0.054520063
0.03818649
0.0570216
0.086427
0.080069266
0.057540055
0.069704495
0.06749988
0.066549115
0.056161404
0.06229405
0.061667986
0.044683773
0.023267923
0.04113723
0.032340374
0.06829724
0.055049848
0.063789874
0.036776617
0.03243001
0.03887528
0.033144806
0.038358353
0.05219026
0.046495873
0.028309036
0.025016256
0.02239673
0.02991491
0.06786315
0.025134016
0.044280943
0.01814826
0.04367776
0.04232849
0.041473594
0.03540164
0.058780782
0.037347455
0.061347567
0.050310776
0.056906402
0.051885173
0.043605898
0.06152132
0.041206677
0.06321283
0.040674187
0.027647207
0.02693157
0.028885592
0.029848665
0.022881255
0.02993756
0.06253091
0.035428613
0.043536156
0.02175278
0.04520199
0.043955743
0.060967397
0.026888506
0.017603531
0.04288821
0.03361871
0.051972408
0.04861212
0.040981065
0.029164108
0.017102826
0.02266022
0.0095489
0.01751529
0.013759592
0.022342509
0.020473836
0.02380013
0.02315605
0.018689485
0.016460778
0.036736146
0.030864442
0.018082274
0.01592908
0.028298495
0.011693326
0.019168057
0.027670834
0.02615984
0.0126679065
0.016851304
0.018474983
0.028534928
0.049274053
0.032006312
0.020716224
0.022343302
0.02067467
0.022797309
0.02878963
0.03511998
0.028723052
0.028782802
0.010166544
0.013025217
0.055954434
0.010741353
0.009363949
0.015612015
0.017601056
0.016659537
0.010754143
0.020345528
0.024490172
0.031902537
0.034436103
0.024488369
0.014999648
0.02721646
0.008260793
0.014100329
0.027985875
0.03780919
0.024673216
0.029404081
0.04131397
0.026219875
0.030899083
0.036364786
0.04281302
0.024427153
0.04379778
0.02650061
0.027262874
0.024563078
0.019215273
0.052602284
0.03771201
0.04528671
0.06167446
0.04912025
0.040877283
0.057830922
0.043553375
0.05805681
0.046984367
0.058611337
0.09794985
0.09837708
0.0894745
0.05467008
0.081111
0.06716394
0.0675642
0.068735056
0.06878429
0.075921394
0.06476844
0.08876946
0.10143534
0.07136618
0.10323762
0.1054209
0.08929304
0.1003686
0.11230414
0.11713658
0.063799225
0.06403065
0.052742135
0.06772065
0.051172797
0.065143295
0.05070645
0.050918758
0.08534969
0.08787921
0.0640583
0.061314434
0.0804281
0.09493371
0.054863118
0.06334431
0.062410325
0.05412696
0.071005
0.09260339
0.09217219
0.11513427
0.08852166
0.103103735
0.123796314
0.110423625
0.089188635
0.08178753
0.11219341
0.17351045
0.2904865
0.20602535
0.2907088
0.32959566
0.32932675
0.35440624
0.22885308
0.16149794
0.18520096
0.14155018
0.13547908
0.14092045
0.11432873
0.11524374
0.121242836
0.064373605
0.08182638
0.09255631
0.14874132
0.1171259
0.114259
0.109954625
0.05996412
0.05546717
0.05890821
0.06540735
0.0626596
0.086023495
0.065185905
0.11729704
0.09832819
0.05028477
0.09455266
0.090439335
0.08653979
0.060724515
0.07656566
0.064247094
0.06512879
0.04381242
0.047622636
0.022201799
0.01760691
0.0606593
0.021722479
0.04047412
0.032935135
0.043719742
0.070912614
0.03135473
0.018910399
0.034217913
0.049037427
0.026278332
0.05394605
0.05722652
0.042719122
0.049699873
0.08286931
0.09764372
0.072033785
0.09125589
0.040405713
0.034927595
0.02536077
0.05627449
0.038106192
0.02715598
0.037071094
0.032092918
0.048228655
0.023636648
0.019571709
0.02413677
0.02810563
0.01535515
0.013880867
0.022888916
0.014951262
0.018337402
0.026519742
0.011045848
0.015020299
0.032806978
0.024406498
0.037854403
0.021247646
0.024489665
0.020996679
0.05888833
0.052644137
0.026845513
0.027144393
0.026991837
0.033748407
0.031455815
0.01585335
0.04142789
0.020893574
0.014603545
0.010304027
0.07420954
0.02686492
0.015034395
0.03685816
0.038568515
0.025439875
0.022903664
0.028747281
0.024368864
0.03030766
0.032994
0.02579521
0.017120363
0.029030984
0.027202222
0.04251726
0.04588694
0.019241309
0.034506842
0.02710279
0.04295035
0.023368027
0.030960629
0.04884708
0.021148788
0.03425588
0.03802985
0.043413747
0.03819085
0.043411057
0.03123678
0.048136413
0.039275136
0.01769785
0.025434671
0.022609172
0.025892602
0.026623968
0.021477435
0.023968171
0.03192477
0.020799566
0.0321736
0.020632042
0.02100764
0.037595063
0.029844891
0.042584725
0.016759945
0.039904833
0.018110814
0.021026341
0.01637401
0.016265687
0.03169541
0.027715825
0.019619111
0.03738855
0.029715111
0.03772201
0.044595305
0.016745515
0.016798196
0.027867638
0.025799373
0.014674296
0.011205989
0.021717783
0.021172546
0.024212914
0.023370795
0.019886505
0.03780792
0.027207589
0.03559839
0.034145948
0.03156942
0.026805112
0.02951481
0.03954288
0.0370631
0.019267762
0.025230234
0.0270576
0.024631644
0.029644214
0.016849862
0.030378094
0.028194778
0.062105037
0.03779728
0.02388763
0.021222342
0.028945649
0.034410674
0.031118834
0.041904703
0.042379882
0.024608782
0.05232068
0.032383706
0.021568228
0.030990863
0.042019848
0.029308483
0.03826108
0.03844225
0.022703128
0.03042897
0.052467484
0.038397655
0.022483278
0.024188206
0.04852321
0.031015148
0.018675186
0.043449074
0.09183718
0.031048065
0.039342288
0.047518004
0.029260222
0.051664915
0.04905002
0.04512483
0.011799169
0.038256463
0.05007185
0.05052709
0.027207717
0.03700566
0.03326432
0.02725585
0.040183995
0.035265446
0.024115918
0.026578365
0.044692963
0.037729863
0.047128357
0.03921852
0.037261564
0.037267733
0.04955809
0.074995
0.044486545
0.050666988
0.031406783
0.051467042
0.038079478
0.024247415
0.052815624
0.050051574
0.035160508
0.0433551
0.05472067
0.058480825
0.03695704
0.05749662
0.035164658
0.011175995
0.048584033
0.016622372
0.015868021
0.03390116
0.04416868
0.039139245
0.023357848
0.07640071
0.025672939
0.032584056
0.03473935
0.00916972
0.024748014
0.011365063
0.024573196
0.026008053
0.02269558
0.026204824
0.009957205
0.009947559
0.025689155
0.015087253
0.016163591
0.015368628
0.019153329
0.014987049
0.018633435
0.019414866
0.069713205
0.027887221
0.030779904
0.042395577
0.0222952
0.01721151
0.020039652
0.022473946
0.024988085
0.018160509
0.015826544
0.022184499
0.017588304
0.022826826
0.030099059
0.02768065
0.018003516
0.03093172
0.0058529507
0.0150793465
0.025170209
0.005577689
0.009034023
0.012624364
0.020614823
0.014863492
0.031208685
0.017895615
0.0058347317
0.024619166
0.024527894
0.01140956
0.01265283
0.007916542
0.010718607
0.017060902
0.011649077
0.015166442
0.018157536
0.006168638
0.013703109
0.030883139
0.020211635
0.019285236
0.016474864
0.01725007
0.02812325
0.018881321
0.025398016
0.04261605
0.012405452
0.026249794
0.018873082
0.0066279545
0.02761295
0.012678883
0.016856574
0.008594469
0.00808912
0.011607485
0.023634443
0.013988103
0.046421975
0.0057726125
0.026865138
0.013491826
0.018573387
0.016832875
0.014983765
0.008567842
0.012118209
0.01452757
0.027886093
0.021999195
0.01167882
0.011399062
0.015428214
0.036621734
0.01667547
0.01634686
0.033685755
0.014417187
0.04187686
0.014644306
0.018644212
0.03985093
0.025156436
0.021868251
0.021328254
0.022353984
0.02452351
0.017187502
0.030775053
0.030118082
0.027434874
0.014685716
0.011111217
0.030269563
0.05492332
0.029688735
0.053465776
0.03582916
0.026884539
0.03083132
0.07312438
0.055263862
0.036569126
0.0480118
0.065801226
0.07431671
0.05243303
0.020381836
0.048750155
0.034782276
0.04572263
0.041640166
0.024944533
0.022264624
0.007083704
0.035730246
0.02105344
0.015194171
0.013901542
0.0133588975
0.053520594
0.014138467
0.023267794
0.01975296
0.011420895
0.014197105
0.023726895
0.007556996
0.007419055
0.012526142
0.009295307
0.025757924
0.047393847
0.021093152
0.0069623995
0.026786406
0.024448285
0.015712846
0.022373084
0.023909401
0.014479188
0.019309571
0.008762868
0.008570862
0.013741937
0.01410971
0.020457953
0.012539965
0.013445499
0.010769571
0.011647212
0.02827752
0.015680732
0.02839541
0.019170504
0.022607237
0.034965597
0.007573863
0.027263712
0.010919503
0.015268677
0.007076169
0.008016635
0.025063708
0.014954581
0.031206554
0.018401096
0.016604796
0.011301495
0.009243279
0.0057506114
0.019449702
0.01351392
0.008237227
0.027227156
0.036345158
0.014403853
0.022791617
0.008394005
0.0130625125
0.03036256
0.020718856
0.015254405
0.022429343
0.0033395167
0.01779995
0.019689476
0.016648151
0.01378117
0.023160717
0.02288553
0.020224754
0.050066072
0.01146759
0.020901542
0.014059907
0.04489316
0.01083934
0.017614143
0.017712483
0.016549166
0.009005887
0.01864743
0.010003219
0.03905248
0.015395687
0.016056392
0.007760082
0.016566705
0.018183324
0.006521955
0.013723166
0.010376026
0.015721312
0.014451689
0.015185424
0.006067491
0.011438418
0.00879755
0.014056366
0.008963158
0.013110167
0.02885196
0.033786234
0.013071485
0.014893978
0.017753981
0.017319927
0.029020675
0.029195163
0.013313105
0.024371682
0.030187383
0.012359464
0.050705012
0.020832272
0.021417055
0.0296795
0.06672816
0.0386679
0.024887953
0.039781183
0.015122068
0.034025438
0.017905904
0.031270467
0.03365813
0.018422164
0.01003087
0.012470484
0.016566953
0.019269032
0.011261557
0.02352538
0.015474402
0.016603135
0.009638655
0.014877821
0.009110039
0.012635012
0.015444213
0.013653919
0.012862882
0.019777713
0.011137326
0.0011046978
0.039940953
0.004806967
0.03438751
0.006477952
0.005696844
0.03543026
0.034015533
0.0123934075
0.009245236
0.049279176
0.026229888
0.020270014
0.005916243
0.031807136
0.008864121
0.007383373
0.03843251
0.011135567
0.030682364
0.022332413
0.016150385
0.021630375
0.017692741
0.040682424
0.029605722
0.019695936
0.030211248
0.04082049
0.020123936
0.0322695
0.023936342
0.020495994
0.011507197
0.025875984
0.037726555
0.061734967
0.02995618
0.023185479
0.025048276
0.050418623
0.045091305
0.08304888
0.020769423
0.035342578
0.03692468
0.029983377
0.028418355
0.016792564
0.010233258
0.026731804
0.02563511
0.025516378
0.018505808
0.032745715
0.012040303
0.025068661
0.016483262
0.05249816
0.026895072
0.041940115
0.020313561
0.020561427
0.016610743
0.024834104
0.01911935
0.031881407
0.041494533
0.055803984
0.056727454
0.023262745
0.06639806
0.016362073
0.018587677
0.06359123
0.07691961
0.027401932
0.034998894
0.035800368
0.03048913
0.009695172
0.02909578
0.046145905
0.03989114
0.026679104
0.014155969
0.015497153
0.015482965
0.006739211
0.014489528
0.0055822623
0.016844751
0.017330198
0.032491874
0.020263432
0.034128565
0.012253657
0.015882103
0.029482478
0.033481177
0.0541678
0.03184488
0.027950648
0.026587157
0.030743873
0.026520062
0.03213406
0.032053333
0.03948869
0.028920544
0.0257885
0.028342215
0.04955609
0.026875762
0.020422082
0.02049072
0.02293776
0.026462207
0.017211134
0.023811676
0.024821496
0.009891711
0.004554377
0.019030351
0.0147929685
0.03801437
0.02362697
0.0067815883
0.023111006
0.008305445
0.005020826
0.012612236
0.014983893
0.01864473
0.039355185
0.022004481
0.024064496
0.016380666
0.0049704863
0.0055279383
0.019552043
0.010523193
0.007990221
0.051105853
0.016640844
0.022327276
0.0134251295
0.007866736
0.018965118
0.0064191073
0.027379515
0.0229748
0.013327715
0.004569577
0.026326047
0.023432884
0.0063818814
0.039222993
0.014930028
0.016094653
0.0049325717
0.032092407
0.017794304
0.014376547
0.029919531
0.021089612
0.01619199
0.014559669
0.0076190955
0.014082776
0.013464215
0.019207202
0.031615704
0.02812465
0.01859388
0.018736437
0.017617583
0.016425204
0.017229961
0.018765088
0.033380248
0.014934837
0.021580407
0.024854857
0.016026735
0.027972503
0.018505527
0.02341127
0.01715006
0.02842995
0.014227876
0.029003382
0.018441405
0.024854388
0.011372356
0.01275537
0.035656918
0.020515816
0.07973955
0.020117546
0.025193479
0.024160892
0.019521557
0.049667947
0.024725653
0.02527713
0.015385413
0.016438343
0.023005735
0.03290149
0.021496283
0.0143344635
0.01760596
0.015919935
0.03845964
0.017288275
0.028867554
0.023896176
0.04654889
0.058052532
0.017532298
0.04071351
0.021420239
0.021482304
0.034041815
0.03626071
0.027936278
0.02659339
0.03462943
0.012007869
0.01059237
0.019081404
0.019362051
0.008292861
0.017136639
0.03899391
0.03810562
0.022468833
0.035324547
0.024130374
0.022220612
0.031721976
0.034806456
0.034446586
0.014714484
0.026077999
0.02099843
0.026999384
0.039402038
0.037426934
0.043206364
0.028321305
0.01694434
0.045289706
0.018263502
0.03796692
0.041977584
0.0297008
0.038659293
0.05743448
0.031041065
0.01908337
0.0068066954
0.032268755
0.028163794
0.017285064
0.023497405
0.020611154
0.018473465
0.042252585
0.008589376
0.04445177
0.021102248
0.03055462
0.025388295
0.014314175
0.025140997
0.01860553
0.014860158
0.023825534
0.038918395
0.03016636
0.060445867
0.061754957
0.02854979
0.033308934
0.04549726
0.047424987
0.023053331
0.02038423
0.013514617
0.02130776
0.031657364
0.054572757
0.018727718
0.028588032
0.030596698
0.052998494
0.02816773
0.05623694
0.02267509
0.033879433
0.02335798
0.018499035
0.03220741
0.022337439
0.028347127
0.020072114
0.025767058
0.015660435
0.016994603
0.018178567
0.019310389
0.018778121
0.008792535
0.016572941
0.007940561
0.029291548
0.0091707
0.012620272
0.012860544
0.020335658
0.013345464
0.0112908
0.009137381
0.040923998
0.019262968
0.005907198
0.014820778
0.034687888
0.019115483
0.01851498
0.019624697
0.041613623
0.016272364
0.012527855
0.04997779
0.008959558
0.017006377
0.036747996
0.01789725
0.029463239
0.029736545
0.017977217
0.018820839
0.01817882
0.024322562
0.027524756
0.0110303005
0.0289937
0.029070819
0.013244198
0.024840008
0.013907418
0.025081292
0.039795768
0.017501445
0.03671154
0.0114710815
0.012381455
0.037814174
0.013727744
0.02013857
0.036218718
0.027709937
0.03934614
0.03150703
0.028689161
0.033556487
0.06840053
0.039464764
0.018071273
0.039843768
0.0151971085
0.045423288
0.02983034
0.024015687
0.019958094
0.02525255
0.030778876
0.026185483
0.07335111
0.03268669
0.041421976
0.039933693
0.0331189
0.012271556
0.02158146
0.044892415
0.023708677
0.025168905
0.021150267
0.010665492
0.0043234127
0.012351628
0.016271245
0.0063045104
0.03043955
0.03340973
0.024085265
0.029881401
0.022746949
0.019949421
0.042708598
0.008746312
0.011939913
0.026920423
0.025045825
0.036646176
0.022646973
0.052188855
0.047094043
0.04552896
0.046103247
0.038324967
0.032287456
0.04020072
0.02965328
0.010116977
0.014114085
0.00719847
0.01704038
0.0047644684
0.047004346
0.024545766
0.03164799
0.02519994
0.04404876
0.011421669
0.027044225
0.016512183
0.04759215
0.023587829
0.02316254
0.015166557
0.044032797
0.041798417
0.0048651984
0.016102515
0.019607851
0.02144632
0.011961768
0.005709252
0.006788707
0.049176183
0.013399075
0.026406152
0.053054485
0.050317038
0.017224021
0.02529148
0.01910734
0.021191653
0.032051843
0.025236953
0.014273067
0.01412442
0.040369004
0.029741274
0.034713253
0.039466843
0.009773107
0.009119822
0.010758245
0.03178166
0.027205786
0.026660409
0.023256954
0.03440683
0.01907206
0.020216119
0.023301499
0.025236603
0.046117317
0.023343243
0.046047915
0.025398958
0.014023955
0.034934342
0.023423998
0.023923112
0.026109
0.018304897
0.050421566
0.023906372
0.027775193
0.033433262
0.032302126
0.022697225
0.026064467
0.031160818
0.03459469
0.0143482
0.03759842
0.01607754
0.027986998
0.032867286
0.044933833
0.0053061573
0.020628985
0.026567845
0.02355758
0.025948048
0.02240592
0.025536336
0.02639885
0.030409748
0.03060698
0.02974715
0.030097384
0.03119096
0.024724396
0.026433632
0.029778058
0.020635398
0.018585961
0.062463425
0.014233178
0.011950014
0.074081704
0.016112734
0.010767793
0.013077778
0.052166447
0.0182661
0.011830457
0.01805667
0.02162436
0.02624665
0.043018
0.029049989
0.034928698
0.018079257
0.010375547
0.012189201
0.01982048
0.011916022
0.01300637
0.019420862
0.009715596
0.023931632
0.022868017
0.012575286
0.009647148
0.006027409
0.011648522
0.018881103
0.008128974
0.029093267
0.03825729
0.019168498
0.051130153
0.024279706
0.0043934654
0.01814916
0.01663598
0.008941977
0.028971815
0.0072267638
0.019162865
0.008708945
0.024952698
0.017790366
0.032388244
0.018832162
0.014000795
0.019176995
0.01943842
0.017058866
0.016749466
0.0054834248
0.04042891
0.009947828
0.016358327
0.01841247
0.048637837
0.015718235
0.023779001
0.023348015
0.011354725
0.054425173
0.009749383
0.07007255
0.032889858
0.040148813
0.04247421
0.0058079455
0.020017525
0.003872929
0.004807736
0.02829164
0.021068072
0.014003701
0.008732947
0.04277326
0.021719718
0.0310418
0.05234972
0.03415958
0.031553254
0.034762852
0.025398754
0.025928164
0.02530475
0.01826659
0.018677713
0.017558467
0.043177
0.023869198
0.033636585
0.021840941
0.01762906
0.060577832
0.013236371
0.03905373
0.06574538
0.021841774
0.055684708
0.04923642
0.029304959
0.052150052
0.0967174
0.04039285
0.07292108
0.06522905
0.06473192
0.11874899
0.095766656
0.035420652
0.06452228
0.075294666
0.08710636
0.061673403
0.04824718
0.06240178
0.07200286
0.05037912
0.083575904
0.049993236
0.062702835
0.03740419
0.05207879
0.05047308
0.04085708
0.06989645
0.02753147
0.058677174
0.050843123
0.050262384
0.07827831
0.035507552
0.020887466
0.04442223
0.039705288
0.051508725
0.06813593
0.062093176
0.06296985
0.07216684
0.056747906
0.059090536
0.05425685
0.044535913
0.06734408
0.07114654
0.048844162
0.030815614
0.06022793
0.057561215
0.018297039
0.044555895
0.040916514
0.033520043
0.030179916
0.028019704
0.014292454
0.019582015
0.019315638
0.049238715
0.051293388
0.05606413
0.061775476
0.049554422
0.037976455
0.033726722
0.04770726
0.03447056
0.034417618
0.035649475
0.03322257
0.032325383
0.022829914
0.030685602
0.039046116
0.017053984
0.010186628
0.013395769
0.033646435
0.012508594
0.0118270805
0.016838359
0.008993734
0.009509068
0.008385206
0.00772002
0.016057383
0.0076467306
0.011804797
0.046620097
0.008940139
0.013780094
0.01379003
0.018558923
0.014736307
0.023642363
0.06423258
0.017223643
0.018148374
0.017061321
0.017514866
0.028982988
0.017325038
0.017070461
0.022239065
0.016500996
0.03096682
0.013473557
0.018497786
0.033952273
0.023452736
0.009561026
0.019636834
0.010248931
0.014153934
0.013255669
0.041303284
0.010085848
0.02744445
0.0150614055
0.015348318
0.012295577
0.008541777
0.014710539
0.042334884
0.013557131
0.011602301
0.015653452
0.012312328
0.032856822
0.021690117
0.02516643
0.01353758
0.023666855
0.017695384
0.015628915
0.019596074
0.02574424
0.026863117
0.014751016
0.01791564
0.036046214
0.025936272
0.01406033
0.014786637
0.022651644
0.023579799
0.024493655
0.036764767
0.03150882
0.033317868
0.059043255
0.03614155
0.047149777
0.027522353
0.03137796
0.02330946
0.028294906
0.02623715
0.013388505
0.021756038
0.05640765
0.036124732
0.03768914
0.0363098
0.027829219
0.022752393
0.01308756
0.014602321
0.022279847
0.044295
0.029047009
0.028251981
0.016513659
0.028038077
0.008276166
0.02392533
0.018428706
0.038162265
0.021118486
0.024595194
0.016475722
0.013881973
0.012523149
0.010986486
0.01902551
0.013321221
0.015239296
0.016327828
0.01133414
0.005855182
0.027815407
0.017049272
0.023617491
0.03663015
0.036199644
0.023604449
0.031182168
0.028617477
0.022943757
0.03554228
0.016355934
0.033970553
0.028065385
0.059022985
0.02986981
0.029783854
0.050468907
0.035008043
0.016580079
0.02642044
0.03411725
0.048890073
0.044302415
0.039757837
0.024186816
0.009045905
0.019095045
0.015017026
0.027715601
0.023811115
0.029800704
0.028699316
0.0192063
0.025792234
0.016331874
0.03583683
0.030987574
0.02234929
0.037262265
0.056739047
0.05239716
0.022199927
0.039519094
0.0399871
0.026474971
0.021751296
0.033313353
0.05375125
0.04352531
0.043554865
0.02147004
0.037902873
0.04521577
0.029419862
0.01597556
0.044819895
0.041166857
0.09374227
0.05700438
0.064605676
0.037335195
0.06822018
0.07719589
0.03550174
0.051058862
0.029440744
0.03361772
0.024578782
0.01373818
0.03647416
0.042953543
0.043650232
0.027751187
0.044776097
0.023125984
0.02535724
0.019985203
0.0383497
0.031802017
0.029544251
0.038875822
0.016286539
0.039145075
0.046176314
0.029259956
0.040823456
0.032468714
0.013393252
0.024425741
0.022384457
0.020537037
0.025555974
0.035365194
0.030993542
0.031534303
0.07466958
0.028994258
0.026105842
0.018415052
0.020064808
0.030313483
0.045708973
0.051638167
0.0070874537
0.038314987
0.03036262
0.02094082
0.025774296
0.0038285472
0.046309784
0.013983686
0.05590244
0.032863855
0.020928273
0.02842442
0.043731764
0.0496952
0.043610353
0.018624824
0.016245145
0.058148514
0.03972339
0.019455422
0.02820007
0.02180465
0.055033907
0.022808172
0.021012919
0.013741729
0.012999768
0.018766953
0.052519355
0.008402921
0.01912265
0.01860213
0.0133167505
0.020470338
0.018412294
0.009197013
0.024811115
0.011725701
0.0053614005
0.013287374
0.021354564
0.009238075
0.0138258245
0.042313088
0.020598538
0.008930569
0.013811004
0.018514048
0.030644638
0.012635422
0.04032723
0.042767044
0.019821083
0.019836681
0.008711464
0.019852748
0.013126564
0.013331225
0.027653677
0.041131727
0.021127822
0.016415415
0.020214451
0.02119777
0.0058446727
0.030402938
0.010338774
0.041239765
0.02885283
0.032509375
0.0407174
0.025591286
0.0153354155
0.017087372
0.01216559
0.005764481
0.0053637233
0.012525195
0.011352457
0.019468846
0.020101257
0.012496204
0.011673623
0.010105776
0.014895563
0.033259314
0.021701535
0.017334934
0.008402692
0.011493039
0.01667862
0.017049957
0.013301484
0.012810075
0.025240496
0.0065981536
0.01290696
0.029175458
0.012130554
0.00757213
0.018189017
0.017628271
0.020943515
0.0056441003
0.006857472
0.0074263555
0.03281683
0.032696165
0.016353047
0.016278757
0.03891545
0.025659537
0.011282741
0.03444873
0.026872048
0.014285371
0.030933501
0.03104915
0.010342598
0.014008915
0.030565636
0.028300948
0.015222705
0.01926201
0.041893035
0.012367386
0.020912893
0.031827748
0.012640428
0.03257246
0.01642496
0.02387495
0.015041291
0.036257286
0.021162974
0.010152303
0.026195696
0.023193974
0.02271033
0.03048872
0.026892575
0.018384226
0.008013191
0.012110869
0.023055099
0.016669653
0.006864757
0.03209732
0.019438922
0.045329645
0.01961014
0.011559706
0.013437103
0.021618906
0.017891565
0.01407415
0.033212774
0.013452125
0.033512447
0.021749998
0.044838946
0.014721761
0.011695103
0.019274179
0.010021055
0.03262892
0.04401461
0.011195637
0.026406588
0.03347946
0.017125195
0.014620157
0.011586383
0.014018739
0.031830397
0.024644773
0.017890733
0.01778697
0.013695216
0.007579277
0.022831297
0.031811927
0.01358132
0.0158183
0.02910269
0.03443424
0.037451044
0.015248111
0.021077767
0.020350901
0.01144834
0.015515956
0.021799346
0.011205788
0.013243681
0.008015559
0.034576535
0.024792787
0.016701765
0.0057482873
0.015271991
0.021984015
0.022868626
0.0047586896
0.032138642
0.005686947
0.026164789
0.010653927
0.013013199
0.00519428
0.016732715
0.027708134
0.017524147
0.019792289
0.031110806
0.016613215
0.028491056
0.011501802
0.009610951
0.022955239
0.02983438
0.030353526
0.023472419
0.015077678
0.016329918
0.020059206
0.015512186
0.031859428
0.015646841
0.0070334882
0.026260762
0.009199974
0.016357431
0.0063732015
0.01692975
0.020782046
0.008758046
0.041029736
0.005252561
0.0071513033
0.010919875
0.014078448
0.021146784
0.011522169
0.012737496
0.009084224
0.007062104
0.015751822
0.011907382
0.018276518
0.012809448
0.024845364
0.012849278
0.010438022
0.039720118
0.015224048
0.016818656
0.017709667
0.030597975
0.050704207
0.015425713
0.032704365
0.020484159
0.027120395
0.0256291
0.015433473
0.013377091
0.0113714505
0.036244836
0.01907936
0.015010462
0.040508684
0.019692274
0.029572133
0.028599095
0.023118906
0.03796291
0.02619018
0.0266404
0.022149337
0.033583276
0.019120216
0.024992224
0.009393354
0.0196722
0.02238121
0.017035067
0.0063593844
0.010908449
0.013279409
0.012327392
0.030873442
0.014384651
0.0113246
0.05203328
0.0487843
0.03398985
0.031437352
0.030214308
0.040842474
0.025303876
0.019286925
0.02315354
0.020528406
0.013225051
0.016066315
0.01820184
0.016904242
0.025371175
0.012419258
0.04712479
0.027422158
0.017791424
0.025071185
0.013696037
0.0136413975
0.030621117
0.015513961
0.032333825
0.027449243
0.033455513
0.023311827
0.03688379
0.01620458
0.0035060768
0.01668874
0.019211013
0.03841241
0.019512096
0.024774473
0.009196083
0.010893721
0.027295044
0.022627989
0.02368491
0.00858478
0.03231815
0.03135398
0.04313754
0.019194903
0.04517125
0.051280353
0.031848848
0.05495604
0.016144997
0.049024522
0.016711805
0.048691243
0.038868807
0.04312289
0.017644702
0.019695574
0.02827377
0.01716863
0.026993826
0.04555453
0.029849106
0.02069064
0.022564098
0.053928796
0.024708504
0.03191018
0.024377901
0.031970866
0.06485497
0.035540123
0.03257454
0.03778785
0.03658996
0.038987212
0.02636074
0.046558958
0.034818236
0.034786392
0.049114536
0.017563034
0.025942111
0.034506742
0.023638535
0.021864414
0.008526732
0.01605466
0.00754418
0.03143623
0.009428583
0.016004704
0.016684677
0.030705424
0.0076418095
0.008264874
0.0097170165
0.024758825
0.025258996
0.013475113
0.033117797
0.03834363
0.0625357
0.012373502
0.033596486
0.02356878
0.008451505
0.01829503
0.009365105
0.009582927
0.018689554
0.013609835
0.011987861
0.050966904
0.013582365
0.02138915
0.027651308
0.021385329
0.037823536
0.024859522
0.01584914
0.026046151
0.029547526
0.03066534
0.02556606
0.019266829
0.028481977
0.025930433
0.03106987
0.032731272
0.028940957
0.026093623
0.044302702
0.03636487
0.047744386
0.02511922
0.018867241
0.018106645
0.02376333
0.019225705
0.019967536
0.03868569
0.026781686
0.012425765
0.02078933
0.015733471
0.03770455
0.019311393
0.013348174
0.009255899
0.014083062
0.012081393
0.02254951
0.023780549
0.036226284
0.02385851
0.025166377
0.018476607
0.027334284
0.026404051
0.023006354
0.026189761
0.032486815
0.021091778
0.033612967
0.029287614
0.009392799
0.02110651
0.018224586
0.043933526
0.039684948
0.08361136
0.04275054
0.05720263
0.04785524
0.021888195
0.036129396
0.036395945
0.020765819
0.026040392
0.01619009
0.02561142
0.024380332
0.034899436
0.026155671
0.020084701
0.036484532
0.034607496
0.029791635
0.018739963
0.01702896
0.014691816
0.017569888
0.027594509
0.021677686
0.017936505
0.010166337
0.026958749
0.024492461
0.049073048
0.012334202
0.039283067
0.030046448
0.01813602
0.025083391
0.015270024
0.05032411
0.018589849
0.026587423
0.013138635
0.050484702
0.015378713
0.020599527
0.010784922
0.03311967
0.03426637
0.034961574
0.027233703
0.01657075
0.017531244
0.02836857
0.032488488
0.07675662
0.03982678
0.018920237
0.020554287
0.010891148
0.013713531
0.027332256
0.033528436
0.019655945
0.014569566
0.043008093
0.044813737
0.03655214
0.020427808
0.054529145
0.063043594
0.062337272
0.022401502
0.024868043
0.03737367
0.05303281
0.053083986
0.06461482
0.039142285
0.055364195
0.04610594
0.04891701
0.031306215
0.047008295
0.041614942
0.057967253
0.066094235
0.057083175
0.0629937
0.07012175
0.08663905
0.050682206
0.08286751
0.07534135
0.045252305
0.042185195
0.06686247
0.055789147
0.06587549
0.048266187
0.041051954
0.033889048
0.06374961
0.04652654
0.052232172
0.05607882
0.06304923
0.06982362
0.059665382
0.043944392
0.034892417
0.023749445
0.045563206
0.06844521
0.061846808
0.045687087
0.059590295
0.046119694
0.033467002
0.052824672
0.043040633
0.05758611
0.06339354
0.06188643
0.030757623
0.039602045
0.027604954
0.05255663
0.048395112
0.034316737
0.050250497
0.050132435
0.07076837
0.04890115
0.046227723
0.024523929
0.04377136
0.038571328
0.0389168
0.04271274
0.049614504
0.046677865
0.06613913
0.068371624
0.047153857
0.029474782
0.050252978
0.019745808
0.03508772
0.030431906
0.045087952
0.032713424
0.0297817
0.034464605
0.016304614
0.027527306
0.012219888
0.029194424
0.011112946
0.03034163
0.025414536
0.03430701
0.011882963
0.010883746
0.0055432934
0.02052403
0.037684772
0.012769812
0.0083752
0.012204259
0.023232633
0.025060028
0.023741154
0.028314019
0.024517665
0.020666055
0.014460738
0.01998263
0.010526127
0.021914812
0.015523045
0.010831764
0.021330334
0.013398703
0.016880618
0.01622169
0.014711653
0.035020906
0.015789
0.02038568
0.030746011
0.025433056
0.04395386
0.041643012
0.023271756
0.01761858
0.030973336
0.031447757
0.034858614
0.026357666
0.01784307
0.031662695
0.038221825
0.031704865
0.028579934
0.028799482
0.022319265
0.036972035
0.026034925
0.025645113
0.033836316
0.026473412
0.04200563
0.020888912
0.023744153
0.01773943
0.012905655
0.036327004
0.017971765
0.03044826
0.013267997
0.015097034
0.02486394
0.010678844
0.0060037016
0.016364485
0.026847683
0.01466611
0.018108463
0.02258408
0.027699564
0.019599084
0.008380863
0.021017773
0.0015476507
0.022104232
0.024097115
0.013920726
0.036602642
0.021851016
0.018139306
0.01389919
0.012759209
0.01743134
0.039916202
0.050596185
0.04580288
0.036801085
0.024801923
0.012320556
0.044126805
0.016209908
0.02382162
0.03289895
0.02685812
0.01547196
0.030010287
0.031785127
0.012326831
0.008938819
0.01971566
0.015873393
0.020468114
0.02366898
0.0470295
0.34258866
0.32186574
0.2519708
0.33456212
0.4494051
0.46251318
0.028490463
0.017252825
0.02450021
0.024933126
0.033050455
0.026000777
0.037584458
0.03861906
0.031433236
0.024202403
0.022627465
0.011933542
0.022900611
0.044454873
0.027882544
0.027543597
0.015861021
0.040518418
0.054925214
0.05461237
0.041791167
0.04400859
0.059281167
0.0378791
0.032402787
0.051037043
0.065092474
0.035722084
0.04721194
0.042144943
0.03714897
0.038861964
0.037341066
0.020565396
0.012788297
0.04088272
0.031877972
0.021407787
0.04650351
0.042886965
0.026733443
0.031042272
0.022558745
0.021881131
0.055348326
0.032230318
0.05147084
0.048516404
0.05677171
0.022728745
0.03509669
0.030851612
0.02568453
0.019662447
0.031301137
0.01780839
0.02993494
0.008942439
0.023288593
0.035087526
0.04067441
0.059917416
0.045985624
0.015731167
0.027479256
0.019542014
0.026887454
0.025736809
0.03499091
0.014920226
0.016736649
0.028942352
0.02454764
0.012327134
0.01440301
0.021319978
0.019502688
0.019088754
0.029941056
0.020775598
0.02873195
0.008916509
0.025949199
0.012895839
0.02583901
0.009500425
0.05485087
0.051278215
0.020350873
0.04330563
0.01883032
0.011981868
0.015013666
0.032982703
0.01891396
0.03907478
0.013527769
0.021707293
0.037879124
0.0073107067
0.017914798
0.015356547
0.025549052
0.03496032
0.040472228
0.018999992
0.021568092
0.032444883
0.019606274
0.019230573
0.024581015
0.021265866
0.012519601
0.023678392
0.016912961
0.02919368
0.022159608
0.02888798
0.02314094
0.018683648
0.056330636
0.04244298
0.034266002
0.059776723
0.034916706
0.037323583
0.029888894
0.033495087
0.03184022
0.03196686
0.02357067
0.008738273
0.012671471
0.018093552
0.031613704
0.032111943
0.024383582
0.025339395
0.012854335
0.03539054
0.026166376
0.03537251
0.04441748
0.021471357
0.038174585
0.03310063
0.041907493
0.038422074
0.03167311
0.059014264
0.04476439
0.058458846
0.040300306
0.051892582
0.041016802
0.046807222
0.035934974
0.023176016
0.029174834
0.02373344
0.05008838
0.050462656
0.030280605
0.022977786
0.028136222
0.016393045
0.03496322
0.014566556
0.019897915
0.033030078
0.036832605
0.04105392
0.006662128
0.03058627
0.075808406
0.040290307
0.044526216
0.026840648
0.04308851
0.027802058
0.03191427
0.07676961
0.03662886
0.03070164
0.04913961
0.067249075
0.023467448
0.023846634
0.04207573
0.0649427
0.044819713
0.044152927
0.054507904
0.04384931
0.04810732
0.065804265
0.06095801
0.037778214
0.03545846
0.018095013
0.022881284
0.046197515
0.03367829
0.020724162
0.037350114
0.03991404
0.033324245
0.024141455
0.048787538
0.030697761
0.019476736
0.013855197
0.01127347
0.022997033
0.016105527
0.02677272
0.04076612
0.025666539
0.036898527
0.019906064
0.024265187
0.01452782
0.016731407
0.020116653
0.027968062
0.036971334
0.022112565
0.023524111
0.00959134
0.037854895
0.017610293
0.018648887
0.012831091
0.029471185
0.039717887
0.016393231
0.04870351
0.022052288
0.018977633
0.012021315
0.022486882
0.02581681
0.044817984
0.06752101
0.039741408
0.029008577
0.06380512
0.05169885
0.04278932
0.029264431
0.050337568
0.052549735
0.059460938
0.08127238
0.045932397
0.020455688
0.020376932
0.027350347
0.060158398
0.037296996
0.043357726
0.020265816
0.03500046
0.025767447
0.012631113
0.006607549
0.019952359
0.013462154
0.017558169
0.0032832732
0.013514826
0.022651508
0.04414048
0.057093564
0.014335949
0.007911638
0.01987461
0.03832799
0.019490257
0.040337183
0.047582123
0.030547308
0.029142173
0.014222812
0.024838837
0.026995312
0.016864823
0.043783013
0.035524886
0.02732804
0.025580445
0.032948606
0.014993801
0.016864529
0.017193098
0.014299713
0.033467367
0.04554261
0.009457988
0.00758143
0.03934116
0.026898835
0.00772439
0.048209973
0.051954232
0.050672866
0.022065409
0.016656877
0.040685236
0.031313926
0.024736434
0.05082834
0.039940413
0.044618573
0.01936351
0.038411777
0.031133046
0.05650687
0.01037647
0.029675007
0.034077562
0.021490347
0.017267467
0.022968663
0.033049434
0.03478983
0.02449583
0.016766405
0.02025859
0.03566144
0.032798924
0.020400312
0.018503224
0.041603558
0.06307962
0.038915467
0.028478226
0.044639833
0.05252257
0.026610333
0.025388304
0.034875132
0.028335387
0.08488516
0.016340844
0.007577948
0.015814925
0.028574167
0.01271783
0.013613746
0.032968406
0.02332393
0.018839976
0.023521252
0.011284545
0.018987732
0.031044537
0.034274854
0.025306255
0.03503223
0.046260983
0.008987532
0.03165406
0.01699153
0.016655201
0.015742252
0.013573893
0.026041387
0.007137448
0.014729128
0.011793059
0.022388943
0.018392516
0.005054904
0.018508693
0.011459502
0.027897209
0.03964348
0.016511505
0.022851469
0.045747958
0.031307332
0.064720705
0.021658733
0.024446273
0.015106334
0.028542193
0.036127742
0.013401779
0.04005115
0.018252172
0.032981332
0.031229047
0.03805203
0.03271273
0.05087224
0.043455265
0.03284538
0.029759174
0.027306685
0.025185578
0.024470083
0.013477935
0.027722277
0.030098485
0.043203626
0.013238385
0.012554897
0.0068670656
0.014607957
0.03205162
0.021579137
0.0073557156
0.010554799
0.022885973
0.021936238
0.034253158
0.028162112
0.016624646
0.03966365
0.015263696
0.014322909
0.019617712
0.043738347
0.03845651
0.05087601
0.029857786
0.030301573
0.024337133
0.025046913
0.024748994
0.039351854
0.03502284
0.035165854
0.010893139
0.029596273
0.047631674
0.027243812
0.04917693
0.040970195
0.013659069
0.024216847
0.022122093
0.019793574
0.022274623
0.008946133
0.05847876
0.010146646
0.023862349
0.029821742
0.03382907
0.008656838
0.029252179
0.015106098
0.054213643
0.042808004
0.017735034
0.00802288
0.0071300506
0.008652764
0.0129290335
0.0138205215
0.042110242
0.028869692
0.053214606
0.034745436
0.049341235
0.034112927
0.035148628
0.020870294
0.049038853
0.04343761
0.029281273
0.026062846
0.021443315
0.015455472
0.046479914
0.022237929
0.063371025
0.019891538
0.015292781
0.03129389
0.032108016
0.013702285
0.010525439
0.008227238
0.025703339
0.00428918
0.0352259
0.014101458
0.030772788
0.01331305
0.027339231
0.022130068
0.01640219
0.013783467
0.02099579
0.018924294
0.029536372
0.016844641
0.009851536
0.022834249
0.02016677
0.019463718
0.014824365
0.020699894
0.01822572
0.010912111
0.0204846
0.018061496
0.010156118
0.029034209
0.024761649
0.010368651
0.023887083
0.015740145
0.020180186
0.028809253
0.020648235
0.02221998
0.013721716
0.009915569
0.0083413925
0.02530066
0.028077044
0.0213975
0.012793086
0.015792489
0.01940577
0.030845271
0.03339523
0.034240235
0.040254835
0.017345546
0.054960527
0.04129781
0.057122525
0.038621083
0.051205654
0.018243713
0.033184364
0.01746468
0.02600478
0.031276394
0.03671958
0.025315806
0.03262228
0.0304674
0.047653183
0.03572006
0.025519926
0.023986764
0.030759742
0.013191021
0.023086784
0.02524666
0.016008653
0.017806005
0.021226697
0.0056116
0.03292856
0.023900503
0.021867795
0.047220033
0.008656551
0.04015703
0.030117514
0.042422928
0.029024221
0.038182337
0.02380271
0.028472343
0.06683987
0.04510709
0.0250042
0.015450654
0.040694267
0.03902374
0.02157819
0.02192323
0.041062973
0.015189634
0.03626441
0.022827731
0.029298577
0.037800267
0.0537361
0.03766029
0.044795237
0.053392176
0.7629037
0.8426663
0.70156586
0.014755334
0.026762383
0.03220954
0.019823559
0.014629633
0.019582612
0.013876605
0.06128591
0.05977972
0.017842965
0.09071202
0.05439814
0.028144812
0.03301289
0.02194802
0.033547007
0.048714068
0.024534972
0.04563164
0.020439541
0.028658545
0.028669082
0.041464247
0.052733473
0.0509449
0.01763033
0.019323152
0.050178606
0.034660053
0.03512734
0.0642998
0.04705463
0.033513978
0.022117633
0.028274518
0.02765038
0.026177522
0.03050158
0.017052608
0.022618204
0.027454073
0.018222785
0.03274663
0.01573993
0.02109009
0.0263264
0.022479972
0.012592381
0.028230973
0.061092902
0.06851959
0.02500987
0.057411857
0.046081807
0.03053598
0.014334265
0.03838061
0.018986162
0.026233582
0.03496548
0.022058778
0.01744337
0.030675111
0.012463142
0.026605554
0.015547241
0.039644998
0.016224924
0.008828514
0.026077066
0.0336212
0.0144732855
0.027322887
0.0093621565
0.022506654
0.020474745
0.016552497
0.026554044
0.018435532
0.0142826205
0.045658693
0.030661652
0.027945371
0.019571977
0.039528746
0.03313847
0.004162045
0.017966129
0.032812055
0.0057063797
0.008868217
0.0182009
0.03307429
0.007229081
0.03187819
0.032758567
0.043005362
0.016477175
0.03764867
0.041251875
0.044773377
0.02994312
0.016843827
0.028916148
0.021519085
0.018163415
0.0287694
0.033931907
0.019752558
0.038127188
0.04082632
0.0351133
0.018650588
0.015803311
0.053532556
0.057587404
0.033521693
0.06356687
0.03887785
0.014477057
0.032270085
0.04435694
0.031591978
0.024431393
0.023738813
0.04909209
0.05422257
0.030104607
0.032216746
0.030579923
0.04688149
0.048716035
0.06464945
0.069264196
0.06830526
0.02815446
0.08094168
0.053010173
0.019990178
0.07603675
0.0254542
0.04081997
0.04089328
0.047259867
0.01943152
0.030308215
0.059808213
0.058178574
0.024691278
0.046397973
0.053698897
0.031357504
0.024466878
0.029188422
0.029245762
0.049788326
0.032123864
0.041762937
0.043930095
0.07777528
0.039894376
0.05500484
0.027749984
0.022035223
0.027671102
0.018364368
0.029165335
0.039899472
0.02521863
0.017869443
0.021105735
0.022746071
0.024418227
0.009357978
0.040149007
0.02140819
0.015775597
0.037934672
0.02569383
0.018558905
0.02358842
0.012109999
0.017518172
0.03080502
0.016298236
0.017451825
0.01363671
0.034800127
0.024988256
0.021107845
0.044199456
0.023521053
0.025428608
0.023331916
0.03464667
0.050164312
0.018879585
0.02466183
0.027602209
0.010550024
0.05873793
0.028932476
0.026398363
0.031882357
0.03264538
0.026456296
0.028950563
0.04938518
0.025568036
0.062875584
0.05390967
0.037220705
0.02856846
0.01780714
0.03467137
0.01778625
0.02729676
0.036091726
0.010689587
0.010400928
0.03042494
0.02850573
0.04020906
0.02887634
0.03780097
0.031272966
0.017884059
0.020425161
0.030878773
0.03703579
0.039976977
0.053251326
0.05261004
0.04609397
0.034120437
0.04355285
0.02729387
0.060883366
0.033998918
0.030432155
0.057205617
0.042688146
0.059452355
0.029797753
0.039845478
0.025231825
0.051068712
0.04487897
0.037672162
0.022005852
0.03164576
0.028898241
0.03302126
0.027136315
0.019092184
0.02114776
0.040678207
0.030888045
0.029172987
0.030657081
0.033115927
0.034353346
0.039495394
0.03733391
0.047066424
0.07540412
0.012988078
0.014228059
0.03138774
0.013317618
0.018162314
0.0515903
0.028452361
0.033586677
0.025445977
0.0215247
0.023952702
0.022952348
0.030951204
0.06761918
0.037984807
0.038779534
0.04302573
0.08547015
0.050833542
0.026431978
0.0110006835
0.019542053
0.016471557
0.038499713
0.03335945
0.041983012
0.009722807
0.01570786
0.045508053
0.030835679
0.011475865
0.013000937
0.027820518
0.022810046
0.016531512
0.009279405
0.026519388
0.010937229
0.0428976
0.008879952
0.02198091
0.015686613
0.007555368
0.004265705
0.008607792
0.018811695
0.016379174
0.0062807626
0.013616249
0.019419326
0.017208189
0.0233844
0.017027548
0.0
0.0075030276
0.009806225
0.013206512
0.007979299
0.007398239
0.020855626
0.01945766
0.013408482
0.02444136
0.0077220867
0.0059469724
0.013592826
0.029783642
0.011812779
0.020444395
0.015841331
0.0098648835
0.017939813
0.022218093
0.0064305877
0.014645893
0.023998933
0.014906964
0.021379631
0.016358491
0.009799224
0.016639829
0.038105473
0.02666649
0.025125535
0.024417264
0.015602243
0.011725033
0.04063359
0.012171513
0.028616998
0.016853148
0.032378115
0.01448281
0.033612397
0.017901868
0.015792724
0.030965513
0.03710742
0.040435866
0.04822232
0.032799758
0.034522876
0.031668086
0.018686166
0.024975372
0.033970166
0.04144647
0.03325896
0.01872331
0.025644798
0.041043255
0.02395304
0.0315745
0.03350185
0.048652172
0.03673725
0.014524503
0.030751077
0.026162082
0.010124468
0.015801188
0.034965653
0.02495303
0.032038722
0.01111236
0.034722466
0.035331912
0.029225487
0.02478992
0.046222307
0.05379768
0.08357073
0.08431224
0.0781361
0.058108225
0.054008782
0.026373565
0.05530036
0.026526636
0.021888683
0.036210433
0.025337128
0.039469708
0.06816009
0.056559995
0.04373782
0.035994846
0.024178246
0.020448783
0.023712566
0.023397468
0.02953982
0.027426038
0.03984431
0.029427698
0.021494204
0.030609647
0.03099939
0.03630977
0.03940399
0.024200449
0.040502492
0.021211147
0.011734367
0.017274514
0.034687355
0.022708261
0.04410271
0.020654975
0.030120632
0.02889226
0.030067323
0.023489248
0.04788747
0.0452141
0.03391801
0.027208889
0.017800894
0.02279432
0.034240253
0.020632165
0.011205791
0.009378536
0.012387888
0.029766113
0.053356368
0.03154744
0.009445745
0.017606162
0.01552727
0.0494519
0.031646315
0.019177297
0.038953647
0.04724257
0.028746914
0.015734348
0.0069835694
0.01655418
0.0039226264
0.0063713538
0.010761404
0.0062113088
0.014934278
0.021379922
0.0153413
0.018602308
0.005177248
0.0044678045
0.0027899886
0.017831223
0.01176635
0.0034058706
0.011496031
0.013780574
0.0071923654
0.013633501
0.01607096
0.0080478415
0.013329539
0.020111645
0.026547354
0.022766342
0.011655406
0.015917407
0.022900855
0.017356316
0.024211492
0.025424497
0.022594778
0.016507318
0.029054295
0.0181206
0.020802693
0.020356646
0.024068683
0.023082897
0.017084884
0.03232013
0.013864776
0.01853872
0.013472795
0.012782968
0.050181042
0.035412017
0.009821166
0.03925383
0.018873513
0.0063559986
0.030385708
0.02344708
0.014758675
0.01359023
0.009635303
0.00840839
0.023296164
0.045692302
0.02701663
0.059284437
0.04445819
0.027252253
0.03775593
0.025030743
0.03528465
0.026739134
0.031764753
0.044759028
0.05558274
0.05040623
0.027152684
0.073349364
0.058030207
0.07303305
0.07265335
0.045337047
0.04439904
0.03182494
0.06576718
0.07130929
0.043842778
0.04022261
0.075558186
0.040191963
0.06655512
0.07077672
0.027089942
0.041229762
0.03571131
0.039626222
0.03567613
0.012050643
0.01721028
0.01698393
0.03450953
0.072175674
0.032604862
0.02921811
0.051966053
0.03471388
0.015157555
0.06945831
0.06457751
0.06175346
0.057730917
0.053658903
0.0417884
0.039710086
0.05273517
0.060749836
0.04510048
0.01815719
0.05166346
0.09112772
0.06892116
0.0610358
0.059636157
0.045331553
0.02987759
0.057854574
0.058183126
0.060756102
0.056957986
0.066186614
0.039344665
0.06310475
0.041877083
0.075823605
0.05215131
0.06637276
0.02468976
0.044709142
0.05444462
0.061274655
0.054444704
0.050840322
0.04785824
0.014436492
0.015134313
0.014853624
0.026809268
0.029272422
0.024175152
0.028865004
0.07005674
0.033754736
0.017428935
0.025450973
0.050205518
0.021592228
0.033259496
0.029483417
0.02026778
0.03674866
0.032771368
0.026698695
0.026317038
0.03718894
0.051086992
0.040253483
0.027121808
0.060607947
0.020130193
0.026231006
0.07860198
0.05970024
0.044697553
0.028367404
0.033925124
0.012787562
0.024412386
0.029164124
0.042029
0.018336818
0.03635698
0.03039421
0.03140673
0.024488939
0.081250034
0.027184127
0.0403543
0.067193344
0.03941557
0.021158256
0.07231233
0.053146437
0.05676525
0.02647866
0.031175474
0.03385526
0.03464999
0.019051958
0.084124014
0.0480818
0.055138625
0.038779363
0.028821046
0.058330853
0.024779802
0.06886829
0.03112202
0.042832896
0.042426836
0.03691454
0.01515494
0.0046142456
0.032619685
0.03033272
0.015728392
0.009931675
0.032681424
0.011579444
0.014137945
0.025953755
0.017073484
0.012137682
0.015044087
0.03593605
0.023508461
0.025249487
0.030840637
0.023713104
0.024847778
0.02116845
0.019652363
0.013098471
0.048026316
0.019025134
0.032768246
0.040993672
0.030052865
0.019332083
0.04095656
0.016522031
0.022126688
0.031942025
0.013483908
0.0068507046
0.014013076
0.03183563
0.016061177
0.011281851
0.022494372
0.01754286
0.008713876
0.03932012
0.014500936
0.020273611
0.01984927
0.019528257
0.018362455
0.029593816
0.032324847
0.032513656
0.026498785
0.028199775
0.01996627
0.024398347
0.019919295
0.037285086
0.017746372
0.03333229
0.025112743
0.021264894
0.008625213
0.03716536
0.025135215
0.022409068
0.05428253
0.012687906
0.035176322
0.029019121
0.024108926
0.03166237
0.018779382
0.0317265
0.050883345
0.023455027
0.016356783
0.021253653
0.024614867
0.08342641
0.03374101
0.024215218
0.022657156
0.02540207
0.02383917
0.041576035
0.03467664
0.04133038
0.022597928
0.0183251
0.03880308
0.021909561
0.034729097
0.0342678
0.020593483
0.03787133
0.028288197
0.01824242
0.033161763
0.0191587
0.029470824
0.030026034
0.031038066
0.02949098
0.014204027
0.013623966
0.02880771
0.01809198
0.027764363
0.014989476
0.029329674
0.011193432
0.032150343
0.07323059
0.035799127
0.037786085
0.010975245
0.059329264
0.0114694005
0.039566398
0.020124556
0.024613246
0.024629364
0.025669405
0.020687895
0.035038956
0.040471766
0.051629487
0.029723268
0.022238439
0.04090704
0.02472303
0.03279671
0.015869945
0.042691786
0.025784586
0.024630567
0.0361846
0.011515078
0.021309756
0.014645206
0.014598375
0.03399453
0.03300939
0.026358735
0.032357264
0.028158782
0.05185802
0.0502766
0.023133893
0.027785197
0.029964173
0.014175525
0.025278866
0.017191378
0.011250863
0.02842363
0.030544767
0.035747163
0.026952356
0.023306374
0.018613322
0.017596615
0.019872144
0.020033667
0.015540664
0.03084184
0.031446397
0.011171963
0.023631755
0.031075848
0.030740635
0.011799967
0.025538396
0.07096391
0.0247022
0.009712185
0.026659012
0.03499042
0.01688067
0.016789094
0.011478779
0.011642427
0.007874707
0.012446141
0.005789404
0.013052598
0.018041823
0.028954886
0.02104512
0.009738042
0.005069795
0.04093217
0.034357205
0.023234516
0.026604844
0.03463378
0.042944416
0.029972007
0.045422398
0.029495725
0.024844166
0.024050605
0.024947908
0.015910527
0.03509255
0.022124846
0.03303154
0.028009927
0.013600882
0.0144654885
0.025067888
0.017043516
0.02816375
0.010595439
0.02784383
0.016068624
0.013089711
0.017149236
0.02794339
0.03197862
0.026359683
0.05888774
0.035600334
0.012868792
0.015393055
0.012550604
0.033541445
0.047885258
0.036695756
0.043237
0.036591534
0.015127099
0.033565033
0.042805888
0.049668334
0.019693283
0.021409271
0.04786453
0.024276419
0.038077496
0.023280354
0.032094967
0.024086138
0.028882036
0.017957782
0.01879904
0.023808764
0.014615992
0.014263438
0.010198437
0.014965308
0.029940581
0.011056279
0.018057836
0.020797122
0.014959675
0.079994716
0.09222194
0.015995136
0.026170703
0.01111724
0.026357498
0.021727238
0.037964094
0.033274006
0.041925177
0.042821523
0.021005576
0.054959282
0.05313435
0.055588882
0.043116283
0.0447585
0.036715504
0.033576358
0.034542795
0.029386707
0.055443667
0.015318208
0.0567529
0.020268384
0.019762514
0.030088885
0.023208642
0.027056292
0.012287215
0.03587542
0.024168288
0.014030441
0.018488986
0.0138038965
0.030404793
0.02521867
0.03443024
0.06034672
0.09262975
0.04988096
0.044872306
0.07306728
0.089127064
0.08605504
0.13427576
0.13472997
0.0945253
0.10239623
0.0935917
0.07387535
0.08284221
0.09749458
0.093338
0.060809918
0.056610595
0.07217584
0.05413809
0.0673117
0.079543024
0.0675278
0.058092993
0.0671693
0.05073091
0.03227888
0.035877522
0.039521433
0.026333634
0.038061634
0.029415417
0.025738468
0.021447701
0.011277521
0.02995685
0.020818865
0.017402422
0.03495289
0.020461833
0.031831097
0.017833658
0.04365315
0.021090424
0.025940986
0.026228659
0.023624344
0.010975011
0.051164962
0.018536268
0.01289541
0.024879206
0.033966627
0.022904806
0.012706362
0.009744105
0.011726815
0.015811138
0.04058445
0.013444977
0.023148952
0.036682833
0.03457183
0.02225438
0.013287265
0.036860596
0.04185201
0.019914884
0.03060765
0.022174943
0.023682049
0.029244134
0.02123949
0.01917799
0.030632248
0.03309375
0.014251227
0.033941988
0.034714457
0.023124902
0.037258472
0.022377113
0.012370941
0.033894893
0.041450094
0.028216884
0.059693497
0.031534903
0.030717297
0.026520524
0.051100716
0.05065209
0.054001074
0.035603844
0.054524958
0.026980028
0.03165751
0.051590428
0.042012196
0.029396476
0.040013656
0.050350517
0.0073710945
0.023359466
0.019882081
0.014944966
0.011782502
0.031268634
0.024934854
0.0133154355
0.020965304
0.030720724
0.022227
0.020167923
0.021291278
0.018568587
0.013148019
0.025167176
0.017095897
0.019416044
0.027500628
0.008846707
0.015386895
0.02955854
0.009174776
0.01640783
0.024447542
0.031515367
0.004269133
0.02660779
0.012791007
0.015716085
0.034410145
0.019832917
0.044765186
0.01763842
0.02225236
0.016654646
0.02826335
0.020464085
0.013474561
0.03891202
0.0061188135
0.024253083
0.014976426
0.012449141
0.025591899
0.0039429427
0.008549895
0.0056698616
0.0129856365
0.0016136724
0.0072200955
0.009808367
0.016969388
0.034615025
0.0048074885
0.01154591
0.026566768
0.019526076
0.019726556
0.014987064
0.0087151015
0.010069487
0.017180162
0.020138996
0.019719724
0.021362107
0.040576313
0.021323893
0.034272842
0.03428447
0.010493401
0.013581022
0.007469597
0.021107713
0.008211839
0.019989952
0.01530634
0.015120131
0.01304021
0.017326584
0.013837317
0.029635679
0.028496616
0.011389338
0.015983975
0.018581023
0.020875901
0.03389293
0.014693654
0.02665897
0.024067704
0.02717422
0.018866707
0.020292118
0.012101919
0.018715117
0.021614207
0.023071002
0.0207926
0.01301681
0.009744182
0.011265515
0.033180736
0.0147837205
0.017356345
0.019404154
0.018730713
0.0175673
0.043731794
0.02130299
0.024405262
0.044639014
0.03431513
0.026056625
0.021835087
0.020239307
0.017038466
0.021928925
0.01614059
0.019334
0.00788192
0.011515205
0.020832434
0.017507773
0.03879424
0.07359464
0.016486658
0.052824307
0.019362587
0.021519832
0.026220804
0.030580653
0.017226692
0.06286574
0.037385125
0.041593883
0.016142316
0.012219204
0.069262825
0.02664616
0.010798189
0.05794003
0.011237403
0.010907187
0.02355445
0.033923354
0.093228385
0.0076695965
0.0144418
0.008398299
0.020014703
0.022658601
0.015342147
0.037870847
0.019718692
0.015920063
0.022414003
0.015064252
0.008655618
0.008049363
0.015506924
0.013359193
0.038146637
0.043305904
0.021977872
0.027005225
0.01066195
0.015531962
0.052487593
0.023732541
0.01954834
0.024164064
0.022641463
0.020243706
0.015673578
0.02030097
0.03056802
0.01283098
0.010668262
0.026859665
0.028189514
0.049381502
0.015706144
0.027423
0.013775266
0.017825209
0.019549571
0.024916857
0.021094898
0.034564227
0.02486868
0.01843547
0.023973575
0.0140753295
0.04463481
0.022481933
0.030400334
0.016594099
0.022990078
0.026013017
0.011000892
0.012090906
0.008672539
0.0039298018
0.017359905
0.0074594687
0.03543238
0.023097964
0.021656575
0.026660662
0.009924593
0.0050979364
0.014086995
0.0153530715
0.026802316
0.028486019
0.012660767
0.012706012
0.016232789
0.015664266
0.032765474
0.025416467
0.016564919
0.053580374
0.012536444
0.0328099
0.013672837
0.019495426
0.012683928
0.0073544397
0.01016854
0.029275527
0.038288314
0.031479616
0.027779426
0.02401978
0.029962365
0.029565068
0.030182246
0.023145152
0.021129783
0.02281258
0.02957572
0.01993386
0.018875958
0.009200748
0.00944723
0.007935061
0.01123022
0.03529459
0.01919014
0.012664174
0.015599894
0.013775282
0.026361063
0.02967771
0.018278675
0.030741876
0.04949362
0.025955027
0.040525883
0.040893205
0.03507817
0.03157572
0.04029724
0.03874102
0.03477133
0.02739247
0.057372775
0.0122320885
0.019987285
0.023157263
0.03830055
0.029546285
0.019942317
0.022973087
0.026099594
0.027788628
0.029433034
0.022682736
0.026403993
0.03229204
0.029040024
0.029465536
0.024736023
0.038715184
0.029675102
0.012423034
0.0114361765
0.016901081
0.03598062
0.042849526
0.009961649
0.01707679
0.03955386
0.012434457
0.015227775
0.014653598
0.025107024
0.019075546
0.04548466
0.026592147
0.030562056
0.020829558
0.026787959
0.019585554
0.014737955
0.02698035
0.027217599
0.066665515
0.022647163
0.029773414
0.027561404
0.036504902
0.028445212
0.030359278
0.020918978
0.03657248
0.040666316
0.037192974
0.0323609
0.014561708
0.029914387
0.02318269
0.03647034
0.033054084
0.04444103
0.027295025
0.038154874
0.026563598
0.05556434
0.051539488
0.045831785
0.046280377
0.024476632
0.07704942
0.035533898
0.035896614
0.02122464
0.054328997
0.032702502
0.061805196
0.06713077
0.027932242
0.044094134
0.029490007
0.0570396
0.03208233
0.043358833
0.07061071
0.04420086
0.057114925
0.040477138
0.05581063
0.07315484
0.027686356
0.04387391
0.04737545
0.0256457
0.041808452
0.042088334
0.03457481
0.022305267
0.05447938
0.03527083
0.0615528
0.031337563
0.015627004
0.020224096
0.028789805
0.05539228
0.035671752
0.044690687
0.035810526
0.03528474
0.03481423
0.048900407
0.030485256
0.038543336
0.059399325
0.04691727
0.03988835
0.034413196
0.040687326
0.060459137
0.030238103
0.019653764
0.044483703
0.025496218
0.10251176
0.02569357
0.031900913
0.042517897
0.063802406
0.040221177
0.01434893
0.041877847
0.056149445
0.060859706
0.040598713
0.018657401
0.026910715
0.035563644
0.04826804
0.025470385
0.031165412
0.023704328
0.020504965
0.022705197
0.024294246
0.049351387
0.03839572
0.022083888
0.027950399
0.02191386
0.011530448
0.026857719
0.013818473
0.020054175
0.010609245
0.013335507
0.021079691
0.025897041
0.022896744
0.017426929
0.011342783
0.022985006
0.021368086
0.034778755
0.031684782
0.019831998
0.013922126
0.02793095
0.013431589
0.01446009
0.018573027
0.029298013
0.0082555525
0.012631475
0.02045305
0.05502184
0.035657555
0.0054833824
0.023107024
0.008335365
0.008907115
0.013513892
0.012923208
0.05655582
0.01152769
0.01304744
0.012030382
0.0077751097
0.008283989
0.008430178
0.014707063
0.011569328
0.024152653
0.02057049
0.01611997
0.056455437
0.016951462
0.017119665
0.023023598
0.02351762
0.026863808
0.02747435
0.02186893
0.034498267
0.026380247
0.010744394
0.035667494
0.0062762816
0.013210445
0.025457984
0.02073181
0.040085144
0.027023531
0.011426837
0.02544852
0.008589125
0.007915361
0.021579957
0.023044791
0.018745454
0.016651552
0.019037083
0.02454822
0.0168366
0.029306702
0.02571281
0.048541177
0.018373434
0.037339333
0.020011205
0.017355112
0.021476932
0.031173432
0.035099503
0.02774435
0.030885296
0.022906171
0.013342819
0.01843712
0.012972342
0.014386198
0.044185672
0.03568873
0.02356828
0.021346154
0.032599308
0.013665942
0.034338478
0.03006902
0.017336158
0.022129951
0.026982475
0.018186204
0.016968084
0.028949458
0.015627986
0.04225863
0.010917501
0.02936071
0.017712167
0.04380475
0.03989028
0.015764805
0.028013716
0.02846486
0.023739036
0.017742418
0.014136953
0.021292508
0.020685248
0.013604308
0.020163441
0.036284685
0.03721618
0.035570838
0.018310554
0.017511165
0.024144549
0.030552538
0.051339287
0.039132576
0.01260092
0.034245074
0.01149515
0.01353629
0.0060452544
0.024830082
0.012641921
0.008240529
0.0062806774
0.014621938
0.014343534
0.021351123
0.004047366
0.0049467674
0.03276084
0.027447108
0.010646127
0.0106638875
0.007891073
0.02625839
0.0150819
0.009469012
0.018859543
0.032990973
0.026542692
0.017981512
0.014728219
0.008065486
0.028774576
0.047059625
0.02053976
0.02151803
0.006742384
0.01749444
0.0057224357
0.016078465
0.01965801
0.01903034
0.0266539
0.039321847
0.012785583
0.019041818
0.030628627
0.021832012
0.02505007
0.022298874
0.011900419
0.04401249
0.012895362
0.023711864
0.010646094
0.008250599
0.001962073
0.014505083
0.01589464
0.018393872
0.017763855
0.007268815
0.011138228
0.020897359
0.011455842
0.01308019
0.02645504
0.002905383
0.018070797
0.006670778
0.010514504
0.016162824
0.0047870576
0.030088145
0.029242719
0.004445947
0.026552152
0.011508925
0.015033242
0.017110523
0.030804886
0.018242594
0.01274904
0.015266811
0.00930024
0.0037607185
0.012377364
0.015522291
0.020617504
0.017965617
0.020912034
0.017772082
0.030674523
0.0141712185
0.032808024
0.006916991
0.014861626
0.026760696
0.019212829
0.02697531
0.014903541
0.003680826
0.0034229246
0.019614227
0.034636766
0.00688324
0.030611811
0.017135706
0.023708722
0.012676362
0.011846616
0.014399824
0.020426163
0.0130122425
0.009238704
0.06106738
0.013927301
0.013728518
0.006837011
0.013455264
0.024057915
0.009625687
0.023702562
0.031275682
0.016444327
0.055247836
0.021243695
0.011252489
0.01743402
0.011626663
0.02412692
0.016251879
0.012805235
0.012465995
0.02706112
0.050443206
0.018107215
0.016885104
0.034772098
0.010707385
0.012179989
0.0210528
0.034498796
0.017910225
0.046016622
0.040902495
0.008016348
0.02971089
0.01983365
0.019122442
0.018977871
0.0061696214
0.017595373
0.025873857
0.011253341
0.0115028955
0.016547399
0.014133605
0.014022173
0.03885765
0.02735042
0.017693287
0.038326856
0.014362192
0.013624557
0.05610664
0.015837148
0.017907059
0.009497708
0.013859813
0.01718051
0.028000535
0.0039079646
0.022188842
0.012087864
0.026404291
0.034477673
0.011692811
0.027357848
0.0066940305
0.008764498
0.033625353
0.021669129
0.05211806
0.022905944
0.013564095
0.014921251
0.031428933
0.02434199
0.017742762
0.019776525
0.0566991
0.019208556
0.014567585
0.027611077
0.028060589
0.026516726
0.026732143
0.03376429
0.01558414
0.025418127
0.0127958385
0.017987376
0.021879762
0.02959287
0.014696558
0.009571062
0.012045563
0.018042663
0.027166553
0.039370894
0.018366273
0.02700166
0.023744227
0.024916647
0.021372357
0.03637692
0.019589432
0.019425312
0.051053178
0.011422133
0.019546252
0.018195352
0.023632852
0.039959013
0.052082453
0.0194602
0.02474442
0.030506304
0.030501196
0.043050885
0.04071571
0.039257903
0.07386613
0.039413854
0.056897577
0.024208449
0.03720751
0.059802353
0.03137962
0.029120011
0.034993086
0.030300954
0.02252075
0.015426007
0.062323436
0.06365266
0.037201494
0.042563573
0.06181778
0.026750393
0.035203256
0.019023217
0.05960113
0.036719557
0.025381854
0.04780484
0.03811078
0.025419047
0.03161199
0.0351819
0.06369332
0.058459017
0.032383766
0.02614115
0.0330178
0.028288875
0.052122567
0.04111642
0.057501927
0.04398953
0.031152567
0.024514658
0.02633737
0.026710724
0.02598097
0.026426924
0.016068256
0.027866935
0.035801537
0.051136658
0.030331565
0.038604956
0.05156028
0.027565137
0.03715948
0.03599605
0.047470026
0.044895932
0.04086026
0.06400902
0.04998986
0.06703298
0.06454607
0.054157678
0.054792844
0.03735536
0.03605785
0.053978935
0.041220956
0.036759954
0.068006866
0.045591384
0.05443824
0.050521083
0.065064415
0.030096242
0.090726264
0.039245673
0.06477573
0.05579112
0.059199028
0.05754903
0.05521703
0.05502977
0.06849099
0.039693642
0.07535146
0.04637957
0.06309661
0.05757234
0.055891838
0.08440535
0.11028214
0.11616544
0.09575426
0.10349582
0.10390617
0.1103969
0.12490751
0.116182216
0.10515708
0.099876575
0.095291264
0.1015541
0.13346961
0.12741332
0.12704009
0.13573746
0.15411764
0.14697088
0.16436945
0.1584013
0.18220273
0.22611997
0.13789281
0.031203697
0.036930904
0.035934497
0.046902455
0.040769264
0.038256314
0.020941282
0.030326312
0.02235806
0.025462268
0.047653235
0.025739063
0.02799014
0.023792762
0.03266022
0.014612367
0.020447837
0.034679763
0.037665784
0.04063329
0.025843773
0.03388123
0.015924916
0.02855548
0.01668784
0.025773369
0.025821885
0.03401947
0.027918864
0.028774152
0.028605286
0.012330094
0.014086563
0.014993642
0.0060982043
0.035009008
0.024261374
0.011475603
0.016999308
0.03183303
0.025520306
0.021576688
0.0058139013
0.02203765
0.014671114
0.012784047
0.011158089
0.012046416
0.0093204845
0.022087358
0.027300091
0.029479051
0.023301726
0.01657047
0.019082999
0.02476506
0.037721395
0.03983607
0.012012246
0.036811523
0.031054849
0.05922834
0.012982801
0.014474886
0.0275543
0.010652943
0.0085506225
0.029946305
0.02670364
0.023748564
0.012976101
0.013080196
0.020205012
0.02975268
0.02247371
0.019705337
0.022371665
0.027850032
0.032301705
0.029217942
0.021509543
0.03023385
0.041406546
0.028399553
0.018703226
0.013975612
0.06310164
0.04878914
0.033967413
0.031112509
0.061424967
0.03869133
0.017429259
0.041432243
0.023857838
0.04190943
0.014209486
0.048910156
0.02758054
0.031655464
0.039201852
0.07151468
0.048838742
0.060812566
0.050414108
0.05930967
0.061572902
0.053718608
0.060805414
0.025688523
0.023754718
0.034134828
0.05283692
0.03834973
0.035903487
0.035509598
0.042730235
0.033064447
0.053120278
0.05457761
0.024264276
0.03250304
0.028392259
0.01963422
0.009214712
0.023315739
0.03572742
0.033196244
0.033150394
0.041890334
0.024652982
0.035028856
0.020661557
0.008797424
0.013638407
0.010883482
0.015092307
0.015828641
0.021735933
0.0065222434
0.039754376
0.020931305
0.011078357
0.06910247
0.018489633
0.019699665
0.012106155
0.01881533
0.017077109
0.034082208
0.011129712
0.03140918
0.021332176
0.022252686
0.0233952
0.0090100635
0.008088528
0.009657696
0.010428328
0.022921134
0.012611543
0.013827527
0.01771629
0.030382542
0.015117423
0.016170725
0.027083956
0.02922629
0.010155404
0.009603486
0.030778432
0.01565285
0.036525045
0.023980014
0.041498933
0.027925976
0.03798341
0.03445944
0.016837938
0.015101357
0.015771637
0.029326506
0.031555824
0.019250453
0.029626448
0.042926412
0.0094615165
0.01066986
0.027303232
0.024084575
0.025119195
0.041346893
0.02056287
0.019741511
0.008665056
0.037718922
0.017215475
0.015186098
0.018081136
0.023660824
0.025786167
0.037724797
0.034012523
0.02253295
0.016944934
0.025162918
0.01890152
0.020233348
0.015010596
0.03547734
0.015322507
0.026959458
0.030972173
0.048275743
0.05303561
0.046067853
0.06342425
0.033230864
0.039688632
0.034936078
0.029125195
0.019302323
0.016307708
0.026631825
0.014703442
0.015602388
0.015197226
0.011870955
0.025489451
0.03514658
0.025322339
0.02465607
0.022599783
0.026913518
0.01807951
0.011291211
0.020359013
0.02647863
0.022191947
0.051604927
0.0302322
0.021037932
0.014046002
0.021624696
0.0227236
0.012159778
0.013878702
0.015093158
0.016039409
0.01887897
0.02398391
0.022136942
0.010042322
0.02471437
0.01585241
0.022964705
0.01969056
0.020937204
0.007150496
0.04325111
0.020786976
0.0264715
0.0038959489
0.014549595
0.01017236
0.024504444
0.01927823
0.034925662
0.02434221
0.014841798
0.016654087
0.011385279
0.035827596
0.026606072
0.01167278
0.04282067
0.03826352
0.07357532
0.03561069
0.044990316
0.042742416
0.040373538
0.036939435
0.036348652
0.044199497
0.011416936
0.025148727
0.01850834
0.030400516
0.0331736
0.015698358
0.03236607
0.018098872
0.034216974
0.047538057
0.024278367
0.00936382
0.022613442
0.04674954
0.06461366
0.048193682
0.02454007
0.023753086
0.055164717
0.02562018
0.040455252
0.035317637
0.034078438
0.032532606
0.017316245
0.012290535
0.018119268
0.011556807
0.020078823
0.018033585
0.021709213
0.024788773
0.020103378
0.009094018
0.030348426
0.03408648
0.03018585
0.014395841
0.029550625
0.025952414
0.018825714
0.037416674
0.031480566
0.034458794
0.016217088
0.035583463
0.018434312
0.015404406
0.023008524
0.045608133
0.025247334
0.021001652
0.035839614
0.024811905
0.019144358
0.022419488
0.041426837
0.0068262815
0.036595255
0.07712398
0.04103056
0.04253778
0.058056008
0.032197654
0.040751297
0.023874134
0.017917847
0.050297223
0.06575597
0.013306457
0.010760559
0.014242621
0.03067085
0.04530313
0.014711638
0.035559315
0.07329363
0.055094928
0.025130397
0.04138148
0.014147098
0.02923251
0.049153324
0.035209656
0.0776383
0.045165446
0.06482135
0.042131618
0.052326422
0.023097456
0.06913015
0.037687775
0.0426061
0.027085545
0.019354856
0.04253627
0.018667879
0.013533868
0.012784189
0.0052512093
0.028926564
0.015958574
0.017524343
0.017728316
0.015315835
0.029035734
0.01661427
0.009260897
0.012251725
0.028689414
0.040138893
0.01302255
0.029263083
0.029967705
0.011306351
0.03176282
0.008825747
0.024614435
0.005881762
0.01512571
0.018288339
0.010083174
0.027656246
0.025769744
0.024860702
0.019103685
0.016290147
0.020694667
0.053109318
0.024468545
0.03143974
0.01639645
0.017921776
0.0023548708
0.02427769
0.023843927
0.008432398
0.028811071
0.019895026
0.027274312
0.026567232
0.013530252
0.039766595
0.037713267
0.030292911
0.017108409
0.023999155
0.021485217
0.020157063
0.019833
0.02335255
0.02355684
0.01121824
0.018589523
0.018850198
0.025515059
0.026524054
0.037726674
0.053061634
0.09219047
0.013983153
0.0099193705
0.0138420975
0.020751018
0.02141054
0.02034967
0.010811783
0.035585556
0.028689096
0.013301892
0.02851107
0.01946106
0.010793968
0.009535463
0.012413471
0.0313724
0.010642954
0.0090713
0.020751016
0.016513735
0.022428991
0.0386614
0.017575711
0.020551493
0.0073890775
0.023100648
0.028246347
0.020023078
0.02548564
0.022174006
0.012005382
0.039842032
0.016723502
0.016470257
0.011141941
0.015689349
0.013711089
0.020995842
0.030933103
0.0076907645
0.019037582
0.019671202
0.018620262
0.013836946
0.01421074
0.018710647
0.020771127
0.019989116
0.016249757
0.007316571
0.008501948
0.007969758
0.0074420474
0.02449047
0.020356704
0.005268834
0.012661298
0.02843923
0.030695872
0.02336251
0.03570167
0.03395051
0.011895639
0.015259893
0.033751387
0.009675753
0.012795076
0.020270055
0.027412616
0.020635197
0.013805924
0.011861046
0.015806695
0.0047575915
0.0117569035
0.009899459
0.007377704
0.032176472
0.0044660764
0.011298369
0.031461813
0.01744473
0.016264789
0.015002324
0.02838532
0.010159874
0.012914625
0.018639257
0.015814655
0.016411697
0.028871322
0.00814952
0.026546448
0.029541127
0.031050837
0.02188614
0.017196652
0.019774234
0.034541056
0.017024469
0.009345741
0.014559214
0.01693025
0.023867607
0.017556045
0.031027889
0.02248285
0.02406401
0.015034725
0.009356275
0.0050274613
0.015148574
0.02918595
0.009476664
0.016117595
0.008551037
0.016157107
0.009132271
0.014022299
0.010676301
0.016240671
0.006819784
0.007972368
0.011136208
0.009844456
0.020371111
0.015710657
0.021596814
0.020539498
0.02224997
0.025071137
0.015967347
0.038685728
0.020710224
0.02692665
0.024081618
0.018492524
0.020208415
0.031318866
0.015624463
0.031664062
0.017843604
0.024762258
0.03962629
0.0055248467
0.024730183
0.011011384
0.008532969
0.014724015
0.036638778
0.021463158
0.007965007
0.0068754912
0.028191637
0.02863379
0.014453805
0.011481433
0.017961962
0.03684417
0.008184796
0.014088568
0.014532405
0.017698603
0.030274156
0.0277796
0.020925978
0.034780566
0.024297906
0.039965965
0.022624264
0.026986448
0.04566503
0.03862384
0.035150025
0.024429066
0.038686723
0.02312232
0.014396645
0.009718622
0.016385403
0.011195553
0.02131082
0.025386347
0.021460965
0.022165336
0.029583085
0.027914872
0.028754704
0.037790805
0.025124677
0.043418273
0.04643823
0.022474192
0.0366025
0.075104766
0.034854475
0.03733265
0.045182664
0.038914397
0.052897844
0.044015475
0.03789999
0.07809469
0.07448796
0.041268297
0.027055012
0.0522078
0.043493677
0.046809584
0.057325017
0.07304185
0.057934597
0.064082086
0.05494206
0.058542423
0.09719141
0.08838037
0.059039094
0.09161124
0.09790956
0.038151886
0.10658001
0.070748255
0.07556935
0.076034576
0.11711053
0.0708809
0.1102625
0.061266802
0.0746545
0.067310005
0.16254227
0.10664916
0.118752606
0.12103088
0.13603742
0.11976747
0.12865296
0.11955195
0.097151
0.086394764
0.10942115
0.15759432
0.17153473
0.088322885
0.07881064
0.10560193
0.07321074
0.12894031
0.1515726
0.1252609
0.0872016
0.12170434
0.15743953
0.06511409
0.092091024
0.14641766
0.122083
0.15871178
0.11035726
0.18817267
0.1356162
0.15686053
0.09942135
0.13061915
0.13855863
0.13374603
0.16122887
0.1397175
0.1705929
0.11509579
0.12322991
0.09801791
0.115986146
0.11405841
0.108154885
0.21717136
0.16900218
0.13899742
0.09310855
0.14497952
0.0807198
0.1020792
0.16297849
0.12434065
0.10506942
0.12273513
0.055617698
0.04402941
0.046218015
0.032616064
0.010693583
0.018038949
0.013354318
0.019381292
0.016868543
0.029962093
0.012717179
0.024829116
0.011398163
0.015268068
0.023759702
0.016701087
0.027117202
0.029256811
0.022442002
0.01719542
0.026229026
0.028376846
0.012177558
0.011027374
0.020549187
0.020199873
0.011339493
0.014178342
0.03261889
0.022881983
0.016370742
0.01714408
0.016515182
0.020873372
0.008127137
0.005385197
0.013616261
0.014529081
0.014283018
0.024015622
0.019389864
0.043247562
0.033083115
0.02543938
0.042952545
0.0126946205
0.020052502
0.01351323
0.016321046
0.02602878
0.022937872
0.0301084
0.033122305
0.041817695
0.011523434
0.034557063
0.031424135
0.04368537
0.02926541
0.022211304
0.038799256
0.045649976
0.012177326
0.036897708
0.019639103
0.037366312
0.07165539
0.043207817
0.03868301
0.04098988
0.032898344
0.036472213
0.011501758
0.016651886
0.026716672
0.044668894
0.033342756
0.026712054
0.022310903
0.004986484
0.028970962
0.011011453
0.018174455
0.012029316
0.020704307
0.011712671
0.01720594
0.028028123
0.017370792
0.01834188
0.029344583
0.018621268
0.015090308
0.02545284
0.033980474
0.0790603
0.072062954
0.028787749
0.055001564
0.034999132
0.061808497
0.03149433
0.02653488
0.022501446
0.012669865
0.018105144
0.059876442
0.029440764
0.043789007
0.037110515
0.03387355
0.04145774
0.037197854
0.020083759
0.051823176
0.041411363
0.051265936
0.05312866
0.028695205
0.032394383
0.06176106
0.050099317
0.03256908
0.042432882
0.02122777
0.016685525
0.027988037
0.0193391
0.009688359
0.05373546
0.036770325
0.025896514
0.037695937
0.021847323
0.020819329
0.01932316
0.013471921
0.035067406
0.02740587
0.017014883
0.011114951
0.025833204
0.029965913
0.03298865
0.009203548
0.044202045
0.019740345
0.03066915
0.02455094
0.029836435
0.02689103
0.021103073
0.05415153
0.037615515
0.049732335
0.03347182
0.035668887
0.04839626
0.031391226
0.029502941
0.033317268
0.02304779
0.031225419
0.050205562
0.039442465
0.054203246
0.017326131
0.028846223
0.01146239
0.032397963
0.026925372
0.008772256
0.014412243
0.022977214
0.030585999
0.012163282
0.020092582
0.020832738
0.03780168
0.03349511
0.028596217
0.027119562
0.043903053
0.04351611
0.023893109
0.02363533
0.04480943
0.03159748
0.028917108
0.02365888
0.027258039
0.01940401
0.013830669
0.013401271
0.015988939
0.03346359
0.043844018
0.021875113
0.032095317
0.025194412
0.013945079
0.05495769
0.017970566
0.02127706
0.01872239
0.029568052
0.024809912
0.027340615
0.01650466
0.017347226
0.025253478
0.023354542
0.057462722
0.011401004
0.047308955
0.05310135
0.024928797
0.028654138
0.018187916
0.016804356
0.02171368
0.03757822
0.024125075
0.0218484
0.004198147
0.012580506
0.023603044
0.021704154
0.015839502
0.023608
0.012425408
0.021400187
0.01711949
0.01153803
0.023239132
0.033983435
0.02349382
0.009435171
0.045460466
0.009221115
0.02386734
0.025340084
0.01878895
0.0057776086
0.025031848
0.044493977
0.026043393
0.014009391
0.018454028
0.037777737
0.030487964
0.021855606
0.015588715
0.0066682827
0.013448837
0.017706815
0.025998967
0.019257981
0.013972259
0.013101725
0.015492872
0.040540397
0.029809302
0.035216067
0.013604337
0.012639969
0.03152551
0.04141273
0.027104609
0.05723755
0.02305418
0.030107291
0.025785737
0.019633723
0.029327493
0.020267297
0.029783675
0.02786332
0.049097277
0.03554526
0.024052983
0.03534432
0.039953403
0.032249313
0.027675934
0.02244056
0.03424543
0.041204967
0.052330393
0.01953314
0.017968906
0.04666437
0.015746525
0.027046809
0.0365071
0.034564693
0.025944613
0.042087168
0.07035731
0.030664029
0.028830515
0.031292237
0.031413533
0.05185335
0.053756256
0.04593841
0.05638704
0.021518921
0.04665583
0.10410615
0.05438356
0.044050187
0.02402209
0.03507177
0.039676957
0.03410712
0.047736827
0.022506626
0.039941695
0.057484545
0.025997212
0.015075802
0.02905315
0.037973754
0.050357793
0.025118494
0.020800203
0.043670435
0.04091765
0.04745829
0.055706162
0.02735514
0.048101217
0.05249601
0.038672823
0.036458645
0.04215661
0.029683135
0.025477992
0.034863424
0.042115014
0.016882863
0.682926
0.798495
0.94324875
1.0
0.7220451
0.8956039
0.05587681
0.05841241
0.056489646
0.043117147
0.058381263
0.05264787
0.023648914
0.02037988
0.052929483
0.041092973
0.021335863
0.037283458
0.02588209
0.06216325
0.031582076
0.049575295
0.036244933
0.035627063
0.020860853
0.025299339
0.0071657696
0.023049247
0.03796107
0.033367142
0.041609287
0.02828329
0.030357676
0.048326444
0.03890631
0.020258114
0.0134895025
0.028171346
0.035699755
0.04556468
0.03889369
0.024556795
0.020888364
0.014557326
0.0293735
0.04763703
0.022456469
0.027390804
0.017950654
0.017847996
0.01705912
0.030395752
0.020600567
0.008408003
0.024177723
0.02344057
0.018802183
0.012640349
0.0065359347
0.009343237
0.027098643
0.026584657
0.035165865
0.01533972
0.006889478
0.01686412
0.02332559
0.016522408
0.009538552
0.051517386
0.032862097
0.006391408
0.007433142
0.022428071
0.012932621
0.017360365
0.030725004
0.017220492
0.013921452
0.018164556
0.044495296
0.032398555
0.01968415
0.010512045
0.01107324
0.008237209
0.022722855
0.006570005
0.009408705
0.0072090314
0.016331725
0.021107119
0.008147787
0.019825844
0.017609268
0.020114623
0.0043104063
0.016024245
0.021718577
0.0279459
0.020374615
0.017956886
0.021249134
0.0097509725
0.010102669
0.010400922
0.014469763
0.02594367
0.025161711
0.021351526
0.010347103
0.024553519
0.032817114
0.012893445
0.051805798
0.037882023
0.030499531
0.016051862
0.016286494
0.01878679
0.03179363
0.053858217
0.02759753
0.05472062
0.037158493
0.043680497
0.016966563
0.004801249
0.010518165
0.018114034
0.030965237
0.013691219
0.028461074
0.02857506
0.015021245
0.017020458
0.020594068
0.018971575
0.013618113
0.020917274
0.0326408
0.009476988
0.036334936
0.038235597
0.030687137
0.03283858
0.044044223
0.050555542
0.03868381
0.0819943
0.07931287
0.048372123
0.038823076
0.05282898
0.062225804
0.060132083
0.065763585
0.055926915
0.053382315
0.07290258
0.06091179
0.052615106
0.07654895
0.043186236
0.105685785
0.044830468
0.06511881
0.055638038
0.029839471
0.022920901
0.029569006
0.046728082
0.063796006
0.047649402
0.024894258
0.044707607
0.026464721
0.027619375
0.056694422
0.034710858
0.017110279
0.023459641
0.02278819
0.026036132
0.01649508
0.011499672
0.029095886
0.024532344
0.008902647
0.03917686
0.016493822
0.013853685
0.023995603
0.013370146
0.0118998345
0.01731093
0.014269284
0.013577546
0.013627185
0.010985457
0.030080512
0.017520629
0.03694416
0.009457326
0.0123679135
0.0365812
0.019978551
0.053725127
0.04184911
0.019964624
0.014757327
0.05247187
0.019818164
0.04261955
0.037014607
0.019845901
0.022202602
0.016863778
0.02187547
0.027659962
0.039806385
0.017014075
0.01480434
0.010586951
0.035353754
0.017194461
0.039409354
0.014399159
0.02872175
0.020734552
0.02936305
0.044478126
0.042813428
0.050577346
0.01608386
0.054813057
0.024596276
0.041457757
0.025299637
0.03041214
0.01226969
0.024539389
0.02023833
0.044857144
0.03820618
0.026261121
0.009650781
0.033342138
0.012218709
0.017502686
0.014286109
0.47240627
0.5259712
0.39619744
0.30929595
0.44519404
0.37813523
0.42006433
0.4262537
0.014263319
0.021579375
0.04366234
0.013801881
0.019861598
0.015195514
0.008176883
0.0132530015
0.01839423
0.017335
0.014044167
0.017103618
0.02755736
0.03960561
0.01126852
0.034441486
0.036215376
0.009706556
0.005998317
0.012882828
0.007928586
0.0070456318
0.019128492
0.040600944
0.010874445
0.019512907
0.012683144
0.034646787
0.036979306
0.015475131
0.019822765
0.029125717
0.02464995
0.022330614
0.020907106
0.008254653
0.029393159
0.023108887
0.0131035745
0.035541724
0.020261306
0.033476215
0.01753938
0.034006424
0.03186793
0.013602188
0.018222386
0.016264368
0.029334681
0.028938826
0.05495684
0.020567384
0.020152895
0.028771909
0.03785838
0.019825213
0.057108272
0.015947388
0.024037253
0.028481074
0.02962241
0.025664423
0.014575497
0.034938097
0.013447082
0.012837152
0.012845569
0.019551525
0.025618676
0.03265334
0.013219732
0.029639406
0.024073467
0.01239596
0.016213903
0.023470862
0.007127386
0.009327623
0.0070819086
0.018717492
0.015276239
0.009916431
0.012274207
0.02678562
0.0065044565
0.009412862
0.022909189
0.030499844
0.016173204
0.033764873
0.044914894
0.028833883
0.0323134
0.024766747
0.02350436
0.020562356
0.03269212
0.036400203
0.033360135
0.029992186
0.023757756
0.027837472
0.028703466
0.04802168
0.058946185
0.033065714
0.032770306
0.027405635
0.018096365
0.04927368
0.020832727
0.02575617
0.031551387
0.01644226
0.04652998
0.033690494
0.041780725
0.0353397
0.039556738
0.022541117
0.028674457
0.024631094
0.023559662
0.009190939
0.018413298
0.033787902
0.03432547
0.03939839
0.046164386
0.067194894
0.04081201
0.043582816
0.043863565
0.028374402
0.06682073
0.05123363
0.031150995
0.029634709
0.050156206
0.023597185
0.024096742
0.035044517
0.047579914
0.019546362
0.022074543
0.054256745
0.02717852
0.02917698
0.043474328
0.0862327
0.042665757
0.06125326
0.088728845
0.10545696
0.1096146
0.08101093
0.100738265
0.15087187
0.13078997
0.121787794
0.15673883
0.097179405
0.062423885
0.11075609
0.05529819
0.0716712
0.058308955
0.11680851
0.0942984
0.03936334
0.051622678
0.091470525
0.032682773
0.09874297
0.0935834
0.0544862
0.073400065
0.085853666
0.07524366
0.09992961
0.112599455
0.08806086
0.11041606
0.0728377
0.07190221
0.13127764
0.11872981
0.09811956
0.1324404
0.086732596
0.07933985
0.09340343
0.10703244
0.11476892
0.10419412
0.10137737
0.094352685
0.10120645
0.071715236
0.11050462
0.033848476
0.07092236
0.08411019
0.101014964
0.064450525
0.12028675
0.053640015
0.050380558
0.060829446
0.08778908
0.055638436
0.063023105
0.08693069
0.05765113
0.04373433
0.044317264
0.09141385
0.041770577
0.048715677
0.049701706
0.053265244
0.054827984
0.02574191
0.017421788
0.021700565
0.011573455
0.016368859
0.023812238
0.033688117
0.014658891
0.014493085
0.010246256
0.018705832
0.016204279
0.028560149
0.01562816
0.04500366
0.015041715
0.03813367
0.02484368
0.032090586
0.040952094
0.030880095
0.023214914
0.01322373
0.020688271
0.04429548
0.028595176
0.022939183
0.032960735
0.025678964
0.04974065
0.02814086
0.03406903
0.042234935
0.052959815
0.026992548
0.038033023
0.039332815
0.03830565
0.024539525
0.029195035
0.025753183
0.032526232
0.028159562
0.03901574
0.017030576
0.017198369
0.014265737
0.022418102
0.031821314
0.02294621
0.023581745
0.02365253
0.021443155
0.039776143
0.033600103
0.026811168
0.023405567
0.03678581
0.027237045
0.02375043
0.022124883
0.038643524
0.023471022
0.030223474
0.030594667
0.034056686
0.035840254
0.050850213
0.023361173
0.0208735
0.03301784
0.035106353
0.032350276
0.03828447
0.039763734
0.0414433
0.021896526
0.06121943
0.042245083
0.06737438
0.030079165
0.023694389
0.041152976
0.024735127
0.05741947
0.08171439
0.08514341
0.068246305
0.06919062
0.031450532
0.064970054
0.036845054
0.057488803
0.035523407
0.0348871
0.024392584
0.024387304
0.049996614
0.050459072
0.051034696
0.04515446
0.05009916
0.07036916
0.058482695
0.03242516
0.05086065
0.060516234
0.04727527
0.029559044
0.019317634
0.046508547
0.026010871
0.017066738
0.04534781
0.044814546
0.038385507
0.033642367
0.017968122
0.017821684
0.03034809
0.021845538
0.03660323
0.0409487
0.015886309
0.03194731
0.0359436
0.022704197
0.015758136
0.03496494
0.02383486
0.041923814
0.024925694
0.020843143
0.015732925
0.022401989
0.017263947
0.024214044
0.024856912
0.011111743
0.012777361
0.008056059
0.026805323
0.029748267
0.039351687
0.052050192
0.020847335
0.03985175
0.037452906
0.041213848
0.027010255
0.02723236
0.016039146
0.017225381
0.013076432
0.016214348
0.02187972
0.013192633
0.016144799
0.026564661
0.0125156045
0.01205962
0.030101633
0.013327405
0.008671718
0.021163693
0.008152037
0.021090366
0.027915945
0.03380123
0.0134234
0.01672023
0.04696224
0.01477011
0.006122419
0.010235382
0.01372921
0.027473265
0.017144049
0.023766745
0.026446698
0.020940715
0.042823553
0.028464248
0.028267315
0.05162757
0.027881207
0.04188588
0.03070016
0.011945478
0.015814843
0.027542293
0.020070586
0.030205049
0.044661954
0.028646816
0.019992458
0.03787211
0.007907577
0.017498257
0.015605402
0.042322017
0.039443158
0.019074678
0.02578016
0.026331991
0.040588725
0.024026047
0.068400435
0.04809642
0.04014501
0.046446595
0.04204002
0.074703574
0.020349864
0.03475213
0.027716363
0.03087124
0.018470677
0.017412253
0.014657485
0.031774674
0.020825312
0.03252853
0.040009025
0.035711505
0.039198995
0.041051492
0.02917763
0.055607818
0.07345901
0.05916527
0.0483272
0.041815676
0.0408706
0.02497498
0.029941954
0.051941432
0.041364644
0.060978595
0.046959322
0.056905147
0.068921246
0.06876433
0.10555167
0.07093614
0.088247135
0.12263693
0.08566722
0.07889359
0.09348561
0.07196679
0.05367087
0.037944984
0.055956386
0.062219635
0.048768606
0.051877815
0.054233517
0.06087186
0.03754789
0.054414816
0.039053056
0.05537571
0.049833216
0.09675801
0.04502481
0.052865624
0.026592404
0.05791741
0.037994523
0.051867
0.04367852
0.043280236
0.037344728
0.05051134
0.058143444
0.042320296
0.06794052
0.04614804
0.040568806
0.07797982
0.052517742
0.06603341
0.08187951
0.077218555
0.07956084
0.09611334
0.085378595
0.0835772
0.114122435
0.116147585
0.09229875
0.08616404
0.046455275
0.04104299
0.049084872
0.050772175
0.06235812
0.0682026
0.0766764
0.07763477
0.050144263
0.06365919
0.08965049
0.0519444
0.08157976
0.068931036
0.036297143
0.04155659
0.033563808
0.056999903
0.04651541
0.048617393
0.027891766
0.050255585
0.029148169
0.06549232
0.050297976
0.04652994
0.032948993
0.03801485
0.0327103
0.04626817
0.035704922
0.03173547
0.0620317
0.04146708
0.038290743
0.068475425
0.03043087
0.06430825
0.06038285
0.038945332
0.0579439
0.050929468
0.04820221
0.06078707
0.03556757
0.028058995
0.07310546
0.06184481
0.058798943
0.049474735
0.06939615
0.066675566
0.019643636
0.03603536
0.04669695
0.038441934
0.059722822
0.057987295
0.06484958
0.08547985
0.06547782
0.05723584
0.05902108
0.07333457
0.063363865
0.07308623
0.089821994
0.08431181
0.0914007
0.11777227
0.060077343
0.10095585
0.06218206
0.0846978
0.11560756
0.060966957
0.05399504
0.05871292
0.07541088
0.06479424
0.052795485
0.07676425
0.05988178
0.07897927
0.035636842
0.044906333
0.057125814
0.039873946
0.023411335
0.014328519
0.02799177
0.01669973
0.028187992
0.011276162
0.0151928
0.02103044
0.02927416
0.009822578
0.01694656
0.011396756
0.023340452
0.010604047
0.023274507
0.019160463
0.03737775
0.013787027
0.008515299
0.028429227
0.0104969535
0.021162786
0.013759167
0.02193805
0.033149842
0.026358396
0.022221109
0.041513503
0.058099642
0.0162438
0.027950253
0.029745298
0.05148636
0.050205022
0.04225976
0.03975277
0.020923669
0.05257146
0.019602073
0.026032286
0.04895359
0.040261548
0.051602308
0.043801945
0.047605872
0.05641802
0.04662563
0.036987577
0.017898219
0.015244792
0.021608148
0.020417465
0.024518523
0.0160079
0.024488589
0.014317627
0.032030754
0.01619648
0.036793742
0.04563321
0.02796648
0.03637991
0.026626034
0.054760095
0.036805835
0.03377513
0.052097403
0.033889275
0.025622262
0.052364714
0.02664802
0.03681135
0.04251495
0.026033632
0.027485542
0.021956401
0.03233761
0.030111596
0.04195577
0.056598704
0.040072016
0.03702989
0.03574958
0.051162887
0.031203737
0.024300845
0.052225057
0.038066827
0.01809819
0.06331347
0.02210936
0.03133462
0.03216941
0.035639603
0.042045426
0.021081828
0.023951871
0.02064881
0.035058197
0.027556432
0.037068002
0.032666862
0.0326487
0.03848647
0.015190412
0.0541343
0.027044574
0.037723906
0.059191834
0.013260649
0.024529647
0.050145242
0.036988158
0.056830976
0.05358058
0.010318248
0.027228411
0.02573543
0.018077657
0.026164029
0.027071971
0.025437964
0.021604965
0.024244389
0.01898397
0.025698397
0.026107883
0.007942761
0.004118832
0.011064942
0.012232729
0.0124648465
0.0072079576
0.03214336
0.0090107415
0.03377462
0.0093582785
0.013528389
0.037187617
0.017592726
0.02443638
0.0060088336
0.03571666
0.020775871
0.00849695
0.015255357
0.010471259
0.039944347
0.02684797
0.03014499
0.05277515
0.022416754
0.025155425
0.014949967
0.02819916
0.012214109
0.02963806
0.010866343
0.029175187
0.024366595
0.010114845
0.009062051
0.014610558
0.02021802
0.028688958
0.022699043
0.022060284
0.021433534
0.025740733
0.027249869
0.020388704
0.008054131
0.013445559
0.011040422
0.015581979
0.026819272
0.032820493
0.023208579
0.0336542
0.011856789
0.017985407
0.03929213
0.054174468
0.06834988
0.068541795
0.04091182
0.053094283
0.032157432
0.02265423
0.022287715
0.01748472
0.040733583
0.014142251
0.028963886
0.017906696
0.06380281
0.041436896
0.044941425
0.039372835
0.01714154
0.059649
0.034177706
0.031321038
0.05211689
0.024279386
0.024438959
0.06771276
0.023465598
0.017132597
0.017206883
0.016531466
0.01752511
0.035886027
0.048112094
0.033505276
0.038446587
0.05307523
0.11446314
0.116610385
0.13625583
0.09676303
0.100315936
0.08113238
0.05156311
0.050875112
0.0635585
0.038881533
0.04653618
0.05122862
0.040769875
0.040992048
0.032129645
0.043375842
0.057163317
0.076319896
0.08339477
0.06475004
0.042745024
0.055949464
0.04480231
0.026374988
0.034579992
0.027075551
0.013962099
0.019755322
0.039675094
0.012255894
0.018887168
0.028132778
0.035174523
0.017609878
0.029963816
0.022235086
0.06464256
0.037102297
0.016614206
0.015614486
0.019010158
0.052336
0.03637151
0.04184859
0.025740072
0.021421656
0.018517295
0.027024362
0.03613578
0.021403598
0.016701076
0.029724468
0.025344491
0.026612291
0.028695673
0.014923672
0.03530581
0.015927635
0.020499462
0.029734729
0.02503804
0.027839523
0.027872305
0.046355065
0.07180709
0.0777729
0.034313243
0.0432458
0.033296786
0.014867374
0.037239287
0.02754366
0.03125462
0.06312263
0.03492823
0.019321337
0.049350843
0.03341511
0.046500787
0.040772866
0.03710902
0.042450488
0.037507787
0.035674624
0.050503075
0.036609963
0.0623229
0.065049365
0.07218756
0.035994
0.07877479
0.066867664
0.06263292
0.08428726
0.08033824
0.051340982
0.071660586
0.050014894
0.108380996
0.10821117
0.08028666
0.1475556
0.1205604
0.12497291
0.07006727
0.09295624
0.08992733
0.10612518
0.07091671
0.1000174
0.060987346
0.101827495
0.11702764
0.060529377
0.10405361
0.07043085
0.048248377
0.04472335
0.06798748
0.03558199
0.056788415
0.07503185
0.060862485
0.049423296
0.026601175
0.043215625
0.04671724
0.048075307
0.09078219
0.046471268
0.08823224
0.063653335
0.074605234
0.048946027
0.1082943
0.11335056
0.12815174
0.086751565
0.09377698
0.05706735
0.057228286
0.07542015
0.03818677
0.07865765
0.051998567
0.035301585
0.060288485
0.074279144
0.041619547
0.031738747
0.07364436
0.035584345
0.04334288
0.04138835
0.041094065
0.032019947
0.03255173
0.052655082
0.0609717
0.06273388
0.033608306
0.019075347
0.021296008
0.04536405
0.014522868
0.024991915
0.017642481
0.040764783
0.03894354
0.035347354
0.03242105
0.026484326
0.035681747
0.019708065
0.018715387
0.028840475
0.027804816
0.026812714
0.019585555
0.03214444
0.023916239
0.03065115
0.03608305
0.03238776
0.02885654
0.018516667
0.023549723
0.028414141
0.022677917
0.013330821
0.02588103
0.034159504
0.020069879
0.01699345
0.022867221
0.046978127
0.022988435
0.013591471
0.031465024
0.058092646
0.017082699
0.022956258
0.039277278
0.023126101
0.032659244
0.022670245
0.009379394
0.012780564
0.03226964
0.016216692
0.026800994
0.005812197
0.011315382
0.010905247
0.016594581
0.021923983
0.0236336
0.0348171
0.038205624
0.03534457
0.030775962
0.030104607
0.020125836
0.011666072
0.010565208
0.019212589
0.009444984
0.022603188
0.020800142
0.036359437
0.026641365
0.0259105
0.029428538
0.017236777
0.02969717
0.019624501
0.0075791855
0.04959058
0.01627552
0.025955819
0.015019202
0.024044098
0.025443515
0.016931558
0.015766554
0.020501023
0.011968262
0.012220453
0.022394711
0.023195371
0.014314132
0.014130692
0.03273195
0.029116094
0.02260023
0.034498435
0.027024923
0.02651353
0.022435416
0.035743926
0.02685432
0.035188057
0.025896473
0.018455079
0.015471916
0.017494366
0.03213749
0.01800922
0.027305234
0.009618708
0.020827213
0.01656273
0.023668554
0.00950474
0.012745951
0.028120933
0.017899437
0.04071177
0.013770725
0.024276275
0.02989163
0.020060487
0.015376299
0.028933749
0.016874807
0.015862823
0.033640716
0.02184464
0.011626847
0.020896425
0.044399306
0.037026465
0.021563835
0.042441204
0.06403983
0.04716467
0.029756775
0.034026276
0.012485332
0.017033225
0.017515631
0.0309747
0.03081791
0.049603872
0.03538614
0.017343407
0.044083856
0.042930726
0.028268866
0.047077075
0.030735007
0.02602838
0.04278828
0.020680688
0.033815794
0.013262877
0.026366312
0.04378615
0.019585693
0.021444622
0.029046997
0.026104447
0.010859752
0.01908614
0.024482178
0.025077563
0.017222462
0.011228705
0.010920511
0.016054502
0.008632517
0.023857612
0.019993896
0.020206535
0.043873817
0.020164182
0.019957582
0.016347075
0.041901603
0.014852048
0.007924404
0.043911804
0.016170382
0.0146818
0.028013479
0.02022876
0.024117325
0.03269389
0.033514593
0.027094403
0.0254418
0.022963122
0.011097923
0.027673146
0.01872298
0.029766336
0.03445924
0.02384544
0.020120947
0.015723031
0.034423716
0.02224765
0.017389003
0.028988173
0.023478499
0.067811094
0.026258623
0.01635492
0.013854406
0.037665017
0.028056238
0.02378015
0.016647162
0.029902922
0.044209912
0.03609028
0.013709179
0.018339375
0.013899797
0.015635315
0.0123383
0.040024184
0.016958594
0.028063579
0.05323132
0.035559308
0.041502167
0.02636827
0.030575534
0.03499017
0.023155771
0.04395187
0.033230133
0.065500736
0.08233049
0.028700162
0.082496844
0.033124037
0.037484787
0.04044648
0.05335587
0.03307569
0.050449103
0.019490018
0.061335687
0.041309595
0.049209442
0.05422999
0.028763864
0.03801517
0.031291507
0.033560183
0.04270761
0.057818625
0.04945404
0.031021541
0.039379813
0.041531384
0.041600667
0.021085901
0.035166077
0.01734876
0.041040193
0.04101775
0.026769396
0.047167342
0.0321804
0.02928398
0.05966056
0.028167814
0.024402821
0.045764655
0.053579193
0.05311904
0.07178846
0.048531238
0.04289736
0.032973986
0.028702505
0.031180462
0.01816793
0.024263445
0.019770352
0.030240562
0.039298084
0.013243357
0.019551838
0.022270804
0.022546357
0.03632921
0.026486052
0.025145916
0.046325214
0.030981751
0.07485694
0.044487484
0.024704548
0.032146677
0.052401293
0.05979136
0.06682108
0.041212432
0.05520069
0.05201864
0.02701869
0.011630919
0.006833809
0.032713655
0.02767636
0.016207647
0.014506891
0.027954288
0.03924831
0.02603475
0.025392758
0.039826576
0.02750329
0.04150878
0.04271187
